Serial_number: -1717986918 
Time Data_Count Cycle State Desired_force_(psi) Measured_force_(psi) Toe_sensor Heel_Sensor
1487875005083 0 0 0 30.000 -0.484 33219.32 74037.04
1487875005117 1 0 1 30.000 0.000 33325.62 74435.66
1487875005133 2 0 1 30.000 0.000 33219.32 74037.04
1487875005143 3 0 1 30.000 -0.484 33219.32 74435.66
1487875005154 4 0 1 30.000 0.000 33432.44 75244.29
1487875005170 5 0 1 30.000 0.000 33008.26 74838.06
1487875005188 6 0 1 30.000 -0.484 33325.62 74838.06
1487875005199 7 0 1 30.000 -0.484 33219.32 75244.29
1487875005208 8 0 1 30.000 0.000 33325.62 73250.93
1487875005219 9 0 1 30.000 -0.484 33219.32 74838.06
1487875005226 10 0 1 30.000 0.000 33325.62 74037.04
1487875005232 11 0 1 30.000 0.000 33432.44 74838.06
1487875005244 12 0 1 30.000 -0.484 33325.62 74435.66
1487875005253 13 0 1 30.000 -0.484 33432.44 74037.04
1487875005266 14 0 1 30.000 0.000 33113.54 74435.66
1487875005272 15 0 1 30.000 -0.484 33219.32 74838.06
1487875005280 16 0 1 30.000 0.000 33113.54 74435.66
1487875005289 17 0 1 30.000 -0.484 33219.32 74435.66
1487875005300 18 0 1 30.000 0.000 33219.32 74838.06
1487875005308 19 0 1 30.000 -0.484 33432.44 75244.29
1487875005316 20 0 1 30.000 0.000 33432.44 74435.66
1487875005325 21 0 1 30.000 -0.484 33325.62 74037.04
1487875005340 22 0 1 30.000 0.000 33432.44 73642.15
1487875005359 23 0 1 30.000 -0.484 33432.44 75244.29
1487875005364 24 0 1 30.000 0.000 33219.32 73642.15
1487875005368 25 0 1 30.000 0.000 33219.32 74838.06
1487875005372 26 0 1 30.000 -0.484 33432.44 74838.06
1487875005378 27 0 1 30.000 -0.484 33219.32 75244.29
1487875005384 28 0 1 30.000 -0.484 33325.62 74037.04
1487875005388 29 0 1 30.000 -0.484 33432.44 74838.06
1487875005400 30 0 1 30.000 -0.484 33325.62 74838.06
1487875005406 31 0 1 30.000 -0.484 33325.62 74838.06
1487875005410 32 0 1 30.000 -0.484 33325.62 74435.66
1487875005415 33 0 1 30.000 0.000 33113.54 74435.66
1487875005419 34 0 1 30.000 -0.484 33219.32 75244.29
1487875005425 35 0 1 30.000 -0.484 33325.62 74838.06
1487875005429 36 0 1 30.000 -0.484 33432.44 74838.06
1487875005443 37 0 1 30.000 -0.484 33008.26 74838.06
1487875005447 38 0 1 30.000 -0.484 33219.32 74838.06
1487875005458 39 0 1 30.000 -0.484 33219.32 74435.66
1487875005474 40 0 1 30.000 -0.484 33325.62 74037.04
1487875005480 41 0 1 30.000 0.000 33325.62 74037.04
1487875005487 42 0 1 30.000 -0.484 33432.44 75244.29
1487875005491 43 0 1 30.000 0.000 33325.62 75244.29
1487875005497 44 0 1 30.000 0.000 33325.62 74435.66
1487875005502 45 0 1 30.000 -0.484 33432.44 74838.06
1487875005507 46 0 1 30.000 0.000 33325.62 75244.29
1487875005511 47 0 1 30.000 -0.484 33325.62 74435.66
1487875005517 48 0 1 30.000 0.000 33113.54 74435.66
1487875005521 49 0 1 30.000 -0.484 33219.32 75244.29
1487875005539 50 0 1 30.000 0.000 33325.62 75244.29
1487875005544 51 0 1 30.000 -0.484 33113.54 74435.66
1487875005553 52 0 1 30.000 -0.484 33219.32 74838.06
1487875005563 53 0 1 30.000 0.000 33325.62 74037.04
1487875005569 54 0 1 30.000 0.000 33432.44 74838.06
1487875005580 55 0 1 30.000 -0.484 33219.32 74435.66
1487875005591 56 0 1 30.000 -0.484 33325.62 76068.46
1487875005595 57 0 1 30.000 -0.484 33219.32 74838.06
1487875005599 58 0 1 30.000 -0.484 33113.54 74838.06
1487875005605 59 0 1 30.000 -0.484 33325.62 75244.29
1487875005609 60 0 1 30.000 0.000 33325.62 74037.04
1487875005613 61 0 1 30.000 -0.484 33219.32 74435.66
1487875005617 62 0 1 30.000 0.000 33325.62 74838.06
1487875005626 63 0 1 30.000 0.000 33432.44 74838.06
1487875005633 64 0 1 30.000 -0.484 33113.54 74435.66
1487875005637 65 0 1 30.000 -0.484 33325.62 74838.06
1487875005641 66 0 1 30.000 -0.484 33325.62 74838.06
1487875005645 67 0 1 30.000 -0.484 33432.44 75244.29
1487875005649 68 0 1 30.000 0.000 33325.62 74435.66
1487875005655 69 0 1 30.000 0.000 33113.54 75244.29
1487875005659 70 0 1 30.000 0.000 33113.54 74435.66
1487875005663 71 0 1 30.000 -0.484 33219.32 74435.66
1487875005672 72 0 1 30.000 -0.484 33325.62 74838.06
1487875005679 73 0 1 30.000 -0.484 33325.62 74435.66
1487875005686 74 0 1 30.000 -0.484 33325.62 74838.06
1487875005690 75 0 1 30.000 -0.484 33219.32 75244.29
1487875005694 76 0 1 30.000 -0.484 33432.44 74838.06
1487875005698 77 0 1 30.000 -0.484 33325.62 74838.06
1487875005702 78 0 1 30.000 -0.484 33325.62 74435.66
1487875005705 79 0 1 30.000 -0.484 33325.62 75654.40
1487875005709 80 0 1 30.000 -0.484 33219.32 74838.06
1487875005713 81 0 1 30.000 -0.484 33008.26 74037.04
1487875005720 82 0 1 30.000 0.000 33113.54 75244.29
1487875005724 83 0 1 30.000 -0.484 33432.44 74435.66
1487875005728 84 0 1 30.000 -0.484 33539.78 74838.06
1487875005739 85 0 1 30.000 -0.484 33219.32 74838.06
1487875005743 86 0 1 30.000 -0.484 33325.62 74037.04
1487875005747 87 0 1 30.000 -0.484 33113.54 74838.06
1487875005756 88 0 1 30.000 -0.484 33432.44 74435.66
1487875005760 89 0 1 30.000 -0.484 33219.32 74435.66
1487875005767 90 0 1 30.000 0.000 33219.32 73642.15
1487875005771 91 0 1 30.000 0.000 33432.44 75244.29
1487875005777 92 0 1 30.000 0.000 33325.62 74838.06
1487875005786 93 0 1 30.000 -0.484 33219.32 74838.06
1487875005790 94 0 1 30.000 0.000 33325.62 75244.29
1487875005796 95 0 1 30.000 -0.484 33432.44 74838.06
1487875005809 96 0 1 30.000 -0.484 33325.62 74037.04
1487875005816 97 0 1 30.000 -0.484 33113.54 74838.06
1487875005824 98 0 1 30.000 -0.484 33325.62 75244.29
1487875005829 99 0 1 30.000 -0.484 33113.54 74037.04
1487875005835 100 0 1 30.000 -0.484 33219.32 74838.06
1487875005839 101 0 1 30.000 0.000 33325.62 74037.04
1487875005846 102 0 1 30.000 0.000 33219.32 74838.06
1487875005856 103 0 1 30.000 -0.484 33432.44 75244.29
1487875005863 104 0 1 30.000 0.000 33219.32 74435.66
1487875005872 105 0 1 30.000 -0.484 33219.32 75244.29
1487875005878 106 0 1 30.000 -0.484 33325.62 74838.06
1487875005882 107 0 1 30.000 0.000 33219.32 74435.66
1487875005893 108 0 1 30.000 -0.484 33325.62 75654.40
1487875005898 109 0 1 30.000 0.000 33219.32 73642.15
1487875005903 110 0 1 30.000 0.000 33219.32 74838.06
1487875005907 111 0 1 30.000 -0.484 33325.62 75244.29
1487875005911 112 0 1 30.000 -0.484 33325.62 74435.66
1487875005915 113 0 1 30.000 0.000 33219.32 74838.06
1487875005919 114 0 1 30.000 -0.484 33325.62 74838.06
1487875005931 115 0 1 30.000 0.000 33325.62 74838.06
1487875005940 116 0 1 30.000 -0.484 33432.44 74838.06
1487875005947 117 0 1 30.000 -0.484 33219.32 74435.66
1487875005951 118 0 1 30.000 0.000 33647.65 75654.40
1487875005965 119 0 1 30.000 -0.484 33113.54 74435.66
1487875005970 120 0 1 30.000 -0.484 33219.32 75244.29
1487875005975 121 0 1 30.000 -0.484 33325.62 75244.29
1487875005979 122 0 1 30.000 -0.484 33432.44 74435.66
1487875005985 123 0 1 30.000 -0.484 33219.32 74838.06
1487875005989 124 0 1 30.000 -0.484 33219.32 74838.06
1487875005994 125 0 1 30.000 -0.484 33325.62 74838.06
1487875005998 126 0 1 30.000 -0.484 33325.62 75244.29
1487875006004 127 0 1 30.000 0.000 33219.32 74838.06
1487875006008 128 0 1 30.000 -0.484 33432.44 74838.06
1487875006013 129 0 1 30.000 -0.484 33219.32 75244.29
1487875006018 130 0 1 30.000 0.000 33219.32 74838.06
1487875006024 131 0 1 30.000 -0.484 33325.62 74838.06
1487875006028 132 0 1 30.000 -0.484 33325.62 74838.06
1487875006032 133 0 1 30.000 0.000 33432.44 74037.04
1487875006044 134 0 1 30.000 -0.484 33325.62 74435.66
1487875006048 135 0 1 30.000 -0.484 33219.32 74037.04
1487875006052 136 0 1 30.000 0.000 33325.62 74838.06
1487875006056 137 0 1 30.000 0.000 33113.54 74838.06
1487875006060 138 0 1 30.000 -0.484 33219.32 74838.06
1487875006063 139 0 1 30.000 -0.484 33113.54 74037.04
1487875006068 140 0 1 30.000 0.000 33219.32 74838.06
1487875006074 141 0 1 30.000 0.000 33325.62 74435.66
1487875006079 142 0 1 30.000 -0.484 33325.62 75244.29
1487875006083 143 0 1 30.000 -0.484 33219.32 74037.04
1487875006086 144 0 1 30.000 0.000 33219.32 75244.29
1487875006090 145 0 1 30.000 0.000 33325.62 74838.06
1487875006101 146 0 1 30.000 0.000 33325.62 74435.66
1487875006107 147 0 2 30.000 -0.484 33325.62 74037.04
1487875006111 148 0 2 30.000 -0.484 33432.44 74435.66
1487875006116 149 0 2 30.000 -0.484 33219.32 74435.66
1487875006120 150 0 2 30.000 0.000 33219.32 74037.04
1487875006126 151 0 2 30.000 -0.484 33325.62 74838.06
1487875006130 152 0 2 30.000 0.000 33113.54 75244.29
1487875006136 153 0 2 30.000 -0.484 33325.62 75244.29
1487875006141 154 0 2 30.000 -0.484 33432.44 74435.66
1487875006146 155 0 2 30.000 -0.484 33219.32 74838.06
1487875006150 156 0 2 30.000 0.000 33219.32 74838.06
1487875006159 157 0 2 30.000 0.000 33113.54 74435.66
1487875006174 158 0 2 30.000 0.000 33325.62 75244.29
1487875006180 159 0 2 30.000 -0.484 33219.32 74435.66
1487875006193 160 0 2 30.000 -0.968 33325.62 74037.04
1487875006198 161 0 2 30.000 -0.968 33432.44 74435.66
1487875006207 162 0 2 30.000 -0.968 33539.78 76486.52
1487875006218 163 0 2 30.000 -0.484 34756.13 79982.26
1487875006224 164 0 2 30.000 -0.484 36405.00 87890.66
1487875006228 165 0 2 30.000 -0.968 38845.07 97963.73
1487875006232 166 0 2 30.000 -0.968 42471.18 137070.98
1487875006238 167 0 2 30.000 -0.968 52910.28 196426.55
1487875006242 168 0 2 30.000 -0.968 62700.73 275244.29
1487875006245 169 0 2 30.000 -0.484 75654.40 356876.94
1487875006249 170 0 2 30.000 -0.968 130155.00 632387.14
1487875006260 171 0 2 30.000 -0.484 150244.29 632387.14
1487875006264 172 0 2 30.000 -0.968 160958.57 709530.00
1487875006268 173 0 2 30.000 -0.484 175097.01 807711.82
1487875006272 174 0 2 30.000 -0.968 179003.68 846672.86
1487875006276 175 0 2 30.000 -0.968 185182.17 846672.86
1487875006280 176 0 2 30.000 -0.968 191777.19 936898.42
1487875006290 177 0 2 30.000 -0.484 203815.71 1048353.53
1487875006298 178 0 2 30.000 -0.968 214530.00 1048353.53
1487875006303 179 0 2 30.000 -0.484 232773.24 1048353.53
1487875006307 180 0 2 30.000 -0.484 229530.00 989530.00
1487875006319 181 0 2 30.000 -0.484 239530.00 1048353.53
1487875006324 182 0 2 30.000 -0.484 254235.88 989530.00
1487875006331 183 0 2 30.000 -0.968 250399.57 936898.42
1487875006337 184 0 2 30.000 -0.968 254235.88 1048353.53
1487875006341 185 0 2 30.000 -0.484 262257.27 1114530.00
1487875006347 186 0 2 30.000 -0.968 262257.27 1114530.00
1487875006351 187 0 2 30.000 -0.968 266453.08 1048353.53
1487875006358 188 0 2 30.000 -0.968 266453.08 1189530.00
1487875006366 189 0 2 30.000 -0.968 266453.08 1275244.29
1487875006377 190 0 2 30.000 -0.968 254235.88 1114530.00
1487875006385 191 0 2 30.000 -0.968 270780.00 1189530.00
1487875006394 192 0 2 30.000 -0.484 266453.08 1114530.00
1487875006400 193 0 2 30.000 -0.968 266453.08 1189530.00
1487875006411 194 0 2 30.000 -0.484 266453.08 1189530.00
1487875006419 195 0 2 30.000 -0.484 270780.00 1114530.00
1487875006426 196 0 2 30.000 -0.484 270780.00 1275244.29
1487875006430 197 0 2 30.000 -0.484 266453.08 1275244.29
1487875006444 198 0 2 30.000 -0.484 270780.00 1189530.00
1487875006451 199 0 2 30.000 -0.484 275244.29 1275244.29
1487875006457 200 0 2 30.000 -0.968 275244.29 1374145.38
1487875006464 201 0 2 30.000 -0.484 270780.00 1189530.00
1487875006468 202 0 2 30.000 -0.484 275244.29 1374145.38
1487875006479 203 0 2 30.000 -0.484 279852.58 1189530.00
1487875006483 204 0 2 30.000 -0.968 270780.00 1275244.29
1487875006494 205 0 2 30.000 -0.484 275244.29 1275244.29
1487875006498 206 0 2 30.000 -0.484 275244.29 1189530.00
1487875006502 207 0 2 30.000 -0.968 270780.00 1275244.29
1487875006506 208 0 2 30.000 -0.484 270780.00 1275244.29
1487875006509 209 0 2 30.000 -0.484 270780.00 1489530.00
1487875006513 210 0 2 30.000 -0.484 275244.29 1275244.29
1487875006517 211 0 2 30.000 -0.484 275244.29 1374145.38
1487875006528 212 0 2 30.000 -0.484 270780.00 1275244.29
1487875006532 213 0 2 30.000 -0.484 275244.29 1275244.29
1487875006536 214 0 2 30.000 -0.484 270780.00 1275244.29
1487875006547 215 0 2 30.000 -0.484 279852.58 1189530.00
1487875006551 216 0 2 30.000 -0.484 279852.58 1275244.29
1487875006556 217 0 2 30.000 -0.968 270780.00 1275244.29
1487875006560 218 0 2 30.000 -0.484 275244.29 1275244.29
1487875006565 219 0 2 30.000 -0.484 266453.08 1275244.29
1487875006568 220 0 2 30.000 -0.968 266453.08 1275244.29
1487875006572 221 0 2 30.000 -0.484 270780.00 1374145.38
1487875006576 222 0 2 30.000 -0.968 275244.29 1374145.38
1487875006580 223 0 2 30.000 -0.484 270780.00 1275244.29
1487875006584 224 0 2 30.000 -0.484 266453.08 1374145.38
1487875006595 225 0 2 30.000 -0.484 279852.58 1275244.29
1487875006599 226 0 2 30.000 -0.484 266453.08 1275244.29
1487875006603 227 0 2 30.000 -0.968 270780.00 1275244.29
1487875006614 228 0 2 30.000 -0.484 275244.29 1114530.00
1487875006618 229 0 2 30.000 -0.484 270780.00 1275244.29
1487875006622 230 0 2 30.000 -0.484 275244.29 1374145.38
1487875006627 231 0 2 30.000 -0.484 270780.00 1189530.00
1487875006631 232 0 2 30.000 -0.484 262257.27 1489530.00
1487875006635 233 0 2 30.000 -0.968 270780.00 1189530.00
1487875006638 234 0 2 30.000 -0.484 275244.29 1374145.38
1487875006642 235 0 2 30.000 -0.484 270780.00 1374145.38
1487875006646 236 0 2 30.000 -0.484 279852.58 1275244.29
1487875006650 237 0 2 30.000 -0.484 266453.08 1275244.29
1487875006654 238 0 2 30.000 -0.484 275244.29 1275244.29
1487875006665 239 0 2 30.000 -0.484 266453.08 1275244.29
1487875006669 240 0 2 30.000 -0.484 266453.08 1275244.29
1487875006673 241 0 2 30.000 -0.484 270780.00 1275244.29
1487875006677 242 0 2 30.000 -0.484 270780.00 1275244.29
1487875006688 243 0 2 30.000 -0.484 270780.00 1374145.38
1487875006692 244 0 2 30.000 -0.484 275244.29 1275244.29
1487875006696 245 0 2 30.000 -0.484 266453.08 1374145.38
1487875006701 246 0 2 30.000 -0.484 270780.00 1189530.00
1487875006704 247 0 2 30.000 -0.484 270780.00 1275244.29
1487875006708 248 0 2 30.000 -0.484 275244.29 1374145.38
1487875006712 249 0 2 30.000 -0.484 270780.00 1275244.29
1487875006716 250 0 2 30.000 -0.484 270780.00 1275244.29
1487875006720 251 0 2 30.000 -0.968 270780.00 1275244.29
1487875006724 252 0 2 30.000 -0.484 270780.00 1374145.38
1487875006734 253 0 2 30.000 -0.484 275244.29 1275244.29
1487875006738 254 0 2 30.000 -0.968 266453.08 1275244.29
1487875006742 255 0 2 30.000 -0.484 270780.00 1374145.38
1487875006746 256 0 2 30.000 -0.484 266453.08 1275244.29
1487875006757 257 0 2 30.000 -0.484 270780.00 1114530.00
1487875006761 258 0 2 30.000 -0.484 284611.97 1275244.29
1487875006772 259 0 2 30.000 -0.484 289530.00 1374145.38
1487875006776 260 0 2 30.000 -0.484 284611.97 1275244.29
1487875006780 261 0 2 30.000 -0.484 270780.00 1275244.29
1487875006784 262 0 2 30.000 -0.484 266453.08 1275244.29
1487875006787 263 0 2 30.000 -0.484 275244.29 1275244.29
1487875006791 264 0 2 30.000 -0.484 266453.08 1275244.29
1487875006799 265 0 2 30.000 -0.484 266453.08 1189530.00
1487875006806 266 0 2 30.000 -0.484 270780.00 1189530.00
1487875006810 267 0 2 30.000 -0.484 266453.08 1275244.29
1487875006826 268 0 2 30.000 -0.484 270780.00 1275244.29
1487875006833 269 0 2 30.000 -0.484 266453.08 1275244.29
1487875006836 270 0 2 30.000 -0.484 270780.00 1275244.29
1487875006840 271 0 2 30.000 -0.484 270780.00 1189530.00
1487875006853 272 0 2 30.000 -0.484 266453.08 1189530.00
1487875006858 273 0 2 30.000 -0.484 254235.88 1189530.00
1487875006864 274 0 2 30.000 -0.484 266453.08 1048353.53
1487875006869 275 0 2 30.000 -0.484 266453.08 1275244.29
1487875006875 276 0 2 30.000 -0.484 266453.08 1189530.00
1487875006887 277 0 2 30.000 -0.484 258186.72 1275244.29
1487875006894 278 0 2 30.000 -0.484 275244.29 1275244.29
1487875006899 279 0 2 30.000 -0.484 275244.29 1189530.00
1487875006911 280 0 2 30.000 -0.484 266453.08 1189530.00
1487875006919 281 0 2 30.000 -0.484 266453.08 1114530.00
1487875006925 282 0 2 30.000 -0.484 266453.08 1275244.29
1487875006937 283 0 2 30.000 -0.484 270780.00 1275244.29
1487875006941 284 0 2 30.000 -0.484 266453.08 1374145.38
1487875006945 285 0 2 30.000 -0.484 266453.08 1374145.38
1487875006955 286 0 2 30.000 -0.484 270780.00 1275244.29
1487875006960 287 0 2 30.000 -0.484 266453.08 1275244.29
1487875006966 288 0 2 30.000 -0.484 266453.08 1189530.00
1487875006971 289 0 2 30.000 -0.484 270780.00 1374145.38
1487875006975 290 0 2 30.000 -0.484 266453.08 1374145.38
1487875006979 291 0 2 30.000 -0.484 266453.08 1189530.00
1487875006983 292 0 2 30.000 -0.484 266453.08 1275244.29
1487875006993 293 0 2 30.000 -0.484 270780.00 1275244.29
1487875006998 294 0 2 30.000 -0.484 266453.08 1275244.29
1487875007002 295 0 2 30.000 -0.484 266453.08 1275244.29
1487875007006 296 0 2 30.000 -0.484 270780.00 1189530.00
1487875007009 297 0 2 30.000 -0.484 270780.00 1275244.29
1487875007014 298 0 2 30.000 -0.484 266453.08 1275244.29
1487875007025 299 0 2 30.000 -0.484 266453.08 1114530.00
1487875007029 300 0 2 30.000 -0.484 266453.08 1275244.29
1487875007033 301 0 2 30.000 -0.484 270780.00 1374145.38
1487875007043 302 0 2 30.000 -0.484 270780.00 1189530.00
1487875007048 303 0 2 30.000 -0.484 262257.27 1189530.00
1487875007058 304 0 2 30.000 -0.484 266453.08 1275244.29
1487875007063 305 0 2 30.000 -0.484 262257.27 1374145.38
1487875007067 306 0 2 30.000 -0.484 258186.72 1048353.53
1487875007071 307 0 2 30.000 -0.484 266453.08 1275244.29
1487875007074 308 0 2 30.000 -0.484 266453.08 1489530.00
1487875007078 309 0 2 30.000 -0.484 270780.00 1048353.53
1487875007082 310 0 2 30.000 -0.484 266453.08 1189530.00
1487875007093 311 0 2 30.000 -0.484 266453.08 1374145.38
1487875007097 312 0 2 30.000 -0.484 266453.08 1275244.29
1487875007101 313 0 2 30.000 -0.484 258186.72 1275244.29
1487875007109 314 1 2 30.000 -0.484 266453.08 1189530.00
1487875007117 315 1 1 30.000 -0.484 270780.00 1189530.00
1487875007128 316 1 1 30.000 -0.484 266453.08 1275244.29
1487875007132 317 1 1 30.000 -0.484 270780.00 1189530.00
1487875007136 318 1 1 30.000 -0.484 270780.00 1275244.29
1487875007140 319 1 1 30.000 -0.484 266453.08 1374145.38
1487875007143 320 1 1 30.000 -0.484 266453.08 1275244.29
1487875007147 321 1 1 30.000 -0.484 266453.08 1189530.00
1487875007151 322 1 1 30.000 -0.484 266453.08 1275244.29
1487875007162 323 1 1 30.000 -0.968 266453.08 1189530.00
1487875007166 324 1 1 30.000 -0.484 270780.00 1114530.00
1487875007170 325 1 1 30.000 -0.484 279852.58 1189530.00
1487875007180 326 1 1 30.000 -0.484 275244.29 1114530.00
1487875007185 327 1 1 30.000 -0.484 270780.00 1189530.00
1487875007189 328 1 1 30.000 -0.484 275244.29 1275244.29
1487875007194 329 1 1 30.000 -0.484 266453.08 1189530.00
1487875007198 330 1 1 30.000 -0.968 266453.08 1048353.53
1487875007201 331 1 1 30.000 -0.484 262257.27 1114530.00
1487875007205 332 1 1 30.000 -0.968 266453.08 1114530.00
1487875007209 333 1 1 30.000 -0.968 266453.08 1114530.00
1487875007213 334 1 1 30.000 -0.484 262257.27 1114530.00
1487875007217 335 1 1 30.000 -0.484 262257.27 1189530.00
1487875007228 336 1 1 30.000 0.000 270780.00 1048353.53
1487875007232 337 1 1 30.000 5.805 258186.72 1048353.53
1487875007236 338 1 1 30.000 8.224 258186.72 1114530.00
1487875007241 339 1 1 30.000 5.805 262257.27 1048353.53
1487875007245 340 1 1 30.000 2.419 270780.00 1048353.53
1487875007249 341 1 1 30.000 -0.968 262257.27 1114530.00
1487875007252 342 1 1 30.000 -0.484 270780.00 1275244.29
1487875007263 343 1 1 30.000 -0.968 254235.88 1114530.00
1487875007267 344 1 1 30.000 -0.484 254235.88 936898.42
1487875007271 345 1 1 30.000 -0.484 254235.88 1114530.00
1487875007277 346 1 1 30.000 -0.968 243051.13 1114530.00
1487875007281 347 1 1 30.000 -0.484 217378.10 1189530.00
1487875007285 348 1 1 30.000 -0.484 284611.97 1625893.64
1487875007296 349 1 1 30.000 -0.968 194075.45 989530.00
1487875007300 350 1 1 30.000 -0.484 119964.78 177030.00
1487875007304 351 1 1 30.000 -0.484 67790.87 48546.39
1487875007314 352 1 1 30.000 24.188 32184.03 41105.93
1487875007319 353 1 1 30.000 30.961 27424.74 36283.25
1487875007323 354 1 1 30.000 37.734 23049.55 31586.07
1487875007327 355 1 1 30.000 42.088 20038.47 27665.59
1487875007331 356 1 1 30.000 45.958 17393.78 24212.08
1487875007335 357 1 1 30.000 50.312 15317.97 21444.89
1487875007339 358 1 1 30.000 54.182 13594.17 19232.97
1487875007343 359 1 1 30.000 58.052 12401.66 17611.12
1487875007347 360 1 1 30.000 62.890 11588.82 16516.51
1487875007351 361 1 1 30.000 67.244 11035.38 15807.37
1487875007361 362 1 1 30.000 77.887 9868.98 13986.52
1487875007366 363 1 1 30.000 80.790 9441.50 13371.06
1487875007370 364 1 1 30.000 83.692 8968.44 12785.81
1487875007374 365 1 1 30.000 85.627 8477.37 11138.64
1487875007385 366 1 1 30.000 93.368 7916.11 10706.47
1487875007389 367 1 1 30.000 95.786 7804.11 10148.56
1487875007400 368 1 1 30.000 101.108 7530.00 9619.29
1487875007404 369 1 1 30.000 103.043 7369.44 9331.98
1487875007408 370 1 1 30.000 104.978 7211.73 9137.84
1487875007420 371 1 1 30.000 110.783 6837.69 8437.56
1487875007431 372 1 1 30.000 116.105 6624.02 7916.11
1487875007436 373 1 1 30.000 118.040 6527.17 8457.44
1487875007444 374 1 1 30.000 121.910 6336.72 7656.89
1487875007451 375 1 1 30.000 124.813 6196.67 7177.06
1487875007455 376 1 1 30.000 126.264 6150.50 7056.78
1487875007459 377 1 1 30.000 127.715 5968.36 6705.57
1487875007470 378 1 1 30.000 131.102 5923.44 6672.86
1487875007474 379 1 1 30.000 132.553 5893.64 6495.13
1487875007485 380 1 1 30.000 135.939 5760.84 6511.13
1487875007489 381 1 1 30.000 137.391 5731.62 6258.62
1487875007493 382 1 1 30.000 138.358 5687.99 6431.41
1487875007497 383 1 1 30.000 139.809 5644.59 12725.88
1487875007501 384 1 1 30.000 140.293 5630.18 9266.84
1487875007505 385 1 1 30.000 140.293 5630.18 9641.73
1487875007512 386 1 1 30.000 140.777 5530.00 8537.39
1487875007520 387 1 1 30.000 140.293 5530.00 8537.39
1487875007524 388 1 1 30.000 140.293 5530.00 8338.78
1487875007528 389 1 1 30.000 139.326 5487.45 8319.14
1487875007539 390 1 1 30.000 138.358 5487.45 8319.14
1487875007543 391 1 1 30.000 138.358 5487.45 8299.55
1487875007548 392 1 1 30.000 137.874 5431.06 8086.70
1487875007552 393 1 1 30.000 137.391 5445.12 8010.49
1487875007556 394 1 1 30.000 136.907 5431.06 7991.54
1487875007560 395 1 1 30.000 136.423 5431.06 8029.49
1487875007563 396 1 1 30.000 136.423 5389.03 8010.49
1487875007567 397 1 1 30.000 135.455 5375.07 8182.85
1487875007571 398 1 1 30.000 134.488 5347.22 7972.62
1487875007575 399 1 1 30.000 134.004 5389.03 8086.70
1487875007585 400 1 1 30.000 132.553 5333.34 7972.62
1487875007590 401 1 1 30.000 131.585 5347.22 7804.11
1487875007594 402 1 1 30.000 131.102 5347.22 7822.68
1487875007604 403 1 1 30.000 129.650 5305.64 7878.62
1487875007609 404 1 1 30.000 128.683 5319.47 7841.29
1487875007612 405 1 1 30.000 127.715 5305.64 7841.29
1487875007617 406 1 1 30.000 127.231 5291.82 7859.94
1487875007621 407 1 1 30.000 126.264 5291.82 7822.68
1487875007625 408 1 1 30.000 125.296 5291.82 7351.78
1487875007629 409 1 1 30.000 124.813 5291.82 7039.73
1487875007633 410 1 1 30.000 124.329 5291.82 6787.91
1487875007637 411 1 1 30.000 123.361 5278.03 6721.98
1487875007641 412 1 1 30.000 122.877 5278.03 6305.40
1487875007652 413 1 1 30.000 120.942 5278.03 6336.72
1487875007656 414 1 1 30.000 120.459 5278.03 6352.43
1487875007660 415 1 1 30.000 119.491 5264.27 6352.43
1487875007667 416 1 1 30.000 118.524 5291.82 6165.86
1487875007671 417 1 1 30.000 117.556 5278.03 6368.17
1487875007675 418 1 1 30.000 117.072 5305.64 6181.25
1487875007679 419 1 1 30.000 116.588 5319.47 6013.52
1487875007691 420 1 1 30.000 114.653 5319.47 5998.44
1487875007697 421 1 1 30.000 114.170 5278.03 6352.43
1487875007701 422 1 1 30.000 113.686 5291.82 6336.72
1487875007704 423 1 1 30.000 113.202 5305.64 6289.78
1487875007708 424 1 1 30.000 112.235 5305.64 6212.11
1487875007719 425 1 1 30.000 110.783 5291.82 6321.04
1487875007723 426 1 1 30.000 110.299 5291.82 6399.73
1487875007727 427 1 1 30.000 110.299 5319.47 6543.23
1487875007732 428 1 1 30.000 109.332 5305.64 6887.76
1487875007736 429 1 1 30.000 108.848 5333.34 9180.66
1487875007740 430 1 1 30.000 108.364 5347.22 8125.04
1487875007744 431 1 1 30.000 107.881 5333.34 8843.30
1487875007755 432 1 1 30.000 105.946 5375.07 7730.20
1487875007761 433 1 1 30.000 105.462 5389.03 7767.08
1487875007765 434 1 1 30.000 104.978 5333.34 7748.62
1487875007769 435 1 1 30.000 104.494 5375.07 7638.65
1487875007773 436 1 1 30.000 104.494 5389.03 7822.68
1487875007777 437 1 1 30.000 103.527 5389.03 9137.84
1487875007788 438 1 1 30.000 102.559 5403.02 9180.66
1487875007792 439 1 1 30.000 101.592 5403.02 8801.95
1487875007796 440 1 1 30.000 101.592 5417.03 8843.30
1487875007807 441 1 1 30.000 100.140 5431.06 7494.07
1487875007811 442 1 1 30.000 99.657 5417.03 7804.11
1487875007816 443 1 1 30.000 99.657 5403.02 8437.56
1487875007820 444 1 1 30.000 98.689 5431.06 8781.34
1487875007823 445 1 1 30.000 98.205 5431.06 8781.34
1487875007827 446 1 1 30.000 97.721 5445.12 9507.80
1487875007831 447 1 1 30.000 97.721 5445.12 8905.67
1487875007835 448 1 1 30.000 96.754 5445.12 9052.78
1487875007839 449 1 1 30.000 96.270 5473.31 8947.48
1487875007843 450 1 1 30.000 96.270 5459.20 8086.70
1487875007848 451 1 1 30.000 95.303 5473.31 7494.07
1487875007852 452 1 1 30.000 94.819 5487.45 7229.12
1487875007856 453 1 1 30.000 94.819 5487.45 7159.77
1487875007860 454 1 1 30.000 94.335 5487.45 7194.38
1487875007864 455 1 1 30.000 94.335 5487.45 7229.12
1487875007868 456 1 1 30.000 93.851 5487.45 7142.52
1487875007872 457 1 1 30.000 92.884 5501.61 7159.77
1487875007877 458 1 1 30.000 92.400 5515.79 7194.38
1487875007881 459 1 1 30.000 92.400 5515.79 7211.73
1487875007885 460 1 1 30.000 91.916 5530.00 7177.06
1487875007889 461 1 1 30.000 91.432 5572.78 7142.52
1487875007893 462 1 1 30.000 90.949 5544.23 7194.38
1487875007896 463 1 1 30.000 90.465 5544.23 7211.73
1487875007900 464 1 1 30.000 90.465 5558.50 7246.54
1487875007904 465 1 1 30.000 89.497 5572.78 7299.00
1487875007909 466 1 1 30.000 89.014 5572.78 7263.99
1487875007913 467 1 1 30.000 89.014 5587.09 7281.48
1487875007917 468 1 1 30.000 88.530 5587.09 7316.56
1487875007922 469 1 1 30.000 88.046 5587.09 7281.48
1487875007926 470 1 1 30.000 87.562 5630.18 7316.56
1487875007930 471 1 1 30.000 87.562 5615.79 7281.48
1487875007934 472 1 1 30.000 87.079 5630.18 7316.56
1487875007939 473 1 1 30.000 86.595 5630.18 7316.56
1487875007943 474 1 1 30.000 86.111 5644.59 7334.15
1487875007947 475 1 1 30.000 85.627 5673.50 7334.15
1487875007950 476 1 1 30.000 85.627 5659.03 7351.78
1487875007954 477 1 1 30.000 85.143 5687.99 7404.88
1487875007958 478 1 1 30.000 84.176 5673.50 7404.88
1487875007962 479 1 1 30.000 83.692 5702.51 7422.64
1487875007966 480 1 1 30.000 83.692 5702.51 7404.88
1487875007971 481 1 1 30.000 83.692 5717.05 7494.07
1487875007975 482 1 1 30.000 83.208 5717.05 7476.16
1487875007979 483 1 1 30.000 82.725 5731.62 7512.02
1487875007984 484 1 1 30.000 82.241 5746.22 7530.00
1487875007988 485 1 1 30.000 81.757 5746.22 7566.07
1487875007991 486 1 1 30.000 81.273 5760.84 7584.16
1487875007995 487 1 1 30.000 80.790 5775.49 7620.45
1487875008000 488 1 1 30.000 80.790 5790.16 7584.16
1487875008004 489 1 1 30.000 80.306 5790.16 7656.89
1487875008008 490 1 1 30.000 80.306 5819.59 7675.16
1487875008012 491 1 1 30.000 79.822 5804.86 7693.47
1487875008016 492 1 1 30.000 79.338 5819.59 7711.82
1487875008020 493 1 1 30.000 78.854 5834.35 7767.08
1487875008024 494 1 1 30.000 78.371 5819.59 7767.08
1487875008028 495 1 1 30.000 78.371 5804.86 7767.08
1487875008033 496 1 1 30.000 77.887 5849.13 7841.29
1487875008037 497 1 1 30.000 77.403 5849.13 7878.62
1487875008041 498 1 1 30.000 76.919 5908.53 7897.35
1487875008045 499 1 1 30.000 76.919 5849.13 7916.11
1487875008049 500 1 1 30.000 76.436 5878.77 7916.11
1487875008053 501 1 1 30.000 75.952 5908.53 7972.62
1487875008057 502 1 1 30.000 75.468 5908.53 7934.91
1487875008062 503 1 1 30.000 75.468 5923.44 7991.54
1487875008066 504 1 1 30.000 74.984 5923.44 7972.62
1487875008070 505 1 1 30.000 74.501 5953.36 7991.54
1487875008074 506 1 1 30.000 74.501 5953.36 8029.49
1487875008077 507 1 1 30.000 74.017 5968.36 8029.49
1487875008081 508 1 1 30.000 73.533 6013.52 8048.52
1487875008085 509 1 1 30.000 73.049 6028.63 8086.70
1487875008089 510 1 1 30.000 73.049 6058.93 8125.04
1487875008094 511 1 1 30.000 72.565 6058.93 8144.27
1487875008098 512 1 1 30.000 72.565 6074.12 8144.27
1487875008102 513 1 1 30.000 71.598 6104.59 8182.85
1487875008106 514 1 1 30.000 71.598 6119.86 8202.20
1487875008110 515 1 1 30.000 71.114 6135.17 8202.20
1487875008114 516 1 1 30.000 70.630 6150.50 8241.02
1487875008118 517 1 1 30.000 70.630 6150.50 8260.49
1487875008124 518 1 2 30.000 70.147 6150.50 8260.49
1487875008127 519 1 2 30.000 69.663 6181.25 8299.55
1487875008131 520 1 2 30.000 69.663 6181.25 8319.14
1487875008135 521 1 2 30.000 69.179 6196.67 8338.78
1487875008139 522 1 2 30.000 68.695 6243.09 8397.92
1487875008143 523 1 2 30.000 68.212 6212.11 8378.17
1487875008147 524 1 2 30.000 67.728 6243.09 8397.92
1487875008151 525 1 2 30.000 64.341 6321.04 8517.34
1487875008156 526 1 2 30.000 60.955 6479.15 8740.25
1487875008160 527 1 2 30.000 57.569 6721.98 9073.97
1487875008164 528 1 2 30.000 53.698 7108.12 9441.50
1487875008168 529 1 2 30.000 49.828 7440.45 9961.33
1487875008172 530 1 2 30.000 45.958 7785.58 10460.23
1487875008176 531 1 2 30.000 43.055 8163.54 11112.73
1487875008181 532 1 2 30.000 39.669 8740.25 11834.83
1487875008187 533 1 2 30.000 36.283 8989.46 12171.51
1487875008191 534 1 2 30.000 33.380 9095.22 12518.51
1487875008195 535 1 2 30.000 29.994 9397.55 12937.02
1487875008199 536 1 2 30.000 26.607 9732.02 13466.17
1487875008203 537 1 2 30.000 24.188 10124.97 14357.59
1487875008207 538 1 2 30.000 20.802 10781.48 15429.28
1487875008212 539 1 2 30.000 16.448 11945.94 17436.98
1487875008216 540 1 2 30.000 13.062 12906.62 19282.07
1487875008220 541 1 2 30.000 9.675 14086.62 21501.58
1487875008224 542 1 2 30.000 5.805 15654.82 24481.46
1487875008228 543 1 2 30.000 2.903 17137.36 27504.68
1487875008232 544 1 2 30.000 -0.484 18609.16 31293.34
1487875008236 545 1 2 30.000 -0.968 20618.08 35921.75
1487875008241 546 1 2 30.000 -0.968 25032.96 48161.92
1487875008247 547 1 2 30.000 -0.968 28660.43 62700.73
1487875008252 548 1 2 30.000 -0.484 34306.12 86304.19
1487875008256 549 1 2 30.000 -0.484 40958.57 126934.58
1487875008260 550 1 2 30.000 -0.484 48546.39 187332.20
1487875008264 551 1 2 30.000 -0.968 57711.82 262257.27
1487875008267 552 1 2 30.000 -0.968 69176.02 342471.18
1487875008272 553 1 2 30.000 -0.484 91224.92 463214.21
1487875008276 554 1 2 30.000 -0.968 108735.30 489530.00
1487875008280 555 1 2 30.000 -0.968 125893.64 570175.16
1487875008285 556 1 2 30.000 -0.968 140790.50 681837.69
1487875008289 557 1 2 30.000 -0.484 150244.29 656196.67
1487875008293 558 1 2 30.000 -0.484 159341.32 739530.00
1487875008297 559 1 2 30.000 -0.484 164287.28 807711.82
1487875008301 560 1 2 30.000 -0.968 183078.39 807711.82
1487875008305 561 1 2 30.000 -0.484 196426.55 889530.00
1487875008309 562 1 2 30.000 -0.968 198832.33 846672.86
1487875008313 563 1 2 30.000 -0.484 209042.20 846672.86
1487875008317 564 1 2 30.000 -0.484 211752.22 846672.86
1487875008321 565 1 2 30.000 -0.484 217378.10 846672.86
1487875008325 566 1 2 30.000 -0.968 232773.24 889530.00
1487875008328 567 1 2 30.000 -0.968 223296.23 846672.86
1487875008333 568 1 2 30.000 -0.484 229530.00 807711.82
1487875008337 569 1 2 30.000 -0.968 236105.34 889530.00
1487875008341 570 1 2 30.000 -0.484 236105.34 807711.82
1487875008346 571 1 2 30.000 -0.968 239530.00 739530.00
1487875008350 572 1 2 30.000 -0.484 236105.34 772138.70
1487875008354 573 1 2 30.000 -0.968 246672.86 709530.00
1487875008358 574 1 2 30.000 -0.484 250399.57 889530.00
1487875008362 575 1 2 30.000 -0.968 250399.57 936898.42
1487875008366 576 1 2 30.000 -0.968 246672.86 989530.00
1487875008370 577 1 2 30.000 -0.484 254235.88 846672.86
1487875008374 578 1 2 30.000 -0.484 266453.08 889530.00
1487875008388 579 1 2 30.000 -0.484 262257.27 1114530.00
1487875008400 580 1 2 30.000 -0.968 262257.27 1048353.53
1487875008407 581 1 2 30.000 -0.484 279852.58 1114530.00
1487875008417 582 1 2 30.000 -0.484 279852.58 1114530.00
1487875008424 583 1 2 30.000 -0.968 279852.58 989530.00
1487875008433 584 1 2 30.000 -0.484 279852.58 1048353.53
1487875008439 585 1 2 30.000 -0.484 299874.83 1114530.00
1487875008450 586 1 2 30.000 -0.484 289530.00 1114530.00
1487875008457 587 1 2 30.000 -0.484 284611.97 1189530.00
1487875008461 588 1 2 30.000 -0.968 299874.83 1048353.53
1487875008466 589 1 2 30.000 -0.484 299874.83 1114530.00
1487875008470 590 1 2 30.000 -0.484 316802.73 1114530.00
1487875008474 591 1 2 30.000 -0.484 305319.47 1114530.00
1487875008478 592 1 2 30.000 -0.484 310958.57 1048353.53
1487875008483 593 1 2 30.000 -0.484 322863.33 1114530.00
1487875008487 594 1 2 30.000 -0.484 310958.57 1189530.00
1487875008491 595 1 2 30.000 -0.484 316802.73 1189530.00
1487875008495 596 1 2 30.000 -0.484 316802.73 1275244.29
1487875008499 597 1 2 30.000 -0.484 310958.57 1189530.00
1487875008503 598 1 2 30.000 -0.484 316802.73 1189530.00
1487875008506 599 1 2 30.000 -0.484 322863.33 1189530.00
1487875008510 600 1 2 30.000 -0.484 322863.33 1189530.00
1487875008515 601 1 2 30.000 -0.484 316802.73 1275244.29
1487875008519 602 1 2 30.000 -0.968 305319.47 1275244.29
1487875008523 603 1 2 30.000 -0.484 322863.33 1275244.29
1487875008528 604 1 2 30.000 -0.484 316802.73 1275244.29
1487875008532 605 1 2 30.000 -0.484 322863.33 1275244.29
1487875008536 606 1 2 30.000 -0.484 316802.73 1275244.29
1487875008540 607 1 2 30.000 -0.484 322863.33 1374145.38
1487875008544 608 1 2 30.000 -0.484 322863.33 1189530.00
1487875008548 609 1 2 30.000 -0.484 316802.73 1189530.00
1487875008552 610 1 2 30.000 -0.484 316802.73 1275244.29
1487875008556 611 1 2 30.000 -0.968 322863.33 1275244.29
1487875008560 612 1 2 30.000 -0.484 322863.33 1275244.29
1487875008563 613 1 2 30.000 -0.484 322863.33 1374145.38
1487875008567 614 1 2 30.000 -0.484 310958.57 1275244.29
1487875008571 615 1 2 30.000 -0.484 322863.33 1374145.38
1487875008576 616 1 2 30.000 -0.484 322863.33 1275244.29
1487875008580 617 1 2 30.000 -0.484 316802.73 1275244.29
1487875008584 618 1 2 30.000 -0.484 310958.57 1374145.38
1487875008588 619 1 2 30.000 -0.484 322863.33 1489530.00
1487875008592 620 1 2 30.000 -0.484 305319.47 1625893.64
1487875008596 621 1 2 30.000 -0.968 310958.57 1275244.29
1487875008600 622 1 2 30.000 -0.484 322863.33 1114530.00
1487875008605 623 1 2 30.000 -0.484 322863.33 1489530.00
1487875008609 624 1 2 30.000 -0.484 316802.73 1489530.00
1487875008612 625 1 2 30.000 -0.484 310958.57 1374145.38
1487875008616 626 1 2 30.000 -0.484 305319.47 1275244.29
1487875008620 627 1 2 30.000 -0.484 329152.64 1374145.38
1487875008624 628 1 2 30.000 -0.968 322863.33 1489530.00
1487875008628 629 1 2 30.000 -0.484 316802.73 1275244.29
1487875008632 630 1 2 30.000 -0.484 316802.73 1275244.29
1487875008637 631 1 2 30.000 -0.484 322863.33 1374145.38
1487875008641 632 1 2 30.000 -0.484 316802.73 1374145.38
1487875008645 633 1 2 30.000 -0.484 316802.73 1275244.29
1487875008649 634 1 2 30.000 -0.484 322863.33 1374145.38
1487875008653 635 1 2 30.000 -0.484 310958.57 1489530.00
1487875008657 636 1 2 30.000 -0.484 322863.33 1489530.00
1487875008661 637 1 2 30.000 -0.484 316802.73 1489530.00
1487875008665 638 1 2 30.000 -0.484 310958.57 1489530.00
1487875008670 639 1 2 30.000 -0.484 310958.57 1625893.64
1487875008674 640 1 2 30.000 -0.484 322863.33 1489530.00
1487875008677 641 1 2 30.000 -0.484 310958.57 1625893.64
1487875008681 642 1 2 30.000 -0.484 310958.57 1275244.29
1487875008685 643 1 2 30.000 -0.484 310958.57 1489530.00
1487875008689 644 1 2 30.000 -0.484 310958.57 1625893.64
1487875008693 645 1 2 30.000 -0.484 316802.73 1625893.64
1487875008698 646 1 2 30.000 -0.484 299874.83 1625893.64
1487875008702 647 1 2 30.000 -0.484 310958.57 1625893.64
1487875008706 648 1 2 30.000 -0.484 305319.47 1625893.64
1487875008710 649 1 2 30.000 -0.484 310958.57 1275244.29
1487875008714 650 1 2 30.000 -0.484 310958.57 1489530.00
1487875008718 651 1 2 30.000 -0.968 305319.47 1489530.00
1487875008722 652 1 2 30.000 -0.484 316802.73 1625893.64
1487875008726 653 1 2 30.000 -0.484 310958.57 1625893.64
1487875008730 654 1 2 30.000 -0.484 305319.47 1625893.64
1487875008734 655 1 2 30.000 -0.484 305319.47 1489530.00
1487875008738 656 1 2 30.000 -0.484 305319.47 1625893.64
1487875008742 657 1 2 30.000 -0.484 294614.75 1625893.64
1487875008747 658 1 2 30.000 -0.484 299874.83 1275244.29
1487875008751 659 1 2 30.000 -0.484 305319.47 1625893.64
1487875008755 660 1 2 30.000 -0.484 305319.47 1789530.00
1487875008760 661 1 2 30.000 -0.484 316802.73 1489530.00
1487875008767 662 1 2 30.000 -0.484 305319.47 1625893.64
1487875008771 663 1 2 30.000 -0.484 310958.57 1625893.64
1487875008775 664 1 2 30.000 -0.484 305319.47 1489530.00
1487875008779 665 1 2 30.000 -0.484 294614.75 1625893.64
1487875008783 666 1 2 30.000 -0.968 289530.00 1625893.64
1487875008788 667 1 2 30.000 -0.484 310958.57 1625893.64
1487875008792 668 1 2 30.000 -0.484 305319.47 1789530.00
1487875008795 669 1 2 30.000 -0.484 299874.83 1625893.64
1487875008799 670 1 2 30.000 -0.968 305319.47 1625893.64
1487875008803 671 1 2 30.000 -0.484 305319.47 1789530.00
1487875008807 672 1 2 30.000 -0.484 299874.83 1789530.00
1487875008811 673 1 2 30.000 -0.484 299874.83 1789530.00
1487875008815 674 1 2 30.000 -0.484 310958.57 1789530.00
1487875008820 675 1 2 30.000 -0.484 299874.83 1625893.64
1487875008824 676 1 2 30.000 -0.484 299874.83 1489530.00
1487875008828 677 1 2 30.000 -0.484 305319.47 1789530.00
1487875008832 678 1 2 30.000 -0.484 299874.83 1625893.64
1487875008836 679 1 2 30.000 -0.484 299874.83 1625893.64
1487875008840 680 1 2 30.000 -0.484 305319.47 1489530.00
1487875008845 681 1 2 30.000 -0.484 305319.47 1789530.00
1487875008849 682 1 2 30.000 -0.484 299874.83 1489530.00
1487875008853 683 1 2 30.000 -0.484 294614.75 1789530.00
1487875008857 684 1 2 30.000 -0.484 299874.83 1789530.00
1487875008860 685 1 2 30.000 -0.484 299874.83 1625893.64
1487875008864 686 1 2 30.000 -0.484 299874.83 1789530.00
1487875008868 687 1 2 30.000 -0.484 299874.83 1489530.00
1487875008872 688 1 2 30.000 -0.484 299874.83 1989530.00
1487875008877 689 1 2 30.000 -0.484 299874.83 1789530.00
1487875008881 690 1 2 30.000 -0.968 299874.83 1789530.00
1487875008885 691 1 2 30.000 -0.484 299874.83 1789530.00
1487875008890 692 1 2 30.000 -0.484 305319.47 1789530.00
1487875008893 693 1 2 30.000 -0.484 305319.47 1789530.00
1487875008897 694 1 2 30.000 -0.484 305319.47 1625893.64
1487875008901 695 1 2 30.000 -0.484 289530.00 1789530.00
1487875008906 696 1 2 30.000 -0.484 299874.83 1789530.00
1487875008910 697 1 2 30.000 -0.484 299874.83 1789530.00
1487875008914 698 1 2 30.000 -0.484 299874.83 1789530.00
1487875008918 699 1 2 30.000 -0.484 299874.83 1489530.00
1487875008922 700 1 2 30.000 -0.484 305319.47 1789530.00
1487875008925 701 1 2 30.000 -0.484 299874.83 1489530.00
1487875008929 702 1 2 30.000 -0.484 299874.83 1789530.00
1487875008933 703 1 2 30.000 -0.484 299874.83 1625893.64
1487875008938 704 1 2 30.000 -0.484 299874.83 1989530.00
1487875008942 705 1 2 30.000 -0.484 316802.73 1625893.64
1487875008946 706 1 2 30.000 -0.484 289530.00 1789530.00
1487875008950 707 1 2 30.000 -0.484 305319.47 1625893.64
1487875008954 708 1 2 30.000 -0.484 299874.83 1789530.00
1487875008958 709 1 2 30.000 -0.484 299874.83 1625893.64
1487875008962 710 1 2 30.000 -0.484 284611.97 1625893.64
1487875008967 711 1 2 30.000 -0.484 299874.83 1789530.00
1487875008971 712 1 2 30.000 -0.484 294614.75 1789530.00
1487875008975 713 1 2 30.000 -0.484 299874.83 1789530.00
1487875008979 714 1 2 30.000 -0.484 294614.75 1625893.64
1487875008983 715 1 2 30.000 -0.484 299874.83 1789530.00
1487875008987 716 1 2 30.000 -0.484 299874.83 1789530.00
1487875008991 717 1 2 30.000 -0.484 299874.83 1789530.00
1487875008994 718 1 2 30.000 -0.968 294614.75 1789530.00
1487875008999 719 1 2 30.000 -0.484 289530.00 1789530.00
1487875009003 720 1 2 30.000 -0.484 294614.75 1789530.00
1487875009007 721 1 2 30.000 -0.484 299874.83 1789530.00
1487875009012 722 1 2 30.000 -0.484 289530.00 1625893.64
1487875009016 723 1 2 30.000 -0.968 289530.00 1989530.00
1487875009020 724 1 2 30.000 -0.484 294614.75 1789530.00
1487875009024 725 1 2 30.000 -0.484 289530.00 1625893.64
1487875009029 726 1 2 30.000 -0.484 289530.00 1489530.00
1487875009033 727 1 2 30.000 -0.484 289530.00 1789530.00
1487875009037 728 1 2 30.000 -0.484 284611.97 1789530.00
1487875009040 729 1 2 30.000 -0.484 279852.58 1789530.00
1487875009044 730 1 2 30.000 -0.484 284611.97 1789530.00
1487875009048 731 1 2 30.000 -0.484 284611.97 1789530.00
1487875009052 732 1 2 30.000 -0.484 289530.00 1789530.00
1487875009056 733 1 2 30.000 -0.484 284611.97 1989530.00
1487875009061 734 1 2 30.000 -0.484 284611.97 1625893.64
1487875009065 735 1 2 30.000 -0.484 284611.97 1789530.00
1487875009069 736 1 2 30.000 -0.484 294614.75 1789530.00
1487875009073 737 1 2 30.000 -0.484 284611.97 1789530.00
1487875009077 738 1 2 30.000 -0.484 284611.97 1789530.00
1487875009081 739 1 2 30.000 -0.484 284611.97 1625893.64
1487875009085 740 1 2 30.000 -0.484 284611.97 1789530.00
1487875009090 741 1 2 30.000 -0.484 284611.97 1625893.64
1487875009094 742 1 2 30.000 -0.484 284611.97 1789530.00
1487875009098 743 1 2 30.000 -0.484 279852.58 1625893.64
1487875009102 744 1 2 30.000 -0.484 284611.97 1789530.00
1487875009106 745 1 2 30.000 -0.484 284611.97 1989530.00
1487875009110 746 1 2 30.000 -0.484 284611.97 1789530.00
1487875009114 747 1 2 30.000 -0.484 284611.97 1374145.38
1487875009117 748 1 2 30.000 -0.484 284611.97 1789530.00
1487875009122 749 1 2 30.000 -0.484 284611.97 1789530.00
1487875009126 750 2 2 30.000 -0.484 284611.97 1789530.00
1487875009131 751 2 1 30.000 -0.484 289530.00 1789530.00
1487875009136 752 2 1 30.000 -0.484 284611.97 1374145.38
1487875009140 753 2 1 30.000 -0.484 284611.97 1789530.00
1487875009144 754 2 1 30.000 -0.484 284611.97 1625893.64
1487875009148 755 2 1 30.000 -0.968 279852.58 1789530.00
1487875009152 756 2 1 30.000 -0.484 279852.58 1789530.00
1487875009156 757 2 1 30.000 -0.484 294614.75 1789530.00
1487875009160 758 2 1 30.000 -0.484 284611.97 1789530.00
1487875009164 759 2 1 30.000 -0.484 289530.00 1789530.00
1487875009168 760 2 1 30.000 -0.484 284611.97 1789530.00
1487875009172 761 2 1 30.000 -0.484 284611.97 1789530.00
1487875009176 762 2 1 30.000 -0.484 294614.75 1625893.64
1487875009180 763 2 1 30.000 -0.484 289530.00 1789530.00
1487875009184 764 2 1 30.000 -0.484 299874.83 1625893.64
1487875009188 765 2 1 30.000 -0.484 299874.83 1789530.00
1487875009192 766 2 1 30.000 -0.484 289530.00 1789530.00
1487875009197 767 2 1 30.000 -0.968 299874.83 1489530.00
1487875009201 768 2 1 30.000 -0.484 289530.00 1625893.64
1487875009205 769 2 1 30.000 -0.968 289530.00 1489530.00
1487875009209 770 2 1 30.000 -0.968 284611.97 1625893.64
1487875009213 771 2 1 30.000 -0.968 279852.58 1489530.00
1487875009217 772 2 1 30.000 -0.484 284611.97 1625893.64
1487875009221 773 2 1 30.000 -0.484 284611.97 1625893.64
1487875009225 774 2 1 30.000 -0.968 284611.97 1625893.64
1487875009229 775 2 1 30.000 0.000 284611.97 1489530.00
1487875009233 776 2 1 30.000 -0.484 294614.75 1789530.00
1487875009237 777 2 1 30.000 -0.484 284611.97 1789530.00
1487875009241 778 2 1 30.000 2.903 279852.58 1625893.64
1487875009249 779 2 1 30.000 8.708 279852.58 1625893.64
1487875009253 780 2 1 30.000 7.257 284611.97 1625893.64
1487875009257 781 2 1 30.000 2.903 294614.75 1625893.64
1487875009261 782 2 1 30.000 -0.484 284611.97 1374145.38
1487875009265 783 2 1 30.000 -0.484 284611.97 1489530.00
1487875009269 784 2 1 30.000 -0.484 279852.58 1489530.00
1487875009274 785 2 1 30.000 -0.968 270780.00 1489530.00
1487875009278 786 2 1 30.000 -0.968 262257.27 1789530.00
1487875009282 787 2 1 30.000 -0.968 262257.27 1489530.00
1487875009286 788 2 1 30.000 -0.484 266453.08 1625893.64
1487875009289 789 2 1 30.000 -0.484 262257.27 1989530.00
1487875009293 790 2 1 30.000 -0.484 246672.86 1989530.00
1487875009297 791 2 1 30.000 -0.484 270780.00 1489530.00
1487875009301 792 2 1 30.000 -0.968 322863.33 1989530.00
1487875009309 793 2 1 30.000 -0.968 254235.88 1275244.29
1487875009313 794 2 1 30.000 -0.968 150244.29 266453.08
1487875009317 795 2 1 30.000 -0.484 71721.78 82313.51
1487875009321 796 2 1 30.000 0.000 47782.43 56694.18
1487875009325 797 2 1 30.000 19.351 36527.39 45085.56
1487875009329 798 2 1 30.000 25.156 30162.05 38047.52
1487875009334 799 2 1 30.000 33.864 25103.12 33539.78
1487875009338 800 2 1 30.000 38.702 21788.06 29979.44
1487875009342 801 2 1 30.000 43.539 18893.78 26264.69
1487875009346 802 2 1 30.000 47.893 16516.51 22925.18
1487875009350 803 2 1 30.000 51.763 14460.75 20404.79
1487875009354 804 2 1 30.000 55.633 12906.62 18330.00
1487875009358 805 2 1 30.000 59.987 11890.25 16844.11
1487875009362 806 2 1 30.000 64.341 10958.57 15654.82
1487875009366 807 2 1 30.000 69.663 10363.33 14740.08
1487875009370 808 2 1 30.000 74.017 9961.33 14221.36
1487875009374 809 2 1 30.000 77.403 9530.00 13594.17
1487875009379 810 2 1 30.000 81.757 9052.78 12876.30
1487875009383 811 2 1 30.000 84.660 8678.94 12343.69
1487875009387 812 2 1 30.000 86.595 8260.49 11724.82
1487875009391 813 2 1 30.000 89.014 8048.52 11061.10
1487875009396 814 2 1 30.000 92.400 7785.58 10558.04
1487875009400 815 2 1 30.000 94.819 7638.65 10219.66
1487875009404 816 2 1 30.000 97.721 7476.16 9938.16
1487875009407 817 2 1 30.000 99.657 7387.14 9732.02
1487875009411 818 2 1 30.000 101.592 7299.00 9485.65
1487875009415 819 2 1 30.000 103.043 7194.38 9202.13
1487875009419 820 2 1 30.000 104.978 7056.78 8905.67
1487875009423 821 2 1 30.000 106.429 6938.12 8597.80
1487875009428 822 2 1 30.000 108.848 6837.69 8378.17
1487875009432 823 2 1 30.000 111.267 6705.57 8144.27
1487875009436 824 2 1 30.000 113.202 6591.61 7953.75
1487875009441 825 2 1 30.000 115.621 6479.15 7711.82
1487875009445 826 2 1 30.000 117.072 6415.55 7548.02
1487875009448 827 2 1 30.000 119.007 6321.04 7351.78
1487875009452 828 2 1 30.000 120.942 6243.09 7159.77
1487875009457 829 2 1 30.000 122.877 6150.50 6938.12
1487875009461 830 2 1 30.000 124.813 6089.34 6904.52
1487875009465 831 2 1 30.000 125.780 5998.44 6887.76
1487875009469 832 2 1 30.000 127.715 5953.36 6689.20
1487875009472 833 2 1 30.000 128.683 5908.53 6543.23
1487875009476 834 2 1 30.000 130.134 5834.35 6383.93
1487875009480 835 2 1 30.000 131.585 5775.49 6289.78
1487875009484 836 2 1 30.000 132.553 5775.49 6196.67
1487875009489 837 2 1 30.000 134.488 5687.99 6074.12
1487875009493 838 2 1 30.000 135.939 5644.59 6074.12
1487875009497 839 2 1 30.000 136.907 5587.09 6135.17
1487875009501 840 2 1 30.000 138.358 5544.23 6074.12
1487875009505 841 2 1 30.000 138.842 5515.79 6119.86
1487875009509 842 2 1 30.000 139.809 5445.12 6243.09
1487875009513 843 2 1 30.000 140.293 5445.12 5968.36
1487875009518 844 2 1 30.000 140.777 5431.06 5968.36
1487875009522 845 2 1 30.000 140.777 5389.03 5983.38
1487875009526 846 2 1 30.000 140.293 5375.07 6028.63
1487875009530 847 2 1 30.000 140.293 5333.34 5983.38
1487875009534 848 2 1 30.000 140.293 5333.34 5863.94
1487875009537 849 2 1 30.000 139.809 5319.47 5893.64
1487875009541 850 2 1 30.000 139.326 5305.64 5908.53
1487875009545 851 2 1 30.000 138.842 5278.03 5863.94
1487875009550 852 2 1 30.000 138.842 5236.81 5878.77
1487875009554 853 2 1 30.000 138.358 5264.27 5863.94
1487875009558 854 2 1 30.000 138.358 5264.27 5893.64
1487875009563 855 2 1 30.000 137.874 5236.81 5849.13
1487875009567 856 2 1 30.000 137.391 5236.81 5878.77
1487875009571 857 2 1 30.000 136.423 5236.81 5878.77
1487875009575 858 2 1 30.000 135.939 5236.81 5878.77
1487875009579 859 2 1 30.000 135.455 5209.44 5834.35
1487875009583 860 2 1 30.000 134.972 5209.44 5819.59
1487875009587 861 2 1 30.000 134.488 5195.80 5849.13
1487875009591 862 2 1 30.000 133.520 5209.44 5849.13
1487875009595 863 2 1 30.000 133.037 5209.44 5819.59
1487875009599 864 2 1 30.000 132.553 5209.44 5804.86
1487875009602 865 2 1 30.000 132.069 5182.17 5790.16
1487875009606 866 2 1 30.000 131.585 5182.17 5760.84
1487875009611 867 2 1 30.000 131.102 5168.58 5717.05
1487875009615 868 2 1 30.000 130.134 5182.17 5746.22
1487875009619 869 2 1 30.000 129.650 5182.17 5717.05
1487875009623 870 2 1 30.000 128.683 5155.00 5687.99
1487875009628 871 2 1 30.000 127.715 5155.00 5644.59
1487875009631 872 2 1 30.000 127.231 5182.17 5644.59
1487875009635 873 2 1 30.000 127.231 5168.58 5673.50
1487875009640 874 2 1 30.000 125.780 5168.58 5687.99
1487875009644 875 2 1 30.000 125.296 5141.45 5717.05
1487875009648 876 2 1 30.000 124.813 5155.00 5746.22
1487875009651 877 2 1 30.000 124.329 5127.92 5790.16
1487875009655 878 2 1 30.000 123.361 5168.58 5804.86
1487875009659 879 2 1 30.000 122.394 5168.58 5804.86
1487875009663 880 2 1 30.000 121.910 5141.45 5804.86
1487875009667 881 2 1 30.000 121.426 5168.58 5849.13
1487875009672 882 2 1 30.000 120.459 5155.00 5849.13
1487875009676 883 2 1 30.000 119.975 5168.58 5849.13
1487875009680 884 2 1 30.000 119.491 5127.92 5923.44
1487875009685 885 2 1 30.000 119.007 5127.92 6074.12
1487875009689 886 2 1 30.000 118.040 5168.58 6415.55
1487875009693 887 2 1 30.000 117.556 5155.00 6721.98
1487875009696 888 2 1 30.000 117.072 5155.00 6938.12
1487875009702 889 2 1 30.000 116.588 5155.00 6305.40
1487875009706 890 2 1 30.000 115.621 5182.17 6212.11
1487875009710 891 2 1 30.000 115.137 5141.45 6196.67
1487875009713 892 2 1 30.000 114.653 5155.00 6119.86
1487875009717 893 2 1 30.000 113.686 5155.00 5968.36
1487875009721 894 2 1 30.000 113.202 5168.58 5893.64
1487875009725 895 2 1 30.000 113.202 5182.17 5849.13
1487875009729 896 2 1 30.000 112.235 5182.17 5790.16
1487875009734 897 2 1 30.000 111.751 5182.17 5819.59
1487875009738 898 2 1 30.000 111.267 5182.17 5834.35
1487875009742 899 2 1 30.000 110.783 5182.17 5834.35
1487875009747 900 2 1 30.000 110.299 5182.17 5863.94
1487875009751 901 2 1 30.000 109.816 5182.17 5863.94
1487875009754 902 2 1 30.000 109.332 5195.80 5863.94
1487875009758 903 2 1 30.000 108.848 5168.58 5878.77
1487875009765 904 2 1 30.000 107.397 5209.44 5938.39
1487875009770 905 2 1 30.000 107.397 5236.81 5923.44
1487875009774 906 2 1 30.000 106.913 5223.11 5953.36
1487875009778 907 2 1 30.000 106.429 5223.11 5968.36
1487875009781 908 2 1 30.000 105.946 5223.11 5998.44
1487875009788 909 2 1 30.000 104.978 5223.11 5983.38
1487875009792 910 2 1 30.000 104.978 5236.81 6013.52
1487875009797 911 2 1 30.000 104.010 5236.81 6028.63
1487875009801 912 2 1 30.000 103.527 5250.52 6089.34
1487875009808 913 2 1 30.000 103.043 5264.27 6119.86
1487875009812 914 2 1 30.000 102.559 5278.03 6135.17
1487875009816 915 2 1 30.000 101.592 5264.27 6150.50
1487875009820 916 2 1 30.000 101.108 5264.27 6212.11
1487875009827 917 2 1 30.000 100.624 5291.82 6196.67
1487875009831 918 2 1 30.000 99.657 5305.64 6243.09
1487875009835 919 2 1 30.000 99.657 5291.82 6289.78
1487875009839 920 2 1 30.000 99.173 5305.64 6305.40
1487875009843 921 2 1 30.000 99.173 5319.47 6336.72
1487875009847 922 2 1 30.000 98.205 5333.34 6368.17
1487875009850 923 2 1 30.000 97.721 5333.34 6415.55
1487875009854 924 2 1 30.000 97.721 5333.34 6463.21
1487875009859 925 2 1 30.000 96.754 5333.34 6511.13
1487875009863 926 2 1 30.000 96.270 5333.34 6575.45
1487875009868 927 2 1 30.000 96.270 5361.13 6656.55
1487875009872 928 2 1 30.000 95.786 5361.13 6689.20
1487875009876 929 2 1 30.000 95.303 5361.13 6672.86
1487875009880 930 2 1 30.000 94.819 5347.22 6624.02
1487875009890 931 2 1 30.000 93.851 5389.03 6656.55
1487875009898 932 2 1 30.000 92.884 5375.07 6656.55
1487875009902 933 2 1 30.000 92.400 5403.02 6656.55
1487875009906 934 2 1 30.000 91.916 5403.02 6640.27
1487875009910 935 2 1 30.000 91.916 5389.03 6721.98
1487875009917 936 2 1 30.000 90.949 5417.03 6738.41
1487875009922 937 2 1 30.000 90.949 5431.06 6754.88
1487875009926 938 2 1 30.000 89.981 5445.12 6771.38
1487875009930 939 2 1 30.000 89.497 5459.20 6787.91
1487875009934 940 2 1 30.000 89.014 5459.20 6837.69
1487875009938 941 2 1 30.000 89.014 5459.20 6854.35
1487875009944 942 2 1 30.000 88.046 5473.31 6887.76
1487875009949 943 2 1 30.000 87.562 5473.31 6938.12
1487875009956 944 2 1 30.000 87.079 5501.61 6954.98
1487875009960 945 2 1 30.000 86.595 5501.61 6971.86
1487875009966 946 2 1 30.000 86.111 5515.79 7005.73
1487875009970 947 2 1 30.000 85.627 5487.45 7005.73
1487875009974 948 2 1 30.000 85.627 5544.23 7073.86
1487875009979 949 2 1 30.000 84.660 5530.00 7056.78
1487875009983 950 2 1 30.000 84.176 5558.50 7108.12
1487875009987 951 2 1 30.000 84.176 5558.50 7177.06
1487875009992 952 2 1 30.000 83.208 5558.50 7177.06
1487875009996 953 2 1 30.000 83.208 5587.09 7194.38
1487875010000 954 2 1 30.000 82.725 5587.09 7229.12
1487875010004 955 2 1 30.000 82.725 5601.43 7246.54
1487875010009 956 2 1 30.000 82.241 5601.43 7316.56
1487875010013 957 2 1 30.000 81.757 5587.09 7299.00
1487875010017 958 2 1 30.000 81.757 5630.18 7351.78
1487875010021 959 2 1 30.000 80.790 5630.18 7351.78
1487875010024 960 2 1 30.000 80.306 5644.59 7387.14
1487875010028 961 2 1 30.000 80.306 5644.59 7422.64
1487875010032 962 2 1 30.000 79.822 5644.59 7440.45
1487875010036 963 2 1 30.000 79.338 5659.03 7458.29
1487875010041 964 2 1 30.000 78.854 5644.59 7512.02
1487875010045 965 2 1 30.000 78.854 5702.51 7530.00
1487875010049 966 2 1 30.000 78.371 5659.03 7566.07
1487875010054 967 2 1 30.000 77.887 5717.05 7584.16
1487875010057 968 2 1 30.000 77.403 5731.62 7602.29
1487875010062 969 2 1 30.000 76.919 5746.22 7638.65
1487875010066 970 2 1 30.000 76.919 5717.05 7675.16
1487875010070 971 2 1 30.000 76.436 5746.22 7711.82
1487875010074 972 2 1 30.000 76.436 5746.22 7748.62
1487875010079 973 2 1 30.000 75.468 5760.84 7730.20
1487875010083 974 2 1 30.000 75.468 5760.84 7748.62
1487875010087 975 2 1 30.000 74.984 5804.86 7785.58
1487875010091 976 2 1 30.000 74.984 5819.59 7822.68
1487875010095 977 2 1 30.000 74.501 5834.35 7822.68
1487875010099 978 2 1 30.000 74.017 5834.35 7822.68
1487875010103 979 2 1 30.000 73.533 5849.13 7859.94
1487875010107 980 2 1 30.000 73.049 5863.94 7859.94
1487875010111 981 2 1 30.000 73.049 5863.94 7897.35
1487875010115 982 2 1 30.000 73.049 5893.64 7916.11
1487875010119 983 2 1 30.000 72.565 5878.77 7916.11
1487875010124 984 2 1 30.000 71.598 5938.39 7953.75
1487875010128 985 2 1 30.000 71.598 5938.39 7934.91
1487875010132 986 2 1 30.000 71.114 5968.36 7991.54
1487875010136 987 2 2 30.000 70.630 5983.38 8010.49
1487875010141 988 2 2 30.000 70.147 5998.44 8029.49
1487875010145 989 2 2 30.000 70.147 6013.52 8067.59
1487875010149 990 2 2 30.000 69.663 6043.76 8048.52
1487875010152 991 2 2 30.000 69.179 6058.93 8086.70
1487875010156 992 2 2 30.000 68.695 6074.12 8125.04
1487875010160 993 2 2 30.000 67.728 6165.86 8144.27
1487875010164 994 2 2 30.000 64.341 6212.11 8260.49
1487875010168 995 2 2 30.000 61.439 6447.29 8537.39
1487875010173 996 2 2 30.000 57.569 6672.86 8843.30
1487875010177 997 2 2 30.000 54.182 6938.12 9245.22
1487875010181 998 2 2 30.000 50.312 7246.54 9754.72
1487875010185 999 2 2 30.000 45.474 7693.47 10363.33
1487875010189 1000 2 2 30.000 42.572 8029.49 10907.67
1487875010193 1001 2 2 30.000 40.153 8299.55 11295.42
1487875010197 1002 2 2 30.000 38.218 8557.48 11670.22
1487875010202 1003 2 2 30.000 34.831 8822.60 12030.00
1487875010206 1004 2 2 30.000 30.961 9052.78 12430.76
1487875010210 1005 2 2 30.000 28.059 9463.55 12998.06
1487875010213 1006 2 2 30.000 24.672 9800.27 13723.55
1487875010217 1007 2 2 30.000 21.770 10460.23 14882.11
1487875010221 1008 2 2 30.000 18.867 11190.65 16039.57
1487875010225 1009 2 2 30.000 15.481 12086.39 17743.17
1487875010229 1010 2 2 30.000 11.610 13121.09 19580.08
1487875010234 1011 2 2 30.000 7.740 14634.60 22557.52
1487875010238 1012 2 2 30.000 4.838 15961.72 25244.29
1487875010242 1013 2 2 30.000 1.451 17436.98 28239.68
1487875010246 1014 2 2 30.000 -0.484 19630.33 33325.62
1487875010250 1015 2 2 30.000 -0.968 21558.47 37787.37
1487875010254 1016 2 2 30.000 2.903 24145.38 46312.33
1487875010258 1017 2 2 30.000 -0.968 27424.74 61530.00
1487875010263 1018 2 2 30.000 -0.968 33113.54 83280.00
1487875010267 1019 2 2 30.000 -0.968 39253.76 120916.86
1487875010270 1020 2 2 30.000 -0.484 47037.99 179003.68
1487875010274 1021 2 2 30.000 -0.484 55706.47 250399.57
1487875010278 1022 2 2 30.000 -0.484 66125.74 322863.33
1487875010282 1023 2 2 30.000 -0.968 79530.00 408134.65
1487875010286 1024 2 2 30.000 -0.968 97314.43 489530.00
1487875010290 1025 2 2 30.000 -0.968 113667.93 570175.16
1487875010294 1026 2 2 30.000 -0.484 133530.00 632387.14
1487875010299 1027 2 2 30.000 -0.968 144702.41 681837.69
1487875010302 1028 2 2 30.000 -0.968 156196.67 739530.00
1487875010307 1029 2 2 30.000 -0.968 164287.28 807711.82
1487875010311 1030 2 2 30.000 -0.968 175097.01 739530.00
1487875010315 1031 2 2 30.000 -0.968 189530.00 772138.70
1487875010319 1032 2 2 30.000 -0.484 196426.55 846672.86
1487875010323 1033 2 2 30.000 -0.484 203815.71 846672.86
1487875010327 1034 2 2 30.000 -0.968 206397.47 772138.70
1487875010331 1035 2 2 30.000 -0.968 209042.20 846672.86
1487875010335 1036 2 2 30.000 -0.484 217378.10 889530.00
1487875010339 1037 2 2 30.000 -0.484 232773.24 846672.86
1487875010343 1038 2 2 30.000 -0.968 232773.24 807711.82
1487875010347 1039 2 2 30.000 -0.484 232773.24 807711.82
1487875010350 1040 2 2 30.000 -0.968 239530.00 807711.82
1487875010355 1041 2 2 30.000 -0.968 236105.34 807711.82
1487875010359 1042 2 2 30.000 -0.484 236105.34 846672.86
1487875010363 1043 2 2 30.000 -0.968 239530.00 807711.82
1487875010368 1044 2 2 30.000 -0.484 250399.57 889530.00
1487875010372 1045 2 2 30.000 -0.484 250399.57 889530.00
1487875010376 1046 2 2 30.000 -0.968 254235.88 989530.00
1487875010379 1047 2 2 30.000 -0.968 250399.57 936898.42
1487875010384 1048 2 2 30.000 -0.484 258186.72 889530.00
1487875010388 1049 2 2 30.000 -0.968 266453.08 1048353.53
1487875010392 1050 2 2 30.000 -0.968 262257.27 989530.00
1487875010396 1051 2 2 30.000 -0.484 258186.72 989530.00
1487875010400 1052 2 2 30.000 -0.484 254235.88 889530.00
1487875010404 1053 2 2 30.000 -0.484 262257.27 989530.00
1487875010407 1054 2 2 30.000 -0.484 266453.08 936898.42
1487875010411 1055 2 2 30.000 -0.968 266453.08 989530.00
1487875010416 1056 2 2 30.000 -0.968 266453.08 1048353.53
1487875010420 1057 2 2 30.000 -0.968 270780.00 936898.42
1487875010424 1058 2 2 30.000 -0.484 284611.97 1114530.00
1487875010429 1059 2 2 30.000 -0.484 270780.00 989530.00
1487875010433 1060 2 2 30.000 -0.484 270780.00 1114530.00
1487875010437 1061 2 2 30.000 -0.484 284611.97 1114530.00
1487875010440 1062 2 2 30.000 -0.484 275244.29 1048353.53
1487875010445 1063 2 2 30.000 -0.968 270780.00 1048353.53
1487875010449 1064 2 2 30.000 -0.484 284611.97 1048353.53
1487875010453 1065 2 2 30.000 -0.968 284611.97 1114530.00
1487875010457 1066 2 2 30.000 -0.484 289530.00 1189530.00
1487875010461 1067 2 2 30.000 -0.968 299874.83 1114530.00
1487875010465 1068 2 2 30.000 -0.484 294614.75 1275244.29
1487875010470 1069 2 2 30.000 -0.484 299874.83 1275244.29
1487875010474 1070 2 2 30.000 -0.968 299874.83 1275244.29
1487875010479 1071 2 2 30.000 -0.968 305319.47 1114530.00
1487875010483 1072 2 2 30.000 -0.968 305319.47 1189530.00
1487875010487 1073 2 2 30.000 -0.968 322863.33 1189530.00
1487875010491 1074 2 2 30.000 -0.968 316802.73 1189530.00
1487875010495 1075 2 2 30.000 -0.968 310958.57 1114530.00
1487875010499 1076 2 2 30.000 -0.484 316802.73 1048353.53
1487875010504 1077 2 2 30.000 -0.484 310958.57 1189530.00
1487875010508 1078 2 2 30.000 -0.484 316802.73 1275244.29
1487875010511 1079 2 2 30.000 -0.484 316802.73 1114530.00
1487875010515 1080 2 2 30.000 -0.484 310958.57 1048353.53
1487875010519 1081 2 2 30.000 -0.484 310958.57 1189530.00
1487875010523 1082 2 2 30.000 -0.484 316802.73 1275244.29
1487875010527 1083 2 2 30.000 -0.484 316802.73 1189530.00
1487875010531 1084 2 2 30.000 -0.484 316802.73 1275244.29
1487875010535 1085 2 2 30.000 -0.484 316802.73 1275244.29
1487875010539 1086 2 2 30.000 -0.484 322863.33 1048353.53
1487875010543 1087 2 2 30.000 -0.484 322863.33 1189530.00
1487875010548 1088 2 2 30.000 -0.484 316802.73 1275244.29
1487875010552 1089 2 2 30.000 -0.484 316802.73 1275244.29
1487875010556 1090 2 2 30.000 -0.484 310958.57 1275244.29
1487875010559 1091 2 2 30.000 -0.484 310958.57 1275244.29
1487875010564 1092 2 2 30.000 -0.484 316802.73 1275244.29
1487875010568 1093 2 2 30.000 -0.484 322863.33 1275244.29
1487875010572 1094 2 2 30.000 -0.968 316802.73 1275244.29
1487875010576 1095 2 2 30.000 -0.484 294614.75 1275244.29
1487875010580 1096 2 2 30.000 -0.484 310958.57 1114530.00
1487875010584 1097 2 2 30.000 -0.484 316802.73 1374145.38
1487875010587 1098 2 2 30.000 -0.484 316802.73 1374145.38
1487875010591 1099 2 2 30.000 -0.484 316802.73 1625893.64
1487875010596 1100 2 2 30.000 -0.484 316802.73 1275244.29
1487875010600 1101 2 2 30.000 -0.484 316802.73 1374145.38
1487875010604 1102 2 2 30.000 -0.968 316802.73 1374145.38
1487875010608 1103 2 2 30.000 -0.484 316802.73 1374145.38
1487875010612 1104 2 2 30.000 -0.484 305319.47 1275244.29
1487875010616 1105 2 2 30.000 -0.484 316802.73 1374145.38
1487875010620 1106 2 2 30.000 -0.484 322863.33 1374145.38
1487875010624 1107 2 2 30.000 -0.484 316802.73 1374145.38
1487875010629 1108 2 2 30.000 -0.484 322863.33 1489530.00
1487875010633 1109 2 2 30.000 -0.968 310958.57 1374145.38
1487875010636 1110 2 2 30.000 -0.484 322863.33 1374145.38
1487875010640 1111 2 2 30.000 -0.484 322863.33 1374145.38
1487875010644 1112 2 2 30.000 -0.484 299874.83 1489530.00
1487875010648 1113 2 2 30.000 -0.484 316802.73 1275244.29
1487875010652 1114 2 2 30.000 -0.484 316802.73 1489530.00
1487875010656 1115 2 2 30.000 -0.484 329152.64 1374145.38
1487875010661 1116 2 2 30.000 -0.484 322863.33 1489530.00
1487875010665 1117 2 2 30.000 -0.484 322863.33 1489530.00
1487875010669 1118 2 2 30.000 -0.484 322863.33 1489530.00
1487875010673 1119 2 2 30.000 -0.484 310958.57 1374145.38
1487875010677 1120 2 2 30.000 -0.484 305319.47 1275244.29
1487875010681 1121 2 2 30.000 -0.484 316802.73 1374145.38
1487875010686 1122 2 2 30.000 -0.484 316802.73 1625893.64
1487875010690 1123 2 2 30.000 -0.484 316802.73 1489530.00
1487875010694 1124 2 2 30.000 -0.484 329152.64 1374145.38
1487875010698 1125 2 2 30.000 -0.484 305319.47 1275244.29
1487875010701 1126 2 2 30.000 -0.968 322863.33 1374145.38
1487875010705 1127 2 2 30.000 -0.484 316802.73 1625893.64
1487875010709 1128 2 2 30.000 -0.484 322863.33 1489530.00
1487875010713 1129 2 2 30.000 -0.484 310958.57 1625893.64
1487875010718 1130 2 2 30.000 -0.968 316802.73 1625893.64
1487875010722 1131 2 2 30.000 -0.484 316802.73 1789530.00
1487875010726 1132 2 2 30.000 -0.484 299874.83 1789530.00
1487875010730 1133 2 2 30.000 -0.484 349530.00 1625893.64
1487875010734 1134 2 2 30.000 -0.484 310958.57 1489530.00
1487875010738 1135 2 2 30.000 -0.484 310958.57 1789530.00
1487875010742 1136 2 2 30.000 -0.484 322863.33 1625893.64
1487875010746 1137 2 2 30.000 -0.484 310958.57 1489530.00
1487875010750 1138 2 2 30.000 -0.484 299874.83 1489530.00
1487875010754 1139 2 2 30.000 -0.484 316802.73 1275244.29
1487875010758 1140 2 2 30.000 -0.484 299874.83 1489530.00
1487875010762 1141 2 2 30.000 -0.968 299874.83 1625893.64
1487875010766 1142 2 2 30.000 -0.484 305319.47 1625893.64
1487875010770 1143 2 2 30.000 -0.484 322863.33 1789530.00
1487875010774 1144 2 2 30.000 -0.484 310958.57 1625893.64
1487875010778 1145 2 2 30.000 -0.484 299874.83 1789530.00
1487875010782 1146 2 2 30.000 -0.484 310958.57 1625893.64
1487875010786 1147 2 2 30.000 -0.484 322863.33 1789530.00
1487875010791 1148 2 2 30.000 -0.484 316802.73 1789530.00
1487875010795 1149 2 2 30.000 -0.484 310958.57 1489530.00
1487875010799 1150 2 2 30.000 -0.484 310958.57 1625893.64
1487875010802 1151 2 2 30.000 -0.484 305319.47 1789530.00
1487875010807 1152 2 2 30.000 -0.484 299874.83 1625893.64
1487875010811 1153 2 2 30.000 -0.484 310958.57 1625893.64
1487875010815 1154 2 2 30.000 -0.484 305319.47 1789530.00
1487875010819 1155 2 2 30.000 -0.484 305319.47 1625893.64
1487875010823 1156 2 2 30.000 -0.484 299874.83 1489530.00
1487875010826 1157 2 2 30.000 -0.484 310958.57 1625893.64
1487875010830 1158 2 2 30.000 -0.484 299874.83 1374145.38
1487875010834 1159 2 2 30.000 -0.484 316802.73 1789530.00
1487875010839 1160 2 2 30.000 -0.484 310958.57 1789530.00
1487875010843 1161 2 2 30.000 -0.484 305319.47 1789530.00
1487875010847 1162 2 2 30.000 -0.484 310958.57 1625893.64
1487875010851 1163 2 2 30.000 -0.484 310958.57 1789530.00
1487875010855 1164 2 2 30.000 -0.968 305319.47 1489530.00
1487875010859 1165 2 2 30.000 -0.484 299874.83 1789530.00
1487875010863 1166 2 2 30.000 -0.484 299874.83 1489530.00
1487875010867 1167 2 2 30.000 -0.484 299874.83 1625893.64
1487875010872 1168 2 2 30.000 -0.484 310958.57 1625893.64
1487875010875 1169 2 2 30.000 -0.484 310958.57 1625893.64
1487875010879 1170 2 2 30.000 -0.484 299874.83 1625893.64
1487875010883 1171 2 2 30.000 -0.484 299874.83 1625893.64
1487875010887 1172 2 2 30.000 -0.484 305319.47 1789530.00
1487875010891 1173 2 2 30.000 -0.484 305319.47 1789530.00
1487875010895 1174 2 2 30.000 -0.484 305319.47 1625893.64
1487875010899 1175 2 2 30.000 -0.484 299874.83 1625893.64
1487875010904 1176 2 2 30.000 -0.484 299874.83 1789530.00
1487875010907 1177 2 2 30.000 -0.484 310958.57 1789530.00
1487875010911 1178 2 2 30.000 -0.484 305319.47 1189530.00
1487875010916 1179 2 2 30.000 -0.484 305319.47 1789530.00
1487875010920 1180 2 2 30.000 -0.484 305319.47 1625893.64
1487875010924 1181 2 2 30.000 -0.484 299874.83 1625893.64
1487875010928 1182 2 2 30.000 -0.484 299874.83 1625893.64
1487875010932 1183 2 2 30.000 -0.484 299874.83 1789530.00
1487875010936 1184 2 2 30.000 -0.484 299874.83 1625893.64
1487875010940 1185 2 2 30.000 -0.484 299874.83 1789530.00
1487875010944 1186 2 2 30.000 -0.484 294614.75 1374145.38
1487875010948 1187 2 2 30.000 -0.484 284611.97 1625893.64
1487875010952 1188 2 2 30.000 -0.484 289530.00 1789530.00
1487875010955 1189 2 2 30.000 -0.484 299874.83 1625893.64
1487875010959 1190 2 2 30.000 -0.484 294614.75 1789530.00
1487875010965 1191 2 2 30.000 -0.484 294614.75 1489530.00
1487875010969 1192 2 2 30.000 -0.484 294614.75 1789530.00
1487875010974 1193 2 2 30.000 -0.484 294614.75 1789530.00
1487875010978 1194 2 2 30.000 -0.484 294614.75 1789530.00
1487875010982 1195 2 2 30.000 -0.484 294614.75 1625893.64
1487875010985 1196 2 2 30.000 -0.484 284611.97 1789530.00
1487875010990 1197 2 2 30.000 -0.484 294614.75 1789530.00
1487875010994 1198 2 2 30.000 -0.968 294614.75 1625893.64
1487875010998 1199 2 2 30.000 -0.484 289530.00 1989530.00
1487875011002 1200 2 2 30.000 -0.484 299874.83 1625893.64
1487875011006 1201 2 2 30.000 -0.484 299874.83 1789530.00
1487875011009 1202 2 2 30.000 -0.484 299874.83 1789530.00
1487875011013 1203 2 2 30.000 -0.484 299874.83 1789530.00
1487875011017 1204 2 2 30.000 -0.484 299874.83 1489530.00
1487875011023 1205 2 2 30.000 -0.484 299874.83 1789530.00
1487875011027 1206 2 2 30.000 -0.484 289530.00 1625893.64
1487875011031 1207 2 2 30.000 -0.484 299874.83 1789530.00
1487875011037 1208 2 2 30.000 -0.484 299874.83 1789530.00
1487875011041 1209 2 2 30.000 -0.484 294614.75 1789530.00
1487875011044 1210 2 2 30.000 -0.484 299874.83 1625893.64
1487875011048 1211 2 2 30.000 -0.484 299874.83 1789530.00
1487875011053 1212 2 2 30.000 -0.484 299874.83 1625893.64
1487875011057 1213 2 2 30.000 -0.484 299874.83 1789530.00
1487875011061 1214 2 2 30.000 -0.484 294614.75 1789530.00
1487875011065 1215 2 2 30.000 -0.484 289530.00 1789530.00
1487875011069 1216 2 2 30.000 -0.484 299874.83 1625893.64
1487875011073 1217 2 2 30.000 -0.484 305319.47 1789530.00
1487875011076 1218 2 2 30.000 -0.484 289530.00 1625893.64
1487875011080 1219 2 2 30.000 -0.968 289530.00 1789530.00
1487875011085 1220 2 2 30.000 -0.968 279852.58 1789530.00
1487875011089 1221 2 2 30.000 -0.484 294614.75 1625893.64
1487875011094 1222 2 2 30.000 -0.484 289530.00 1489530.00
1487875011098 1223 2 2 30.000 -0.484 294614.75 1625893.64
1487875011102 1224 2 2 30.000 -0.484 289530.00 1625893.64
1487875011106 1225 2 2 30.000 -0.968 294614.75 1789530.00
1487875011110 1226 2 2 30.000 -0.484 284611.97 1489530.00
1487875011114 1227 2 2 30.000 -0.484 289530.00 1625893.64
1487875011118 1228 2 2 30.000 -0.484 284611.97 1625893.64
1487875011122 1229 2 2 30.000 -0.484 289530.00 1489530.00
1487875011126 1230 2 2 30.000 -0.484 289530.00 1489530.00
1487875011130 1231 2 2 30.000 -0.484 289530.00 1625893.64
1487875011134 1232 2 2 30.000 -0.484 279852.58 1789530.00
1487875011138 1233 3 2 30.000 -0.484 289530.00 1789530.00
