Serial_number: 0 
Time Data_Count Cycle State Desired_force_(psi) Measured_force_(psi) Toe_sensor Heel_Sensor
1484782981716 0 0 0 200.000 0.000 243051.13 2989530.00
1484782981778 1 0 1 200.000 0.000 243051.13 3589530.00
1484782981816 2 0 1 200.000 0.000 250399.57 1989530.00
1484782981845 3 0 1 200.000 0.000 246672.86 2989530.00
1484782981876 4 0 1 200.000 0.000 239530.00 2989530.00
1484782981902 5 0 1 200.000 0.000 246672.86 2989530.00
1484782981919 6 0 1 200.000 0.000 246672.86 2560958.57
1484782981935 7 0 1 200.000 0.000 243051.13 2989530.00
1484782981949 8 0 1 200.000 0.000 243051.13 2989530.00
1484782981964 9 0 1 200.000 0.000 243051.13 2989530.00
1484782981980 10 0 1 200.000 0.000 246672.86 2560958.57
1484782981998 11 0 1 200.000 0.000 243051.13 2989530.00
1484782982015 12 0 1 200.000 0.000 243051.13 2989530.00
1484782982030 13 0 1 200.000 0.000 246672.86 2989530.00
1484782982046 14 0 1 200.000 0.000 243051.13 2560958.57
1484782982066 15 0 1 200.000 0.000 243051.13 3589530.00
1484782982078 16 0 1 200.000 0.000 243051.13 4489530.00
1484782982093 17 0 1 200.000 0.000 243051.13 2560958.57
1484782982109 18 0 1 200.000 0.000 239530.00 2989530.00
1484782982123 19 0 1 200.000 0.000 239530.00 2560958.57
1484782982138 20 0 1 200.000 0.000 243051.13 2560958.57
1484782982151 21 0 1 200.000 0.000 243051.13 2560958.57
1484782982158 22 0 1 200.000 0.000 243051.13 3589530.00
1484782982168 23 0 1 200.000 0.000 243051.13 3589530.00
1484782982177 24 0 1 200.000 0.000 243051.13 2560958.57
1484782982187 25 0 1 200.000 0.000 246672.86 2989530.00
1484782982204 26 0 1 200.000 0.000 243051.13 2560958.57
1484782982222 27 0 1 200.000 0.000 243051.13 2989530.00
1484782982233 28 0 1 200.000 0.000 246672.86 3589530.00
1484782982244 29 0 1 200.000 0.000 239530.00 2560958.57
1484782982253 30 0 1 200.000 0.000 243051.13 2560958.57
1484782982271 31 0 1 200.000 0.000 246672.86 2989530.00
1484782982287 32 0 1 200.000 0.000 243051.13 2989530.00
1484782982296 33 0 1 200.000 0.000 243051.13 3589530.00
1484782982316 34 0 1 200.000 0.000 243051.13 2989530.00
1484782982325 35 0 1 200.000 0.484 243051.13 3589530.00
1484782982337 36 0 1 200.000 0.000 243051.13 2560958.57
1484782982348 37 0 1 200.000 0.000 243051.13 2560958.57
1484782982357 38 0 1 200.000 0.000 243051.13 3589530.00
1484782982369 39 0 1 200.000 0.000 239530.00 2560958.57
1484782982387 40 0 1 200.000 0.000 239530.00 2989530.00
1484782982404 41 0 1 200.000 0.000 239530.00 2560958.57
1484782982414 42 0 1 200.000 0.000 250399.57 2989530.00
1484782982429 43 0 1 200.000 0.000 246672.86 2989530.00
1484782982447 44 0 1 200.000 0.000 243051.13 2560958.57
1484782982454 45 0 1 200.000 0.000 243051.13 2560958.57
1484782982464 46 0 1 200.000 0.000 243051.13 2989530.00
1484782982476 47 0 1 200.000 0.000 243051.13 2989530.00
1484782982492 48 0 1 200.000 0.000 246672.86 2989530.00
1484782982507 49 0 1 200.000 0.000 239530.00 2989530.00
1484782982519 50 0 1 200.000 0.000 239530.00 2989530.00
1484782982529 51 0 1 200.000 0.000 239530.00 2989530.00
1484782982544 52 0 1 200.000 0.000 243051.13 2989530.00
1484782982560 53 0 1 200.000 0.000 239530.00 2989530.00
1484782982570 54 0 1 200.000 0.000 243051.13 2989530.00
1484782982580 55 0 1 200.000 0.000 243051.13 2560958.57
1484782982589 56 0 1 200.000 0.000 243051.13 2560958.57
1484782982603 57 0 1 200.000 0.000 243051.13 2560958.57
1484782982619 58 0 1 200.000 0.000 239530.00 2989530.00
1484782982634 59 0 1 200.000 0.000 243051.13 3589530.00
1484782982646 60 0 1 200.000 0.000 243051.13 2989530.00
1484782982656 61 0 1 200.000 0.000 246672.86 2560958.57
1484782982675 62 0 1 200.000 0.000 243051.13 2560958.57
1484782982688 63 0 1 200.000 0.000 243051.13 2989530.00
1484782982700 64 0 1 200.000 0.000 239530.00 2560958.57
1484782982710 65 0 1 200.000 0.000 246672.86 2989530.00
1484782982728 66 0 1 200.000 0.000 243051.13 2989530.00
1484782982744 67 0 1 200.000 0.000 243051.13 2989530.00
1484782982753 68 0 1 200.000 0.000 243051.13 2560958.57
1484782982765 69 0 1 200.000 0.000 239530.00 2560958.57
1484782982775 70 0 1 200.000 0.484 243051.13 2560958.57
1484782982792 71 0 1 200.000 0.000 243051.13 2989530.00
1484782982810 72 0 1 200.000 0.484 243051.13 2989530.00
1484782982818 73 0 1 200.000 0.000 246672.86 2560958.57
1484782982828 74 0 1 200.000 0.000 243051.13 2560958.57
1484782982845 75 0 1 200.000 0.000 239530.00 2989530.00
1484782982859 76 0 1 200.000 0.000 239530.00 2989530.00
1484782982871 77 0 1 200.000 0.000 239530.00 2989530.00
1484782982880 78 0 1 200.000 0.000 239530.00 2989530.00
1484782982900 79 0 1 200.000 0.000 243051.13 2989530.00
1484782982913 80 0 1 200.000 0.000 243051.13 2989530.00
1484782982923 81 0 1 200.000 0.000 243051.13 2560958.57
1484782982935 82 0 1 200.000 0.000 243051.13 3589530.00
1484782982952 83 0 1 200.000 0.000 246672.86 2989530.00
1484782982961 84 0 1 200.000 0.000 243051.13 2989530.00
1484782982970 85 0 1 200.000 0.000 239530.00 2989530.00
1484782982979 86 0 1 200.000 0.000 243051.13 2560958.57
1484782982991 87 0 1 200.000 0.000 239530.00 2989530.00
1484782983001 88 0 1 200.000 0.000 239530.00 2989530.00
1484782983009 89 0 1 200.000 0.000 243051.13 2560958.57
1484782983021 90 0 1 200.000 0.000 243051.13 2989530.00
1484782983031 91 0 1 200.000 0.000 239530.00 2560958.57
1484782983041 92 0 1 200.000 0.000 243051.13 2560958.57
1484782983050 93 0 1 200.000 0.000 246672.86 2989530.00
1484782983060 94 0 1 200.000 0.000 246672.86 2560958.57
1484782983072 95 0 1 200.000 0.000 239530.00 2989530.00
1484782983082 96 0 1 200.000 0.000 239530.00 2989530.00
1484782983092 97 0 1 200.000 0.000 246672.86 2560958.57
1484782983103 98 0 1 200.000 0.000 243051.13 2560958.57
1484782983113 99 0 1 200.000 0.000 239530.00 2560958.57
1484782983123 100 0 1 200.000 0.000 239530.00 2560958.57
1484782983134 101 0 1 200.000 0.000 243051.13 3589530.00
1484782983144 102 0 1 200.000 0.484 246672.86 2239530.00
1484782983156 103 0 1 200.000 0.000 243051.13 2560958.57
1484782983165 104 0 1 200.000 0.000 243051.13 2989530.00
1484782983175 105 0 1 200.000 0.000 239530.00 2560958.57
1484782983187 106 0 1 200.000 0.000 243051.13 2989530.00
1484782983197 107 0 1 200.000 0.000 243051.13 2989530.00
1484782983218 108 0 1 200.000 0.000 239530.00 2560958.57
1484782983236 109 0 1 200.000 0.484 243051.13 2989530.00
1484782983243 110 0 1 200.000 0.000 243051.13 3589530.00
1484782983255 111 0 1 200.000 0.000 239530.00 2560958.57
1484782983262 112 0 1 200.000 0.000 243051.13 2989530.00
1484782983273 113 0 1 200.000 0.000 243051.13 2989530.00
1484782983288 114 0 1 200.000 0.000 239530.00 2560958.57
1484782983302 115 0 1 200.000 0.000 243051.13 2560958.57
1484782983318 116 0 1 200.000 0.000 243051.13 2989530.00
1484782983337 117 0 1 200.000 0.000 243051.13 2560958.57
1484782983349 118 0 1 200.000 0.000 239530.00 2560958.57
1484782983367 119 0 1 200.000 0.000 239530.00 2560958.57
1484782983382 120 0 1 200.000 0.000 243051.13 2989530.00
1484782983404 121 0 1 200.000 0.000 246672.86 2989530.00
1484782983417 122 0 1 200.000 0.000 239530.00 2989530.00
1484782983434 123 0 1 200.000 0.000 246672.86 2560958.57
1484782983452 124 0 1 200.000 0.000 239530.00 2989530.00
1484782983468 125 0 1 200.000 0.000 246672.86 2989530.00
1484782983484 126 0 1 200.000 0.000 236105.34 2560958.57
1484782983499 127 0 1 200.000 0.000 246672.86 2989530.00
1484782983519 128 0 1 200.000 0.000 246672.86 2989530.00
1484782983529 129 0 1 200.000 0.000 243051.13 2989530.00
1484782983546 130 0 1 200.000 0.000 243051.13 2989530.00
1484782983563 131 0 1 200.000 0.000 243051.13 2989530.00
1484782983574 132 0 1 200.000 0.484 243051.13 2560958.57
1484782983584 133 0 1 200.000 0.000 243051.13 2989530.00
1484782983599 134 0 1 200.000 0.000 243051.13 2989530.00
1484782983617 135 0 1 200.000 0.000 243051.13 2560958.57
1484782983627 136 0 1 200.000 0.000 239530.00 2560958.57
1484782983638 137 0 1 200.000 0.000 243051.13 2560958.57
1484782983650 138 0 1 200.000 0.000 239530.00 2560958.57
1484782983669 139 0 1 200.000 0.000 239530.00 2560958.57
1484782983684 140 0 1 200.000 0.000 243051.13 2989530.00
1484782983695 141 0 1 200.000 0.000 243051.13 2560958.57
1484782983706 142 0 1 200.000 0.000 239530.00 2989530.00
1484782983718 143 0 1 200.000 0.000 246672.86 2989530.00
1484782983728 144 0 1 200.000 0.000 243051.13 2560958.57
1484782983740 145 0 1 200.000 0.000 239530.00 2560958.57
1484782983750 146 0 1 200.000 0.000 243051.13 2560958.57
1484782983763 147 0 1 200.000 0.000 243051.13 2560958.57
1484782983780 148 0 1 200.000 0.000 243051.13 2560958.57
1484782983796 149 0 1 200.000 0.484 246672.86 2560958.57
1484782983815 150 0 1 200.000 0.000 243051.13 2560958.57
1484782983827 151 0 1 200.000 0.000 243051.13 2560958.57
1484782983849 152 0 1 200.000 0.000 243051.13 2560958.57
1484782983863 153 0 1 200.000 0.000 243051.13 2560958.57
1484782983875 154 0 1 200.000 0.000 243051.13 2989530.00
1484782983888 155 0 1 200.000 0.000 243051.13 2560958.57
1484782983906 156 0 1 200.000 0.000 243051.13 2560958.57
1484782983917 157 0 1 200.000 0.000 243051.13 2560958.57
1484782983927 158 0 1 200.000 0.000 239530.00 2989530.00
1484782983950 159 0 1 200.000 0.000 243051.13 2560958.57
1484782983964 160 0 1 200.000 0.000 236105.34 2560958.57
1484782983979 161 0 1 200.000 0.000 243051.13 2560958.57
1484782983990 162 0 1 200.000 0.000 243051.13 2239530.00
1484782984000 163 0 1 200.000 0.000 243051.13 2560958.57
1484782984011 164 0 1 200.000 0.000 239530.00 2989530.00
1484782984021 165 0 1 200.000 0.000 243051.13 2560958.57
1484782984035 166 0 1 200.000 0.000 239530.00 2560958.57
1484782984055 167 0 1 200.000 0.000 243051.13 2239530.00
1484782984068 168 0 1 200.000 0.000 243051.13 2560958.57
1484782984078 169 0 1 200.000 0.484 243051.13 2989530.00
1484782984091 170 0 1 200.000 0.000 239530.00 2560958.57
1484782984130 171 0 1 200.000 0.000 239530.00 2560958.57
1484782984154 172 0 1 200.000 0.000 246672.86 2560958.57
1484782984174 173 0 1 200.000 0.000 239530.00 2989530.00
1484782984184 174 0 1 200.000 0.000 246672.86 2560958.57
1484782984204 175 0 1 200.000 0.000 243051.13 2989530.00
1484782984218 176 0 1 200.000 0.000 243051.13 2560958.57
1484782984228 177 0 1 200.000 0.000 243051.13 2989530.00
1484782984245 178 0 1 200.000 0.000 243051.13 2989530.00
1484782984263 179 0 1 200.000 0.000 243051.13 2560958.57
1484782984271 180 0 1 200.000 0.000 239530.00 2560958.57
1484782984281 181 0 1 200.000 0.000 243051.13 2239530.00
1484782984298 182 0 1 200.000 0.000 243051.13 2560958.57
1484782984312 183 0 1 200.000 0.000 243051.13 2560958.57
1484782984323 184 0 1 200.000 0.000 239530.00 2560958.57
1484782984335 185 0 1 200.000 0.000 243051.13 2989530.00
1484782984355 186 0 1 200.000 0.000 243051.13 2560958.57
1484782984367 187 0 1 200.000 0.000 239530.00 2560958.57
1484782984376 188 0 1 200.000 0.000 243051.13 2560958.57
1484782984392 189 0 1 200.000 0.000 239530.00 2989530.00
1484782984406 190 0 1 200.000 0.000 239530.00 2560958.57
1484782984417 191 0 1 200.000 0.000 243051.13 2560958.57
1484782984427 192 0 1 200.000 0.000 239530.00 2560958.57
1484782984445 193 0 1 200.000 0.000 239530.00 2560958.57
1484782984460 194 0 1 200.000 0.000 243051.13 2560958.57
1484782984472 195 0 1 200.000 0.000 239530.00 2560958.57
1484782984482 196 0 1 200.000 0.000 239530.00 2239530.00
1484782984500 197 0 1 200.000 0.000 239530.00 2560958.57
1484782984512 198 0 1 200.000 0.000 243051.13 2560958.57
1484782984522 199 0 1 200.000 0.000 243051.13 2560958.57
1484782984533 200 0 1 200.000 0.000 239530.00 2560958.57
1484782984553 201 0 1 200.000 0.000 236105.34 1989530.00
1484782984563 202 0 1 200.000 0.000 239530.00 2560958.57
1484782984574 203 0 1 200.000 0.000 239530.00 2560958.57
1484782984593 204 0 1 200.000 0.000 246672.86 2560958.57
1484782984605 205 0 1 200.000 0.484 239530.00 2560958.57
1484782984616 206 0 1 200.000 0.000 243051.13 2560958.57
1484782984626 207 0 1 200.000 0.000 243051.13 2239530.00
1484782984642 208 0 1 200.000 0.000 243051.13 2560958.57
1484782984657 209 0 1 200.000 0.000 239530.00 2239530.00
1484782984669 210 0 1 200.000 0.000 243051.13 2560958.57
1484782984681 211 0 1 200.000 0.000 239530.00 2560958.57
1484782984703 212 0 1 200.000 0.000 243051.13 2560958.57
1484782984712 213 0 1 200.000 0.000 239530.00 2560958.57
1484782984724 214 0 1 200.000 0.000 243051.13 3589530.00
1484782984740 215 0 1 200.000 0.000 239530.00 2560958.57
1484782984749 216 0 1 200.000 0.000 239530.00 2560958.57
1484782984759 217 0 1 200.000 0.000 239530.00 2560958.57
1484782984769 218 0 2 200.000 0.000 243051.13 2239530.00
1484782984782 219 0 2 200.000 0.000 243051.13 2560958.57
1484782984792 220 0 2 200.000 0.000 243051.13 2560958.57
1484782984802 221 0 2 200.000 0.000 239530.00 2560958.57
1484782984812 222 0 2 200.000 0.000 239530.00 2560958.57
1484782984823 223 0 2 200.000 0.000 243051.13 2989530.00
1484782984831 224 0 2 200.000 0.000 243051.13 2560958.57
1484782984841 225 0 2 200.000 0.484 243051.13 2560958.57
1484782984853 226 0 2 200.000 0.000 243051.13 2560958.57
1484782984863 227 0 2 200.000 0.000 246672.86 2560958.57
1484782984875 228 1 2 200.000 0.000 243051.13 2560958.57
1484782984883 229 1 1 200.000 0.000 236105.34 2560958.57
1484782984894 230 1 1 200.000 0.000 243051.13 2239530.00
1484782984904 231 1 1 200.000 0.000 239530.00 2560958.57
1484782984915 232 1 1 200.000 0.000 243051.13 2560958.57
1484782984925 233 1 1 200.000 0.000 239530.00 2989530.00
1484782984935 234 1 1 200.000 0.000 246672.86 2560958.57
1484782984945 235 1 1 200.000 0.000 246672.86 2560958.57
1484782984956 236 1 1 200.000 0.000 266453.08 2560958.57
1484782984976 237 1 1 200.000 -0.484 262257.27 2989530.00
1484782984992 238 1 1 200.000 25.640 262257.27 2560958.57
1484782985006 239 1 1 200.000 -0.484 266453.08 2560958.57
1484782985014 240 1 1 200.000 0.000 266453.08 2560958.57
1484782985025 241 1 1 200.000 -0.484 262257.27 2989530.00
1484782985042 242 1 1 200.000 -0.484 254235.88 2560958.57
1484782985054 243 1 1 200.000 -0.484 258186.72 2560958.57
1484782985070 244 1 1 200.000 -0.484 250399.57 2560958.57
1484782985085 245 1 1 200.000 -0.484 254235.88 3589530.00
1484782985103 246 1 1 200.000 -0.484 250399.57 2989530.00
1484782985121 247 1 1 200.000 0.000 254235.88 3589530.00
1484782985135 248 1 1 200.000 -0.484 246672.86 3589530.00
1484782985154 249 1 1 200.000 -0.484 250399.57 2989530.00
1484782985166 250 1 1 200.000 -0.484 243051.13 2989530.00
1484782985185 251 1 1 200.000 -0.484 246672.86 1374145.38
1484782985197 252 1 1 200.000 0.000 81837.69 52030.00
1484782985216 253 1 1 200.000 82.241 25386.57 38980.55
1484782985229 254 1 1 200.000 128.199 10984.11 41105.93
1484782985242 255 1 1 200.000 178.995 8781.34 44575.87
1484782985259 256 1 1 200.000 239.466 7005.73 inf
1484782985277 257 1 1 200.000 297.518 5893.64 17989530.00
1484782985290 258 1 1 200.000 332.350 5033.88 inf
1484782985308 259 1 1 200.000 376.373 4618.01 17989530.00
1484782985323 260 1 1 200.000 407.334 4164.15 17989530.00
1484782985336 261 1 1 200.000 432.006 3861.21 inf
1484782985351 262 1 1 200.000 458.614 3592.50 17989530.00
1484782985371 263 1 1 200.000 479.416 3440.36 inf
1484782985386 264 1 1 200.000 494.896 3249.51 17989530.00
1484782985400 265 1 1 200.000 506.990 3156.04 inf
1484782985415 266 1 1 200.000 516.666 3043.51 451068.46
1484782985431 267 1 1 200.000 524.406 2982.91 30814.40
1484782985440 268 1 1 200.000 527.793 2922.86 1114530.00
1484782985452 269 1 1 200.000 531.179 2893.03 27584.97
1484782985462 270 1 1 200.000 532.146 2853.46 9288.51
1484782985485 271 1 1 200.000 535.533 2814.13 21672.86
1484782985497 272 1 1 200.000 537.952 2765.29 34870.05
1484782985515 273 1 1 200.000 539.403 2745.86 27265.85
1484782985537 274 1 1 200.000 540.371 2726.48 15654.82
1484782985548 275 1 1 200.000 540.854 2687.89 16638.43
1484782985556 276 1 1 200.000 540.854 2687.89 15392.07
1484782985568 277 1 1 200.000 540.371 2668.69 19630.33
1484782985583 278 1 1 200.000 538.435 2659.10 16476.11
1484782985600 279 1 1 200.000 536.017 2639.98 9397.55
1484782985610 280 1 1 200.000 535.049 2639.98 8905.67
1484782985621 281 1 1 200.000 533.114 2630.44 8241.02
1484782985641 282 1 1 200.000 528.276 2620.91 8905.67
1484782985654 283 1 1 200.000 526.825 2611.40 10339.25
1484782985665 284 1 1 200.000 526.341 2601.90 12815.90
1484782985675 285 1 1 200.000 525.857 2611.40 14634.60
1484782985693 286 1 1 200.000 525.857 2592.41 17222.31
1484782985706 287 1 1 200.000 525.374 2582.94 7422.64
1484782985718 288 1 1 200.000 525.374 2582.94 5878.77
1484782985732 289 1 1 200.000 524.890 2582.94 7878.62
1484782985749 290 1 1 200.000 523.922 2564.03 11269.13
1484782985760 291 1 1 200.000 523.439 2573.48 9732.02
1484782985771 292 1 1 200.000 522.955 2564.03 9223.65
1484782985786 293 1 1 200.000 521.987 2554.60 8968.44
1484782985801 294 1 1 200.000 521.987 2564.03 9052.78
1484782985812 295 1 1 200.000 521.504 2554.60 9353.79
1484782985833 296 1 1 200.000 521.504 2554.60 9266.84
1484782985843 297 1 1 200.000 521.504 2535.78 7767.08
1484782985853 298 1 1 200.000 521.020 2535.78 7972.62
1484782985864 299 1 1 200.000 521.020 2535.78 8397.92
1484782985874 300 1 1 200.000 521.020 2535.78 7584.16
1484782985892 301 1 1 200.000 520.536 2526.39 7125.31
1484782985908 302 1 1 200.000 520.052 2526.39 6607.80
1484782985917 303 1 1 200.000 520.052 2517.01 6640.27
1484782985935 304 1 1 200.000 519.568 2526.39 8843.30
1484782985951 305 1 1 200.000 519.568 2517.01 8163.54
1484782985964 306 1 1 200.000 519.568 2517.01 8378.17
1484782985972 307 1 1 200.000 519.568 2507.65 7125.31
1484782985990 308 1 1 200.000 519.568 2507.65 6787.91
1484782986003 309 1 1 200.000 519.568 2507.65 6289.78
1484782986015 310 1 1 200.000 520.052 2507.65 5878.77
1484782986025 311 1 1 200.000 520.052 2498.30 6074.12
1484782986046 312 1 1 200.000 521.504 2479.64 5209.44
1484782986060 313 1 1 200.000 523.439 2488.96 4618.01
1484782986070 314 1 1 200.000 523.922 2507.65 4732.70
1484782986081 315 1 1 200.000 525.374 2498.30 5333.34
1484782986099 316 1 1 200.000 527.309 2479.64 5804.86
1484782986115 317 1 1 200.000 528.760 2479.64 6672.86
1484782986125 318 1 1 200.000 530.211 2479.64 6336.72
1484782986144 319 1 1 200.000 531.179 2470.33 6119.86
1484782986160 320 1 1 200.000 531.663 2461.03 5473.31
1484782986169 321 1 1 200.000 531.179 2461.03 5501.61
1484782986179 322 1 1 200.000 530.695 2451.75 6591.61
1484782986199 323 1 1 200.000 530.695 2461.03 8557.48
1484782986212 324 1 1 200.000 530.695 2451.75 10101.43
1484782986222 325 1 1 200.000 530.695 2451.75 9777.47
1484782986237 326 1 1 200.000 530.211 2451.75 12846.06
1484782986253 327 1 1 200.000 530.211 2433.23 12343.69
1484782986264 328 1 1 200.000 530.211 2442.48 15392.07
1484782986274 329 1 1 200.000 530.211 2442.48 15541.56
1484782986285 330 1 1 200.000 530.211 2442.48 10243.46
1484782986302 331 1 1 200.000 530.211 2433.23 8182.85
1484782986316 332 1 1 200.000 530.211 2423.98 7711.82
1484782986326 333 1 1 200.000 529.728 2433.23 8557.48
1484782986345 334 1 1 200.000 529.728 2433.23 7548.02
1484782986353 335 1 1 200.000 529.728 2423.98 10054.52
1484782986367 336 1 1 200.000 529.728 2433.23 8397.92
1484782986377 337 1 1 200.000 529.728 2423.98 10339.25
1484782986388 338 1 1 200.000 529.244 2423.98 12314.81
1484782986400 339 1 1 200.000 529.244 2423.98 12489.18
1484782986410 340 1 1 200.000 529.244 2414.75 12725.88
1484782986419 341 1 1 200.000 528.760 2423.98 11670.22
1484782986429 342 1 1 200.000 528.760 2414.75 12200.03
1484782986443 343 1 1 200.000 528.760 2414.75 8517.34
1484782986453 344 1 1 200.000 528.276 2414.75 8843.30
1484782986462 345 1 1 200.000 528.276 2423.98 8968.44
1484782986474 346 1 1 200.000 528.276 2405.54 9202.13
1484782986484 347 1 1 200.000 527.793 2405.54 9915.05
1484782986494 348 1 1 200.000 527.793 2405.54 14019.80
1484782986504 349 1 1 200.000 527.793 2405.54 12228.61
1484782986514 350 1 1 200.000 527.309 2405.54 11615.89
1484782986523 351 1 1 200.000 527.793 2405.54 11807.23
1484782986534 352 1 1 200.000 527.309 2405.54 14053.16
1484782986546 353 1 1 200.000 527.309 2405.54 11454.48
1484782986554 354 1 1 200.000 527.309 2414.75 11164.62
1484782986565 355 1 1 200.000 527.309 2405.54 7953.75
1484782986575 356 1 1 200.000 527.309 2414.75 10806.60
1484782986595 357 1 1 200.000 526.825 2405.54 7369.44
1484782986605 358 1 1 200.000 526.825 2405.54 7494.07
1484782986614 359 1 1 200.000 526.825 2405.54 7675.16
1484782986624 360 1 1 200.000 526.825 2405.54 8163.54
1484782986640 361 1 1 200.000 526.825 2396.33 12725.88
1484782986655 362 1 1 200.000 526.825 2405.54 10656.76
1484782986671 363 1 1 200.000 526.825 2396.33 8202.20
1484782986682 364 1 1 200.000 526.825 2396.33 5983.38
1484782986703 365 1 1 200.000 526.825 2387.14 5431.06
1484782986717 366 1 1 200.000 526.825 2387.14 5127.92
1484782986734 367 1 1 200.000 526.825 2387.14 5195.80
1484782986748 368 1 1 200.000 526.825 2387.14 5182.17
1484782986762 369 1 1 200.000 526.825 2387.14 5127.92
1484782986783 370 1 1 200.000 526.825 2387.14 5033.88
1484782986796 371 1 1 200.000 526.341 2387.14 4980.64
1484782986816 372 1 1 200.000 526.341 2377.97 5182.17
1484782986835 373 1 1 200.000 526.341 2387.14 5572.78
1484782986851 374 1 1 200.000 526.341 2387.14 5849.13
1484782986862 375 1 1 200.000 526.341 2368.80 6463.21
1484782986882 376 1 1 200.000 525.857 2377.97 8417.72
1484782986899 377 1 1 200.000 526.341 2377.97 7005.73
1484782986917 378 1 1 200.000 526.341 2377.97 7263.99
1484782986925 379 1 1 200.000 525.857 2368.80 7584.16
1484782986945 380 1 1 200.000 526.341 2368.80 7972.62
1484782986964 381 1 1 200.000 526.341 2359.65 8497.33
1484782986978 382 1 1 200.000 526.341 2368.80 9507.80
1484782986991 383 1 1 200.000 526.341 2359.65 10656.76
1484782987009 384 1 1 200.000 526.341 2359.65 10681.59
1484782987025 385 1 1 200.000 526.341 2359.65 12343.69
1484782987040 386 1 1 200.000 525.857 2350.51 12876.30
1484782987052 387 1 1 200.000 525.857 2359.65 15061.91
1484782987062 388 1 1 200.000 525.857 2359.65 26041.16
1484782987081 389 1 1 200.000 525.857 2368.80 28073.90
1484782987095 390 1 1 200.000 525.857 2359.65 28323.10
1484782987105 391 1 1 200.000 526.341 2350.51 21053.64
1484782987117 392 1 1 200.000 525.857 2359.65 31004.65
1484782987135 393 1 1 200.000 526.341 2359.65 30532.28
1484782987147 394 1 1 200.000 526.825 2350.51 31982.83
1484782987156 395 1 1 200.000 526.825 2359.65 29265.10
1484782987173 396 1 1 200.000 526.825 2350.51 34870.05
1484782987189 397 1 1 200.000 527.309 2341.39 37402.34
1484782987199 398 1 1 200.000 527.793 2350.51 36898.42
1484782987214 399 1 1 200.000 528.276 2350.51 35099.62
1484782987232 400 1 1 200.000 528.276 2341.39 9709.37
1484782987243 401 1 1 200.000 529.244 2332.28 8221.59
1484782987261 402 1 1 200.000 529.244 2341.39 8417.72
1484782987277 403 1 1 200.000 529.244 2350.51 9441.50
1484782987287 404 1 1 200.000 529.244 2341.39 8781.34
1484782987296 405 1 1 200.000 529.244 2332.28 10031.14
1484782987308 406 1 1 200.000 529.728 2341.39 7804.11
1484782987324 407 1 1 200.000 529.244 2332.28 6336.72
1484782987339 408 1 1 200.000 529.728 2332.28 6289.78
1484782987349 409 1 1 200.000 529.244 2341.39 6305.40
1484782987363 410 1 1 200.000 529.244 2332.28 6321.04
1484782987376 411 1 1 200.000 529.244 2332.28 6321.04
1484782987390 412 1 1 200.000 529.244 2341.39 6383.93
1484782987399 413 1 1 200.000 529.244 2332.28 6640.27
1484782987413 414 1 1 200.000 529.244 2332.28 6871.04
1484782987429 415 1 1 200.000 529.244 2314.09 7125.31
1484782987440 416 1 1 200.000 529.244 2323.18 6887.76
1484782987452 417 1 1 200.000 528.760 2332.28 7404.88
1484782987470 418 1 1 200.000 529.244 2332.28 7841.29
1484782987486 419 1 1 200.000 529.244 2323.18 8241.02
1484782987496 420 1 1 200.000 528.760 2323.18 8457.44
1484782987506 421 1 1 200.000 528.760 2314.09 9159.23
1484782987524 422 1 1 200.000 529.244 2323.18 10007.82
1484782987537 423 1 1 200.000 529.244 2323.18 10243.46
1484782987547 424 1 1 200.000 529.244 2314.09 10387.47
1484782987557 425 1 1 200.000 528.760 2332.28 9686.77
1484782987578 426 1 1 200.000 528.760 2323.18 9686.77
1484782987589 427 1 1 200.000 528.760 2314.09 8989.46
1484782987601 428 1 1 200.000 528.760 2323.18 13090.21
1484782987615 429 1 1 200.000 528.760 2314.09 10681.59
1484782987632 430 1 1 200.000 528.760 2314.09 11561.82
1484782987642 431 1 1 200.000 528.760 2314.09 10731.41
1484782987654 432 1 1 200.000 528.760 2323.18 15207.60
1484782987673 433 1 1 200.000 528.760 2314.09 13691.07
1484782987687 434 1 1 200.000 528.760 2314.09 14495.33
1484782987697 435 1 1 200.000 528.760 2314.09 13920.24
1484782987708 436 1 1 200.000 528.760 2305.02 7458.29
1484782987726 437 1 1 200.000 528.760 2314.09 10267.33
1484782987742 438 1 1 200.000 528.276 2305.02 9095.22
1484782987752 439 1 1 200.000 528.276 2305.02 10681.59
1484782987773 440 1 1 200.000 528.276 2314.09 11401.20
1484782987785 441 1 1 200.000 528.276 2314.09 12876.30
1484782987794 442 1 1 200.000 528.276 2295.96 13562.04
1484782987813 443 1 1 200.000 528.760 2305.02 11890.25
1484782987826 444 1 1 200.000 528.276 2314.09 10411.67
1484782987837 445 1 1 200.000 528.276 2305.02 11807.23
1484782987854 446 1 1 200.000 528.276 2295.96 14019.80
1484782987871 447 1 1 200.000 528.276 2305.02 15244.29
1484782987880 448 1 1 200.000 528.276 2305.02 19086.65
1484782987892 449 1 1 200.000 528.276 2295.96 14634.60
1484782987901 450 1 2 200.000 528.276 2295.96 12547.90
1484782987919 451 1 2 200.000 528.276 2305.02 12815.90
1484782987935 452 1 2 200.000 527.793 2286.91 12228.61
1484782987945 453 1 2 200.000 482.802 2488.96 9777.47
1484782987964 454 1 2 200.000 338.639 3053.67 8989530.00
1484782987976 455 1 2 200.000 255.430 3748.01 8989530.00
1484782987987 456 1 2 200.000 184.316 4707.07 49330.66
1484782987999 457 1 2 200.000 116.105 6212.11 27265.85
1484782988009 458 2 2 200.000 63.374 8781.34 50754.49
1484782988021 459 2 1 200.000 19.835 13594.17 21845.98
1484782988030 460 2 1 200.000 0.000 23881.15 59568.91
1484782988040 461 2 1 200.000 -0.484 53134.24 196426.55
1484782988050 462 2 1 200.000 -0.484 87356.09 294614.75
1484782988061 463 2 1 200.000 30.477 101331.24 681837.69
1484782988074 464 2 1 200.000 34.831 17699.01 11454.48
1484782988083 465 2 1 200.000 69.179 11138.64 8144.27
1484782988093 466 2 1 200.000 129.166 8822.60 5501.61
1484782988104 467 2 1 200.000 170.287 7246.54 25032.96
1484782988114 468 2 1 200.000 209.472 6243.09 21845.98
1484782988124 469 2 1 200.000 253.979 5459.20 19680.75
1484782988136 470 2 1 200.000 288.327 5209.44 16315.71
1484782988146 471 2 1 200.000 317.837 4430.66 inf
1484782988155 472 2 1 200.000 349.282 4199.93 inf
1484782988167 473 2 1 200.000 372.986 3976.23 inf
1484782988177 474 2 1 200.000 398.626 3636.58 8989530.00
1484782988187 475 2 1 200.000 418.461 3429.61 8989530.00
1484782988207 476 2 1 200.000 452.808 3239.06 17989530.00
1484782988216 477 2 1 200.000 466.838 3135.44 17989530.00
1484782988225 478 2 1 200.000 478.448 3023.25 17989530.00
1484782988236 479 2 1 200.000 491.510 2932.83 17989530.00
1484782988253 480 2 1 200.000 508.442 2843.61 428554.39
1484782988275 481 2 1 200.000 524.406 2726.48 2989530.00
1484782988288 482 2 1 200.000 531.179 2687.89 41855.58
1484782988303 483 2 1 200.000 536.984 2639.98 19086.65
1484782988319 484 2 1 200.000 541.338 2592.41 5983.38
1484782988336 485 2 1 200.000 540.854 2592.41 12846.06
1484782988348 486 2 1 200.000 541.338 2564.03 15616.96
1484782988363 487 2 1 200.000 540.854 2554.60 13594.17
1484782988380 488 2 1 200.000 540.854 2535.78 27030.00
1484782988394 489 2 1 200.000 541.338 2517.01 30625.89
1484782988408 490 2 1 200.000 540.854 2507.65 30070.54
1484782988423 491 2 1 200.000 540.854 2488.96 18056.15
1484782988442 492 2 1 200.000 540.854 2488.96 19038.20
1484782988459 493 2 1 200.000 539.887 2479.64 7073.86
1484782988475 494 2 1 200.000 538.435 2470.33 6511.13
1484782988488 495 2 1 200.000 536.984 2461.03 6305.40
1484782988505 496 2 1 200.000 533.114 2442.48 8086.70
1484782988524 497 2 1 200.000 529.244 2442.48 9095.22
1484782988540 498 2 1 200.000 527.309 2442.48 5431.06
1484782988556 499 2 1 200.000 526.825 2442.48 3999.45
1484782988571 500 2 1 200.000 526.825 2433.23 4034.43
1484782988583 501 2 1 200.000 526.825 2423.98 6804.47
1484782988603 502 2 1 200.000 526.825 2433.23 5047.24
1484782988617 503 2 1 200.000 526.341 2414.75 6352.43
1484782988633 504 2 1 200.000 526.341 2414.75 3429.61
1484782988649 505 2 1 200.000 525.857 2405.54 2620.91
1484782988669 506 2 1 200.000 525.857 2405.54 2368.80
1484782988677 507 2 1 200.000 525.857 2405.54 2277.88
1484782988699 508 2 1 200.000 525.374 2405.54 2314.09
1484782988708 509 2 1 200.000 525.857 2387.14 2368.80
1484782988718 510 2 1 200.000 525.857 2396.33 2341.39
1484782988730 511 2 1 200.000 525.374 2396.33 2341.39
1484782988749 512 2 1 200.000 525.374 2396.33 2517.01
1484782988763 513 2 1 200.000 525.857 2387.14 2507.65
1484782988773 514 2 1 200.000 525.374 2387.14 2535.78
1484782988792 515 2 1 200.000 525.374 2387.14 2697.52
1484782988806 516 2 1 200.000 524.890 2387.14 2863.33
1484782988816 517 2 1 200.000 524.890 2377.97 2922.86
1484782988831 518 2 1 200.000 524.890 2377.97 2853.46
1484782988848 519 2 1 200.000 524.890 2377.97 2962.84
1484782988860 520 2 1 200.000 524.890 2377.97 2912.90
1484782988869 521 2 1 200.000 525.374 2368.80 2893.03
1484782988880 522 2 1 200.000 524.890 2368.80 2833.77
1484782988898 523 2 1 200.000 524.890 2368.80 2833.77
1484782988913 524 2 1 200.000 525.374 2359.65 2863.33
1484782988925 525 2 1 200.000 526.341 2359.65 2592.41
1484782988945 526 2 1 200.000 527.309 2359.65 2620.91
1484782988954 527 2 1 200.000 528.276 2350.51 2775.03
1484782988966 528 2 1 200.000 528.276 2359.65 2498.30
1484782988976 529 2 1 200.000 529.244 2350.51 2726.48
1484782988994 530 2 1 200.000 530.695 2368.80 2433.23
1484782989007 531 2 1 200.000 530.695 2350.51 2152.72
1484782989019 532 2 1 200.000 530.211 2359.65 2286.91
1484782989029 533 2 1 200.000 530.211 2350.51 2697.52
1484782989050 534 2 1 200.000 530.211 2350.51 3537.78
1484782989064 535 2 1 200.000 530.211 2350.51 3548.69
1484782989072 536 2 1 200.000 529.728 2350.51 4344.81
1484782989083 537 2 1 200.000 530.211 2341.39 4332.63
1484782989112 538 2 1 200.000 530.211 2332.28 5893.64
1484782989137 539 2 1 200.000 529.728 2323.18 3472.68
1484782989162 540 2 1 200.000 529.728 2332.28 3354.88
1484782989177 541 2 1 200.000 529.244 2332.28 3505.16
1484782989197 542 2 1 200.000 529.244 2314.09 3872.63
1484782989210 543 2 1 200.000 528.760 2332.28 3759.25
1484782989220 544 2 1 200.000 528.760 2323.18 3872.63
1484782989236 545 2 1 200.000 528.276 2323.18 4480.17
1484782989250 546 2 1 200.000 528.276 2323.18 3302.00
1484782989263 547 2 1 200.000 528.276 2314.09 3094.43
1484782989272 548 2 1 200.000 528.276 2332.28 2765.29
1484782989297 549 2 1 200.000 528.276 2314.09 2765.29
1484782989306 550 2 1 200.000 528.276 2314.09 2630.44
1484782989316 551 2 1 200.000 527.309 2314.09 2620.91
1484782989328 552 2 1 200.000 527.793 2314.09 2659.10
1484782989348 553 2 1 200.000 527.309 2314.09 2726.48
1484782989361 554 2 1 200.000 527.309 2314.09 3063.83
1484782989373 555 2 1 200.000 527.309 2305.02 3692.08
1484782989392 556 2 1 200.000 526.825 2305.02 4707.07
1484782989407 557 2 1 200.000 526.825 2314.09 6399.73
1484782989415 558 2 1 200.000 526.825 2314.09 6119.86
1484782989431 559 2 1 200.000 526.825 2305.02 5223.11
1484782989449 560 2 1 200.000 526.825 2305.02 4656.05
1484782989461 561 2 1 200.000 526.825 2314.09 4542.51
1484782989480 562 2 1 200.000 526.341 2295.96 3838.43
1484782989492 563 2 1 200.000 526.825 2305.02 3714.40
1484782989503 564 2 1 200.000 526.341 2295.96 3505.16
1484782989513 565 2 1 200.000 526.341 2295.96 3270.46
1484782989533 566 2 1 200.000 525.857 2286.91 3228.63
1484782989545 567 2 1 200.000 525.857 2295.96 3259.98
1484782989558 568 2 1 200.000 525.857 2295.96 3270.46
1484782989566 569 2 1 200.000 525.857 2295.96 3386.81
1484782989584 570 2 1 200.000 525.857 2295.96 3451.11
1484782989597 571 2 1 200.000 525.374 2295.96 3228.63
1484782989608 572 2 1 200.000 525.374 2286.91 3291.47
1484782989617 573 2 1 200.000 525.374 2286.91 3397.49
1484782989636 574 2 1 200.000 525.374 2295.96 4810.14
1484782989642 575 2 1 200.000 524.890 2295.96 4480.17
1484782989654 576 2 1 200.000 525.374 2286.91 4093.11
1484782989664 577 2 1 200.000 524.890 2277.88 3703.23
1484782989673 578 2 1 200.000 524.890 2286.91 3218.21
1484782989683 579 2 1 200.000 524.890 2286.91 2962.84
1484782989693 580 2 1 200.000 524.890 2295.96 2863.33
1484782989702 581 2 1 200.000 524.890 2286.91 2863.33
1484782989712 582 2 1 200.000 524.890 2295.96 2942.82
1484782989722 583 2 1 200.000 524.890 2286.91 3063.83
1484782989733 584 2 1 200.000 524.890 2277.88 3344.27
1484782989743 585 2 1 200.000 524.890 2286.91 3429.61
1484782989754 586 2 1 200.000 524.890 2286.91 3636.58
1484782989764 587 2 1 200.000 524.890 2286.91 3472.68
1484782989773 588 2 1 200.000 525.374 2277.88 3114.91
1484782989783 589 2 1 200.000 524.890 2286.91 2883.12
1484782989794 590 2 1 200.000 525.374 2277.88 2678.28
1484782989806 591 2 1 200.000 525.374 2277.88 2611.40
1484782989818 592 2 1 200.000 525.857 2277.88 2488.96
1484782989828 593 2 1 200.000 526.341 2277.88 2507.65
1484782989837 594 2 1 200.000 526.825 2277.88 2479.64
1484782989849 595 2 1 200.000 526.825 2277.88 2470.33
1484782989863 596 2 1 200.000 526.825 2286.91 2488.96
1484782989884 597 2 1 200.000 527.793 2277.88 2573.48
1484782989898 598 2 1 200.000 528.276 2268.85 2517.01
1484782989909 599 2 1 200.000 528.276 2286.91 2470.33
1484782989918 600 2 1 200.000 528.276 2268.85 2488.96
1484782989937 601 2 1 200.000 528.276 2268.85 2639.98
1484782989954 602 2 1 200.000 528.276 2259.84 2582.94
1484782989969 603 2 1 200.000 528.276 2268.85 2784.79
1484782989984 604 2 1 200.000 528.276 2268.85 2611.40
1484782989999 605 2 1 200.000 528.276 2259.84 2259.84
1484782990016 606 2 1 200.000 528.276 2259.84 2359.65
1484782990031 607 2 1 200.000 528.276 2268.85 2942.82
1484782990045 608 2 1 200.000 528.276 2277.88 3614.51
1484782990059 609 2 1 200.000 528.276 2259.84 8338.78
1484782990075 610 2 1 200.000 528.276 2250.85 4332.63
1484782990095 611 2 1 200.000 528.276 2259.84 2259.84
1484782990111 612 2 1 200.000 528.276 2259.84 2082.30
1484782990127 613 2 1 200.000 528.276 2259.84 1986.75
1484782990139 614 2 1 200.000 528.276 2268.85 1969.53
1484782990155 615 2 1 200.000 528.276 2259.84 1943.79
1484782990169 616 2 1 200.000 528.276 2268.85 1952.36
1484782990188 617 2 1 200.000 528.276 2250.85 1935.24
1484782990203 618 2 1 200.000 527.793 2250.85 1935.24
1484782990220 619 2 1 200.000 527.793 2250.85 1875.68
1484782990233 620 2 1 200.000 527.309 2250.85 1825.08
1484782990245 621 2 1 200.000 527.793 2250.85 1825.08
1484782990264 622 2 1 200.000 527.309 2250.85 1841.90
1484782990282 623 2 1 200.000 527.309 2250.85 1833.49
1484782990294 624 2 1 200.000 526.825 2259.84 1816.69
1484782990310 625 2 1 200.000 527.309 2241.86 1833.49
1484782990325 626 2 1 200.000 527.309 2250.85 1850.33
1484782990342 627 2 1 200.000 526.825 2250.85 1867.22
1484782990357 628 2 1 200.000 526.825 2250.85 1875.68
1484782990366 629 2 1 200.000 526.825 2241.86 1901.13
1484782990386 630 2 1 200.000 526.825 2241.86 1935.24
1484782990400 631 2 1 200.000 526.825 2241.86 1960.94
1484782990408 632 2 1 200.000 526.825 2250.85 1986.75
1484782990419 633 2 1 200.000 526.825 2241.86 2030.00
1484782990439 634 2 1 200.000 526.825 2241.86 2038.69
1484782990454 635 2 1 200.000 526.825 2250.85 2012.66
1484782990464 636 2 1 200.000 526.825 2241.86 2030.00
1484782990486 637 2 1 200.000 526.825 2241.86 2030.00
1484782990497 638 2 1 200.000 526.825 2250.85 2082.30
1484782990507 639 2 1 200.000 526.825 2241.86 2082.30
1484782990527 640 2 1 200.000 526.825 2241.86 2056.10
1484782990539 641 2 1 200.000 526.825 2223.94 2091.06
1484782990546 642 2 1 200.000 526.825 2241.86 2082.30
1484782990556 643 2 1 200.000 526.825 2232.89 2091.06
1484782990566 644 2 1 200.000 526.341 2232.89 2047.39
1484782990581 645 2 1 200.000 526.825 2223.94 2012.66
1484782990595 646 2 1 200.000 526.341 2241.86 2082.30
1484782990609 647 2 1 200.000 526.341 2223.94 2170.45
1484782990626 648 2 1 200.000 526.341 2232.89 2099.83
1484782990642 649 2 1 200.000 526.825 2232.89 2091.06
1484782990651 650 2 1 200.000 526.341 2232.89 2073.55
1484782990662 651 2 1 200.000 526.341 2232.89 2056.10
1484782990683 652 2 1 200.000 526.825 2223.94 2047.39
1484782990693 653 2 1 200.000 526.341 2223.94 2021.33
1484782990704 654 2 1 200.000 526.341 2232.89 2030.00
1484782990724 655 2 1 200.000 525.857 2223.94 2030.00
1484782990736 656 2 1 200.000 526.341 2223.94 2004.01
1484782990746 657 2 1 200.000 526.341 2241.86 1960.94
1484782990756 658 2 1 200.000 525.857 2232.89 1960.94
1484782990767 659 2 1 200.000 526.341 2223.94 1935.24
1484782990788 660 2 1 200.000 526.341 2223.94 1918.16
1484782990800 661 2 1 200.000 526.341 2223.94 1909.64
1484782990812 662 2 1 200.000 526.341 2223.94 1926.69
1484782990828 663 2 1 200.000 526.341 2223.94 1909.64
1484782990843 664 2 1 200.000 526.341 2223.94 1892.64
1484782990855 665 2 1 200.000 525.857 2223.94 1875.68
1484782990875 666 2 1 200.000 526.341 2223.94 1867.22
1484782990885 667 2 1 200.000 526.341 2214.99 1867.22
1484782990896 668 2 1 200.000 526.341 2223.94 1841.90
1484782990906 669 2 1 200.000 525.857 2232.89 1850.33
1484782990921 670 2 1 200.000 525.857 2223.94 1850.33
1484782990939 671 2 1 200.000 525.857 2214.99 1841.90
1484782990949 672 2 1 200.000 525.857 2223.94 1833.49
1484782990960 673 2 1 200.000 525.857 2223.94 1841.90
1484782990981 674 2 1 200.000 525.857 2223.94 1841.90
1484782990992 675 2 1 200.000 525.857 2206.06 1841.90
1484782991001 676 2 1 200.000 525.857 2232.89 1841.90
1484782991013 677 2 1 200.000 525.857 2223.94 1841.90
1484782991035 678 2 1 200.000 525.374 2214.99 1833.49
1484782991045 679 2 2 200.000 526.341 2223.94 1833.49
1484782991056 680 2 2 200.000 525.857 2223.94 1841.90
1484782991074 681 2 2 200.000 525.374 2214.99 1833.49
1484782991087 682 2 2 200.000 493.929 2323.18 2814.13
1484782991099 683 2 2 200.000 401.045 2601.90 40234.23
1484782991109 684 2 2 200.000 326.544 3053.67 34756.13
1484782991127 685 2 2 200.000 198.346 4823.12 4823.12
1484782991143 686 2 2 200.000 104.010 6640.27 4605.38
1484782991151 687 3 2 200.000 64.825 11834.83 36898.42
1484782991171 688 3 1 200.000 -0.484 26797.08 91224.92
1484782991181 689 3 1 200.000 -0.484 49530.00 167747.82
1484782991193 690 3 1 200.000 0.000 87356.09 239530.00
1484782991205 691 3 1 200.000 -0.484 102030.00 936898.42
1484782991220 692 3 1 200.000 43.055 147424.74 889530.00
1484782991236 693 3 1 200.000 48.861 13276.70 10435.92
1484782991245 694 3 1 200.000 85.143 9777.47 6013.52
1484782991255 695 3 1 200.000 139.326 8864.05 9463.55
1484782991266 696 3 1 200.000 176.576 6672.86 11035.38
1484782991276 697 3 1 200.000 220.115 5501.61 16157.22
1484782991287 698 3 1 200.000 259.784 5236.81 12696.02
1484782991298 699 3 1 200.000 293.164 4732.70 7056.78
1484782991308 700 3 1 200.000 330.415 4093.11 4668.77
1484782991318 701 3 1 200.000 352.184 3953.08 12430.76
1484782991329 702 3 1 200.000 380.727 3537.78 8417.72
1484782991339 703 3 1 200.000 405.883 3386.81 10077.95
1484782991351 704 3 1 200.000 426.201 3259.98 12343.69
1484782991361 705 3 1 200.000 444.100 3135.44 17989530.00
1484782991370 706 3 1 200.000 462.967 2992.98 26720.08
1484782991384 707 3 1 200.000 478.448 2902.96 17989530.00
1484782991390 708 3 1 200.000 486.188 2804.34 inf
1484782991401 709 3 1 200.000 498.766 2736.16 17989530.00
1484782991413 710 3 1 200.000 510.861 2687.89 inf
1484782991423 711 3 1 200.000 518.117 2639.98 8989530.00
1484782991433 712 3 1 200.000 524.406 2592.41 8989530.00
1484782991442 713 3 1 200.000 529.244 2573.48 95412.35
1484782991451 714 3 1 200.000 533.598 2535.78 18422.46
1484782991462 715 3 1 200.000 537.468 2507.65 2989530.00
1484782991482 716 3 1 200.000 540.854 2479.64 40234.23
1484782991495 717 3 1 200.000 540.371 2461.03 1114530.00
1484782991503 718 3 1 200.000 540.854 2451.75 5100.93
1484782991513 719 3 1 200.000 540.854 2442.48 148822.04
1484782991529 720 3 1 200.000 541.338 2423.98 7972.62
1484782991544 721 3 1 200.000 541.822 2405.54 11534.89
1484782991562 722 3 1 200.000 541.822 2396.33 8537.39
1484782991576 723 3 1 200.000 542.306 2396.33 5702.51
1484782991591 724 3 1 200.000 541.822 2368.80 6258.62
1484782991613 725 3 1 200.000 539.887 2368.80 8905.67
1484782991626 726 3 1 200.000 538.919 2359.65 7090.98
1484782991642 727 3 1 200.000 536.017 2359.65 10219.66
1484782991658 728 3 1 200.000 532.146 2350.51 12430.76
1484782991675 729 3 1 200.000 528.276 2332.28 7229.12
1484782991694 730 3 1 200.000 526.825 2341.39 6305.40
1484782991703 731 3 1 200.000 526.341 2332.28 6591.61
1484782991722 732 3 1 200.000 526.341 2341.39 6904.52
1484782991736 733 3 1 200.000 526.341 2332.28 9310.22
1484782991751 734 3 1 200.000 526.341 2323.18 9574.54
1484782991768 735 3 1 200.000 526.341 2323.18 10558.04
1484782991783 736 3 1 200.000 526.341 2314.09 12876.30
1484782991799 737 3 1 200.000 525.857 2323.18 8760.77
1484782991814 738 3 1 200.000 525.857 2314.09 7711.82
1484782991830 739 3 1 200.000 525.374 2295.96 6527.17
1484782991845 740 3 1 200.000 525.374 2305.02 6135.17
1484782991860 741 3 1 200.000 525.374 2295.96 6447.29
1484782991873 742 3 1 200.000 525.857 2305.02 6495.13
1484782991890 743 3 1 200.000 525.857 2295.96 5644.59
1484782991904 744 3 1 200.000 525.374 2305.02 5601.43
1484782991921 745 3 1 200.000 525.374 2286.91 5687.99
1484782991934 746 3 1 200.000 525.374 2286.91 5953.36
1484782991947 747 3 1 200.000 524.890 2286.91 5746.22
1484782991955 748 3 1 200.000 525.374 2286.91 5074.04
1484782991965 749 3 1 200.000 524.890 2286.91 4542.51
1484782991986 750 3 1 200.000 524.890 2277.88 4467.76
1484782991998 751 3 1 200.000 525.374 2277.88 4618.01
1484782992007 752 3 1 200.000 525.374 2286.91 4492.59
1484782992026 753 3 1 200.000 525.857 2277.88 4223.88
1484782992038 754 3 1 200.000 526.341 2277.88 4034.43
1484782992050 755 3 1 200.000 526.341 2268.85 6672.86
1484782992060 756 3 1 200.000 526.825 2268.85 4862.20
1484782992079 757 3 1 200.000 527.793 2259.84 4128.54
1484782992091 758 3 1 200.000 528.276 2268.85 3884.07
1484782992101 759 3 1 200.000 529.244 2259.84 3636.58
1484782992112 760 3 1 200.000 529.728 2259.84 2972.87
1484782992134 761 3 1 200.000 530.211 2259.84 3176.70
1484782992144 762 3 1 200.000 530.695 2268.85 3804.39
1484782992154 763 3 1 200.000 530.211 2250.85 4719.87
1484782992163 764 3 1 200.000 530.211 2250.85 4116.71
1484782992183 765 3 1 200.000 530.211 2250.85 4259.95
1484782992196 766 3 1 200.000 530.211 2250.85 4320.47
1484782992207 767 3 1 200.000 530.211 2250.85 3838.43
1484782992216 768 3 1 200.000 530.211 2250.85 4888.36
1484782992236 769 3 1 200.000 530.211 2241.86 8905.67
1484782992251 770 3 1 200.000 530.211 2250.85 3703.23
1484782992259 771 3 1 200.000 530.211 2250.85 3804.39
1484782992277 772 3 1 200.000 529.728 2250.85 3725.58
1484782992288 773 3 1 200.000 529.728 2250.85 3625.54
1484782992302 774 3 1 200.000 529.728 2232.89 3429.61
1484782992314 775 3 1 200.000 529.728 2241.86 3804.39
1484782992330 776 3 1 200.000 529.728 2250.85 7566.07
1484782992344 777 3 1 200.000 529.244 2232.89 4104.90
1484782992353 778 3 1 200.000 529.728 2250.85 3658.73
1484782992365 779 3 1 200.000 528.760 2232.89 3714.40
1484782992386 780 3 1 200.000 528.760 2232.89 4517.51
1484782992401 781 3 1 200.000 528.760 2232.89 4745.55
1484782992409 782 3 1 200.000 528.276 2232.89 8048.52
1484782992419 783 3 1 200.000 528.276 2241.86 8144.27
1484782992437 784 3 1 200.000 528.276 2223.94 5155.00
1484782992451 785 3 1 200.000 528.276 2223.94 5250.52
1484782992462 786 3 1 200.000 528.276 2223.94 7878.62
1484782992482 787 3 1 200.000 528.276 2232.89 3930.00
1484782992495 788 3 1 200.000 528.276 2223.94 4567.59
1484782992506 789 3 1 200.000 528.276 2232.89 4344.81
1484782992516 790 3 1 200.000 527.793 2232.89 4530.00
1484782992535 791 3 1 200.000 527.793 2232.89 5431.06
1484782992547 792 3 1 200.000 527.793 2223.94 8926.55
1484782992556 793 3 1 200.000 527.309 2223.94 8843.30
1484782992567 794 3 1 200.000 527.309 2223.94 4393.75
1484782992589 795 3 1 200.000 527.309 2214.99 4272.01
1484782992603 796 3 1 200.000 527.309 2214.99 4381.49
1484782992610 797 3 1 200.000 527.309 2223.94 4758.43
1484782992623 798 3 1 200.000 526.825 2214.99 5804.86
1484782992639 799 3 1 200.000 526.825 2206.06 4719.87
1484782992656 800 3 1 200.000 526.825 2214.99 7785.58
1484782992664 801 3 1 200.000 526.825 2223.94 7073.86
1484782992671 802 3 1 200.000 526.825 2214.99 6479.15
1484782992691 803 3 1 200.000 526.825 2206.06 6243.09
1484782992705 804 3 1 200.000 526.825 2206.06 6656.55
1484782992714 805 3 1 200.000 526.825 2206.06 7125.31
1484782992732 806 3 1 200.000 526.825 2206.06 11374.66
1484782992745 807 3 1 200.000 526.825 2223.94 5473.31
1484782992757 808 3 1 200.000 526.825 2206.06 6058.93
1484782992767 809 3 1 200.000 526.825 2214.99 6904.52
1484782992785 810 3 1 200.000 526.341 2206.06 8905.67
1484782992800 811 3 1 200.000 526.341 2214.99 9116.51
1484782992810 812 3 1 200.000 526.825 2197.14 8968.44
1484782992826 813 3 1 200.000 526.341 2206.06 10101.43
1484782992843 814 3 1 200.000 526.341 2214.99 7785.58
1484782992855 815 3 1 200.000 525.857 2206.06 7108.12
1484782992864 816 3 1 200.000 525.857 2206.06 9375.64
1484782992884 817 3 1 200.000 526.341 2197.14 5998.44
1484782992893 818 3 1 200.000 526.341 2206.06 5558.50
1484782992904 819 3 1 200.000 526.341 2206.06 5630.18
1484782992913 820 3 1 200.000 526.341 2197.14 5182.17
1484782992925 821 3 1 200.000 525.857 2197.14 5127.92
1484782992935 822 3 1 200.000 525.857 2188.23 5375.07
1484782992945 823 3 1 200.000 525.857 2197.14 5953.36
1484782992956 824 3 1 200.000 525.857 2188.23 8781.34
1484782992965 825 3 1 200.000 525.857 2197.14 8740.25
1484782992976 826 3 1 200.000 525.857 2197.14 7916.11
1484782992988 827 3 1 200.000 525.857 2188.23 7711.82
1484782992999 828 3 1 200.000 525.857 2188.23 8202.20
1484782993009 829 3 1 200.000 525.857 2197.14 11534.89
1484782993019 830 3 1 200.000 525.857 2188.23 8477.37
1484782993029 831 3 1 200.000 525.857 2188.23 7767.08
1484782993039 832 3 1 200.000 525.857 2206.06 7638.65
1484782993050 833 3 1 200.000 525.857 2188.23 6258.62
1484782993060 834 3 1 200.000 525.857 2188.23 6135.17
1484782993070 835 3 1 200.000 526.341 2188.23 7584.16
1484782993081 836 3 1 200.000 526.341 2179.33 7693.47
1484782993091 837 3 1 200.000 526.825 2188.23 7972.62
1484782993103 838 3 1 200.000 526.825 2188.23 7566.07
1484782993119 839 3 1 200.000 526.825 2188.23 12518.51
1484782993140 840 3 1 200.000 527.309 2179.33 6640.27
1484782993149 841 3 1 200.000 527.793 2188.23 10656.76
1484782993159 842 3 1 200.000 527.793 2188.23 16802.73
1484782993167 843 3 1 200.000 528.276 2179.33 16395.67
1484782993181 844 3 1 200.000 528.760 2188.23 5033.88
1484782993197 845 3 1 200.000 528.276 2188.23 5168.58
1484782993214 846 3 1 200.000 528.276 2179.33 6150.50
1484782993234 847 3 1 200.000 528.760 2179.33 6243.09
1484782993247 848 3 1 200.000 528.760 2179.33 6447.29
1484782993261 849 3 1 200.000 528.760 2188.23 6705.57
1484782993277 850 3 1 200.000 528.276 2179.33 9331.98
1484782993296 851 3 1 200.000 528.760 2179.33 4069.58
1484782993309 852 3 1 200.000 528.760 2170.45 5473.31
1484782993329 853 3 1 200.000 528.760 2170.45 5375.07
1484782993347 854 3 1 200.000 528.760 2170.45 6771.38
1484782993363 855 3 1 200.000 528.760 2170.45 5998.44
1484782993378 856 3 1 200.000 528.276 2170.45 4034.43
1484782993394 857 3 1 200.000 528.276 2179.33 4993.92
1484782993410 858 3 1 200.000 528.760 2170.45 4836.12
1484782993425 859 3 1 200.000 528.760 2170.45 6089.34
1484782993443 860 3 1 200.000 528.276 2170.45 4656.05
1484782993460 861 3 1 200.000 528.276 2170.45 4418.34
1484782993475 862 3 1 200.000 528.760 2170.45 4418.34
1484782993492 863 3 1 200.000 528.276 2170.45 4530.00
1484782993501 864 3 1 200.000 528.276 2170.45 4542.51
1484782993525 865 3 1 200.000 528.276 2161.58 4681.52
1484782993535 866 3 1 200.000 528.276 2170.45 4732.70
1484782993544 867 3 1 200.000 528.276 2170.45 4836.12
1484782993560 868 3 1 200.000 527.793 2170.45 4927.78
1484782993577 869 3 1 200.000 527.793 2161.58 5155.00
1484782993585 870 3 1 200.000 527.793 2161.58 5291.82
1484782993597 871 3 1 200.000 528.276 2161.58 6305.40
1484782993608 872 3 1 200.000 527.793 2152.72 7211.73
1484782993624 873 3 1 200.000 527.793 2161.58 8947.48
1484782993642 874 3 1 200.000 527.793 2161.58 6887.76
1484782993659 875 3 1 200.000 527.793 2170.45 6705.57
1484782993670 876 3 1 200.000 527.793 2161.58 7584.16
1484782993689 877 3 1 200.000 527.793 2161.58 7566.07
1484782993703 878 3 1 200.000 527.793 2152.72 8299.55
1484782993724 879 3 1 200.000 527.309 2161.58 7730.20
1484782993734 880 3 1 200.000 527.309 2161.58 7748.62
1484782993745 881 3 1 200.000 527.309 2161.58 8358.45
1484782993759 882 3 1 200.000 527.309 2170.45 6165.86
1484782993775 883 3 1 200.000 527.309 2161.58 7073.86
1484782993789 884 3 1 200.000 527.793 2152.72 8597.80
1484782993804 885 3 1 200.000 527.309 2161.58 9073.97
1484782993817 886 3 1 200.000 527.309 2161.58 8864.05
1484782993839 887 3 1 200.000 527.309 2161.58 8926.55
1484782993850 888 3 1 200.000 527.309 2161.58 9095.22
1484782993858 889 3 1 200.000 527.309 2161.58 13788.76
1484782993869 890 3 1 200.000 526.825 2161.58 10315.22
1484782993891 891 3 1 200.000 526.825 2152.72 13402.68
1484782993901 892 3 1 200.000 527.309 2161.58 12257.27
1484782993910 893 3 1 200.000 527.309 2152.72 12846.06
1484782993929 894 3 1 200.000 527.309 2152.72 12171.51
1484782993942 895 3 1 200.000 526.825 2152.72 11138.64
1484782993952 896 3 1 200.000 526.825 2152.72 12257.27
1484782993964 897 3 1 200.000 526.825 2152.72 12171.51
1484782993981 898 3 1 200.000 526.825 2152.72 10387.47
1484782993995 899 3 1 200.000 526.825 2152.72 9868.98
1484782994005 900 3 1 200.000 527.309 2143.88 9266.84
1484782994014 901 3 1 200.000 527.309 2152.72 12401.66
1484782994031 902 3 1 200.000 526.825 2152.72 8947.48
1484782994048 903 3 1 200.000 526.825 2135.04 8864.05
1484782994058 904 3 1 200.000 527.309 2152.72 9463.55
1484782994070 905 3 1 200.000 526.825 2161.58 14187.53
1484782994090 906 3 1 200.000 526.825 2152.72 10195.90
1484782994117 907 3 1 200.000 526.825 2152.72 10219.66
1484782994142 908 3 1 200.000 526.825 2152.72 14053.16
1484782994175 909 3 1 200.000 526.825 2135.04 9375.64
1484782994193 910 3 2 200.000 526.825 2135.04 8477.37
1484782994203 911 3 2 200.000 526.825 2143.88 7620.45
1484782994223 912 3 2 200.000 526.825 2152.72 8319.14
1484782994235 913 3 2 200.000 499.250 2197.14 6463.21
1484782994244 914 3 2 200.000 425.233 2470.33 11670.22
1484782994255 915 3 2 200.000 343.960 2952.82 4034.43
1484782994265 916 3 2 200.000 234.628 4081.33 7638.65
1484782994286 917 3 2 200.000 137.391 6227.59 8221.59
1484782994300 918 4 2 200.000 65.309 8319.14 11918.06
1484782994312 919 4 1 200.000 20.318 20888.89 39669.28
1484782994333 920 4 1 200.000 -0.484 57711.82 220299.23
1484782994344 921 4 1 200.000 0.000 86827.30 284611.97
1484782994353 922 4 1 200.000 42.572 107177.06 1275244.29
1484782994367 923 4 1 200.000 27.091 15098.18 7953.75
1484782994385 924 4 1 200.000 128.683 8618.02 5007.21
1484782994396 925 4 1 200.000 163.514 7073.86 19086.65
1484782994406 926 4 1 200.000 198.829 6013.52 15504.03
1484782994428 927 4 1 200.000 284.456 4927.78 12518.51
1484782994440 928 4 1 200.000 319.772 4104.90 6591.61
1484782994450 929 4 1 200.000 354.603 3838.43 8182.85
1484782994460 930 4 1 200.000 372.019 3592.50 6289.78
1484782994480 931 4 1 200.000 417.977 3239.06 4480.17
1484782994494 932 4 1 200.000 442.165 3053.67 17222.31
1484782994503 933 4 1 200.000 458.614 2902.96 9777.47
1484782994513 934 4 1 200.000 474.578 2843.61 10054.52
1484782994530 935 4 1 200.000 493.929 2687.89 7748.62
1484782994545 936 4 1 200.000 508.442 2611.40 1651.21
1484782994556 937 4 1 200.000 516.666 2545.18 6447.29
1484782994567 938 4 1 200.000 524.406 2517.01 57711.82
1484782994577 939 4 1 200.000 529.728 2488.96 4517.51
1484782994589 940 4 1 200.000 534.082 2461.03 3408.18
1484782994601 941 4 1 200.000 536.017 2442.48 16557.03
1484782994611 942 4 1 200.000 537.952 2414.75 13562.04
1484782994619 943 4 1 200.000 538.919 2405.54 8319.14
1484782994628 944 4 1 200.000 537.952 2387.14 10533.50
1484782994639 945 4 1 200.000 538.919 2368.80 7512.02
1484782994650 946 4 1 200.000 538.919 2368.80 6399.73
1484782994662 947 4 1 200.000 539.887 2368.80 5938.39
1484782994671 948 4 1 200.000 539.887 2350.51 3270.46
1484782994681 949 4 1 200.000 539.887 2332.28 7693.47
1484782994693 950 4 1 200.000 539.887 2323.18 8378.17
1484782994703 951 4 1 200.000 540.371 2332.28 6938.12
1484782994714 952 4 1 200.000 540.371 2314.09 6415.55
1484782994722 953 4 1 200.000 539.887 2314.09 6196.67
1484782994733 954 4 1 200.000 539.403 2314.09 12967.50
1484782994743 955 4 1 200.000 538.919 2305.02 6336.72
1484782994755 956 4 1 200.000 537.468 2305.02 6559.33
1484782994769 957 4 1 200.000 536.984 2286.91 9052.78
1484782994783 958 4 1 200.000 534.082 2286.91 8417.72
1484782994792 959 4 1 200.000 532.146 2286.91 8905.67
1484782994802 960 4 1 200.000 530.695 2277.88 9419.50
1484782994813 961 4 1 200.000 529.728 2286.91 4875.27
1484782994831 962 4 1 200.000 529.244 2277.88 4758.43
1484782994845 963 4 1 200.000 529.244 2286.91 5375.07
1484782994865 964 4 1 200.000 528.760 2268.85 5007.21
1484782994880 965 4 1 200.000 528.760 2250.85 7458.29
1484782994892 966 4 1 200.000 528.760 2250.85 7369.44
1484782994910 967 4 1 200.000 528.760 2259.84 14530.00
1484782994927 968 4 1 200.000 528.276 2259.84 9664.23
1484782994941 969 4 1 200.000 528.276 2250.85 7972.62
1484782994960 970 4 1 200.000 528.276 2250.85 8577.62
1484782994975 971 4 1 200.000 528.276 2250.85 9800.27
1484782994993 972 4 1 200.000 528.276 2241.86 10339.25
1484782995005 973 4 1 200.000 528.276 2232.89 9868.98
1484782995025 974 4 1 200.000 527.793 2241.86 9310.22
1484782995041 975 4 1 200.000 528.276 2232.89 9619.29
1484782995061 976 4 1 200.000 527.793 2223.94 12372.64
1484782995078 977 4 1 200.000 527.793 2241.86 9441.50
1484782995095 978 4 1 200.000 527.793 2232.89 7804.11
1484782995110 979 4 1 200.000 527.793 2223.94 8618.02
1484782995124 980 4 1 200.000 526.825 2223.94 10148.56
1484782995144 981 4 1 200.000 526.825 2214.99 7584.16
1484782995162 982 4 1 200.000 526.825 2223.94 4694.28
1484782995179 983 4 1 200.000 526.825 2214.99 4069.58
1484782995187 984 4 1 200.000 526.825 2214.99 4164.15
1484782995197 985 4 1 200.000 526.825 2223.94 4332.63
1484782995216 986 4 1 200.000 526.825 2214.99 4732.70
1484782995228 987 4 1 200.000 526.825 2214.99 3770.51
1484782995237 988 4 1 200.000 527.309 2214.99 3581.52
1484782995249 989 4 1 200.000 527.793 2206.06 10806.60
1484782995268 990 4 1 200.000 528.760 2214.99 8086.70
1484782995281 991 4 1 200.000 529.244 2206.06 4517.51
1484782995298 992 4 1 200.000 529.728 2214.99 5047.24
1484782995312 993 4 1 200.000 529.728 2197.14 6463.21
1484782995330 994 4 1 200.000 529.728 2188.23 7512.02
1484782995341 995 4 1 200.000 529.244 2188.23 6921.30
1484782995351 996 4 1 200.000 529.728 2197.14 8319.14
1484782995361 997 4 1 200.000 529.244 2197.14 8202.20
1484782995380 998 4 1 200.000 529.728 2197.14 6289.78
1484782995393 999 4 1 200.000 529.244 2188.23 6028.63
1484782995406 1000 4 1 200.000 529.728 2188.23 6672.86
1484782995423 1001 4 1 200.000 529.244 2188.23 7090.98
1484782995439 1002 4 1 200.000 529.244 2197.14 8517.34
1484782995449 1003 4 1 200.000 529.244 2188.23 7263.99
1484782995459 1004 4 1 200.000 529.244 2188.23 7584.16
1484782995468 1005 4 1 200.000 529.244 2179.33 7073.86
1484782995488 1006 4 1 200.000 528.760 2188.23 6119.86
1484782995504 1007 4 1 200.000 529.244 2188.23 6305.40
1484782995513 1008 4 1 200.000 528.760 2188.23 4993.92
1484782995536 1009 4 1 200.000 528.276 2188.23 4719.87
1484782995546 1010 4 1 200.000 528.760 2179.33 4771.32
1484782995558 1011 4 1 200.000 528.276 2179.33 5182.17
1484782995576 1012 4 1 200.000 528.276 2170.45 6227.59
1484782995592 1013 4 1 200.000 528.276 2179.33 7675.16
1484782995603 1014 4 1 200.000 528.276 2179.33 6821.07
1484782995619 1015 4 1 200.000 528.276 2179.33 6058.93
1484782995634 1016 4 1 200.000 528.276 2170.45 6089.34
1484782995644 1017 4 1 200.000 527.793 2170.45 6954.98
1484782995654 1018 4 1 200.000 527.793 2170.45 7620.45
1484782995664 1019 4 1 200.000 527.793 2161.58 6591.61
1484782995683 1020 4 1 200.000 528.276 2170.45 6543.23
1484782995700 1021 4 1 200.000 527.793 2170.45 5746.22
1484782995708 1022 4 1 200.000 527.309 2170.45 5790.16
1484782995724 1023 4 1 200.000 527.309 2170.45 5403.02
1484782995739 1024 4 1 200.000 527.309 2170.45 4954.16
1484782995750 1025 4 1 200.000 527.793 2161.58 4927.78
1484782995759 1026 4 1 200.000 527.309 2152.72 4393.75
1484782995781 1027 4 1 200.000 527.309 2161.58 4272.01
1484782995789 1028 4 1 200.000 527.309 2170.45 4381.49
1484782995802 1029 4 1 200.000 526.825 2161.58 4443.01
1484782995822 1030 4 1 200.000 526.825 2161.58 4542.51
1484782995833 1031 4 1 200.000 526.825 2161.58 4492.59
1484782995845 1032 4 1 200.000 526.825 2161.58 4406.03
1484782995861 1033 4 1 200.000 526.825 2161.58 4605.38
1484782995879 1034 4 1 200.000 526.825 2161.58 4630.67
1484782995887 1035 4 1 200.000 526.825 2152.72 4320.47
1484782995898 1036 4 1 200.000 526.825 2152.72 4259.95
1484782995913 1037 4 1 200.000 526.825 2152.72 4140.39
1484782995931 1038 4 1 200.000 526.825 2152.72 4081.33
1484782995941 1039 4 1 200.000 526.825 2152.72 4152.26
1484782995951 1040 4 1 200.000 526.825 2152.72 4128.54
1484782995969 1041 4 1 200.000 526.825 2152.72 4152.26
1484782995982 1042 4 1 200.000 526.825 2152.72 4187.98
1484782995996 1043 4 1 200.000 526.825 2152.72 4152.26
1484782996013 1044 4 1 200.000 526.825 2152.72 4211.89
1484782996025 1045 4 1 200.000 526.341 2152.72 4211.89
1484782996037 1046 4 1 200.000 526.341 2152.72 4344.81
1484782996046 1047 4 1 200.000 526.341 2152.72 4332.63
1484782996063 1048 4 1 200.000 526.341 2152.72 4418.34
1484782996076 1049 4 1 200.000 526.341 2152.72 5168.58
1484782996087 1050 4 1 200.000 526.341 2152.72 4940.96
1484782996099 1051 4 1 200.000 526.341 2152.72 4480.17
1484782996113 1052 4 1 200.000 526.341 2143.88 4656.05
1484782996132 1053 4 1 200.000 526.341 2143.88 4745.55
1484782996142 1054 4 1 200.000 525.857 2135.04 5007.21
1484782996153 1055 4 1 200.000 525.857 2143.88 4875.27
1484782996169 1056 4 1 200.000 525.857 2152.72 5601.43
1484782996179 1057 4 1 200.000 525.857 2143.88 5168.58
1484782996191 1058 4 1 200.000 526.341 2126.22 5983.38
1484782996200 1059 4 1 200.000 525.857 2152.72 7512.02
1484782996210 1060 4 1 200.000 525.857 2135.04 7916.11
1484782996220 1061 4 1 200.000 525.857 2143.88 7177.06
1484782996230 1062 4 1 200.000 525.857 2143.88 8105.85
1484782996243 1063 4 1 200.000 525.857 2143.88 9961.33
1484782996253 1064 4 1 200.000 525.857 2143.88 7953.75
1484782996263 1065 4 1 200.000 525.857 2143.88 7953.75
1484782996275 1066 4 1 200.000 525.857 2135.04 8497.33
1484782996285 1067 4 1 200.000 525.857 2143.88 8260.49
1484782996294 1068 4 1 200.000 526.341 2143.88 9052.78
1484782996305 1069 4 1 200.000 526.341 2135.04 8221.59
1484782996318 1070 4 1 200.000 526.341 2135.04 7897.35
1484782996328 1071 4 1 200.000 526.825 2135.04 8699.33
1484782996337 1072 4 1 200.000 526.341 2143.88 10411.67
1484782996349 1073 4 1 200.000 526.825 2135.04 8968.44
1484782996359 1074 4 1 200.000 526.825 2126.22 8260.49
1484782996368 1075 4 1 200.000 526.825 2135.04 9823.12
1484782996378 1076 4 1 200.000 526.825 2143.88 16315.71
1484782996398 1077 4 1 200.000 527.309 2135.04 18192.42
1484782996412 1078 4 1 200.000 527.793 2143.88 11779.69
1484782996425 1079 4 1 200.000 527.793 2143.88 11035.38
1484782996435 1080 4 1 200.000 527.793 2126.22 10172.20
1484782996445 1081 4 1 200.000 527.793 2126.22 11752.22
1484782996460 1082 4 1 200.000 528.276 2117.41 9137.84
1484782996478 1083 4 1 200.000 528.276 2126.22 10706.47
1484782996493 1084 4 1 200.000 528.276 2126.22 10756.42
1484782996509 1085 4 1 200.000 528.276 2135.04 10291.25
1484782996521 1086 4 1 200.000 528.276 2135.04 11035.38
1484782996538 1087 4 1 200.000 528.276 2135.04 17052.94
1484782996555 1088 4 1 200.000 528.276 2126.22 18750.78
1484782996574 1089 4 1 200.000 528.276 2117.41 21558.47
1484782996593 1090 4 1 200.000 527.793 2117.41 15504.03
1484782996606 1091 4 1 200.000 528.276 2126.22 11697.49
1484782996627 1092 4 1 200.000 528.276 2126.22 3647.65
1484782996639 1093 4 1 200.000 528.276 2126.22 3703.23
1484782996658 1094 4 1 200.000 528.276 2117.41 3451.11
1484782996674 1095 4 1 200.000 528.276 2126.22 3603.49
1484782996689 1096 4 1 200.000 528.276 2108.62 3964.64
1484782996704 1097 4 1 200.000 527.793 2117.41 4235.88
1484782996716 1098 4 1 200.000 527.793 2117.41 4668.77
1484782996736 1099 4 1 200.000 527.793 2126.22 6119.86
1484782996759 1100 4 1 200.000 527.309 2108.62 8884.84
1484782996767 1101 4 1 200.000 527.309 2126.22 8260.49
1484782996781 1102 4 1 200.000 527.309 2117.41 5544.23
1484782996788 1103 4 1 200.000 527.793 2126.22 6511.13
1484782996799 1104 4 1 200.000 527.309 2126.22 8163.54
1484782996808 1105 4 1 200.000 527.793 2108.62 6887.76
1484782996819 1106 4 1 200.000 527.309 2126.22 7422.64
1484782996838 1107 4 1 200.000 527.309 2108.62 5908.53
1484782996851 1108 4 1 200.000 527.309 2117.41 3625.54
1484782996873 1109 4 1 200.000 527.309 2117.41 3505.16
1484782996884 1110 4 1 200.000 526.825 2117.41 3344.27
1484782996900 1111 4 1 200.000 527.309 2117.41 2962.84
1484782996914 1112 4 1 200.000 527.309 2126.22 2922.86
1484782996929 1113 4 1 200.000 526.825 2117.41 2716.81
1484782996946 1114 4 1 200.000 527.309 2108.62 2582.94
1484782996960 1115 4 1 200.000 527.309 2108.62 2620.91
1484782996976 1116 4 1 200.000 526.825 2117.41 2794.55
1484782996992 1117 4 1 200.000 526.825 2099.83 3494.31
1484782997007 1118 4 1 200.000 526.825 2108.62 3176.70
1484782997025 1119 4 1 200.000 526.825 2108.62 4455.37
1484782997043 1120 4 1 200.000 526.825 2117.41 7056.78
1484782997050 1121 4 1 200.000 526.825 2108.62 5630.18
1484782997062 1122 4 1 200.000 526.825 2108.62 5544.23
1484782997070 1123 4 1 200.000 526.825 2117.41 4927.78
1484782997083 1124 4 1 200.000 526.825 2108.62 3125.17
1484782997105 1125 4 1 200.000 526.825 2108.62 2775.03
1484782997119 1126 4 1 200.000 526.825 2108.62 2668.69
1484782997126 1127 4 1 200.000 526.825 2117.41 2716.81
1484782997136 1128 4 1 200.000 526.825 2099.83 2726.48
1484782997154 1129 4 1 200.000 526.825 2108.62 2639.98
1484782997169 1130 4 1 200.000 526.825 2099.83 2573.48
1484782997179 1131 4 1 200.000 526.825 2108.62 2488.96
1484782997196 1132 4 1 200.000 526.825 2108.62 2396.33
1484782997213 1133 4 1 200.000 526.825 2117.41 2387.14
1484782997222 1134 4 1 200.000 526.825 2108.62 2451.75
1484782997233 1135 4 1 200.000 526.825 2099.83 2554.60
1484782997253 1136 4 1 200.000 526.825 2099.83 2620.91
1484782997264 1137 4 1 200.000 526.825 2108.62 2707.16
1484782997274 1138 4 1 200.000 526.825 2099.83 3033.38
1484782997291 1139 4 1 200.000 526.825 2099.83 4011.09
1484782997305 1140 4 1 200.000 526.825 2108.62 4517.51
1484782997315 1141 4 1 200.000 526.825 2099.83 4034.43
1484782997328 1142 4 2 200.000 526.825 2108.62 3680.94
1484782997337 1143 4 2 200.000 526.825 2099.83 3964.64
1484782997356 1144 4 2 200.000 526.341 2108.62 4605.38
1484782997370 1145 4 2 200.000 490.058 2206.06 2197.14
1484782997382 1146 4 2 200.000 402.496 2726.48 5983.38
1484782997403 1147 4 2 200.000 251.560 3636.58 2451.75
1484782997414 1148 4 2 200.000 179.478 4656.05 5195.80
1484782997423 1149 4 2 200.000 127.715 6274.19 3636.58
1484782997438 1150 5 2 200.000 54.666 9619.29 16969.02
