Serial_number: 2 
Time Data_Count Cycle State Desired_force_(psi) Measured_force_(psi) Toe_sensor Heel_Sensor
1487883476261 0 0 0 60.000 0.484 17989530.00 inf
1487883476312 1 0 1 60.000 0.000 8989530.00 2560958.57
1487883476332 2 0 1 60.000 0.000 17989530.00 17989530.00
1487883476358 3 0 1 60.000 0.000 17989530.00 5989530.00
1487883476394 4 0 1 60.000 0.000 17989530.00 5989530.00
1487883476425 5 0 1 60.000 0.000 17989530.00 4489530.00
1487883476454 6 0 1 60.000 0.000 17989530.00 3589530.00
1487883476467 7 0 1 60.000 0.000 8989530.00 inf
1487883476481 8 0 1 60.000 0.000 17989530.00 5989530.00
1487883476492 9 0 1 60.000 0.000 inf 4489530.00
1487883476506 10 0 1 60.000 0.000 17989530.00 2989530.00
1487883476516 11 0 1 60.000 0.484 inf 17989530.00
1487883476532 12 0 1 60.000 0.000 17989530.00 5989530.00
1487883476542 13 0 1 60.000 0.000 17989530.00 4489530.00
1487883476553 14 0 1 60.000 0.000 17989530.00 17989530.00
1487883476568 15 0 1 60.000 0.000 8989530.00 8989530.00
1487883476577 16 0 1 60.000 0.000 17989530.00 4489530.00
1487883476593 17 0 1 60.000 -0.484 8989530.00 4489530.00
1487883476600 18 0 1 60.000 0.000 8989530.00 4489530.00
1487883476606 19 0 1 60.000 0.484 8989530.00 5989530.00
1487883476613 20 0 1 60.000 0.484 17989530.00 8989530.00
1487883476620 21 0 1 60.000 0.000 8989530.00 8989530.00
1487883476627 22 0 1 60.000 0.000 17989530.00 4489530.00
1487883476634 23 0 1 60.000 0.484 8989530.00 inf
1487883476640 24 0 1 60.000 0.484 17989530.00 5989530.00
1487883476647 25 0 1 60.000 0.000 17989530.00 17989530.00
1487883476654 26 0 1 60.000 0.000 17989530.00 17989530.00
1487883476661 27 0 1 60.000 0.000 17989530.00 17989530.00
1487883476667 28 0 1 60.000 0.000 17989530.00 5989530.00
1487883476674 29 0 1 60.000 0.000 17989530.00 5989530.00
1487883476681 30 0 1 60.000 0.000 8989530.00 17989530.00
1487883476688 31 0 1 60.000 0.000 17989530.00 5989530.00
1487883476694 32 0 1 60.000 0.000 17989530.00 4489530.00
1487883476701 33 0 1 60.000 0.484 17989530.00 4489530.00
1487883476708 34 0 1 60.000 0.000 17989530.00 5989530.00
1487883476715 35 0 1 60.000 0.000 8989530.00 4489530.00
1487883476721 36 0 1 60.000 0.000 17989530.00 4489530.00
1487883476728 37 0 1 60.000 0.000 17989530.00 4489530.00
1487883476735 38 0 1 60.000 0.000 inf 4489530.00
1487883476742 39 0 1 60.000 0.000 17989530.00 8989530.00
1487883476748 40 0 1 60.000 0.000 17989530.00 5989530.00
1487883476755 41 0 1 60.000 0.484 8989530.00 17989530.00
1487883476762 42 0 1 60.000 0.000 8989530.00 3589530.00
1487883476769 43 0 1 60.000 0.000 17989530.00 inf
1487883476775 44 0 1 60.000 0.000 17989530.00 5989530.00
1487883476789 45 0 1 60.000 0.000 17989530.00 3589530.00
1487883476801 46 0 1 60.000 0.000 17989530.00 5989530.00
1487883476813 47 0 1 60.000 0.000 17989530.00 5989530.00
1487883476820 48 0 1 60.000 0.000 8989530.00 17989530.00
1487883476827 49 0 1 60.000 -0.484 17989530.00 5989530.00
1487883476834 50 0 1 60.000 0.000 17989530.00 8989530.00
1487883476840 51 0 1 60.000 0.000 17989530.00 5989530.00
1487883476858 52 0 1 60.000 0.000 17989530.00 5989530.00
1487883476872 53 0 1 60.000 0.000 17989530.00 inf
1487883476885 54 0 1 60.000 0.000 17989530.00 3589530.00
1487883476899 55 0 1 60.000 0.000 17989530.00 4489530.00
1487883476912 56 0 1 60.000 0.000 17989530.00 4489530.00
1487883476924 57 0 1 60.000 0.000 8989530.00 inf
1487883476931 58 0 1 60.000 0.000 8989530.00 8989530.00
1487883476938 59 0 1 60.000 0.000 inf 8989530.00
1487883476945 60 0 1 60.000 0.000 17989530.00 5989530.00
1487883476951 61 0 1 60.000 0.000 17989530.00 4489530.00
1487883476958 62 0 1 60.000 0.000 17989530.00 4489530.00
1487883476965 63 0 1 60.000 0.484 8989530.00 5989530.00
1487883476972 64 0 1 60.000 0.000 8989530.00 4489530.00
1487883476978 65 0 1 60.000 0.000 17989530.00 17989530.00
1487883476985 66 0 1 60.000 0.000 17989530.00 17989530.00
1487883476992 67 0 1 60.000 0.000 5989530.00 5989530.00
1487883476999 68 0 1 60.000 0.000 17989530.00 inf
1487883477005 69 0 1 60.000 0.000 8989530.00 4489530.00
1487883477012 70 0 1 60.000 0.000 17989530.00 5989530.00
1487883477019 71 0 1 60.000 0.000 17989530.00 4489530.00
1487883477026 72 0 1 60.000 0.000 17989530.00 8989530.00
1487883477033 73 0 1 60.000 0.000 17989530.00 4489530.00
1487883477040 74 0 1 60.000 0.000 17989530.00 5989530.00
1487883477046 75 0 1 60.000 0.000 17989530.00 inf
1487883477053 76 0 1 60.000 0.000 17989530.00 5989530.00
1487883477060 77 0 1 60.000 0.000 17989530.00 3589530.00
1487883477067 78 0 1 60.000 0.484 17989530.00 5989530.00
1487883477075 79 0 1 60.000 0.000 17989530.00 8989530.00
1487883477091 80 0 1 60.000 0.000 17989530.00 4489530.00
1487883477102 81 0 1 60.000 0.000 inf 5989530.00
1487883477121 82 0 1 60.000 0.000 17989530.00 17989530.00
1487883477141 83 0 1 60.000 0.000 17989530.00 3589530.00
1487883477149 84 0 1 60.000 0.000 17989530.00 inf
1487883477167 85 0 1 60.000 0.000 17989530.00 17989530.00
1487883477178 86 0 1 60.000 0.000 17989530.00 5989530.00
1487883477194 87 0 1 60.000 0.000 17989530.00 inf
1487883477212 88 0 1 60.000 0.484 inf 5989530.00
1487883477225 89 0 1 60.000 0.000 inf 5989530.00
1487883477234 90 0 1 60.000 0.000 inf 4489530.00
1487883477242 91 0 1 60.000 0.484 17989530.00 inf
1487883477249 92 0 1 60.000 0.000 8989530.00 4489530.00
1487883477258 93 0 1 60.000 0.000 17989530.00 4489530.00
1487883477265 94 0 1 60.000 0.000 17989530.00 5989530.00
1487883477271 95 0 1 60.000 0.000 5989530.00 5989530.00
1487883477278 96 0 1 60.000 0.000 17989530.00 5989530.00
1487883477285 97 0 1 60.000 0.000 5989530.00 8989530.00
1487883477292 98 0 1 60.000 0.000 inf 4489530.00
1487883477299 99 0 1 60.000 0.484 17989530.00 5989530.00
1487883477305 100 0 1 60.000 0.000 inf 8989530.00
1487883477312 101 0 1 60.000 0.000 8989530.00 5989530.00
1487883477319 102 0 1 60.000 0.484 8989530.00 8989530.00
1487883477326 103 0 1 60.000 0.000 17989530.00 5989530.00
1487883477333 104 0 1 60.000 0.484 8989530.00 2560958.57
1487883477339 105 0 1 60.000 0.000 8989530.00 3589530.00
1487883477346 106 0 1 60.000 0.484 17989530.00 4489530.00
1487883477355 107 0 1 60.000 0.000 17989530.00 4489530.00
1487883477364 108 0 1 60.000 -0.484 17989530.00 8989530.00
1487883477371 109 0 1 60.000 0.000 17989530.00 inf
1487883477378 110 0 1 60.000 0.000 8989530.00 inf
1487883477384 111 0 1 60.000 0.000 17989530.00 inf
1487883477393 112 0 1 60.000 0.000 17989530.00 5989530.00
1487883477400 113 0 1 60.000 0.000 17989530.00 5989530.00
1487883477407 114 0 1 60.000 0.000 inf 3589530.00
1487883477414 115 0 1 60.000 0.000 17989530.00 5989530.00
1487883477420 116 0 1 60.000 0.000 17989530.00 5989530.00
1487883477427 117 0 1 60.000 0.000 17989530.00 5989530.00
1487883477434 118 0 1 60.000 0.000 17989530.00 5989530.00
1487883477441 119 0 1 60.000 0.000 17989530.00 5989530.00
1487883477447 120 0 1 60.000 0.000 17989530.00 5989530.00
1487883477454 121 0 1 60.000 0.484 8989530.00 5989530.00
1487883477461 122 0 1 60.000 0.000 17989530.00 2989530.00
1487883477468 123 0 1 60.000 0.000 inf 4489530.00
1487883477474 124 0 1 60.000 0.000 17989530.00 8989530.00
1487883477481 125 0 1 60.000 0.000 17989530.00 8989530.00
1487883477488 126 0 1 60.000 0.000 8989530.00 8989530.00
1487883477495 127 0 1 60.000 0.484 17989530.00 17989530.00
1487883477501 128 0 1 60.000 0.000 inf 8989530.00
1487883477508 129 0 1 60.000 0.000 17989530.00 8989530.00
1487883477515 130 0 1 60.000 0.000 17989530.00 17989530.00
1487883477522 131 0 1 60.000 0.000 17989530.00 4489530.00
1487883477528 132 0 1 60.000 0.484 17989530.00 5989530.00
1487883477535 133 0 1 60.000 0.484 17989530.00 5989530.00
1487883477542 134 0 1 60.000 0.000 inf 8989530.00
1487883477549 135 0 1 60.000 0.484 17989530.00 4489530.00
1487883477555 136 0 1 60.000 0.000 inf inf
1487883477562 137 0 1 60.000 0.484 17989530.00 17989530.00
1487883477569 138 0 1 60.000 0.484 17989530.00 4489530.00
1487883477576 139 0 1 60.000 0.484 17989530.00 5989530.00
1487883477582 140 0 1 60.000 0.000 inf 5989530.00
1487883477589 141 0 1 60.000 0.000 17989530.00 5989530.00
1487883477596 142 0 1 60.000 0.000 17989530.00 5989530.00
1487883477603 143 0 1 60.000 0.484 17989530.00 5989530.00
1487883477609 144 0 1 60.000 0.000 8989530.00 inf
1487883477617 145 0 1 60.000 0.000 17989530.00 5989530.00
1487883477624 146 0 1 60.000 0.000 17989530.00 17989530.00
1487883477630 147 0 1 60.000 0.484 17989530.00 4489530.00
1487883477637 148 0 1 60.000 0.000 17989530.00 4489530.00
1487883477644 149 0 1 60.000 0.000 17989530.00 5989530.00
1487883477651 150 0 1 60.000 0.484 17989530.00 17989530.00
1487883477658 151 0 1 60.000 0.000 17989530.00 5989530.00
1487883477665 152 0 1 60.000 0.000 17989530.00 5989530.00
1487883477671 153 0 1 60.000 0.000 17989530.00 4489530.00
1487883477678 154 0 1 60.000 0.484 17989530.00 4489530.00
1487883477685 155 0 1 60.000 0.000 5989530.00 4489530.00
1487883477692 156 0 1 60.000 0.484 17989530.00 17989530.00
1487883477698 157 0 1 60.000 0.000 17989530.00 3589530.00
1487883477707 158 0 1 60.000 0.484 17989530.00 inf
1487883477714 159 0 1 60.000 0.000 17989530.00 5989530.00
1487883477721 160 0 1 60.000 0.484 8989530.00 8989530.00
1487883477728 161 0 1 60.000 0.000 8989530.00 5989530.00
1487883477734 162 0 1 60.000 0.000 17989530.00 4489530.00
1487883477741 163 0 1 60.000 0.000 17989530.00 4489530.00
1487883477748 164 0 1 60.000 0.000 17989530.00 8989530.00
1487883477755 165 0 1 60.000 0.484 17989530.00 4489530.00
1487883477761 166 0 1 60.000 0.000 inf 5989530.00
1487883477768 167 0 1 60.000 0.000 17989530.00 17989530.00
1487883477775 168 0 1 60.000 0.000 17989530.00 5989530.00
1487883477782 169 0 1 60.000 0.000 8989530.00 3589530.00
1487883477788 170 0 1 60.000 0.000 inf 8989530.00
1487883477795 171 0 1 60.000 0.484 17989530.00 4489530.00
1487883477802 172 0 1 60.000 0.000 17989530.00 5989530.00
1487883477809 173 0 1 60.000 0.000 17989530.00 17989530.00
1487883477816 174 0 1 60.000 0.000 8989530.00 5989530.00
1487883477822 175 0 1 60.000 0.000 17989530.00 4489530.00
1487883477829 176 0 1 60.000 0.000 5989530.00 17989530.00
1487883477836 177 0 1 60.000 0.484 17989530.00 5989530.00
1487883477843 178 0 1 60.000 0.000 inf 5989530.00
1487883477850 179 0 1 60.000 0.000 17989530.00 5989530.00
1487883477856 180 0 1 60.000 0.000 17989530.00 5989530.00
1487883477863 181 0 1 60.000 0.484 17989530.00 3589530.00
1487883477870 182 0 1 60.000 0.000 5989530.00 17989530.00
1487883477877 183 0 1 60.000 0.000 8989530.00 4489530.00
1487883477884 184 0 1 60.000 0.000 17989530.00 5989530.00
1487883477890 185 0 1 60.000 0.000 17989530.00 inf
1487883477897 186 0 1 60.000 0.000 17989530.00 17989530.00
1487883477904 187 0 1 60.000 0.000 inf 8989530.00
1487883477911 188 0 1 60.000 0.000 8989530.00 3589530.00
1487883477918 189 0 1 60.000 0.000 17989530.00 4489530.00
1487883477924 190 0 1 60.000 0.000 inf 4489530.00
1487883477931 191 0 1 60.000 0.000 5989530.00 8989530.00
1487883477938 192 0 1 60.000 0.000 17989530.00 inf
1487883477945 193 0 1 60.000 0.000 17989530.00 5989530.00
1487883477951 194 0 1 60.000 0.000 17989530.00 5989530.00
1487883477958 195 0 1 60.000 0.000 5989530.00 5989530.00
1487883477965 196 0 1 60.000 0.000 inf 5989530.00
1487883477972 197 0 1 60.000 0.000 17989530.00 8989530.00
1487883477979 198 0 1 60.000 0.000 17989530.00 4489530.00
1487883477985 199 0 1 60.000 0.000 17989530.00 inf
1487883477992 200 0 1 60.000 0.000 inf inf
1487883477999 201 0 1 60.000 0.000 8989530.00 17989530.00
1487883478006 202 0 1 60.000 0.484 17989530.00 5989530.00
1487883478012 203 0 1 60.000 0.000 17989530.00 5989530.00
1487883478019 204 0 1 60.000 0.000 17989530.00 5989530.00
1487883478026 205 0 1 60.000 0.000 17989530.00 3589530.00
1487883478033 206 0 1 60.000 0.000 17989530.00 5989530.00
1487883478039 207 0 1 60.000 0.000 8989530.00 5989530.00
1487883478046 208 0 1 60.000 0.000 8989530.00 5989530.00
1487883478053 209 0 1 60.000 0.000 17989530.00 3589530.00
1487883478062 210 0 1 60.000 0.000 17989530.00 5989530.00
1487883478069 211 0 1 60.000 0.000 17989530.00 8989530.00
1487883478075 212 0 1 60.000 0.000 17989530.00 5989530.00
1487883478082 213 0 1 60.000 0.000 17989530.00 3589530.00
1487883478089 214 0 1 60.000 0.484 17989530.00 5989530.00
1487883478096 215 0 1 60.000 0.000 inf 4489530.00
1487883478102 216 0 1 60.000 0.000 17989530.00 8989530.00
1487883478109 217 0 1 60.000 0.000 17989530.00 5989530.00
1487883478116 218 0 1 60.000 0.484 17989530.00 5989530.00
1487883478123 219 0 1 60.000 0.000 8989530.00 4489530.00
1487883478130 220 0 1 60.000 0.484 17989530.00 4489530.00
1487883478137 221 0 1 60.000 0.000 17989530.00 2560958.57
1487883478143 222 0 1 60.000 0.000 17989530.00 8989530.00
1487883478150 223 0 1 60.000 0.000 8989530.00 3589530.00
1487883478157 224 0 1 60.000 0.000 17989530.00 inf
1487883478164 225 0 1 60.000 0.000 inf inf
1487883478171 226 0 1 60.000 0.000 17989530.00 3589530.00
1487883478177 227 0 1 60.000 0.484 17989530.00 inf
1487883478184 228 0 1 60.000 0.484 17989530.00 inf
1487883478191 229 0 1 60.000 0.484 8989530.00 5989530.00
1487883478198 230 0 1 60.000 0.484 17989530.00 17989530.00
1487883478205 231 0 1 60.000 0.000 17989530.00 17989530.00
1487883478212 232 0 1 60.000 0.484 17989530.00 8989530.00
1487883478218 233 0 1 60.000 0.000 inf 5989530.00
1487883478225 234 0 1 60.000 0.000 17989530.00 8989530.00
1487883478232 235 0 1 60.000 0.000 17989530.00 5989530.00
1487883478239 236 0 1 60.000 0.000 17989530.00 17989530.00
1487883478246 237 0 1 60.000 0.000 17989530.00 4489530.00
1487883478252 238 0 1 60.000 0.484 8989530.00 5989530.00
1487883478259 239 0 1 60.000 0.000 8989530.00 5989530.00
1487883478266 240 0 1 60.000 0.000 17989530.00 4489530.00
1487883478273 241 0 1 60.000 0.000 8989530.00 4489530.00
1487883478279 242 0 1 60.000 0.000 17989530.00 4489530.00
1487883478286 243 0 1 60.000 0.000 17989530.00 4489530.00
1487883478293 244 0 1 60.000 0.484 inf inf
1487883478300 245 0 1 60.000 0.000 17989530.00 17989530.00
1487883478307 246 0 1 60.000 0.000 17989530.00 17989530.00
1487883478313 247 0 1 60.000 0.000 17989530.00 4489530.00
1487883478320 248 0 1 60.000 0.000 8989530.00 5989530.00
1487883478327 249 0 1 60.000 0.000 17989530.00 5989530.00
1487883478334 250 0 1 60.000 0.484 17989530.00 3589530.00
1487883478340 251 0 1 60.000 0.484 17989530.00 8989530.00
1487883478347 252 0 1 60.000 0.484 17989530.00 8989530.00
1487883478356 253 0 1 60.000 0.000 17989530.00 5989530.00
1487883478365 254 0 1 60.000 0.484 17989530.00 5989530.00
1487883478372 255 0 1 60.000 0.484 17989530.00 4489530.00
1487883478378 256 0 1 60.000 0.000 17989530.00 inf
1487883478385 257 0 1 60.000 0.000 inf 5989530.00
1487883478392 258 0 1 60.000 0.000 17989530.00 8989530.00
1487883478399 259 0 1 60.000 0.000 8989530.00 8989530.00
1487883478408 260 0 1 60.000 0.484 17989530.00 4489530.00
1487883478415 261 0 1 60.000 0.000 8989530.00 inf
1487883478421 262 0 1 60.000 0.000 17989530.00 4489530.00
1487883478428 263 0 1 60.000 0.000 17989530.00 17989530.00
1487883478438 264 0 1 60.000 0.000 17989530.00 5989530.00
1487883478446 265 0 1 60.000 0.000 17989530.00 17989530.00
1487883478453 266 0 1 60.000 0.000 17989530.00 inf
1487883478460 267 0 1 60.000 0.000 17989530.00 17989530.00
1487883478466 268 0 1 60.000 0.484 8989530.00 8989530.00
1487883478473 269 0 1 60.000 0.000 inf 8989530.00
1487883478480 270 0 1 60.000 0.000 8989530.00 8989530.00
1487883478487 271 0 1 60.000 0.484 8989530.00 5989530.00
1487883478493 272 0 1 60.000 0.484 8989530.00 3589530.00
1487883478500 273 0 1 60.000 0.000 17989530.00 5989530.00
1487883478507 274 0 1 60.000 0.484 17989530.00 5989530.00
1487883478514 275 0 1 60.000 0.484 8989530.00 4489530.00
1487883478520 276 0 1 60.000 0.000 17989530.00 5989530.00
1487883478527 277 0 1 60.000 0.000 17989530.00 17989530.00
1487883478534 278 0 1 60.000 0.000 17989530.00 3589530.00
1487883478542 279 0 1 60.000 0.000 inf 3589530.00
1487883478549 280 0 1 60.000 0.000 17989530.00 5989530.00
1487883478556 281 0 1 60.000 0.000 inf 5989530.00
1487883478563 282 0 1 60.000 0.484 17989530.00 17989530.00
1487883478569 283 0 1 60.000 0.000 inf 5989530.00
1487883478576 284 0 1 60.000 0.000 17989530.00 5989530.00
1487883478583 285 0 1 60.000 0.000 17989530.00 2989530.00
1487883478590 286 0 1 60.000 0.000 inf 5989530.00
1487883478596 287 0 1 60.000 0.000 8989530.00 8989530.00
1487883478605 288 0 1 60.000 0.000 17989530.00 8989530.00
1487883478612 289 0 1 60.000 0.000 17989530.00 8989530.00
1487883478620 290 0 1 60.000 0.000 inf 5989530.00
1487883478627 291 0 1 60.000 0.000 17989530.00 5989530.00
1487883478634 292 0 1 60.000 0.000 17989530.00 8989530.00
1487883478640 293 0 1 60.000 0.000 17989530.00 4489530.00
1487883478647 294 0 1 60.000 0.000 17989530.00 inf
1487883478654 295 0 1 60.000 0.000 17989530.00 5989530.00
1487883478661 296 0 1 60.000 0.484 17989530.00 inf
1487883478667 297 0 1 60.000 0.000 17989530.00 5989530.00
1487883478674 298 0 1 60.000 0.000 17989530.00 8989530.00
1487883478681 299 0 1 60.000 0.000 5989530.00 inf
1487883478688 300 0 1 60.000 0.484 8989530.00 17989530.00
1487883478695 301 0 1 60.000 0.000 inf 8989530.00
1487883478701 302 0 1 60.000 0.000 8989530.00 8989530.00
1487883478708 303 0 1 60.000 0.484 17989530.00 5989530.00
1487883478715 304 0 1 60.000 0.000 17989530.00 2989530.00
1487883478722 305 0 1 60.000 0.484 17989530.00 4489530.00
1487883478729 306 0 1 60.000 0.000 17989530.00 inf
1487883478736 307 0 1 60.000 0.000 inf 5989530.00
1487883478742 308 0 1 60.000 0.000 17989530.00 4489530.00
1487883478749 309 0 1 60.000 0.484 17989530.00 17989530.00
1487883478756 310 0 1 60.000 0.000 17989530.00 4489530.00
1487883478763 311 0 1 60.000 0.000 inf 3589530.00
1487883478769 312 0 1 60.000 0.000 17989530.00 4489530.00
1487883478776 313 0 1 60.000 0.000 17989530.00 8989530.00
1487883478783 314 0 1 60.000 0.000 17989530.00 4489530.00
1487883478790 315 0 1 60.000 0.484 17989530.00 5989530.00
1487883478796 316 0 1 60.000 0.484 17989530.00 4489530.00
1487883478803 317 0 1 60.000 0.000 17989530.00 4489530.00
1487883478810 318 0 1 60.000 0.000 17989530.00 17989530.00
1487883478817 319 0 1 60.000 0.000 17989530.00 5989530.00
1487883478823 320 0 1 60.000 0.000 17989530.00 8989530.00
1487883478830 321 0 1 60.000 0.484 17989530.00 8989530.00
1487883478837 322 0 1 60.000 0.000 17989530.00 17989530.00
1487883478844 323 0 1 60.000 0.000 17989530.00 5989530.00
1487883478851 324 0 1 60.000 0.000 17989530.00 8989530.00
1487883478857 325 0 1 60.000 0.000 inf 17989530.00
1487883478864 326 0 1 60.000 0.484 17989530.00 17989530.00
1487883478871 327 0 1 60.000 0.000 17989530.00 inf
1487883478878 328 0 1 60.000 0.000 17989530.00 8989530.00
1487883478885 329 0 1 60.000 0.000 17989530.00 8989530.00
1487883478891 330 0 1 60.000 0.000 17989530.00 8989530.00
1487883478898 331 0 1 60.000 0.000 17989530.00 5989530.00
1487883478905 332 0 1 60.000 0.000 inf inf
1487883478912 333 0 1 60.000 0.000 17989530.00 inf
1487883478918 334 0 1 60.000 0.000 17989530.00 8989530.00
1487883478925 335 0 1 60.000 0.484 17989530.00 5989530.00
1487883478932 336 0 1 60.000 0.000 17989530.00 5989530.00
1487883478940 337 0 1 60.000 0.000 17989530.00 3589530.00
1487883478947 338 0 1 60.000 0.000 inf 5989530.00
1487883478954 339 0 1 60.000 0.484 17989530.00 5989530.00
1487883478961 340 0 1 60.000 0.000 inf inf
1487883478967 341 0 1 60.000 0.000 8989530.00 8989530.00
1487883478974 342 0 1 60.000 0.484 inf 3589530.00
1487883478981 343 0 1 60.000 0.000 17989530.00 4489530.00
1487883478988 344 0 1 60.000 0.484 inf inf
1487883478994 345 0 1 60.000 0.000 8989530.00 8989530.00
1487883479001 346 0 1 60.000 0.000 8989530.00 8989530.00
1487883479008 347 0 1 60.000 0.000 8989530.00 8989530.00
1487883479015 348 0 1 60.000 0.000 17989530.00 17989530.00
1487883479022 349 0 1 60.000 0.000 17989530.00 5989530.00
1487883479028 350 0 1 60.000 0.000 17989530.00 8989530.00
1487883479035 351 0 1 60.000 0.000 17989530.00 5989530.00
1487883479042 352 0 1 60.000 0.000 17989530.00 8989530.00
1487883479049 353 0 1 60.000 0.000 17989530.00 5989530.00
1487883479055 354 0 1 60.000 0.000 inf 2560958.57
1487883479062 355 0 1 60.000 0.484 5989530.00 5989530.00
1487883479069 356 0 1 60.000 0.484 17989530.00 17989530.00
1487883479076 357 0 1 60.000 0.000 17989530.00 5989530.00
1487883479082 358 0 1 60.000 0.000 17989530.00 inf
1487883479089 359 0 1 60.000 0.484 17989530.00 8989530.00
1487883479096 360 0 1 60.000 0.484 5989530.00 8989530.00
1487883479103 361 0 1 60.000 0.000 17989530.00 8989530.00
1487883479109 362 0 1 60.000 0.000 17989530.00 5989530.00
1487883479116 363 0 1 60.000 0.000 17989530.00 2989530.00
1487883479123 364 0 1 60.000 0.000 8989530.00 5989530.00
1487883479130 365 0 1 60.000 0.000 inf 4489530.00
1487883479137 366 0 1 60.000 0.000 5989530.00 5989530.00
1487883479143 367 0 1 60.000 0.000 17989530.00 4489530.00
1487883479150 368 0 1 60.000 0.000 8989530.00 17989530.00
1487883479157 369 0 1 60.000 0.000 17989530.00 5989530.00
1487883479164 370 0 1 60.000 0.000 17989530.00 5989530.00
1487883479170 371 0 1 60.000 0.000 17989530.00 5989530.00
1487883479177 372 0 1 60.000 0.000 17989530.00 5989530.00
1487883479184 373 0 1 60.000 0.000 8989530.00 8989530.00
1487883479191 374 0 1 60.000 0.000 8989530.00 5989530.00
1487883479198 375 0 1 60.000 0.000 17989530.00 5989530.00
1487883479204 376 0 1 60.000 0.000 8989530.00 8989530.00
1487883479211 377 0 1 60.000 0.000 inf 3589530.00
1487883479218 378 0 1 60.000 0.000 17989530.00 5989530.00
1487883479225 379 0 1 60.000 0.000 inf 5989530.00
1487883479231 380 0 1 60.000 0.484 17989530.00 5989530.00
1487883479238 381 0 1 60.000 0.000 17989530.00 5989530.00
1487883479245 382 0 1 60.000 0.000 inf 5989530.00
1487883479252 383 0 1 60.000 0.000 17989530.00 8989530.00
1487883479258 384 0 1 60.000 0.484 17989530.00 3589530.00
1487883479265 385 0 1 60.000 0.484 17989530.00 5989530.00
1487883479272 386 0 1 60.000 0.000 17989530.00 4489530.00
1487883479279 387 0 1 60.000 0.484 17989530.00 4489530.00
1487883479286 388 0 1 60.000 0.000 17989530.00 8989530.00
1487883479292 389 0 1 60.000 0.000 17989530.00 8989530.00
1487883479299 390 0 2 60.000 0.000 17989530.00 5989530.00
1487883479306 391 0 2 60.000 0.000 17989530.00 5989530.00
1487883479313 392 0 2 60.000 0.000 8989530.00 4489530.00
1487883479319 393 0 2 60.000 0.000 17989530.00 4489530.00
1487883479326 394 0 2 60.000 0.000 8989530.00 inf
1487883479333 395 0 2 60.000 0.484 17989530.00 17989530.00
1487883479340 396 0 2 60.000 0.000 17989530.00 8989530.00
1487883479346 397 0 2 60.000 0.000 8989530.00 4489530.00
1487883479353 398 0 2 60.000 0.000 17989530.00 5989530.00
1487883479360 399 0 2 60.000 0.000 17989530.00 5989530.00
1487883479367 400 0 2 60.000 0.000 17989530.00 3589530.00
1487883479373 401 0 2 60.000 0.000 17989530.00 3589530.00
1487883479380 402 0 2 60.000 0.000 17989530.00 5989530.00
1487883479387 403 0 2 60.000 0.484 17989530.00 5989530.00
1487883479394 404 0 2 60.000 0.000 inf 17989530.00
1487883479400 405 1 2 60.000 0.000 17989530.00 3589530.00
1487883479408 406 1 1 60.000 0.484 8989530.00 5989530.00
1487883479415 407 1 1 60.000 0.000 17989530.00 4489530.00
1487883479429 408 1 1 60.000 0.000 17989530.00 5989530.00
1487883479444 409 1 1 60.000 0.484 17989530.00 4489530.00
1487883479458 410 1 1 60.000 0.484 17989530.00 8989530.00
1487883479467 411 1 1 60.000 0.000 17989530.00 5989530.00
1487883479477 412 1 1 60.000 0.000 inf 5989530.00
1487883479484 413 1 1 60.000 0.484 4489530.00 17989530.00
1487883479490 414 1 1 60.000 0.484 17989530.00 4489530.00
1487883479497 415 1 1 60.000 0.000 17989530.00 5989530.00
1487883479504 416 1 1 60.000 0.484 17989530.00 4489530.00
1487883479511 417 1 1 60.000 0.000 17989530.00 inf
1487883479517 418 1 1 60.000 0.000 inf 5989530.00
1487883479524 419 1 1 60.000 0.000 17989530.00 4489530.00
1487883479531 420 1 1 60.000 0.484 inf 4489530.00
1487883479538 421 1 1 60.000 0.000 17989530.00 4489530.00
1487883479544 422 1 1 60.000 0.000 17989530.00 17989530.00
1487883479551 423 1 1 60.000 0.000 17989530.00 17989530.00
1487883479558 424 1 1 60.000 0.000 17989530.00 17989530.00
1487883479565 425 1 1 60.000 0.484 17989530.00 5989530.00
1487883479571 426 1 1 60.000 0.000 8989530.00 5989530.00
1487883479578 427 1 1 60.000 0.484 17989530.00 5989530.00
1487883479585 428 1 1 60.000 0.000 inf 8989530.00
1487883479592 429 1 1 60.000 0.000 17989530.00 5989530.00
1487883479598 430 1 1 60.000 0.000 17989530.00 3589530.00
1487883479606 431 1 1 60.000 1.453 17989530.00 4489530.00
1487883479613 432 1 1 60.000 4.360 17989530.00 4489530.00
1487883479620 433 1 1 60.000 13.563 8989530.00 4489530.00
1487883479627 434 1 1 60.000 16.470 17989530.00 5989530.00
1487883479634 435 1 1 60.000 19.860 inf 5989530.00
1487883479641 436 1 1 60.000 23.736 17989530.00 5989530.00
1487883479647 437 1 1 60.000 26.642 8989530.00 inf
1487883479654 438 1 1 60.000 30.033 8989530.00 4489530.00
1487883479661 439 1 1 60.000 32.455 17989530.00 5989530.00
1487883479668 440 1 1 60.000 35.361 17989530.00 8989530.00
1487883479675 441 1 1 60.000 37.783 17989530.00 17989530.00
1487883479681 442 1 1 60.000 40.205 17989530.00 4489530.00
1487883479688 443 1 1 60.000 42.143 8989530.00 3589530.00
1487883479695 444 1 1 60.000 43.596 17989530.00 5989530.00
1487883479702 445 1 1 60.000 45.534 17989530.00 4489530.00
1487883479709 446 1 1 60.000 47.471 17989530.00 3589530.00
1487883479715 447 1 1 60.000 48.440 17989530.00 17989530.00
1487883479722 448 1 1 60.000 49.893 8989530.00 3589530.00
1487883479729 449 1 1 60.000 51.347 8989530.00 5989530.00
1487883479736 450 1 1 60.000 52.315 17989530.00 5989530.00
1487883479743 451 1 1 60.000 53.284 5989530.00 5989530.00
1487883479750 452 1 1 60.000 54.253 17989530.00 3589530.00
1487883479756 453 1 1 60.000 54.737 17989530.00 4489530.00
1487883479763 454 1 1 60.000 55.222 17989530.00 inf
1487883479770 455 1 1 60.000 55.706 8989530.00 5989530.00
1487883479777 456 1 1 60.000 56.191 17989530.00 3589530.00
1487883479783 457 1 1 60.000 56.675 17989530.00 5989530.00
1487883479790 458 1 1 60.000 56.675 17989530.00 3589530.00
1487883479797 459 1 1 60.000 57.159 17989530.00 5989530.00
1487883479804 460 1 1 60.000 57.644 17989530.00 3589530.00
1487883479810 461 1 1 60.000 57.644 17989530.00 4489530.00
1487883479817 462 1 1 60.000 57.644 17989530.00 4489530.00
1487883479824 463 1 1 60.000 58.128 5989530.00 5989530.00
1487883479831 464 1 1 60.000 58.613 8989530.00 4489530.00
1487883479837 465 1 1 60.000 58.613 17989530.00 4489530.00
1487883479845 466 1 1 60.000 58.128 17989530.00 8989530.00
1487883479851 467 1 1 60.000 58.613 17989530.00 5989530.00
1487883479858 468 1 1 60.000 58.613 17989530.00 4489530.00
1487883479865 469 1 1 60.000 58.613 17989530.00 17989530.00
1487883479872 470 1 1 60.000 58.613 17989530.00 4489530.00
1487883479878 471 1 1 60.000 58.613 8989530.00 4489530.00
1487883479885 472 1 1 60.000 58.613 17989530.00 5989530.00
1487883479892 473 1 1 60.000 58.613 17989530.00 17989530.00
1487883479899 474 1 1 60.000 58.613 8989530.00 5989530.00
1487883479906 475 1 1 60.000 57.644 17989530.00 3589530.00
1487883479912 476 1 1 60.000 58.613 17989530.00 5989530.00
1487883479919 477 1 1 60.000 60.066 17989530.00 4489530.00
1487883479926 478 1 1 60.000 59.581 17989530.00 8989530.00
1487883479933 479 1 1 60.000 60.066 inf inf
1487883479939 480 1 1 60.000 60.066 8989530.00 4489530.00
1487883479946 481 1 1 60.000 59.581 8989530.00 3589530.00
1487883479953 482 1 1 60.000 59.581 17989530.00 17989530.00
1487883479960 483 1 1 60.000 60.066 17989530.00 5989530.00
1487883479966 484 1 1 60.000 60.066 17989530.00 inf
1487883479973 485 1 1 60.000 60.066 17989530.00 5989530.00
1487883479980 486 1 1 60.000 60.066 17989530.00 5989530.00
1487883479987 487 1 1 60.000 60.066 17989530.00 5989530.00
1487883479993 488 1 1 60.000 60.066 17989530.00 4489530.00
1487883480000 489 1 1 60.000 60.550 17989530.00 5989530.00
1487883480007 490 1 1 60.000 60.066 17989530.00 4489530.00
1487883480015 491 1 1 60.000 60.066 17989530.00 17989530.00
1487883480029 492 1 1 60.000 60.066 17989530.00 5989530.00
1487883480047 493 1 1 60.000 60.066 17989530.00 5989530.00
1487883480055 494 1 1 60.000 60.066 8989530.00 3589530.00
1487883480062 495 1 1 60.000 60.066 8989530.00 3589530.00
1487883480069 496 1 1 60.000 59.581 17989530.00 5989530.00
1487883480077 497 1 1 60.000 60.066 17989530.00 4489530.00
1487883480084 498 1 1 60.000 60.066 5989530.00 17989530.00
1487883480090 499 1 1 60.000 60.066 17989530.00 8989530.00
1487883480097 500 1 1 60.000 60.066 17989530.00 8989530.00
1487883480104 501 1 1 60.000 60.066 17989530.00 5989530.00
1487883480111 502 1 1 60.000 60.066 8989530.00 4489530.00
1487883480118 503 1 1 60.000 60.066 8989530.00 8989530.00
1487883480124 504 1 1 60.000 60.066 17989530.00 8989530.00
1487883480132 505 1 1 60.000 60.066 8989530.00 5989530.00
1487883480139 506 1 1 60.000 60.066 17989530.00 2989530.00
1487883480146 507 1 1 60.000 60.066 17989530.00 4489530.00
1487883480153 508 1 1 60.000 60.066 17989530.00 4489530.00
1487883480160 509 1 1 60.000 60.066 8989530.00 5989530.00
1487883480166 510 1 1 60.000 60.066 8989530.00 4489530.00
1487883480173 511 1 1 60.000 60.066 8989530.00 4489530.00
1487883480180 512 1 1 60.000 60.066 17989530.00 5989530.00
1487883480187 513 1 1 60.000 60.066 17989530.00 4489530.00
1487883480193 514 1 1 60.000 60.066 17989530.00 5989530.00
1487883480200 515 1 1 60.000 60.066 8989530.00 5989530.00
1487883480207 516 1 1 60.000 60.066 17989530.00 3589530.00
1487883480214 517 1 1 60.000 60.066 8989530.00 4489530.00
1487883480223 518 1 1 60.000 59.581 17989530.00 5989530.00
1487883480230 519 1 1 60.000 60.066 17989530.00 5989530.00
1487883480237 520 1 1 60.000 60.066 17989530.00 5989530.00
1487883480244 521 1 1 60.000 60.066 8989530.00 5989530.00
1487883480251 522 1 1 60.000 60.066 17989530.00 5989530.00
1487883480258 523 1 1 60.000 60.066 8989530.00 inf
1487883480264 524 1 1 60.000 60.066 17989530.00 3589530.00
1487883480273 525 1 1 60.000 60.066 17989530.00 4489530.00
1487883480280 526 1 1 60.000 59.581 17989530.00 5989530.00
1487883480287 527 1 1 60.000 59.581 17989530.00 17989530.00
1487883480294 528 1 1 60.000 59.581 8989530.00 4489530.00
1487883480301 529 1 1 60.000 59.581 17989530.00 3589530.00
1487883480307 530 1 1 60.000 59.581 17989530.00 5989530.00
1487883480314 531 1 1 60.000 59.581 17989530.00 4489530.00
1487883480321 532 1 1 60.000 59.581 17989530.00 5989530.00
1487883480328 533 1 1 60.000 60.066 17989530.00 5989530.00
1487883480334 534 1 1 60.000 59.581 17989530.00 5989530.00
1487883480341 535 1 1 60.000 59.581 8989530.00 17989530.00
1487883480348 536 1 1 60.000 59.097 17989530.00 5989530.00
1487883480355 537 1 1 60.000 59.581 17989530.00 8989530.00
1487883480362 538 1 1 60.000 59.581 17989530.00 5989530.00
1487883480368 539 1 1 60.000 59.581 17989530.00 8989530.00
1487883480375 540 1 1 60.000 59.581 17989530.00 3589530.00
1487883480382 541 1 1 60.000 59.097 17989530.00 8989530.00
1487883480389 542 1 1 60.000 59.097 17989530.00 5989530.00
1487883480395 543 1 1 60.000 59.097 17989530.00 3589530.00
1487883480402 544 1 1 60.000 59.581 17989530.00 8989530.00
1487883480409 545 1 1 60.000 59.581 17989530.00 4489530.00
1487883480416 546 1 1 60.000 59.581 17989530.00 17989530.00
1487883480422 547 1 1 60.000 59.097 17989530.00 5989530.00
1487883480429 548 1 1 60.000 59.581 17989530.00 3589530.00
1487883480438 549 1 1 60.000 59.097 17989530.00 4489530.00
1487883480445 550 1 1 60.000 58.613 17989530.00 5989530.00
1487883480452 551 1 1 60.000 59.581 8989530.00 4489530.00
1487883480458 552 1 1 60.000 59.581 17989530.00 5989530.00
1487883480465 553 1 1 60.000 59.097 17989530.00 4489530.00
1487883480472 554 1 1 60.000 59.581 8989530.00 4489530.00
1487883480479 555 1 1 60.000 59.097 8989530.00 4489530.00
1487883480485 556 1 1 60.000 59.581 8989530.00 4489530.00
1487883480492 557 1 1 60.000 59.097 17989530.00 5989530.00
1487883480499 558 1 1 60.000 59.097 5989530.00 inf
1487883480506 559 1 1 60.000 59.097 17989530.00 8989530.00
1487883480512 560 1 1 60.000 59.097 8989530.00 3589530.00
1487883480519 561 1 1 60.000 59.581 17989530.00 17989530.00
1487883480526 562 1 1 60.000 59.097 17989530.00 4489530.00
1487883480533 563 1 1 60.000 59.097 17989530.00 5989530.00
1487883480540 564 1 1 60.000 59.097 17989530.00 8989530.00
1487883480546 565 1 1 60.000 59.097 17989530.00 5989530.00
1487883480553 566 1 1 60.000 59.097 17989530.00 8989530.00
1487883480560 567 1 1 60.000 59.097 17989530.00 8989530.00
1487883480567 568 1 1 60.000 59.097 8989530.00 4489530.00
1487883480573 569 1 1 60.000 59.097 17989530.00 3589530.00
1487883480580 570 1 1 60.000 58.613 8989530.00 5989530.00
1487883480587 571 1 1 60.000 59.097 17989530.00 4489530.00
1487883480594 572 1 1 60.000 59.097 17989530.00 17989530.00
1487883480600 573 1 1 60.000 58.613 17989530.00 4489530.00
1487883480607 574 1 1 60.000 58.613 inf 5989530.00
1487883480614 575 1 1 60.000 59.097 17989530.00 4489530.00
1487883480621 576 1 1 60.000 58.613 17989530.00 5989530.00
1487883480628 577 1 1 60.000 59.097 17989530.00 5989530.00
1487883480634 578 1 1 60.000 58.613 17989530.00 4489530.00
1487883480641 579 1 1 60.000 58.613 17989530.00 4489530.00
1487883480648 580 1 1 60.000 59.097 17989530.00 8989530.00
1487883480655 581 1 1 60.000 59.097 17989530.00 5989530.00
1487883480662 582 1 1 60.000 58.613 17989530.00 5989530.00
1487883480668 583 1 1 60.000 59.097 17989530.00 5989530.00
1487883480675 584 1 1 60.000 59.097 17989530.00 17989530.00
1487883480682 585 1 1 60.000 58.613 17989530.00 8989530.00
1487883480689 586 1 1 60.000 58.613 17989530.00 3589530.00
1487883480695 587 1 1 60.000 59.097 17989530.00 3589530.00
1487883480702 588 1 1 60.000 58.613 8989530.00 5989530.00
1487883480709 589 1 1 60.000 59.097 5989530.00 inf
1487883480716 590 1 1 60.000 58.613 17989530.00 8989530.00
1487883480722 591 1 1 60.000 59.097 8989530.00 4489530.00
1487883480729 592 1 1 60.000 59.097 17989530.00 8989530.00
1487883480736 593 1 1 60.000 59.097 17989530.00 8989530.00
1487883480743 594 1 1 60.000 59.097 17989530.00 5989530.00
1487883480749 595 1 1 60.000 59.097 8989530.00 8989530.00
1487883480756 596 1 1 60.000 59.581 17989530.00 3589530.00
1487883480763 597 1 1 60.000 58.613 17989530.00 8989530.00
1487883480770 598 1 1 60.000 58.613 17989530.00 4489530.00
1487883480776 599 1 1 60.000 59.097 17989530.00 inf
1487883480783 600 1 1 60.000 59.581 8989530.00 3589530.00
1487883480790 601 1 1 60.000 59.097 17989530.00 3589530.00
1487883480797 602 1 1 60.000 59.097 17989530.00 5989530.00
1487883480803 603 1 1 60.000 59.097 8989530.00 5989530.00
1487883480810 604 1 1 60.000 59.097 5989530.00 5989530.00
1487883480817 605 1 1 60.000 59.097 17989530.00 4489530.00
1487883480824 606 1 1 60.000 59.581 17989530.00 5989530.00
1487883480831 607 1 1 60.000 59.097 17989530.00 5989530.00
1487883480837 608 1 1 60.000 59.097 8989530.00 8989530.00
1487883480844 609 1 1 60.000 59.097 17989530.00 8989530.00
1487883480851 610 1 1 60.000 59.097 17989530.00 3589530.00
1487883480858 611 1 1 60.000 59.097 17989530.00 5989530.00
1487883480864 612 1 1 60.000 59.581 17989530.00 5989530.00
1487883480871 613 1 1 60.000 59.097 17989530.00 inf
1487883480878 614 1 1 60.000 59.581 17989530.00 5989530.00
1487883480885 615 1 1 60.000 59.097 17989530.00 5989530.00
1487883480891 616 1 1 60.000 59.581 17989530.00 2989530.00
1487883480898 617 1 1 60.000 59.581 17989530.00 4489530.00
1487883480905 618 1 1 60.000 59.097 17989530.00 2989530.00
1487883480912 619 1 1 60.000 59.097 17989530.00 8989530.00
1487883480919 620 1 1 60.000 59.581 8989530.00 4489530.00
1487883480925 621 1 1 60.000 59.097 8989530.00 8989530.00
1487883480934 622 1 1 60.000 59.097 17989530.00 4489530.00
1487883480941 623 1 1 60.000 59.581 17989530.00 4489530.00
1487883480947 624 1 1 60.000 59.581 8989530.00 5989530.00
1487883480954 625 1 1 60.000 59.097 17989530.00 5989530.00
1487883480961 626 1 1 60.000 59.097 8989530.00 5989530.00
1487883480968 627 1 1 60.000 59.581 17989530.00 inf
1487883480975 628 1 1 60.000 59.097 17989530.00 5989530.00
1487883480981 629 1 1 60.000 59.097 inf 8989530.00
1487883480988 630 1 1 60.000 59.097 17989530.00 5989530.00
1487883480995 631 1 1 60.000 59.581 17989530.00 inf
1487883481002 632 1 1 60.000 59.581 17989530.00 inf
1487883481008 633 1 1 60.000 59.581 17989530.00 5989530.00
1487883481015 634 1 1 60.000 59.581 17989530.00 5989530.00
1487883481022 635 1 1 60.000 59.581 17989530.00 3589530.00
1487883481029 636 1 1 60.000 59.097 17989530.00 5989530.00
1487883481035 637 1 1 60.000 59.581 8989530.00 5989530.00
1487883481042 638 1 1 60.000 59.581 17989530.00 4489530.00
1487883481049 639 1 1 60.000 59.097 17989530.00 5989530.00
1487883481056 640 1 1 60.000 59.581 5989530.00 4489530.00
1487883481062 641 1 1 60.000 59.581 8989530.00 5989530.00
1487883481069 642 1 1 60.000 59.097 17989530.00 4489530.00
1487883481076 643 1 1 60.000 59.581 17989530.00 8989530.00
1487883481083 644 1 1 60.000 59.581 17989530.00 4489530.00
1487883481090 645 1 1 60.000 59.581 17989530.00 4489530.00
1487883481096 646 1 1 60.000 59.581 17989530.00 4489530.00
1487883481103 647 1 1 60.000 58.613 17989530.00 8989530.00
1487883481110 648 1 1 60.000 59.581 8989530.00 5989530.00
1487883481117 649 1 1 60.000 59.097 17989530.00 5989530.00
1487883481124 650 1 1 60.000 59.097 17989530.00 8989530.00
1487883481130 651 1 1 60.000 59.097 8989530.00 5989530.00
1487883481137 652 1 1 60.000 59.581 17989530.00 17989530.00
1487883481144 653 1 1 60.000 59.097 8989530.00 8989530.00
1487883481151 654 1 1 60.000 59.097 17989530.00 4489530.00
1487883481157 655 1 1 60.000 58.613 8989530.00 5989530.00
1487883481164 656 1 1 60.000 59.097 inf 4489530.00
1487883481171 657 1 1 60.000 59.097 5989530.00 5989530.00
1487883481178 658 1 1 60.000 59.097 17989530.00 8989530.00
1487883481184 659 1 1 60.000 59.581 17989530.00 5989530.00
1487883481191 660 1 1 60.000 59.581 17989530.00 17989530.00
1487883481198 661 1 1 60.000 59.097 17989530.00 inf
1487883481205 662 1 1 60.000 59.581 17989530.00 5989530.00
1487883481211 663 1 1 60.000 59.581 17989530.00 4489530.00
1487883481218 664 1 1 60.000 59.581 inf 4489530.00
1487883481225 665 1 1 60.000 59.581 17989530.00 4489530.00
1487883481232 666 1 1 60.000 59.097 8989530.00 5989530.00
1487883481238 667 1 1 60.000 59.097 8989530.00 2989530.00
1487883481245 668 1 1 60.000 59.097 17989530.00 4489530.00
1487883481252 669 1 1 60.000 59.097 8989530.00 5989530.00
1487883481259 670 1 1 60.000 59.097 8989530.00 17989530.00
1487883481266 671 1 1 60.000 59.581 17989530.00 5989530.00
1487883481272 672 1 1 60.000 59.097 inf 17989530.00
1487883481280 673 1 1 60.000 59.097 8989530.00 3589530.00
1487883481287 674 1 1 60.000 59.097 17989530.00 17989530.00
1487883481294 675 1 1 60.000 59.581 17989530.00 17989530.00
1487883481300 676 1 1 60.000 59.581 8989530.00 8989530.00
1487883481307 677 1 1 60.000 59.097 17989530.00 5989530.00
1487883481314 678 1 1 60.000 59.097 17989530.00 3589530.00
1487883481321 679 1 1 60.000 59.097 8989530.00 5989530.00
1487883481327 680 1 1 60.000 59.097 17989530.00 8989530.00
1487883481334 681 1 1 60.000 59.097 17989530.00 17989530.00
1487883481341 682 1 1 60.000 59.097 8989530.00 5989530.00
1487883481348 683 1 1 60.000 59.097 8989530.00 5989530.00
1487883481355 684 1 1 60.000 59.097 17989530.00 4489530.00
1487883481362 685 1 1 60.000 59.097 8989530.00 17989530.00
1487883481369 686 1 1 60.000 59.097 5989530.00 17989530.00
1487883481376 687 1 1 60.000 59.097 17989530.00 4489530.00
1487883481382 688 1 1 60.000 59.581 17989530.00 3589530.00
1487883481389 689 1 1 60.000 59.097 17989530.00 8989530.00
1487883481396 690 1 1 60.000 59.097 8989530.00 5989530.00
1487883481403 691 1 1 60.000 59.097 8989530.00 4489530.00
1487883481409 692 1 1 60.000 59.097 17989530.00 inf
1487883481416 693 1 1 60.000 58.613 8989530.00 5989530.00
1487883481423 694 1 1 60.000 59.097 17989530.00 inf
1487883481430 695 1 1 60.000 59.097 17989530.00 4489530.00
1487883481436 696 1 1 60.000 59.097 17989530.00 8989530.00
1487883481443 697 1 1 60.000 59.097 8989530.00 8989530.00
1487883481450 698 1 1 60.000 59.097 8989530.00 8989530.00
1487883481457 699 1 1 60.000 59.097 8989530.00 4489530.00
1487883481464 700 1 1 60.000 59.097 17989530.00 3589530.00
1487883481470 701 1 1 60.000 58.613 17989530.00 2989530.00
1487883481477 702 1 1 60.000 59.097 8989530.00 2989530.00
1487883481484 703 1 1 60.000 59.097 8989530.00 4489530.00
1487883481491 704 1 1 60.000 58.613 17989530.00 5989530.00
1487883481497 705 1 1 60.000 59.097 8989530.00 4489530.00
1487883481504 706 1 1 60.000 58.613 17989530.00 8989530.00
1487883481511 707 1 1 60.000 58.613 8989530.00 8989530.00
1487883481518 708 1 1 60.000 59.097 17989530.00 8989530.00
1487883481524 709 1 1 60.000 59.097 17989530.00 4489530.00
1487883481531 710 1 1 60.000 59.097 17989530.00 4489530.00
1487883481538 711 1 1 60.000 58.613 8989530.00 17989530.00
1487883481545 712 1 1 60.000 59.097 17989530.00 4489530.00
1487883481552 713 1 1 60.000 59.097 17989530.00 5989530.00
1487883481558 714 1 1 60.000 59.097 8989530.00 8989530.00
1487883481565 715 1 1 60.000 59.097 17989530.00 5989530.00
1487883481572 716 1 1 60.000 59.097 17989530.00 3589530.00
1487883481579 717 1 1 60.000 58.613 17989530.00 5989530.00
1487883481594 718 1 1 60.000 59.097 8989530.00 4489530.00
1487883481601 719 1 1 60.000 59.097 8989530.00 4489530.00
1487883481609 720 1 1 60.000 59.581 8989530.00 4489530.00
1487883481616 721 1 1 60.000 59.097 8989530.00 5989530.00
1487883481622 722 1 1 60.000 59.097 17989530.00 4489530.00
1487883481630 723 1 1 60.000 59.097 17989530.00 3589530.00
1487883481637 724 1 1 60.000 58.613 8989530.00 4489530.00
1487883481643 725 1 1 60.000 58.613 8989530.00 4489530.00
1487883481650 726 1 1 60.000 59.097 8989530.00 8989530.00
1487883481657 727 1 1 60.000 59.097 17989530.00 3589530.00
1487883481664 728 1 1 60.000 58.613 17989530.00 17989530.00
1487883481670 729 1 1 60.000 59.097 8989530.00 17989530.00
1487883481677 730 1 1 60.000 59.097 17989530.00 8989530.00
1487883481684 731 1 1 60.000 59.097 inf inf
1487883481691 732 1 1 60.000 59.097 17989530.00 3589530.00
1487883481697 733 1 1 60.000 58.613 17989530.00 2989530.00
1487883481704 734 1 1 60.000 59.097 17989530.00 3589530.00
1487883481711 735 1 1 60.000 58.613 17989530.00 5989530.00
1487883481718 736 1 1 60.000 58.613 4489530.00 5989530.00
1487883481725 737 1 1 60.000 59.097 17989530.00 4489530.00
1487883481731 738 1 1 60.000 58.613 17989530.00 4489530.00
1487883481738 739 1 1 60.000 58.613 17989530.00 5989530.00
1487883481745 740 1 1 60.000 59.097 17989530.00 5989530.00
1487883481752 741 1 1 60.000 58.613 17989530.00 4489530.00
1487883481759 742 1 1 60.000 59.097 8989530.00 4489530.00
1487883481765 743 1 1 60.000 59.097 17989530.00 5989530.00
1487883481774 744 1 1 60.000 59.097 17989530.00 5989530.00
1487883481781 745 1 1 60.000 59.097 17989530.00 8989530.00
1487883481788 746 1 1 60.000 58.613 17989530.00 4489530.00
1487883481797 747 1 1 60.000 59.097 8989530.00 4489530.00
1487883481803 748 1 1 60.000 59.097 8989530.00 5989530.00
1487883481810 749 1 1 60.000 58.613 17989530.00 17989530.00
1487883481817 750 1 1 60.000 59.097 17989530.00 5989530.00
1487883481824 751 1 1 60.000 58.613 8989530.00 4489530.00
1487883481830 752 1 1 60.000 59.097 17989530.00 5989530.00
1487883481837 753 1 1 60.000 59.097 17989530.00 2989530.00
1487883481860 754 1 1 60.000 58.613 8989530.00 4489530.00
1487883481874 755 1 1 60.000 59.097 5989530.00 17989530.00
1487883481887 756 1 1 60.000 58.613 17989530.00 8989530.00
1487883481901 757 1 1 60.000 58.613 17989530.00 3589530.00
1487883481915 758 1 1 60.000 58.613 17989530.00 4489530.00
1487883481926 759 1 1 60.000 58.613 8989530.00 5989530.00
1487883481935 760 1 1 60.000 58.613 17989530.00 4489530.00
1487883481942 761 1 1 60.000 59.097 17989530.00 4489530.00
1487883481948 762 1 1 60.000 58.613 17989530.00 3589530.00
1487883481955 763 1 1 60.000 58.613 17989530.00 4489530.00
1487883481962 764 1 1 60.000 59.097 8989530.00 17989530.00
1487883481969 765 1 1 60.000 58.613 8989530.00 3589530.00
1487883481976 766 1 1 60.000 58.613 17989530.00 3589530.00
1487883481982 767 1 1 60.000 58.613 8989530.00 4489530.00
1487883481989 768 1 1 60.000 59.097 8989530.00 5989530.00
1487883481998 769 1 1 60.000 59.097 8989530.00 5989530.00
1487883482005 770 1 1 60.000 58.613 5989530.00 5989530.00
1487883482012 771 1 1 60.000 58.613 inf 4489530.00
1487883482018 772 1 1 60.000 59.097 17989530.00 17989530.00
1487883482025 773 1 1 60.000 58.613 8989530.00 3589530.00
1487883482032 774 1 1 60.000 58.613 17989530.00 3589530.00
1487883482039 775 1 1 60.000 58.613 17989530.00 inf
1487883482045 776 1 1 60.000 58.613 17989530.00 5989530.00
1487883482052 777 1 1 60.000 58.613 17989530.00 3589530.00
1487883482059 778 1 1 60.000 58.613 17989530.00 3589530.00
1487883482066 779 1 1 60.000 58.613 5989530.00 4489530.00
1487883482072 780 1 1 60.000 58.613 8989530.00 inf
1487883482079 781 1 1 60.000 59.097 17989530.00 5989530.00
1487883482086 782 1 1 60.000 58.613 17989530.00 5989530.00
1487883482093 783 1 1 60.000 58.613 8989530.00 4489530.00
1487883482099 784 1 1 60.000 58.613 8989530.00 inf
1487883482106 785 1 1 60.000 58.613 17989530.00 5989530.00
1487883482113 786 1 1 60.000 58.613 inf 3589530.00
1487883482120 787 1 1 60.000 58.613 17989530.00 2989530.00
1487883482126 788 1 1 60.000 58.128 8989530.00 5989530.00
1487883482133 789 1 1 60.000 58.613 17989530.00 4489530.00
1487883482140 790 1 1 60.000 58.613 17989530.00 4489530.00
1487883482147 791 1 1 60.000 58.613 8989530.00 5989530.00
1487883482154 792 1 1 60.000 58.613 8989530.00 5989530.00
1487883482161 793 1 1 60.000 58.613 17989530.00 17989530.00
1487883482167 794 1 1 60.000 58.613 8989530.00 5989530.00
1487883482174 795 1 1 60.000 59.097 17989530.00 3589530.00
1487883482181 796 1 1 60.000 58.613 17989530.00 3589530.00
1487883482188 797 1 1 60.000 58.613 inf 17989530.00
1487883482194 798 1 1 60.000 58.613 8989530.00 17989530.00
1487883482201 799 1 1 60.000 58.613 17989530.00 5989530.00
1487883482208 800 1 1 60.000 58.613 17989530.00 5989530.00
1487883482215 801 1 1 60.000 58.128 17989530.00 5989530.00
1487883482221 802 1 1 60.000 58.613 17989530.00 5989530.00
1487883482228 803 1 1 60.000 58.613 8989530.00 5989530.00
1487883482235 804 1 1 60.000 58.613 8989530.00 3589530.00
1487883482242 805 1 1 60.000 58.613 8989530.00 5989530.00
1487883482248 806 1 1 60.000 58.613 17989530.00 4489530.00
1487883482255 807 1 1 60.000 58.613 8989530.00 17989530.00
1487883482262 808 1 1 60.000 58.613 8989530.00 4489530.00
1487883482269 809 1 1 60.000 58.613 17989530.00 4489530.00
1487883482275 810 1 1 60.000 58.613 17989530.00 5989530.00
1487883482282 811 1 1 60.000 58.613 17989530.00 3589530.00
1487883482290 812 1 1 60.000 58.613 8989530.00 5989530.00
1487883482296 813 1 1 60.000 58.613 17989530.00 4489530.00
1487883482303 814 1 1 60.000 59.097 8989530.00 5989530.00
1487883482310 815 1 1 60.000 59.097 17989530.00 3589530.00
1487883482317 816 1 1 60.000 58.613 17989530.00 2989530.00
1487883482324 817 1 1 60.000 58.613 8989530.00 3589530.00
1487883482330 818 1 1 60.000 59.097 17989530.00 5989530.00
1487883482337 819 1 1 60.000 58.613 17989530.00 5989530.00
1487883482345 820 1 1 60.000 58.613 17989530.00 17989530.00
1487883482351 821 1 1 60.000 58.613 17989530.00 5989530.00
1487883482358 822 1 1 60.000 58.613 8989530.00 4489530.00
1487883482365 823 1 1 60.000 58.613 8989530.00 3589530.00
1487883482372 824 1 1 60.000 58.613 17989530.00 4489530.00
1487883482378 825 1 1 60.000 58.613 17989530.00 2989530.00
1487883482385 826 1 1 60.000 58.613 17989530.00 5989530.00
1487883482392 827 1 1 60.000 59.097 8989530.00 5989530.00
1487883482399 828 1 1 60.000 58.613 17989530.00 8989530.00
1487883482406 829 1 1 60.000 59.097 17989530.00 3589530.00
1487883482413 830 1 1 60.000 58.613 inf 5989530.00
1487883482420 831 1 2 60.000 58.613 17989530.00 5989530.00
1487883482427 832 1 2 60.000 58.613 8989530.00 5989530.00
1487883482433 833 1 2 60.000 58.613 8989530.00 5989530.00
1487883482440 834 1 2 60.000 57.644 17989530.00 8989530.00
1487883482447 835 1 2 60.000 54.737 8989530.00 4489530.00
1487883482454 836 1 2 60.000 51.347 17989530.00 5989530.00
1487883482460 837 1 2 60.000 48.440 17989530.00 5989530.00
1487883482467 838 1 2 60.000 44.565 8989530.00 5989530.00
1487883482474 839 1 2 60.000 39.237 17989530.00 5989530.00
1487883482481 840 1 2 60.000 34.877 17989530.00 inf
1487883482487 841 1 2 60.000 30.517 inf 17989530.00
1487883482496 842 1 2 60.000 24.220 17989530.00 4489530.00
1487883482503 843 1 2 60.000 18.407 8989530.00 8989530.00
1487883482510 844 1 2 60.000 14.048 17989530.00 5989530.00
1487883482516 845 1 2 60.000 9.688 8989530.00 17989530.00
1487883482523 846 2 2 60.000 5.813 17989530.00 3589530.00
1487883482532 847 2 1 60.000 0.969 17989530.00 3589530.00
1487883482538 848 2 1 60.000 0.000 17989530.00 5989530.00
1487883482553 849 2 1 60.000 0.000 17989530.00 4489530.00
1487883482565 850 2 1 60.000 0.000 inf 4489530.00
1487883482579 851 2 1 60.000 3.391 inf 4489530.00
1487883482592 852 2 1 60.000 14.532 17989530.00 3589530.00
1487883482600 853 2 1 60.000 17.438 17989530.00 5989530.00
1487883482607 854 2 1 60.000 21.314 17989530.00 4489530.00
1487883482614 855 2 1 60.000 25.189 17989530.00 8989530.00
1487883482620 856 2 1 60.000 29.064 17989530.00 5989530.00
1487883482627 857 2 1 60.000 32.939 8989530.00 8989530.00
1487883482634 858 2 1 60.000 35.846 17989530.00 4489530.00
1487883482641 859 2 1 60.000 39.237 17989530.00 5989530.00
1487883482648 860 2 1 60.000 41.659 8989530.00 inf
1487883482655 861 2 1 60.000 44.565 17989530.00 5989530.00
1487883482662 862 2 1 60.000 46.503 8989530.00 3589530.00
1487883482668 863 2 1 60.000 48.440 17989530.00 3589530.00
1487883482675 864 2 1 60.000 50.862 17989530.00 2989530.00
1487883482682 865 2 1 60.000 52.315 5989530.00 5989530.00
1487883482689 866 2 1 60.000 53.769 17989530.00 4489530.00
1487883482695 867 2 1 60.000 54.737 17989530.00 5989530.00
1487883482702 868 2 1 60.000 56.191 17989530.00 5989530.00
1487883482709 869 2 1 60.000 56.675 8989530.00 4489530.00
1487883482716 870 2 1 60.000 57.644 17989530.00 4489530.00
1487883482722 871 2 1 60.000 58.613 17989530.00 5989530.00
1487883482729 872 2 1 60.000 59.581 8989530.00 5989530.00
1487883482736 873 2 1 60.000 59.097 8989530.00 4489530.00
1487883482743 874 2 1 60.000 59.581 17989530.00 5989530.00
1487883482750 875 2 1 60.000 60.066 17989530.00 17989530.00
1487883482756 876 2 1 60.000 60.066 8989530.00 4489530.00
1487883482763 877 2 1 60.000 60.550 8989530.00 5989530.00
1487883482770 878 2 1 60.000 60.066 8989530.00 inf
1487883482777 879 2 1 60.000 60.550 inf inf
1487883482783 880 2 1 60.000 60.066 17989530.00 4489530.00
1487883482791 881 2 1 60.000 60.550 17989530.00 4489530.00
1487883482797 882 2 1 60.000 60.066 17989530.00 5989530.00
1487883482804 883 2 1 60.000 60.066 17989530.00 5989530.00
1487883482811 884 2 1 60.000 60.550 17989530.00 8989530.00
1487883482818 885 2 1 60.000 60.066 17989530.00 17989530.00
1487883482825 886 2 1 60.000 60.066 17989530.00 3589530.00
1487883482831 887 2 1 60.000 60.066 17989530.00 8989530.00
1487883482838 888 2 1 60.000 60.550 8989530.00 5989530.00
1487883482845 889 2 1 60.000 60.066 17989530.00 4489530.00
1487883482852 890 2 1 60.000 60.066 8989530.00 5989530.00
1487883482859 891 2 1 60.000 60.550 17989530.00 4489530.00
1487883482865 892 2 1 60.000 60.066 17989530.00 8989530.00
1487883482872 893 2 1 60.000 60.066 8989530.00 4489530.00
1487883482879 894 2 1 60.000 60.066 8989530.00 3589530.00
1487883482886 895 2 1 60.000 60.066 17989530.00 4489530.00
1487883482893 896 2 1 60.000 60.066 8989530.00 5989530.00
1487883482899 897 2 1 60.000 60.066 17989530.00 3589530.00
1487883482906 898 2 1 60.000 60.066 17989530.00 5989530.00
1487883482913 899 2 1 60.000 60.066 17989530.00 5989530.00
1487883482920 900 2 1 60.000 60.066 8989530.00 4489530.00
1487883482927 901 2 1 60.000 60.066 17989530.00 2989530.00
1487883482933 902 2 1 60.000 60.066 17989530.00 inf
1487883482940 903 2 1 60.000 60.066 17989530.00 5989530.00
1487883482947 904 2 1 60.000 60.066 17989530.00 4489530.00
1487883482954 905 2 1 60.000 60.066 17989530.00 4489530.00
1487883482960 906 2 1 60.000 60.066 17989530.00 4489530.00
1487883482967 907 2 1 60.000 60.066 17989530.00 5989530.00
1487883482974 908 2 1 60.000 60.066 17989530.00 4489530.00
1487883482981 909 2 1 60.000 59.581 8989530.00 4489530.00
1487883482988 910 2 1 60.000 60.066 8989530.00 5989530.00
1487883482994 911 2 1 60.000 60.066 17989530.00 4489530.00
1487883483001 912 2 1 60.000 60.066 17989530.00 4489530.00
1487883483008 913 2 1 60.000 60.066 8989530.00 8989530.00
1487883483014 914 2 1 60.000 59.581 8989530.00 5989530.00
1487883483021 915 2 1 60.000 59.581 17989530.00 4489530.00
1487883483028 916 2 1 60.000 60.066 8989530.00 5989530.00
1487883483035 917 2 1 60.000 60.066 8989530.00 inf
1487883483042 918 2 1 60.000 60.066 8989530.00 17989530.00
1487883483048 919 2 1 60.000 60.066 8989530.00 inf
1487883483055 920 2 1 60.000 59.581 8989530.00 17989530.00
1487883483062 921 2 1 60.000 60.066 8989530.00 5989530.00
1487883483069 922 2 1 60.000 60.066 17989530.00 inf
1487883483076 923 2 1 60.000 60.066 17989530.00 17989530.00
1487883483082 924 2 1 60.000 60.066 17989530.00 4489530.00
1487883483089 925 2 1 60.000 60.066 8989530.00 3589530.00
1487883483096 926 2 1 60.000 59.581 8989530.00 5989530.00
1487883483103 927 2 1 60.000 59.581 8989530.00 4489530.00
1487883483109 928 2 1 60.000 60.066 17989530.00 5989530.00
1487883483116 929 2 1 60.000 59.581 17989530.00 4489530.00
1487883483124 930 2 1 60.000 60.066 8989530.00 4489530.00
1487883483131 931 2 1 60.000 59.581 8989530.00 2989530.00
1487883483138 932 2 1 60.000 59.581 17989530.00 8989530.00
1487883483145 933 2 1 60.000 59.581 inf 5989530.00
1487883483152 934 2 1 60.000 60.066 8989530.00 5989530.00
1487883483158 935 2 1 60.000 59.581 8989530.00 5989530.00
1487883483165 936 2 1 60.000 60.066 17989530.00 2989530.00
1487883483172 937 2 1 60.000 59.581 17989530.00 inf
1487883483179 938 2 1 60.000 59.581 17989530.00 4489530.00
1487883483185 939 2 1 60.000 60.066 17989530.00 3589530.00
1487883483192 940 2 1 60.000 59.581 17989530.00 4489530.00
1487883483199 941 2 1 60.000 59.581 8989530.00 17989530.00
1487883483206 942 2 1 60.000 60.066 8989530.00 4489530.00
1487883483213 943 2 1 60.000 59.581 8989530.00 5989530.00
1487883483219 944 2 1 60.000 60.066 8989530.00 8989530.00
1487883483226 945 2 1 60.000 60.066 17989530.00 5989530.00
1487883483233 946 2 1 60.000 59.097 17989530.00 inf
1487883483240 947 2 1 60.000 60.066 17989530.00 5989530.00
1487883483247 948 2 1 60.000 59.581 17989530.00 4489530.00
1487883483254 949 2 1 60.000 59.581 17989530.00 8989530.00
1487883483261 950 2 1 60.000 59.581 17989530.00 5989530.00
1487883483268 951 2 1 60.000 59.581 17989530.00 8989530.00
1487883483275 952 2 1 60.000 59.581 8989530.00 4489530.00
1487883483282 953 2 1 60.000 59.581 17989530.00 inf
1487883483289 954 2 1 60.000 59.581 17989530.00 5989530.00
1487883483295 955 2 1 60.000 59.581 17989530.00 4489530.00
1487883483302 956 2 1 60.000 59.581 17989530.00 5989530.00
1487883483309 957 2 1 60.000 59.581 8989530.00 inf
1487883483316 958 2 1 60.000 59.581 17989530.00 17989530.00
1487883483323 959 2 1 60.000 59.581 17989530.00 4489530.00
1487883483329 960 2 1 60.000 59.581 17989530.00 5989530.00
1487883483336 961 2 1 60.000 59.581 17989530.00 inf
1487883483343 962 2 1 60.000 59.581 8989530.00 4489530.00
1487883483350 963 2 1 60.000 59.581 17989530.00 8989530.00
1487883483356 964 2 1 60.000 59.581 17989530.00 4489530.00
1487883483363 965 2 1 60.000 59.581 8989530.00 8989530.00
1487883483370 966 2 1 60.000 59.581 17989530.00 3589530.00
1487883483377 967 2 1 60.000 59.581 8989530.00 4489530.00
1487883483383 968 2 1 60.000 59.581 17989530.00 5989530.00
1487883483390 969 2 1 60.000 59.581 8989530.00 4489530.00
1487883483397 970 2 1 60.000 59.581 8989530.00 4489530.00
1487883483404 971 2 1 60.000 59.581 17989530.00 4489530.00
1487883483410 972 2 1 60.000 59.581 17989530.00 5989530.00
1487883483417 973 2 1 60.000 59.097 inf 3589530.00
1487883483424 974 2 1 60.000 59.581 17989530.00 5989530.00
1487883483433 975 2 1 60.000 59.581 5989530.00 17989530.00
1487883483440 976 2 1 60.000 59.581 8989530.00 17989530.00
1487883483447 977 2 1 60.000 59.581 5989530.00 inf
1487883483453 978 2 1 60.000 59.581 8989530.00 8989530.00
1487883483460 979 2 1 60.000 59.581 8989530.00 5989530.00
1487883483467 980 2 1 60.000 59.581 17989530.00 4489530.00
1487883483474 981 2 1 60.000 59.581 17989530.00 5989530.00
1487883483482 982 2 1 60.000 59.097 17989530.00 5989530.00
1487883483489 983 2 1 60.000 59.097 17989530.00 5989530.00
1487883483498 984 2 1 60.000 59.581 8989530.00 8989530.00
1487883483505 985 2 1 60.000 60.066 17989530.00 5989530.00
1487883483511 986 2 1 60.000 59.581 5989530.00 4489530.00
1487883483518 987 2 1 60.000 59.581 inf 5989530.00
1487883483525 988 2 1 60.000 59.097 inf 5989530.00
1487883483532 989 2 1 60.000 59.097 8989530.00 8989530.00
1487883483538 990 2 1 60.000 59.097 8989530.00 8989530.00
1487883483545 991 2 1 60.000 59.581 17989530.00 2989530.00
1487883483552 992 2 1 60.000 59.581 17989530.00 3589530.00
1487883483559 993 2 1 60.000 59.097 8989530.00 8989530.00
1487883483565 994 2 1 60.000 59.581 17989530.00 5989530.00
1487883483572 995 2 1 60.000 59.581 17989530.00 4489530.00
1487883483579 996 2 1 60.000 59.097 8989530.00 3589530.00
1487883483586 997 2 1 60.000 59.097 17989530.00 17989530.00
1487883483593 998 2 1 60.000 59.097 17989530.00 5989530.00
1487883483599 999 2 1 60.000 59.097 8989530.00 8989530.00
1487883483606 1000 2 1 60.000 59.581 17989530.00 17989530.00
1487883483613 1001 2 1 60.000 59.581 17989530.00 2560958.57
1487883483620 1002 2 1 60.000 59.097 17989530.00 5989530.00
1487883483627 1003 2 1 60.000 59.097 17989530.00 5989530.00
1487883483637 1004 2 1 60.000 59.581 17989530.00 3589530.00
1487883483643 1005 2 1 60.000 59.097 17989530.00 2989530.00
1487883483650 1006 2 1 60.000 59.581 8989530.00 5989530.00
1487883483657 1007 2 1 60.000 59.097 8989530.00 4489530.00
1487883483664 1008 2 1 60.000 59.581 17989530.00 17989530.00
1487883483671 1009 2 1 60.000 59.097 17989530.00 3589530.00
1487883483677 1010 2 1 60.000 59.097 17989530.00 4489530.00
1487883483684 1011 2 1 60.000 59.097 17989530.00 5989530.00
1487883483691 1012 2 1 60.000 59.097 8989530.00 17989530.00
1487883483698 1013 2 1 60.000 59.581 8989530.00 4489530.00
1487883483704 1014 2 1 60.000 59.581 17989530.00 5989530.00
1487883483711 1015 2 1 60.000 59.097 17989530.00 4489530.00
1487883483718 1016 2 1 60.000 59.581 8989530.00 inf
1487883483725 1017 2 1 60.000 59.581 17989530.00 4489530.00
1487883483731 1018 2 1 60.000 58.613 17989530.00 5989530.00
1487883483738 1019 2 1 60.000 59.581 17989530.00 5989530.00
1487883483745 1020 2 1 60.000 59.097 17989530.00 3589530.00
1487883483752 1021 2 1 60.000 59.097 8989530.00 8989530.00
1487883483758 1022 2 1 60.000 59.581 17989530.00 5989530.00
1487883483765 1023 2 1 60.000 59.581 8989530.00 5989530.00
1487883483772 1024 2 1 60.000 59.097 8989530.00 2989530.00
1487883483779 1025 2 1 60.000 59.097 17989530.00 8989530.00
1487883483785 1026 2 1 60.000 59.581 17989530.00 5989530.00
1487883483792 1027 2 1 60.000 59.097 17989530.00 5989530.00
1487883483799 1028 2 1 60.000 59.097 5989530.00 4489530.00
1487883483806 1029 2 1 60.000 59.097 17989530.00 4489530.00
1487883483812 1030 2 1 60.000 59.097 17989530.00 5989530.00
1487883483819 1031 2 1 60.000 59.097 17989530.00 4489530.00
1487883483826 1032 2 1 60.000 59.581 17989530.00 4489530.00
1487883483833 1033 2 1 60.000 59.581 17989530.00 8989530.00
1487883483839 1034 2 1 60.000 59.097 8989530.00 5989530.00
1487883483847 1035 2 1 60.000 59.097 17989530.00 5989530.00
1487883483853 1036 2 1 60.000 59.097 17989530.00 8989530.00
1487883483860 1037 2 1 60.000 59.581 5989530.00 4489530.00
1487883483867 1038 2 1 60.000 59.097 17989530.00 8989530.00
1487883483874 1039 2 1 60.000 59.097 17989530.00 5989530.00
1487883483882 1040 2 1 60.000 59.097 17989530.00 5989530.00
1487883483889 1041 2 1 60.000 59.097 8989530.00 3589530.00
1487883483898 1042 2 1 60.000 59.097 8989530.00 3589530.00
1487883483907 1043 2 1 60.000 59.097 17989530.00 3589530.00
1487883483916 1044 2 1 60.000 59.097 17989530.00 inf
1487883483924 1045 2 1 60.000 59.097 17989530.00 5989530.00
1487883483934 1046 2 1 60.000 59.097 8989530.00 inf
1487883483942 1047 2 1 60.000 59.097 17989530.00 5989530.00
1487883483949 1048 2 1 60.000 59.581 8989530.00 5989530.00
1487883483957 1049 2 1 60.000 59.097 17989530.00 17989530.00
1487883483965 1050 2 1 60.000 59.097 17989530.00 8989530.00
1487883483972 1051 2 1 60.000 59.097 8989530.00 4489530.00
1487883483979 1052 2 1 60.000 59.097 17989530.00 4489530.00
1487883483987 1053 2 1 60.000 59.097 8989530.00 3589530.00
1487883483996 1054 2 1 60.000 59.097 8989530.00 17989530.00
1487883484003 1055 2 1 60.000 59.097 inf 3589530.00
1487883484010 1056 2 1 60.000 59.097 17989530.00 4489530.00
1487883484017 1057 2 1 60.000 59.581 17989530.00 8989530.00
1487883484023 1058 2 1 60.000 59.097 8989530.00 5989530.00
1487883484030 1059 2 1 60.000 59.581 17989530.00 5989530.00
1487883484037 1060 2 1 60.000 59.097 17989530.00 8989530.00
1487883484044 1061 2 1 60.000 59.097 8989530.00 3589530.00
1487883484052 1062 2 1 60.000 59.097 8989530.00 5989530.00
1487883484059 1063 2 1 60.000 59.097 17989530.00 17989530.00
1487883484066 1064 2 1 60.000 59.097 17989530.00 5989530.00
1487883484075 1065 2 1 60.000 59.097 17989530.00 5989530.00
1487883484082 1066 2 1 60.000 59.097 inf 4489530.00
1487883484088 1067 2 1 60.000 59.097 17989530.00 3589530.00
1487883484098 1068 2 1 60.000 59.097 8989530.00 5989530.00
1487883484105 1069 2 1 60.000 59.097 inf 4489530.00
1487883484114 1070 2 1 60.000 59.097 17989530.00 8989530.00
1487883484123 1071 2 1 60.000 59.097 inf 5989530.00
1487883484131 1072 2 1 60.000 58.613 17989530.00 4489530.00
1487883484138 1073 2 1 60.000 59.097 17989530.00 3589530.00
1487883484147 1074 2 1 60.000 59.097 17989530.00 4489530.00
1487883484156 1075 2 1 60.000 59.097 17989530.00 4489530.00
1487883484164 1076 2 1 60.000 59.097 8989530.00 3589530.00
1487883484173 1077 2 1 60.000 59.097 8989530.00 4489530.00
1487883484183 1078 2 1 60.000 59.097 4489530.00 5989530.00
1487883484191 1079 2 1 60.000 59.097 17989530.00 5989530.00
1487883484198 1080 2 1 60.000 59.097 17989530.00 5989530.00
1487883484206 1081 2 1 60.000 59.097 17989530.00 17989530.00
1487883484216 1082 2 1 60.000 59.097 8989530.00 3589530.00
1487883484224 1083 2 1 60.000 59.097 8989530.00 17989530.00
1487883484233 1084 2 1 60.000 59.097 inf inf
1487883484241 1085 2 1 60.000 59.581 8989530.00 17989530.00
1487883484248 1086 2 1 60.000 59.097 17989530.00 3589530.00
1487883484257 1087 2 1 60.000 59.097 17989530.00 4489530.00
1487883484264 1088 2 1 60.000 58.613 17989530.00 4489530.00
1487883484273 1089 2 1 60.000 59.097 8989530.00 5989530.00
1487883484282 1090 2 1 60.000 59.097 8989530.00 4489530.00
1487883484289 1091 2 1 60.000 58.613 8989530.00 4489530.00
1487883484296 1092 2 1 60.000 58.613 17989530.00 3589530.00
1487883484304 1093 2 1 60.000 59.097 17989530.00 4489530.00
1487883484311 1094 2 1 60.000 59.097 17989530.00 8989530.00
1487883484318 1095 2 1 60.000 59.097 4489530.00 17989530.00
1487883484325 1096 2 1 60.000 59.097 17989530.00 4489530.00
1487883484331 1097 2 1 60.000 58.613 8989530.00 4489530.00
1487883484338 1098 2 1 60.000 59.097 17989530.00 17989530.00
1487883484345 1099 2 1 60.000 58.613 inf 3589530.00
1487883484352 1100 2 1 60.000 59.097 17989530.00 4489530.00
1487883484359 1101 2 1 60.000 58.613 17989530.00 17989530.00
1487883484365 1102 2 1 60.000 59.097 17989530.00 4489530.00
1487883484372 1103 2 1 60.000 59.097 8989530.00 4489530.00
1487883484379 1104 2 1 60.000 59.097 5989530.00 5989530.00
1487883484386 1105 2 1 60.000 58.613 17989530.00 4489530.00
1487883484392 1106 2 1 60.000 58.613 17989530.00 17989530.00
1487883484399 1107 2 1 60.000 58.613 17989530.00 8989530.00
1487883484407 1108 2 1 60.000 58.613 17989530.00 17989530.00
1487883484414 1109 2 1 60.000 59.097 8989530.00 inf
1487883484421 1110 2 1 60.000 58.613 17989530.00 4489530.00
1487883484428 1111 2 1 60.000 58.613 8989530.00 5989530.00
1487883484436 1112 2 1 60.000 59.097 17989530.00 4489530.00
1487883484443 1113 2 1 60.000 59.097 17989530.00 4489530.00
1487883484449 1114 2 1 60.000 59.097 17989530.00 4489530.00
1487883484456 1115 2 1 60.000 59.097 17989530.00 4489530.00
1487883484464 1116 2 1 60.000 59.097 17989530.00 17989530.00
1487883484471 1117 2 1 60.000 58.613 5989530.00 4489530.00
1487883484478 1118 2 1 60.000 58.613 17989530.00 17989530.00
1487883484484 1119 2 1 60.000 59.097 17989530.00 5989530.00
1487883484491 1120 2 1 60.000 58.613 17989530.00 5989530.00
1487883484498 1121 2 1 60.000 59.097 inf 5989530.00
1487883484505 1122 2 1 60.000 58.613 17989530.00 17989530.00
1487883484512 1123 2 1 60.000 59.097 17989530.00 4489530.00
1487883484518 1124 2 1 60.000 58.613 17989530.00 5989530.00
1487883484525 1125 2 1 60.000 58.613 17989530.00 3589530.00
1487883484532 1126 2 1 60.000 59.097 17989530.00 8989530.00
1487883484539 1127 2 1 60.000 59.097 17989530.00 5989530.00
1487883484545 1128 2 1 60.000 59.097 8989530.00 4489530.00
1487883484552 1129 2 1 60.000 59.097 17989530.00 8989530.00
1487883484559 1130 2 1 60.000 59.097 17989530.00 17989530.00
1487883484566 1131 2 1 60.000 58.613 inf 2989530.00
1487883484572 1132 2 1 60.000 59.097 inf 5989530.00
1487883484579 1133 2 1 60.000 59.097 17989530.00 4489530.00
1487883484586 1134 2 1 60.000 58.613 17989530.00 8989530.00
1487883484593 1135 2 1 60.000 58.613 17989530.00 4489530.00
1487883484600 1136 2 1 60.000 58.613 17989530.00 3589530.00
1487883484607 1137 2 1 60.000 59.097 17989530.00 17989530.00
1487883484613 1138 2 1 60.000 58.613 17989530.00 5989530.00
1487883484620 1139 2 1 60.000 59.097 17989530.00 5989530.00
1487883484627 1140 2 1 60.000 58.613 17989530.00 4489530.00
1487883484634 1141 2 1 60.000 59.097 8989530.00 5989530.00
1487883484641 1142 2 1 60.000 58.613 17989530.00 4489530.00
1487883484647 1143 2 1 60.000 59.097 17989530.00 4489530.00
1487883484654 1144 2 1 60.000 58.613 8989530.00 4489530.00
1487883484661 1145 2 1 60.000 59.097 8989530.00 4489530.00
1487883484668 1146 2 1 60.000 59.097 inf 5989530.00
1487883484674 1147 2 1 60.000 59.097 8989530.00 5989530.00
1487883484681 1148 2 1 60.000 58.613 17989530.00 5989530.00
1487883484688 1149 2 1 60.000 59.097 17989530.00 5989530.00
1487883484695 1150 2 1 60.000 59.097 17989530.00 5989530.00
1487883484702 1151 2 1 60.000 58.613 17989530.00 5989530.00
1487883484708 1152 2 1 60.000 58.613 8989530.00 4489530.00
1487883484715 1153 2 1 60.000 59.097 inf 8989530.00
1487883484722 1154 2 1 60.000 58.613 17989530.00 5989530.00
1487883484729 1155 2 1 60.000 58.613 8989530.00 4489530.00
1487883484735 1156 2 1 60.000 58.613 17989530.00 inf
1487883484742 1157 2 1 60.000 58.613 17989530.00 2239530.00
1487883484749 1158 2 1 60.000 59.097 17989530.00 8989530.00
1487883484757 1159 2 1 60.000 59.097 17989530.00 5989530.00
1487883484764 1160 2 1 60.000 58.613 8989530.00 3589530.00
1487883484771 1161 2 1 60.000 58.613 17989530.00 4489530.00
1487883484779 1162 2 1 60.000 58.613 17989530.00 3589530.00
1487883484786 1163 2 1 60.000 59.097 5989530.00 5989530.00
1487883484793 1164 2 1 60.000 59.097 17989530.00 8989530.00
1487883484799 1165 2 1 60.000 58.613 8989530.00 8989530.00
1487883484806 1166 2 1 60.000 58.613 inf 5989530.00
1487883484813 1167 2 1 60.000 58.613 17989530.00 2560958.57
1487883484821 1168 2 1 60.000 58.613 17989530.00 4489530.00
1487883484828 1169 2 1 60.000 58.613 8989530.00 5989530.00
1487883484836 1170 2 1 60.000 58.613 8989530.00 3589530.00
1487883484842 1171 2 1 60.000 59.097 8989530.00 4489530.00
1487883484849 1172 2 1 60.000 58.613 17989530.00 3589530.00
1487883484857 1173 2 1 60.000 58.613 8989530.00 inf
1487883484865 1174 2 1 60.000 58.613 17989530.00 5989530.00
1487883484876 1175 2 1 60.000 58.613 8989530.00 17989530.00
1487883484884 1176 2 1 60.000 58.613 17989530.00 4489530.00
1487883484893 1177 2 1 60.000 58.613 17989530.00 17989530.00
1487883484902 1178 2 1 60.000 58.613 17989530.00 3589530.00
1487883484909 1179 2 1 60.000 59.097 17989530.00 17989530.00
1487883484917 1180 2 1 60.000 59.097 17989530.00 17989530.00
1487883484927 1181 2 1 60.000 58.613 17989530.00 5989530.00
1487883484943 1182 2 1 60.000 58.613 17989530.00 4489530.00
1487883484956 1183 2 1 60.000 58.613 inf 3589530.00
1487883484972 1184 2 1 60.000 58.613 17989530.00 5989530.00
1487883484979 1185 2 1 60.000 59.097 17989530.00 5989530.00
1487883484987 1186 2 1 60.000 58.613 8989530.00 inf
1487883484994 1187 2 1 60.000 58.613 8989530.00 4489530.00
1487883485002 1188 2 1 60.000 58.613 17989530.00 4489530.00
1487883485009 1189 2 1 60.000 59.097 8989530.00 8989530.00
1487883485017 1190 2 1 60.000 58.613 8989530.00 5989530.00
1487883485025 1191 2 1 60.000 58.613 inf 5989530.00
1487883485033 1192 2 1 60.000 58.613 17989530.00 4489530.00
1487883485040 1193 2 1 60.000 59.097 17989530.00 3589530.00
1487883485047 1194 2 1 60.000 58.613 17989530.00 5989530.00
1487883485055 1195 2 1 60.000 58.613 17989530.00 5989530.00
1487883485061 1196 2 1 60.000 58.613 8989530.00 8989530.00
1487883485068 1197 2 1 60.000 58.613 8989530.00 17989530.00
1487883485075 1198 2 1 60.000 58.613 17989530.00 5989530.00
1487883485082 1199 2 1 60.000 59.097 8989530.00 5989530.00
1487883485089 1200 2 1 60.000 58.613 5989530.00 5989530.00
1487883485096 1201 2 1 60.000 59.097 17989530.00 4489530.00
1487883485104 1202 2 1 60.000 58.613 17989530.00 3589530.00
1487883485112 1203 2 1 60.000 58.613 17989530.00 inf
1487883485119 1204 2 1 60.000 58.613 17989530.00 5989530.00
1487883485127 1205 2 1 60.000 58.613 17989530.00 inf
1487883485136 1206 2 1 60.000 58.613 8989530.00 2989530.00
1487883485142 1207 2 1 60.000 58.613 17989530.00 4489530.00
1487883485149 1208 2 1 60.000 58.613 17989530.00 8989530.00
1487883485157 1209 2 1 60.000 58.613 8989530.00 5989530.00
1487883485164 1210 2 1 60.000 58.613 17989530.00 4489530.00
1487883485177 1211 2 1 60.000 58.613 17989530.00 5989530.00
1487883485189 1212 2 1 60.000 58.613 17989530.00 17989530.00
1487883485203 1213 2 1 60.000 58.613 17989530.00 5989530.00
1487883485210 1214 2 1 60.000 58.613 8989530.00 8989530.00
1487883485216 1215 2 1 60.000 58.613 17989530.00 5989530.00
1487883485223 1216 2 1 60.000 59.097 17989530.00 17989530.00
1487883485230 1217 2 1 60.000 58.613 17989530.00 5989530.00
1487883485237 1218 2 1 60.000 58.613 8989530.00 5989530.00
1487883485244 1219 2 1 60.000 58.613 17989530.00 3589530.00
1487883485250 1220 2 1 60.000 58.613 17989530.00 4489530.00
1487883485257 1221 2 1 60.000 59.097 17989530.00 4489530.00
1487883485264 1222 2 1 60.000 58.613 17989530.00 17989530.00
1487883485271 1223 2 1 60.000 58.613 5989530.00 4489530.00
1487883485277 1224 2 1 60.000 58.613 8989530.00 5989530.00
1487883485284 1225 2 1 60.000 58.613 17989530.00 8989530.00
1487883485292 1226 2 1 60.000 58.613 8989530.00 5989530.00
1487883485298 1227 2 1 60.000 58.613 17989530.00 3589530.00
1487883485305 1228 2 1 60.000 59.097 17989530.00 4489530.00
1487883485312 1229 2 1 60.000 58.613 8989530.00 5989530.00
1487883485319 1230 2 1 60.000 58.613 8989530.00 5989530.00
1487883485326 1231 2 1 60.000 58.613 8989530.00 5989530.00
1487883485332 1232 2 1 60.000 58.613 17989530.00 5989530.00
1487883485339 1233 2 1 60.000 58.613 17989530.00 inf
1487883485348 1234 2 1 60.000 58.613 inf 4489530.00
1487883485354 1235 2 1 60.000 58.613 17989530.00 8989530.00
1487883485363 1236 2 1 60.000 58.613 17989530.00 3589530.00
1487883485371 1237 2 1 60.000 58.613 17989530.00 inf
1487883485378 1238 2 1 60.000 58.613 8989530.00 4489530.00
1487883485386 1239 2 1 60.000 58.613 8989530.00 3589530.00
1487883485393 1240 2 1 60.000 58.613 17989530.00 8989530.00
1487883485399 1241 2 1 60.000 58.613 17989530.00 8989530.00
1487883485417 1242 2 1 60.000 58.613 17989530.00 17989530.00
1487883485428 1243 2 1 60.000 58.613 8989530.00 4489530.00
1487883485441 1244 2 1 60.000 58.613 17989530.00 5989530.00
1487883485448 1245 2 1 60.000 58.613 inf 4489530.00
1487883485456 1246 2 1 60.000 58.613 17989530.00 8989530.00
1487883485463 1247 2 1 60.000 59.097 17989530.00 4489530.00
1487883485469 1248 2 1 60.000 58.613 8989530.00 4489530.00
1487883485476 1249 2 1 60.000 58.613 8989530.00 17989530.00
1487883485483 1250 2 1 60.000 58.613 17989530.00 4489530.00
1487883485491 1251 2 1 60.000 58.613 17989530.00 8989530.00
1487883485498 1252 2 1 60.000 58.613 inf 4489530.00
1487883485504 1253 2 1 60.000 58.613 17989530.00 5989530.00
1487883485511 1254 2 1 60.000 58.613 17989530.00 17989530.00
1487883485518 1255 2 1 60.000 58.613 8989530.00 8989530.00
1487883485525 1256 2 1 60.000 58.613 17989530.00 5989530.00
1487883485532 1257 2 1 60.000 58.613 17989530.00 5989530.00
1487883485538 1258 2 2 60.000 58.613 17989530.00 5989530.00
1487883485545 1259 2 2 60.000 58.613 8989530.00 5989530.00
1487883485552 1260 2 2 60.000 58.613 17989530.00 5989530.00
1487883485559 1261 2 2 60.000 57.644 17989530.00 5989530.00
1487883485565 1262 2 2 60.000 54.737 17989530.00 4489530.00
1487883485572 1263 2 2 60.000 51.831 inf 5989530.00
1487883485579 1264 2 2 60.000 48.440 17989530.00 4489530.00
1487883485587 1265 2 2 60.000 43.112 17989530.00 8989530.00
1487883485595 1266 2 2 60.000 39.237 17989530.00 inf
1487883485603 1267 2 2 60.000 33.424 17989530.00 4489530.00
1487883485617 1268 2 2 60.000 23.251 17989530.00 4489530.00
1487883485628 1269 2 2 60.000 12.594 17989530.00 4489530.00
1487883485645 1270 3 2 60.000 1.938 17989530.00 4489530.00
