Serial_number: 360 
Time Data_Count Cycle State Desired_force_(psi) Measured_force_(psi) Toe_sensor Heel_Sensor
1484939813527 0 0 0 196.000 -0.484 17989530.00 8989530.00
1484939813569 1 0 1 196.000 -0.484 inf 5989530.00
1484939813582 2 0 1 196.000 -0.484 17989530.00 5989530.00
1484939813604 3 0 1 196.000 -0.484 17989530.00 4489530.00
1484939813619 4 0 1 196.000 -0.484 17989530.00 inf
1484939813629 5 0 1 196.000 -0.484 17989530.00 8989530.00
1484939813637 6 0 1 196.000 -0.969 17989530.00 17989530.00
1484939813645 7 0 1 196.000 -0.969 8989530.00 5989530.00
1484939813654 8 0 1 196.000 -0.484 17989530.00 8989530.00
1484939813662 9 0 1 196.000 -0.969 inf 5989530.00
1484939813670 10 0 1 196.000 -0.484 17989530.00 4489530.00
1484939813677 11 0 1 196.000 -0.484 17989530.00 5989530.00
1484939813685 12 0 1 196.000 -0.484 8989530.00 5989530.00
1484939813693 13 0 1 196.000 -0.484 17989530.00 5989530.00
1484939813701 14 0 1 196.000 -0.484 inf 17989530.00
1484939813709 15 0 1 196.000 -0.484 17989530.00 5989530.00
1484939813717 16 0 1 196.000 -0.484 17989530.00 8989530.00
1484939813725 17 0 1 196.000 -0.484 17989530.00 17989530.00
1484939813733 18 0 1 196.000 -0.484 17989530.00 4489530.00
1484939813741 19 0 1 196.000 -0.969 17989530.00 5989530.00
1484939813748 20 0 1 196.000 -0.969 inf 5989530.00
1484939813757 21 0 1 196.000 -0.484 17989530.00 4489530.00
1484939813765 22 0 1 196.000 -0.969 17989530.00 5989530.00
1484939813773 23 0 1 196.000 -0.484 inf 4489530.00
1484939813780 24 0 1 196.000 -0.969 8989530.00 5989530.00
1484939813788 25 0 1 196.000 -0.484 8989530.00 4489530.00
1484939813796 26 0 1 196.000 -0.969 17989530.00 3589530.00
1484939813804 27 0 1 196.000 -0.484 17989530.00 5989530.00
1484939813811 28 0 1 196.000 -0.484 17989530.00 5989530.00
1484939813822 29 0 1 196.000 -0.484 inf inf
1484939813829 30 0 1 196.000 -0.969 17989530.00 inf
1484939813836 31 0 1 196.000 -0.484 17989530.00 5989530.00
1484939813843 32 0 1 196.000 -0.484 5989530.00 4489530.00
1484939813850 33 0 1 196.000 -0.484 17989530.00 8989530.00
1484939813856 34 0 1 196.000 -0.969 17989530.00 8989530.00
1484939813863 35 0 1 196.000 -0.969 17989530.00 5989530.00
1484939813870 36 0 1 196.000 -0.969 inf 17989530.00
1484939813877 37 0 1 196.000 -0.969 17989530.00 4489530.00
1484939813883 38 0 1 196.000 -0.484 17989530.00 5989530.00
1484939813890 39 0 1 196.000 -0.484 17989530.00 5989530.00
1484939813897 40 0 1 196.000 -0.969 17989530.00 2560958.57
1484939813904 41 0 1 196.000 -0.484 inf 4489530.00
1484939813910 42 0 1 196.000 -0.484 17989530.00 5989530.00
1484939813917 43 0 1 196.000 -0.969 17989530.00 5989530.00
1484939813924 44 0 1 196.000 -0.969 17989530.00 2989530.00
1484939813931 45 0 1 196.000 -0.969 inf 4489530.00
1484939813938 46 0 1 196.000 -0.484 17989530.00 5989530.00
1484939813944 47 0 1 196.000 -0.969 17989530.00 inf
1484939813951 48 0 1 196.000 -0.484 5989530.00 4489530.00
1484939813958 49 0 1 196.000 -0.484 17989530.00 5989530.00
1484939813965 50 0 1 196.000 -0.484 17989530.00 2989530.00
1484939813971 51 0 1 196.000 -0.969 17989530.00 5989530.00
1484939813978 52 0 1 196.000 -0.484 17989530.00 4489530.00
1484939813985 53 0 1 196.000 -0.484 17989530.00 5989530.00
1484939813992 54 0 1 196.000 -0.484 17989530.00 8989530.00
1484939813998 55 0 1 196.000 -0.484 17989530.00 5989530.00
1484939814005 56 0 1 196.000 -0.484 17989530.00 5989530.00
1484939814012 57 0 1 196.000 -0.969 17989530.00 5989530.00
1484939814019 58 0 1 196.000 -0.969 17989530.00 17989530.00
1484939814025 59 0 1 196.000 -0.969 17989530.00 inf
1484939814032 60 0 1 196.000 -0.484 17989530.00 5989530.00
1484939814039 61 0 1 196.000 -0.969 17989530.00 8989530.00
1484939814046 62 0 1 196.000 -0.484 8989530.00 17989530.00
1484939814052 63 0 1 196.000 -0.484 17989530.00 17989530.00
1484939814059 64 0 1 196.000 -0.484 17989530.00 5989530.00
1484939814066 65 0 1 196.000 -0.484 17989530.00 5989530.00
1484939814072 66 0 1 196.000 -0.484 17989530.00 5989530.00
1484939814079 67 0 1 196.000 -0.484 17989530.00 4489530.00
1484939814086 68 0 1 196.000 -0.969 17989530.00 inf
1484939814093 69 0 1 196.000 -0.484 17989530.00 8989530.00
1484939814100 70 0 1 196.000 -0.484 8989530.00 17989530.00
1484939814107 71 0 1 196.000 -0.969 17989530.00 8989530.00
1484939814114 72 0 1 196.000 -0.484 17989530.00 8989530.00
1484939814121 73 0 1 196.000 -0.969 17989530.00 5989530.00
1484939814127 74 0 1 196.000 -0.484 17989530.00 4489530.00
1484939814134 75 0 1 196.000 -0.969 17989530.00 5989530.00
1484939814141 76 0 1 196.000 -0.969 17989530.00 8989530.00
1484939814148 77 0 1 196.000 -0.484 17989530.00 8989530.00
1484939814154 78 0 1 196.000 -0.969 17989530.00 4489530.00
1484939814161 79 0 1 196.000 -0.484 inf 5989530.00
1484939814168 80 0 1 196.000 -0.484 17989530.00 17989530.00
1484939814175 81 0 1 196.000 -0.484 17989530.00 4489530.00
1484939814182 82 0 1 196.000 -0.969 8989530.00 17989530.00
1484939814188 83 0 1 196.000 -0.969 17989530.00 4489530.00
1484939814195 84 0 1 196.000 -0.484 17989530.00 8989530.00
1484939814202 85 0 1 196.000 -0.969 8989530.00 8989530.00
1484939814209 86 0 1 196.000 -0.484 17989530.00 17989530.00
1484939814215 87 0 1 196.000 -0.484 17989530.00 4489530.00
1484939814222 88 0 1 196.000 -0.484 17989530.00 5989530.00
1484939814229 89 0 1 196.000 -0.969 8989530.00 4489530.00
1484939814236 90 0 1 196.000 -0.484 17989530.00 4489530.00
1484939814243 91 0 1 196.000 -0.969 17989530.00 8989530.00
1484939814257 92 0 1 196.000 -0.484 inf 4489530.00
1484939814272 93 0 1 196.000 -0.484 17989530.00 5989530.00
1484939814286 94 0 1 196.000 -0.484 17989530.00 4489530.00
1484939814297 95 0 1 196.000 -0.969 inf 8989530.00
1484939814308 96 0 1 196.000 -0.969 5989530.00 5989530.00
1484939814325 97 0 1 196.000 -0.969 17989530.00 5989530.00
1484939814332 98 0 1 196.000 -0.969 17989530.00 5989530.00
1484939814339 99 0 1 196.000 -0.484 17989530.00 inf
1484939814346 100 0 1 196.000 -0.484 17989530.00 17989530.00
1484939814352 101 0 1 196.000 -0.484 17989530.00 8989530.00
1484939814359 102 0 1 196.000 -0.969 17989530.00 5989530.00
1484939814366 103 0 1 196.000 -0.969 17989530.00 5989530.00
1484939814373 104 0 1 196.000 -0.484 17989530.00 8989530.00
1484939814380 105 0 1 196.000 -0.969 17989530.00 inf
1484939814386 106 0 1 196.000 -0.484 17989530.00 5989530.00
1484939814393 107 0 1 196.000 -0.969 17989530.00 8989530.00
1484939814400 108 0 1 196.000 -0.969 17989530.00 5989530.00
1484939814407 109 0 1 196.000 -0.969 17989530.00 4489530.00
1484939814414 110 0 1 196.000 -0.484 17989530.00 5989530.00
1484939814420 111 0 1 196.000 -0.484 inf 17989530.00
1484939814427 112 0 1 196.000 -0.484 17989530.00 inf
1484939814434 113 0 1 196.000 -0.969 17989530.00 5989530.00
1484939814441 114 0 1 196.000 -0.969 inf 5989530.00
1484939814447 115 0 1 196.000 -0.484 17989530.00 5989530.00
1484939814454 116 0 1 196.000 -0.969 17989530.00 5989530.00
1484939814461 117 0 1 196.000 -0.484 17989530.00 17989530.00
1484939814468 118 0 1 196.000 -0.969 17989530.00 17989530.00
1484939814474 119 0 1 196.000 -0.484 inf 17989530.00
1484939814481 120 0 1 196.000 -0.969 17989530.00 17989530.00
1484939814488 121 0 1 196.000 -0.969 17989530.00 5989530.00
1484939814495 122 0 1 196.000 -0.484 17989530.00 5989530.00
1484939814501 123 0 1 196.000 -0.969 5989530.00 5989530.00
1484939814508 124 0 1 196.000 -0.969 17989530.00 8989530.00
1484939814515 125 0 1 196.000 -0.484 17989530.00 5989530.00
1484939814522 126 0 1 196.000 -0.969 17989530.00 5989530.00
1484939814528 127 0 1 196.000 -0.484 17989530.00 4489530.00
1484939814535 128 0 1 196.000 -0.484 17989530.00 5989530.00
1484939814542 129 0 1 196.000 -0.969 inf 3589530.00
1484939814549 130 0 1 196.000 -0.969 17989530.00 17989530.00
1484939814556 131 0 1 196.000 -0.969 17989530.00 8989530.00
1484939814562 132 0 2 196.000 -0.969 17989530.00 4489530.00
1484939814569 133 0 2 196.000 -0.969 17989530.00 5989530.00
1484939814576 134 0 2 196.000 -0.969 17989530.00 3589530.00
1484939814583 135 0 2 196.000 -0.969 8989530.00 4489530.00
1484939814589 136 0 2 196.000 -0.484 8989530.00 8989530.00
1484939814596 137 0 2 196.000 -0.484 17989530.00 5989530.00
1484939814603 138 0 2 196.000 -0.969 17989530.00 8989530.00
1484939814610 139 0 2 196.000 -0.484 17989530.00 4489530.00
1484939814616 140 0 2 196.000 -0.484 17989530.00 8989530.00
1484939814623 141 0 2 196.000 -0.484 17989530.00 inf
1484939814630 142 0 2 196.000 -0.484 17989530.00 17989530.00
1484939814637 143 0 2 196.000 -0.969 inf 5989530.00
1484939814644 144 0 2 196.000 -0.969 8989530.00 4489530.00
1484939814650 145 0 2 196.000 -0.969 8989530.00 5989530.00
1484939814657 146 0 2 196.000 -0.969 inf 5989530.00
1484939814664 147 0 2 196.000 -0.484 inf 5989530.00
1484939814671 148 0 2 196.000 -0.969 inf 8989530.00
1484939814677 149 0 2 196.000 -0.484 8989530.00 4489530.00
1484939814684 150 0 2 196.000 -0.484 5989530.00 5989530.00
1484939814691 151 0 2 196.000 -0.969 17989530.00 5989530.00
1484939814698 152 0 2 196.000 -0.484 17989530.00 4489530.00
1484939814705 153 0 2 196.000 -0.969 inf 5989530.00
1484939814711 154 0 2 196.000 -0.484 17989530.00 4489530.00
1484939814718 155 0 2 196.000 -0.484 17989530.00 5989530.00
1484939814725 156 0 2 196.000 -0.484 17989530.00 5989530.00
1484939814732 157 0 2 196.000 -0.969 17989530.00 8989530.00
1484939814738 158 0 2 196.000 -0.484 8989530.00 8989530.00
1484939814745 159 0 2 196.000 -0.484 17989530.00 5989530.00
1484939814752 160 0 2 196.000 -0.484 17989530.00 5989530.00
1484939814759 161 0 2 196.000 -0.484 17989530.00 inf
1484939814765 162 0 2 196.000 -0.484 17989530.00 5989530.00
1484939814772 163 0 2 196.000 -0.484 inf 4489530.00
1484939814779 164 0 2 196.000 -0.484 17989530.00 5989530.00
1484939814786 165 0 2 196.000 -0.484 17989530.00 5989530.00
1484939814792 166 0 2 196.000 -0.969 17989530.00 8989530.00
1484939814799 167 0 2 196.000 -0.484 17989530.00 5989530.00
1484939814806 168 0 2 196.000 -0.484 inf 5989530.00
1484939814812 169 0 2 196.000 -0.969 17989530.00 4489530.00
1484939814819 170 0 2 196.000 -0.969 17989530.00 5989530.00
1484939814826 171 0 2 196.000 -0.484 inf 5989530.00
1484939814833 172 0 2 196.000 -0.484 inf 5989530.00
1484939814839 173 0 2 196.000 -0.484 17989530.00 5989530.00
1484939814846 174 0 2 196.000 -0.969 17989530.00 4489530.00
1484939814853 175 0 2 196.000 -0.969 17989530.00 5989530.00
1484939814860 176 0 2 196.000 -0.484 17989530.00 5989530.00
1484939814867 177 0 2 196.000 -0.969 17989530.00 8989530.00
1484939814874 178 0 2 196.000 -0.969 17989530.00 5989530.00
1484939814880 179 0 2 196.000 -0.484 17989530.00 17989530.00
1484939814887 180 0 2 196.000 -0.969 inf 5989530.00
1484939814894 181 0 2 196.000 -0.484 inf 4489530.00
1484939814901 182 0 2 196.000 -0.969 17989530.00 4489530.00
1484939814907 183 0 2 196.000 -0.969 17989530.00 8989530.00
1484939814914 184 0 2 196.000 -0.969 17989530.00 8989530.00
1484939814921 185 0 2 196.000 -0.484 17989530.00 8989530.00
1484939814928 186 0 2 196.000 -0.484 inf 5989530.00
1484939814934 187 0 2 196.000 -0.484 17989530.00 8989530.00
1484939814941 188 0 2 196.000 -0.969 17989530.00 5989530.00
1484939814948 189 0 2 196.000 -0.484 17989530.00 17989530.00
1484939814955 190 0 2 196.000 -0.484 17989530.00 5989530.00
1484939814961 191 0 2 196.000 -0.969 17989530.00 4489530.00
1484939814968 192 0 2 196.000 -0.484 17989530.00 8989530.00
1484939814975 193 0 2 196.000 -0.969 17989530.00 5989530.00
1484939814982 194 0 2 196.000 -0.969 17989530.00 4489530.00
1484939814988 195 0 2 196.000 -0.969 17989530.00 17989530.00
1484939814995 196 0 2 196.000 -0.969 17989530.00 3589530.00
1484939815002 197 0 2 196.000 -0.484 17989530.00 5989530.00
1484939815009 198 0 2 196.000 -0.969 5989530.00 inf
1484939815015 199 0 2 196.000 -0.484 17989530.00 17989530.00
1484939815022 200 0 2 196.000 -0.484 8989530.00 8989530.00
1484939815029 201 0 2 196.000 -0.484 17989530.00 4489530.00
1484939815036 202 0 2 196.000 -0.484 17989530.00 8989530.00
1484939815042 203 0 2 196.000 -0.484 17989530.00 5989530.00
1484939815049 204 0 2 196.000 -0.484 17989530.00 5989530.00
1484939815056 205 0 2 196.000 -0.484 17989530.00 4489530.00
1484939815063 206 1 2 196.000 -0.484 inf 5989530.00
1484939815070 207 1 1 196.000 -0.484 17989530.00 5989530.00
1484939815077 208 1 1 196.000 -0.484 inf 4489530.00
1484939815085 209 1 1 196.000 -0.969 inf 8989530.00
1484939815091 210 1 1 196.000 -0.484 8989530.00 5989530.00
1484939815099 211 1 1 196.000 -0.969 17989530.00 5989530.00
1484939815105 212 1 1 196.000 -0.969 17989530.00 5989530.00
1484939815112 213 1 1 196.000 -0.484 17989530.00 17989530.00
1484939815119 214 1 1 196.000 -0.484 17989530.00 8989530.00
1484939815126 215 1 1 196.000 -0.969 17989530.00 5989530.00
1484939815133 216 1 1 196.000 -0.969 17989530.00 5989530.00
1484939815139 217 1 1 196.000 -0.969 17989530.00 5989530.00
1484939815146 218 1 1 196.000 -0.969 17989530.00 8989530.00
1484939815153 219 1 1 196.000 -0.484 inf inf
1484939815160 220 1 1 196.000 -0.484 17989530.00 4489530.00
1484939815167 221 1 1 196.000 -0.484 8989530.00 5989530.00
1484939815173 222 1 1 196.000 -0.484 17989530.00 inf
1484939815185 223 1 1 196.000 1.453 17989530.00 8989530.00
1484939815200 224 1 1 196.000 -0.484 8989530.00 5989530.00
1484939815221 225 1 1 196.000 -0.484 17989530.00 5989530.00
1484939815228 226 1 1 196.000 -0.484 17989530.00 8989530.00
1484939815234 227 1 1 196.000 -0.484 8989530.00 8989530.00
1484939815242 228 1 1 196.000 -0.969 inf 5989530.00
1484939815249 229 1 1 196.000 -0.969 17989530.00 5989530.00
1484939815256 230 1 1 196.000 -0.484 8989530.00 4489530.00
1484939815262 231 1 1 196.000 -0.969 8989530.00 5989530.00
1484939815269 232 1 1 196.000 -0.484 17989530.00 inf
1484939815276 233 1 1 196.000 -0.484 inf 5989530.00
1484939815283 234 1 1 196.000 -0.969 17989530.00 5989530.00
1484939815289 235 1 1 196.000 -0.484 17989530.00 5989530.00
1484939815296 236 1 1 196.000 -0.969 17989530.00 5989530.00
1484939815303 237 1 1 196.000 -0.969 17989530.00 inf
1484939815310 238 1 1 196.000 -0.969 inf 5989530.00
1484939815316 239 1 1 196.000 -0.969 17989530.00 17989530.00
1484939815323 240 1 1 196.000 -0.969 8989530.00 5989530.00
1484939815330 241 1 1 196.000 -0.969 17989530.00 5989530.00
1484939815337 242 1 1 196.000 -0.484 17989530.00 5989530.00
1484939815343 243 1 1 196.000 -0.969 17989530.00 5989530.00
1484939815350 244 1 1 196.000 -0.484 17989530.00 8989530.00
1484939815357 245 1 1 196.000 -0.484 17989530.00 4489530.00
1484939815364 246 1 1 196.000 -0.969 17989530.00 5989530.00
1484939815370 247 1 1 196.000 -0.484 inf 8989530.00
1484939815377 248 1 1 196.000 -0.484 inf 8989530.00
1484939815384 249 1 1 196.000 -0.969 17989530.00 4489530.00
1484939815391 250 1 1 196.000 -0.969 inf inf
1484939815397 251 1 1 196.000 -0.484 inf 5989530.00
1484939815404 252 1 1 196.000 -0.484 17989530.00 8989530.00
1484939815411 253 1 1 196.000 -0.484 17989530.00 5989530.00
1484939815418 254 1 1 196.000 -0.484 inf 17989530.00
1484939815424 255 1 1 196.000 -0.969 17989530.00 8989530.00
1484939815431 256 1 1 196.000 -0.969 17989530.00 8989530.00
1484939815438 257 1 1 196.000 -0.484 17989530.00 17989530.00
1484939815445 258 1 1 196.000 -0.969 17989530.00 5989530.00
1484939815451 259 1 1 196.000 -1.453 inf 5989530.00
1484939815458 260 1 1 196.000 -0.484 17989530.00 5989530.00
1484939815472 261 1 1 196.000 -0.484 8989530.00 4489530.00
1484939815480 262 1 1 196.000 -0.969 8989530.00 5989530.00
1484939815487 263 1 1 196.000 -0.484 17989530.00 4489530.00
1484939815494 264 1 1 196.000 -0.969 8989530.00 5989530.00
1484939815500 265 1 1 196.000 -0.484 17989530.00 5989530.00
1484939815507 266 1 1 196.000 -0.484 17989530.00 4489530.00
1484939815514 267 1 1 196.000 -0.969 17989530.00 2989530.00
1484939815521 268 1 1 196.000 -0.969 17989530.00 5989530.00
1484939815528 269 1 1 196.000 -0.969 17989530.00 4489530.00
1484939815534 270 1 1 196.000 -0.484 8989530.00 5989530.00
1484939815541 271 1 1 196.000 -0.969 17989530.00 5989530.00
1484939815548 272 1 1 196.000 -0.484 17989530.00 3589530.00
1484939815554 273 1 1 196.000 -0.969 17989530.00 5989530.00
1484939815561 274 1 1 196.000 -0.484 8989530.00 5989530.00
1484939815568 275 1 1 196.000 -0.484 17989530.00 17989530.00
1484939815575 276 1 1 196.000 -0.969 17989530.00 17989530.00
1484939815581 277 1 1 196.000 -0.484 inf 4489530.00
1484939815588 278 1 1 196.000 -0.484 17989530.00 5989530.00
1484939815595 279 1 1 196.000 -0.969 17989530.00 5989530.00
1484939815602 280 1 1 196.000 -0.484 17989530.00 5989530.00
1484939815609 281 1 1 196.000 -0.484 17989530.00 2989530.00
1484939815615 282 1 1 196.000 -0.969 17989530.00 17989530.00
1484939815622 283 1 1 196.000 -0.969 8989530.00 8989530.00
1484939815629 284 1 1 196.000 -0.969 17989530.00 4489530.00
1484939815636 285 1 1 196.000 -0.969 8989530.00 5989530.00
1484939815642 286 1 1 196.000 -0.969 17989530.00 inf
1484939815649 287 1 1 196.000 -0.969 17989530.00 5989530.00
1484939815656 288 1 1 196.000 -0.484 17989530.00 5989530.00
1484939815663 289 1 1 196.000 -0.484 inf 5989530.00
1484939815670 290 1 1 196.000 -0.969 17989530.00 5989530.00
1484939815676 291 1 1 196.000 -0.969 17989530.00 3589530.00
1484939815683 292 1 1 196.000 -0.484 17989530.00 4489530.00
1484939815690 293 1 1 196.000 -0.484 17989530.00 8989530.00
1484939815697 294 1 1 196.000 -0.969 17989530.00 4489530.00
1484939815703 295 1 1 196.000 -0.484 8989530.00 5989530.00
1484939815710 296 1 1 196.000 -0.969 17989530.00 5989530.00
1484939815717 297 1 1 196.000 -0.969 8989530.00 8989530.00
1484939815724 298 1 1 196.000 -0.484 17989530.00 8989530.00
1484939815731 299 1 1 196.000 -0.484 8989530.00 3589530.00
1484939815737 300 1 1 196.000 -0.484 17989530.00 3589530.00
1484939815744 301 1 1 196.000 -0.484 17989530.00 17989530.00
1484939815751 302 1 1 196.000 -0.969 17989530.00 3589530.00
1484939815757 303 1 1 196.000 -0.969 inf 5989530.00
1484939815764 304 1 1 196.000 -0.969 8989530.00 5989530.00
1484939815771 305 1 1 196.000 -0.484 8989530.00 5989530.00
1484939815778 306 1 1 196.000 -0.969 17989530.00 5989530.00
1484939815784 307 1 1 196.000 -0.484 inf 3589530.00
1484939815791 308 1 1 196.000 -0.484 17989530.00 4489530.00
1484939815798 309 1 1 196.000 -0.484 8989530.00 5989530.00
1484939815805 310 1 1 196.000 -0.484 inf 3589530.00
1484939815811 311 1 1 196.000 -0.969 17989530.00 8989530.00
1484939815818 312 1 1 196.000 -0.484 8989530.00 inf
1484939815825 313 1 1 196.000 -0.484 17989530.00 17989530.00
1484939815832 314 1 1 196.000 -0.484 8989530.00 5989530.00
1484939815838 315 1 1 196.000 -0.969 17989530.00 5989530.00
1484939815845 316 1 1 196.000 -0.969 inf 3589530.00
1484939815852 317 1 1 196.000 -0.969 17989530.00 5989530.00
1484939815859 318 1 1 196.000 -0.969 17989530.00 2989530.00
1484939815865 319 1 1 196.000 -0.484 17989530.00 5989530.00
1484939815872 320 1 1 196.000 -0.969 inf 5989530.00
1484939815879 321 1 1 196.000 -0.484 17989530.00 4489530.00
1484939815886 322 1 1 196.000 -0.484 17989530.00 5989530.00
1484939815892 323 1 1 196.000 -0.484 17989530.00 5989530.00
1484939815899 324 1 1 196.000 -0.484 8989530.00 8989530.00
1484939815906 325 1 1 196.000 -0.969 8989530.00 4489530.00
1484939815913 326 1 1 196.000 -0.484 8989530.00 inf
1484939815919 327 1 1 196.000 -0.969 17989530.00 5989530.00
1484939815926 328 1 1 196.000 -0.969 8989530.00 17989530.00
1484939815933 329 1 1 196.000 -0.484 17989530.00 inf
1484939815940 330 1 1 196.000 -0.969 8989530.00 17989530.00
1484939815946 331 1 1 196.000 -0.969 17989530.00 5989530.00
1484939815953 332 1 1 196.000 -0.484 17989530.00 5989530.00
1484939815960 333 1 1 196.000 -0.969 17989530.00 5989530.00
1484939815967 334 1 1 196.000 -0.484 8989530.00 5989530.00
1484939815973 335 1 1 196.000 -0.969 inf 4489530.00
1484939815980 336 1 1 196.000 -0.484 17989530.00 8989530.00
1484939815987 337 1 1 196.000 -0.484 17989530.00 3589530.00
1484939815994 338 1 1 196.000 -0.969 17989530.00 5989530.00
1484939816000 339 1 1 196.000 -0.969 8989530.00 3589530.00
1484939816007 340 1 1 196.000 -0.969 17989530.00 5989530.00
1484939816014 341 1 1 196.000 -0.969 17989530.00 4489530.00
1484939816021 342 1 1 196.000 -0.484 inf 5989530.00
1484939816027 343 1 1 196.000 -0.484 17989530.00 5989530.00
1484939816034 344 1 1 196.000 -0.969 inf 5989530.00
1484939816041 345 1 1 196.000 -0.969 17989530.00 17989530.00
1484939816048 346 1 1 196.000 -0.969 8989530.00 5989530.00
1484939816054 347 1 1 196.000 -0.969 17989530.00 4489530.00
1484939816061 348 1 1 196.000 -0.969 17989530.00 5989530.00
1484939816068 349 1 1 196.000 -0.969 17989530.00 5989530.00
1484939816075 350 1 1 196.000 -0.484 17989530.00 17989530.00
1484939816081 351 1 2 196.000 -0.969 17989530.00 5989530.00
1484939816088 352 1 2 196.000 -0.969 8989530.00 8989530.00
1484939816096 353 1 2 196.000 -0.484 17989530.00 5989530.00
1484939816103 354 1 2 196.000 -0.484 inf 5989530.00
1484939816110 355 1 2 196.000 -0.969 17989530.00 17989530.00
1484939816117 356 1 2 196.000 -0.484 17989530.00 3589530.00
1484939816124 357 1 2 196.000 -0.484 17989530.00 4489530.00
1484939816130 358 1 2 196.000 -0.969 inf 4489530.00
1484939816137 359 1 2 196.000 -0.969 17989530.00 4489530.00
1484939816144 360 1 2 196.000 -0.969 8989530.00 5989530.00
1484939816151 361 1 2 196.000 -0.484 17989530.00 5989530.00
1484939816158 362 1 2 196.000 -0.969 17989530.00 5989530.00
1484939816165 363 1 2 196.000 -0.969 17989530.00 5989530.00
1484939816171 364 1 2 196.000 -0.484 inf 5989530.00
1484939816179 365 1 2 196.000 -0.969 17989530.00 4489530.00
1484939816186 366 1 2 196.000 -0.484 17989530.00 5989530.00
1484939816193 367 1 2 196.000 -0.484 17989530.00 5989530.00
1484939816200 368 1 2 196.000 -0.484 17989530.00 5989530.00
1484939816207 369 1 2 196.000 -0.484 17989530.00 8989530.00
1484939816214 370 1 2 196.000 -0.969 8989530.00 5989530.00
1484939816221 371 1 2 196.000 -0.969 17989530.00 8989530.00
1484939816227 372 1 2 196.000 -0.484 17989530.00 8989530.00
1484939816234 373 1 2 196.000 -0.484 17989530.00 5989530.00
1484939816241 374 1 2 196.000 -0.484 17989530.00 5989530.00
1484939816248 375 1 2 196.000 -0.969 inf 8989530.00
1484939816255 376 1 2 196.000 -0.484 inf 17989530.00
1484939816261 377 1 2 196.000 -0.969 17989530.00 5989530.00
1484939816268 378 1 2 196.000 -0.969 17989530.00 8989530.00
1484939816275 379 1 2 196.000 -0.969 17989530.00 5989530.00
1484939816282 380 1 2 196.000 -0.969 17989530.00 8989530.00
1484939816288 381 1 2 196.000 -0.484 17989530.00 5989530.00
1484939816295 382 1 2 196.000 -0.484 17989530.00 5989530.00
1484939816302 383 1 2 196.000 -0.484 17989530.00 inf
1484939816310 384 1 2 196.000 -0.969 inf 8989530.00
1484939816317 385 1 2 196.000 -0.484 17989530.00 17989530.00
1484939816324 386 1 2 196.000 -0.969 17989530.00 inf
1484939816331 387 1 2 196.000 -0.969 17989530.00 3589530.00
1484939816337 388 1 2 196.000 -0.969 17989530.00 8989530.00
1484939816344 389 1 2 196.000 -0.484 17989530.00 4489530.00
1484939816351 390 1 2 196.000 -0.484 17989530.00 5989530.00
1484939816358 391 1 2 196.000 -0.969 inf 8989530.00
1484939816365 392 1 2 196.000 -0.484 17989530.00 3589530.00
1484939816371 393 1 2 196.000 -0.969 inf 5989530.00
1484939816378 394 1 2 196.000 -0.484 17989530.00 8989530.00
1484939816385 395 1 2 196.000 -0.969 inf 5989530.00
1484939816391 396 1 2 196.000 -0.969 17989530.00 17989530.00
1484939816398 397 1 2 196.000 -0.484 17989530.00 8989530.00
1484939816405 398 1 2 196.000 -0.969 17989530.00 5989530.00
1484939816412 399 1 2 196.000 -0.484 inf 5989530.00
1484939816418 400 1 2 196.000 -0.969 17989530.00 5989530.00
1484939816425 401 1 2 196.000 -0.969 17989530.00 8989530.00
1484939816432 402 1 2 196.000 -0.969 inf 5989530.00
1484939816439 403 1 2 196.000 -0.969 17989530.00 8989530.00
1484939816445 404 1 2 196.000 -0.484 inf 17989530.00
1484939816452 405 1 2 196.000 -0.969 17989530.00 5989530.00
1484939816459 406 1 2 196.000 -0.484 inf 17989530.00
1484939816466 407 1 2 196.000 -0.484 inf 8989530.00
1484939816473 408 1 2 196.000 -0.969 inf 4489530.00
1484939816480 409 1 2 196.000 -0.484 17989530.00 8989530.00
1484939816487 410 1 2 196.000 -0.969 8989530.00 8989530.00
1484939816494 411 1 2 196.000 -0.484 inf 4489530.00
1484939816500 412 1 2 196.000 -0.969 inf 5989530.00
1484939816507 413 1 2 196.000 -0.969 inf 4489530.00
1484939816514 414 1 2 196.000 -0.484 17989530.00 3589530.00
1484939816520 415 1 2 196.000 -0.484 17989530.00 5989530.00
1484939816527 416 1 2 196.000 -0.484 17989530.00 17989530.00
1484939816534 417 1 2 196.000 -0.484 8989530.00 inf
1484939816541 418 1 2 196.000 -0.969 17989530.00 4489530.00
1484939816548 419 1 2 196.000 -0.969 inf 5989530.00
1484939816554 420 1 2 196.000 -0.969 17989530.00 5989530.00
1484939816561 421 1 2 196.000 -0.484 8989530.00 5989530.00
1484939816568 422 1 2 196.000 -0.484 8989530.00 5989530.00
1484939816575 423 1 2 196.000 -0.484 17989530.00 5989530.00
1484939816582 424 2 2 196.000 -0.969 17989530.00 4489530.00
1484939816589 425 2 1 196.000 -0.969 17989530.00 5989530.00
1484939816596 426 2 1 196.000 -0.484 17989530.00 8989530.00
1484939816604 427 2 1 196.000 -0.969 17989530.00 4489530.00
1484939816611 428 2 1 196.000 -0.969 17989530.00 5989530.00
1484939816617 429 2 1 196.000 -0.969 17989530.00 5989530.00
1484939816624 430 2 1 196.000 -0.969 17989530.00 17989530.00
1484939816631 431 2 1 196.000 -0.484 17989530.00 5989530.00
1484939816638 432 2 1 196.000 -0.484 17989530.00 5989530.00
1484939816645 433 2 1 196.000 -0.484 17989530.00 8989530.00
1484939816652 434 2 1 196.000 -0.969 inf 3589530.00
1484939816659 435 2 1 196.000 -0.484 17989530.00 5989530.00
1484939816666 436 2 1 196.000 -0.484 8989530.00 5989530.00
1484939816673 437 2 1 196.000 -0.969 17989530.00 5989530.00
1484939816679 438 2 1 196.000 -0.969 17989530.00 inf
1484939816686 439 2 1 196.000 -0.484 17989530.00 5989530.00
1484939816694 440 2 1 196.000 -0.969 17989530.00 5989530.00
1484939816701 441 2 1 196.000 -0.484 17989530.00 5989530.00
1484939816718 442 2 1 196.000 -0.969 17989530.00 4489530.00
1484939816726 443 2 1 196.000 -0.484 17989530.00 4489530.00
1484939816733 444 2 1 196.000 -0.969 17989530.00 5989530.00
1484939816739 445 2 1 196.000 -0.969 17989530.00 8989530.00
1484939816746 446 2 1 196.000 -0.969 17989530.00 inf
1484939816753 447 2 1 196.000 -0.969 17989530.00 8989530.00
1484939816760 448 2 1 196.000 -0.484 inf 8989530.00
1484939816767 449 2 1 196.000 -0.969 17989530.00 5989530.00
1484939816774 450 2 1 196.000 -0.484 17989530.00 8989530.00
1484939816780 451 2 1 196.000 -0.484 17989530.00 inf
1484939816787 452 2 1 196.000 -0.484 inf inf
1484939816794 453 2 1 196.000 -0.969 17989530.00 5989530.00
1484939816801 454 2 1 196.000 -0.969 8989530.00 inf
1484939816807 455 2 1 196.000 -0.484 inf 5989530.00
1484939816814 456 2 1 196.000 -0.969 inf 5989530.00
1484939816821 457 2 1 196.000 -0.969 17989530.00 5989530.00
1484939816828 458 2 1 196.000 -0.969 17989530.00 inf
1484939816834 459 2 1 196.000 -0.969 inf 17989530.00
1484939816841 460 2 1 196.000 -0.484 17989530.00 8989530.00
1484939816848 461 2 1 196.000 -0.484 17989530.00 8989530.00
1484939816855 462 2 1 196.000 -0.484 17989530.00 5989530.00
1484939816862 463 2 1 196.000 -0.969 17989530.00 8989530.00
1484939816869 464 2 1 196.000 -0.969 17989530.00 5989530.00
1484939816876 465 2 1 196.000 12.594 17989530.00 5989530.00
1484939816893 466 2 1 196.000 -0.484 inf 4489530.00
1484939816909 467 2 1 196.000 -0.484 17989530.00 inf
1484939816916 468 2 1 196.000 -0.484 8989530.00 17989530.00
1484939816923 469 2 1 196.000 -0.969 17989530.00 4489530.00
1484939816930 470 2 1 196.000 -0.484 inf 5989530.00
1484939816936 471 2 1 196.000 -0.969 17989530.00 5989530.00
1484939816943 472 2 1 196.000 -0.484 inf inf
1484939816950 473 2 1 196.000 -1.453 17989530.00 5989530.00
1484939816960 474 2 1 196.000 -0.969 17989530.00 8989530.00
1484939816967 475 2 1 196.000 -0.484 17989530.00 8989530.00
1484939816975 476 2 1 196.000 -0.969 17989530.00 17989530.00
1484939816982 477 2 1 196.000 -0.484 17989530.00 17989530.00
1484939816989 478 2 1 196.000 -0.484 17989530.00 8989530.00
1484939816995 479 2 1 196.000 -0.484 8989530.00 3589530.00
1484939817002 480 2 1 196.000 -0.969 8989530.00 5989530.00
1484939817009 481 2 1 196.000 -0.969 8989530.00 8989530.00
1484939817016 482 2 1 196.000 -0.969 17989530.00 4489530.00
1484939817023 483 2 1 196.000 -0.484 8989530.00 inf
1484939817030 484 2 1 196.000 -0.484 17989530.00 4489530.00
1484939817036 485 2 1 196.000 -0.969 17989530.00 5989530.00
1484939817043 486 2 1 196.000 -0.484 8989530.00 3589530.00
1484939817050 487 2 1 196.000 -0.969 17989530.00 8989530.00
1484939817056 488 2 1 196.000 -0.484 17989530.00 5989530.00
1484939817063 489 2 1 196.000 -0.969 17989530.00 3589530.00
1484939817070 490 2 1 196.000 -0.969 17989530.00 8989530.00
1484939817077 491 2 1 196.000 -0.969 17989530.00 4489530.00
1484939817084 492 2 1 196.000 -0.484 inf 5989530.00
1484939817091 493 2 1 196.000 -0.484 17989530.00 5989530.00
1484939817098 494 2 1 196.000 -0.969 8989530.00 5989530.00
1484939817105 495 2 1 196.000 -0.484 8989530.00 5989530.00
1484939817111 496 2 1 196.000 -0.484 inf 4489530.00
1484939817118 497 2 1 196.000 -0.969 17989530.00 8989530.00
1484939817125 498 2 1 196.000 -0.969 17989530.00 5989530.00
1484939817133 499 2 1 196.000 -1.453 17989530.00 5989530.00
1484939817139 500 2 1 196.000 -0.969 8989530.00 5989530.00
1484939817146 501 2 1 196.000 -0.969 17989530.00 17989530.00
1484939817153 502 2 1 196.000 -0.969 17989530.00 5989530.00
1484939817160 503 2 1 196.000 -0.969 17989530.00 17989530.00
1484939817166 504 2 1 196.000 -0.969 8989530.00 17989530.00
1484939817173 505 2 1 196.000 -0.969 17989530.00 5989530.00
1484939817180 506 2 1 196.000 -1.453 8989530.00 4489530.00
1484939817187 507 2 1 196.000 -0.969 8989530.00 5989530.00
1484939817194 508 2 1 196.000 -0.484 8989530.00 5989530.00
1484939817201 509 2 1 196.000 -0.969 17989530.00 5989530.00
1484939817208 510 2 1 196.000 -0.484 17989530.00 4489530.00
1484939817214 511 2 1 196.000 -0.484 17989530.00 8989530.00
1484939817221 512 2 1 196.000 -0.484 17989530.00 4489530.00
1484939817228 513 2 1 196.000 -0.969 17989530.00 17989530.00
1484939817235 514 2 1 196.000 -0.969 17989530.00 5989530.00
1484939817241 515 2 1 196.000 -0.969 17989530.00 8989530.00
1484939817249 516 2 1 196.000 -0.484 17989530.00 5989530.00
1484939817255 517 2 1 196.000 -0.484 17989530.00 5989530.00
1484939817262 518 2 1 196.000 -0.969 17989530.00 3589530.00
1484939817269 519 2 1 196.000 -0.969 8989530.00 3589530.00
1484939817276 520 2 1 196.000 -0.969 inf 8989530.00
1484939817282 521 2 1 196.000 -0.969 8989530.00 17989530.00
1484939817289 522 2 1 196.000 -0.484 8989530.00 4489530.00
1484939817296 523 2 1 196.000 -0.484 8989530.00 5989530.00
1484939817303 524 2 1 196.000 -0.969 17989530.00 5989530.00
1484939817310 525 2 1 196.000 -0.484 8989530.00 4489530.00
1484939817316 526 2 1 196.000 -0.969 8989530.00 5989530.00
1484939817323 527 2 1 196.000 -0.484 8989530.00 4489530.00
1484939817330 528 2 1 196.000 -0.484 17989530.00 4489530.00
1484939817337 529 2 1 196.000 -0.484 17989530.00 17989530.00
1484939817343 530 2 1 196.000 -0.484 5989530.00 17989530.00
1484939817350 531 2 1 196.000 -0.484 17989530.00 5989530.00
1484939817357 532 2 1 196.000 -0.969 17989530.00 5989530.00
1484939817363 533 2 1 196.000 -0.484 8989530.00 5989530.00
1484939817370 534 2 1 196.000 -0.484 8989530.00 5989530.00
1484939817377 535 2 1 196.000 -0.484 17989530.00 17989530.00
1484939817384 536 2 1 196.000 -0.969 17989530.00 5989530.00
1484939817390 537 2 1 196.000 -0.969 17989530.00 5989530.00
1484939817397 538 2 1 196.000 -0.969 17989530.00 3589530.00
1484939817404 539 2 1 196.000 -0.484 17989530.00 17989530.00
1484939817411 540 2 1 196.000 -0.969 17989530.00 inf
1484939817417 541 2 1 196.000 -0.484 17989530.00 17989530.00
1484939817424 542 2 1 196.000 -0.969 17989530.00 5989530.00
1484939817431 543 2 1 196.000 -0.484 17989530.00 5989530.00
1484939817438 544 2 1 196.000 -0.969 17989530.00 17989530.00
1484939817444 545 2 1 196.000 -0.969 8989530.00 inf
1484939817451 546 2 1 196.000 -0.484 17989530.00 3589530.00
1484939817458 547 2 1 196.000 -0.484 17989530.00 8989530.00
1484939817465 548 2 1 196.000 -0.484 17989530.00 5989530.00
1484939817471 549 2 1 196.000 -0.484 17989530.00 17989530.00
1484939817478 550 2 1 196.000 -0.969 17989530.00 5989530.00
1484939817485 551 2 1 196.000 -0.969 17989530.00 8989530.00
1484939817492 552 2 1 196.000 -0.969 17989530.00 4489530.00
1484939817498 553 2 1 196.000 -0.484 8989530.00 5989530.00
1484939817505 554 2 1 196.000 -0.484 17989530.00 5989530.00
1484939817512 555 2 1 196.000 -0.969 8989530.00 3589530.00
1484939817519 556 2 1 196.000 -0.484 17989530.00 5989530.00
1484939817525 557 2 1 196.000 -0.484 8989530.00 5989530.00
1484939817532 558 2 1 196.000 -0.484 17989530.00 5989530.00
1484939817539 559 2 1 196.000 -0.969 8989530.00 5989530.00
1484939817546 560 2 1 196.000 -0.484 17989530.00 5989530.00
1484939817552 561 2 1 196.000 -0.969 17989530.00 5989530.00
1484939817559 562 2 1 196.000 -0.484 17989530.00 5989530.00
1484939817566 563 2 1 196.000 -0.969 8989530.00 17989530.00
1484939817573 564 2 1 196.000 -0.484 8989530.00 4489530.00
1484939817580 565 2 1 196.000 -0.969 17989530.00 17989530.00
1484939817587 566 2 1 196.000 -0.484 17989530.00 8989530.00
1484939817593 567 2 1 196.000 -0.484 8989530.00 5989530.00
1484939817600 568 2 2 196.000 -0.969 8989530.00 5989530.00
1484939817607 569 2 2 196.000 -0.969 17989530.00 5989530.00
1484939817614 570 2 2 196.000 -0.484 17989530.00 3589530.00
1484939817620 571 2 2 196.000 -0.969 17989530.00 2989530.00
1484939817627 572 2 2 196.000 -0.969 8989530.00 17989530.00
1484939817634 573 2 2 196.000 -0.969 17989530.00 4489530.00
1484939817641 574 2 2 196.000 -0.484 17989530.00 5989530.00
1484939817647 575 2 2 196.000 -0.969 17989530.00 5989530.00
1484939817654 576 2 2 196.000 -0.484 17989530.00 4489530.00
1484939817661 577 2 2 196.000 -0.969 17989530.00 5989530.00
1484939817668 578 2 2 196.000 -0.969 8989530.00 3589530.00
1484939817674 579 2 2 196.000 -0.969 17989530.00 5989530.00
1484939817681 580 2 2 196.000 -0.484 inf 4489530.00
1484939817688 581 2 2 196.000 -0.969 17989530.00 5989530.00
1484939817704 582 2 2 196.000 -0.969 17989530.00 4489530.00
1484939817712 583 2 2 196.000 -0.484 17989530.00 5989530.00
1484939817719 584 2 2 196.000 -0.484 17989530.00 inf
1484939817726 585 2 2 196.000 -0.484 17989530.00 4489530.00
1484939817732 586 2 2 196.000 -0.969 17989530.00 inf
1484939817739 587 2 2 196.000 -0.969 17989530.00 5989530.00
1484939817746 588 2 2 196.000 -0.484 8989530.00 4489530.00
1484939817753 589 2 2 196.000 -0.969 8989530.00 4489530.00
1484939817760 590 2 2 196.000 -0.969 8989530.00 8989530.00
1484939817766 591 2 2 196.000 -0.484 17989530.00 5989530.00
1484939817773 592 2 2 196.000 -0.969 17989530.00 8989530.00
1484939817780 593 2 2 196.000 -0.969 17989530.00 4489530.00
1484939817787 594 2 2 196.000 -0.484 17989530.00 17989530.00
1484939817793 595 2 2 196.000 -0.484 17989530.00 8989530.00
1484939817800 596 2 2 196.000 -0.484 17989530.00 2989530.00
1484939817807 597 2 2 196.000 -0.969 inf 5989530.00
1484939817814 598 2 2 196.000 -0.969 17989530.00 inf
1484939817820 599 2 2 196.000 -0.969 17989530.00 5989530.00
1484939817828 600 2 2 196.000 -0.484 inf 4489530.00
1484939817835 601 2 2 196.000 -0.969 17989530.00 17989530.00
1484939817842 602 2 2 196.000 -0.484 17989530.00 5989530.00
1484939817849 603 2 2 196.000 -0.969 17989530.00 inf
1484939817856 604 2 2 196.000 -0.484 8989530.00 4489530.00
1484939817862 605 2 2 196.000 -0.484 8989530.00 8989530.00
1484939817869 606 2 2 196.000 -0.969 inf 4489530.00
1484939817876 607 2 2 196.000 -0.484 inf 5989530.00
1484939817883 608 2 2 196.000 -0.969 17989530.00 5989530.00
1484939817889 609 2 2 196.000 -0.969 17989530.00 8989530.00
1484939817896 610 2 2 196.000 -0.484 8989530.00 5989530.00
1484939817903 611 2 2 196.000 -0.969 17989530.00 4489530.00
1484939817910 612 2 2 196.000 -0.484 8989530.00 4489530.00
1484939817916 613 2 2 196.000 -0.969 17989530.00 inf
1484939817923 614 2 2 196.000 -0.484 inf 5989530.00
1484939817930 615 2 2 196.000 -0.969 17989530.00 8989530.00
1484939817937 616 2 2 196.000 -0.969 17989530.00 5989530.00
1484939817944 617 2 2 196.000 -0.969 17989530.00 5989530.00
1484939817950 618 2 2 196.000 -0.969 17989530.00 17989530.00
1484939817959 619 2 2 196.000 -0.484 17989530.00 4489530.00
1484939817965 620 2 2 196.000 -0.969 inf 17989530.00
1484939817972 621 2 2 196.000 -0.969 17989530.00 17989530.00
1484939817979 622 2 2 196.000 -0.484 17989530.00 5989530.00
1484939817986 623 2 2 196.000 -0.484 17989530.00 5989530.00
1484939817993 624 2 2 196.000 -0.484 17989530.00 5989530.00
1484939817999 625 2 2 196.000 -0.969 8989530.00 8989530.00
1484939818006 626 2 2 196.000 -0.484 17989530.00 17989530.00
1484939818013 627 2 2 196.000 -0.969 17989530.00 3589530.00
1484939818020 628 2 2 196.000 -0.484 17989530.00 4489530.00
1484939818027 629 2 2 196.000 -0.969 17989530.00 inf
1484939818033 630 2 2 196.000 -0.484 17989530.00 5989530.00
1484939818040 631 2 2 196.000 -0.484 8989530.00 17989530.00
1484939818047 632 2 2 196.000 -0.969 17989530.00 5989530.00
1484939818054 633 2 2 196.000 -0.969 17989530.00 17989530.00
1484939818061 634 2 2 196.000 -0.484 17989530.00 4489530.00
1484939818067 635 2 2 196.000 -0.969 17989530.00 5989530.00
1484939818074 636 2 2 196.000 -0.484 17989530.00 5989530.00
1484939818081 637 2 2 196.000 -0.484 inf 5989530.00
1484939818088 638 2 2 196.000 -0.969 inf 4489530.00
1484939818094 639 2 2 196.000 -0.969 17989530.00 5989530.00
1484939818101 640 3 2 196.000 -0.484 17989530.00 3589530.00
