Serial_number: -1717986918 
Time Data_Count Cycle State Desired_force_(psi) Measured_force_(psi) Toe_sensor Heel_Sensor
1487881672127 0 0 0 140.000 0.000 inf 17989530.00
1487881672181 1 0 1 140.000 0.000 5989530.00 inf
1487881672209 2 0 1 140.000 -0.484 17989530.00 4489530.00
1487881672237 3 0 1 140.000 0.000 17989530.00 17989530.00
1487881672250 4 0 1 140.000 -0.484 17989530.00 inf
1487881672263 5 0 1 140.000 0.000 17989530.00 inf
1487881672273 6 0 1 140.000 -0.484 inf 5989530.00
1487881672281 7 0 1 140.000 -0.484 8989530.00 inf
1487881672289 8 0 1 140.000 -0.484 17989530.00 8989530.00
1487881672297 9 0 1 140.000 -0.484 17989530.00 5989530.00
1487881672305 10 0 1 140.000 -0.484 17989530.00 17989530.00
1487881672313 11 0 1 140.000 -0.484 17989530.00 5989530.00
1487881672321 12 0 1 140.000 -0.484 inf 17989530.00
1487881672328 13 0 1 140.000 0.000 17989530.00 3589530.00
1487881672336 14 0 1 140.000 0.000 inf 8989530.00
1487881672344 15 0 1 140.000 -0.484 inf 5989530.00
1487881672352 16 0 1 140.000 0.000 17989530.00 8989530.00
1487881672360 17 0 1 140.000 0.000 inf 5989530.00
1487881672368 18 0 1 140.000 0.000 inf 8989530.00
1487881672375 19 0 1 140.000 -0.484 17989530.00 5989530.00
1487881672383 20 0 1 140.000 -0.484 17989530.00 inf
1487881672391 21 0 1 140.000 -0.484 17989530.00 17989530.00
1487881672399 22 0 1 140.000 0.000 inf 8989530.00
1487881672407 23 0 1 140.000 -0.484 5989530.00 17989530.00
1487881672414 24 0 1 140.000 -0.484 8989530.00 17989530.00
1487881672422 25 0 1 140.000 -0.484 17989530.00 5989530.00
1487881672430 26 0 1 140.000 0.000 inf 8989530.00
1487881672438 27 0 1 140.000 0.000 inf 5989530.00
1487881672446 28 0 1 140.000 0.000 17989530.00 inf
1487881672453 29 0 1 140.000 0.000 inf 5989530.00
1487881672461 30 0 1 140.000 0.000 17989530.00 inf
1487881672471 31 0 1 140.000 0.000 inf 8989530.00
1487881672478 32 0 1 140.000 0.000 17989530.00 17989530.00
1487881672485 33 0 1 140.000 -0.484 inf 8989530.00
1487881672492 34 0 1 140.000 0.000 17989530.00 inf
1487881672498 35 0 1 140.000 -0.484 inf 17989530.00
1487881672505 36 0 1 140.000 0.000 17989530.00 inf
1487881672512 37 0 1 140.000 -0.484 8989530.00 8989530.00
1487881672519 38 0 1 140.000 -0.484 17989530.00 8989530.00
1487881672525 39 0 1 140.000 -0.484 inf 17989530.00
1487881672532 40 0 1 140.000 0.000 inf 5989530.00
1487881672539 41 0 1 140.000 0.000 inf 8989530.00
1487881672546 42 0 1 140.000 -0.484 inf 5989530.00
1487881672563 43 0 1 140.000 0.000 inf inf
1487881672575 44 0 1 140.000 0.000 inf 5989530.00
1487881672586 45 0 1 140.000 0.000 inf inf
1487881672599 46 0 1 140.000 -0.484 17989530.00 17989530.00
1487881672614 47 0 1 140.000 0.000 inf 8989530.00
1487881672628 48 0 1 140.000 -0.484 17989530.00 17989530.00
1487881672636 49 0 1 140.000 -0.484 17989530.00 inf
1487881672643 50 0 1 140.000 -0.484 inf 4489530.00
1487881672650 51 0 1 140.000 0.000 inf 8989530.00
1487881672656 52 0 1 140.000 -0.484 inf 17989530.00
1487881672663 53 0 1 140.000 -0.484 17989530.00 5989530.00
1487881672670 54 0 1 140.000 -0.484 17989530.00 17989530.00
1487881672677 55 0 1 140.000 0.000 17989530.00 inf
1487881672683 56 0 1 140.000 -0.484 inf 17989530.00
1487881672690 57 0 1 140.000 0.000 inf 5989530.00
1487881672697 58 0 1 140.000 0.000 17989530.00 8989530.00
1487881672704 59 0 1 140.000 0.000 17989530.00 5989530.00
1487881672710 60 0 1 140.000 0.000 17989530.00 inf
1487881672717 61 0 1 140.000 0.000 inf 5989530.00
1487881672724 62 0 1 140.000 0.000 inf 8989530.00
1487881672731 63 0 1 140.000 -0.484 inf 8989530.00
1487881672737 64 0 1 140.000 0.000 inf 8989530.00
1487881672744 65 0 1 140.000 0.000 17989530.00 17989530.00
1487881672751 66 0 1 140.000 0.000 inf 17989530.00
1487881672758 67 0 1 140.000 -0.484 inf 8989530.00
1487881672764 68 0 1 140.000 0.000 inf 8989530.00
1487881672771 69 0 1 140.000 -0.484 17989530.00 8989530.00
1487881672778 70 0 1 140.000 -0.484 17989530.00 inf
1487881672785 71 0 1 140.000 -0.484 17989530.00 4489530.00
1487881672792 72 0 1 140.000 -0.484 5989530.00 5989530.00
1487881672799 73 0 1 140.000 0.000 inf 8989530.00
1487881672805 74 0 1 140.000 -0.484 17989530.00 4489530.00
1487881672812 75 0 1 140.000 -0.484 inf 17989530.00
1487881672819 76 0 1 140.000 0.000 17989530.00 4489530.00
1487881672826 77 0 1 140.000 0.000 17989530.00 17989530.00
1487881672833 78 0 1 140.000 -0.484 inf 4489530.00
1487881672839 79 0 1 140.000 0.000 inf 8989530.00
1487881672846 80 0 1 140.000 -0.484 17989530.00 8989530.00
1487881672853 81 0 1 140.000 -0.484 inf 5989530.00
1487881672860 82 0 1 140.000 0.000 17989530.00 17989530.00
1487881672866 83 0 1 140.000 0.000 inf inf
1487881672873 84 0 1 140.000 0.000 inf 8989530.00
1487881672880 85 0 1 140.000 -0.484 inf inf
1487881672887 86 0 1 140.000 -0.484 inf 4489530.00
1487881672893 87 0 1 140.000 -0.484 17989530.00 8989530.00
1487881672900 88 0 1 140.000 0.000 17989530.00 5989530.00
1487881672907 89 0 1 140.000 0.000 inf inf
1487881672914 90 0 1 140.000 -0.484 5989530.00 17989530.00
1487881672920 91 0 1 140.000 -0.484 inf 4489530.00
1487881672927 92 0 1 140.000 -0.484 inf 17989530.00
1487881672934 93 0 1 140.000 -0.484 17989530.00 4489530.00
1487881672941 94 0 1 140.000 0.000 inf 17989530.00
1487881672948 95 0 1 140.000 0.000 17989530.00 8989530.00
1487881672954 96 0 1 140.000 0.000 inf 8989530.00
1487881672961 97 0 1 140.000 0.000 inf 5989530.00
1487881672968 98 0 1 140.000 0.000 inf 8989530.00
1487881672975 99 0 1 140.000 -0.484 inf 4489530.00
1487881672981 100 0 1 140.000 0.000 inf 5989530.00
1487881672988 101 0 1 140.000 -0.484 inf 4489530.00
1487881672995 102 0 1 140.000 -0.484 inf inf
1487881673002 103 0 1 140.000 -0.484 17989530.00 5989530.00
1487881673008 104 0 1 140.000 0.000 inf 8989530.00
1487881673015 105 0 1 140.000 -0.484 17989530.00 8989530.00
1487881673022 106 0 1 140.000 0.000 17989530.00 17989530.00
1487881673029 107 0 1 140.000 0.000 inf inf
1487881673035 108 0 1 140.000 0.000 17989530.00 8989530.00
1487881673042 109 0 1 140.000 0.000 inf 8989530.00
1487881673049 110 0 1 140.000 0.000 inf inf
1487881673056 111 0 1 140.000 -0.484 inf inf
1487881673062 112 0 1 140.000 -0.484 inf 5989530.00
1487881673069 113 0 1 140.000 -0.484 17989530.00 inf
1487881673076 114 0 1 140.000 -0.484 inf 5989530.00
1487881673083 115 0 1 140.000 -0.484 inf 4489530.00
1487881673089 116 0 1 140.000 -0.484 8989530.00 inf
1487881673096 117 0 1 140.000 -0.484 17989530.00 3589530.00
1487881673103 118 0 1 140.000 -0.484 inf 17989530.00
1487881673110 119 0 1 140.000 -0.484 17989530.00 17989530.00
1487881673116 120 0 1 140.000 0.000 8989530.00 17989530.00
1487881673123 121 0 1 140.000 0.000 inf 8989530.00
1487881673130 122 0 1 140.000 0.000 inf 5989530.00
1487881673137 123 0 1 140.000 0.000 inf 5989530.00
1487881673143 124 0 1 140.000 0.000 inf 5989530.00
1487881673150 125 0 1 140.000 0.000 17989530.00 5989530.00
1487881673157 126 0 1 140.000 -0.484 inf inf
1487881673164 127 0 1 140.000 -0.484 inf 8989530.00
1487881673170 128 0 2 140.000 0.000 17989530.00 8989530.00
1487881673177 129 0 2 140.000 -0.484 inf 8989530.00
1487881673184 130 0 2 140.000 0.000 inf 5989530.00
1487881673191 131 0 2 140.000 0.000 17989530.00 inf
1487881673198 132 0 2 140.000 -0.484 inf 8989530.00
1487881673204 133 0 2 140.000 0.000 17989530.00 8989530.00
1487881673211 134 0 2 140.000 0.000 inf 4489530.00
1487881673218 135 0 2 140.000 -0.484 inf 8989530.00
1487881673224 136 0 2 140.000 -0.484 inf inf
1487881673231 137 0 2 140.000 -0.484 inf 5989530.00
1487881673238 138 0 2 140.000 -0.484 17989530.00 5989530.00
1487881673245 139 0 2 140.000 0.000 8989530.00 8989530.00
1487881673251 140 0 2 140.000 0.000 17989530.00 5989530.00
1487881673258 141 0 2 140.000 -0.484 inf 5989530.00
1487881673265 142 0 2 140.000 -0.484 inf 8989530.00
1487881673272 143 0 2 140.000 0.000 inf 4489530.00
1487881673279 144 0 2 140.000 0.000 17989530.00 inf
1487881673285 145 0 2 140.000 0.000 inf 8989530.00
1487881673292 146 0 2 140.000 -0.484 17989530.00 5989530.00
1487881673299 147 0 2 140.000 0.000 inf 5989530.00
1487881673306 148 0 2 140.000 0.000 inf 17989530.00
1487881673312 149 0 2 140.000 -0.484 inf 5989530.00
1487881673319 150 0 2 140.000 -0.484 inf inf
1487881673326 151 0 2 140.000 0.000 17989530.00 5989530.00
1487881673333 152 0 2 140.000 0.000 17989530.00 5989530.00
1487881673340 153 0 2 140.000 -0.484 inf inf
1487881673346 154 0 2 140.000 -0.484 inf 5989530.00
1487881673353 155 0 2 140.000 -0.484 17989530.00 5989530.00
1487881673360 156 0 2 140.000 -0.484 17989530.00 5989530.00
1487881673366 157 0 2 140.000 -0.484 inf 4489530.00
1487881673373 158 0 2 140.000 -0.484 17989530.00 5989530.00
1487881673380 159 0 2 140.000 0.000 inf 8989530.00
1487881673387 160 0 2 140.000 -0.484 inf 17989530.00
1487881673394 161 0 2 140.000 -0.484 inf 5989530.00
1487881673400 162 0 2 140.000 -0.484 inf 5989530.00
1487881673407 163 0 2 140.000 -0.484 inf 8989530.00
1487881673414 164 0 2 140.000 -0.484 inf 5989530.00
1487881673421 165 0 2 140.000 -0.484 inf 17989530.00
1487881673427 166 0 2 140.000 -0.484 17989530.00 17989530.00
1487881673434 167 0 2 140.000 -0.484 17989530.00 inf
1487881673441 168 0 2 140.000 0.000 17989530.00 inf
1487881673448 169 0 2 140.000 0.000 inf 8989530.00
1487881673454 170 0 2 140.000 -0.484 inf 17989530.00
1487881673461 171 0 2 140.000 -0.484 inf 8989530.00
1487881673468 172 0 2 140.000 0.000 inf 17989530.00
1487881673475 173 0 2 140.000 -0.484 inf inf
1487881673481 174 0 2 140.000 -0.484 inf 4489530.00
1487881673488 175 0 2 140.000 -0.484 17989530.00 8989530.00
1487881673495 176 0 2 140.000 -0.484 inf 5989530.00
1487881673502 177 0 2 140.000 -0.484 17989530.00 inf
1487881673508 178 0 2 140.000 0.000 inf 8989530.00
1487881673515 179 0 2 140.000 -0.484 inf inf
1487881673522 180 0 2 140.000 -0.484 17989530.00 5989530.00
1487881673529 181 0 2 140.000 -0.484 inf 5989530.00
1487881673535 182 0 2 140.000 -0.484 17989530.00 8989530.00
1487881673542 183 0 2 140.000 -0.484 inf inf
1487881673549 184 0 2 140.000 -0.484 17989530.00 5989530.00
1487881673556 185 0 2 140.000 0.000 inf 5989530.00
1487881673563 186 0 2 140.000 0.000 17989530.00 5989530.00
1487881673569 187 0 2 140.000 0.000 17989530.00 5989530.00
1487881673576 188 0 2 140.000 -0.484 17989530.00 inf
1487881673583 189 0 2 140.000 0.000 inf 17989530.00
1487881673590 190 0 2 140.000 -0.484 inf 17989530.00
1487881673596 191 0 2 140.000 -0.484 17989530.00 5989530.00
1487881673603 192 0 2 140.000 0.000 17989530.00 inf
1487881673610 193 0 2 140.000 -0.484 inf 5989530.00
1487881673617 194 0 2 140.000 0.000 17989530.00 8989530.00
1487881673624 195 0 2 140.000 0.000 inf 5989530.00
1487881673630 196 0 2 140.000 0.000 inf 17989530.00
1487881673637 197 0 2 140.000 -0.484 17989530.00 4489530.00
1487881673644 198 0 2 140.000 -0.484 inf 17989530.00
1487881673651 199 0 2 140.000 -0.484 inf 17989530.00
1487881673657 200 0 2 140.000 -0.484 17989530.00 5989530.00
1487881673664 201 0 2 140.000 0.000 inf 17989530.00
1487881673671 202 1 2 140.000 0.000 8989530.00 5989530.00
1487881673679 203 1 1 140.000 -0.484 inf 5989530.00
1487881673686 204 1 1 140.000 -0.484 inf 17989530.00
1487881673699 205 1 1 140.000 -0.484 17989530.00 4489530.00
1487881673707 206 1 1 140.000 -0.484 17989530.00 4489530.00
1487881673713 207 1 1 140.000 -0.484 17989530.00 inf
1487881673720 208 1 1 140.000 -0.484 17989530.00 inf
1487881673727 209 1 1 140.000 0.000 17989530.00 5989530.00
1487881673734 210 1 1 140.000 -0.484 inf 5989530.00
1487881673741 211 1 1 140.000 -0.484 17989530.00 inf
1487881673747 212 1 1 140.000 0.000 inf inf
1487881673754 213 1 1 140.000 -0.484 inf 8989530.00
1487881673761 214 1 1 140.000 -0.484 inf 8989530.00
1487881673768 215 1 1 140.000 0.000 17989530.00 8989530.00
1487881673774 216 1 1 140.000 -0.484 inf 5989530.00
1487881673781 217 1 1 140.000 -0.484 17989530.00 inf
1487881673788 218 1 1 140.000 -0.484 17989530.00 17989530.00
1487881673795 219 1 1 140.000 0.000 inf 8989530.00
1487881673802 220 1 1 140.000 0.000 inf 8989530.00
1487881673808 221 1 1 140.000 -0.484 inf inf
1487881673815 222 1 1 140.000 0.000 inf 8989530.00
1487881673822 223 1 1 140.000 0.000 inf 2989530.00
1487881673829 224 1 1 140.000 0.000 inf inf
1487881673835 225 1 1 140.000 -0.484 inf 5989530.00
1487881673842 226 1 1 140.000 -0.484 17989530.00 17989530.00
1487881673849 227 1 1 140.000 -0.484 8989530.00 8989530.00
1487881673856 228 1 1 140.000 0.000 8989530.00 5989530.00
1487881673862 229 1 1 140.000 0.000 17989530.00 inf
1487881673869 230 1 1 140.000 15.016 inf inf
1487881673876 231 1 1 140.000 22.283 17989530.00 5989530.00
1487881673883 232 1 1 140.000 27.611 inf inf
1487881673890 233 1 1 140.000 33.424 inf 5989530.00
1487881673896 234 1 1 140.000 40.205 17989530.00 8989530.00
1487881673903 235 1 1 140.000 46.503 17989530.00 8989530.00
1487881673910 236 1 1 140.000 51.831 17989530.00 5989530.00
1487881673916 237 1 1 140.000 57.159 inf inf
1487881673923 238 1 1 140.000 61.519 inf 5989530.00
1487881673930 239 1 1 140.000 66.363 inf inf
1487881673937 240 1 1 140.000 70.723 17989530.00 17989530.00
1487881673944 241 1 1 140.000 75.082 17989530.00 inf
1487881673951 242 1 1 140.000 78.958 inf 4489530.00
1487881673957 243 1 1 140.000 82.833 17989530.00 5989530.00
1487881673964 244 1 1 140.000 86.224 17989530.00 inf
1487881673971 245 1 1 140.000 89.614 17989530.00 17989530.00
1487881673978 246 1 1 140.000 92.521 17989530.00 8989530.00
1487881673985 247 1 1 140.000 95.912 17989530.00 5989530.00
1487881673991 248 1 1 140.000 98.334 5989530.00 8989530.00
1487881673998 249 1 1 140.000 101.240 inf 5989530.00
1487881674005 250 1 1 140.000 103.662 inf inf
1487881674012 251 1 1 140.000 105.600 17989530.00 5989530.00
1487881674018 252 1 1 140.000 107.053 17989530.00 inf
1487881674025 253 1 1 140.000 108.991 inf 8989530.00
1487881674032 254 1 1 140.000 110.928 17989530.00 5989530.00
1487881674039 255 1 1 140.000 112.381 17989530.00 8989530.00
1487881674045 256 1 1 140.000 113.350 inf 5989530.00
1487881674052 257 1 1 140.000 114.319 17989530.00 5989530.00
1487881674059 258 1 1 140.000 115.772 17989530.00 17989530.00
1487881674066 259 1 1 140.000 116.257 17989530.00 4489530.00
1487881674072 260 1 1 140.000 117.710 inf 4489530.00
1487881674079 261 1 1 140.000 118.679 17989530.00 8989530.00
1487881674086 262 1 1 140.000 119.647 17989530.00 5989530.00
1487881674093 263 1 1 140.000 123.038 inf 3589530.00
1487881674100 264 1 1 140.000 121.101 17989530.00 17989530.00
1487881674107 265 1 1 140.000 123.038 17989530.00 inf
1487881674114 266 1 1 140.000 124.976 17989530.00 5989530.00
1487881674120 267 1 1 140.000 124.976 inf 4489530.00
1487881674127 268 1 1 140.000 124.976 17989530.00 5989530.00
1487881674134 269 1 1 140.000 124.491 17989530.00 inf
1487881674141 270 1 1 140.000 125.460 17989530.00 5989530.00
1487881674147 271 1 1 140.000 126.429 17989530.00 17989530.00
1487881674154 272 1 1 140.000 126.913 inf 8989530.00
1487881674161 273 1 1 140.000 127.882 17989530.00 4489530.00
1487881674168 274 1 1 140.000 128.367 17989530.00 5989530.00
1487881674174 275 1 1 140.000 128.851 17989530.00 inf
1487881674181 276 1 1 140.000 128.851 17989530.00 inf
1487881674188 277 1 1 140.000 129.335 17989530.00 4489530.00
1487881674195 278 1 1 140.000 128.851 17989530.00 4489530.00
1487881674202 279 1 1 140.000 128.851 inf 5989530.00
1487881674208 280 1 1 140.000 129.335 inf 5989530.00
1487881674215 281 1 1 140.000 129.335 17989530.00 5989530.00
1487881674222 282 1 1 140.000 129.820 17989530.00 17989530.00
1487881674229 283 1 1 140.000 130.304 17989530.00 8989530.00
1487881674235 284 1 1 140.000 130.304 17989530.00 inf
1487881674242 285 1 1 140.000 130.304 17989530.00 17989530.00
1487881674249 286 1 1 140.000 131.273 17989530.00 4489530.00
1487881674256 287 1 1 140.000 130.789 17989530.00 5989530.00
1487881674262 288 1 1 140.000 131.757 inf 8989530.00
1487881674269 289 1 1 140.000 131.273 17989530.00 inf
1487881674276 290 1 1 140.000 130.789 inf 4489530.00
1487881674283 291 1 1 140.000 131.757 17989530.00 8989530.00
1487881674290 292 1 1 140.000 131.273 17989530.00 inf
1487881674297 293 1 1 140.000 131.273 17989530.00 17989530.00
1487881674303 294 1 1 140.000 131.273 8989530.00 5989530.00
1487881674310 295 1 1 140.000 131.273 inf inf
1487881674317 296 1 1 140.000 130.789 17989530.00 5989530.00
1487881674324 297 1 1 140.000 131.273 inf 5989530.00
1487881674330 298 1 1 140.000 131.273 17989530.00 17989530.00
1487881674337 299 1 1 140.000 131.273 4489530.00 5989530.00
1487881674344 300 1 1 140.000 131.273 8989530.00 4489530.00
1487881674351 301 1 1 140.000 131.273 inf 17989530.00
1487881674358 302 1 1 140.000 131.273 inf 5989530.00
1487881674364 303 1 1 140.000 131.273 inf 17989530.00
1487881674371 304 1 1 140.000 131.273 17989530.00 5989530.00
1487881674378 305 1 1 140.000 131.273 17989530.00 5989530.00
1487881674385 306 1 1 140.000 131.273 17989530.00 4489530.00
1487881674391 307 1 1 140.000 130.304 inf 2989530.00
1487881674398 308 1 1 140.000 130.789 17989530.00 17989530.00
1487881674405 309 1 1 140.000 130.789 17989530.00 5989530.00
1487881674412 310 1 1 140.000 130.304 17989530.00 3589530.00
1487881674418 311 1 1 140.000 130.789 inf 5989530.00
1487881674425 312 1 1 140.000 130.304 17989530.00 inf
1487881674432 313 1 1 140.000 130.789 inf 5989530.00
1487881674439 314 1 1 140.000 130.304 17989530.00 4489530.00
1487881674445 315 1 1 140.000 130.789 inf inf
1487881674452 316 1 1 140.000 130.304 17989530.00 8989530.00
1487881674459 317 1 1 140.000 130.789 17989530.00 8989530.00
1487881674466 318 1 1 140.000 130.304 17989530.00 8989530.00
1487881674472 319 1 1 140.000 130.789 inf 17989530.00
1487881674479 320 1 1 140.000 130.789 17989530.00 5989530.00
1487881674486 321 1 1 140.000 130.304 17989530.00 5989530.00
1487881674493 322 1 1 140.000 130.304 inf 8989530.00
1487881674499 323 1 1 140.000 130.304 17989530.00 8989530.00
1487881674506 324 1 1 140.000 130.304 inf 5989530.00
1487881674513 325 1 1 140.000 130.304 inf 3589530.00
1487881674520 326 1 1 140.000 130.304 17989530.00 8989530.00
1487881674526 327 1 1 140.000 130.304 inf 17989530.00
1487881674533 328 1 1 140.000 130.304 17989530.00 4489530.00
1487881674540 329 1 1 140.000 130.304 17989530.00 17989530.00
1487881674547 330 1 1 140.000 130.304 inf 5989530.00
1487881674554 331 1 1 140.000 130.304 inf 8989530.00
1487881674560 332 1 1 140.000 130.304 inf 5989530.00
1487881674567 333 1 1 140.000 130.304 17989530.00 4489530.00
1487881674574 334 1 1 140.000 130.789 inf 17989530.00
1487881674581 335 1 1 140.000 130.789 17989530.00 17989530.00
1487881674587 336 1 1 140.000 130.789 17989530.00 4489530.00
1487881674594 337 1 1 140.000 130.789 17989530.00 5989530.00
1487881674601 338 1 1 140.000 130.304 inf 8989530.00
1487881674609 339 1 1 140.000 130.304 inf 8989530.00
1487881674616 340 1 1 140.000 130.789 17989530.00 17989530.00
1487881674623 341 1 1 140.000 130.789 17989530.00 17989530.00
1487881674629 342 1 1 140.000 130.789 8989530.00 8989530.00
1487881674636 343 1 1 140.000 130.789 17989530.00 17989530.00
1487881674643 344 1 1 140.000 130.789 inf 17989530.00
1487881674650 345 1 1 140.000 130.789 inf 4489530.00
1487881674656 346 1 1 140.000 130.789 17989530.00 5989530.00
1487881674663 347 1 1 140.000 130.789 17989530.00 17989530.00
1487881674670 348 1 1 140.000 130.789 17989530.00 5989530.00
1487881674677 349 1 1 140.000 130.789 inf 8989530.00
1487881674683 350 1 1 140.000 131.273 17989530.00 4489530.00
1487881674690 351 1 2 140.000 130.789 inf 8989530.00
1487881674697 352 1 2 140.000 131.273 inf 17989530.00
1487881674704 353 1 2 140.000 130.789 17989530.00 5989530.00
1487881674710 354 1 2 140.000 130.304 17989530.00 5989530.00
1487881674717 355 1 2 140.000 126.913 17989530.00 5989530.00
1487881674724 356 1 2 140.000 120.616 inf 8989530.00
1487881674731 357 1 2 140.000 112.866 17989530.00 5989530.00
1487881674737 358 1 2 140.000 101.724 inf 5989530.00
1487881674744 359 1 2 140.000 91.552 17989530.00 inf
1487881674751 360 1 2 140.000 81.864 17989530.00 17989530.00
1487881674758 361 1 2 140.000 71.692 inf 17989530.00
1487881674764 362 1 2 140.000 62.003 17989530.00 inf
1487881674771 363 1 2 140.000 53.284 17989530.00 5989530.00
1487881674778 364 1 2 140.000 45.049 inf 5989530.00
1487881674785 365 1 2 140.000 36.330 inf 17989530.00
1487881674791 366 1 2 140.000 28.580 inf inf
1487881674798 367 1 2 140.000 21.314 inf inf
1487881674805 368 1 2 140.000 13.563 17989530.00 8989530.00
1487881674812 369 1 2 140.000 6.782 inf 5989530.00
1487881674818 370 1 2 140.000 0.969 17989530.00 17989530.00
1487881674825 371 1 2 140.000 0.000 inf 8989530.00
1487881674832 372 1 2 140.000 -0.484 inf inf
1487881674839 373 1 2 140.000 -0.484 inf 5989530.00
1487881674846 374 1 2 140.000 -0.484 17989530.00 5989530.00
1487881674852 375 1 2 140.000 0.000 inf inf
1487881674859 376 1 2 140.000 0.000 inf 5989530.00
1487881674866 377 1 2 140.000 0.000 inf 2989530.00
1487881674873 378 1 2 140.000 0.000 inf 8989530.00
1487881674879 379 1 2 140.000 -0.484 17989530.00 5989530.00
1487881674886 380 1 2 140.000 -0.484 inf 8989530.00
1487881674893 381 1 2 140.000 -0.484 inf inf
1487881674900 382 1 2 140.000 -0.484 8989530.00 17989530.00
1487881674907 383 1 2 140.000 -0.484 inf 4489530.00
1487881674913 384 1 2 140.000 -0.484 17989530.00 8989530.00
1487881674920 385 1 2 140.000 -0.484 17989530.00 17989530.00
1487881674927 386 1 2 140.000 -0.484 inf 17989530.00
1487881674934 387 1 2 140.000 -0.484 inf 5989530.00
1487881674940 388 1 2 140.000 -0.484 inf inf
1487881674947 389 1 2 140.000 -0.484 17989530.00 5989530.00
1487881674954 390 1 2 140.000 -0.484 inf 5989530.00
1487881674961 391 1 2 140.000 -0.484 17989530.00 17989530.00
1487881674967 392 1 2 140.000 -0.484 inf 5989530.00
1487881674974 393 1 2 140.000 -0.484 17989530.00 inf
1487881674981 394 1 2 140.000 0.000 17989530.00 17989530.00
1487881674988 395 1 2 140.000 -0.484 inf 8989530.00
1487881674994 396 1 2 140.000 -0.484 inf 5989530.00
1487881675001 397 1 2 140.000 -0.484 inf 5989530.00
1487881675008 398 1 2 140.000 -0.484 17989530.00 5989530.00
1487881675015 399 1 2 140.000 0.000 17989530.00 5989530.00
1487881675021 400 1 2 140.000 -0.484 inf 8989530.00
1487881675028 401 1 2 140.000 0.000 17989530.00 17989530.00
1487881675035 402 1 2 140.000 -0.484 17989530.00 inf
1487881675042 403 1 2 140.000 0.000 inf 17989530.00
1487881675048 404 1 2 140.000 0.000 inf inf
1487881675055 405 1 2 140.000 -0.484 inf 8989530.00
1487881675062 406 1 2 140.000 -0.484 inf 8989530.00
1487881675069 407 1 2 140.000 -0.484 17989530.00 5989530.00
1487881675075 408 1 2 140.000 -0.484 17989530.00 17989530.00
1487881675082 409 1 2 140.000 0.000 inf inf
1487881675089 410 1 2 140.000 0.000 inf 17989530.00
1487881675096 411 1 2 140.000 0.000 17989530.00 8989530.00
1487881675102 412 1 2 140.000 0.000 17989530.00 17989530.00
1487881675109 413 1 2 140.000 0.000 8989530.00 8989530.00
1487881675116 414 1 2 140.000 -0.484 17989530.00 3589530.00
1487881675123 415 1 2 140.000 -0.484 inf 8989530.00
1487881675129 416 1 2 140.000 -0.484 inf 5989530.00
1487881675136 417 1 2 140.000 -0.484 17989530.00 4489530.00
1487881675143 418 1 2 140.000 0.000 inf 17989530.00
1487881675150 419 1 2 140.000 -0.484 17989530.00 inf
1487881675156 420 1 2 140.000 -0.484 inf 8989530.00
1487881675163 421 1 2 140.000 -0.484 inf 5989530.00
1487881675170 422 1 2 140.000 -0.484 inf 8989530.00
1487881675177 423 1 2 140.000 -0.484 inf 8989530.00
1487881675184 424 1 2 140.000 0.000 inf 5989530.00
1487881675190 425 2 2 140.000 -0.484 17989530.00 inf
1487881675198 426 2 1 140.000 0.000 17989530.00 17989530.00
1487881675205 427 2 1 140.000 -0.484 17989530.00 inf
1487881675219 428 2 1 140.000 -0.484 inf 8989530.00
1487881675226 429 2 1 140.000 0.000 17989530.00 5989530.00
1487881675232 430 2 1 140.000 -0.484 inf 4489530.00
1487881675239 431 2 1 140.000 -0.484 inf 17989530.00
1487881675246 432 2 1 140.000 -0.484 inf 8989530.00
1487881675253 433 2 1 140.000 -0.484 inf 8989530.00
1487881675260 434 2 1 140.000 -0.484 17989530.00 inf
1487881675266 435 2 1 140.000 0.000 inf 4489530.00
1487881675273 436 2 1 140.000 0.000 inf 8989530.00
1487881675280 437 2 1 140.000 0.000 inf 5989530.00
1487881675287 438 2 1 140.000 -0.484 17989530.00 8989530.00
1487881675293 439 2 1 140.000 -0.484 inf 5989530.00
1487881675300 440 2 1 140.000 0.000 17989530.00 8989530.00
1487881675307 441 2 1 140.000 -0.484 17989530.00 8989530.00
1487881675314 442 2 1 140.000 -0.484 inf 5989530.00
1487881675320 443 2 1 140.000 -0.484 inf 4489530.00
1487881675327 444 2 1 140.000 0.000 inf 8989530.00
1487881675334 445 2 1 140.000 -0.484 8989530.00 5989530.00
1487881675341 446 2 1 140.000 -0.484 inf 17989530.00
1487881675348 447 2 1 140.000 0.000 inf inf
1487881675354 448 2 1 140.000 0.000 inf 8989530.00
1487881675361 449 2 1 140.000 0.000 inf 17989530.00
1487881675368 450 2 1 140.000 -0.969 17989530.00 17989530.00
1487881675375 451 2 1 140.000 0.969 17989530.00 inf
1487881675382 452 2 1 140.000 10.657 17989530.00 5989530.00
1487881675388 453 2 1 140.000 23.251 inf 8989530.00
1487881675395 454 2 1 140.000 27.611 inf 17989530.00
1487881675402 455 2 1 140.000 31.971 17989530.00 5989530.00
1487881675409 456 2 1 140.000 38.268 inf 8989530.00
1487881675415 457 2 1 140.000 44.565 8989530.00 5989530.00
1487881675422 458 2 1 140.000 50.862 17989530.00 8989530.00
1487881675429 459 2 1 140.000 56.191 inf 4489530.00
1487881675436 460 2 1 140.000 60.550 17989530.00 8989530.00
1487881675442 461 2 1 140.000 64.910 inf 8989530.00
1487881675449 462 2 1 140.000 70.238 inf 5989530.00
1487881675456 463 2 1 140.000 74.598 17989530.00 5989530.00
1487881675463 464 2 1 140.000 78.958 inf 5989530.00
1487881675469 465 2 1 140.000 82.348 17989530.00 4489530.00
1487881675476 466 2 1 140.000 86.224 inf 17989530.00
1487881675483 467 2 1 140.000 89.614 17989530.00 5989530.00
1487881675490 468 2 1 140.000 93.005 inf 5989530.00
1487881675496 469 2 1 140.000 95.427 inf inf
1487881675503 470 2 1 140.000 98.334 17989530.00 5989530.00
1487881675510 471 2 1 140.000 101.240 17989530.00 4489530.00
1487881675517 472 2 1 140.000 103.662 inf 4489530.00
1487881675523 473 2 1 140.000 106.084 17989530.00 5989530.00
1487881675530 474 2 1 140.000 108.506 8989530.00 8989530.00
1487881675537 475 2 1 140.000 109.959 17989530.00 8989530.00
1487881675544 476 2 1 140.000 111.897 inf 4489530.00
1487881675551 477 2 1 140.000 113.350 17989530.00 5989530.00
1487881675558 478 2 1 140.000 114.319 17989530.00 8989530.00
1487881675565 479 2 1 140.000 115.772 17989530.00 17989530.00
1487881675571 480 2 1 140.000 116.257 17989530.00 4489530.00
1487881675578 481 2 1 140.000 117.710 17989530.00 5989530.00
1487881675585 482 2 1 140.000 117.710 17989530.00 5989530.00
1487881675592 483 2 1 140.000 119.163 17989530.00 8989530.00
1487881675598 484 2 1 140.000 121.101 17989530.00 5989530.00
1487881675605 485 2 1 140.000 122.554 17989530.00 inf
1487881675612 486 2 1 140.000 123.038 17989530.00 inf
1487881675619 487 2 1 140.000 124.491 inf 5989530.00
1487881675626 488 2 1 140.000 124.976 17989530.00 8989530.00
1487881675632 489 2 1 140.000 124.976 17989530.00 17989530.00
1487881675639 490 2 1 140.000 126.429 17989530.00 5989530.00
1487881675646 491 2 1 140.000 126.429 inf 8989530.00
1487881675652 492 2 1 140.000 126.429 17989530.00 4489530.00
1487881675659 493 2 1 140.000 126.913 17989530.00 5989530.00
1487881675666 494 2 1 140.000 127.882 inf 8989530.00
1487881675673 495 2 1 140.000 127.882 17989530.00 17989530.00
1487881675680 496 2 1 140.000 128.367 17989530.00 5989530.00
1487881675687 497 2 1 140.000 129.335 inf inf
1487881675693 498 2 1 140.000 129.820 inf inf
1487881675700 499 2 1 140.000 129.820 inf inf
1487881675707 500 2 1 140.000 130.789 inf 17989530.00
1487881675714 501 2 1 140.000 131.273 inf inf
1487881675720 502 2 1 140.000 131.757 17989530.00 8989530.00
1487881675727 503 2 1 140.000 131.757 inf 8989530.00
1487881675734 504 2 1 140.000 131.757 inf 3589530.00
1487881675741 505 2 1 140.000 132.242 inf 5989530.00
1487881675747 506 2 1 140.000 131.757 inf inf
1487881675754 507 2 1 140.000 131.757 17989530.00 8989530.00
1487881675761 508 2 1 140.000 131.757 inf 17989530.00
1487881675768 509 2 1 140.000 131.757 17989530.00 5989530.00
1487881675774 510 2 1 140.000 131.757 8989530.00 5989530.00
1487881675781 511 2 1 140.000 131.757 17989530.00 8989530.00
1487881675788 512 2 1 140.000 131.757 inf inf
1487881675795 513 2 1 140.000 131.757 17989530.00 5989530.00
1487881675801 514 2 1 140.000 132.242 17989530.00 4489530.00
1487881675808 515 2 1 140.000 132.242 17989530.00 5989530.00
1487881675815 516 2 1 140.000 131.757 17989530.00 8989530.00
1487881675822 517 2 1 140.000 131.757 inf 8989530.00
1487881675829 518 2 1 140.000 132.242 17989530.00 5989530.00
1487881675835 519 2 1 140.000 132.242 17989530.00 inf
1487881675842 520 2 1 140.000 132.242 17989530.00 5989530.00
1487881675849 521 2 1 140.000 131.757 17989530.00 inf
1487881675856 522 2 1 140.000 131.757 17989530.00 5989530.00
1487881675863 523 2 1 140.000 132.242 17989530.00 8989530.00
1487881675869 524 2 1 140.000 131.757 inf 8989530.00
1487881675876 525 2 1 140.000 131.757 17989530.00 inf
1487881675883 526 2 1 140.000 131.757 17989530.00 5989530.00
1487881675890 527 2 1 140.000 131.757 inf 5989530.00
1487881675896 528 2 1 140.000 131.757 inf inf
1487881675903 529 2 1 140.000 131.757 17989530.00 inf
1487881675910 530 2 1 140.000 131.757 inf 8989530.00
1487881675917 531 2 1 140.000 131.757 17989530.00 17989530.00
1487881675923 532 2 1 140.000 132.242 17989530.00 5989530.00
1487881675930 533 2 1 140.000 131.757 17989530.00 inf
1487881675937 534 2 1 140.000 131.757 17989530.00 17989530.00
1487881675944 535 2 1 140.000 131.757 17989530.00 5989530.00
1487881675951 536 2 1 140.000 131.757 17989530.00 8989530.00
1487881675958 537 2 1 140.000 131.273 17989530.00 8989530.00
1487881675964 538 2 1 140.000 131.757 17989530.00 5989530.00
1487881675971 539 2 1 140.000 131.273 17989530.00 5989530.00
1487881675978 540 2 1 140.000 131.757 inf 17989530.00
1487881675985 541 2 1 140.000 131.273 inf 17989530.00
1487881675991 542 2 1 140.000 131.757 17989530.00 5989530.00
1487881675998 543 2 1 140.000 131.757 17989530.00 8989530.00
1487881676005 544 2 1 140.000 130.789 17989530.00 inf
1487881676012 545 2 1 140.000 131.273 17989530.00 17989530.00
1487881676018 546 2 1 140.000 131.273 17989530.00 3589530.00
1487881676025 547 2 1 140.000 131.273 inf inf
1487881676032 548 2 1 140.000 131.273 inf 5989530.00
1487881676039 549 2 1 140.000 131.273 8989530.00 inf
1487881676045 550 2 1 140.000 130.789 17989530.00 5989530.00
1487881676052 551 2 1 140.000 130.789 17989530.00 5989530.00
1487881676059 552 2 1 140.000 131.273 17989530.00 5989530.00
1487881676066 553 2 1 140.000 131.273 inf 5989530.00
1487881676073 554 2 1 140.000 131.273 17989530.00 17989530.00
1487881676079 555 2 1 140.000 131.273 17989530.00 5989530.00
1487881676086 556 2 1 140.000 130.789 inf 5989530.00
1487881676093 557 2 1 140.000 131.273 8989530.00 8989530.00
1487881676100 558 2 1 140.000 131.273 17989530.00 17989530.00
1487881676106 559 2 1 140.000 130.789 inf inf
1487881676113 560 2 1 140.000 131.273 17989530.00 5989530.00
1487881676120 561 2 1 140.000 130.789 inf 4489530.00
1487881676127 562 2 1 140.000 130.789 inf 17989530.00
1487881676133 563 2 1 140.000 131.273 inf 5989530.00
1487881676140 564 2 1 140.000 131.273 17989530.00 5989530.00
1487881676147 565 2 1 140.000 131.273 17989530.00 inf
1487881676154 566 2 1 140.000 131.273 17989530.00 17989530.00
1487881676160 567 2 1 140.000 130.789 inf 17989530.00
1487881676167 568 2 1 140.000 130.789 17989530.00 4489530.00
1487881676174 569 2 1 140.000 130.789 inf 8989530.00
1487881676181 570 2 1 140.000 130.789 17989530.00 inf
1487881676188 571 2 1 140.000 131.273 17989530.00 5989530.00
1487881676194 572 2 1 140.000 130.789 inf 5989530.00
1487881676201 573 2 1 140.000 130.789 inf 4489530.00
1487881676208 574 2 2 140.000 130.789 inf 4489530.00
1487881676214 575 2 2 140.000 130.789 17989530.00 5989530.00
1487881676221 576 2 2 140.000 130.789 inf 5989530.00
1487881676228 577 2 2 140.000 130.304 17989530.00 8989530.00
1487881676235 578 2 2 140.000 126.913 17989530.00 3589530.00
1487881676241 579 2 2 140.000 121.101 17989530.00 4489530.00
1487881676248 580 2 2 140.000 114.319 17989530.00 8989530.00
1487881676255 581 2 2 140.000 102.209 17989530.00 8989530.00
1487881676262 582 2 2 140.000 92.036 17989530.00 inf
1487881676269 583 2 2 140.000 82.348 inf 4489530.00
1487881676275 584 2 2 140.000 72.176 17989530.00 5989530.00
1487881676282 585 2 2 140.000 63.457 17989530.00 8989530.00
1487881676289 586 2 2 140.000 54.253 inf 4489530.00
1487881676296 587 2 2 140.000 45.534 17989530.00 inf
1487881676302 588 2 2 140.000 36.815 17989530.00 4489530.00
1487881676309 589 2 2 140.000 29.064 17989530.00 inf
1487881676316 590 2 2 140.000 21.314 inf 17989530.00
1487881676322 591 2 2 140.000 13.563 inf 8989530.00
1487881676329 592 2 2 140.000 7.266 17989530.00 8989530.00
1487881676336 593 2 2 140.000 0.969 17989530.00 5989530.00
1487881676343 594 2 2 140.000 -0.484 inf inf
1487881676350 595 2 2 140.000 -0.484 17989530.00 inf
1487881676357 596 2 2 140.000 -0.484 5989530.00 8989530.00
1487881676363 597 2 2 140.000 -0.484 17989530.00 4489530.00
1487881676370 598 2 2 140.000 0.000 inf 8989530.00
1487881676377 599 2 2 140.000 -0.484 inf 5989530.00
1487881676384 600 2 2 140.000 -0.484 17989530.00 5989530.00
1487881676391 601 2 2 140.000 -0.484 inf 17989530.00
1487881676397 602 2 2 140.000 -0.484 inf 17989530.00
1487881676404 603 2 2 140.000 -0.484 inf 5989530.00
1487881676411 604 2 2 140.000 -0.484 inf 17989530.00
1487881676418 605 2 2 140.000 -0.484 17989530.00 17989530.00
1487881676424 606 2 2 140.000 -0.484 17989530.00 inf
1487881676431 607 2 2 140.000 -0.484 inf inf
1487881676438 608 2 2 140.000 -0.484 inf 17989530.00
1487881676445 609 2 2 140.000 -0.484 inf inf
1487881676452 610 2 2 140.000 0.000 17989530.00 17989530.00
1487881676458 611 2 2 140.000 0.000 17989530.00 17989530.00
1487881676465 612 2 2 140.000 -0.484 inf 8989530.00
1487881676472 613 2 2 140.000 0.000 inf 17989530.00
1487881676479 614 2 2 140.000 -0.484 inf 8989530.00
1487881676485 615 2 2 140.000 -0.484 17989530.00 8989530.00
1487881676492 616 2 2 140.000 -0.484 17989530.00 5989530.00
1487881676499 617 2 2 140.000 -0.484 inf 17989530.00
1487881676505 618 2 2 140.000 -0.484 17989530.00 inf
1487881676512 619 2 2 140.000 0.000 inf 5989530.00
1487881676519 620 2 2 140.000 -0.484 17989530.00 17989530.00
1487881676526 621 2 2 140.000 0.000 inf 5989530.00
1487881676532 622 2 2 140.000 -0.484 inf 5989530.00
1487881676539 623 2 2 140.000 -0.484 inf 17989530.00
1487881676546 624 2 2 140.000 0.000 inf 17989530.00
1487881676553 625 2 2 140.000 -0.484 inf 17989530.00
1487881676560 626 2 2 140.000 -0.484 inf 5989530.00
1487881676566 627 2 2 140.000 -0.484 17989530.00 4489530.00
1487881676573 628 2 2 140.000 0.000 inf 8989530.00
1487881676580 629 2 2 140.000 -0.484 17989530.00 inf
1487881676587 630 2 2 140.000 -0.484 inf inf
1487881676593 631 2 2 140.000 -0.484 inf inf
1487881676600 632 2 2 140.000 0.000 inf 3589530.00
1487881676607 633 2 2 140.000 -0.484 inf 17989530.00
1487881676614 634 2 2 140.000 0.000 inf 8989530.00
1487881676620 635 2 2 140.000 -0.484 inf 4489530.00
1487881676627 636 2 2 140.000 -0.484 inf inf
1487881676634 637 2 2 140.000 -0.484 inf 5989530.00
1487881676641 638 2 2 140.000 -0.484 inf 5989530.00
1487881676647 639 2 2 140.000 -0.484 17989530.00 5989530.00
1487881676654 640 2 2 140.000 -0.484 17989530.00 17989530.00
1487881676661 641 2 2 140.000 0.000 inf 8989530.00
1487881676668 642 2 2 140.000 -0.484 17989530.00 17989530.00
1487881676674 643 2 2 140.000 -0.484 inf 5989530.00
1487881676681 644 2 2 140.000 0.000 17989530.00 17989530.00
1487881676688 645 2 2 140.000 -0.484 inf 5989530.00
1487881676695 646 2 2 140.000 0.000 inf 17989530.00
1487881676702 647 2 2 140.000 -0.484 inf 4489530.00
1487881676708 648 3 2 140.000 -0.484 inf 17989530.00
