Serial_number: 0 
Time Data_Count Cycle State Desired_force_(psi) Measured_force_(psi) Toe_sensor Heel_Sensor
1487883492632 0 0 0 140.000 -0.484 8989530.00 5989530.00
1487883492680 1 0 1 140.000 -0.484 8989530.00 5989530.00
1487883492709 2 0 1 140.000 -0.484 8989530.00 5989530.00
1487883492735 3 0 1 140.000 0.000 8989530.00 17989530.00
1487883492766 4 0 1 140.000 -0.484 17989530.00 4489530.00
1487883492798 5 0 1 140.000 -0.484 8989530.00 inf
1487883492815 6 0 1 140.000 -0.484 17989530.00 5989530.00
1487883492831 7 0 1 140.000 -0.484 17989530.00 5989530.00
1487883492850 8 0 1 140.000 0.000 17989530.00 8989530.00
1487883492867 9 0 1 140.000 -0.484 8989530.00 3589530.00
1487883492878 10 0 1 140.000 -0.484 17989530.00 5989530.00
1487883492891 11 0 1 140.000 -0.484 17989530.00 8989530.00
1487883492913 12 0 1 140.000 -0.484 17989530.00 4489530.00
1487883492929 13 0 1 140.000 -0.484 8989530.00 inf
1487883492941 14 0 1 140.000 -0.484 17989530.00 5989530.00
1487883492948 15 0 1 140.000 0.000 inf 5989530.00
1487883492954 16 0 1 140.000 -0.484 17989530.00 8989530.00
1487883492961 17 0 1 140.000 0.000 8989530.00 8989530.00
1487883492968 18 0 1 140.000 -0.484 17989530.00 5989530.00
1487883492975 19 0 1 140.000 -0.484 17989530.00 8989530.00
1487883492982 20 0 1 140.000 -0.484 17989530.00 5989530.00
1487883492989 21 0 1 140.000 -0.484 17989530.00 17989530.00
1487883492995 22 0 1 140.000 -0.484 17989530.00 3589530.00
1487883493002 23 0 1 140.000 -0.484 17989530.00 3589530.00
1487883493009 24 0 1 140.000 0.000 17989530.00 8989530.00
1487883493016 25 0 1 140.000 -0.484 17989530.00 17989530.00
1487883493022 26 0 1 140.000 -0.484 8989530.00 4489530.00
1487883493029 27 0 1 140.000 -0.484 8989530.00 3589530.00
1487883493036 28 0 1 140.000 -0.484 8989530.00 8989530.00
1487883493043 29 0 1 140.000 -0.484 17989530.00 inf
1487883493049 30 0 1 140.000 -0.484 8989530.00 5989530.00
1487883493056 31 0 1 140.000 -0.484 17989530.00 17989530.00
1487883493063 32 0 1 140.000 -0.484 8989530.00 5989530.00
1487883493070 33 0 1 140.000 0.000 17989530.00 17989530.00
1487883493076 34 0 1 140.000 -0.484 17989530.00 4489530.00
1487883493083 35 0 1 140.000 -0.484 17989530.00 5989530.00
1487883493090 36 0 1 140.000 -0.484 17989530.00 4489530.00
1487883493097 37 0 1 140.000 -0.484 17989530.00 inf
1487883493104 38 0 1 140.000 -0.484 17989530.00 inf
1487883493110 39 0 1 140.000 0.000 17989530.00 5989530.00
1487883493117 40 0 1 140.000 -0.484 17989530.00 8989530.00
1487883493125 41 0 1 140.000 0.000 8989530.00 2989530.00
1487883493133 42 0 1 140.000 -0.484 17989530.00 5989530.00
1487883493141 43 0 1 140.000 -0.484 17989530.00 8989530.00
1487883493148 44 0 1 140.000 -0.484 17989530.00 17989530.00
1487883493155 45 0 1 140.000 0.000 17989530.00 5989530.00
1487883493162 46 0 1 140.000 -0.484 17989530.00 3589530.00
1487883493168 47 0 1 140.000 -0.484 8989530.00 5989530.00
1487883493175 48 0 1 140.000 0.000 17989530.00 4489530.00
1487883493182 49 0 1 140.000 0.000 8989530.00 8989530.00
1487883493189 50 0 1 140.000 -0.484 17989530.00 5989530.00
1487883493195 51 0 1 140.000 -0.484 17989530.00 4489530.00
1487883493202 52 0 1 140.000 -0.484 17989530.00 3589530.00
1487883493209 53 0 1 140.000 -0.484 17989530.00 5989530.00
1487883493216 54 0 1 140.000 -0.484 17989530.00 5989530.00
1487883493222 55 0 1 140.000 -0.484 5989530.00 8989530.00
1487883493229 56 0 1 140.000 -0.484 17989530.00 4489530.00
1487883493236 57 0 1 140.000 0.000 inf 4489530.00
1487883493243 58 0 1 140.000 0.000 17989530.00 3589530.00
1487883493249 59 0 1 140.000 -0.484 17989530.00 5989530.00
1487883493256 60 0 1 140.000 0.000 17989530.00 4489530.00
1487883493263 61 0 1 140.000 -0.484 17989530.00 3589530.00
1487883493270 62 0 1 140.000 -0.484 17989530.00 3589530.00
1487883493276 63 0 1 140.000 -0.484 inf 17989530.00
1487883493283 64 0 1 140.000 -0.484 17989530.00 4489530.00
1487883493290 65 0 1 140.000 -0.484 17989530.00 3589530.00
1487883493297 66 0 1 140.000 0.000 17989530.00 8989530.00
1487883493304 67 0 1 140.000 -0.484 17989530.00 4489530.00
1487883493310 68 0 1 140.000 -0.484 inf 8989530.00
1487883493317 69 0 1 140.000 -0.484 17989530.00 8989530.00
1487883493324 70 0 1 140.000 -0.484 17989530.00 2989530.00
1487883493331 71 0 1 140.000 -0.484 17989530.00 3589530.00
1487883493338 72 0 1 140.000 -0.484 17989530.00 5989530.00
1487883493345 73 0 1 140.000 -0.484 inf 8989530.00
1487883493351 74 0 1 140.000 0.000 8989530.00 inf
1487883493358 75 0 1 140.000 -0.484 inf 5989530.00
1487883493365 76 0 1 140.000 -0.484 17989530.00 4489530.00
1487883493373 77 0 1 140.000 -0.484 8989530.00 4489530.00
1487883493381 78 0 1 140.000 -0.484 17989530.00 3589530.00
1487883493388 79 0 1 140.000 -0.484 17989530.00 8989530.00
1487883493396 80 0 1 140.000 0.000 8989530.00 17989530.00
1487883493405 81 0 1 140.000 -0.484 17989530.00 17989530.00
1487883493413 82 0 1 140.000 -0.484 17989530.00 4489530.00
1487883493425 83 0 1 140.000 -0.484 8989530.00 5989530.00
1487883493441 84 0 1 140.000 -0.484 8989530.00 3589530.00
1487883493452 85 0 1 140.000 0.000 5989530.00 4489530.00
1487883493466 86 0 1 140.000 0.000 17989530.00 8989530.00
1487883493475 87 0 1 140.000 -0.484 17989530.00 8989530.00
1487883493483 88 0 1 140.000 -0.484 17989530.00 3589530.00
1487883493492 89 0 1 140.000 0.000 17989530.00 17989530.00
1487883493499 90 0 1 140.000 0.000 17989530.00 5989530.00
1487883493508 91 0 1 140.000 -0.484 17989530.00 2989530.00
1487883493517 92 0 1 140.000 0.000 17989530.00 5989530.00
1487883493523 93 0 1 140.000 0.000 8989530.00 inf
1487883493532 94 0 1 140.000 0.000 17989530.00 17989530.00
1487883493539 95 0 1 140.000 -0.484 17989530.00 5989530.00
1487883493547 96 0 1 140.000 0.000 inf 8989530.00
1487883493556 97 0 1 140.000 0.000 inf 5989530.00
1487883493563 98 0 1 140.000 -0.484 17989530.00 5989530.00
1487883493571 99 0 1 140.000 -0.484 17989530.00 5989530.00
1487883493578 100 0 1 140.000 -0.484 17989530.00 4489530.00
1487883493585 101 0 1 140.000 -0.484 8989530.00 4489530.00
1487883493594 102 0 1 140.000 -0.484 17989530.00 5989530.00
1487883493601 103 0 1 140.000 -0.484 17989530.00 inf
1487883493607 104 0 1 140.000 -0.484 17989530.00 3589530.00
1487883493614 105 0 1 140.000 -0.484 17989530.00 5989530.00
1487883493621 106 0 1 140.000 0.000 17989530.00 8989530.00
1487883493628 107 0 1 140.000 -0.484 17989530.00 5989530.00
1487883493636 108 0 1 140.000 -0.484 17989530.00 5989530.00
1487883493643 109 0 1 140.000 0.000 inf 4489530.00
1487883493650 110 0 1 140.000 -0.484 inf 5989530.00
1487883493657 111 0 1 140.000 -0.484 17989530.00 5989530.00
1487883493663 112 0 1 140.000 0.000 17989530.00 4489530.00
1487883493670 113 0 1 140.000 -0.484 17989530.00 8989530.00
1487883493677 114 0 1 140.000 0.000 17989530.00 5989530.00
1487883493684 115 0 1 140.000 -0.484 17989530.00 5989530.00
1487883493691 116 0 1 140.000 -0.484 17989530.00 5989530.00
1487883493698 117 0 1 140.000 -0.484 17989530.00 5989530.00
1487883493704 118 0 1 140.000 -0.484 inf 5989530.00
1487883493711 119 0 1 140.000 -0.484 17989530.00 4489530.00
1487883493718 120 0 1 140.000 -0.484 17989530.00 8989530.00
1487883493725 121 0 1 140.000 -0.484 17989530.00 8989530.00
1487883493731 122 0 1 140.000 -0.484 5989530.00 4489530.00
1487883493738 123 0 1 140.000 -0.484 17989530.00 5989530.00
1487883493745 124 0 1 140.000 -0.484 17989530.00 5989530.00
1487883493752 125 0 1 140.000 -0.484 17989530.00 4489530.00
1487883493759 126 0 1 140.000 0.000 17989530.00 2989530.00
1487883493765 127 0 1 140.000 -0.484 5989530.00 17989530.00
1487883493772 128 0 1 140.000 0.000 17989530.00 3589530.00
1487883493779 129 0 1 140.000 -0.484 17989530.00 5989530.00
1487883493786 130 0 1 140.000 0.000 17989530.00 5989530.00
1487883493792 131 0 1 140.000 -0.484 17989530.00 4489530.00
1487883493799 132 0 1 140.000 -0.484 17989530.00 5989530.00
1487883493806 133 0 1 140.000 0.000 17989530.00 17989530.00
1487883493813 134 0 1 140.000 -0.484 8989530.00 3589530.00
1487883493819 135 0 1 140.000 -0.484 17989530.00 2989530.00
1487883493826 136 0 1 140.000 0.000 17989530.00 8989530.00
1487883493833 137 0 1 140.000 -0.484 17989530.00 inf
1487883493840 138 0 1 140.000 0.000 17989530.00 3589530.00
1487883493847 139 0 1 140.000 -0.484 17989530.00 5989530.00
1487883493854 140 0 1 140.000 -0.484 17989530.00 3589530.00
1487883493861 141 0 1 140.000 -0.484 8989530.00 inf
1487883493867 142 0 1 140.000 0.000 17989530.00 3589530.00
1487883493874 143 0 1 140.000 -0.484 inf 4489530.00
1487883493881 144 0 1 140.000 -0.484 17989530.00 5989530.00
1487883493888 145 0 1 140.000 -0.484 17989530.00 5989530.00
1487883493894 146 0 1 140.000 0.000 17989530.00 17989530.00
1487883493903 147 0 1 140.000 -0.484 inf 8989530.00
1487883493910 148 0 1 140.000 0.000 17989530.00 5989530.00
1487883493917 149 0 1 140.000 -0.484 17989530.00 8989530.00
1487883493924 150 0 1 140.000 -0.484 17989530.00 4489530.00
1487883493930 151 0 1 140.000 -0.484 17989530.00 3589530.00
1487883493937 152 0 1 140.000 0.000 17989530.00 4489530.00
1487883493944 153 0 1 140.000 0.000 17989530.00 8989530.00
1487883493951 154 0 1 140.000 -0.484 8989530.00 5989530.00
1487883493957 155 0 1 140.000 0.000 8989530.00 4489530.00
1487883493964 156 0 1 140.000 -0.484 17989530.00 inf
1487883493971 157 0 1 140.000 0.000 17989530.00 3589530.00
1487883493978 158 0 1 140.000 -0.484 8989530.00 5989530.00
1487883493984 159 0 1 140.000 -0.484 17989530.00 17989530.00
1487883493991 160 0 1 140.000 -0.484 inf 8989530.00
1487883493998 161 0 1 140.000 0.000 17989530.00 4489530.00
1487883494005 162 0 1 140.000 -0.484 17989530.00 4489530.00
1487883494011 163 0 1 140.000 -0.484 17989530.00 3589530.00
1487883494018 164 0 1 140.000 -0.484 8989530.00 3589530.00
1487883494025 165 0 1 140.000 -0.484 17989530.00 17989530.00
1487883494032 166 0 1 140.000 -0.484 inf 5989530.00
1487883494039 167 0 1 140.000 0.000 17989530.00 5989530.00
1487883494045 168 0 1 140.000 0.000 17989530.00 8989530.00
1487883494052 169 0 1 140.000 -0.484 17989530.00 5989530.00
1487883494059 170 0 1 140.000 -0.484 17989530.00 4489530.00
1487883494066 171 0 1 140.000 -0.484 8989530.00 5989530.00
1487883494072 172 0 1 140.000 0.000 8989530.00 4489530.00
1487883494079 173 0 1 140.000 -0.484 inf 17989530.00
1487883494086 174 0 1 140.000 -0.484 8989530.00 3589530.00
1487883494093 175 0 1 140.000 -0.484 17989530.00 5989530.00
1487883494102 176 0 1 140.000 -0.484 17989530.00 8989530.00
1487883494108 177 0 1 140.000 -0.484 8989530.00 5989530.00
1487883494115 178 0 1 140.000 -0.484 17989530.00 inf
1487883494122 179 0 1 140.000 0.000 5989530.00 5989530.00
1487883494129 180 0 1 140.000 -0.484 17989530.00 4489530.00
1487883494138 181 0 1 140.000 -0.484 17989530.00 4489530.00
1487883494144 182 0 1 140.000 -0.484 17989530.00 17989530.00
1487883494151 183 0 1 140.000 -0.484 8989530.00 5989530.00
1487883494158 184 0 1 140.000 -0.484 17989530.00 8989530.00
1487883494165 185 0 1 140.000 0.000 17989530.00 5989530.00
1487883494171 186 0 1 140.000 -0.484 17989530.00 8989530.00
1487883494178 187 0 1 140.000 -0.484 8989530.00 5989530.00
1487883494185 188 0 1 140.000 0.000 17989530.00 4489530.00
1487883494192 189 0 1 140.000 0.000 inf 4489530.00
1487883494198 190 0 1 140.000 0.000 8989530.00 8989530.00
1487883494205 191 0 1 140.000 -0.484 17989530.00 5989530.00
1487883494212 192 0 1 140.000 -0.484 17989530.00 4489530.00
1487883494219 193 0 1 140.000 -0.484 17989530.00 4489530.00
1487883494225 194 0 1 140.000 -0.484 17989530.00 17989530.00
1487883494235 195 0 1 140.000 0.000 17989530.00 2989530.00
1487883494242 196 0 1 140.000 -0.484 17989530.00 5989530.00
1487883494249 197 0 1 140.000 -0.484 8989530.00 4489530.00
1487883494257 198 0 1 140.000 0.000 17989530.00 3589530.00
1487883494263 199 0 1 140.000 -0.484 5989530.00 4489530.00
1487883494270 200 0 1 140.000 -0.484 5989530.00 17989530.00
1487883494277 201 0 1 140.000 -0.484 17989530.00 17989530.00
1487883494284 202 0 1 140.000 -0.484 8989530.00 5989530.00
1487883494291 203 0 1 140.000 0.000 17989530.00 8989530.00
1487883494297 204 0 1 140.000 -0.484 17989530.00 5989530.00
1487883494304 205 0 1 140.000 -0.484 inf 3589530.00
1487883494311 206 0 1 140.000 -0.484 inf 4489530.00
1487883494318 207 0 1 140.000 -0.484 17989530.00 4489530.00
1487883494325 208 0 1 140.000 -0.484 inf 8989530.00
1487883494331 209 0 1 140.000 -0.484 8989530.00 3589530.00
1487883494338 210 0 1 140.000 0.000 17989530.00 8989530.00
1487883494345 211 0 1 140.000 -0.484 17989530.00 8989530.00
1487883494352 212 0 1 140.000 -0.484 17989530.00 17989530.00
1487883494359 213 0 1 140.000 -0.484 8989530.00 5989530.00
1487883494365 214 0 1 140.000 0.000 17989530.00 8989530.00
1487883494372 215 0 1 140.000 -0.484 17989530.00 17989530.00
1487883494379 216 0 1 140.000 -0.484 8989530.00 5989530.00
1487883494386 217 0 1 140.000 -0.484 17989530.00 5989530.00
1487883494393 218 0 1 140.000 0.000 17989530.00 3589530.00
1487883494399 219 0 1 140.000 -0.484 4489530.00 4489530.00
1487883494407 220 0 1 140.000 0.000 8989530.00 8989530.00
1487883494414 221 0 1 140.000 -0.484 inf 5989530.00
1487883494420 222 0 1 140.000 -0.484 17989530.00 8989530.00
1487883494427 223 0 1 140.000 -0.484 5989530.00 inf
1487883494434 224 0 1 140.000 -0.484 17989530.00 17989530.00
1487883494441 225 0 1 140.000 0.000 17989530.00 4489530.00
1487883494447 226 0 1 140.000 -0.484 8989530.00 5989530.00
1487883494454 227 0 1 140.000 -0.484 inf 17989530.00
1487883494461 228 0 1 140.000 -0.484 inf 8989530.00
1487883494468 229 0 1 140.000 -0.484 8989530.00 4489530.00
1487883494474 230 0 1 140.000 -0.484 17989530.00 3589530.00
1487883494481 231 0 1 140.000 -0.484 17989530.00 8989530.00
1487883494488 232 0 1 140.000 0.000 inf 17989530.00
1487883494495 233 0 1 140.000 0.000 17989530.00 5989530.00
1487883494501 234 0 1 140.000 -0.484 inf 4489530.00
1487883494508 235 0 1 140.000 0.000 8989530.00 4489530.00
1487883494515 236 0 1 140.000 -0.484 17989530.00 17989530.00
1487883494522 237 0 1 140.000 -0.484 17989530.00 8989530.00
1487883494528 238 0 1 140.000 0.000 17989530.00 8989530.00
1487883494535 239 0 1 140.000 -0.484 8989530.00 5989530.00
1487883494542 240 0 1 140.000 -0.484 17989530.00 8989530.00
1487883494549 241 0 1 140.000 -0.484 17989530.00 4489530.00
1487883494555 242 0 1 140.000 -0.484 8989530.00 8989530.00
1487883494562 243 0 1 140.000 0.000 inf 17989530.00
1487883494569 244 0 1 140.000 0.000 17989530.00 5989530.00
1487883494576 245 0 1 140.000 -0.484 8989530.00 4489530.00
1487883494582 246 0 1 140.000 -0.484 inf 5989530.00
1487883494589 247 0 1 140.000 -0.484 17989530.00 5989530.00
1487883494596 248 0 1 140.000 0.000 17989530.00 inf
1487883494603 249 0 1 140.000 -0.484 17989530.00 5989530.00
1487883494609 250 0 1 140.000 0.000 17989530.00 17989530.00
1487883494616 251 0 1 140.000 -0.484 17989530.00 5989530.00
1487883494623 252 0 1 140.000 -0.484 17989530.00 4489530.00
1487883494630 253 0 1 140.000 0.000 17989530.00 5989530.00
1487883494637 254 0 1 140.000 -0.484 17989530.00 4489530.00
1487883494643 255 0 1 140.000 -0.484 17989530.00 4489530.00
1487883494650 256 0 1 140.000 -0.484 17989530.00 5989530.00
1487883494657 257 0 1 140.000 -0.484 17989530.00 5989530.00
1487883494664 258 0 1 140.000 -0.484 17989530.00 8989530.00
1487883494670 259 0 1 140.000 0.000 17989530.00 5989530.00
1487883494677 260 0 1 140.000 -0.484 17989530.00 4489530.00
1487883494684 261 0 1 140.000 -0.484 17989530.00 5989530.00
1487883494691 262 0 1 140.000 0.000 8989530.00 3589530.00
1487883494697 263 0 1 140.000 -0.484 17989530.00 5989530.00
1487883494704 264 0 1 140.000 0.000 17989530.00 2989530.00
1487883494711 265 0 1 140.000 -0.484 17989530.00 5989530.00
1487883494718 266 0 1 140.000 -0.484 17989530.00 17989530.00
1487883494724 267 0 1 140.000 -0.484 8989530.00 4489530.00
1487883494731 268 0 1 140.000 -0.484 8989530.00 5989530.00
1487883494740 269 0 1 140.000 -0.484 inf 3589530.00
1487883494746 270 0 1 140.000 -0.484 inf 5989530.00
1487883494753 271 0 1 140.000 0.000 inf 3589530.00
1487883494760 272 0 1 140.000 -0.484 inf 17989530.00
1487883494767 273 0 1 140.000 0.000 17989530.00 5989530.00
1487883494773 274 0 1 140.000 0.000 17989530.00 8989530.00
1487883494780 275 0 1 140.000 0.000 17989530.00 inf
1487883494787 276 0 1 140.000 -0.484 5989530.00 inf
1487883494794 277 0 1 140.000 0.000 17989530.00 8989530.00
1487883494800 278 0 1 140.000 -0.484 17989530.00 2560958.57
1487883494807 279 0 1 140.000 -0.484 17989530.00 8989530.00
1487883494814 280 0 1 140.000 -0.484 8989530.00 5989530.00
1487883494821 281 0 1 140.000 -0.484 17989530.00 4489530.00
1487883494828 282 0 1 140.000 -0.484 8989530.00 5989530.00
1487883494834 283 0 1 140.000 0.000 17989530.00 3589530.00
1487883494841 284 0 1 140.000 -0.484 17989530.00 5989530.00
1487883494848 285 0 1 140.000 -0.484 8989530.00 4489530.00
1487883494855 286 0 1 140.000 0.000 inf 5989530.00
1487883494862 287 0 1 140.000 -0.484 17989530.00 5989530.00
1487883494869 288 0 1 140.000 -0.484 17989530.00 17989530.00
1487883494876 289 0 1 140.000 -0.484 8989530.00 17989530.00
1487883494883 290 0 1 140.000 -0.484 17989530.00 5989530.00
1487883494890 291 0 1 140.000 -0.484 17989530.00 8989530.00
1487883494897 292 0 1 140.000 -0.484 17989530.00 5989530.00
1487883494903 293 0 1 140.000 -0.484 17989530.00 3589530.00
1487883494910 294 0 1 140.000 -0.484 17989530.00 8989530.00
1487883494917 295 0 1 140.000 0.000 17989530.00 4489530.00
1487883494924 296 0 1 140.000 -0.484 8989530.00 5989530.00
1487883494931 297 0 1 140.000 0.000 17989530.00 5989530.00
1487883494937 298 0 1 140.000 -0.484 8989530.00 5989530.00
1487883494944 299 0 1 140.000 -0.484 17989530.00 5989530.00
1487883494951 300 0 1 140.000 -0.484 17989530.00 inf
1487883494958 301 0 1 140.000 -0.484 5989530.00 17989530.00
1487883494964 302 0 1 140.000 -0.484 17989530.00 5989530.00
1487883494971 303 0 1 140.000 -0.484 17989530.00 5989530.00
1487883494978 304 0 1 140.000 -0.484 17989530.00 5989530.00
1487883494985 305 0 1 140.000 -0.484 17989530.00 8989530.00
1487883494992 306 0 1 140.000 -0.484 17989530.00 3589530.00
1487883494998 307 0 1 140.000 -0.484 17989530.00 4489530.00
1487883495005 308 0 1 140.000 -0.484 8989530.00 5989530.00
1487883495012 309 0 1 140.000 -0.484 5989530.00 8989530.00
1487883495019 310 0 1 140.000 -0.484 17989530.00 3589530.00
1487883495025 311 0 1 140.000 0.000 17989530.00 5989530.00
1487883495032 312 0 1 140.000 0.000 17989530.00 8989530.00
1487883495039 313 0 1 140.000 -0.484 17989530.00 3589530.00
1487883495046 314 0 1 140.000 -0.484 17989530.00 5989530.00
1487883495052 315 0 1 140.000 -0.484 17989530.00 5989530.00
1487883495059 316 0 1 140.000 -0.484 17989530.00 5989530.00
1487883495066 317 0 1 140.000 -0.484 17989530.00 17989530.00
1487883495073 318 0 1 140.000 -0.484 17989530.00 5989530.00
1487883495079 319 0 1 140.000 -0.484 17989530.00 5989530.00
1487883495086 320 0 1 140.000 -0.484 8989530.00 4489530.00
1487883495093 321 0 1 140.000 -0.484 17989530.00 5989530.00
1487883495100 322 0 1 140.000 -0.484 inf 4489530.00
1487883495106 323 0 1 140.000 -0.484 inf inf
1487883495113 324 0 1 140.000 -0.484 8989530.00 5989530.00
1487883495120 325 0 1 140.000 -0.484 17989530.00 17989530.00
1487883495127 326 0 1 140.000 -0.484 5989530.00 17989530.00
1487883495133 327 0 1 140.000 -0.484 17989530.00 4489530.00
1487883495140 328 0 1 140.000 -0.484 17989530.00 5989530.00
1487883495147 329 0 1 140.000 -0.484 8989530.00 3589530.00
1487883495154 330 0 1 140.000 -0.484 17989530.00 8989530.00
1487883495160 331 0 1 140.000 0.000 17989530.00 5989530.00
1487883495167 332 0 1 140.000 -0.484 17989530.00 4489530.00
1487883495174 333 0 1 140.000 -0.484 17989530.00 8989530.00
1487883495181 334 0 1 140.000 -0.484 17989530.00 8989530.00
1487883495187 335 0 1 140.000 -0.484 17989530.00 4489530.00
1487883495194 336 0 1 140.000 -0.484 inf 5989530.00
1487883495201 337 0 1 140.000 -0.484 17989530.00 4489530.00
1487883495208 338 0 1 140.000 0.000 17989530.00 8989530.00
1487883495215 339 0 1 140.000 -0.484 17989530.00 5989530.00
1487883495221 340 0 1 140.000 -0.484 17989530.00 5989530.00
1487883495228 341 0 1 140.000 0.000 17989530.00 4489530.00
1487883495235 342 0 1 140.000 -0.484 17989530.00 5989530.00
1487883495242 343 0 1 140.000 0.000 17989530.00 inf
1487883495249 344 0 1 140.000 -0.484 17989530.00 5989530.00
1487883495256 345 0 1 140.000 -0.484 17989530.00 5989530.00
1487883495262 346 0 1 140.000 -0.484 17989530.00 4489530.00
1487883495269 347 0 1 140.000 -0.484 17989530.00 8989530.00
1487883495276 348 0 1 140.000 -0.484 17989530.00 17989530.00
1487883495283 349 0 1 140.000 0.000 5989530.00 4489530.00
1487883495290 350 0 1 140.000 -0.484 17989530.00 4489530.00
1487883495297 351 0 1 140.000 -0.484 17989530.00 17989530.00
1487883495303 352 0 1 140.000 -0.484 17989530.00 inf
1487883495310 353 0 1 140.000 -0.484 8989530.00 inf
1487883495317 354 0 1 140.000 -0.484 17989530.00 8989530.00
1487883495324 355 0 1 140.000 0.000 17989530.00 8989530.00
1487883495330 356 0 1 140.000 -0.484 17989530.00 3589530.00
1487883495337 357 0 1 140.000 0.000 17989530.00 5989530.00
1487883495344 358 0 1 140.000 0.000 inf 5989530.00
1487883495351 359 0 1 140.000 -0.484 17989530.00 4489530.00
1487883495358 360 0 1 140.000 -0.484 17989530.00 inf
1487883495364 361 0 1 140.000 -0.484 17989530.00 3589530.00
1487883495371 362 0 1 140.000 0.000 17989530.00 inf
1487883495378 363 0 1 140.000 -0.484 17989530.00 inf
1487883495385 364 0 1 140.000 -0.484 5989530.00 3589530.00
1487883495392 365 0 1 140.000 -0.484 inf 5989530.00
1487883495398 366 0 1 140.000 0.000 inf 17989530.00
1487883495405 367 0 1 140.000 -0.484 17989530.00 inf
1487883495412 368 0 1 140.000 -0.484 8989530.00 4489530.00
1487883495419 369 0 1 140.000 -0.484 17989530.00 5989530.00
1487883495425 370 0 1 140.000 -0.484 17989530.00 5989530.00
1487883495432 371 0 1 140.000 -0.484 inf 4489530.00
1487883495439 372 0 1 140.000 -0.969 17989530.00 17989530.00
1487883495446 373 0 1 140.000 0.000 17989530.00 8989530.00
1487883495452 374 0 1 140.000 -0.484 8989530.00 inf
1487883495459 375 0 1 140.000 -0.484 inf 8989530.00
1487883495466 376 0 1 140.000 0.000 17989530.00 8989530.00
1487883495473 377 0 1 140.000 -0.484 17989530.00 3589530.00
1487883495479 378 0 1 140.000 -0.484 17989530.00 8989530.00
1487883495486 379 0 1 140.000 0.000 inf 3589530.00
1487883495493 380 0 1 140.000 -0.484 17989530.00 inf
1487883495500 381 0 1 140.000 -0.484 inf 4489530.00
1487883495506 382 0 1 140.000 -0.484 17989530.00 4489530.00
1487883495513 383 0 1 140.000 -0.484 17989530.00 4489530.00
1487883495520 384 0 1 140.000 -0.484 8989530.00 4489530.00
1487883495527 385 0 1 140.000 0.000 inf 5989530.00
1487883495533 386 0 1 140.000 -0.484 8989530.00 5989530.00
1487883495540 387 0 1 140.000 0.000 17989530.00 17989530.00
1487883495547 388 0 1 140.000 -0.484 17989530.00 3589530.00
1487883495554 389 0 1 140.000 -0.484 8989530.00 4489530.00
1487883495560 390 0 1 140.000 -0.484 17989530.00 5989530.00
1487883495567 391 0 1 140.000 -0.484 17989530.00 5989530.00
1487883495574 392 0 1 140.000 -0.484 inf 8989530.00
1487883495581 393 0 1 140.000 -0.484 inf 4489530.00
1487883495587 394 0 1 140.000 0.000 17989530.00 5989530.00
1487883495594 395 0 1 140.000 -0.484 17989530.00 17989530.00
1487883495601 396 0 1 140.000 -0.484 17989530.00 3589530.00
1487883495608 397 0 1 140.000 -0.484 17989530.00 3589530.00
1487883495615 398 0 1 140.000 -0.484 17989530.00 5989530.00
1487883495621 399 0 1 140.000 -0.484 5989530.00 17989530.00
1487883495628 400 0 1 140.000 -0.484 17989530.00 5989530.00
1487883495635 401 0 1 140.000 -0.484 17989530.00 17989530.00
1487883495642 402 0 1 140.000 -0.484 17989530.00 4489530.00
1487883495648 403 0 1 140.000 -0.484 5989530.00 5989530.00
1487883495655 404 0 1 140.000 -0.484 17989530.00 3589530.00
1487883495662 405 0 1 140.000 0.000 17989530.00 5989530.00
1487883495669 406 0 2 140.000 -0.484 17989530.00 4489530.00
1487883495675 407 0 2 140.000 -0.484 17989530.00 5989530.00
1487883495683 408 0 2 140.000 -0.484 17989530.00 17989530.00
1487883495689 409 0 2 140.000 -0.484 17989530.00 5989530.00
1487883495696 410 0 2 140.000 -0.484 17989530.00 5989530.00
1487883495703 411 0 2 140.000 -0.484 17989530.00 5989530.00
1487883495710 412 0 2 140.000 -0.484 8989530.00 5989530.00
1487883495716 413 0 2 140.000 -0.484 8989530.00 5989530.00
1487883495723 414 0 2 140.000 0.000 inf 3589530.00
1487883495730 415 0 2 140.000 -0.484 17989530.00 8989530.00
1487883495737 416 0 2 140.000 -0.484 17989530.00 4489530.00
1487883495743 417 0 2 140.000 -0.484 17989530.00 4489530.00
1487883495750 418 0 2 140.000 -0.484 8989530.00 4489530.00
1487883495757 419 0 2 140.000 -0.484 17989530.00 5989530.00
1487883495764 420 0 2 140.000 0.000 17989530.00 4489530.00
1487883495771 421 1 2 140.000 -0.484 4489530.00 5989530.00
1487883495779 422 1 1 140.000 -0.484 17989530.00 5989530.00
1487883495785 423 1 1 140.000 -0.484 17989530.00 4489530.00
1487883495799 424 1 1 140.000 0.000 8989530.00 5989530.00
1487883495813 425 1 1 140.000 0.000 17989530.00 3589530.00
1487883495828 426 1 1 140.000 0.000 17989530.00 5989530.00
1487883495840 427 1 1 140.000 -0.484 17989530.00 4489530.00
1487883495848 428 1 1 140.000 -0.484 17989530.00 4489530.00
1487883495854 429 1 1 140.000 -0.484 17989530.00 5989530.00
1487883495861 430 1 1 140.000 0.000 inf 4489530.00
1487883495868 431 1 1 140.000 -0.484 17989530.00 8989530.00
1487883495875 432 1 1 140.000 -0.484 17989530.00 4489530.00
1487883495881 433 1 1 140.000 -0.484 5989530.00 17989530.00
1487883495888 434 1 1 140.000 -0.484 17989530.00 5989530.00
1487883495895 435 1 1 140.000 -0.484 17989530.00 5989530.00
1487883495902 436 1 1 140.000 0.000 17989530.00 8989530.00
1487883495909 437 1 1 140.000 -0.484 inf 5989530.00
1487883495916 438 1 1 140.000 -0.484 17989530.00 5989530.00
1487883495922 439 1 1 140.000 -0.484 8989530.00 5989530.00
1487883495929 440 1 1 140.000 -0.969 17989530.00 5989530.00
1487883495936 441 1 1 140.000 -0.484 17989530.00 8989530.00
1487883495943 442 1 1 140.000 -0.484 17989530.00 inf
1487883495949 443 1 1 140.000 -0.969 inf 4489530.00
1487883495956 444 1 1 140.000 0.000 5989530.00 5989530.00
1487883495963 445 1 1 140.000 -0.484 17989530.00 4489530.00
1487883495970 446 1 1 140.000 17.438 17989530.00 8989530.00
1487883495976 447 1 1 140.000 17.438 17989530.00 5989530.00
1487883495983 448 1 1 140.000 25.189 8989530.00 5989530.00
1487883495990 449 1 1 140.000 31.971 17989530.00 5989530.00
1487883495997 450 1 1 140.000 38.268 8989530.00 4489530.00
1487883496003 451 1 1 140.000 44.081 8989530.00 5989530.00
1487883496010 452 1 1 140.000 49.409 17989530.00 17989530.00
1487883496017 453 1 1 140.000 54.737 inf 4489530.00
1487883496024 454 1 1 140.000 59.581 17989530.00 5989530.00
1487883496031 455 1 1 140.000 63.941 17989530.00 3589530.00
1487883496037 456 1 1 140.000 68.785 5989530.00 5989530.00
1487883496044 457 1 1 140.000 73.145 8989530.00 8989530.00
1487883496051 458 1 1 140.000 77.504 8989530.00 5989530.00
1487883496058 459 1 1 140.000 80.895 17989530.00 4489530.00
1487883496064 460 1 1 140.000 84.286 17989530.00 5989530.00
1487883496071 461 1 1 140.000 87.677 17989530.00 5989530.00
1487883496078 462 1 1 140.000 91.552 17989530.00 5989530.00
1487883496085 463 1 1 140.000 94.458 17989530.00 4489530.00
1487883496091 464 1 1 140.000 96.880 17989530.00 5989530.00
1487883496098 465 1 1 140.000 99.302 17989530.00 3589530.00
1487883496105 466 1 1 140.000 101.724 17989530.00 2989530.00
1487883496112 467 1 1 140.000 104.146 8989530.00 5989530.00
1487883496119 468 1 1 140.000 106.084 8989530.00 17989530.00
1487883496125 469 1 1 140.000 108.506 17989530.00 3589530.00
1487883496132 470 1 1 140.000 109.959 17989530.00 5989530.00
1487883496139 471 1 1 140.000 111.897 17989530.00 inf
1487883496146 472 1 1 140.000 112.866 8989530.00 4489530.00
1487883496152 473 1 1 140.000 114.319 17989530.00 5989530.00
1487883496159 474 1 1 140.000 115.772 8989530.00 5989530.00
1487883496166 475 1 1 140.000 116.741 8989530.00 3589530.00
1487883496173 476 1 1 140.000 117.710 8989530.00 5989530.00
1487883496179 477 1 1 140.000 119.163 17989530.00 5989530.00
1487883496186 478 1 1 140.000 120.132 17989530.00 17989530.00
1487883496193 479 1 1 140.000 121.585 5989530.00 4489530.00
1487883496200 480 1 1 140.000 124.491 17989530.00 4489530.00
1487883496206 481 1 1 140.000 123.038 8989530.00 inf
1487883496213 482 1 1 140.000 122.554 17989530.00 17989530.00
1487883496221 483 1 1 140.000 125.460 17989530.00 5989530.00
1487883496228 484 1 1 140.000 124.976 8989530.00 4489530.00
1487883496236 485 1 1 140.000 126.429 8989530.00 3589530.00
1487883496243 486 1 1 140.000 125.945 17989530.00 inf
1487883496250 487 1 1 140.000 127.882 17989530.00 5989530.00
1487883496256 488 1 1 140.000 127.398 inf 5989530.00
1487883496263 489 1 1 140.000 128.367 17989530.00 4489530.00
1487883496270 490 1 1 140.000 129.335 17989530.00 5989530.00
1487883496277 491 1 1 140.000 129.820 8989530.00 2989530.00
1487883496284 492 1 1 140.000 129.820 17989530.00 8989530.00
1487883496291 493 1 1 140.000 131.273 17989530.00 8989530.00
1487883496297 494 1 1 140.000 130.789 17989530.00 4489530.00
1487883496304 495 1 1 140.000 130.304 17989530.00 5989530.00
1487883496311 496 1 1 140.000 130.789 17989530.00 inf
1487883496318 497 1 1 140.000 130.789 17989530.00 5989530.00
1487883496324 498 1 1 140.000 131.273 17989530.00 5989530.00
1487883496331 499 1 1 140.000 131.273 8989530.00 5989530.00
1487883496338 500 1 1 140.000 131.757 8989530.00 5989530.00
1487883496345 501 1 1 140.000 131.757 17989530.00 5989530.00
1487883496352 502 1 1 140.000 132.242 17989530.00 8989530.00
1487883496359 503 1 1 140.000 131.757 17989530.00 3589530.00
1487883496367 504 1 1 140.000 132.242 17989530.00 8989530.00
1487883496374 505 1 1 140.000 132.242 17989530.00 4489530.00
1487883496381 506 1 1 140.000 132.242 5989530.00 3589530.00
1487883496389 507 1 1 140.000 133.211 17989530.00 4489530.00
1487883496395 508 1 1 140.000 132.242 17989530.00 3589530.00
1487883496402 509 1 1 140.000 132.726 17989530.00 5989530.00
1487883496409 510 1 1 140.000 132.726 17989530.00 4489530.00
1487883496417 511 1 1 140.000 132.242 17989530.00 5989530.00
1487883496423 512 1 1 140.000 132.726 17989530.00 5989530.00
1487883496430 513 1 1 140.000 133.211 17989530.00 5989530.00
1487883496437 514 1 1 140.000 132.242 8989530.00 4489530.00
1487883496444 515 1 1 140.000 132.242 17989530.00 3589530.00
1487883496451 516 1 1 140.000 132.242 8989530.00 5989530.00
1487883496457 517 1 1 140.000 132.726 8989530.00 5989530.00
1487883496464 518 1 1 140.000 132.726 inf 2989530.00
1487883496471 519 1 1 140.000 132.726 8989530.00 5989530.00
1487883496478 520 1 1 140.000 132.242 17989530.00 3589530.00
1487883496484 521 1 1 140.000 132.242 17989530.00 5989530.00
1487883496491 522 1 1 140.000 132.726 17989530.00 3589530.00
1487883496498 523 1 1 140.000 132.242 inf 5989530.00
1487883496505 524 1 1 140.000 131.757 17989530.00 4489530.00
1487883496511 525 1 1 140.000 132.242 8989530.00 8989530.00
1487883496518 526 1 1 140.000 132.242 5989530.00 5989530.00
1487883496525 527 1 1 140.000 131.757 8989530.00 4489530.00
1487883496532 528 1 1 140.000 132.242 5989530.00 inf
1487883496538 529 1 1 140.000 131.757 8989530.00 3589530.00
1487883496545 530 1 1 140.000 131.757 17989530.00 5989530.00
1487883496552 531 1 1 140.000 131.757 17989530.00 5989530.00
1487883496559 532 1 1 140.000 131.757 17989530.00 17989530.00
1487883496565 533 1 1 140.000 131.757 8989530.00 3589530.00
1487883496572 534 1 1 140.000 131.757 17989530.00 3589530.00
1487883496579 535 1 1 140.000 131.757 17989530.00 5989530.00
1487883496586 536 1 1 140.000 131.757 17989530.00 17989530.00
1487883496592 537 1 1 140.000 131.757 8989530.00 5989530.00
1487883496599 538 1 1 140.000 131.757 8989530.00 3589530.00
1487883496606 539 1 1 140.000 131.757 17989530.00 8989530.00
1487883496613 540 1 1 140.000 131.273 8989530.00 5989530.00
1487883496619 541 1 1 140.000 131.757 8989530.00 8989530.00
1487883496626 542 1 1 140.000 131.757 8989530.00 5989530.00
1487883496633 543 1 1 140.000 131.273 17989530.00 5989530.00
1487883496640 544 1 1 140.000 131.757 17989530.00 4489530.00
1487883496647 545 1 1 140.000 131.273 8989530.00 8989530.00
1487883496653 546 1 1 140.000 131.757 17989530.00 5989530.00
1487883496660 547 1 1 140.000 131.273 8989530.00 3589530.00
1487883496667 548 1 1 140.000 130.789 17989530.00 17989530.00
1487883496674 549 1 1 140.000 131.273 17989530.00 4489530.00
1487883496680 550 1 1 140.000 131.273 17989530.00 2560958.57
1487883496687 551 1 1 140.000 131.273 17989530.00 3589530.00
1487883496694 552 1 1 140.000 130.789 17989530.00 8989530.00
1487883496701 553 1 1 140.000 131.757 8989530.00 3589530.00
1487883496707 554 1 1 140.000 131.757 17989530.00 2989530.00
1487883496714 555 1 1 140.000 131.757 17989530.00 3589530.00
1487883496721 556 1 1 140.000 131.273 8989530.00 3589530.00
1487883496728 557 1 1 140.000 131.273 17989530.00 5989530.00
1487883496734 558 1 1 140.000 131.273 17989530.00 5989530.00
1487883496741 559 1 1 140.000 131.273 17989530.00 4489530.00
1487883496748 560 1 1 140.000 131.757 8989530.00 3589530.00
1487883496755 561 1 1 140.000 131.273 5989530.00 5989530.00
1487883496762 562 1 1 140.000 131.273 17989530.00 4489530.00
1487883496768 563 1 1 140.000 131.273 17989530.00 2989530.00
1487883496775 564 1 1 140.000 131.273 8989530.00 2989530.00
1487883496782 565 1 1 140.000 131.757 17989530.00 2560958.57
1487883496789 566 1 1 140.000 131.757 17989530.00 5989530.00
1487883496795 567 1 1 140.000 131.273 inf 5989530.00
1487883496802 568 1 1 140.000 131.273 17989530.00 3589530.00
1487883496809 569 1 1 140.000 131.757 8989530.00 4489530.00
1487883496816 570 1 1 140.000 131.273 17989530.00 8989530.00
1487883496822 571 1 1 140.000 131.757 8989530.00 3589530.00
1487883496829 572 1 1 140.000 131.757 17989530.00 5989530.00
1487883496836 573 1 1 140.000 131.757 17989530.00 4489530.00
1487883496849 574 1 1 140.000 131.273 17989530.00 4489530.00
1487883496864 575 1 1 140.000 131.757 17989530.00 3589530.00
1487883496878 576 1 1 140.000 131.757 inf 8989530.00
1487883496890 577 1 1 140.000 131.273 17989530.00 5989530.00
1487883496903 578 1 1 140.000 131.757 8989530.00 5989530.00
1487883496917 579 1 1 140.000 131.757 8989530.00 5989530.00
1487883496926 580 1 1 140.000 132.242 17989530.00 4489530.00
1487883496933 581 1 1 140.000 131.757 17989530.00 3589530.00
1487883496940 582 1 1 140.000 131.757 17989530.00 4489530.00
1487883496946 583 1 1 140.000 131.757 17989530.00 4489530.00
1487883496953 584 1 1 140.000 131.757 5989530.00 4489530.00
1487883496960 585 1 1 140.000 132.242 8989530.00 3589530.00
1487883496967 586 1 1 140.000 131.757 8989530.00 5989530.00
1487883496973 587 1 1 140.000 131.757 8989530.00 4489530.00
1487883496980 588 1 1 140.000 131.757 17989530.00 5989530.00
1487883496987 589 1 1 140.000 131.757 8989530.00 5989530.00
1487883496994 590 1 1 140.000 132.242 17989530.00 4489530.00
1487883497001 591 1 1 140.000 131.757 8989530.00 17989530.00
1487883497007 592 1 1 140.000 131.757 17989530.00 2989530.00
1487883497014 593 1 1 140.000 131.757 8989530.00 5989530.00
1487883497021 594 1 1 140.000 131.757 inf 4489530.00
1487883497028 595 1 1 140.000 131.757 5989530.00 4489530.00
1487883497035 596 1 1 140.000 132.242 inf 3589530.00
1487883497041 597 1 1 140.000 131.757 17989530.00 17989530.00
1487883497048 598 1 1 140.000 132.242 17989530.00 8989530.00
1487883497055 599 1 1 140.000 131.757 17989530.00 5989530.00
1487883497062 600 1 1 140.000 131.757 inf 4489530.00
1487883497068 601 1 1 140.000 131.757 17989530.00 2989530.00
1487883497075 602 1 1 140.000 131.757 5989530.00 5989530.00
1487883497082 603 1 1 140.000 131.757 inf 3589530.00
1487883497089 604 1 1 140.000 131.757 8989530.00 5989530.00
1487883497095 605 1 1 140.000 131.757 17989530.00 8989530.00
1487883497102 606 1 1 140.000 131.757 17989530.00 4489530.00
1487883497109 607 1 1 140.000 132.242 17989530.00 8989530.00
1487883497116 608 1 1 140.000 131.757 17989530.00 8989530.00
1487883497122 609 1 1 140.000 131.757 inf 3589530.00
1487883497129 610 1 1 140.000 131.757 17989530.00 4489530.00
1487883497136 611 1 1 140.000 131.757 17989530.00 4489530.00
1487883497143 612 1 1 140.000 131.757 17989530.00 5989530.00
1487883497149 613 1 1 140.000 132.242 8989530.00 4489530.00
1487883497156 614 1 1 140.000 131.757 8989530.00 4489530.00
1487883497163 615 1 1 140.000 131.757 8989530.00 4489530.00
1487883497170 616 1 1 140.000 131.757 8989530.00 3589530.00
1487883497176 617 1 1 140.000 131.757 8989530.00 3589530.00
1487883497183 618 1 1 140.000 131.757 17989530.00 5989530.00
1487883497190 619 1 1 140.000 131.757 17989530.00 3589530.00
1487883497197 620 1 1 140.000 131.757 17989530.00 2989530.00
1487883497203 621 1 1 140.000 131.757 17989530.00 2989530.00
1487883497210 622 1 1 140.000 131.757 17989530.00 17989530.00
1487883497217 623 1 1 140.000 131.757 17989530.00 3589530.00
1487883497224 624 1 1 140.000 131.757 17989530.00 4489530.00
1487883497230 625 1 1 140.000 131.757 17989530.00 4489530.00
1487883497237 626 1 1 140.000 131.757 8989530.00 5989530.00
1487883497244 627 1 1 140.000 131.757 17989530.00 3589530.00
1487883497251 628 1 1 140.000 131.757 8989530.00 4489530.00
1487883497258 629 1 1 140.000 131.757 17989530.00 5989530.00
1487883497264 630 1 1 140.000 131.757 17989530.00 3589530.00
1487883497271 631 1 1 140.000 131.273 8989530.00 3589530.00
1487883497278 632 1 1 140.000 131.757 17989530.00 2989530.00
1487883497285 633 1 1 140.000 131.757 8989530.00 17989530.00
1487883497292 634 1 1 140.000 131.757 17989530.00 2989530.00
1487883497298 635 1 1 140.000 131.757 8989530.00 4489530.00
1487883497305 636 1 1 140.000 131.273 17989530.00 17989530.00
1487883497312 637 1 1 140.000 131.757 17989530.00 2989530.00
1487883497319 638 1 1 140.000 131.757 17989530.00 5989530.00
1487883497325 639 1 1 140.000 131.757 17989530.00 5989530.00
1487883497332 640 1 1 140.000 131.273 17989530.00 17989530.00
1487883497339 641 1 1 140.000 131.757 17989530.00 8989530.00
1487883497346 642 1 1 140.000 131.273 17989530.00 4489530.00
1487883497352 643 1 1 140.000 131.757 17989530.00 5989530.00
1487883497359 644 1 1 140.000 131.757 17989530.00 5989530.00
1487883497366 645 1 1 140.000 131.757 8989530.00 5989530.00
1487883497373 646 1 1 140.000 131.757 17989530.00 3589530.00
1487883497379 647 1 1 140.000 131.757 17989530.00 5989530.00
1487883497386 648 1 1 140.000 131.757 17989530.00 4489530.00
1487883497393 649 1 1 140.000 131.757 17989530.00 4489530.00
1487883497400 650 1 1 140.000 131.273 17989530.00 2989530.00
1487883497406 651 1 1 140.000 131.757 17989530.00 5989530.00
1487883497413 652 1 1 140.000 131.273 17989530.00 4489530.00
1487883497420 653 1 1 140.000 131.757 17989530.00 5989530.00
1487883497427 654 1 1 140.000 131.757 17989530.00 5989530.00
1487883497434 655 1 1 140.000 131.757 8989530.00 3589530.00
1487883497440 656 1 1 140.000 131.757 17989530.00 5989530.00
1487883497447 657 1 1 140.000 131.273 17989530.00 4489530.00
1487883497454 658 1 1 140.000 131.757 8989530.00 3589530.00
1487883497461 659 1 1 140.000 131.273 8989530.00 5989530.00
1487883497468 660 1 1 140.000 131.757 8989530.00 5989530.00
1487883497474 661 1 1 140.000 131.273 17989530.00 4489530.00
1487883497481 662 1 1 140.000 131.757 inf 17989530.00
1487883497488 663 1 1 140.000 131.757 8989530.00 3589530.00
1487883497495 664 1 1 140.000 131.757 17989530.00 17989530.00
1487883497501 665 1 1 140.000 131.273 8989530.00 5989530.00
1487883497508 666 1 1 140.000 131.757 17989530.00 17989530.00
1487883497515 667 1 1 140.000 131.273 8989530.00 4489530.00
1487883497522 668 1 1 140.000 131.757 8989530.00 2989530.00
1487883497529 669 1 1 140.000 131.757 5989530.00 5989530.00
1487883497535 670 1 1 140.000 131.757 17989530.00 3589530.00
1487883497542 671 1 1 140.000 131.273 17989530.00 17989530.00
1487883497549 672 1 1 140.000 131.757 8989530.00 5989530.00
1487883497556 673 1 1 140.000 131.757 17989530.00 3589530.00
1487883497562 674 1 1 140.000 131.757 8989530.00 17989530.00
1487883497569 675 1 1 140.000 131.757 17989530.00 5989530.00
1487883497576 676 1 1 140.000 131.273 8989530.00 3589530.00
1487883497583 677 1 1 140.000 131.273 17989530.00 5989530.00
1487883497589 678 1 1 140.000 131.757 17989530.00 4489530.00
1487883497596 679 1 1 140.000 131.757 17989530.00 5989530.00
1487883497603 680 1 1 140.000 130.789 8989530.00 8989530.00
1487883497610 681 1 1 140.000 131.757 17989530.00 4489530.00
1487883497617 682 1 1 140.000 131.273 17989530.00 4489530.00
1487883497624 683 1 1 140.000 131.273 17989530.00 4489530.00
1487883497631 684 1 1 140.000 131.757 17989530.00 3589530.00
1487883497637 685 1 1 140.000 131.273 17989530.00 4489530.00
1487883497644 686 1 1 140.000 131.273 8989530.00 3589530.00
1487883497651 687 1 1 140.000 131.273 17989530.00 5989530.00
1487883497658 688 1 1 140.000 131.273 inf 8989530.00
1487883497664 689 1 1 140.000 131.273 17989530.00 2989530.00
1487883497671 690 1 1 140.000 131.273 8989530.00 4489530.00
1487883497678 691 1 1 140.000 131.273 17989530.00 4489530.00
1487883497685 692 1 1 140.000 131.273 17989530.00 3589530.00
1487883497692 693 1 1 140.000 131.273 17989530.00 5989530.00
1487883497699 694 1 1 140.000 131.273 17989530.00 3589530.00
1487883497706 695 1 1 140.000 131.273 17989530.00 4489530.00
1487883497712 696 1 1 140.000 131.273 8989530.00 4489530.00
1487883497719 697 1 1 140.000 131.273 inf 4489530.00
1487883497726 698 1 1 140.000 131.273 17989530.00 5989530.00
1487883497733 699 1 1 140.000 131.273 17989530.00 2989530.00
1487883497739 700 1 1 140.000 131.273 17989530.00 5989530.00
1487883497746 701 1 1 140.000 131.757 8989530.00 4489530.00
1487883497753 702 1 1 140.000 130.789 inf 5989530.00
1487883497760 703 1 1 140.000 131.273 5989530.00 5989530.00
1487883497766 704 1 1 140.000 131.273 17989530.00 5989530.00
1487883497773 705 1 1 140.000 131.757 17989530.00 17989530.00
1487883497780 706 1 1 140.000 131.273 17989530.00 2989530.00
1487883497787 707 1 1 140.000 131.273 8989530.00 3589530.00
1487883497794 708 1 1 140.000 131.273 8989530.00 4489530.00
1487883497800 709 1 1 140.000 131.273 inf 4489530.00
1487883497807 710 1 1 140.000 131.273 17989530.00 2989530.00
1487883497814 711 1 1 140.000 131.273 17989530.00 17989530.00
1487883497820 712 1 1 140.000 131.273 8989530.00 2989530.00
1487883497827 713 1 1 140.000 131.273 8989530.00 8989530.00
1487883497835 714 1 1 140.000 130.789 5989530.00 17989530.00
1487883497842 715 1 1 140.000 131.273 8989530.00 5989530.00
1487883497849 716 1 1 140.000 131.273 17989530.00 17989530.00
1487883497856 717 1 1 140.000 131.757 17989530.00 3589530.00
1487883497862 718 1 1 140.000 131.273 17989530.00 17989530.00
1487883497869 719 1 1 140.000 131.273 17989530.00 5989530.00
1487883497876 720 1 1 140.000 131.273 8989530.00 4489530.00
1487883497883 721 1 1 140.000 131.273 8989530.00 5989530.00
1487883497889 722 1 1 140.000 131.273 17989530.00 3589530.00
1487883497896 723 1 1 140.000 131.757 17989530.00 4489530.00
1487883497903 724 1 1 140.000 130.789 8989530.00 5989530.00
1487883497910 725 1 1 140.000 131.273 17989530.00 5989530.00
1487883497916 726 1 1 140.000 130.789 17989530.00 5989530.00
1487883497923 727 1 1 140.000 131.273 17989530.00 inf
1487883497930 728 1 1 140.000 131.273 17989530.00 5989530.00
1487883497937 729 1 1 140.000 131.273 17989530.00 8989530.00
1487883497944 730 1 1 140.000 130.789 17989530.00 4489530.00
1487883497951 731 1 1 140.000 131.757 8989530.00 4489530.00
1487883497957 732 1 1 140.000 131.273 8989530.00 8989530.00
1487883497964 733 1 1 140.000 131.273 17989530.00 3589530.00
1487883497971 734 1 1 140.000 130.789 17989530.00 4489530.00
1487883497978 735 1 1 140.000 131.273 17989530.00 5989530.00
1487883497985 736 1 1 140.000 131.273 17989530.00 4489530.00
1487883497991 737 1 1 140.000 131.273 8989530.00 4489530.00
1487883497998 738 1 1 140.000 131.273 17989530.00 3589530.00
1487883498005 739 1 1 140.000 131.273 17989530.00 2560958.57
1487883498012 740 1 1 140.000 131.757 8989530.00 3589530.00
1487883498018 741 1 1 140.000 131.273 17989530.00 4489530.00
1487883498025 742 1 1 140.000 131.273 8989530.00 5989530.00
1487883498032 743 1 1 140.000 131.273 17989530.00 5989530.00
1487883498039 744 1 1 140.000 130.789 5989530.00 5989530.00
1487883498046 745 1 1 140.000 131.273 17989530.00 4489530.00
1487883498052 746 1 1 140.000 130.789 17989530.00 4489530.00
1487883498059 747 1 1 140.000 130.789 17989530.00 17989530.00
1487883498066 748 1 1 140.000 131.273 17989530.00 5989530.00
1487883498073 749 1 1 140.000 130.789 17989530.00 8989530.00
1487883498079 750 1 1 140.000 131.273 8989530.00 4489530.00
1487883498086 751 1 1 140.000 131.757 8989530.00 5989530.00
1487883498093 752 1 1 140.000 131.273 17989530.00 inf
1487883498100 753 1 1 140.000 131.273 8989530.00 inf
1487883498106 754 1 1 140.000 131.273 8989530.00 4489530.00
1487883498113 755 1 1 140.000 131.273 8989530.00 3589530.00
1487883498120 756 1 1 140.000 131.273 8989530.00 5989530.00
1487883498127 757 1 1 140.000 131.273 17989530.00 5989530.00
1487883498133 758 1 1 140.000 131.273 17989530.00 5989530.00
1487883498140 759 1 1 140.000 131.273 8989530.00 17989530.00
1487883498147 760 1 1 140.000 131.757 8989530.00 17989530.00
1487883498154 761 1 1 140.000 130.789 8989530.00 3589530.00
1487883498161 762 1 1 140.000 131.273 8989530.00 3589530.00
1487883498167 763 1 1 140.000 131.757 17989530.00 3589530.00
1487883498174 764 1 1 140.000 131.273 17989530.00 4489530.00
1487883498181 765 1 1 140.000 131.273 5989530.00 5989530.00
1487883498188 766 1 1 140.000 131.273 17989530.00 5989530.00
1487883498195 767 1 1 140.000 131.273 inf 17989530.00
1487883498201 768 1 1 140.000 131.273 5989530.00 4489530.00
1487883498208 769 1 1 140.000 131.273 17989530.00 5989530.00
1487883498215 770 1 1 140.000 131.273 17989530.00 8989530.00
1487883498222 771 1 1 140.000 131.273 17989530.00 4489530.00
1487883498228 772 1 1 140.000 131.273 17989530.00 5989530.00
1487883498235 773 1 1 140.000 131.273 8989530.00 17989530.00
1487883498242 774 1 1 140.000 131.757 17989530.00 5989530.00
1487883498250 775 1 1 140.000 131.273 17989530.00 3589530.00
1487883498256 776 1 1 140.000 131.273 17989530.00 inf
1487883498263 777 1 1 140.000 131.757 8989530.00 4489530.00
1487883498270 778 1 1 140.000 131.273 17989530.00 17989530.00
1487883498277 779 1 1 140.000 131.273 17989530.00 17989530.00
1487883498284 780 1 1 140.000 131.273 8989530.00 4489530.00
1487883498291 781 1 1 140.000 130.789 17989530.00 8989530.00
1487883498297 782 1 1 140.000 131.273 8989530.00 4489530.00
1487883498304 783 1 1 140.000 131.273 17989530.00 17989530.00
1487883498311 784 1 1 140.000 131.273 17989530.00 4489530.00
1487883498318 785 1 1 140.000 131.273 17989530.00 5989530.00
1487883498324 786 1 1 140.000 131.273 8989530.00 5989530.00
1487883498331 787 1 1 140.000 131.273 8989530.00 4489530.00
1487883498338 788 1 1 140.000 131.273 17989530.00 17989530.00
1487883498345 789 1 1 140.000 131.273 8989530.00 8989530.00
1487883498351 790 1 1 140.000 131.273 8989530.00 5989530.00
1487883498358 791 1 1 140.000 131.273 17989530.00 4489530.00
1487883498365 792 1 1 140.000 131.273 17989530.00 3589530.00
1487883498372 793 1 1 140.000 130.789 8989530.00 5989530.00
1487883498378 794 1 1 140.000 131.273 17989530.00 inf
1487883498385 795 1 1 140.000 130.789 17989530.00 5989530.00
1487883498392 796 1 1 140.000 130.789 17989530.00 3589530.00
1487883498399 797 1 1 140.000 131.273 17989530.00 17989530.00
1487883498406 798 1 1 140.000 131.273 inf 8989530.00
1487883498413 799 1 1 140.000 130.789 17989530.00 5989530.00
1487883498419 800 1 1 140.000 131.273 17989530.00 17989530.00
1487883498426 801 1 1 140.000 131.273 8989530.00 8989530.00
1487883498433 802 1 1 140.000 131.273 8989530.00 inf
1487883498440 803 1 1 140.000 130.789 17989530.00 3589530.00
1487883498447 804 1 1 140.000 131.273 8989530.00 5989530.00
1487883498453 805 1 1 140.000 131.273 8989530.00 4489530.00
1487883498460 806 1 1 140.000 131.757 17989530.00 3589530.00
1487883498467 807 1 1 140.000 131.273 8989530.00 4489530.00
1487883498474 808 1 1 140.000 131.273 17989530.00 3589530.00
1487883498480 809 1 1 140.000 131.273 17989530.00 5989530.00
1487883498487 810 1 1 140.000 131.273 17989530.00 8989530.00
1487883498494 811 1 1 140.000 131.273 17989530.00 17989530.00
1487883498501 812 1 1 140.000 131.273 8989530.00 2989530.00
1487883498507 813 1 1 140.000 131.273 8989530.00 5989530.00
1487883498514 814 1 1 140.000 131.273 8989530.00 4489530.00
1487883498521 815 1 1 140.000 131.273 8989530.00 5989530.00
1487883498528 816 1 1 140.000 131.273 5989530.00 4489530.00
1487883498534 817 1 1 140.000 131.273 17989530.00 4489530.00
1487883498541 818 1 1 140.000 131.273 8989530.00 3589530.00
1487883498548 819 1 1 140.000 131.273 17989530.00 4489530.00
1487883498555 820 1 1 140.000 131.273 17989530.00 17989530.00
1487883498562 821 1 1 140.000 130.789 8989530.00 8989530.00
1487883498568 822 1 1 140.000 131.273 8989530.00 17989530.00
1487883498575 823 1 1 140.000 131.273 8989530.00 5989530.00
1487883498582 824 1 1 140.000 130.789 8989530.00 5989530.00
1487883498589 825 1 1 140.000 131.273 8989530.00 17989530.00
1487883498596 826 1 1 140.000 131.273 17989530.00 4489530.00
1487883498602 827 1 1 140.000 131.273 8989530.00 3589530.00
1487883498609 828 1 1 140.000 131.273 8989530.00 8989530.00
1487883498616 829 1 1 140.000 131.273 17989530.00 17989530.00
1487883498623 830 1 1 140.000 131.273 17989530.00 8989530.00
1487883498629 831 1 1 140.000 131.273 17989530.00 3589530.00
1487883498636 832 1 1 140.000 131.273 8989530.00 4489530.00
1487883498643 833 1 1 140.000 130.789 17989530.00 8989530.00
1487883498650 834 1 1 140.000 131.757 8989530.00 8989530.00
1487883498656 835 1 1 140.000 131.273 17989530.00 4489530.00
1487883498663 836 1 1 140.000 131.273 8989530.00 2560958.57
1487883498670 837 1 1 140.000 131.273 17989530.00 5989530.00
1487883498677 838 1 1 140.000 131.273 17989530.00 8989530.00
1487883498683 839 1 1 140.000 131.273 8989530.00 4489530.00
1487883498690 840 1 1 140.000 131.273 17989530.00 4489530.00
1487883498697 841 1 1 140.000 131.273 8989530.00 5989530.00
1487883498704 842 1 1 140.000 131.273 17989530.00 3589530.00
1487883498711 843 1 1 140.000 131.273 17989530.00 3589530.00
1487883498717 844 1 1 140.000 130.789 5989530.00 5989530.00
1487883498724 845 1 1 140.000 131.273 17989530.00 5989530.00
1487883498731 846 1 1 140.000 131.273 17989530.00 17989530.00
1487883498738 847 1 1 140.000 131.273 17989530.00 17989530.00
1487883498744 848 1 1 140.000 130.789 8989530.00 3589530.00
1487883498752 849 1 1 140.000 131.273 8989530.00 5989530.00
1487883498758 850 1 1 140.000 131.273 8989530.00 4489530.00
1487883498765 851 1 1 140.000 130.789 17989530.00 4489530.00
1487883498772 852 1 1 140.000 131.273 8989530.00 4489530.00
1487883498779 853 1 1 140.000 131.273 8989530.00 3589530.00
1487883498785 854 1 2 140.000 131.273 17989530.00 5989530.00
1487883498792 855 1 2 140.000 131.273 17989530.00 4489530.00
1487883498799 856 1 2 140.000 131.273 8989530.00 4489530.00
1487883498806 857 1 2 140.000 130.789 5989530.00 inf
1487883498812 858 1 2 140.000 127.882 8989530.00 5989530.00
1487883498819 859 1 2 140.000 122.069 17989530.00 5989530.00
1487883498826 860 1 2 140.000 116.257 17989530.00 5989530.00
1487883498833 861 1 2 140.000 105.115 17989530.00 inf
1487883498839 862 1 2 140.000 93.490 17989530.00 8989530.00
1487883498846 863 1 2 140.000 83.802 17989530.00 inf
1487883498853 864 1 2 140.000 74.114 8989530.00 3589530.00
1487883498860 865 1 2 140.000 64.425 17989530.00 3589530.00
1487883498867 866 1 2 140.000 55.222 17989530.00 4489530.00
1487883498873 867 1 2 140.000 46.987 8989530.00 4489530.00
1487883498880 868 1 2 140.000 38.752 17989530.00 5989530.00
1487883498887 869 2 2 140.000 31.002 17989530.00 5989530.00
1487883498895 870 2 1 140.000 22.283 17989530.00 3589530.00
1487883498902 871 2 1 140.000 7.750 17989530.00 3589530.00
1487883498915 872 2 1 140.000 3.875 17989530.00 5989530.00
1487883498930 873 2 1 140.000 14.048 inf 17989530.00
1487883498943 874 2 1 140.000 26.158 17989530.00 5989530.00
1487883498956 875 2 1 140.000 38.752 17989530.00 8989530.00
1487883498963 876 2 1 140.000 46.018 17989530.00 5989530.00
1487883498970 877 2 1 140.000 53.284 17989530.00 8989530.00
1487883498977 878 2 1 140.000 62.488 8989530.00 5989530.00
1487883498985 879 2 1 140.000 68.301 17989530.00 5989530.00
1487883498992 880 2 1 140.000 73.145 17989530.00 4489530.00
1487883498999 881 2 1 140.000 80.895 17989530.00 8989530.00
1487883499007 882 2 1 140.000 85.255 8989530.00 5989530.00
1487883499014 883 2 1 140.000 89.614 8989530.00 8989530.00
1487883499020 884 2 1 140.000 94.943 17989530.00 5989530.00
1487883499027 885 2 1 140.000 98.334 17989530.00 5989530.00
1487883499034 886 2 1 140.000 102.209 17989530.00 17989530.00
1487883499041 887 2 1 140.000 105.600 17989530.00 5989530.00
1487883499048 888 2 1 140.000 108.506 8989530.00 5989530.00
1487883499054 889 2 1 140.000 110.928 17989530.00 5989530.00
1487883499061 890 2 1 140.000 113.350 8989530.00 4489530.00
1487883499068 891 2 1 140.000 115.288 17989530.00 5989530.00
1487883499075 892 2 1 140.000 117.710 17989530.00 5989530.00
1487883499081 893 2 1 140.000 119.647 17989530.00 8989530.00
1487883499088 894 2 1 140.000 121.585 17989530.00 8989530.00
1487883499095 895 2 1 140.000 122.554 8989530.00 5989530.00
1487883499102 896 2 1 140.000 124.491 17989530.00 5989530.00
1487883499109 897 2 1 140.000 125.945 17989530.00 2989530.00
1487883499115 898 2 1 140.000 126.429 17989530.00 4489530.00
1487883499122 899 2 1 140.000 127.882 8989530.00 4489530.00
1487883499129 900 2 1 140.000 128.367 17989530.00 inf
1487883499136 901 2 1 140.000 129.335 17989530.00 5989530.00
1487883499143 902 2 1 140.000 129.820 17989530.00 3589530.00
1487883499149 903 2 1 140.000 129.820 17989530.00 4489530.00
1487883499156 904 2 1 140.000 130.304 8989530.00 4489530.00
1487883499163 905 2 1 140.000 130.789 17989530.00 5989530.00
1487883499170 906 2 1 140.000 130.304 17989530.00 3589530.00
1487883499176 907 2 1 140.000 131.273 17989530.00 inf
1487883499183 908 2 1 140.000 131.273 8989530.00 8989530.00
1487883499190 909 2 1 140.000 131.273 5989530.00 5989530.00
1487883499197 910 2 1 140.000 132.726 17989530.00 5989530.00
1487883499203 911 2 1 140.000 132.242 17989530.00 8989530.00
1487883499210 912 2 1 140.000 132.726 17989530.00 4489530.00
1487883499217 913 2 1 140.000 133.211 17989530.00 5989530.00
1487883499224 914 2 1 140.000 133.211 17989530.00 5989530.00
1487883499231 915 2 1 140.000 133.211 17989530.00 5989530.00
1487883499237 916 2 1 140.000 133.211 17989530.00 8989530.00
1487883499244 917 2 1 140.000 133.211 17989530.00 3589530.00
1487883499251 918 2 1 140.000 132.726 17989530.00 5989530.00
1487883499258 919 2 1 140.000 132.726 17989530.00 5989530.00
1487883499264 920 2 1 140.000 132.242 17989530.00 3589530.00
1487883499271 921 2 1 140.000 132.242 17989530.00 5989530.00
1487883499278 922 2 1 140.000 132.726 17989530.00 5989530.00
1487883499285 923 2 1 140.000 132.242 inf 5989530.00
1487883499291 924 2 1 140.000 132.242 inf 8989530.00
1487883499298 925 2 1 140.000 132.726 17989530.00 17989530.00
1487883499305 926 2 1 140.000 132.242 8989530.00 8989530.00
1487883499312 927 2 1 140.000 132.242 8989530.00 8989530.00
1487883499318 928 2 1 140.000 132.726 17989530.00 8989530.00
1487883499325 929 2 1 140.000 132.242 8989530.00 4489530.00
1487883499332 930 2 1 140.000 132.242 17989530.00 5989530.00
1487883499339 931 2 1 140.000 132.242 8989530.00 5989530.00
1487883499345 932 2 1 140.000 132.242 17989530.00 4489530.00
1487883499352 933 2 1 140.000 132.242 8989530.00 17989530.00
1487883499359 934 2 1 140.000 132.242 8989530.00 5989530.00
1487883499366 935 2 1 140.000 132.242 8989530.00 5989530.00
1487883499372 936 2 1 140.000 131.757 17989530.00 8989530.00
1487883499379 937 2 1 140.000 131.757 17989530.00 8989530.00
1487883499386 938 2 1 140.000 131.757 17989530.00 5989530.00
1487883499393 939 2 1 140.000 131.757 17989530.00 8989530.00
1487883499400 940 2 1 140.000 131.757 17989530.00 3589530.00
1487883499406 941 2 1 140.000 132.242 17989530.00 4489530.00
1487883499413 942 2 1 140.000 131.757 17989530.00 4489530.00
1487883499420 943 2 1 140.000 132.242 8989530.00 8989530.00
1487883499427 944 2 1 140.000 131.757 8989530.00 8989530.00
1487883499433 945 2 1 140.000 132.242 17989530.00 5989530.00
1487883499440 946 2 1 140.000 131.757 17989530.00 5989530.00
1487883499447 947 2 1 140.000 131.757 17989530.00 4489530.00
1487883499454 948 2 1 140.000 131.757 17989530.00 4489530.00
1487883499460 949 2 1 140.000 131.757 17989530.00 2989530.00
1487883499467 950 2 1 140.000 131.757 17989530.00 4489530.00
1487883499474 951 2 1 140.000 131.757 17989530.00 5989530.00
1487883499481 952 2 1 140.000 131.757 8989530.00 5989530.00
1487883499487 953 2 1 140.000 131.757 17989530.00 5989530.00
1487883499494 954 2 1 140.000 131.757 8989530.00 3589530.00
1487883499501 955 2 1 140.000 132.242 8989530.00 8989530.00
1487883499508 956 2 1 140.000 131.757 17989530.00 4489530.00
1487883499514 957 2 1 140.000 131.757 8989530.00 5989530.00
1487883499521 958 2 1 140.000 131.757 17989530.00 5989530.00
1487883499528 959 2 1 140.000 131.757 8989530.00 4489530.00
1487883499535 960 2 1 140.000 131.757 inf 5989530.00
1487883499541 961 2 1 140.000 131.757 17989530.00 5989530.00
1487883499548 962 2 1 140.000 131.757 17989530.00 4489530.00
1487883499555 963 2 1 140.000 131.757 17989530.00 8989530.00
1487883499562 964 2 1 140.000 131.757 17989530.00 5989530.00
1487883499568 965 2 1 140.000 131.757 17989530.00 3589530.00
1487883499575 966 2 1 140.000 131.757 17989530.00 4489530.00
1487883499582 967 2 1 140.000 131.757 17989530.00 5989530.00
1487883499589 968 2 1 140.000 131.757 8989530.00 5989530.00
1487883499596 969 2 1 140.000 131.757 17989530.00 8989530.00
1487883499602 970 2 1 140.000 131.273 8989530.00 4489530.00
1487883499609 971 2 1 140.000 132.242 17989530.00 5989530.00
1487883499616 972 2 1 140.000 131.757 17989530.00 4489530.00
1487883499623 973 2 1 140.000 131.757 8989530.00 8989530.00
1487883499629 974 2 1 140.000 131.273 17989530.00 4489530.00
1487883499636 975 2 1 140.000 131.757 8989530.00 4489530.00
1487883499643 976 2 1 140.000 131.757 8989530.00 5989530.00
1487883499650 977 2 1 140.000 131.757 17989530.00 8989530.00
1487883499657 978 2 1 140.000 131.757 17989530.00 5989530.00
1487883499663 979 2 1 140.000 131.757 17989530.00 5989530.00
1487883499670 980 2 1 140.000 131.757 17989530.00 4489530.00
1487883499677 981 2 1 140.000 131.757 8989530.00 4489530.00
1487883499684 982 2 1 140.000 131.757 17989530.00 4489530.00
1487883499690 983 2 1 140.000 131.757 5989530.00 5989530.00
1487883499698 984 2 1 140.000 131.757 5989530.00 5989530.00
1487883499704 985 2 1 140.000 131.757 8989530.00 3589530.00
1487883499711 986 2 1 140.000 131.273 17989530.00 4489530.00
1487883499718 987 2 1 140.000 131.273 8989530.00 4489530.00
1487883499725 988 2 1 140.000 131.757 17989530.00 4489530.00
1487883499731 989 2 1 140.000 131.757 5989530.00 4489530.00
1487883499738 990 2 1 140.000 131.757 8989530.00 3589530.00
1487883499745 991 2 1 140.000 131.757 17989530.00 4489530.00
1487883499752 992 2 1 140.000 131.273 17989530.00 3589530.00
1487883499758 993 2 1 140.000 131.273 17989530.00 4489530.00
1487883499765 994 2 1 140.000 131.757 17989530.00 5989530.00
1487883499772 995 2 1 140.000 131.757 17989530.00 5989530.00
1487883499779 996 2 1 140.000 131.757 17989530.00 8989530.00
1487883499786 997 2 1 140.000 131.757 17989530.00 3589530.00
1487883499792 998 2 1 140.000 131.273 2989530.00 17989530.00
1487883499799 999 2 1 140.000 131.757 8989530.00 8989530.00
1487883499806 1000 2 1 140.000 131.757 17989530.00 5989530.00
1487883499813 1001 2 1 140.000 131.757 8989530.00 5989530.00
1487883499819 1002 2 1 140.000 131.273 8989530.00 3589530.00
1487883499827 1003 2 1 140.000 131.757 17989530.00 4489530.00
1487883499834 1004 2 1 140.000 131.757 8989530.00 4489530.00
1487883499841 1005 2 1 140.000 131.757 5989530.00 3589530.00
1487883499848 1006 2 1 140.000 131.273 17989530.00 3589530.00
1487883499855 1007 2 1 140.000 131.757 8989530.00 5989530.00
1487883499862 1008 2 1 140.000 131.757 17989530.00 17989530.00
1487883499869 1009 2 1 140.000 131.757 8989530.00 4489530.00
1487883499875 1010 2 1 140.000 131.757 8989530.00 5989530.00
1487883499882 1011 2 1 140.000 131.757 8989530.00 5989530.00
1487883499889 1012 2 1 140.000 131.757 17989530.00 8989530.00
1487883499897 1013 2 1 140.000 131.757 8989530.00 5989530.00
1487883499904 1014 2 1 140.000 131.757 17989530.00 5989530.00
1487883499911 1015 2 1 140.000 131.757 17989530.00 5989530.00
1487883499917 1016 2 1 140.000 131.757 8989530.00 3589530.00
1487883499924 1017 2 1 140.000 131.273 17989530.00 5989530.00
1487883499932 1018 2 1 140.000 131.757 17989530.00 inf
1487883499939 1019 2 1 140.000 131.757 17989530.00 5989530.00
1487883499946 1020 2 1 140.000 131.757 17989530.00 3589530.00
1487883499953 1021 2 1 140.000 131.757 17989530.00 8989530.00
1487883499959 1022 2 1 140.000 131.757 17989530.00 5989530.00
1487883499966 1023 2 1 140.000 131.757 8989530.00 5989530.00
1487883499974 1024 2 1 140.000 131.757 17989530.00 5989530.00
1487883499981 1025 2 1 140.000 131.757 17989530.00 2560958.57
1487883499988 1026 2 1 140.000 131.757 17989530.00 4489530.00
1487883499995 1027 2 1 140.000 131.757 17989530.00 17989530.00
1487883500001 1028 2 1 140.000 131.757 5989530.00 8989530.00
1487883500008 1029 2 1 140.000 131.273 8989530.00 5989530.00
1487883500015 1030 2 1 140.000 131.757 17989530.00 4489530.00
1487883500022 1031 2 1 140.000 131.757 8989530.00 8989530.00
1487883500028 1032 2 1 140.000 131.757 17989530.00 5989530.00
1487883500035 1033 2 1 140.000 131.757 17989530.00 8989530.00
1487883500042 1034 2 1 140.000 131.757 17989530.00 2989530.00
1487883500049 1035 2 1 140.000 131.757 17989530.00 8989530.00
1487883500056 1036 2 1 140.000 131.757 17989530.00 4489530.00
1487883500063 1037 2 1 140.000 131.757 17989530.00 8989530.00
1487883500069 1038 2 1 140.000 131.757 8989530.00 2989530.00
1487883500076 1039 2 1 140.000 131.757 17989530.00 8989530.00
1487883500083 1040 2 1 140.000 131.757 17989530.00 4489530.00
1487883500090 1041 2 1 140.000 131.757 17989530.00 3589530.00
1487883500096 1042 2 1 140.000 131.757 5989530.00 3589530.00
1487883500103 1043 2 1 140.000 131.757 17989530.00 17989530.00
1487883500110 1044 2 1 140.000 131.757 8989530.00 4489530.00
1487883500117 1045 2 1 140.000 131.757 8989530.00 4489530.00
1487883500123 1046 2 1 140.000 131.757 17989530.00 4489530.00
1487883500130 1047 2 1 140.000 131.757 17989530.00 5989530.00
1487883500137 1048 2 1 140.000 131.757 17989530.00 8989530.00
1487883500144 1049 2 1 140.000 132.242 17989530.00 4489530.00
1487883500150 1050 2 1 140.000 131.757 8989530.00 5989530.00
1487883500157 1051 2 1 140.000 131.757 8989530.00 3589530.00
1487883500164 1052 2 1 140.000 131.757 17989530.00 5989530.00
1487883500171 1053 2 1 140.000 131.757 17989530.00 2989530.00
1487883500178 1054 2 1 140.000 132.242 8989530.00 4489530.00
1487883500184 1055 2 1 140.000 131.757 17989530.00 4489530.00
1487883500191 1056 2 1 140.000 132.242 17989530.00 3589530.00
1487883500198 1057 2 1 140.000 131.757 8989530.00 17989530.00
1487883500205 1058 2 1 140.000 131.757 17989530.00 5989530.00
1487883500211 1059 2 1 140.000 131.757 17989530.00 4489530.00
1487883500218 1060 2 1 140.000 132.242 17989530.00 5989530.00
1487883500225 1061 2 1 140.000 131.757 17989530.00 inf
1487883500234 1062 2 1 140.000 131.757 8989530.00 5989530.00
1487883500241 1063 2 1 140.000 131.757 8989530.00 4489530.00
1487883500248 1064 2 1 140.000 132.242 8989530.00 5989530.00
1487883500255 1065 2 1 140.000 132.242 17989530.00 3589530.00
1487883500263 1066 2 1 140.000 131.757 17989530.00 5989530.00
1487883500270 1067 2 1 140.000 131.757 17989530.00 17989530.00
1487883500277 1068 2 1 140.000 131.757 17989530.00 5989530.00
1487883500284 1069 2 1 140.000 132.242 17989530.00 3589530.00
1487883500291 1070 2 1 140.000 131.757 17989530.00 8989530.00
1487883500298 1071 2 1 140.000 132.242 17989530.00 8989530.00
1487883500304 1072 2 1 140.000 131.757 17989530.00 2560958.57
1487883500311 1073 2 1 140.000 131.757 17989530.00 8989530.00
1487883500318 1074 2 1 140.000 131.757 8989530.00 4489530.00
1487883500325 1075 2 1 140.000 131.757 17989530.00 5989530.00
1487883500332 1076 2 1 140.000 131.757 17989530.00 17989530.00
1487883500338 1077 2 1 140.000 131.757 17989530.00 5989530.00
1487883500345 1078 2 1 140.000 131.757 17989530.00 8989530.00
1487883500352 1079 2 1 140.000 131.757 5989530.00 5989530.00
1487883500359 1080 2 1 140.000 131.757 8989530.00 4489530.00
1487883500365 1081 2 1 140.000 132.242 8989530.00 4489530.00
1487883500372 1082 2 1 140.000 131.757 8989530.00 5989530.00
1487883500379 1083 2 1 140.000 131.757 8989530.00 5989530.00
1487883500386 1084 2 1 140.000 131.757 17989530.00 5989530.00
1487883500392 1085 2 1 140.000 132.242 17989530.00 5989530.00
1487883500399 1086 2 1 140.000 131.757 17989530.00 5989530.00
1487883500406 1087 2 1 140.000 131.757 8989530.00 17989530.00
1487883500413 1088 2 1 140.000 131.757 8989530.00 4489530.00
1487883500419 1089 2 1 140.000 131.757 17989530.00 4489530.00
1487883500426 1090 2 1 140.000 131.757 17989530.00 17989530.00
1487883500433 1091 2 1 140.000 131.757 17989530.00 5989530.00
1487883500440 1092 2 1 140.000 131.757 17989530.00 4489530.00
1487883500446 1093 2 1 140.000 131.757 8989530.00 17989530.00
1487883500453 1094 2 1 140.000 131.757 17989530.00 5989530.00
1487883500460 1095 2 1 140.000 131.757 5989530.00 3589530.00
1487883500467 1096 2 1 140.000 131.757 8989530.00 3589530.00
1487883500474 1097 2 1 140.000 131.757 inf 4489530.00
1487883500480 1098 2 1 140.000 131.757 17989530.00 inf
1487883500487 1099 2 1 140.000 132.242 17989530.00 5989530.00
1487883500494 1100 2 1 140.000 131.757 17989530.00 3589530.00
1487883500503 1101 2 1 140.000 131.757 8989530.00 4489530.00
1487883500511 1102 2 1 140.000 131.757 17989530.00 4489530.00
1487883500518 1103 2 1 140.000 131.757 8989530.00 4489530.00
1487883500527 1104 2 1 140.000 131.757 17989530.00 5989530.00
1487883500536 1105 2 1 140.000 132.242 8989530.00 5989530.00
1487883500545 1106 2 1 140.000 131.757 8989530.00 4489530.00
1487883500554 1107 2 1 140.000 131.757 17989530.00 2989530.00
1487883500561 1108 2 1 140.000 131.757 17989530.00 17989530.00
1487883500568 1109 2 1 140.000 131.757 17989530.00 5989530.00
1487883500578 1110 2 1 140.000 131.757 17989530.00 3589530.00
1487883500587 1111 2 1 140.000 131.757 17989530.00 17989530.00
1487883500595 1112 2 1 140.000 131.757 17989530.00 3589530.00
1487883500605 1113 2 1 140.000 131.757 17989530.00 5989530.00
1487883500613 1114 2 1 140.000 131.757 8989530.00 4489530.00
1487883500621 1115 2 1 140.000 131.757 8989530.00 3589530.00
1487883500628 1116 2 1 140.000 131.757 17989530.00 17989530.00
1487883500635 1117 2 1 140.000 131.757 8989530.00 3589530.00
1487883500642 1118 2 1 140.000 131.757 17989530.00 8989530.00
1487883500648 1119 2 1 140.000 131.757 17989530.00 4489530.00
1487883500655 1120 2 1 140.000 131.757 8989530.00 5989530.00
1487883500662 1121 2 1 140.000 131.757 17989530.00 5989530.00
1487883500669 1122 2 1 140.000 131.757 17989530.00 5989530.00
1487883500675 1123 2 1 140.000 131.757 17989530.00 17989530.00
1487883500685 1124 2 1 140.000 131.757 8989530.00 17989530.00
1487883500692 1125 2 1 140.000 131.757 5989530.00 8989530.00
1487883500699 1126 2 1 140.000 131.757 17989530.00 4489530.00
1487883500705 1127 2 1 140.000 131.757 8989530.00 8989530.00
1487883500712 1128 2 1 140.000 131.757 8989530.00 4489530.00
1487883500719 1129 2 1 140.000 131.757 8989530.00 17989530.00
1487883500726 1130 2 1 140.000 131.757 8989530.00 5989530.00
1487883500733 1131 2 1 140.000 131.757 17989530.00 5989530.00
1487883500739 1132 2 1 140.000 131.757 17989530.00 4489530.00
1487883500746 1133 2 1 140.000 131.757 8989530.00 3589530.00
1487883500753 1134 2 1 140.000 131.757 17989530.00 4489530.00
1487883500760 1135 2 1 140.000 131.757 8989530.00 5989530.00
1487883500766 1136 2 1 140.000 131.757 inf 3589530.00
1487883500773 1137 2 1 140.000 131.757 17989530.00 17989530.00
1487883500780 1138 2 1 140.000 131.757 8989530.00 5989530.00
1487883500787 1139 2 1 140.000 131.757 17989530.00 5989530.00
1487883500794 1140 2 1 140.000 131.757 8989530.00 4489530.00
1487883500800 1141 2 1 140.000 131.757 17989530.00 17989530.00
1487883500807 1142 2 1 140.000 131.757 17989530.00 5989530.00
1487883500814 1143 2 1 140.000 131.757 17989530.00 3589530.00
1487883500820 1144 2 1 140.000 131.757 17989530.00 8989530.00
1487883500827 1145 2 1 140.000 131.757 17989530.00 5989530.00
1487883500834 1146 2 1 140.000 131.757 17989530.00 4489530.00
1487883500841 1147 2 1 140.000 131.757 17989530.00 inf
1487883500848 1148 2 1 140.000 131.757 17989530.00 5989530.00
1487883500854 1149 2 1 140.000 131.757 17989530.00 3589530.00
1487883500861 1150 2 1 140.000 131.757 8989530.00 5989530.00
1487883500868 1151 2 1 140.000 131.757 5989530.00 8989530.00
1487883500876 1152 2 1 140.000 131.757 17989530.00 4489530.00
1487883500892 1153 2 1 140.000 131.757 17989530.00 inf
1487883500909 1154 2 1 140.000 131.757 17989530.00 3589530.00
1487883500918 1155 2 1 140.000 131.757 17989530.00 17989530.00
1487883500927 1156 2 1 140.000 131.757 17989530.00 17989530.00
1487883500935 1157 2 1 140.000 131.757 8989530.00 5989530.00
1487883500943 1158 2 1 140.000 131.757 8989530.00 8989530.00
1487883500951 1159 2 1 140.000 131.757 17989530.00 5989530.00
1487883500958 1160 2 1 140.000 131.757 17989530.00 5989530.00
1487883500966 1161 2 1 140.000 131.273 17989530.00 4489530.00
1487883500974 1162 2 1 140.000 131.757 inf 5989530.00
1487883500982 1163 2 1 140.000 131.757 17989530.00 17989530.00
1487883500988 1164 2 1 140.000 131.757 17989530.00 5989530.00
1487883500996 1165 2 1 140.000 131.757 8989530.00 4489530.00
1487883501004 1166 2 1 140.000 131.757 17989530.00 3589530.00
1487883501012 1167 2 1 140.000 131.757 17989530.00 4489530.00
1487883501021 1168 2 1 140.000 131.757 8989530.00 2989530.00
1487883501028 1169 2 1 140.000 131.757 17989530.00 17989530.00
1487883501036 1170 2 1 140.000 131.757 17989530.00 4489530.00
1487883501044 1171 2 1 140.000 131.757 8989530.00 4489530.00
1487883501052 1172 2 1 140.000 131.757 17989530.00 4489530.00
1487883501058 1173 2 1 140.000 131.757 17989530.00 4489530.00
1487883501065 1174 2 1 140.000 131.757 17989530.00 4489530.00
1487883501073 1175 2 1 140.000 131.757 17989530.00 8989530.00
1487883501085 1176 2 1 140.000 131.757 8989530.00 5989530.00
1487883501101 1177 2 1 140.000 131.757 17989530.00 5989530.00
1487883501112 1178 2 1 140.000 131.757 17989530.00 inf
1487883501125 1179 2 1 140.000 131.757 17989530.00 5989530.00
1487883501132 1180 2 1 140.000 131.273 17989530.00 5989530.00
1487883501138 1181 2 1 140.000 131.757 17989530.00 3589530.00
1487883501147 1182 2 1 140.000 131.757 17989530.00 5989530.00
1487883501154 1183 2 1 140.000 131.757 17989530.00 5989530.00
1487883501163 1184 2 1 140.000 131.273 8989530.00 8989530.00
1487883501171 1185 2 1 140.000 131.757 8989530.00 4489530.00
1487883501178 1186 2 1 140.000 131.757 inf 8989530.00
1487883501187 1187 2 1 140.000 131.757 17989530.00 4489530.00
1487883501194 1188 2 1 140.000 131.273 8989530.00 5989530.00
1487883501201 1189 2 1 140.000 131.757 17989530.00 5989530.00
1487883501207 1190 2 1 140.000 131.757 17989530.00 8989530.00
1487883501216 1191 2 1 140.000 131.757 17989530.00 5989530.00
1487883501225 1192 2 1 140.000 131.757 17989530.00 5989530.00
1487883501232 1193 2 1 140.000 131.757 17989530.00 4489530.00
1487883501238 1194 2 1 140.000 131.757 17989530.00 5989530.00
1487883501245 1195 2 1 140.000 131.273 inf 17989530.00
1487883501252 1196 2 1 140.000 131.757 8989530.00 4489530.00
1487883501259 1197 2 1 140.000 131.273 17989530.00 17989530.00
1487883501265 1198 2 1 140.000 131.757 17989530.00 8989530.00
1487883501272 1199 2 1 140.000 131.757 8989530.00 17989530.00
1487883501279 1200 2 1 140.000 131.273 17989530.00 3589530.00
1487883501286 1201 2 1 140.000 131.757 8989530.00 8989530.00
1487883501293 1202 2 1 140.000 131.273 17989530.00 4489530.00
1487883501299 1203 2 1 140.000 131.757 17989530.00 5989530.00
1487883501306 1204 2 1 140.000 131.273 8989530.00 inf
1487883501313 1205 2 1 140.000 131.757 17989530.00 8989530.00
1487883501320 1206 2 1 140.000 131.757 17989530.00 4489530.00
1487883501327 1207 2 1 140.000 131.757 8989530.00 5989530.00
1487883501333 1208 2 1 140.000 131.757 17989530.00 4489530.00
1487883501340 1209 2 1 140.000 131.757 8989530.00 4489530.00
1487883501347 1210 2 1 140.000 131.757 8989530.00 8989530.00
1487883501354 1211 2 1 140.000 131.757 17989530.00 5989530.00
1487883501360 1212 2 1 140.000 131.757 17989530.00 3589530.00
1487883501367 1213 2 1 140.000 131.757 8989530.00 inf
1487883501374 1214 2 1 140.000 131.757 17989530.00 5989530.00
1487883501381 1215 2 1 140.000 131.757 17989530.00 4489530.00
1487883501389 1216 2 1 140.000 131.757 17989530.00 8989530.00
1487883501395 1217 2 1 140.000 131.757 8989530.00 4489530.00
1487883501402 1218 2 1 140.000 131.757 8989530.00 5989530.00
1487883501409 1219 2 1 140.000 131.757 17989530.00 17989530.00
1487883501416 1220 2 1 140.000 131.757 17989530.00 4489530.00
1487883501422 1221 2 1 140.000 131.273 17989530.00 5989530.00
1487883501429 1222 2 1 140.000 131.757 17989530.00 8989530.00
1487883501436 1223 2 1 140.000 131.273 8989530.00 2989530.00
1487883501443 1224 2 1 140.000 131.757 17989530.00 3589530.00
1487883501449 1225 2 1 140.000 131.757 17989530.00 3589530.00
1487883501456 1226 2 1 140.000 131.273 17989530.00 8989530.00
1487883501463 1227 2 1 140.000 131.757 17989530.00 4489530.00
1487883501470 1228 2 1 140.000 131.757 8989530.00 5989530.00
1487883501476 1229 2 1 140.000 131.273 inf 5989530.00
1487883501483 1230 2 1 140.000 131.273 17989530.00 4489530.00
1487883501492 1231 2 1 140.000 131.757 17989530.00 4489530.00
1487883501499 1232 2 1 140.000 131.757 17989530.00 5989530.00
1487883501506 1233 2 1 140.000 131.273 17989530.00 3589530.00
1487883501514 1234 2 1 140.000 131.757 17989530.00 5989530.00
1487883501532 1235 2 1 140.000 131.273 17989530.00 8989530.00
1487883501539 1236 2 1 140.000 131.273 17989530.00 8989530.00
1487883501548 1237 2 1 140.000 131.757 8989530.00 4489530.00
1487883501556 1238 2 1 140.000 131.757 17989530.00 2989530.00
1487883501566 1239 2 1 140.000 131.273 17989530.00 4489530.00
1487883501573 1240 2 1 140.000 131.273 17989530.00 4489530.00
1487883501587 1241 2 1 140.000 131.273 17989530.00 3589530.00
1487883501597 1242 2 1 140.000 131.757 17989530.00 5989530.00
1487883501613 1243 2 1 140.000 131.757 8989530.00 4489530.00
1487883501620 1244 2 1 140.000 131.273 17989530.00 4489530.00
1487883501627 1245 2 1 140.000 131.757 17989530.00 4489530.00
1487883501635 1246 2 1 140.000 131.757 17989530.00 4489530.00
1487883501642 1247 2 1 140.000 131.757 17989530.00 5989530.00
1487883501649 1248 2 1 140.000 131.273 5989530.00 3589530.00
1487883501656 1249 2 1 140.000 131.273 17989530.00 3589530.00
1487883501662 1250 2 1 140.000 131.273 17989530.00 inf
1487883501669 1251 2 1 140.000 131.757 8989530.00 4489530.00
1487883501676 1252 2 1 140.000 131.273 5989530.00 5989530.00
1487883501684 1253 2 1 140.000 131.273 5989530.00 5989530.00
1487883501691 1254 2 1 140.000 131.757 17989530.00 3589530.00
1487883501698 1255 2 1 140.000 131.273 17989530.00 3589530.00
1487883501705 1256 2 1 140.000 131.757 5989530.00 5989530.00
1487883501712 1257 2 1 140.000 131.273 17989530.00 2989530.00
1487883501719 1258 2 1 140.000 131.757 17989530.00 17989530.00
1487883501725 1259 2 1 140.000 131.757 17989530.00 2989530.00
1487883501733 1260 2 1 140.000 131.273 17989530.00 3589530.00
1487883501740 1261 2 1 140.000 131.757 5989530.00 5989530.00
1487883501747 1262 2 1 140.000 131.273 17989530.00 5989530.00
1487883501755 1263 2 1 140.000 131.273 17989530.00 5989530.00
1487883501763 1264 2 1 140.000 131.273 17989530.00 5989530.00
1487883501771 1265 2 1 140.000 131.273 17989530.00 5989530.00
1487883501778 1266 2 1 140.000 131.273 17989530.00 5989530.00
1487883501786 1267 2 1 140.000 131.757 17989530.00 3589530.00
1487883501794 1268 2 1 140.000 131.757 8989530.00 3589530.00
1487883501800 1269 2 1 140.000 131.273 17989530.00 4489530.00
1487883501807 1270 2 1 140.000 131.273 17989530.00 5989530.00
1487883501814 1271 2 1 140.000 131.273 17989530.00 5989530.00
1487883501821 1272 2 1 140.000 131.273 17989530.00 17989530.00
1487883501828 1273 2 1 140.000 131.273 17989530.00 8989530.00
1487883501834 1274 2 1 140.000 131.273 5989530.00 4489530.00
1487883501847 1275 2 1 140.000 131.757 8989530.00 3589530.00
1487883501863 1276 2 1 140.000 131.757 8989530.00 4489530.00
1487883501877 1277 2 1 140.000 131.273 8989530.00 4489530.00
1487883501890 1278 2 1 140.000 131.273 8989530.00 5989530.00
1487883501902 1279 2 1 140.000 131.273 8989530.00 4489530.00
1487883501917 1280 2 2 140.000 131.757 8989530.00 5989530.00
1487883501924 1281 2 2 140.000 131.273 5989530.00 3589530.00
1487883501931 1282 2 2 140.000 131.273 17989530.00 5989530.00
1487883501938 1283 2 2 140.000 131.273 8989530.00 4489530.00
1487883501945 1284 2 2 140.000 127.398 17989530.00 3589530.00
1487883501952 1285 2 2 140.000 121.585 17989530.00 5989530.00
1487883501958 1286 2 2 140.000 115.772 17989530.00 3589530.00
1487883501965 1287 2 2 140.000 103.662 8989530.00 4489530.00
1487883501972 1288 2 2 140.000 92.521 17989530.00 4489530.00
1487883501979 1289 2 2 140.000 82.833 17989530.00 5989530.00
1487883501985 1290 2 2 140.000 72.660 17989530.00 5989530.00
1487883501992 1291 2 2 140.000 63.457 17989530.00 4489530.00
1487883501999 1292 2 2 140.000 54.253 8989530.00 inf
1487883502006 1293 2 2 140.000 45.534 17989530.00 4489530.00
1487883502013 1294 2 2 140.000 37.783 17989530.00 8989530.00
1487883502019 1295 3 2 140.000 30.033 17989530.00 5989530.00
