Serial_number: 140 
Time Data_Count Cycle State Desired_force_(psi) Measured_force_(psi) Toe_sensor Heel_Sensor
1484944477222 0 0 0 196.000 0.000 40234.23 35099.62
1484944477259 1 0 1 196.000 0.484 40234.23 35099.62
1484944477265 2 0 1 196.000 0.484 40091.80 35099.62
1484944477276 3 0 1 196.000 0.000 40234.23 35099.62
1484944477291 4 0 1 196.000 0.000 40234.23 35099.62
1484944477302 5 0 1 196.000 -0.484 40234.23 34984.55
1484944477320 6 0 1 196.000 -0.484 64530.00 142072.37
1484944477327 7 0 1 196.000 -0.484 138290.33 408134.65
1484944477347 8 0 1 196.000 -0.968 179003.68 772138.70
1484944477367 9 0 1 196.000 -0.968 196426.55 936898.42
1484944477372 10 0 1 196.000 -0.968 206397.47 1048353.53
1484944477382 11 0 1 196.000 -0.484 220299.23 1114530.00
1484944477393 12 0 1 196.000 -0.484 226372.11 1189530.00
1484944477406 13 0 1 196.000 -0.484 223296.23 1189530.00
1484944477411 14 0 1 196.000 -0.968 232773.24 1189530.00
1484944477421 15 0 1 196.000 -0.484 229530.00 1374145.38
1484944477432 16 0 1 196.000 -0.968 229530.00 1275244.29
1484944477439 17 0 1 196.000 -0.968 229530.00 1275244.29
1484944477444 18 0 1 196.000 -0.968 232773.24 1275244.29
1484944477454 19 0 1 196.000 -0.484 236105.34 1275244.29
1484944477458 20 0 1 196.000 -0.484 236105.34 1275244.29
1484944477463 21 0 1 196.000 -0.968 232773.24 1275244.29
1484944477471 22 0 1 196.000 -0.968 232773.24 1275244.29
1484944477478 23 0 1 196.000 -0.484 232773.24 1489530.00
1484944477485 24 0 1 196.000 -0.968 236105.34 1275244.29
1484944477488 25 0 1 196.000 -0.484 229530.00 1275244.29
1484944477492 26 0 1 196.000 -0.968 232773.24 1374145.38
1484944477495 27 0 1 196.000 -0.968 236105.34 1374145.38
1484944477498 28 0 1 196.000 -0.968 236105.34 1275244.29
1484944477502 29 0 1 196.000 -0.484 236105.34 1275244.29
1484944477505 30 0 1 196.000 -0.484 236105.34 1275244.29
1484944477509 31 0 1 196.000 -0.968 232773.24 1374145.38
1484944477512 32 0 1 196.000 -0.968 239530.00 1374145.38
1484944477515 33 0 1 196.000 -0.968 232773.24 1275244.29
1484944477519 34 0 1 196.000 -0.968 232773.24 1275244.29
1484944477522 35 0 1 196.000 -0.968 243051.13 1489530.00
1484944477526 36 0 1 196.000 -0.968 239530.00 1275244.29
1484944477529 37 0 1 196.000 -0.968 236105.34 1374145.38
1484944477532 38 0 1 196.000 -0.968 232773.24 1489530.00
1484944477536 39 0 1 196.000 -0.968 232773.24 1275244.29
1484944477539 40 0 1 196.000 -0.968 236105.34 1374145.38
1484944477543 41 0 1 196.000 -0.484 232773.24 1374145.38
1484944477546 42 0 1 196.000 -0.968 236105.34 1374145.38
1484944477549 43 0 1 196.000 -0.968 236105.34 1489530.00
1484944477553 44 0 1 196.000 -0.968 232773.24 1374145.38
1484944477556 45 0 1 196.000 -0.968 232773.24 1489530.00
1484944477559 46 0 1 196.000 -0.968 236105.34 1489530.00
1484944477563 47 0 1 196.000 -0.968 239530.00 1275244.29
1484944477566 48 0 1 196.000 -0.484 239530.00 1489530.00
1484944477570 49 0 1 196.000 -0.968 239530.00 1374145.38
1484944477573 50 0 1 196.000 -0.968 239530.00 1374145.38
1484944477576 51 0 1 196.000 -0.968 239530.00 1489530.00
1484944477580 52 0 1 196.000 -0.484 239530.00 1114530.00
1484944477583 53 0 1 196.000 -0.968 243051.13 1489530.00
1484944477587 54 0 1 196.000 -0.968 239530.00 1489530.00
1484944477590 55 0 1 196.000 -0.968 236105.34 1275244.29
1484944477593 56 0 1 196.000 -0.484 239530.00 1275244.29
1484944477597 57 0 1 196.000 -0.484 236105.34 1489530.00
1484944477600 58 0 1 196.000 -0.968 232773.24 1275244.29
1484944477604 59 0 1 196.000 -0.968 236105.34 1275244.29
1484944477607 60 0 1 196.000 -0.484 236105.34 1275244.29
1484944477610 61 0 1 196.000 -0.484 239530.00 1189530.00
1484944477614 62 0 1 196.000 -0.968 236105.34 1275244.29
1484944477617 63 0 1 196.000 -0.968 239530.00 1189530.00
1484944477621 64 0 1 196.000 -0.484 239530.00 1275244.29
1484944477624 65 0 1 196.000 -0.968 236105.34 1275244.29
1484944477627 66 0 1 196.000 -0.968 239530.00 1275244.29
1484944477631 67 0 1 196.000 -0.484 243051.13 1275244.29
1484944477634 68 0 1 196.000 -0.968 243051.13 1374145.38
1484944477637 69 0 1 196.000 -0.484 239530.00 1374145.38
1484944477641 70 0 1 196.000 -0.968 243051.13 1275244.29
1484944477644 71 0 1 196.000 -0.484 239530.00 1374145.38
1484944477648 72 0 1 196.000 -0.484 243051.13 1489530.00
1484944477651 73 0 1 196.000 -0.484 239530.00 1275244.29
1484944477655 74 0 1 196.000 -0.968 239530.00 1374145.38
1484944477658 75 0 1 196.000 -0.484 239530.00 1275244.29
1484944477662 76 0 1 196.000 -0.484 239530.00 1275244.29
1484944477665 77 0 1 196.000 -0.968 232773.24 1275244.29
1484944477669 78 0 1 196.000 -0.968 236105.34 1275244.29
1484944477673 79 0 1 196.000 -0.484 236105.34 1189530.00
1484944477677 80 0 1 196.000 -0.968 236105.34 1275244.29
1484944477680 81 0 1 196.000 -0.484 239530.00 1275244.29
1484944477684 82 0 1 196.000 -0.484 232773.24 1275244.29
1484944477687 83 0 1 196.000 -0.484 236105.34 1275244.29
1484944477691 84 0 1 196.000 -0.484 239530.00 1374145.38
1484944477694 85 0 1 196.000 -0.968 239530.00 1374145.38
1484944477698 86 0 1 196.000 -0.484 236105.34 1275244.29
1484944477702 87 0 1 196.000 -0.968 229530.00 1275244.29
1484944477705 88 0 1 196.000 -0.484 236105.34 1275244.29
1484944477709 89 0 1 196.000 -0.484 239530.00 1275244.29
1484944477713 90 0 1 196.000 -0.484 239530.00 1275244.29
1484944477716 91 0 1 196.000 -0.968 239530.00 1374145.38
1484944477720 92 0 1 196.000 -0.484 236105.34 1625893.64
1484944477724 93 0 1 196.000 -0.484 236105.34 1275244.29
1484944477727 94 0 1 196.000 -0.484 239530.00 1374145.38
1484944477731 95 0 1 196.000 -0.484 236105.34 1189530.00
1484944477735 96 0 1 196.000 -0.484 232773.24 1374145.38
1484944477738 97 0 1 196.000 -0.484 239530.00 1275244.29
1484944477742 98 0 1 196.000 -0.484 239530.00 1275244.29
1484944477745 99 0 2 196.000 -0.484 239530.00 1374145.38
1484944477749 100 0 2 196.000 -0.484 232773.24 1275244.29
1484944477752 101 0 2 196.000 -0.484 236105.34 1374145.38
1484944477756 102 0 2 196.000 -0.968 236105.34 1189530.00
1484944477759 103 0 2 196.000 -0.484 236105.34 1275244.29
1484944477762 104 0 2 196.000 -0.484 236105.34 1374145.38
1484944477766 105 0 2 196.000 -0.484 236105.34 1489530.00
1484944477769 106 0 2 196.000 -0.484 236105.34 1489530.00
1484944477773 107 0 2 196.000 -0.484 232773.24 1275244.29
1484944477776 108 0 2 196.000 -0.484 236105.34 1275244.29
1484944477779 109 0 2 196.000 -0.968 239530.00 1374145.38
1484944477783 110 0 2 196.000 -0.484 236105.34 1275244.29
1484944477786 111 0 2 196.000 -0.484 236105.34 1489530.00
1484944477790 112 0 2 196.000 -0.484 236105.34 1275244.29
1484944477793 113 0 2 196.000 -0.484 236105.34 1275244.29
1484944477796 114 0 2 196.000 -0.484 232773.24 1275244.29
1484944477800 115 0 2 196.000 -0.484 236105.34 1275244.29
1484944477803 116 0 2 196.000 -0.484 232773.24 1275244.29
1484944477807 117 0 2 196.000 -0.484 239530.00 1275244.29
1484944477810 118 0 2 196.000 -0.484 236105.34 1374145.38
1484944477813 119 0 2 196.000 -0.484 229530.00 1275244.29
1484944477817 120 0 2 196.000 -0.484 229530.00 1374145.38
1484944477820 121 0 2 196.000 -0.968 239530.00 1275244.29
1484944477824 122 0 2 196.000 -0.968 232773.24 1275244.29
1484944477827 123 0 2 196.000 -0.484 236105.34 1374145.38
1484944477830 124 0 2 196.000 -0.484 232773.24 1374145.38
1484944477834 125 0 2 196.000 -0.484 236105.34 1275244.29
1484944477837 126 0 2 196.000 -0.968 236105.34 1275244.29
1484944477841 127 0 2 196.000 -0.968 236105.34 1275244.29
1484944477844 128 0 2 196.000 -0.484 232773.24 1275244.29
1484944477847 129 0 2 196.000 -0.484 232773.24 1275244.29
1484944477851 130 0 2 196.000 -0.484 232773.24 1275244.29
1484944477854 131 0 2 196.000 -0.484 239530.00 1275244.29
1484944477858 132 0 2 196.000 -0.484 232773.24 1275244.29
1484944477861 133 0 2 196.000 -0.968 243051.13 1189530.00
1484944477864 134 0 2 196.000 -0.484 236105.34 1275244.29
1484944477868 135 0 2 196.000 -0.484 236105.34 1374145.38
1484944477871 136 0 2 196.000 -0.968 239530.00 1275244.29
1484944477875 137 0 2 196.000 -0.484 236105.34 1189530.00
1484944477878 138 0 2 196.000 -0.484 232773.24 1489530.00
1484944477881 139 0 2 196.000 -0.484 236105.34 1275244.29
1484944477885 140 0 2 196.000 -0.484 236105.34 1275244.29
1484944477888 141 0 2 196.000 -0.968 239530.00 1275244.29
1484944477892 142 0 2 196.000 -0.968 236105.34 1275244.29
1484944477895 143 0 2 196.000 -0.484 243051.13 1189530.00
1484944477899 144 0 2 196.000 -0.484 239530.00 1114530.00
1484944477902 145 0 2 196.000 -0.968 232773.24 1275244.29
1484944477905 146 0 2 196.000 -0.484 236105.34 1275244.29
1484944477909 147 0 2 196.000 -0.484 236105.34 1189530.00
1484944477912 148 0 2 196.000 -0.484 236105.34 1275244.29
1484944477916 149 0 2 196.000 -0.484 229530.00 1275244.29
1484944477919 150 0 2 196.000 -0.484 232773.24 1275244.29
1484944477922 151 0 2 196.000 -0.484 236105.34 1114530.00
1484944477926 152 0 2 196.000 -0.484 236105.34 1189530.00
1484944477929 153 0 2 196.000 -0.968 239530.00 1275244.29
1484944477932 154 0 2 196.000 -0.484 236105.34 1189530.00
1484944477936 155 0 2 196.000 -0.484 232773.24 1275244.29
1484944477939 156 0 2 196.000 -0.484 236105.34 1189530.00
1484944477943 157 0 2 196.000 -0.484 236105.34 1275244.29
1484944477946 158 0 2 196.000 -0.968 236105.34 1189530.00
1484944477949 159 0 2 196.000 -0.484 239530.00 1189530.00
1484944477953 160 0 2 196.000 -0.484 232773.24 1275244.29
1484944477956 161 0 2 196.000 -0.484 236105.34 1189530.00
1484944477960 162 0 2 196.000 -0.484 236105.34 1275244.29
1484944477963 163 0 2 196.000 -0.484 239530.00 1275244.29
1484944477966 164 0 2 196.000 -0.484 236105.34 1275244.29
1484944477970 165 0 2 196.000 -0.484 236105.34 1114530.00
1484944477973 166 0 2 196.000 -0.484 236105.34 1114530.00
1484944477977 167 0 2 196.000 -0.484 239530.00 1114530.00
1484944477980 168 0 2 196.000 -0.484 239530.00 1189530.00
1484944477984 169 0 2 196.000 -0.484 236105.34 1275244.29
1484944477987 170 0 2 196.000 -0.484 232773.24 1275244.29
1484944477990 171 0 2 196.000 -0.484 232773.24 1374145.38
1484944477994 172 0 2 196.000 -0.484 236105.34 1275244.29
1484944477997 173 0 2 196.000 -0.484 236105.34 1275244.29
1484944478001 174 0 2 196.000 -0.484 236105.34 1275244.29
1484944478004 175 0 2 196.000 -0.484 236105.34 1114530.00
1484944478007 176 0 2 196.000 -0.484 232773.24 1189530.00
1484944478011 177 0 2 196.000 -0.484 236105.34 1189530.00
1484944478014 178 0 2 196.000 -0.484 236105.34 1114530.00
1484944478018 179 0 2 196.000 -0.484 236105.34 1275244.29
1484944478021 180 0 2 196.000 -0.484 239530.00 1189530.00
1484944478024 181 0 2 196.000 -0.484 232773.24 1275244.29
1484944478028 182 0 2 196.000 -0.484 236105.34 1275244.29
1484944478031 183 0 2 196.000 -0.968 236105.34 1189530.00
1484944478035 184 0 2 196.000 -0.484 236105.34 1189530.00
1484944478038 185 0 2 196.000 -0.484 236105.34 1275244.29
1484944478041 186 0 2 196.000 -0.484 239530.00 1275244.29
1484944478045 187 0 2 196.000 -0.484 232773.24 1189530.00
1484944478048 188 0 2 196.000 -0.484 239530.00 1189530.00
1484944478051 189 0 2 196.000 -0.968 239530.00 1275244.29
1484944478055 190 0 2 196.000 -0.484 236105.34 1114530.00
1484944478058 191 0 2 196.000 -0.484 239530.00 1275244.29
1484944478062 192 0 2 196.000 -0.484 236105.34 1189530.00
1484944478065 193 0 2 196.000 -0.484 236105.34 1189530.00
1484944478068 194 0 2 196.000 -0.484 232773.24 1114530.00
1484944478072 195 0 2 196.000 -0.484 239530.00 1114530.00
1484944478075 196 0 2 196.000 -0.484 239530.00 1275244.29
1484944478079 197 0 2 196.000 -0.484 239530.00 1189530.00
1484944478083 198 0 2 196.000 -0.484 236105.34 1275244.29
1484944478086 199 0 2 196.000 -0.484 236105.34 1114530.00
1484944478089 200 0 2 196.000 -0.484 236105.34 1189530.00
1484944478093 201 0 2 196.000 -0.484 239530.00 1189530.00
1484944478096 202 0 2 196.000 -0.484 236105.34 1114530.00
1484944478100 203 0 2 196.000 -0.484 243051.13 1275244.29
1484944478103 204 0 2 196.000 -0.968 239530.00 1189530.00
1484944478106 205 0 2 196.000 -0.968 239530.00 1114530.00
1484944478110 206 0 2 196.000 -0.968 239530.00 1189530.00
1484944478113 207 0 2 196.000 -0.968 239530.00 1189530.00
1484944478116 208 0 2 196.000 -0.484 239530.00 1275244.29
1484944478120 209 0 2 196.000 -0.484 236105.34 1114530.00
1484944478123 210 0 2 196.000 -0.484 232773.24 1189530.00
1484944478127 211 0 2 196.000 -0.484 236105.34 1189530.00
1484944478130 212 0 2 196.000 -0.484 236105.34 1114530.00
1484944478134 213 0 2 196.000 -0.484 232773.24 1114530.00
1484944478137 214 0 2 196.000 -0.484 236105.34 1114530.00
1484944478140 215 0 2 196.000 -0.484 236105.34 1189530.00
1484944478144 216 0 2 196.000 -0.484 236105.34 1189530.00
1484944478147 217 0 2 196.000 -0.484 236105.34 1114530.00
1484944478151 218 0 2 196.000 -0.484 239530.00 1048353.53
1484944478154 219 0 2 196.000 -0.484 236105.34 1114530.00
1484944478157 220 0 2 196.000 -0.484 239530.00 1189530.00
1484944478161 221 0 2 196.000 -0.484 236105.34 1048353.53
1484944478164 222 0 2 196.000 -0.484 236105.34 1114530.00
1484944478168 223 0 2 196.000 -0.968 236105.34 1048353.53
1484944478171 224 0 2 196.000 -0.484 239530.00 1048353.53
1484944478174 225 0 2 196.000 -0.484 239530.00 989530.00
1484944478178 226 0 2 196.000 -0.484 239530.00 1114530.00
1484944478181 227 0 2 196.000 -0.484 236105.34 1114530.00
1484944478184 228 0 2 196.000 -0.484 232773.24 1048353.53
1484944478188 229 0 2 196.000 -0.484 232773.24 1275244.29
1484944478191 230 0 2 196.000 -0.484 243051.13 1189530.00
1484944478195 231 0 2 196.000 -0.484 236105.34 1114530.00
1484944478198 232 0 2 196.000 -0.484 236105.34 1114530.00
1484944478201 233 0 2 196.000 -0.484 239530.00 1189530.00
1484944478205 234 0 2 196.000 -0.484 236105.34 1048353.53
1484944478208 235 0 2 196.000 -0.484 232773.24 1114530.00
1484944478212 236 0 2 196.000 -0.968 239530.00 1114530.00
1484944478215 237 0 2 196.000 -0.484 232773.24 1114530.00
1484944478218 238 0 2 196.000 -0.484 236105.34 1189530.00
1484944478222 239 0 2 196.000 -0.484 239530.00 1189530.00
1484944478225 240 0 2 196.000 -0.484 236105.34 1048353.53
1484944478229 241 0 2 196.000 -0.484 232773.24 1048353.53
1484944478232 242 0 2 196.000 -0.484 236105.34 1048353.53
1484944478235 243 0 2 196.000 -0.484 239530.00 1189530.00
1484944478239 244 0 2 196.000 -0.484 239530.00 1114530.00
1484944478242 245 0 2 196.000 -0.968 232773.24 1048353.53
1484944478245 246 1 2 196.000 -0.968 236105.34 1048353.53
1484944478249 247 1 1 196.000 -0.484 236105.34 1114530.00
1484944478253 248 1 1 196.000 -0.484 229530.00 1114530.00
1484944478256 249 1 1 196.000 -0.484 232773.24 1189530.00
1484944478266 250 1 1 196.000 -0.484 236105.34 1048353.53
1484944478270 251 1 1 196.000 -0.484 232773.24 1189530.00
1484944478274 252 1 1 196.000 -0.484 232773.24 1114530.00
1484944478284 253 1 1 196.000 -0.484 232773.24 1048353.53
1484944478294 254 1 1 196.000 -0.484 239530.00 1048353.53
1484944478298 255 1 1 196.000 -0.484 239530.00 1114530.00
1484944478301 256 1 1 196.000 -0.968 246672.86 1048353.53
1484944478310 257 1 1 196.000 -0.484 243051.13 1048353.53
1484944478314 258 1 1 196.000 -0.484 239530.00 1114530.00
1484944478318 259 1 1 196.000 -0.484 236105.34 1048353.53
1484944478321 260 1 1 196.000 -0.968 239530.00 1048353.53
1484944478324 261 1 1 196.000 -0.968 236105.34 1048353.53
1484944478328 262 1 1 196.000 -0.968 239530.00 1048353.53
1484944478331 263 1 1 196.000 -0.968 236105.34 1048353.53
1484944478335 264 1 1 196.000 -0.968 236105.34 1048353.53
1484944478338 265 1 1 196.000 -0.968 236105.34 1048353.53
1484944478341 266 1 1 196.000 -0.968 236105.34 1048353.53
1484944478345 267 1 1 196.000 -0.484 239530.00 1048353.53
1484944478348 268 1 1 196.000 -0.484 239530.00 1048353.53
1484944478352 269 1 1 196.000 -0.968 239530.00 989530.00
1484944478357 270 1 1 196.000 11.610 236105.34 989530.00
1484944478362 271 1 1 196.000 4.838 236105.34 989530.00
1484944478367 272 1 1 196.000 2.903 236105.34 1048353.53
1484944478370 273 1 1 196.000 -0.484 232773.24 1048353.53
1484944478381 274 1 1 196.000 -0.484 239530.00 1048353.53
1484944478385 275 1 1 196.000 -0.968 243051.13 1048353.53
1484944478397 276 1 1 196.000 -0.484 232773.24 1114530.00
1484944478403 277 1 1 196.000 -0.968 239530.00 1114530.00
1484944478411 278 1 1 196.000 -0.484 236105.34 1048353.53
1484944478415 279 1 1 196.000 -0.968 236105.34 1114530.00
1484944478421 280 1 1 196.000 -0.968 239530.00 1114530.00
1484944478425 281 1 1 196.000 -0.968 232773.24 1048353.53
1484944478429 282 1 1 196.000 -0.968 232773.24 1048353.53
1484944478432 283 1 1 196.000 -0.484 232773.24 1114530.00
1484944478436 284 1 1 196.000 -0.968 232773.24 1048353.53
1484944478439 285 1 1 196.000 -0.484 236105.34 1048353.53
1484944478443 286 1 1 196.000 -0.968 236105.34 989530.00
1484944478446 287 1 1 196.000 -0.968 232773.24 989530.00
1484944478449 288 1 1 196.000 -0.484 232773.24 989530.00
1484944478453 289 1 1 196.000 -0.968 232773.24 1048353.53
1484944478456 290 1 1 196.000 -0.968 232773.24 989530.00
1484944478460 291 1 1 196.000 -0.484 232773.24 1114530.00
1484944478463 292 1 1 196.000 -0.484 232773.24 989530.00
1484944478466 293 1 1 196.000 -0.484 236105.34 1048353.53
1484944478470 294 1 1 196.000 -0.484 229530.00 1189530.00
1484944478473 295 1 1 196.000 -0.968 232773.24 1048353.53
1484944478477 296 1 1 196.000 -0.968 232773.24 1048353.53
1484944478480 297 1 1 196.000 -0.968 232773.24 1048353.53
1484944478483 298 1 1 196.000 -0.484 232773.24 1114530.00
1484944478487 299 1 1 196.000 -0.484 236105.34 1114530.00
1484944478490 300 1 1 196.000 -0.968 232773.24 989530.00
1484944478494 301 1 1 196.000 -0.968 232773.24 1114530.00
1484944478497 302 1 1 196.000 -0.968 232773.24 1114530.00
1484944478500 303 1 1 196.000 -0.968 232773.24 1048353.53
1484944478504 304 1 1 196.000 -0.968 232773.24 989530.00
1484944478507 305 1 1 196.000 -0.484 236105.34 1048353.53
1484944478510 306 1 1 196.000 -0.968 229530.00 989530.00
1484944478514 307 1 1 196.000 -0.484 232773.24 1048353.53
1484944478517 308 1 1 196.000 -0.968 232773.24 1048353.53
1484944478521 309 1 1 196.000 -0.968 232773.24 1048353.53
1484944478524 310 1 1 196.000 -0.968 232773.24 1048353.53
1484944478527 311 1 1 196.000 -0.968 232773.24 989530.00
1484944478531 312 1 1 196.000 -0.484 232773.24 1048353.53
1484944478534 313 1 1 196.000 -0.968 232773.24 1048353.53
1484944478538 314 1 1 196.000 -0.968 226372.11 1114530.00
1484944478541 315 1 1 196.000 -0.484 232773.24 1048353.53
1484944478544 316 1 1 196.000 -0.968 229530.00 1048353.53
1484944478548 317 1 1 196.000 -0.968 229530.00 989530.00
1484944478551 318 1 1 196.000 -0.968 236105.34 1114530.00
1484944478555 319 1 1 196.000 -0.484 236105.34 1048353.53
1484944478558 320 1 1 196.000 -0.484 229530.00 1048353.53
1484944478561 321 1 1 196.000 -0.968 229530.00 1048353.53
1484944478565 322 1 1 196.000 -0.968 229530.00 1048353.53
1484944478568 323 1 1 196.000 -0.968 229530.00 989530.00
1484944478572 324 1 1 196.000 -0.968 229530.00 1048353.53
1484944478575 325 1 1 196.000 -0.484 232773.24 1114530.00
1484944478579 326 1 1 196.000 -0.968 229530.00 1048353.53
1484944478582 327 1 1 196.000 -0.484 226372.11 989530.00
1484944478585 328 1 1 196.000 -0.968 229530.00 989530.00
1484944478589 329 1 1 196.000 -0.968 229530.00 989530.00
1484944478592 330 1 1 196.000 -0.968 229530.00 989530.00
1484944478596 331 1 1 196.000 -0.968 226372.11 989530.00
1484944478599 332 1 1 196.000 -0.484 226372.11 936898.42
1484944478602 333 1 1 196.000 -0.484 223296.23 936898.42
1484944478606 334 1 1 196.000 -0.968 220299.23 989530.00
1484944478609 335 1 1 196.000 -0.968 214530.00 1489530.00
1484944478613 336 1 1 196.000 -0.484 132387.14 1189530.00
1484944478616 337 1 1 196.000 -0.968 96038.88 54984.55
1484944478619 338 1 1 196.000 -0.968 56196.67 36162.12
1484944478623 339 1 1 196.000 -0.968 41105.93 33432.44
1484944478626 340 1 1 196.000 35.315 36650.42 29619.09
1484944478631 341 1 1 196.000 42.088 32083.19 20038.47
1484944478634 342 1 1 196.000 57.085 27584.97 17264.98
1484944478638 343 1 1 196.000 65.309 23301.11 22197.88
1484944478648 344 1 1 196.000 89.014 17393.78 11752.22
1484944478652 345 1 1 196.000 95.786 15171.03 10267.33
1484944478655 346 1 1 196.000 103.527 11779.69 13821.50
1484944478668 347 1 1 196.000 128.683 11242.91 8417.72
1484944478671 348 1 1 196.000 134.488 10706.47 6904.52
1484944478680 349 1 1 196.000 128.199 9868.98 6804.47
1484944478684 350 1 1 196.000 124.329 9530.00 6527.17
1484944478688 351 1 1 196.000 123.361 9288.51 6415.55
1484944478692 352 1 1 196.000 123.845 9180.66 6624.02
1484944478696 353 1 1 196.000 122.394 9159.23 6495.13
1484944478699 354 1 1 196.000 121.426 9223.65 6274.19
1484944478703 355 1 1 196.000 120.459 9266.84 6243.09
1484944478706 356 1 1 196.000 120.459 9245.22 6196.67
1484944478710 357 1 1 196.000 121.910 9159.23 6165.86
1484944478713 358 1 1 196.000 121.426 9116.51 6119.86
1484944478716 359 1 1 196.000 120.459 9116.51 6119.86
1484944478720 360 1 1 196.000 119.007 9095.22 6089.34
1484944478723 361 1 1 196.000 119.975 9052.78 6150.50
1484944478727 362 1 1 196.000 119.007 9223.65 6181.25
1484944478730 363 1 1 196.000 117.072 9596.89 6074.12
1484944478734 364 1 1 196.000 111.267 10101.43 5849.13
1484944478737 365 1 1 196.000 103.043 10656.76 5487.45
1484944478740 366 1 1 196.000 95.303 11295.42 5141.45
1484944478744 367 1 1 196.000 93.368 12143.07 4836.12
1484944478747 368 1 1 196.000 94.819 13059.41 4618.01
1484944478751 369 1 1 196.000 96.270 14153.80 4480.17
1484944478754 370 1 2 196.000 97.721 15354.96 4430.66
1484944478757 371 1 2 196.000 98.205 16157.22 4758.43
1484944478761 372 1 2 196.000 98.689 16597.67 4480.17
1484944478764 373 1 2 196.000 98.689 16761.47 4369.24
1484944478768 374 1 2 196.000 98.689 16720.33 4430.66
1484944478771 375 1 2 196.000 98.689 16720.33 6672.86
1484944478774 376 1 2 196.000 98.689 16844.11 4836.12
1484944478778 377 1 2 196.000 98.205 16844.11 4618.01
1484944478781 378 1 2 196.000 98.205 16802.73 5250.52
1484944478785 379 1 2 196.000 98.689 16844.11 7422.64
1484944478788 380 1 2 196.000 98.205 16844.11 7476.16
1484944478791 381 1 2 196.000 97.721 16927.26 7767.08
1484944478795 382 1 2 196.000 96.270 16844.11 7822.68
1484944478798 383 1 2 196.000 95.303 16802.73 6289.78
1484944478802 384 1 2 196.000 93.368 16761.47 6013.52
1484944478805 385 1 2 196.000 90.949 16638.43 6243.09
1484944478808 386 1 2 196.000 82.725 16638.43 4914.62
1484944478812 387 1 2 196.000 71.598 16679.32 5182.17
1484944478815 388 1 2 196.000 51.763 16638.43 5020.53
1484944478819 389 1 2 196.000 36.766 16638.43 5250.52
1484944478822 390 1 2 196.000 24.672 16844.11 5673.50
1484944478825 391 1 2 196.000 14.513 17831.89 7022.71
1484944478829 392 1 2 196.000 7.257 19833.03 8989.46
1484944478833 393 1 2 196.000 -0.968 24893.46 14221.36
1484944478837 394 1 2 196.000 -0.968 30532.28 20671.87
1484944478840 395 1 2 196.000 0.000 38047.52 54984.55
1484944478851 396 1 2 196.000 -0.968 75654.40 130155.00
1484944478855 397 1 2 196.000 -0.968 93576.24 181019.36
1484944478858 398 1 2 196.000 -0.968 127991.54 322863.33
1484944478870 399 1 2 196.000 -0.968 138290.33 451068.46
1484944478875 400 1 2 196.000 -0.968 156196.67 463214.21
1484944478885 401 1 2 196.000 -0.484 175097.01 518941.76
1484944478889 402 1 2 196.000 -0.968 179003.68 552030.00
1484944478892 403 1 2 196.000 -0.968 183078.39 570175.16
1484944478896 404 1 2 196.000 -0.968 187332.20 589530.00
1484944478899 405 1 2 196.000 -0.484 191777.19 589530.00
1484944478903 406 1 2 196.000 -0.968 194075.45 632387.14
1484944478906 407 1 2 196.000 -0.484 198832.33 656196.67
1484944478910 408 1 2 196.000 -0.968 201294.71 681837.69
1484944478913 409 1 2 196.000 -0.968 201294.71 709530.00
1484944478916 410 1 2 196.000 -0.968 203815.71 709530.00
1484944478920 411 1 2 196.000 -0.484 203815.71 1114530.00
1484944478923 412 1 2 196.000 -0.484 209042.20 989530.00
1484944478927 413 1 2 196.000 -0.968 214530.00 552030.00
1484944478930 414 1 2 196.000 -0.968 211752.22 772138.70
1484944478933 415 1 2 196.000 -0.968 217378.10 1789530.00
1484944478937 416 1 2 196.000 -0.968 217378.10 1374145.38
1484944478940 417 1 2 196.000 -0.968 226372.11 2239530.00
1484944478944 418 1 2 196.000 -0.484 226372.11 1275244.29
1484944478947 419 1 2 196.000 -0.968 232773.24 2989530.00
1484944478950 420 1 2 196.000 -0.484 236105.34 8989530.00
1484944478954 421 1 2 196.000 -0.484 232773.24 1048353.53
1484944478957 422 1 2 196.000 -0.968 239530.00 17989530.00
1484944478961 423 1 2 196.000 -0.968 236105.34 889530.00
1484944478964 424 1 2 196.000 -0.968 239530.00 936898.42
1484944478967 425 1 2 196.000 -0.968 236105.34 989530.00
1484944478971 426 1 2 196.000 -0.968 236105.34 936898.42
1484944478974 427 1 2 196.000 -0.484 239530.00 889530.00
1484944478977 428 1 2 196.000 -0.968 239530.00 846672.86
1484944478981 429 1 2 196.000 -0.968 243051.13 846672.86
1484944478984 430 1 2 196.000 -0.968 239530.00 889530.00
1484944478988 431 1 2 196.000 -0.484 239530.00 2239530.00
1484944478991 432 1 2 196.000 -0.968 243051.13 2239530.00
1484944478995 433 1 2 196.000 -0.484 243051.13 1789530.00
1484944478998 434 1 2 196.000 -0.968 243051.13 846672.86
1484944479001 435 1 2 196.000 -0.484 239530.00 1489530.00
1484944479005 436 1 2 196.000 -0.968 243051.13 17989530.00
1484944479008 437 1 2 196.000 -0.968 239530.00 709530.00
1484944479012 438 1 2 196.000 -0.968 243051.13 846672.86
1484944479015 439 1 2 196.000 -0.968 243051.13 846672.86
1484944479018 440 1 2 196.000 -0.968 243051.13 889530.00
1484944479022 441 1 2 196.000 -0.968 243051.13 889530.00
1484944479025 442 1 2 196.000 -0.968 243051.13 889530.00
1484944479029 443 1 2 196.000 -0.968 243051.13 889530.00
1484944479032 444 1 2 196.000 -0.484 239530.00 936898.42
1484944479035 445 1 2 196.000 -0.968 243051.13 936898.42
1484944479039 446 1 2 196.000 -0.968 243051.13 989530.00
1484944479042 447 1 2 196.000 -0.484 243051.13 889530.00
1484944479045 448 1 2 196.000 -0.968 243051.13 889530.00
1484944479049 449 1 2 196.000 -0.968 246672.86 889530.00
1484944479052 450 1 2 196.000 -0.968 243051.13 936898.42
1484944479056 451 1 2 196.000 -0.968 243051.13 936898.42
1484944479059 452 1 2 196.000 -0.484 239530.00 936898.42
1484944479062 453 1 2 196.000 -0.484 246672.86 889530.00
1484944479066 454 1 2 196.000 -0.968 243051.13 989530.00
1484944479069 455 1 2 196.000 -0.968 239530.00 936898.42
1484944479073 456 1 2 196.000 -0.968 243051.13 936898.42
1484944479076 457 1 2 196.000 -0.968 239530.00 936898.42
1484944479079 458 1 2 196.000 -0.968 239530.00 989530.00
1484944479083 459 1 2 196.000 -0.968 243051.13 989530.00
1484944479086 460 1 2 196.000 -0.484 243051.13 989530.00
1484944479090 461 1 2 196.000 -0.968 243051.13 989530.00
1484944479093 462 1 2 196.000 -0.968 243051.13 936898.42
1484944479096 463 1 2 196.000 -0.968 239530.00 936898.42
1484944479100 464 1 2 196.000 -0.968 239530.00 936898.42
1484944479103 465 1 2 196.000 -0.968 239530.00 989530.00
1484944479106 466 1 2 196.000 -0.484 239530.00 936898.42
1484944479110 467 1 2 196.000 -0.968 243051.13 889530.00
1484944479113 468 1 2 196.000 -0.968 243051.13 989530.00
1484944479117 469 1 2 196.000 -0.968 239530.00 936898.42
1484944479120 470 1 2 196.000 -0.968 243051.13 989530.00
1484944479123 471 1 2 196.000 -0.968 239530.00 989530.00
1484944479127 472 1 2 196.000 -0.968 243051.13 989530.00
1484944479130 473 1 2 196.000 -0.968 239530.00 989530.00
1484944479134 474 1 2 196.000 -0.968 246672.86 989530.00
1484944479137 475 1 2 196.000 -0.484 243051.13 989530.00
1484944479140 476 1 2 196.000 -0.484 239530.00 1048353.53
1484944479144 477 1 2 196.000 -0.484 243051.13 936898.42
1484944479147 478 1 2 196.000 -0.968 243051.13 989530.00
1484944479150 479 1 2 196.000 -0.484 243051.13 989530.00
1484944479154 480 1 2 196.000 -0.968 239530.00 989530.00
1484944479157 481 1 2 196.000 -0.968 243051.13 989530.00
1484944479161 482 1 2 196.000 -0.968 246672.86 989530.00
1484944479164 483 1 2 196.000 -0.484 243051.13 989530.00
1484944479168 484 1 2 196.000 -0.484 243051.13 989530.00
1484944479171 485 1 2 196.000 -0.968 243051.13 989530.00
1484944479174 486 1 2 196.000 -0.484 246672.86 989530.00
1484944479178 487 1 2 196.000 -0.968 246672.86 889530.00
1484944479181 488 1 2 196.000 -0.484 250399.57 936898.42
1484944479184 489 1 2 196.000 -0.968 250399.57 889530.00
1484944479188 490 1 2 196.000 -0.484 246672.86 989530.00
1484944479191 491 1 2 196.000 -0.968 254235.88 989530.00
1484944479195 492 1 2 196.000 -0.968 250399.57 989530.00
1484944479198 493 1 2 196.000 -0.484 246672.86 989530.00
1484944479201 494 1 2 196.000 -0.484 246672.86 1048353.53
1484944479205 495 1 2 196.000 -0.484 246672.86 936898.42
1484944479208 496 1 2 196.000 -0.968 243051.13 1048353.53
1484944479212 497 1 2 196.000 -0.968 243051.13 989530.00
1484944479215 498 1 2 196.000 -0.968 243051.13 989530.00
1484944479218 499 1 2 196.000 -0.484 239530.00 989530.00
1484944479222 500 1 2 196.000 -0.484 239530.00 989530.00
1484944479225 501 1 2 196.000 -0.968 239530.00 936898.42
1484944479229 502 1 2 196.000 -0.484 239530.00 936898.42
1484944479232 503 1 2 196.000 -0.484 239530.00 989530.00
1484944479235 504 1 2 196.000 -0.484 239530.00 989530.00
1484944479239 505 1 2 196.000 -0.968 239530.00 1048353.53
1484944479242 506 1 2 196.000 -0.484 232773.24 989530.00
1484944479246 507 1 2 196.000 -0.484 239530.00 1048353.53
1484944479249 508 1 2 196.000 -0.484 239530.00 989530.00
1484944479252 509 1 2 196.000 -0.484 239530.00 989530.00
1484944479256 510 2 2 196.000 -0.484 232773.24 989530.00
1484944479260 511 2 1 196.000 -0.484 236105.34 989530.00
1484944479263 512 2 1 196.000 -0.484 236105.34 989530.00
1484944479267 513 2 1 196.000 -0.968 232773.24 936898.42
1484944479277 514 2 1 196.000 -0.484 236105.34 1048353.53
1484944479281 515 2 1 196.000 -0.484 236105.34 989530.00
1484944479284 516 2 1 196.000 -0.484 239530.00 1374145.38
1484944479294 517 2 1 196.000 -0.484 232773.24 1189530.00
1484944479304 518 2 1 196.000 -0.484 232773.24 1189530.00
1484944479308 519 2 1 196.000 -0.484 239530.00 1114530.00
1484944479313 520 2 1 196.000 -0.968 239530.00 1114530.00
1484944479319 521 2 1 196.000 -0.484 236105.34 1189530.00
1484944479322 522 2 1 196.000 -0.484 232773.24 1048353.53
1484944479326 523 2 1 196.000 -0.968 236105.34 1114530.00
1484944479329 524 2 1 196.000 -0.968 236105.34 1189530.00
1484944479333 525 2 1 196.000 -0.484 236105.34 1048353.53
1484944479336 526 2 1 196.000 -0.968 232773.24 1374145.38
1484944479340 527 2 1 196.000 -0.968 232773.24 1989530.00
1484944479343 528 2 1 196.000 -0.968 232773.24 1374145.38
1484944479346 529 2 1 196.000 -0.968 232773.24 1489530.00
1484944479350 530 2 1 196.000 -0.484 232773.24 1374145.38
1484944479353 531 2 1 196.000 -0.484 236105.34 1789530.00
1484944479357 532 2 1 196.000 3.386 239530.00 989530.00
1484944479360 533 2 1 196.000 9.192 239530.00 1048353.53
1484944479363 534 2 1 196.000 0.484 236105.34 4489530.00
1484944479367 535 2 1 196.000 4.838 239530.00 1189530.00
1484944479370 536 2 1 196.000 0.000 239530.00 1114530.00
1484944479373 537 2 1 196.000 -0.968 236105.34 1114530.00
1484944479377 538 2 1 196.000 -0.968 236105.34 1048353.53
1484944479380 539 2 1 196.000 2.419 239530.00 989530.00
1484944479384 540 2 1 196.000 0.000 239530.00 1048353.53
1484944479387 541 2 1 196.000 -0.968 239530.00 989530.00
1484944479390 542 2 1 196.000 -0.484 239530.00 1048353.53
1484944479394 543 2 1 196.000 -0.484 236105.34 1048353.53
1484944479397 544 2 1 196.000 -0.484 232773.24 1048353.53
1484944479401 545 2 1 196.000 -0.484 232773.24 1048353.53
1484944479404 546 2 1 196.000 -0.968 232773.24 1048353.53
1484944479407 547 2 1 196.000 -0.968 239530.00 989530.00
1484944479412 548 2 1 196.000 -0.968 239530.00 1048353.53
1484944479415 549 2 1 196.000 -0.484 239530.00 1048353.53
1484944479418 550 2 1 196.000 -0.484 236105.34 989530.00
1484944479422 551 2 1 196.000 -0.484 239530.00 989530.00
1484944479425 552 2 1 196.000 -0.968 232773.24 1048353.53
1484944479429 553 2 1 196.000 -0.484 236105.34 989530.00
1484944479432 554 2 1 196.000 -0.968 236105.34 989530.00
1484944479436 555 2 1 196.000 -0.968 236105.34 989530.00
1484944479439 556 2 1 196.000 -0.968 232773.24 1048353.53
1484944479442 557 2 1 196.000 -0.484 239530.00 989530.00
1484944479446 558 2 1 196.000 -0.968 236105.34 989530.00
1484944479449 559 2 1 196.000 -0.968 232773.24 1048353.53
1484944479453 560 2 1 196.000 -0.484 232773.24 989530.00
1484944479456 561 2 1 196.000 -0.968 232773.24 989530.00
1484944479459 562 2 1 196.000 -0.968 236105.34 1048353.53
1484944479463 563 2 1 196.000 -0.484 229530.00 989530.00
1484944479466 564 2 1 196.000 -0.968 236105.34 1048353.53
1484944479470 565 2 1 196.000 -0.484 236105.34 989530.00
1484944479474 566 2 1 196.000 -0.484 239530.00 989530.00
1484944479478 567 2 1 196.000 -0.968 232773.24 1048353.53
1484944479481 568 2 1 196.000 -0.968 239530.00 989530.00
1484944479485 569 2 1 196.000 -0.968 236105.34 1048353.53
1484944479488 570 2 1 196.000 -0.968 232773.24 1048353.53
1484944479492 571 2 1 196.000 -0.968 232773.24 989530.00
1484944479495 572 2 1 196.000 -0.968 232773.24 989530.00
1484944479499 573 2 1 196.000 -0.968 232773.24 1048353.53
1484944479502 574 2 1 196.000 -0.484 236105.34 1048353.53
1484944479505 575 2 1 196.000 -0.968 232773.24 1048353.53
1484944479509 576 2 1 196.000 -0.968 232773.24 989530.00
1484944479512 577 2 1 196.000 -0.968 236105.34 1048353.53
1484944479516 578 2 1 196.000 -0.968 236105.34 989530.00
1484944479519 579 2 1 196.000 -0.968 232773.24 989530.00
1484944479522 580 2 1 196.000 -0.484 236105.34 989530.00
1484944479526 581 2 1 196.000 -0.968 232773.24 1114530.00
1484944479529 582 2 1 196.000 -0.968 232773.24 989530.00
1484944479533 583 2 1 196.000 -0.484 232773.24 989530.00
1484944479536 584 2 1 196.000 -0.968 232773.24 989530.00
1484944479539 585 2 1 196.000 -0.484 232773.24 989530.00
1484944479543 586 2 1 196.000 -0.968 232773.24 989530.00
1484944479546 587 2 1 196.000 -0.968 229530.00 989530.00
1484944479550 588 2 1 196.000 -0.484 232773.24 989530.00
1484944479553 589 2 1 196.000 -0.968 232773.24 1048353.53
1484944479556 590 2 1 196.000 -0.484 232773.24 1189530.00
1484944479560 591 2 1 196.000 -0.968 232773.24 1114530.00
1484944479563 592 2 1 196.000 -0.484 229530.00 1048353.53
1484944479567 593 2 1 196.000 -0.968 229530.00 1048353.53
1484944479570 594 2 1 196.000 -0.484 229530.00 1048353.53
1484944479573 595 2 1 196.000 -0.968 232773.24 936898.42
1484944479577 596 2 1 196.000 -0.968 232773.24 936898.42
1484944479580 597 2 1 196.000 -0.968 226372.11 889530.00
1484944479584 598 2 1 196.000 -0.484 223296.23 889530.00
1484944479587 599 2 1 196.000 -0.968 229530.00 889530.00
1484944479590 600 2 1 196.000 -0.484 226372.11 889530.00
1484944479594 601 2 1 196.000 -0.484 220299.23 846672.86
1484944479597 602 2 1 196.000 -0.968 217378.10 846672.86
1484944479601 603 2 1 196.000 -0.484 217378.10 772138.70
1484944479604 604 2 1 196.000 -0.968 198832.33 807711.82
1484944479607 605 2 1 196.000 -0.968 217378.10 552030.00
1484944479611 606 2 1 196.000 -0.484 185182.17 1374145.38
1484944479614 607 2 1 196.000 -0.484 143376.15 150244.29
1484944479617 608 2 1 196.000 -0.968 72098.81 36405.00
1484944479621 609 2 1 196.000 -0.484 44241.25 24893.46
1484944479624 610 2 1 196.000 43.539 36650.42 22679.17
1484944479629 611 2 1 196.000 35.315 29265.10 18941.76
1484944479632 612 2 1 196.000 45.958 25244.29 15884.32
1484944479636 613 2 1 196.000 60.471 22197.88 14846.46
1484944479646 614 2 1 196.000 87.079 15244.29 14053.16
1484944479650 615 2 1 196.000 94.819 13183.09 13059.41
1484944479653 616 2 1 196.000 103.043 10656.76 9310.22
1484944479666 617 2 1 196.000 131.102 10267.33 7602.29
1484944479669 618 2 1 196.000 137.391 9938.16 8144.27
1484944479678 619 2 1 196.000 114.653 9463.55 10172.20
1484944479682 620 2 1 196.000 117.556 9223.65 7693.47
1484944479686 621 2 1 196.000 128.683 9052.78 6721.98
1484944479690 622 2 1 196.000 128.199 8989.46 7281.48
1484944479694 623 2 1 196.000 122.877 9159.23 6672.86
1484944479697 624 2 1 196.000 115.137 9310.22 6089.34
1484944479701 625 2 1 196.000 109.816 9507.80 6058.93
1484944479704 626 2 1 196.000 109.816 9552.25 5572.78
1484944479708 627 2 1 196.000 109.816 9530.00 7369.44
1484944479711 628 2 1 196.000 112.718 9732.02 5333.34
1484944479715 629 2 1 196.000 110.299 9891.99 5209.44
1484944479718 630 2 1 196.000 107.397 10172.20 4940.96
1484944479721 631 2 1 196.000 103.527 10460.23 4567.59
1484944479725 632 2 1 196.000 103.043 10656.76 4517.51
1484944479728 633 2 1 196.000 103.527 10958.57 4308.33
1484944479732 634 2 1 196.000 104.494 11190.65 4164.15
1484944479735 635 2 1 196.000 104.494 11427.81 4116.71
1484944479738 636 2 1 196.000 104.494 11615.89 4211.89
1484944479742 637 2 1 196.000 103.043 11918.06 4381.49
1484944479745 638 2 1 196.000 102.559 12143.07 4993.92
1484944479748 639 2 1 196.000 102.559 12286.01 4901.48
1484944479752 640 2 1 196.000 103.043 12343.69 4259.95
1484944479755 641 2 1 196.000 103.043 12459.94 4284.10
1484944479759 642 2 1 196.000 103.043 12636.55 4517.51
1484944479762 643 2 2 196.000 103.043 12785.81 4381.49
1484944479765 644 2 2 196.000 102.075 12906.62 4152.26
1484944479769 645 2 2 196.000 101.108 12937.02 4022.75
1484944479772 646 2 2 196.000 101.592 12967.50 3941.53
1484944479776 647 2 2 196.000 102.075 13090.21 3999.45
1484944479779 648 2 2 196.000 102.075 13183.09 3941.53
1484944479783 649 2 2 196.000 102.075 13339.52 4034.43
1484944479786 650 2 2 196.000 101.592 13402.68 4046.13
1484944479790 651 2 2 196.000 100.624 13498.04 3964.64
1484944479793 652 2 2 196.000 100.140 13594.17 3987.83
1484944479796 653 2 2 196.000 99.657 13594.17 5319.47
1484944479800 654 2 2 196.000 99.657 13658.69 5417.03
1484944479803 655 2 2 196.000 99.173 13691.07 4875.27
1484944479807 656 2 2 196.000 98.205 13788.76 5819.59
1484944479810 657 2 2 196.000 97.238 13756.11 7566.07
1484944479813 658 2 2 196.000 95.303 13821.50 5074.04
1484944479817 659 2 2 196.000 88.530 13756.11 4308.33
1484944479820 660 2 2 196.000 79.338 13691.07 4530.00
1484944479824 661 2 2 196.000 59.020 13821.50 4771.32
1484944479827 662 2 2 196.000 43.055 14120.16 4836.12
1484944479830 663 2 2 196.000 29.510 14460.75 5673.50
1484944479834 664 2 2 196.000 17.899 15354.96 6399.73
1484944479837 665 2 2 196.000 8.708 17137.36 7822.68
1484944479842 666 2 2 196.000 -0.484 19731.34 11752.22
1484944479845 667 2 2 196.000 -0.484 23112.09 20943.61
1484944479849 668 2 2 196.000 -0.968 27909.53 74838.06
1484944479859 669 2 2 196.000 -0.484 57199.17 104914.62
1484944479863 670 2 2 196.000 -0.968 71348.18 142072.37
1484944479866 671 2 2 196.000 -0.484 109530.00 279852.58
1484944479875 672 2 2 196.000 -0.484 121882.94 329152.64
1484944479884 673 2 2 196.000 -0.968 138290.33 418101.43
1484944479889 674 2 2 196.000 -0.484 162606.92 463214.21
1484944479896 675 2 2 196.000 -0.484 175097.01 489530.00
1484944479900 676 2 2 196.000 -0.968 181019.36 503815.71
1484944479903 677 2 2 196.000 -0.968 185182.17 518941.76
1484944479907 678 2 2 196.000 -0.484 196426.55 534984.55
1484944479910 679 2 2 196.000 -0.968 198832.33 570175.16
1484944479914 680 2 2 196.000 -0.484 198832.33 570175.16
1484944479917 681 2 2 196.000 -0.484 201294.71 589530.00
1484944479921 682 2 2 196.000 -0.968 203815.71 610219.66
1484944479924 683 2 2 196.000 -0.968 209042.20 632387.14
1484944479927 684 2 2 196.000 -0.968 211752.22 656196.67
1484944479931 685 2 2 196.000 -0.484 211752.22 656196.67
1484944479934 686 2 2 196.000 -0.484 217378.10 681837.69
1484944479938 687 2 2 196.000 -0.968 214530.00 681837.69
1484944479941 688 2 2 196.000 -0.968 217378.10 656196.67
1484944479944 689 2 2 196.000 -0.968 217378.10 709530.00
1484944479948 690 2 2 196.000 -0.484 226372.11 739530.00
1484944479951 691 2 2 196.000 -0.968 226372.11 709530.00
1484944479954 692 2 2 196.000 -0.484 226372.11 739530.00
1484944479958 693 2 2 196.000 -0.968 232773.24 709530.00
1484944479961 694 2 2 196.000 -0.484 236105.34 739530.00
1484944479965 695 2 2 196.000 -0.484 239530.00 772138.70
1484944479968 696 2 2 196.000 -0.968 239530.00 772138.70
1484944479971 697 2 2 196.000 -0.484 243051.13 772138.70
1484944479975 698 2 2 196.000 -0.484 246672.86 772138.70
1484944479978 699 2 2 196.000 -0.968 243051.13 772138.70
1484944479982 700 2 2 196.000 -0.968 250399.57 807711.82
1484944479985 701 2 2 196.000 -0.968 243051.13 772138.70
1484944479988 702 2 2 196.000 -0.968 250399.57 772138.70
1484944479992 703 2 2 196.000 -0.484 246672.86 846672.86
1484944479995 704 2 2 196.000 -0.484 246672.86 807711.82
1484944479999 705 2 2 196.000 -0.484 250399.57 772138.70
1484944480002 706 2 2 196.000 -0.968 246672.86 772138.70
1484944480005 707 2 2 196.000 -0.968 254235.88 807711.82
1484944480009 708 2 2 196.000 -0.968 254235.88 772138.70
1484944480012 709 2 2 196.000 -0.968 250399.57 807711.82
1484944480015 710 2 2 196.000 -0.968 250399.57 772138.70
1484944480019 711 2 2 196.000 -0.484 250399.57 807711.82
1484944480022 712 2 2 196.000 -0.968 246672.86 807711.82
1484944480026 713 2 2 196.000 -0.484 246672.86 807711.82
1484944480029 714 2 2 196.000 -0.968 246672.86 772138.70
1484944480032 715 2 2 196.000 -0.968 243051.13 772138.70
1484944480036 716 2 2 196.000 -0.484 250399.57 807711.82
1484944480039 717 2 2 196.000 -0.484 250399.57 807711.82
1484944480043 718 2 2 196.000 -0.484 246672.86 772138.70
1484944480046 719 2 2 196.000 -0.968 246672.86 846672.86
1484944480050 720 2 2 196.000 -0.968 250399.57 807711.82
1484944480053 721 2 2 196.000 -0.968 250399.57 739530.00
1484944480056 722 2 2 196.000 -0.968 254235.88 807711.82
1484944480060 723 2 2 196.000 -0.968 254235.88 807711.82
1484944480063 724 2 2 196.000 -0.484 250399.57 807711.82
1484944480067 725 2 2 196.000 -0.968 250399.57 846672.86
1484944480070 726 2 2 196.000 -0.968 246672.86 772138.70
1484944480073 727 2 2 196.000 -0.968 246672.86 846672.86
1484944480077 728 2 2 196.000 -0.968 246672.86 889530.00
1484944480081 729 2 2 196.000 -0.968 246672.86 846672.86
1484944480084 730 2 2 196.000 -0.968 250399.57 846672.86
1484944480088 731 2 2 196.000 -0.484 250399.57 846672.86
1484944480091 732 2 2 196.000 -0.968 250399.57 846672.86
1484944480096 733 2 2 196.000 -0.484 239530.00 889530.00
1484944480099 734 2 2 196.000 -0.968 246672.86 889530.00
1484944480104 735 2 2 196.000 -0.968 246672.86 889530.00
1484944480107 736 2 2 196.000 -0.968 250399.57 846672.86
1484944480111 737 2 2 196.000 -0.484 246672.86 889530.00
1484944480114 738 2 2 196.000 -0.968 243051.13 889530.00
1484944480118 739 2 2 196.000 -0.968 250399.57 889530.00
1484944480121 740 2 2 196.000 -0.484 246672.86 889530.00
1484944480124 741 2 2 196.000 -0.484 243051.13 889530.00
1484944480128 742 2 2 196.000 -0.968 243051.13 889530.00
1484944480131 743 2 2 196.000 -0.484 243051.13 889530.00
1484944480135 744 2 2 196.000 -0.484 246672.86 889530.00
1484944480138 745 2 2 196.000 -0.484 250399.57 989530.00
1484944480141 746 2 2 196.000 -0.968 246672.86 936898.42
1484944480145 747 2 2 196.000 -0.968 246672.86 889530.00
1484944480148 748 2 2 196.000 -0.968 246672.86 936898.42
1484944480151 749 2 2 196.000 -0.968 246672.86 889530.00
1484944480155 750 2 2 196.000 -0.968 246672.86 889530.00
1484944480158 751 2 2 196.000 -0.968 243051.13 936898.42
1484944480162 752 2 2 196.000 -0.968 239530.00 989530.00
1484944480165 753 2 2 196.000 -0.968 239530.00 936898.42
1484944480168 754 2 2 196.000 -0.484 243051.13 936898.42
1484944480172 755 2 2 196.000 -0.484 239530.00 846672.86
1484944480175 756 2 2 196.000 -0.484 246672.86 989530.00
1484944480179 757 2 2 196.000 -0.968 243051.13 889530.00
1484944480182 758 2 2 196.000 -0.968 246672.86 936898.42
1484944480185 759 2 2 196.000 -0.968 243051.13 846672.86
1484944480189 760 2 2 196.000 -0.968 246672.86 889530.00
1484944480192 761 2 2 196.000 -0.968 246672.86 889530.00
1484944480195 762 2 2 196.000 -0.484 239530.00 846672.86
1484944480199 763 2 2 196.000 -0.968 246672.86 846672.86
1484944480203 764 2 2 196.000 -0.484 246672.86 889530.00
1484944480206 765 2 2 196.000 -0.484 246672.86 936898.42
1484944480209 766 2 2 196.000 -0.484 246672.86 936898.42
1484944480213 767 2 2 196.000 -0.968 246672.86 936898.42
1484944480216 768 2 2 196.000 -0.968 254235.88 936898.42
1484944480220 769 2 2 196.000 -0.484 250399.57 936898.42
1484944480223 770 2 2 196.000 -0.484 250399.57 936898.42
1484944480227 771 2 2 196.000 -0.968 246672.86 936898.42
1484944480230 772 2 2 196.000 -0.968 243051.13 936898.42
1484944480234 773 2 2 196.000 -0.968 246672.86 936898.42
1484944480237 774 2 2 196.000 -0.968 243051.13 936898.42
1484944480240 775 2 2 196.000 -0.968 243051.13 936898.42
1484944480244 776 2 2 196.000 -0.484 246672.86 936898.42
1484944480247 777 2 2 196.000 -0.484 246672.86 889530.00
1484944480250 778 2 2 196.000 -0.484 246672.86 936898.42
1484944480254 779 2 2 196.000 -0.484 254235.88 989530.00
1484944480257 780 2 2 196.000 -0.484 243051.13 989530.00
1484944480261 781 2 2 196.000 -0.484 246672.86 989530.00
1484944480264 782 3 2 196.000 -0.484 243051.13 936898.42
