Serial_number: 0 
Time Data_Count Cycle State Desired_force_(psi) Measured_force_(psi) Toe_sensor Heel_Sensor
1447361907818 0 0 0 196.000 0.000 0.00 0.00
1447361907854 1 0 1 196.000 0.000 0.00 0.00
1447361907897 2 0 1 196.000 0.000 0.00 0.00
1447361907930 3 0 1 196.000 0.000 0.00 0.00
1447361907965 4 0 1 196.000 0.000 0.00 0.00
1447361907996 5 0 1 196.000 0.000 0.00 0.00
1447361908027 6 0 1 196.000 0.000 0.00 0.00
1447361908058 7 0 2 196.000 0.000 0.00 0.00
1447361908090 8 0 2 196.000 0.000 0.00 0.00
1447361908121 9 0 2 196.000 0.000 0.00 0.00
1447361908152 10 0 2 196.000 0.000 0.00 0.00
1447361908183 11 0 2 196.000 0.000 0.00 0.00
1447361908214 12 0 2 196.000 0.000 0.00 0.00
1447361908245 13 0 2 196.000 0.000 0.00 0.00
1447361908276 14 0 2 196.000 0.000 0.00 0.00
1447361908308 15 0 2 196.000 0.000 0.00 0.00
1447361908339 16 0 2 196.000 0.000 0.00 0.00
1447361908370 17 0 2 196.000 0.000 0.00 0.00
1447361908401 18 0 2 196.000 0.000 0.00 0.00
1447361908432 19 0 2 196.000 0.000 0.00 0.00
1447361908464 20 0 2 196.000 0.000 0.00 0.00
1447361908495 21 0 2 196.000 0.000 0.00 0.00
1447361908526 22 0 2 196.000 0.000 0.00 0.00
1447361908557 23 1 2 196.000 0.000 0.00 0.00
1447361908588 24 1 1 196.000 0.000 0.00 0.00
1447361908620 25 1 1 196.000 0.000 0.00 0.00
1447361908651 26 1 1 196.000 0.000 0.00 0.00
1447361908682 27 1 1 196.000 0.000 0.00 0.00
1447361908713 28 1 1 196.000 0.000 0.00 0.00
1447361908744 29 1 1 196.000 0.000 0.00 0.00
1447361908775 30 1 1 196.000 0.000 0.00 0.00
1447361908807 31 1 2 196.000 0.000 0.00 0.00
1447361908838 32 1 2 196.000 0.000 0.00 0.00
1447361908869 33 1 2 196.000 0.000 0.00 0.00
1447361908900 34 1 2 196.000 0.000 0.00 0.00
1447361908931 35 1 2 196.000 0.000 0.00 0.00
1447361908962 36 1 2 196.000 0.000 0.00 0.00
1447361908993 37 1 2 196.000 0.000 0.00 0.00
1447361909024 38 1 2 196.000 0.000 0.00 0.00
1447361909056 39 1 2 196.000 0.000 0.00 0.00
1447361909087 40 1 2 196.000 0.000 0.00 0.00
1447361909118 41 1 2 196.000 0.000 0.00 0.00
1447361909149 42 1 2 196.000 0.000 0.00 0.00
1447361909181 43 1 2 196.000 0.000 0.00 0.00
1447361909212 44 1 2 196.000 0.000 0.00 0.00
1447361909243 45 1 2 196.000 0.000 0.00 0.00
1447361909274 46 1 2 196.000 0.000 0.00 0.00
1447361909305 47 2 2 196.000 0.000 0.00 0.00
1447361909337 48 2 1 196.000 0.000 0.00 0.00
1447361909368 49 2 1 196.000 0.000 0.00 0.00
1447361909399 50 2 1 196.000 0.000 0.00 0.00
1447361909430 51 2 1 196.000 0.000 0.00 0.00
1447361909461 52 2 1 196.000 0.000 0.00 0.00
1447361909493 53 2 1 196.000 0.000 0.00 0.00
1447361909524 54 2 1 196.000 0.000 0.00 0.00
1447361909555 55 2 2 196.000 0.000 0.00 0.00
1447361909586 56 2 2 196.000 0.000 0.00 0.00
1447361909617 57 2 2 196.000 0.000 0.00 0.00
1447361909651 58 2 2 196.000 0.000 0.00 0.00
1447361909683 59 2 2 196.000 0.000 0.00 0.00
1447361909714 60 2 2 196.000 0.000 0.00 0.00
1447361909745 61 2 2 196.000 0.000 0.00 0.00
1447361909776 62 2 2 196.000 0.000 0.00 0.00
1447361909807 63 2 2 196.000 0.000 0.00 0.00
1447361909839 64 2 2 196.000 0.000 0.00 0.00
1447361909870 65 2 2 196.000 0.000 0.00 0.00
1447361909901 66 2 2 196.000 0.000 0.00 0.00
1447361909932 67 2 2 196.000 0.000 0.00 0.00
1447361909963 68 2 2 196.000 0.000 0.00 0.00
1447361909994 69 2 2 196.000 0.000 0.00 0.00
1447361910026 70 3 2 196.000 0.000 0.00 0.00
1447361910057 71 3 1 196.000 0.000 0.00 0.00
1447361910088 72 3 1 196.000 0.000 0.00 0.00
1447361910119 73 3 1 196.000 0.000 0.00 0.00
1447361910150 74 3 1 196.000 0.000 0.00 0.00
1447361910181 75 3 1 196.000 0.000 0.00 0.00
1447361910213 76 3 1 196.000 0.000 0.00 0.00
1447361910244 77 3 1 196.000 0.000 0.00 0.00
1447361910275 78 3 2 196.000 0.000 0.00 0.00
1447361910306 79 3 2 196.000 0.000 0.00 0.00
1447361910337 80 3 2 196.000 0.000 0.00 0.00
1447361910368 81 3 2 196.000 0.000 0.00 0.00
1447361910399 82 3 2 196.000 0.000 0.00 0.00
1447361910430 83 3 2 196.000 0.000 0.00 0.00
1447361910462 84 3 2 196.000 0.000 0.00 0.00
1447361910493 85 3 2 196.000 0.000 0.00 0.00
1447361910524 86 3 2 196.000 0.000 0.00 0.00
1447361910555 87 3 2 196.000 0.000 0.00 0.00
1447361910586 88 3 2 196.000 0.000 0.00 0.00
1447361910618 89 3 2 196.000 0.000 0.00 0.00
1447361910649 90 3 2 196.000 0.000 0.00 0.00
1447361910680 91 3 2 196.000 0.000 0.00 0.00
1447361910712 92 3 2 196.000 0.000 0.00 0.00
1447361910743 93 3 2 196.000 0.000 0.00 0.00
1447361910774 94 4 2 196.000 0.000 0.00 0.00
1447361910805 95 4 1 196.000 0.000 0.00 0.00
1447361910836 96 4 1 196.000 0.000 0.00 0.00
1447361910867 97 4 1 196.000 0.000 0.00 0.00
1447361910898 98 4 1 196.000 0.000 0.00 0.00
1447361910930 99 4 1 196.000 0.000 0.00 0.00
1447361910961 100 4 1 196.000 0.000 0.00 0.00
1447361910993 101 4 1 196.000 0.000 0.00 0.00
1447361911024 102 4 2 196.000 0.000 0.00 0.00
1447361911058 103 4 2 196.000 0.000 0.00 0.00
1447361911091 104 4 2 196.000 0.000 0.00 0.00
1447361911122 105 4 2 196.000 0.000 0.00 0.00
1447361911153 106 4 2 196.000 0.000 0.00 0.00
1447361911185 107 4 2 196.000 0.000 0.00 0.00
1447361911216 108 4 2 196.000 0.000 0.00 0.00
1447361911247 109 4 2 196.000 0.000 0.00 0.00
1447361911278 110 4 2 196.000 0.000 0.00 0.00
1447361911309 111 4 2 196.000 0.000 0.00 0.00
1447361911341 112 4 2 196.000 0.000 0.00 0.00
1447361911372 113 4 2 196.000 0.000 0.00 0.00
1447361911403 114 4 2 196.000 0.000 0.00 0.00
1447361911434 115 4 2 196.000 0.000 0.00 0.00
1447361911465 116 4 2 196.000 0.000 0.00 0.00
1447361911496 117 5 2 196.000 0.000 0.00 0.00
1447361911528 118 5 1 196.000 0.000 0.00 0.00
1447361911559 119 5 1 196.000 0.000 0.00 0.00
1447361911590 120 5 1 196.000 0.000 0.00 0.00
1447361911621 121 5 1 196.000 0.000 0.00 0.00
1447361911652 122 5 1 196.000 0.000 0.00 0.00
1447361911683 123 5 1 196.000 0.000 0.00 0.00
1447361911715 124 5 1 196.000 0.000 0.00 0.00
1447361911746 125 5 2 196.000 0.000 0.00 0.00
1447361911777 126 5 2 196.000 0.000 0.00 0.00
1447361911808 127 5 2 196.000 0.000 0.00 0.00
1447361911839 128 5 2 196.000 0.000 0.00 0.00
1447361911870 129 5 2 196.000 0.000 0.00 0.00
1447361911901 130 5 2 196.000 0.000 0.00 0.00
1447361911933 131 5 2 196.000 0.000 0.00 0.00
1447361911964 132 5 2 196.000 0.000 0.00 0.00
1447361911995 133 5 2 196.000 0.000 0.00 0.00
1447361912026 134 5 2 196.000 0.000 0.00 0.00
1447361912058 135 5 2 196.000 0.000 0.00 0.00
1447361912089 136 5 2 196.000 0.000 0.00 0.00
1447361912120 137 5 2 196.000 0.000 0.00 0.00
1447361912151 138 5 2 196.000 0.000 0.00 0.00
1447361912182 139 5 2 196.000 0.000 0.00 0.00
1447361912213 140 5 2 196.000 0.000 0.00 0.00
1447361912245 141 6 2 196.000 0.000 0.00 0.00
1447361912276 142 6 1 196.000 0.000 0.00 0.00
1447361912307 143 6 1 196.000 0.000 0.00 0.00
1447361912338 144 6 1 196.000 0.000 0.00 0.00
1447361912369 145 6 1 196.000 0.000 0.00 0.00
1447361912401 146 6 1 196.000 0.000 0.00 0.00
1447361912432 147 6 1 196.000 0.000 0.00 0.00
1447361912463 148 6 1 196.000 0.000 0.00 0.00
1447361912494 149 6 2 196.000 0.000 0.00 0.00
1447361912525 150 6 2 196.000 0.000 0.00 0.00
1447361912557 151 6 2 196.000 0.000 0.00 0.00
1447361912588 152 6 2 196.000 0.000 0.00 0.00
1447361912619 153 6 2 196.000 0.000 0.00 0.00
1447361912650 154 6 2 196.000 0.000 0.00 0.00
1447361912681 155 6 2 196.000 0.000 0.00 0.00
1447361912712 156 6 2 196.000 0.000 0.00 0.00
1447361912743 157 6 2 196.000 0.000 0.00 0.00
1447361912774 158 6 2 196.000 0.000 0.00 0.00
1447361912806 159 6 2 196.000 0.000 0.00 0.00
1447361912837 160 6 2 196.000 0.000 0.00 0.00
1447361912868 161 6 2 196.000 0.000 0.00 0.00
1447361912899 162 6 2 196.000 0.000 0.00 0.00
1447361912930 163 6 2 196.000 0.000 0.00 0.00
1447361912962 164 6 2 196.000 0.000 0.00 0.00
1447361912993 165 7 2 196.000 0.000 0.00 0.00
1447361913024 166 7 1 196.000 0.000 0.00 0.00
1447361913055 167 7 1 196.000 0.000 0.00 0.00
1447361913086 168 7 1 196.000 0.000 0.00 0.00
1447361913117 169 7 1 196.000 0.000 0.00 0.00
1447361913149 170 7 1 196.000 0.000 0.00 0.00
1447361913180 171 7 1 196.000 0.000 0.00 0.00
1447361913211 172 7 1 196.000 0.000 0.00 0.00
1447361913243 173 7 2 196.000 0.000 0.00 0.00
1447361913274 174 7 2 196.000 0.000 0.00 0.00
1447361913305 175 7 2 196.000 0.000 0.00 0.00
1447361913336 176 7 2 196.000 0.000 0.00 0.00
1447361913367 177 7 2 196.000 0.000 0.00 0.00
1447