Serial_number: 140 
Time Data_Count Cycle State Desired_force_(psi) Measured_force_(psi) Toe_sensor Heel_Sensor
1487876305919 0 0 0 100.000 0.484 47594.52 43261.34
1487876305960 1 0 1 100.000 0.000 46854.84 42784.44
1487876305974 2 0 1 100.000 0.484 47037.99 43584.05
1487876305988 3 0 1 100.000 0.484 47594.52 43422.22
1487876306008 4 0 1 100.000 0.484 47407.81 43584.05
1487876306027 5 0 1 100.000 0.484 47037.99 43422.22
1487876306047 6 0 1 100.000 0.000 47222.31 43584.05
1487876306056 7 0 1 100.000 0.000 47407.81 43910.66
1487876306081 8 0 1 100.000 0.000 47594.52 43422.22
1487876306100 9 0 1 100.000 -0.484 47594.52 44075.45
1487876306117 10 0 1 100.000 0.000 110335.37 279852.58
1487876306133 11 0 1 100.000 -0.484 171348.18 656196.67
1487876306152 12 0 1 100.000 -0.484 189530.00 846672.86
1487876306166 13 0 1 100.000 -0.484 211752.22 1048353.53
1487876306170 14 0 1 100.000 0.000 217378.10 989530.00
1487876306178 15 0 1 100.000 -0.484 223296.23 989530.00
1487876306184 16 0 1 100.000 -0.484 229530.00 1114530.00
1487876306188 17 0 1 100.000 0.000 232773.24 1114530.00
1487876306200 18 0 1 100.000 0.000 239530.00 1048353.53
1487876306204 19 0 1 100.000 -0.484 250399.57 1048353.53
1487876306210 20 0 1 100.000 0.000 246672.86 1048353.53
1487876306217 21 0 1 100.000 -0.484 243051.13 1114530.00
1487876306221 22 0 1 100.000 0.000 246672.86 1114530.00
1487876306225 23 0 1 100.000 -0.484 246672.86 1114530.00
1487876306229 24 0 1 100.000 -0.484 246672.86 1189530.00
1487876306233 25 0 1 100.000 0.000 254235.88 1189530.00
1487876306237 26 0 1 100.000 -0.484 250399.57 1275244.29
1487876306245 27 0 1 100.000 0.000 254235.88 1275244.29
1487876306255 28 0 1 100.000 0.000 258186.72 1189530.00
1487876306259 29 0 1 100.000 -0.484 254235.88 1189530.00
1487876306265 30 0 1 100.000 -0.484 258186.72 1374145.38
1487876306273 31 0 1 100.000 -0.484 254235.88 1114530.00
1487876306281 32 0 1 100.000 0.000 258186.72 1275244.29
1487876306289 33 0 1 100.000 -0.484 262257.27 1275244.29
1487876306293 34 0 1 100.000 -0.484 262257.27 1275244.29
1487876306296 35 0 1 100.000 -0.484 258186.72 1275244.29
1487876306300 36 0 1 100.000 -0.484 258186.72 1275244.29
1487876306304 37 0 1 100.000 0.000 258186.72 1275244.29
1487876306308 38 0 1 100.000 0.000 254235.88 1275244.29
1487876306312 39 0 1 100.000 -0.484 254235.88 1189530.00
1487876306315 40 0 1 100.000 -0.484 262257.27 1374145.38
1487876306325 41 0 1 100.000 0.000 262257.27 1275244.29
1487876306331 42 0 1 100.000 0.000 262257.27 1275244.29
1487876306335 43 0 1 100.000 -0.484 254235.88 1275244.29
1487876306343 44 0 1 100.000 -0.484 254235.88 1374145.38
1487876306351 45 0 1 100.000 -0.484 258186.72 1374145.38
1487876306357 46 0 1 100.000 -0.484 254235.88 1275244.29
1487876306364 47 0 1 100.000 0.000 254235.88 1275244.29
1487876306371 48 0 1 100.000 -0.484 270780.00 1374145.38
1487876306375 49 0 1 100.000 0.000 258186.72 1114530.00
1487876306379 50 0 1 100.000 0.000 254235.88 1275244.29
1487876306386 51 0 1 100.000 -0.484 258186.72 1275244.29
1487876306398 52 0 1 100.000 -0.484 262257.27 1275244.29
1487876306402 53 0 1 100.000 -0.484 258186.72 1275244.29
1487876306406 54 0 1 100.000 0.000 254235.88 1275244.29
1487876306415 55 0 1 100.000 0.000 254235.88 1275244.29
1487876306420 56 0 1 100.000 -0.484 258186.72 1275244.29
1487876306428 57 0 1 100.000 -0.484 254235.88 1275244.29
1487876306432 58 0 1 100.000 -0.484 262257.27 1114530.00
1487876306436 59 0 1 100.000 -0.484 258186.72 1374145.38
1487876306440 60 0 1 100.000 -0.484 262257.27 1275244.29
1487876306446 61 0 1 100.000 -0.484 262257.27 1374145.38
1487876306450 62 0 1 100.000 -0.484 258186.72 1275244.29
1487876306454 63 0 1 100.000 0.000 262257.27 1275244.29
1487876306458 64 0 1 100.000 0.000 246672.86 1275244.29
1487876306467 65 0 1 100.000 -0.484 266453.08 1275244.29
1487876306474 66 0 1 100.000 -0.484 262257.27 1275244.29
1487876306478 67 0 1 100.000 -0.484 254235.88 1275244.29
1487876306487 68 0 1 100.000 0.000 258186.72 1625893.64
1487876306494 69 0 1 100.000 -0.484 254235.88 1374145.38
1487876306500 70 0 1 100.000 0.000 258186.72 1374145.38
1487876306504 71 0 1 100.000 0.000 258186.72 1489530.00
1487876306508 72 0 1 100.000 0.000 266453.08 1275244.29
1487876306512 73 0 1 100.000 -0.484 254235.88 1374145.38
1487876306516 74 0 1 100.000 -0.484 262257.27 1275244.29
1487876306520 75 0 1 100.000 -0.484 258186.72 1374145.38
1487876306524 76 0 1 100.000 -0.484 258186.72 1374145.38
1487876306528 77 0 1 100.000 0.000 254235.88 1275244.29
1487876306536 78 0 1 100.000 -0.484 258186.72 1275244.29
1487876306544 79 0 1 100.000 -0.484 254235.88 1114530.00
1487876306548 80 0 1 100.000 -0.484 250399.57 1275244.29
1487876306552 81 0 1 100.000 -0.484 254235.88 1275244.29
1487876306561 82 0 1 100.000 0.000 266453.08 1189530.00
1487876306567 83 0 1 100.000 0.000 254235.88 1275244.29
1487876306579 84 0 1 100.000 -0.484 254235.88 1275244.29
1487876306583 85 0 1 100.000 -0.484 254235.88 1275244.29
1487876306587 86 0 1 100.000 0.000 254235.88 1489530.00
1487876306591 87 0 1 100.000 0.000 254235.88 1275244.29
1487876306595 88 0 1 100.000 -0.484 254235.88 1189530.00
1487876306598 89 0 1 100.000 -0.484 258186.72 1374145.38
1487876306602 90 0 1 100.000 0.000 254235.88 1114530.00
1487876306614 91 0 1 100.000 0.000 258186.72 1275244.29
1487876306620 92 0 1 100.000 0.000 262257.27 1275244.29
1487876306624 93 0 1 100.000 -0.484 262257.27 1275244.29
1487876306628 94 0 1 100.000 -0.484 258186.72 1374145.38
1487876306639 95 0 1 100.000 0.000 262257.27 1489530.00
1487876306643 96 0 1 100.000 0.000 254235.88 1275244.29
1487876306649 97 0 1 100.000 -0.484 258186.72 1275244.29
1487876306653 98 0 1 100.000 -0.484 262257.27 1374145.38
1487876306657 99 0 1 100.000 0.000 258186.72 1275244.29
1487876306661 100 0 1 100.000 0.000 254235.88 1189530.00
1487876306665 101 0 1 100.000 -0.484 262257.27 1275244.29
1487876306669 102 0 1 100.000 0.000 266453.08 1189530.00
1487876306672 103 0 1 100.000 0.000 262257.27 1114530.00
1487876306676 104 0 1 100.000 0.000 254235.88 1275244.29
1487876306685 105 0 1 100.000 -0.484 258186.72 1275244.29
1487876306692 106 0 1 100.000 0.000 258186.72 1275244.29
1487876306697 107 0 1 100.000 0.000 258186.72 1275244.29
1487876306704 108 0 1 100.000 0.000 250399.57 1275244.29
1487876306712 109 0 1 100.000 0.000 258186.72 1275244.29
1487876306719 110 0 1 100.000 0.000 262257.27 1275244.29
1487876306728 111 0 1 100.000 0.000 258186.72 1275244.29
1487876306733 112 0 1 100.000 -0.484 254235.88 1275244.29
1487876306737 113 0 1 100.000 0.000 262257.27 1189530.00
1487876306741 114 0 1 100.000 -0.484 250399.57 1275244.29
1487876306745 115 0 1 100.000 -0.484 258186.72 1275244.29
1487876306757 116 0 1 100.000 0.000 258186.72 1275244.29
1487876306760 117 0 1 100.000 -0.484 258186.72 1189530.00
1487876306765 118 0 1 100.000 0.000 254235.88 1374145.38
1487876306769 119 0 1 100.000 0.000 262257.27 1489530.00
1487876306780 120 0 1 100.000 -0.484 258186.72 1275244.29
1487876306784 121 0 1 100.000 0.000 258186.72 1275244.29
1487876306788 122 0 1 100.000 0.000 254235.88 1275244.29
1487876306799 123 0 1 100.000 0.000 254235.88 1275244.29
1487876306806 124 0 1 100.000 -0.484 262257.27 1275244.29
1487876306810 125 0 1 100.000 -0.484 258186.72 1275244.29
1487876306816 126 0 1 100.000 -0.484 254235.88 1374145.38
1487876306821 127 0 1 100.000 0.000 258186.72 1275244.29
1487876306833 128 0 1 100.000 -0.484 258186.72 1275244.29
1487876306838 129 0 1 100.000 0.000 258186.72 1189530.00
1487876306844 130 0 1 100.000 0.000 254235.88 1374145.38
1487876306854 131 0 1 100.000 0.000 254235.88 1275244.29
1487876306865 132 0 1 100.000 -0.484 258186.72 1275244.29
1487876306868 133 0 1 100.000 0.000 254235.88 1275244.29
1487876306875 134 0 1 100.000 -0.484 258186.72 1275244.29
1487876306879 135 0 1 100.000 -0.484 254235.88 1189530.00
1487876306883 136 0 1 100.000 -0.484 254235.88 1275244.29
1487876306887 137 0 1 100.000 0.000 258186.72 1374145.38
1487876306890 138 0 1 100.000 0.000 254235.88 1114530.00
1487876306901 139 0 1 100.000 0.000 258186.72 1374145.38
1487876306909 140 0 1 100.000 0.000 258186.72 1275244.29
1487876306917 141 0 1 100.000 0.000 254235.88 1275244.29
1487876306921 142 0 1 100.000 -0.484 258186.72 1489530.00
1487876306927 143 0 1 100.000 -0.484 258186.72 1275244.29
1487876306937 144 0 1 100.000 0.000 258186.72 1374145.38
1487876306946 145 0 1 100.000 0.000 254235.88 1275244.29
1487876306955 146 0 2 100.000 0.000 254235.88 1275244.29
1487876306959 147 0 2 100.000 0.000 254235.88 1275244.29
1487876306963 148 0 2 100.000 0.000 254235.88 1275244.29
1487876306967 149 0 2 100.000 0.000 254235.88 1275244.29
1487876306970 150 0 2 100.000 -0.484 258186.72 1374145.38
1487876306974 151 0 2 100.000 -0.484 254235.88 1275244.29
1487876306978 152 0 2 100.000 0.000 254235.88 1275244.29
1487876306982 153 0 2 100.000 0.000 254235.88 1374145.38
1487876306991 154 0 2 100.000 -0.484 254235.88 1275244.29
1487876306998 155 0 2 100.000 -0.484 258186.72 1275244.29
1487876307002 156 0 2 100.000 -0.484 258186.72 1489530.00
1487876307006 157 0 2 100.000 0.000 262257.27 1275244.29
1487876307015 158 0 2 100.000 0.000 254235.88 1189530.00
1487876307022 159 0 2 100.000 0.000 258186.72 1275244.29
1487876307030 160 0 2 100.000 0.000 258186.72 1275244.29
1487876307038 161 0 2 100.000 0.000 262257.27 1275244.29
1487876307042 162 0 2 100.000 -0.484 254235.88 1275244.29
1487876307046 163 0 2 100.000 0.000 250399.57 1275244.29
1487876307050 164 0 2 100.000 -0.484 254235.88 1275244.29
1487876307057 165 0 2 100.000 -0.484 246672.86 1048353.53
1487876307068 166 0 2 100.000 -0.484 254235.88 1275244.29
1487876307076 167 0 2 100.000 0.000 246672.86 1275244.29
1487876307082 168 0 2 100.000 0.000 258186.72 1275244.29
1487876307088 169 0 2 100.000 -0.484 254235.88 1374145.38
1487876307095 170 0 2 100.000 -0.484 250399.57 1275244.29
1487876307107 171 0 2 100.000 0.000 246672.86 1275244.29
1487876307112 172 0 2 100.000 -0.484 254235.88 1275244.29
1487876307118 173 0 2 100.000 0.000 250399.57 1374145.38
1487876307125 174 0 2 100.000 0.000 254235.88 1275244.29
1487876307129 175 0 2 100.000 0.000 243051.13 936898.42
1487876307135 176 0 2 100.000 0.000 250399.57 1374145.38
1487876307148 177 0 2 100.000 0.000 254235.88 1189530.00
1487876307154 178 0 2 100.000 0.000 250399.57 1275244.29
1487876307160 179 0 2 100.000 0.000 254235.88 1275244.29
1487876307166 180 0 2 100.000 0.000 258186.72 1189530.00
1487876307180 181 0 2 100.000 0.000 254235.88 1114530.00
1487876307184 182 0 2 100.000 -0.484 254235.88 1189530.00
1487876307190 183 0 2 100.000 0.000 258186.72 1189530.00
1487876307196 184 0 2 100.000 0.000 254235.88 1275244.29
1487876307200 185 0 2 100.000 -0.484 258186.72 1275244.29
1487876307207 186 0 2 100.000 0.000 254235.88 1189530.00
1487876307211 187 0 2 100.000 0.000 250399.57 1275244.29
1487876307217 188 0 2 100.000 0.000 250399.57 1275244.29
1487876307226 189 0 2 100.000 -0.484 246672.86 1048353.53
1487876307234 190 0 2 100.000 0.000 254235.88 1275244.29
1487876307238 191 0 2 100.000 0.000 258186.72 1275244.29
1487876307242 192 0 2 100.000 0.000 254235.88 1275244.29
1487876307253 193 0 2 100.000 0.000 246672.86 1275244.29
1487876307257 194 0 2 100.000 0.000 250399.57 1189530.00
1487876307266 195 0 2 100.000 -0.484 250399.57 1275244.29
1487876307273 196 0 2 100.000 0.000 254235.88 1275244.29
1487876307277 197 0 2 100.000 0.000 250399.57 1189530.00
1487876307281 198 0 2 100.000 0.000 254235.88 1275244.29
1487876307285 199 0 2 100.000 0.000 250399.57 1275244.29
1487876307289 200 0 2 100.000 0.000 254235.88 1275244.29
1487876307300 201 0 2 100.000 0.000 250399.57 1374145.38
1487876307307 202 0 2 100.000 -0.484 250399.57 1275244.29
1487876307311 203 0 2 100.000 0.000 254235.88 1189530.00
1487876307315 204 0 2 100.000 0.000 250399.57 1048353.53
1487876307328 205 0 2 100.000 0.000 246672.86 1275244.29
1487876307332 206 0 2 100.000 0.000 254235.88 1275244.29
1487876307339 207 0 2 100.000 0.000 254235.88 1275244.29
1487876307343 208 0 2 100.000 0.000 250399.57 1275244.29
1487876307347 209 0 2 100.000 0.000 254235.88 1189530.00
1487876307351 210 0 2 100.000 -0.484 254235.88 1189530.00
1487876307354 211 0 2 100.000 0.000 246672.86 1275244.29
1487876307358 212 0 2 100.000 0.000 254235.88 1189530.00
1487876307362 213 0 2 100.000 0.000 250399.57 1275244.29
1487876307366 214 0 2 100.000 0.000 254235.88 1275244.29
1487876307373 215 0 2 100.000 0.000 254235.88 1275244.29
1487876307382 216 0 2 100.000 -0.484 258186.72 1275244.29
1487876307386 217 0 2 100.000 -0.484 254235.88 1275244.29
1487876307390 218 0 2 100.000 0.000 250399.57 1275244.29
1487876307402 219 0 2 100.000 0.000 246672.86 1275244.29
1487876307406 220 0 2 100.000 0.000 250399.57 1275244.29
1487876307417 221 0 2 100.000 0.000 250399.57 1275244.29
1487876307421 222 0 2 100.000 0.000 250399.57 1114530.00
1487876307425 223 0 2 100.000 0.000 254235.88 1189530.00
1487876307429 224 0 2 100.000 0.000 250399.57 1275244.29
1487876307433 225 0 2 100.000 0.000 250399.57 1275244.29
1487876307437 226 0 2 100.000 0.000 254235.88 1275244.29
1487876307448 227 0 2 100.000 0.000 246672.86 1275244.29
1487876307452 228 0 2 100.000 0.000 254235.88 989530.00
1487876307456 229 0 2 100.000 0.000 250399.57 1189530.00
1487876307460 230 0 2 100.000 0.000 250399.57 1189530.00
1487876307471 231 0 2 100.000 -0.484 250399.57 1275244.29
1487876307477 232 0 2 100.000 0.000 246672.86 1114530.00
1487876307488 233 0 2 100.000 0.000 246672.86 1275244.29
1487876307493 234 0 2 100.000 0.000 250399.57 1275244.29
1487876307497 235 0 2 100.000 0.000 254235.88 1114530.00
1487876307501 236 0 2 100.000 0.000 246672.86 1275244.29
1487876307505 237 0 2 100.000 0.000 250399.57 1189530.00
1487876307508 238 0 2 100.000 0.000 250399.57 1275244.29
1487876307520 239 0 2 100.000 0.000 254235.88 1374145.38
1487876307524 240 0 2 100.000 0.000 250399.57 1189530.00
1487876307528 241 0 2 100.000 0.000 250399.57 1275244.29
1487876307532 242 0 2 100.000 0.000 250399.57 1114530.00
1487876307544 243 0 2 100.000 0.000 246672.86 1114530.00
1487876307548 244 0 2 100.000 0.000 250399.57 1275244.29
1487876307554 245 0 2 100.000 0.000 250399.57 1275244.29
1487876307563 246 0 2 100.000 -0.484 246672.86 1048353.53
1487876307567 247 0 2 100.000 0.000 250399.57 1189530.00
1487876307571 248 0 2 100.000 0.000 246672.86 1189530.00
1487876307575 249 0 2 100.000 0.000 250399.57 936898.42
1487876307579 250 0 2 100.000 0.000 250399.57 1374145.38
1487876307588 251 0 2 100.000 0.000 250399.57 1275244.29
1487876307596 252 0 2 100.000 0.000 246672.86 1189530.00
1487876307601 253 0 2 100.000 0.000 250399.57 1189530.00
1487876307607 254 0 2 100.000 0.000 250399.57 1114530.00
1487876307615 255 0 2 100.000 0.000 254235.88 1189530.00
1487876307620 256 0 2 100.000 0.000 250399.57 1189530.00
1487876307630 257 0 2 100.000 0.000 250399.57 1048353.53
1487876307638 258 0 2 100.000 0.000 254235.88 1275244.29
1487876307646 259 0 2 100.000 0.000 246672.86 1114530.00
1487876307650 260 0 2 100.000 0.000 258186.72 1189530.00
1487876307654 261 0 2 100.000 0.000 250399.57 1189530.00
1487876307662 262 0 2 100.000 0.000 254235.88 1189530.00
1487876307670 263 0 2 100.000 0.000 250399.57 1275244.29
1487876307677 264 0 2 100.000 0.000 258186.72 1114530.00
1487876307685 265 0 2 100.000 0.000 254235.88 1189530.00
1487876307691 266 0 2 100.000 0.000 254235.88 1189530.00
1487876307704 267 0 2 100.000 0.000 254235.88 1189530.00
1487876307708 268 0 2 100.000 0.000 250399.57 1275244.29
1487876307718 269 0 2 100.000 0.000 250399.57 1275244.29
1487876307722 270 0 2 100.000 -0.484 250399.57 1189530.00
1487876307728 271 0 2 100.000 0.000 250399.57 1275244.29
1487876307740 272 0 2 100.000 0.000 243051.13 1189530.00
1487876307744 273 0 2 100.000 0.000 254235.88 1275244.29
1487876307756 274 0 2 100.000 0.000 246672.86 1114530.00
1487876307764 275 0 2 100.000 -0.484 250399.57 1048353.53
1487876307768 276 0 2 100.000 0.000 254235.88 1189530.00
1487876307775 277 0 2 100.000 0.000 254235.88 1114530.00
1487876307783 278 0 2 100.000 0.000 246672.86 1189530.00
1487876307793 279 0 2 100.000 0.000 243051.13 1114530.00
1487876307797 280 0 2 100.000 0.000 246672.86 1189530.00
1487876307805 281 0 2 100.000 -0.484 250399.57 1189530.00
1487876307810 282 0 2 100.000 0.000 258186.72 1189530.00
1487876307819 283 0 2 100.000 0.000 258186.72 1189530.00
1487876307832 284 0 2 100.000 0.000 254235.88 1275244.29
1487876307838 285 0 2 100.000 0.000 250399.57 1189530.00
1487876307849 286 0 2 100.000 0.000 254235.88 1275244.29
1487876307861 287 0 2 100.000 0.000 246672.86 1189530.00
1487876307873 288 0 2 100.000 0.000 254235.88 1275244.29
1487876307877 289 0 2 100.000 0.000 246672.86 1275244.29
1487876307885 290 0 2 100.000 0.000 250399.57 989530.00
1487876307898 291 0 2 100.000 0.000 250399.57 1114530.00
1487876307906 292 0 2 100.000 0.000 250399.57 1275244.29
1487876307912 293 0 2 100.000 0.000 250399.57 1048353.53
1487876307918 294 0 2 100.000 0.000 250399.57 1114530.00
1487876307922 295 0 2 100.000 0.000 243051.13 1189530.00
1487876307925 296 0 2 100.000 0.000 254235.88 1114530.00
1487876307929 297 0 2 100.000 0.000 246672.86 1275244.29
1487876307939 298 0 2 100.000 0.000 250399.57 1189530.00
1487876307946 299 0 2 100.000 0.000 246672.86 1114530.00
1487876307950 300 0 2 100.000 0.000 250399.57 1189530.00
1487876307954 301 0 2 100.000 0.000 250399.57 1114530.00
1487876307965 302 1 2 100.000 0.000 254235.88 1048353.53
1487876307970 303 1 1 100.000 0.000 250399.57 1114530.00
1487876307978 304 1 1 100.000 0.000 250399.57 1189530.00
1487876307986 305 1 1 100.000 0.000 246672.86 1189530.00
1487876307990 306 1 1 100.000 0.000 250399.57 1189530.00
1487876307994 307 1 1 100.000 0.000 250399.57 936898.42
1487876307997 308 1 1 100.000 0.000 250399.57 1114530.00
1487876308001 309 1 1 100.000 0.000 250399.57 1114530.00
1487876308013 310 1 1 100.000 0.000 250399.57 989530.00
1487876308017 311 1 1 100.000 0.000 254235.88 1275244.29
1487876308021 312 1 1 100.000 0.000 266453.08 1189530.00
1487876308025 313 1 1 100.000 0.000 266453.08 989530.00
1487876308031 314 1 1 100.000 0.000 262257.27 1189530.00
1487876308034 315 1 1 100.000 -0.484 262257.27 1275244.29
1487876308038 316 1 1 100.000 0.000 262257.27 1048353.53
1487876308046 317 1 1 100.000 -0.484 254235.88 1114530.00
1487876308054 318 1 1 100.000 -0.484 254235.88 1114530.00
1487876308058 319 1 1 100.000 -0.484 254235.88 1048353.53
1487876308062 320 1 1 100.000 -0.484 250399.57 1048353.53
1487876308066 321 1 1 100.000 0.000 254235.88 1114530.00
1487876308070 322 1 1 100.000 0.000 254235.88 1048353.53
1487876308074 323 1 1 100.000 9.192 254235.88 1189530.00
1487876308086 324 1 1 100.000 13.546 254235.88 1114530.00
1487876308090 325 1 1 100.000 12.094 254235.88 989530.00
1487876308096 326 1 1 100.000 5.321 262257.27 1048353.53
1487876308105 327 1 1 100.000 0.000 266453.08 1048353.53
1487876308113 328 1 1 100.000 0.000 262257.27 1189530.00
1487876308119 329 1 1 100.000 0.000 258186.72 1275244.29
1487876308123 330 1 1 100.000 -0.484 258186.72 1114530.00
1487876308127 331 1 1 100.000 -0.484 266453.08 1114530.00
1487876308131 332 1 1 100.000 -0.484 258186.72 1114530.00
1487876308135 333 1 1 100.000 -0.484 236105.34 1275244.29
1487876308138 334 1 1 100.000 -0.484 262257.27 1114530.00
1487876308142 335 1 1 100.000 -0.484 258186.72 1189530.00
1487876308146 336 1 1 100.000 -0.484 250399.57 1114530.00
1487876308154 337 1 1 100.000 -0.484 254235.88 1189530.00
1487876308163 338 1 1 100.000 0.000 246672.86 989530.00
1487876308168 339 1 1 100.000 0.000 254235.88 1048353.53
1487876308172 340 1 1 100.000 0.000 254235.88 1114530.00
1487876308183 341 1 1 100.000 -0.484 254235.88 1114530.00
1487876308187 342 1 1 100.000 -0.484 254235.88 1048353.53
1487876308193 343 1 1 100.000 -0.484 254235.88 989530.00
1487876308197 344 1 1 100.000 -0.484 246672.86 1048353.53
1487876308201 345 1 1 100.000 -0.484 250399.57 1114530.00
1487876308205 346 1 1 100.000 -0.484 254235.88 1048353.53
1487876308209 347 1 1 100.000 -0.484 250399.57 1114530.00
1487876308213 348 1 1 100.000 -0.484 250399.57 1048353.53
1487876308217 349 1 1 100.000 -0.484 254235.88 989530.00
1487876308221 350 1 1 100.000 -0.484 254235.88 989530.00
1487876308230 351 1 1 100.000 0.000 246672.86 1048353.53
1487876308237 352 1 1 100.000 -0.484 250399.57 1048353.53
1487876308241 353 1 1 100.000 -0.484 254235.88 1048353.53
1487876308245 354 1 1 100.000 0.000 246672.86 1114530.00
1487876308256 355 1 1 100.000 -0.484 254235.88 1114530.00
1487876308260 356 1 1 100.000 -0.484 250399.57 989530.00
1487876308269 357 1 1 100.000 0.000 250399.57 1048353.53
1487876308277 358 1 1 100.000 -0.484 250399.57 1114530.00
1487876308281 359 1 1 100.000 0.000 246672.86 889530.00
1487876308285 360 1 1 100.000 0.000 246672.86 989530.00
1487876308289 361 1 1 100.000 0.000 250399.57 1114530.00
1487876308293 362 1 1 100.000 -0.484 254235.88 989530.00
1487876308305 363 1 1 100.000 0.000 243051.13 1048353.53
1487876308309 364 1 1 100.000 -0.484 250399.57 936898.42
1487876308313 365 1 1 100.000 -0.484 239530.00 1048353.53
1487876308324 366 1 1 100.000 0.000 254235.88 1114530.00
1487876308328 367 1 1 100.000 -0.484 250399.57 936898.42
1487876308340 368 1 1 100.000 0.000 243051.13 989530.00
1487876308344 369 1 1 100.000 0.000 246672.86 936898.42
1487876308348 370 1 1 100.000 -0.484 243051.13 889530.00
1487876308352 371 1 1 100.000 -0.484 239530.00 936898.42
1487876308356 372 1 1 100.000 -0.484 232773.24 846672.86
1487876308360 373 1 1 100.000 -0.484 229530.00 807711.82
1487876308363 374 1 1 100.000 -0.484 194075.45 inf
1487876308381 375 1 1 100.000 0.000 57711.82 17307.78
1487876308393 376 1 1 100.000 44.023 26264.69 10031.14
1487876308417 377 1 1 100.000 94.819 16516.51 7566.07
1487876308428 378 1 1 100.000 110.783 13498.04 6181.25
1487876308436 379 1 1 100.000 121.910 12114.69 5445.12
1487876308444 380 1 1 100.000 132.069 11401.20 4630.67
1487876308453 381 1 1 100.000 141.744 10387.47 10243.46
1487876308465 382 1 1 100.000 151.420 10195.90 10387.47
1487876308469 383 1 1 100.000 154.322 10077.95 14669.66
1487876308473 384 1 1 100.000 156.258 9891.99 8048.52
1487876308485 385 1 1 100.000 161.579 9507.80 8905.67
1487876308489 386 1 1 100.000 163.030 9397.55 6575.45
1487876308498 387 1 1 100.000 164.965 9223.65 4875.27
1487876308505 388 1 1 100.000 165.933 9095.22 8905.67
1487876308509 389 1 1 100.000 166.417 9052.78 10958.57
1487876308513 390 1 1 100.000 166.417 8989.46 5760.84
1487876308517 391 1 1 100.000 166.417 8926.55 4849.15
1487876308520 392 1 1 100.000 166.417 8947.48 4247.91
1487876308524 393 1 1 100.000 165.933 8781.34 5114.42
1487876308536 394 1 1 100.000 165.449 8740.25 6013.52
1487876308540 395 1 1 100.000 164.965 8760.77 4057.85
1487876308544 396 1 1 100.000 164.965 8699.33 3861.21
1487876308551 397 1 1 100.000 164.482 8699.33 4681.52
1487876308560 398 1 1 100.000 164.482 8618.02 6058.93
1487876308566 399 1 1 100.000 164.965 8577.62 6479.15
1487876308576 400 1 1 100.000 164.965 8557.48 14634.60
1487876308580 401 1 1 100.000 164.965 8477.37 18893.78
1487876308584 402 1 1 100.000 164.965 8517.34 15317.97
1487876308588 403 1 1 100.000 164.965 8537.39 12606.92
1487876308592 404 1 1 100.000 164.965 8497.33 13986.52
1487876308604 405 1 1 100.000 164.482 8497.33 11190.65
1487876308608 406 1 1 100.000 164.482 8497.33 14187.53
1487876308612 407 1 1 100.000 164.482 8477.37 17010.92
1487876308616 408 1 1 100.000 164.482 8457.44 15579.20
1487876308625 409 1 1 100.000 163.998 8397.92 15541.56
1487876308632 410 1 1 100.000 163.998 8397.92 14669.66
1487876308644 411 1 1 100.000 164.482 8378.17 9031.63
1487876308649 412 1 1 100.000 164.482 8358.45 8719.77
1487876308653 413 1 1 100.000 163.998 8358.45 9596.89
1487876308657 414 1 1 100.000 163.998 8358.45 5417.03
1487876308661 415 1 1 100.000 163.998 8319.14 5587.09
1487876308666 416 1 1 100.000 163.514 8319.14 5878.77
1487876308673 417 1 1 100.000 163.514 8299.55 18330.00
1487876308682 418 1 1 100.000 163.030 8299.55 15171.03
1487876308686 419 1 1 100.000 162.547 8299.55 13658.69
1487876308689 420 1 1 100.000 162.063 8260.49 13276.70
1487876308701 421 1 1 100.000 160.611 8241.02 13183.09
1487876308705 422 1 1 100.000 159.644 8221.59 11643.02
1487876308717 423 1 1 100.000 158.193 8241.02 11190.65
1487876308721 424 1 1 100.000 157.709 8221.59 10907.67
1487876308725 425 1 1 100.000 156.741 8241.02 11295.42
1487876308728 426 1 1 100.000 156.258 8202.20 12755.81
1487876308732 427 1 1 100.000 155.774 8182.85 12725.88
1487876308736 428 1 1 100.000 154.806 8241.02 11890.25
1487876308745 429 1 1 100.000 153.355 8202.20 10731.41
1487876308752 430 1 1 100.000 151.904 8202.20 10882.31
1487876308757 431 1 1 100.000 150.936 8241.02 11348.18
1487876308761 432 1 1 100.000 149.969 8182.85 10148.56
1487876308767 433 1 1 100.000 148.517 8182.85 10509.02
1487876308771 434 1 1 100.000 147.550 8182.85 9846.03
1487876308775 435 1 1 100.000 146.582 8182.85 7246.54
1487876308786 436 1 1 100.000 144.647 8221.59 6463.21
1487876308790 437 1 1 100.000 143.680 8221.59 6181.25
1487876308794 438 1 1 100.000 142.712 8221.59 5223.11
1487876308798 439 1 1 100.000 142.228 8182.85 4771.32
1487876308802 440 1 1 100.000 141.744 8202.20 4694.28
1487876308806 441 1 1 100.000 140.777 8260.49 4308.33
1487876308818 442 1 1 100.000 138.842 8221.59 4707.07
1487876308821 443 1 1 100.000 137.391 8260.49 6013.52
1487876308826 444 1 1 100.000 136.907 8260.49 4259.95
1487876308829 445 1 1 100.000 136.423 8260.49 4069.58
1487876308837 446 1 1 100.000 134.972 8299.55 4046.13
1487876308845 447 1 1 100.000 133.520 8299.55 4199.93
1487876308857 448 1 1 100.000 131.585 8358.45 4694.28
1487876308861 449 1 1 100.000 131.585 8319.14 5445.12
1487876308865 450 1 1 100.000 131.102 8358.45 5515.79
1487876308869 451 1 1 100.000 130.618 8378.17 5417.03
1487876308873 452 1 1 100.000 130.134 8397.92 5375.07
1487876308877 453 1 1 100.000 129.650 8397.92 5141.45
1487876308881 454 1 1 100.000 129.166 8417.72 5047.24
1487876308893 455 1 1 100.000 128.199 8378.17 4993.92
1487876308896 456 1 1 100.000 128.199 8378.17 4797.18
1487876308900 457 1 1 100.000 127.715 8358.45 4656.05
1487876308904 458 1 1 100.000 127.715 8378.17 4530.00
1487876308916 459 1 1 100.000 126.264 8378.17 4393.75
1487876308920 460 1 1 100.000 126.264 8378.17 4176.05
1487876308932 461 1 1 100.000 125.780 8378.17 4164.15
1487876308936 462 1 1 100.000 125.296 8378.17 4128.54
1487876308939 463 1 1 100.000 125.296 8397.92 4104.90
1487876308943 464 1 1 100.000 125.296 8417.72 4046.13
1487876308947 465 1 1 100.000 125.296 8397.92 4022.75
1487876308951 466 1 1 100.000 124.813 8397.92 3941.53
1487876308960 467 1 1 100.000 124.813 8397.92 3918.49
1487876308967 468 1 1 100.000 124.329 8358.45 3907.00
1487876308971 469 1 1 100.000 124.329 8417.72 3895.52
1487876308975 470 1 2 100.000 123.845 8397.92 3953.08
1487876308984 471 1 2 100.000 123.361 8397.92 3884.07
1487876308992 472 1 2 100.000 122.877 8417.72 3953.08
1487876308998 473 1 2 100.000 122.877 8397.92 3953.08
1487876309001 474 1 2 100.000 122.394 8417.72 3999.45
1487876309005 475 1 2 100.000 118.524 8517.34 4116.71
1487876309009 476 1 2 100.000 109.816 8740.25 4618.01
1487876309013 477 1 2 100.000 99.173 9223.65 8557.48
1487876309017 478 1 2 100.000 89.497 9754.72 4694.28
1487876309021 479 1 2 100.000 80.790 10339.25 7073.86
1487876309025 480 1 2 100.000 72.082 11752.22 7194.38
1487876309034 481 1 2 100.000 51.280 13466.17 10933.09
1487876309041 482 1 2 100.000 35.799 14953.73 12372.64
1487876309045 483 1 2 100.000 27.091 16844.11 18101.43
1487876309056 484 1 2 100.000 3.386 26415.25 32083.19
1487876309060 485 1 2 100.000 -0.484 32083.19 36041.63
1487876309072 486 1 2 100.000 0.000 59028.07 92387.14
1487876309076 487 1 2 100.000 -0.484 74037.04 154667.61
1487876309080 488 1 2 100.000 0.000 90653.60 236105.34
1487876309084 489 1 2 100.000 -0.484 111151.62 322863.33
1487876309088 490 1 2 100.000 -0.484 135871.46 398620.91
1487876309092 491 1 2 100.000 -0.484 147424.74 451068.46
1487876309096 492 1 2 100.000 -0.484 173203.47 552030.00
1487876309108 493 1 2 100.000 -0.484 187332.20 610219.66
1487876309112 494 1 2 100.000 -0.484 196426.55 552030.00
1487876309116 495 1 2 100.000 0.000 198832.33 589530.00
1487876309125 496 1 2 100.000 -0.484 217378.10 656196.67
1487876309131 497 1 2 100.000 -0.484 232773.24 709530.00
1487876309143 498 1 2 100.000 -0.484 246672.86 739530.00
1487876309147 499 1 2 100.000 -0.484 254235.88 807711.82
1487876309151 500 1 2 100.000 -0.484 254235.88 807711.82
1487876309155 501 1 2 100.000 0.000 262257.27 846672.86
1487876309159 502 1 2 100.000 0.000 266453.08 846672.86
1487876309162 503 1 2 100.000 -0.484 262257.27 846672.86
1487876309166 504 1 2 100.000 -0.484 275244.29 889530.00
1487876309178 505 1 2 100.000 -0.484 279852.58 889530.00
1487876309182 506 1 2 100.000 -0.484 289530.00 807711.82
1487876309186 507 1 2 100.000 -0.484 284611.97 989530.00
1487876309197 508 1 2 100.000 -0.484 279852.58 989530.00
1487876309202 509 1 2 100.000 0.000 294614.75 936898.42
1487876309210 510 1 2 100.000 0.000 294614.75 989530.00
1487876309214 511 1 2 100.000 -0.484 294614.75 1048353.53
1487876309221 512 1 2 100.000 -0.484 299874.83 1048353.53
1487876309225 513 1 2 100.000 -0.484 289530.00 989530.00
1487876309229 514 1 2 100.000 -0.484 305319.47 989530.00
1487876309233 515 1 2 100.000 -0.484 294614.75 1048353.53
1487876309237 516 1 2 100.000 0.000 310958.57 1048353.53
1487876309246 517 1 2 100.000 -0.484 310958.57 989530.00
1487876309253 518 1 2 100.000 -0.484 310958.57 989530.00
1487876309257 519 1 2 100.000 -0.484 316802.73 989530.00
1487876309268 520 1 2 100.000 -0.484 316802.73 1048353.53
1487876309274 521 1 2 100.000 -0.484 322863.33 1048353.53
1487876309280 522 1 2 100.000 -0.484 316802.73 1114530.00
1487876309284 523 1 2 100.000 0.000 316802.73 889530.00
1487876309288 524 1 2 100.000 -0.484 310958.57 1048353.53
1487876309292 525 1 2 100.000 -0.968 316802.73 1048353.53
1487876309295 526 1 2 100.000 -0.484 316802.73 1048353.53
1487876309299 527 1 2 100.000 -0.484 322863.33 1048353.53
1487876309303 528 1 2 100.000 -0.484 322863.33 936898.42
1487876309307 529 1 2 100.000 -0.484 322863.33 1048353.53
1487876309319 530 1 2 100.000 -0.484 322863.33 1114530.00
1487876309323 531 1 2 100.000 -0.484 316802.73 1114530.00
1487876309327 532 1 2 100.000 -0.484 322863.33 1048353.53
1487876309336 533 1 2 100.000 -0.484 322863.33 1114530.00
1487876309342 534 1 2 100.000 -0.484 322863.33 1048353.53
1487876309351 535 1 2 100.000 0.000 322863.33 1114530.00
1487876309358 536 1 2 100.000 -0.484 322863.33 1189530.00
1487876309362 537 1 2 100.000 0.000 316802.73 1189530.00
1487876309366 538 1 2 100.000 -0.484 322863.33 1189530.00
1487876309370 539 1 2 100.000 -0.484 329152.64 1189530.00
1487876309374 540 1 2 100.000 0.000 316802.73 1189530.00
1487876309378 541 1 2 100.000 -0.484 310958.57 1048353.53
1487876309389 542 1 2 100.000 0.000 316802.73 1048353.53
1487876309393 543 1 2 100.000 0.000 316802.73 889530.00
1487876309397 544 1 2 100.000 -0.484 310958.57 989530.00
1487876309404 545 1 2 100.000 -0.484 322863.33 1048353.53
1487876309413 546 1 2 100.000 -0.484 310958.57 1048353.53
1487876309420 547 1 2 100.000 0.000 316802.73 1189530.00
1487876309429 548 1 2 100.000 -0.484 305319.47 1189530.00
1487876309434 549 1 2 100.000 0.000 310958.57 1114530.00
1487876309438 550 1 2 100.000 0.000 310958.57 936898.42
1487876309442 551 1 2 100.000 0.000 316802.73 1048353.53
1487876309446 552 1 2 100.000 0.000 305319.47 1114530.00
1487876309449 553 1 2 100.000 0.000 305319.47 1189530.00
1487876309461 554 1 2 100.000 0.000 299874.83 1189530.00
1487876309465 555 1 2 100.000 0.000 299874.83 1189530.00
1487876309469 556 1 2 100.000 0.000 310958.57 1114530.00
1487876309480 557 1 2 100.000 0.000 305319.47 1114530.00
1487876309484 558 1 2 100.000 0.000 305319.47 1114530.00
1487876309492 559 1 2 100.000 0.000 305319.47 1189530.00
1487876309500 560 1 2 100.000 0.000 305319.47 1189530.00
1487876309505 561 1 2 100.000 0.000 299874.83 1275244.29
1487876309508 562 1 2 100.000 0.000 305319.47 1275244.29
1487876309512 563 1 2 100.000 0.000 299874.83 1114530.00
1487876309516 564 1 2 100.000 0.000 305319.47 1275244.29
1487876309520 565 1 2 100.000 0.000 305319.47 1275244.29
1487876309532 566 1 2 100.000 0.000 305319.47 1189530.00
1487876309536 567 1 2 100.000 0.000 305319.47 1275244.29
1487876309540 568 1 2 100.000 -0.484 310958.57 1374145.38
1487876309549 569 1 2 100.000 0.000 305319.47 1275244.29
1487876309556 570 1 2 100.000 0.000 310958.57 1275244.29
1487876309564 571 1 2 100.000 0.000 310958.57 1275244.29
1487876309569 572 1 2 100.000 0.000 305319.47 1275244.29
1487876309576 573 1 2 100.000 0.000 310958.57 1275244.29
1487876309580 574 1 2 100.000 0.000 294614.75 1275244.29
1487876309584 575 1 2 100.000 0.000 299874.83 1189530.00
1487876309588 576 1 2 100.000 0.000 299874.83 1489530.00
1487876309592 577 1 2 100.000 0.000 299874.83 1374145.38
1487876309603 578 1 2 100.000 0.000 299874.83 1275244.29
1487876309608 579 1 2 100.000 0.000 299874.83 1374145.38
1487876309612 580 1 2 100.000 0.000 299874.83 1275244.29
1487876309621 581 1 2 100.000 0.000 299874.83 1275244.29
1487876309628 582 1 2 100.000 0.000 299874.83 1275244.29
1487876309637 583 1 2 100.000 0.000 299874.83 1275244.29
1487876309643 584 1 2 100.000 0.000 299874.83 1275244.29
1487876309647 585 1 2 100.000 0.000 294614.75 1374145.38
1487876309651 586 1 2 100.000 0.000 299874.83 1374145.38
1487876309655 587 1 2 100.000 0.000 294614.75 1374145.38
1487876309659 588 1 2 100.000 0.000 299874.83 1374145.38
1487876309663 589 1 2 100.000 0.000 294614.75 1275244.29
1487876309672 590 1 2 100.000 0.000 294614.75 1374145.38
1487876309679 591 1 2 100.000 0.000 289530.00 1275244.29
1487876309683 592 1 2 100.000 0.000 289530.00 1275244.29
1487876309694 593 1 2 100.000 0.000 299874.83 1275244.29
1487876309698 594 1 2 100.000 0.000 284611.97 1275244.29
1487876309704 595 1 2 100.000 0.000 294614.75 1275244.29
1487876309708 596 1 2 100.000 0.000 294614.75 1275244.29
1487876309712 597 1 2 100.000 0.000 284611.97 1189530.00
1487876309716 598 1 2 100.000 0.000 289530.00 1275244.29
1487876309720 599 1 2 100.000 0.000 284611.97 1275244.29
1487876309724 600 1 2 100.000 0.000 289530.00 1275244.29
1487876309728 601 1 2 100.000 0.000 289530.00 1275244.29
1487876309731 602 1 2 100.000 0.000 299874.83 1275244.29
1487876309740 603 1 2 100.000 0.000 289530.00 1374145.38
1487876309747 604 1 2 100.000 0.000 279852.58 1275244.29
1487876309751 605 1 2 100.000 0.000 294614.75 1374145.38
1487876309755 606 1 2 100.000 0.000 289530.00 1275244.29
1487876309763 607 1 2 100.000 0.000 289530.00 1275244.29
1487876309771 608 1 2 100.000 0.000 279852.58 1275244.29
1487876309780 609 1 2 100.000 -0.484 289530.00 1275244.29
1487876309784 610 1 2 100.000 0.000 279852.58 1374145.38
1487876309791 611 1 2 100.000 0.000 294614.75 1374145.38
1487876309795 612 1 2 100.000 0.000 289530.00 1189530.00
1487876309799 613 1 2 100.000 0.000 270780.00 1275244.29
1487876309802 614 1 2 100.000 0.000 289530.00 1374145.38
1487876309814 615 1 2 100.000 0.000 270780.00 1374145.38
1487876309818 616 1 2 100.000 0.000 284611.97 1374145.38
1487876309822 617 1 2 100.000 -0.484 284611.97 1275244.29
1487876309826 618 1 2 100.000 0.000 284611.97 1189530.00
1487876309835 619 1 2 100.000 0.000 284611.97 1275244.29
1487876309842 620 1 2 100.000 0.000 284611.97 1275244.29
1487876309854 621 1 2 100.000 0.000 284611.97 1374145.38
1487876309858 622 1 2 100.000 0.000 284611.97 1275244.29
1487876309862 623 1 2 100.000 0.000 279852.58 1275244.29
1487876309866 624 1 2 100.000 0.000 275244.29 1275244.29
1487876309870 625 1 2 100.000 0.000 284611.97 1275244.29
1487876309873 626 1 2 100.000 0.000 284611.97 1374145.38
1487876309877 627 1 2 100.000 0.000 289530.00 1275244.29
1487876309889 628 1 2 100.000 0.000 279852.58 1275244.29
1487876309893 629 1 2 100.000 0.000 284611.97 1275244.29
1487876309897 630 1 2 100.000 0.000 275244.29 1189530.00
1487876309908 631 1 2 100.000 0.000 275244.29 1275244.29
1487876309912 632 1 2 100.000 0.000 284611.97 1275244.29
1487876309918 633 1 2 100.000 0.000 275244.29 1275244.29
1487876309922 634 1 2 100.000 0.000 279852.58 1189530.00
1487876309926 635 1 2 100.000 0.000 279852.58 1275244.29
1487876309930 636 1 2 100.000 0.000 275244.29 1189530.00
1487876309934 637 1 2 100.000 0.000 284611.97 1189530.00
1487876309938 638 1 2 100.000 -0.484 284611.97 1189530.00
1487876309942 639 1 2 100.000 0.000 284611.97 1275244.29
1487876309946 640 1 2 100.000 0.000 279852.58 1189530.00
1487876309957 641 1 2 100.000 0.000 289530.00 1189530.00
1487876309961 642 1 2 100.000 0.000 279852.58 1114530.00
1487876309965 643 1 2 100.000 0.000 275244.29 1189530.00
1487876309969 644 1 2 100.000 0.000 284611.97 1275244.29
1487876309978 645 2 2 100.000 0.000 279852.58 1275244.29
1487876309986 646 2 1 100.000 0.000 284611.97 1275244.29
1487876309995 647 2 1 100.000 0.000 279852.58 1189530.00
1487876310002 648 2 1 100.000 0.000 275244.29 1275244.29
1487876310006 649 2 1 100.000 0.000 284611.97 1114530.00
1487876310010 650 2 1 100.000 0.000 266453.08 1374145.38
1487876310014 651 2 1 100.000 0.000 279852.58 1189530.00
1487876310018 652 2 1 100.000 0.000 279852.58 1275244.29
1487876310027 653 2 1 100.000 0.000 270780.00 1189530.00
1487876310034 654 2 1 100.000 -0.484 284611.97 1114530.00
1487876310038 655 2 1 100.000 0.000 294614.75 1275244.29
1487876310042 656 2 1 100.000 -0.484 279852.58 1114530.00
1487876310054 657 2 1 100.000 -0.484 279852.58 1275244.29
1487876310058 658 2 1 100.000 -0.484 284611.97 1048353.53
1487876310064 659 2 1 100.000 -0.484 275244.29 1114530.00
1487876310068 660 2 1 100.000 -0.484 270780.00 1189530.00
1487876310071 661 2 1 100.000 -0.484 279852.58 1189530.00
1487876310075 662 2 1 100.000 -0.484 279852.58 1114530.00
1487876310079 663 2 1 100.000 0.000 266453.08 1048353.53
1487876310083 664 2 1 100.000 0.000 275244.29 1114530.00
1487876310087 665 2 1 100.000 0.000 275244.29 1189530.00
1487876310091 666 2 1 100.000 0.000 279852.58 1048353.53
1487876310102 667 2 1 100.000 11.610 279852.58 1048353.53
1487876310107 668 2 1 100.000 8.708 270780.00 1275244.29
1487876310111 669 2 1 100.000 4.838 284611.97 1048353.53
1487876310122 670 2 1 100.000 -0.484 275244.29 1189530.00
1487876310126 671 2 1 100.000 -0.484 279852.58 1189530.00
1487876310135 672 2 1 100.000 -0.484 284611.97 1275244.29
1487876310142 673 2 1 100.000 -0.484 279852.58 1189530.00
1487876310146 674 2 1 100.000 0.000 275244.29 1189530.00
1487876310151 675 2 1 100.000 -0.484 270780.00 1189530.00
1487876310155 676 2 1 100.000 -0.484 275244.29 1275244.29
1487876310159 677 2 1 100.000 -0.484 275244.29 1275244.29
1487876310166 678 2 1 100.000 -0.484 266453.08 1114530.00
1487876310175 679 2 1 100.000 -0.484 270780.00 1189530.00
1487876310179 680 2 1 100.000 -0.484 270780.00 1189530.00
1487876310183 681 2 1 100.000 0.000 266453.08 1275244.29
1487876310194 682 2 1 100.000 -0.484 275244.29 1189530.00
1487876310198 683 2 1 100.000 0.000 266453.08 1189530.00
1487876310210 684 2 1 100.000 -0.484 266453.08 1114530.00
1487876310214 685 2 1 100.000 -0.484 266453.08 1189530.00
1487876310218 686 2 1 100.000 -0.484 266453.08 1189530.00
1487876310222 687 2 1 100.000 -0.484 275244.29 1189530.00
1487876310225 688 2 1 100.000 -0.484 270780.00 1275244.29
1487876310229 689 2 1 100.000 0.000 262257.27 1189530.00
1487876310233 690 2 1 100.000 0.000 266453.08 1275244.29
1487876310242 691 2 1 100.000 0.000 266453.08 1189530.00
1487876310249 692 2 1 100.000 -0.484 266453.08 1189530.00
1487876310253 693 2 1 100.000 -0.484 266453.08 1275244.29
1487876310265 694 2 1 100.000 0.000 266453.08 1189530.00
1487876310269 695 2 1 100.000 0.000 266453.08 1189530.00
1487876310273 696 2 1 100.000 -0.484 266453.08 1189530.00
1487876310282 697 2 1 100.000 0.000 262257.27 1114530.00
1487876310288 698 2 1 100.000 -0.484 266453.08 1114530.00
1487876310292 699 2 1 100.000 -0.484 270780.00 1189530.00
1487876310296 700 2 1 100.000 0.000 266453.08 1048353.53
1487876310300 701 2 1 100.000 -0.484 262257.27 1048353.53
1487876310304 702 2 1 100.000 -0.484 262257.27 1189530.00
1487876310313 703 2 1 100.000 -0.484 266453.08 1048353.53
1487876310320 704 2 1 100.000 -0.484 266453.08 1189530.00
1487876310324 705 2 1 100.000 0.000 262257.27 1114530.00
1487876310328 706 2 1 100.000 -0.484 262257.27 1189530.00
1487876310334 707 2 1 100.000 -0.484 258186.72 1189530.00
1487876310338 708 2 1 100.000 -0.484 266453.08 1189530.00
1487876310342 709 2 1 100.000 0.000 262257.27 1114530.00
1487876310345 710 2 1 100.000 0.000 266453.08 1048353.53
1487876310351 711 2 1 100.000 -0.484 262257.27 1048353.53
1487876310355 712 2 1 100.000 0.000 266453.08 1189530.00
1487876310359 713 2 1 100.000 -0.484 266453.08 1189530.00
1487876310362 714 2 1 100.000 -0.484 258186.72 1114530.00
1487876310366 715 2 1 100.000 0.000 254235.88 1114530.00
1487876310370 716 2 1 100.000 0.000 250399.57 1275244.29
1487876310374 717 2 1 100.000 -0.484 246672.86 989530.00
1487876310378 718 2 1 100.000 -0.484 229530.00 989530.00
1487876310384 719 2 1 100.000 -0.484 201294.71 1114530.00
1487876310388 720 2 1 100.000 0.000 258186.72 889530.00
1487876310393 721 2 1 100.000 -0.484 236105.34 342471.18
1487876310397 722 2 1 100.000 0.000 175097.01 34306.12
1487876310401 723 2 1 100.000 0.000 79530.00 23881.15
1487876310405 724 2 1 100.000 25.640 59568.91 21164.45
1487876310409 725 2 1 100.000 28.059 48546.39 17264.98
1487876310413 726 2 1 100.000 44.991 41105.93 16844.11
1487876310417 727 2 1 100.000 54.666 33974.44 17743.17
1487876310421 728 2 1 100.000 62.406 27665.59 16927.26
1487876310425 729 2 1 100.000 70.147 22138.70 8618.02
1487876310429 730 2 1 100.000 77.887 18656.21 9266.84
1487876310433 731 2 1 100.000 86.111 16927.26 7620.45
1487876310436 732 2 1 100.000 93.851 16196.67 6559.33
1487876310441 733 2 1 100.000 102.075 15134.55 6591.61
1487876310445 734 2 1 100.000 108.848 14019.80 6415.55
1487876310449 735 2 1 100.000 114.170 13276.70 5487.45
1487876310454 736 2 1 100.000 120.942 12547.90 6013.52
1487876310458 737 2 1 100.000 125.780 11973.89 6089.34
1487876310462 738 2 1 100.000 131.102 11588.82 5953.36
1487876310466 739 2 1 100.000 135.455 11216.75 6415.55
1487876310471 740 2 1 100.000 140.293 10806.60 4681.52
1487876310475 741 2 1 100.000 144.163 10509.02 5319.47
1487876310478 742 2 1 100.000 147.066 10219.66 6887.76
1487876310482 743 2 1 100.000 150.452 10007.82 7211.73
1487876310486 744 2 1 100.000 152.871 9823.12 8822.60
1487876310490 745 2 1 100.000 155.774 9709.37 9485.65
1487876310494 746 2 1 100.000 158.193 9552.25 13121.09
1487876310498 747 2 1 100.000 159.644 9331.98 5746.22
1487876310503 748 2 1 100.000 162.063 9288.51 10533.50
1487876310507 749 2 1 100.000 163.514 9137.84 6559.33
1487876310511 750 2 1 100.000 164.965 9052.78 5087.48
1487876310515 751 2 1 100.000 166.417 8968.44 5347.22
1487876310519 752 2 1 100.000 166.900 8905.67 5361.13
1487876310523 753 2 1 100.000 166.900 8822.60 4681.52
1487876310527 754 2 1 100.000 167.384 8740.25 8884.84
1487876310532 755 2 1 100.000 167.868 8658.59 3748.01
1487876310536 756 2 1 100.000 167.868 8618.02 3872.63
1487876310540 757 2 1 100.000 167.384 8618.02 4022.75
1487876310543 758 2 1 100.000 166.900 8597.80 4332.63
1487876310547 759 2 1 100.000 166.900 8557.48 6971.86
1487876310551 760 2 1 100.000 166.900 8477.37 9116.51
1487876310555 761 2 1 100.000 166.900 8417.72 10857.01
1487876310559 762 2 1 100.000 166.417 8457.44 7056.78
1487876310564 763 2 1 100.000 166.417 8437.56 7878.62
1487876310568 764 2 1 100.000 165.933 8397.92 7934.91
1487876310572 765 2 1 100.000 165.933 8417.72 7822.68
1487876310576 766 2 1 100.000 165.933 8378.17 10984.11
1487876310580 767 2 1 100.000 165.933 8280.00 10831.78
1487876310584 768 2 1 100.000 165.933 8358.45 6787.91
1487876310588 769 2 1 100.000 166.417 8338.78 8105.85
1487876310593 770 2 1 100.000 166.417 8319.14 6837.69
1487876310597 771 2 1 100.000 165.933 8260.49 10363.33
1487876310601 772 2 1 100.000 166.417 8260.49 8740.25
1487876310604 773 2 1 100.000 166.417 8221.59 7422.64
1487876310608 774 2 1 100.000 166.900 8260.49 9419.50
1487876310612 775 2 1 100.000 165.933 8221.59 8864.05
1487876310616 776 2 1 100.000 166.417 8221.59 8740.25
1487876310620 777 2 1 100.000 166.417 8221.59 6854.35
1487876310625 778 2 1 100.000 165.933 8221.59 6227.59
1487876310629 779 2 1 100.000 165.933 8182.85 5333.34
1487876310633 780 2 1 100.000 165.933 8182.85 4927.78
1487876310637 781 2 1 100.000 165.449 8182.85 4656.05
1487876310641 782 2 1 100.000 165.449 8182.85 4369.24
1487876310645 783 2 1 100.000 165.933 8163.54 4308.33
1487876310649 784 2 1 100.000 165.933 8125.04 4296.20
1487876310654 785 2 1 100.000 165.449 8125.04 4259.95
1487876310658 786 2 1 100.000 165.449 8125.04 4259.95
1487876310662 787 2 1 100.000 165.933 8086.70 4320.47
1487876310666 788 2 1 100.000 165.449 8067.59 4393.75
1487876310670 789 2 1 100.000 165.933 8125.04 4480.17
1487876310674 790 2 1 100.000 164.965 8105.85 4656.05
1487876310677 791 2 1 100.000 165.449 8105.85 4745.55
1487876310681 792 2 1 100.000 164.965 8067.59 4823.12
1487876310686 793 2 1 100.000 164.965 8048.52 4784.24
1487876310690 794 2 1 100.000 164.482 8086.70 4862.20
1487876310694 795 2 1 100.000 163.998 8086.70 4901.48
1487876310699 796 2 1 100.000 163.998 8048.52 5114.42
1487876310703 797 2 1 100.000 163.514 8029.49 5487.45
1487876310707 798 2 1 100.000 163.030 8048.52 5644.59
1487876310710 799 2 1 100.000 162.063 8029.49 6705.57
1487876310715 800 2 1 100.000 161.579 7991.54 9095.22
1487876310719 801 2 1 100.000 161.095 8010.49 6988.78
1487876310723 802 2 1 100.000 160.128 8010.49 4927.78
1487876310727 803 2 1 100.000 160.128 8010.49 4694.28
1487876310731 804 2 1 100.000 159.644 7991.54 4530.00
1487876310735 805 2 1 100.000 159.160 8029.49 4505.04
1487876310738 806 2 1 100.000 158.676 7991.54 4530.00
1487876310742 807 2 1 100.000 157.709 7991.54 4567.59
1487876310747 808 2 1 100.000 156.741 8010.49 4555.04
1487876310751 809 2 1 100.000 156.258 7991.54 4505.04
1487876310755 810 2 1 100.000 155.774 7991.54 4467.76
1487876310760 811 2 1 100.000 154.322 7972.62 4344.81
1487876310765 812 2 1 100.000 153.839 7972.62 4308.33
1487876310768 813 2 1 100.000 152.871 7953.75 4259.95
1487876310772 814 2 1 100.000 152.387 7972.62 4344.81
1487876310777 815 2 1 100.000 151.420 7972.62 4308.33
1487876310781 816 2 1 100.000 150.452 7953.75 4344.81
1487876310785 817 2 1 100.000 149.485 7972.62 4567.59
1487876310789 818 2 1 100.000 149.001 7991.54 4707.07
1487876310793 819 2 1 100.000 148.033 7972.62 4849.15
1487876310796 820 2 1 100.000 147.550 7972.62 5074.04
1487876310800 821 2 1 100.000 146.582 7972.62 5819.59
1487876310804 822 2 1 100.000 145.615 7972.62 7748.62
1487876310809 823 2 1 100.000 144.647 8029.49 10533.50
1487876310813 824 2 1 100.000 144.163 8010.49 7246.54
1487876310817 825 2 1 100.000 143.196 8010.49 5790.16
1487876310822 826 2 1 100.000 142.228 8010.49 5361.13
1487876310826 827 2 1 100.000 141.744 8029.49 4980.64
1487876310829 828 2 1 100.000 140.777 8010.49 4758.43
1487876310833 829 2 1 100.000 139.809 8010.49 4656.05
1487876310838 830 2 1 100.000 139.326 8010.49 4505.04
1487876310842 831 2 1 100.000 138.842 8086.70 4406.03
1487876310846 832 2 1 100.000 137.391 8067.59 4393.75
1487876310850 833 2 1 100.000 136.907 8029.49 4344.81
1487876310854 834 2 1 100.000 136.423 8086.70 3872.63
1487876310858 835 2 1 100.000 135.939 8105.85 3770.51
1487876310861 836 2 1 100.000 135.455 8105.85 3603.49
1487876310865 837 2 1 100.000 134.972 8086.70 3592.50
1487876310870 838 2 1 100.000 133.520 8125.04 3625.54
1487876310874 839 2 1 100.000 133.037 8125.04 3692.08
1487876310878 840 2 1 100.000 132.553 8125.04 3725.58
1487876310883 841 2 1 100.000 132.069 8125.04 3827.06
1487876310887 842 2 1 100.000 131.585 8144.27 3861.21
1487876310890 843 2 1 100.000 131.102 8105.85 3999.45
1487876310894 844 2 1 100.000 130.134 8182.85 4187.98
1487876310899 845 2 1 100.000 130.134 8182.85 4630.67
1487876310902 846 2 1 100.000 129.650 8163.54 4381.49
1487876310906 847 2 1 100.000 129.166 8202.20 3964.64
1487876310911 848 2 1 100.000 129.166 8202.20 3884.07
1487876310915 849 2 1 100.000 128.199 8163.54 3793.07
1487876310919 850 2 1 100.000 128.199 8182.85 3838.43
1487876310923 851 2 1 100.000 128.199 8202.20 4022.75
1487876310927 852 2 1 100.000 128.199 8163.54 4199.93
1487876310931 853 2 1 100.000 127.231 8163.54 4517.51
1487876310934 854 2 1 100.000 127.231 8182.85 4836.12
1487876310938 855 2 1 100.000 126.748 8182.85 5361.13
1487876310944 856 2 1 100.000 126.748 8202.20 5333.34
1487876310948 857 2 1 100.000 126.748 8182.85 5182.17
1487876310952 858 2 1 100.000 126.264 8182.85 4530.00
1487876310956 859 2 1 100.000 126.264 8202.20 4093.11
1487876310960 860 2 1 100.000 126.264 8182.85 3987.83
1487876310964 861 2 1 100.000 125.780 8182.85 3953.08
1487876310969 862 2 1 100.000 125.780 8221.59 3895.52
1487876310972 863 2 1 100.000 125.296 8163.54 3872.63
1487876310976 864 2 1 100.000 125.296 8202.20 3884.07
1487876310980 865 2 1 100.000 124.813 8182.85 3907.00
1487876310984 866 2 1 100.000 124.813 8182.85 3964.64
1487876310988 867 2 1 100.000 124.813 8221.59 4057.85
1487876310992 868 2 2 100.000 124.329 8182.85 4069.58
1487876310996 869 2 2 100.000 124.329 8182.85 4176.05
1487876311001 870 2 2 100.000 124.329 8182.85 4223.88
1487876311005 871 2 2 100.000 124.329 8202.20 4455.37
1487876311009 872 2 2 100.000 123.845 8221.59 4455.37
1487876311014 873 2 2 100.000 123.361 8163.54 4555.04
1487876311018 874 2 2 100.000 123.361 8202.20 4797.18
1487876311022 875 2 2 100.000 119.975 8280.00 7229.12
1487876311025 876 2 2 100.000 112.235 8497.33 5878.77
1487876311030 877 2 2 100.000 99.657 9073.97 3827.06
1487876311034 878 2 2 100.000 89.981 9552.25 6527.17
1487876311038 879 2 2 100.000 80.790 10124.97 5033.88
1487876311042 880 2 2 100.000 72.082 10756.42 5319.47
1487876311045 881 2 2 100.000 63.374 11269.13 5834.35
1487876311049 882 2 2 100.000 54.666 12030.00 7916.11
1487876311053 883 2 2 100.000 45.474 12967.50 12430.76
1487876311057 884 2 2 100.000 36.283 14460.75 13821.50
1487876311062 885 2 2 100.000 25.640 17307.78 19184.04
1487876311066 886 2 2 100.000 16.932 20090.27 14391.88
1487876311070 887 2 2 100.000 9.192 23556.47 17567.38
1487876311075 888 2 2 100.000 0.000 28917.31 29619.09
1487876311079 889 2 2 100.000 -0.484 34984.55 31586.07
1487876311083 890 2 2 100.000 0.000 42627.35 57971.06
1487876311086 891 2 2 100.000 -0.484 53359.79 74838.06
1487876311091 892 2 2 100.000 -0.484 70247.49 139530.00
1487876311095 893 2 2 100.000 -0.484 84266.84 196426.55
1487876311099 894 2 2 100.000 -0.484 104179.68 279852.58
1487876311103 895 2 2 100.000 0.000 126934.58 372508.72
1487876311107 896 2 2 100.000 0.000 150244.29 439530.00
1487876311111 897 2 2 100.000 0.000 156196.67 439530.00
1487876311115 898 2 2 100.000 -0.484 160958.57 503815.71
1487876311119 899 2 2 100.000 -0.484 173203.47 552030.00
1487876311124 900 2 2 100.000 -0.484 189530.00 610219.66
1487876311128 901 2 2 100.000 -0.484 196426.55 610219.66
1487876311132 902 2 2 100.000 0.000 201294.71 656196.67
1487876311136 903 2 2 100.000 0.000 217378.10 739530.00
1487876311141 904 2 2 100.000 -0.484 220299.23 709530.00
1487876311145 905 2 2 100.000 0.000 223296.23 739530.00
1487876311149 906 2 2 100.000 0.000 232773.24 772138.70
1487876311153 907 2 2 100.000 -0.484 236105.34 772138.70
1487876311158 908 2 2 100.000 0.000 246672.86 772138.70
1487876311161 909 2 2 100.000 -0.484 250399.57 772138.70
1487876311165 910 2 2 100.000 0.000 254235.88 846672.86
1487876311169 911 2 2 100.000 0.000 262257.27 772138.70
1487876311173 912 2 2 100.000 -0.484 266453.08 807711.82
1487876311177 913 2 2 100.000 0.000 266453.08 846672.86
1487876311181 914 2 2 100.000 0.000 266453.08 846672.86
1487876311184 915 2 2 100.000 -0.484 266453.08 846672.86
1487876311190 916 2 2 100.000 -0.484 284611.97 846672.86
1487876311194 917 2 2 100.000 0.000 275244.29 889530.00
1487876311198 918 2 2 100.000 -0.484 279852.58 846672.86
1487876311202 919 2 2 100.000 0.000 279852.58 846672.86
1487876311206 920 2 2 100.000 -0.484 279852.58 989530.00
1487876311210 921 2 2 100.000 0.000 284611.97 936898.42
1487876311215 922 2 2 100.000 -0.484 289530.00 846672.86
1487876311219 923 2 2 100.000 -0.484 294614.75 889530.00
1487876311223 924 2 2 100.000 -0.484 299874.83 1048353.53
1487876311226 925 2 2 100.000 0.000 294614.75 936898.42
1487876311230 926 2 2 100.000 -0.484 299874.83 989530.00
1487876311234 927 2 2 100.000 -0.484 294614.75 989530.00
1487876311238 928 2 2 100.000 0.000 294614.75 989530.00
1487876311242 929 2 2 100.000 -0.484 299874.83 846672.86
1487876311247 930 2 2 100.000 0.000 289530.00 936898.42
1487876311251 931 2 2 100.000 -0.484 289530.00 1048353.53
1487876311255 932 2 2 100.000 -0.484 299874.83 989530.00
1487876311259 933 2 2 100.000 -0.484 310958.57 1048353.53
1487876311263 934 2 2 100.000 -0.484 299874.83 989530.00
1487876311267 935 2 2 100.000 -0.484 310958.57 1048353.53
1487876311271 936 2 2 100.000 -0.484 310958.57 989530.00
1487876311275 937 2 2 100.000 0.000 322863.33 1048353.53
1487876311279 938 2 2 100.000 0.000 305319.47 989530.00
1487876311283 939 2 2 100.000 -0.484 310958.57 989530.00
1487876311287 940 2 2 100.000 0.000 316802.73 1189530.00
1487876311291 941 2 2 100.000 -0.484 322863.33 989530.00
1487876311295 942 2 2 100.000 0.000 322863.33 989530.00
1487876311299 943 2 2 100.000 0.000 316802.73 989530.00
1487876311303 944 2 2 100.000 0.000 322863.33 1048353.53
1487876311307 945 2 2 100.000 0.000 329152.64 1048353.53
1487876311312 946 2 2 100.000 0.000 316802.73 1048353.53
1487876311316 947 2 2 100.000 -0.484 322863.33 936898.42
1487876311320 948 2 2 100.000 -0.484 322863.33 1048353.53
1487876311324 949 2 2 100.000 -0.484 322863.33 1048353.53
1487876311328 950 2 2 100.000 -0.484 322863.33 989530.00
1487876311332 951 2 2 100.000 -0.484 329152.64 989530.00
1487876311337 952 2 2 100.000 -0.484 316802.73 1048353.53
1487876311341 953 2 2 100.000 0.000 322863.33 1048353.53
1487876311345 954 2 2 100.000 -0.484 316802.73 989530.00
1487876311349 955 2 2 100.000 0.000 329152.64 846672.86
1487876311352 956 2 2 100.000 -0.484 322863.33 1114530.00
1487876311356 957 2 2 100.000 0.000 322863.33 1189530.00
1487876311360 958 2 2 100.000 0.000 322863.33 1114530.00
1487876311364 959 2 2 100.000 -0.484 322863.33 1114530.00
1487876311369 960 2 2 100.000 -0.484 316802.73 1189530.00
1487876311373 961 2 2 100.000 -0.484 316802.73 1114530.00
1487876311377 962 2 2 100.000 -0.484 329152.64 1114530.00
1487876311381 963 2 2 100.000 0.000 305319.47 1114530.00
1487876311385 964 2 2 100.000 -0.484 316802.73 1114530.00
1487876311389 965 2 2 100.000 -0.484 322863.33 1114530.00
1487876311393 966 2 2 100.000 -0.484 316802.73 1114530.00
1487876311398 967 2 2 100.000 0.000 316802.73 989530.00
1487876311402 968 2 2 100.000 -0.484 322863.33 989530.00
1487876311406 969 2 2 100.000 0.000 322863.33 1114530.00
1487876311409 970 2 2 100.000 0.000 329152.64 989530.00
1487876311413 971 2 2 100.000 0.000 322863.33 936898.42
1487876311417 972 2 2 100.000 -0.484 316802.73 989530.00
1487876311421 973 2 2 100.000 -0.484 310958.57 989530.00
1487876311425 974 2 2 100.000 0.000 310958.57 989530.00
1487876311430 975 2 2 100.000 0.000 316802.73 989530.00
1487876311434 976 2 2 100.000 0.000 310958.57 989530.00
1487876311438 977 2 2 100.000 0.000 316802.73 1189530.00
1487876311442 978 2 2 100.000 -0.484 316802.73 1114530.00
1487876311446 979 2 2 100.000 -0.484 310958.57 989530.00
1487876311450 980 2 2 100.000 0.000 305319.47 989530.00
1487876311454 981 2 2 100.000 -0.484 310958.57 1114530.00
1487876311459 982 2 2 100.000 0.000 316802.73 1114530.00
1487876311463 983 2 2 100.000 0.000 310958.57 1189530.00
1487876311467 984 2 2 100.000 0.000 316802.73 1114530.00
1487876311471 985 2 2 100.000 0.000 305319.47 1275244.29
1487876311474 986 2 2 100.000 0.000 316802.73 1114530.00
1487876311478 987 2 2 100.000 -0.484 310958.57 1114530.00
1487876311482 988 2 2 100.000 -0.484 316802.73 1114530.00
1487876311486 989 2 2 100.000 0.000 310958.57 1048353.53
1487876311491 990 2 2 100.000 -0.484 310958.57 1189530.00
1487876311495 991 2 2 100.000 -0.484 305319.47 1189530.00
1487876311499 992 2 2 100.000 0.000 305319.47 1275244.29
1487876311504 993 2 2 100.000 -0.484 305319.47 1275244.29
1487876311508 994 2 2 100.000 0.000 310958.57 1275244.29
1487876311512 995 2 2 100.000 0.000 305319.47 1189530.00
1487876311515 996 2 2 100.000 0.000 310958.57 1114530.00
1487876311520 997 2 2 100.000 0.000 305319.47 1275244.29
1487876311524 998 2 2 100.000 0.000 305319.47 1275244.29
1487876311528 999 2 2 100.000 0.000 322863.33 1189530.00
1487876311532 1000 2 2 100.000 0.000 310958.57 1114530.00
1487876311536 1001 2 2 100.000 0.000 305319.47 1275244.29
1487876311539 1002 2 2 100.000 0.000 322863.33 1275244.29
1487876311543 1003 2 2 100.000 0.000 305319.47 1189530.00
1487876311547 1004 2 2 100.000 0.000 305319.47 1189530.00
1487876311552 1005 2 2 100.000 0.000 305319.47 1189530.00
1487876311556 1006 2 2 100.000 0.000 305319.47 1275244.29
1487876311560 1007 2 2 100.000 0.000 299874.83 1189530.00
1487876311565 1008 2 2 100.000 0.000 299874.83 1275244.29
1487876311569 1009 2 2 100.000 0.000 299874.83 1275244.29
1487876311573 1010 2 2 100.000 0.000 316802.73 1275244.29
1487876311577 1011 2 2 100.000 -0.484 299874.83 1275244.29
1487876311581 1012 2 2 100.000 0.000 299874.83 1374145.38
1487876311585 1013 2 2 100.000 0.000 299874.83 1374145.38
1487876311589 1014 2 2 100.000 0.000 305319.47 1374145.38
1487876311593 1015 2 2 100.000 -0.484 299874.83 1275244.29
1487876311597 1016 2 2 100.000 0.000 299874.83 1275244.29
1487876311601 1017 2 2 100.000 0.000 294614.75 1275244.29
1487876311605 1018 2 2 100.000 0.000 305319.47 1275244.29
1487876311609 1019 2 2 100.000 0.000 299874.83 1275244.29
1487876311614 1020 2 2 100.000 0.000 294614.75 1275244.29
1487876311618 1021 2 2 100.000 -0.484 294614.75 1189530.00
1487876311622 1022 2 2 100.000 0.000 299874.83 1275244.29
1487876311626 1023 2 2 100.000 0.000 299874.83 1189530.00
1487876311630 1024 2 2 100.000 0.000 299874.83 1189530.00
1487876311634 1025 2 2 100.000 0.000 299874.83 1275244.29
1487876311638 1026 2 2 100.000 0.000 294614.75 1189530.00
1487876311643 1027 2 2 100.000 0.000 289530.00 1275244.29
1487876311647 1028 2 2 100.000 0.000 289530.00 1114530.00
1487876311651 1029 2 2 100.000 0.000 299874.83 1189530.00
1487876311655 1030 2 2 100.000 0.000 294614.75 1275244.29
1487876311658 1031 2 2 100.000 0.000 294614.75 1374145.38
1487876311662 1032 2 2 100.000 0.000 294614.75 1374145.38
1487876311666 1033 2 2 100.000 0.000 299874.83 1275244.29
1487876311670 1034 2 2 100.000 0.000 299874.83 1374145.38
1487876311675 1035 2 2 100.000 0.000 294614.75 1189530.00
1487876311679 1036 2 2 100.000 0.000 299874.83 1374145.38
1487876311683 1037 2 2 100.000 0.000 289530.00 1374145.38
1487876311688 1038 2 2 100.000 0.000 299874.83 1189530.00
1487876311692 1039 2 2 100.000 0.000 299874.83 1374145.38
1487876311696 1040 2 2 100.000 0.000 299874.83 1275244.29
1487876311699 1041 2 2 100.000 0.000 294614.75 1275244.29
1487876311704 1042 2 2 100.000 0.000 294614.75 1374145.38
1487876311708 1043 2 2 100.000 0.000 294614.75 1275244.29
1487876311712 1044 2 2 100.000 0.000 294614.75 1275244.29
1487876311716 1045 2 2 100.000 0.000 299874.83 1275244.29
1487876311720 1046 2 2 100.000 -0.484 294614.75 1374145.38
1487876311723 1047 2 2 100.000 0.000 299874.83 1275244.29
1487876311727 1048 2 2 100.000 0.000 299874.83 1275244.29
1487876311731 1049 2 2 100.000 0.000 299874.83 1275244.29
1487876311736 1050 2 2 100.000 0.000 299874.83 1275244.29
1487876311740 1051 2 2 100.000 0.000 294614.75 1189530.00
1487876311744 1052 2 2 100.000 0.000 299874.83 1489530.00
1487876311748 1053 2 2 100.000 0.000 289530.00 1275244.29
1487876311752 1054 2 2 100.000 0.000 270780.00 1374145.38
1487876311756 1055 2 2 100.000 0.000 289530.00 1374145.38
1487876311760 1056 2 2 100.000 0.000 289530.00 1374145.38
1487876311764 1057 2 2 100.000 0.000 284611.97 1189530.00
1487876311769 1058 2 2 100.000 0.000 289530.00 1275244.29
1487876311773 1059 2 2 100.000 0.000 294614.75 1489530.00
1487876311777 1060 2 2 100.000 0.000 294614.75 1275244.29
1487876311780 1061 2 2 100.000 0.000 284611.97 1114530.00
1487876311784 1062 2 2 100.000 0.000 289530.00 1275244.29
1487876311788 1063 2 2 100.000 0.000 289530.00 1374145.38
1487876311792 1064 2 2 100.000 0.000 294614.75 1275244.29
1487876311796 1065 2 2 100.000 0.000 284611.97 1275244.29
1487876311801 1066 2 2 100.000 0.000 289530.00 1374145.38
1487876311804 1067 2 2 100.000 0.000 294614.75 1275244.29
1487876311809 1068 2 2 100.000 0.000 284611.97 1275244.29
1487876311813 1069 2 2 100.000 -0.484 289530.00 1275244.29
1487876311817 1070 2 2 100.000 0.000 284611.97 1275244.29
1487876311821 1071 2 2 100.000 0.000 284611.97 1275244.29
1487876311825 1072 2 2 100.000 0.000 289530.00 1048353.53
1487876311829 1073 2 2 100.000 0.000 289530.00 1275244.29
1487876311833 1074 2 2 100.000 0.000 294614.75 1189530.00
1487876311837 1075 2 2 100.000 0.000 289530.00 1275244.29
1487876311841 1076 2 2 100.000 0.000 289530.00 1275244.29
1487876311845 1077 2 2 100.000 0.000 284611.97 1275244.29
1487876311848 1078 2 2 100.000 0.000 284611.97 1189530.00
1487876311852 1079 2 2 100.000 -0.484 289530.00 1275244.29
1487876311857 1080 2 2 100.000 0.000 289530.00 1275244.29
1487876311861 1081 2 2 100.000 0.000 284611.97 1275244.29
1487876311865 1082 2 2 100.000 0.000 284611.97 1275244.29
1487876311870 1083 2 2 100.000 0.000 289530.00 1275244.29
1487876311874 1084 2 2 100.000 0.000 289530.00 1275244.29
1487876311878 1085 2 2 100.000 0.000 284611.97 1275244.29
1487876311882 1086 2 2 100.000 0.000 305319.47 1189530.00
1487876311886 1087 2 2 100.000 0.000 289530.00 1189530.00
1487876311890 1088 2 2 100.000 0.000 284611.97 1275244.29
1487876311894 1089 2 2 100.000 0.000 284611.97 1374145.38
1487876311898 1090 2 2 100.000 0.000 284611.97 1189530.00
1487876311902 1091 2 2 100.000 0.000 284611.97 1189530.00
1487876311906 1092 2 2 100.000 0.000 284611.97 1275244.29
1487876311910 1093 2 2 100.000 0.000 289530.00 1275244.29
1487876311914 1094 2 2 100.000 0.000 284611.97 1275244.29
1487876311918 1095 2 2 100.000 0.000 279852.58 1275244.29
1487876311922 1096 2 2 100.000 0.000 284611.97 1275244.29
1487876311926 1097 2 2 100.000 0.000 284611.97 1275244.29
1487876311931 1098 2 2 100.000 0.000 284611.97 1114530.00
1487876311935 1099 2 2 100.000 0.000 284611.97 1275244.29
1487876311939 1100 2 2 100.000 0.000 284611.97 1374145.38
1487876311943 1101 2 2 100.000 0.000 284611.97 1275244.29
1487876311947 1102 2 2 100.000 0.000 279852.58 1114530.00
1487876311951 1103 2 2 100.000 0.000 284611.97 1189530.00
1487876311955 1104 2 2 100.000 0.000 284611.97 1275244.29
1487876311959 1105 2 2 100.000 0.000 284611.97 1189530.00
1487876311963 1106 2 2 100.000 0.000 284611.97 1189530.00
1487876311967 1107 2 2 100.000 0.000 284611.97 1275244.29
1487876311971 1108 2 2 100.000 0.000 284611.97 1275244.29
1487876311975 1109 2 2 100.000 0.000 289530.00 1275244.29
1487876311980 1110 2 2 100.000 0.000 284611.97 1275244.29
1487876311984 1111 2 2 100.000 0.000 284611.97 1275244.29
1487876311988 1112 2 2 100.000 0.000 279852.58 1114530.00
1487876311992 1113 3 2 100.000 0.000 284611.97 1189530.00
