Serial_number: 1 
Time Data_Count Cycle State Desired_force_(psi) Measured_force_(psi) Toe_sensor Heel_Sensor
1484942534043 0 0 0 196.000 0.000 45085.56 36898.42
1484942534136 1 0 1 196.000 -0.968 203815.71 989530.00
1484942534176 2 0 1 196.000 -0.968 236105.34 1114530.00
1484942534220 3 0 1 196.000 -0.484 246672.86 1275244.29
1484942534244 4 0 1 196.000 -0.484 254235.88 1275244.29
1484942534270 5 0 1 196.000 -0.968 250399.57 1189530.00
1484942534282 6 0 1 196.000 -0.968 254235.88 1275244.29
1484942534295 7 0 1 196.000 -0.484 254235.88 1275244.29
1484942534310 8 0 1 196.000 -0.968 258186.72 1275244.29
1484942534325 9 0 1 196.000 -0.484 250399.57 1275244.29
1484942534332 10 0 1 196.000 -0.968 250399.57 1275244.29
1484942534339 11 0 1 196.000 -0.968 254235.88 1275244.29
1484942534345 12 0 1 196.000 -0.968 254235.88 1275244.29
1484942534352 13 0 1 196.000 -0.968 254235.88 1374145.38
1484942534359 14 0 1 196.000 -0.968 254235.88 1275244.29
1484942534366 15 0 1 196.000 -0.484 254235.88 1275244.29
1484942534372 16 0 1 196.000 -0.968 254235.88 1275244.29
1484942534379 17 0 1 196.000 -0.968 254235.88 1275244.29
1484942534386 18 0 1 196.000 -0.484 254235.88 1374145.38
1484942534393 19 0 1 196.000 -0.484 250399.57 1275244.29
1484942534399 20 0 1 196.000 -0.484 254235.88 1275244.29
1484942534406 21 0 1 196.000 -0.484 246672.86 1114530.00
1484942534413 22 0 1 196.000 -0.484 254235.88 1189530.00
1484942534420 23 0 1 196.000 -0.968 254235.88 1189530.00
1484942534426 24 0 1 196.000 -0.484 254235.88 1189530.00
1484942534433 25 0 1 196.000 -0.484 254235.88 1275244.29
1484942534440 26 0 1 196.000 -0.484 246672.86 1114530.00
1484942534447 27 0 1 196.000 -0.968 254235.88 1275244.29
1484942534453 28 0 1 196.000 -0.484 254235.88 1275244.29
1484942534460 29 0 1 196.000 -0.484 246672.86 1275244.29
1484942534467 30 0 1 196.000 -0.484 250399.57 1275244.29
1484942534474 31 0 1 196.000 -0.484 250399.57 1114530.00
1484942534480 32 0 1 196.000 -0.484 254235.88 1189530.00
1484942534487 33 0 1 196.000 -0.968 246672.86 1048353.53
1484942534494 34 0 1 196.000 -0.484 254235.88 989530.00
1484942534501 35 0 1 196.000 -0.484 254235.88 1275244.29
1484942534507 36 0 1 196.000 -0.484 250399.57 1189530.00
1484942534514 37 0 1 196.000 -0.484 254235.88 1189530.00
1484942534521 38 0 1 196.000 -0.484 254235.88 1275244.29
1484942534528 39 0 1 196.000 -0.484 254235.88 1189530.00
1484942534534 40 0 1 196.000 -0.484 246672.86 1189530.00
1484942534541 41 0 1 196.000 -0.484 254235.88 1189530.00
1484942534548 42 0 1 196.000 -0.484 246672.86 1189530.00
1484942534555 43 0 1 196.000 -0.484 250399.57 1189530.00
1484942534562 44 0 1 196.000 -0.484 246672.86 1189530.00
1484942534569 45 0 1 196.000 -0.968 250399.57 1189530.00
1484942534575 46 0 1 196.000 -0.484 254235.88 1189530.00
1484942534582 47 0 1 196.000 -0.968 250399.57 1189530.00
1484942534589 48 0 1 196.000 -0.484 254235.88 1189530.00
1484942534596 49 0 1 196.000 -0.484 243051.13 1275244.29
1484942534602 50 0 1 196.000 -0.484 243051.13 1114530.00
1484942534609 51 0 1 196.000 -0.484 254235.88 1275244.29
1484942534616 52 0 1 196.000 -0.484 250399.57 1189530.00
1484942534622 53 0 1 196.000 -0.484 246672.86 1275244.29
1484942534629 54 0 1 196.000 -0.484 254235.88 1189530.00
1484942534636 55 0 1 196.000 -0.968 250399.57 1189530.00
1484942534643 56 0 1 196.000 -0.484 250399.57 1189530.00
1484942534650 57 0 1 196.000 -0.968 250399.57 1275244.29
1484942534656 58 0 1 196.000 -0.484 254235.88 1114530.00
1484942534663 59 0 1 196.000 -0.484 246672.86 1275244.29
1484942534670 60 0 1 196.000 -0.484 254235.88 1189530.00
1484942534677 61 0 1 196.000 -0.484 254235.88 1189530.00
1484942534684 62 0 1 196.000 -0.484 254235.88 1189530.00
1484942534691 63 0 1 196.000 -0.484 250399.57 1114530.00
1484942534697 64 0 1 196.000 -0.484 254235.88 1275244.29
1484942534704 65 0 1 196.000 -0.484 250399.57 1189530.00
1484942534711 66 0 1 196.000 -0.484 250399.57 1374145.38
1484942534718 67 0 1 196.000 -0.968 250399.57 1189530.00
1484942534724 68 0 1 196.000 -0.484 246672.86 1189530.00
1484942534731 69 0 1 196.000 -0.484 243051.13 1189530.00
1484942534738 70 0 1 196.000 -0.484 246672.86 1189530.00
1484942534745 71 0 1 196.000 -0.484 246672.86 1189530.00
1484942534752 72 0 1 196.000 -0.484 254235.88 1275244.29
1484942534758 73 0 1 196.000 -0.968 246672.86 1275244.29
1484942534765 74 0 1 196.000 -0.484 246672.86 1189530.00
1484942534772 75 0 1 196.000 -0.484 250399.57 1189530.00
1484942534779 76 0 1 196.000 -0.484 246672.86 1275244.29
1484942534785 77 0 1 196.000 -0.484 246672.86 1275244.29
1484942534792 78 0 1 196.000 -0.484 243051.13 1189530.00
1484942534799 79 0 1 196.000 -0.484 250399.57 1275244.29
1484942534806 80 0 1 196.000 -0.484 246672.86 1114530.00
1484942534813 81 0 1 196.000 -0.484 250399.57 1189530.00
1484942534819 82 0 1 196.000 -0.484 250399.57 1114530.00
1484942534826 83 0 1 196.000 -0.484 250399.57 1114530.00
1484942534833 84 0 1 196.000 -0.968 246672.86 1275244.29
1484942534840 85 0 1 196.000 -0.484 243051.13 1189530.00
1484942534846 86 0 1 196.000 -0.484 254235.88 1275244.29
1484942534853 87 0 1 196.000 -0.484 246672.86 1048353.53
1484942534860 88 0 1 196.000 -0.484 250399.57 1114530.00
1484942534867 89 0 1 196.000 -0.484 246672.86 1189530.00
1484942534874 90 0 1 196.000 -0.484 246672.86 1189530.00
1484942534881 91 0 1 196.000 -0.484 250399.57 1114530.00
1484942534887 92 0 1 196.000 -0.484 250399.57 1189530.00
1484942534894 93 0 1 196.000 -0.484 254235.88 1189530.00
1484942534901 94 0 1 196.000 -0.484 254235.88 1114530.00
1484942534908 95 0 1 196.000 -0.484 250399.57 1114530.00
1484942534914 96 0 1 196.000 -0.484 246672.86 1048353.53
1484942534921 97 0 1 196.000 -0.484 246672.86 1114530.00
1484942534928 98 0 1 196.000 -0.484 250399.57 1114530.00
1484942534935 99 0 1 196.000 -0.484 250399.57 1114530.00
1484942534941 100 0 1 196.000 -0.484 246672.86 1114530.00
1484942534948 101 0 1 196.000 -0.484 239530.00 1114530.00
1484942534955 102 0 1 196.000 -0.484 250399.57 1114530.00
1484942534962 103 0 1 196.000 -0.968 254235.88 1048353.53
1484942534968 104 0 1 196.000 -0.484 246672.86 1048353.53
1484942534975 105 0 1 196.000 -0.484 246672.86 1048353.53
1484942534982 106 0 1 196.000 -0.484 250399.57 1114530.00
1484942534989 107 0 1 196.000 -0.484 239530.00 1114530.00
1484942534995 108 0 1 196.000 -0.484 250399.57 1189530.00
1484942535002 109 0 1 196.000 -0.484 250399.57 1114530.00
1484942535009 110 0 1 196.000 -0.484 246672.86 1048353.53
1484942535016 111 0 1 196.000 -0.484 246672.86 1114530.00
1484942535022 112 0 1 196.000 -0.484 246672.86 1114530.00
1484942535029 113 0 1 196.000 -0.484 250399.57 1114530.00
1484942535036 114 0 1 196.000 -0.484 246672.86 1048353.53
1484942535043 115 0 1 196.000 -0.484 243051.13 1114530.00
1484942535049 116 0 1 196.000 -0.484 243051.13 1114530.00
1484942535056 117 0 1 196.000 -0.484 254235.88 1275244.29
1484942535063 118 0 1 196.000 -0.484 239530.00 1114530.00
1484942535070 119 0 1 196.000 -0.484 250399.57 1189530.00
1484942535077 120 0 1 196.000 -0.484 246672.86 1048353.53
1484942535084 121 0 1 196.000 -0.484 246672.86 1114530.00
1484942535090 122 0 1 196.000 -0.484 243051.13 989530.00
1484942535097 123 0 1 196.000 -0.484 250399.57 1048353.53
1484942535104 124 0 2 196.000 -0.484 246672.86 1048353.53
1484942535111 125 0 2 196.000 -0.484 246672.86 1114530.00
1484942535117 126 0 2 196.000 -0.484 246672.86 989530.00
1484942535124 127 0 2 196.000 -0.484 246672.86 1114530.00
1484942535131 128 0 2 196.000 -0.968 243051.13 1048353.53
1484942535138 129 0 2 196.000 -0.484 250399.57 1114530.00
1484942535144 130 0 2 196.000 -0.484 250399.57 936898.42
1484942535151 131 0 2 196.000 -0.484 246672.86 1114530.00
1484942535158 132 0 2 196.000 -0.484 250399.57 1114530.00
1484942535165 133 0 2 196.000 -0.484 246672.86 989530.00
1484942535172 134 0 2 196.000 -0.484 246672.86 1114530.00
1484942535179 135 0 2 196.000 -0.484 246672.86 1114530.00
1484942535186 136 0 2 196.000 -0.484 246672.86 936898.42
1484942535192 137 0 2 196.000 -0.484 243051.13 1048353.53
1484942535199 138 0 2 196.000 -0.968 243051.13 1048353.53
1484942535206 139 0 2 196.000 -0.484 250399.57 1114530.00
1484942535213 140 0 2 196.000 -0.484 239530.00 1048353.53
1484942535220 141 0 2 196.000 -0.484 246672.86 1048353.53
1484942535226 142 0 2 196.000 -0.484 250399.57 1048353.53
1484942535233 143 0 2 196.000 -0.484 246672.86 1114530.00
1484942535240 144 0 2 196.000 -0.484 258186.72 989530.00
1484942535247 145 0 2 196.000 -0.484 250399.57 1048353.53
1484942535254 146 0 2 196.000 -0.484 246672.86 1048353.53
1484942535260 147 0 2 196.000 -0.968 243051.13 989530.00
1484942535267 148 0 2 196.000 -0.484 246672.86 1048353.53
1484942535274 149 0 2 196.000 -0.484 243051.13 1048353.53
1484942535281 150 0 2 196.000 -0.484 250399.57 1048353.53
1484942535287 151 0 2 196.000 -0.484 246672.86 1048353.53
1484942535294 152 0 2 196.000 -0.484 250399.57 1048353.53
1484942535301 153 0 2 196.000 -0.484 250399.57 1114530.00
1484942535308 154 0 2 196.000 -0.484 246672.86 989530.00
1484942535315 155 0 2 196.000 -0.484 250399.57 989530.00
1484942535322 156 0 2 196.000 -0.484 246672.86 1048353.53
1484942535329 157 0 2 196.000 -0.484 246672.86 1048353.53
1484942535336 158 0 2 196.000 -0.484 250399.57 1048353.53
1484942535343 159 0 2 196.000 -0.484 246672.86 1048353.53
1484942535349 160 0 2 196.000 -0.484 250399.57 989530.00
1484942535356 161 0 2 196.000 -0.484 250399.57 989530.00
1484942535363 162 0 2 196.000 -0.484 250399.57 936898.42
1484942535370 163 0 2 196.000 -0.484 243051.13 1048353.53
1484942535376 164 0 2 196.000 -0.484 250399.57 1114530.00
1484942535383 165 0 2 196.000 -0.484 250399.57 1048353.53
1484942535390 166 0 2 196.000 -0.484 243051.13 1048353.53
1484942535397 167 0 2 196.000 -0.968 243051.13 1048353.53
1484942535403 168 0 2 196.000 -0.484 246672.86 989530.00
1484942535410 169 0 2 196.000 -0.484 250399.57 1114530.00
1484942535417 170 0 2 196.000 -0.484 246672.86 1048353.53
1484942535424 171 0 2 196.000 -0.484 246672.86 989530.00
1484942535430 172 0 2 196.000 -0.484 246672.86 989530.00
1484942535437 173 0 2 196.000 -0.484 239530.00 1048353.53
1484942535444 174 0 2 196.000 -0.484 250399.57 989530.00
1484942535451 175 0 2 196.000 -0.484 243051.13 989530.00
1484942535457 176 0 2 196.000 -0.484 246672.86 1048353.53
1484942535464 177 0 2 196.000 -0.484 246672.86 1048353.53
1484942535471 178 0 2 196.000 -0.484 243051.13 989530.00
1484942535478 179 0 2 196.000 -0.484 243051.13 989530.00
1484942535485 180 0 2 196.000 -0.484 243051.13 989530.00
1484942535491 181 0 2 196.000 -0.484 250399.57 1048353.53
1484942535498 182 0 2 196.000 -0.484 250399.57 1048353.53
1484942535505 183 0 2 196.000 -0.484 246672.86 989530.00
1484942535512 184 0 2 196.000 -0.484 243051.13 989530.00
1484942535518 185 0 2 196.000 -0.484 243051.13 1048353.53
1484942535525 186 0 2 196.000 -0.484 254235.88 1048353.53
1484942535532 187 0 2 196.000 -0.484 239530.00 989530.00
1484942535539 188 0 2 196.000 -0.484 246672.86 936898.42
1484942535545 189 0 2 196.000 -0.484 246672.86 989530.00
1484942535552 190 0 2 196.000 -0.484 246672.86 989530.00
1484942535559 191 0 2 196.000 -0.484 243051.13 989530.00
1484942535566 192 0 2 196.000 -0.484 246672.86 989530.00
1484942535573 193 0 2 196.000 -0.484 243051.13 1048353.53
1484942535579 194 0 2 196.000 -0.484 243051.13 989530.00
1484942535586 195 0 2 196.000 -0.484 243051.13 989530.00
1484942535593 196 0 2 196.000 -0.484 250399.57 989530.00
1484942535600 197 0 2 196.000 -0.484 246672.86 989530.00
1484942535606 198 1 2 196.000 -0.968 243051.13 989530.00
1484942535614 199 1 1 196.000 -0.484 246672.86 936898.42
1484942535621 200 1 1 196.000 -0.484 243051.13 1048353.53
1484942535629 201 1 1 196.000 -0.484 246672.86 1048353.53
1484942535643 202 1 1 196.000 -0.484 246672.86 989530.00
1484942535650 203 1 1 196.000 -0.484 246672.86 989530.00
1484942535657 204 1 1 196.000 -0.484 246672.86 936898.42
1484942535664 205 1 1 196.000 -0.484 250399.57 936898.42
1484942535670 206 1 1 196.000 -0.484 254235.88 989530.00
1484942535677 207 1 1 196.000 -0.968 250399.57 989530.00
1484942535684 208 1 1 196.000 -0.968 250399.57 989530.00
1484942535691 209 1 1 196.000 -0.968 254235.88 989530.00
1484942535697 210 1 1 196.000 -0.968 250399.57 936898.42
1484942535704 211 1 1 196.000 -0.968 246672.86 989530.00
1484942535711 212 1 1 196.000 0.000 250399.57 889530.00
1484942535718 213 1 1 196.000 25.156 258186.72 936898.42
1484942535735 214 1 1 196.000 10.159 254235.88 846672.86
1484942535749 215 1 1 196.000 -0.968 250399.57 846672.86
1484942535768 216 1 1 196.000 -0.968 250399.57 889530.00
1484942535775 217 1 1 196.000 -0.968 254235.88 889530.00
1484942535782 218 1 1 196.000 -0.968 254235.88 936898.42
1484942535796 219 1 1 196.000 -0.968 243051.13 889530.00
1484942535803 220 1 1 196.000 -0.484 246672.86 846672.86
1484942535810 221 1 1 196.000 -0.968 250399.57 846672.86
1484942535817 222 1 1 196.000 -0.484 243051.13 807711.82
1484942535823 223 1 1 196.000 -0.968 243051.13 846672.86
1484942535830 224 1 1 196.000 -0.968 239530.00 846672.86
1484942535837 225 1 1 196.000 -0.968 243051.13 889530.00
1484942535844 226 1 1 196.000 -0.484 246672.86 846672.86
1484942535851 227 1 1 196.000 -0.484 243051.13 846672.86
1484942535857 228 1 1 196.000 -0.968 246672.86 846672.86
1484942535864 229 1 1 196.000 -0.968 239530.00 846672.86
1484942535871 230 1 1 196.000 -0.968 246672.86 846672.86
1484942535878 231 1 1 196.000 -0.968 243051.13 846672.86
1484942535885 232 1 1 196.000 -0.968 243051.13 807711.82
1484942535891 233 1 1 196.000 -0.968 239530.00 846672.86
1484942535898 234 1 1 196.000 -0.968 239530.00 846672.86
1484942535905 235 1 1 196.000 -0.484 243051.13 846672.86
1484942535912 236 1 1 196.000 -0.968 239530.00 846672.86
1484942535918 237 1 1 196.000 -0.968 239530.00 807711.82
1484942535925 238 1 1 196.000 -0.484 243051.13 846672.86
1484942535932 239 1 1 196.000 -0.484 239530.00 846672.86
1484942535939 240 1 1 196.000 -0.968 239530.00 846672.86
1484942535945 241 1 1 196.000 -0.484 239530.00 846672.86
1484942535952 242 1 1 196.000 -0.968 236105.34 807711.82
1484942535959 243 1 1 196.000 -0.968 236105.34 807711.82
1484942535966 244 1 1 196.000 -0.484 229530.00 739530.00
1484942535972 245 1 1 196.000 -0.968 217378.10 709530.00
1484942535979 246 1 1 196.000 -0.484 194075.45 552030.00
1484942535986 247 1 1 196.000 -0.484 214530.00 2560958.57
1484942535993 248 1 1 196.000 -0.968 114530.00 26797.08
1484942535999 249 1 1 196.000 4.354 49530.00 19884.13
1484942536006 250 1 1 196.000 54.182 35448.37 15244.29
1484942536022 251 1 1 196.000 88.530 13530.00 12846.06
1484942536036 252 1 1 196.000 118.524 12200.03 33974.44
1484942536043 253 1 1 196.000 133.037 11374.66 18376.15
1484942536050 254 1 1 196.000 119.007 10706.47 24755.05
1484942536057 255 1 1 196.000 124.329 10484.60 13723.55
1484942536063 256 1 1 196.000 143.680 10031.14 7422.64
1484942536070 257 1 1 196.000 125.780 10054.52 8926.55
1484942536077 258 1 1 196.000 112.718 10031.14 10315.22
1484942536084 259 1 1 196.000 133.520 9800.27 28406.89
1484942536091 260 1 1 196.000 127.231 9754.72 12937.02
1484942536097 261 1 1 196.000 113.686 9777.47 6804.47
1484942536104 262 1 1 196.000 124.329 9641.73 10558.04
1484942536111 263 1 1 196.000 129.166 9552.25 9245.22
1484942536118 264 1 1 196.000 117.556 9574.54 8864.05
1484942536124 265 1 1 196.000 117.556 9530.00 8010.49
1484942536139 266 1 1 196.000 123.361 9375.64 5659.03
1484942536177 267 1 1 196.000 124.329 9310.22 8086.70
1484942536187 268 1 1 196.000 116.105 9266.84 8801.95
1484942536211 269 1 1 196.000 110.299 9375.64 8968.44
1484942536228 270 1 1 196.000 120.942 9463.55 12228.61
1484942536235 271 1 1 196.000 110.299 9619.29 12755.81
1484942536242 272 1 1 196.000 115.621 9664.23 14323.39
1484942536248 273 1 1 196.000 110.299 9375.64 25893.64
1484942536255 274 1 1 196.000 102.075 9116.51 12547.90
1484942536262 275 1 1 196.000 106.913 8822.60 24078.94
1484942536269 276 1 1 196.000 104.010 8497.33 15616.96
1484942536275 277 1 1 196.000 101.108 8319.14 8202.20
1484942536282 278 1 1 196.000 102.075 8163.54 13121.09
1484942536289 279 1 1 196.000 101.592 8067.59 25173.56
1484942536296 280 1 1 196.000 100.140 8010.49 27746.56
1484942536302 281 1 1 196.000 99.657 7916.11 28575.55
1484942536309 282 1 1 196.000 98.689 7916.11 8358.45
1484942536316 283 1 1 196.000 98.205 7804.11 8221.59
1484942536323 284 1 1 196.000 99.173 7822.68 12725.88
1484942536329 285 1 1 196.000 97.721 7767.08 8989.46
1484942536336 286 1 1 196.000 97.721 7711.82 6624.02
1484942536343 287 1 1 196.000 97.721 7675.16 5819.59
1484942536350 288 1 1 196.000 96.754 7620.45 5100.93
1484942536357 289 1 1 196.000 97.721 7602.29 5790.16
1484942536363 290 1 1 196.000 96.754 7620.45 5644.59
1484942536370 291 1 1 196.000 96.270 7656.89 4980.64
1484942536377 292 1 1 196.000 96.270 7638.65 4993.92
1484942536384 293 1 1 196.000 96.270 7675.16 5020.53
1484942536390 294 1 1 196.000 96.270 7711.82 4681.52
1484942536397 295 1 1 196.000 95.303 7675.16 4797.18
1484942536404 296 1 1 196.000 95.303 7602.29 4681.52
1484942536411 297 1 1 196.000 95.303 7602.29 5020.53
1484942536417 298 1 1 196.000 95.786 7584.16 5445.12
1484942536424 299 1 1 196.000 94.819 7566.07 4797.18
1484942536431 300 1 1 196.000 94.819 7530.00 4745.55
1484942536438 301 1 1 196.000 95.303 7530.00 4732.70
1484942536444 302 1 1 196.000 94.335 7548.02 4980.64
1484942536451 303 1 1 196.000 95.303 7566.07 4732.70
1484942536458 304 1 1 196.000 94.335 7566.07 4707.07
1484942536465 305 1 1 196.000 94.335 7512.02 4732.70
1484942536472 306 1 1 196.000 94.335 7512.02 4719.87
1484942536479 307 1 1 196.000 94.335 7512.02 4668.77
1484942536485 308 1 1 196.000 92.400 7512.02 4694.28
1484942536492 309 1 1 196.000 92.884 7494.07 4681.52
1484942536499 310 1 1 196.000 93.851 7476.16 4732.70
1484942536506 311 1 1 196.000 93.368 7512.02 4681.52
1484942536512 312 1 1 196.000 92.400 7584.16 4643.35
1484942536519 313 1 1 196.000 91.916 7548.02 4694.28
1484942536526 314 1 1 196.000 92.884 7512.02 4630.67
1484942536533 315 1 1 196.000 92.884 7494.07 4668.77
1484942536539 316 1 1 196.000 92.400 7440.45 4668.77
1484942536546 317 1 1 196.000 92.400 7440.45 4643.35
1484942536553 318 1 1 196.000 92.884 7404.88 4656.05
1484942536560 319 1 1 196.000 91.916 7422.64 4656.05
1484942536566 320 1 1 196.000 91.916 7404.88 4656.05
1484942536573 321 1 1 196.000 92.400 7422.64 4656.05
1484942536580 322 1 1 196.000 90.949 7387.14 4656.05
1484942536587 323 1 1 196.000 91.432 7387.14 4668.77
1484942536594 324 1 1 196.000 90.949 7404.88 4656.05
1484942536600 325 1 1 196.000 90.949 7369.44 4656.05
1484942536607 326 1 1 196.000 90.949 7404.88 4656.05
1484942536614 327 1 1 196.000 90.949 7440.45 4656.05
1484942536621 328 1 2 196.000 90.949 7530.00 4656.05
1484942536627 329 1 2 196.000 90.949 7476.16 4643.35
1484942536634 330 1 2 196.000 90.465 7512.02 4643.35
1484942536641 331 1 2 196.000 90.949 7494.07 4643.35
1484942536648 332 1 2 196.000 90.949 7512.02 4656.05
1484942536654 333 1 2 196.000 89.497 7566.07 4656.05
1484942536661 334 1 2 196.000 88.530 7548.02 4656.05
1484942536668 335 1 2 196.000 87.562 7512.02 4656.05
1484942536675 336 1 2 196.000 85.143 7530.00 4694.28
1484942536681 337 1 2 196.000 75.952 7656.89 4784.24
1484942536688 338 1 2 196.000 50.312 7953.75 5375.07
1484942536695 339 1 2 196.000 24.672 9375.64 6921.30
1484942536702 340 1 2 196.000 6.773 12343.69 10781.48
1484942536708 341 1 2 196.000 -0.968 18750.78 21220.14
1484942536717 342 1 2 196.000 -0.484 34084.46 67116.21
1484942536723 343 1 2 196.000 -0.484 52910.28 173203.47
1484942536737 344 1 2 196.000 -0.968 92387.14 299874.83
1484942536744 345 1 2 196.000 -0.968 107951.05 364530.00
1484942536751 346 1 2 196.000 -0.968 123858.36 389530.00
1484942536758 347 1 2 196.000 -0.968 139530.00 439530.00
1484942536765 348 1 2 196.000 -0.484 157754.30 489530.00
1484942536771 349 1 2 196.000 -0.968 171348.18 518941.76
1484942536778 350 1 2 196.000 -0.968 185182.17 552030.00
1484942536785 351 1 2 196.000 -0.968 206397.47 589530.00
1484942536792 352 1 2 196.000 -0.484 217378.10 589530.00
1484942536799 353 1 2 196.000 -0.968 226372.11 570175.16
1484942536805 354 1 2 196.000 -0.968 239530.00 681837.69
1484942536812 355 1 2 196.000 -0.968 246672.86 681837.69
1484942536819 356 1 2 196.000 -0.968 250399.57 739530.00
1484942536826 357 1 2 196.000 -0.968 258186.72 739530.00
1484942536832 358 1 2 196.000 -0.968 262257.27 739530.00
1484942536839 359 1 2 196.000 -0.968 266453.08 772138.70
1484942536846 360 1 2 196.000 -0.968 270780.00 807711.82
1484942536853 361 1 2 196.000 -0.968 275244.29 807711.82
1484942536860 362 1 2 196.000 -0.968 275244.29 846672.86
1484942536866 363 1 2 196.000 -0.968 270780.00 846672.86
1484942536873 364 1 2 196.000 -0.484 270780.00 846672.86
1484942536880 365 1 2 196.000 -0.968 275244.29 846672.86
1484942536887 366 1 2 196.000 -0.968 279852.58 846672.86
1484942536893 367 1 2 196.000 -0.968 294614.75 889530.00
1484942536900 368 1 2 196.000 -0.968 289530.00 889530.00
1484942536907 369 1 2 196.000 -0.968 294614.75 936898.42
1484942536914 370 1 2 196.000 -0.968 299874.83 889530.00
1484942536920 371 1 2 196.000 -0.968 305319.47 889530.00
1484942536927 372 1 2 196.000 -0.968 305319.47 889530.00
1484942536934 373 1 2 196.000 -0.968 310958.57 936898.42
1484942536941 374 1 2 196.000 -0.968 305319.47 889530.00
1484942536947 375 1 2 196.000 -0.968 310958.57 889530.00
1484942536954 376 1 2 196.000 -0.484 322863.33 889530.00
1484942536961 377 1 2 196.000 -0.968 322863.33 936898.42
1484942536968 378 1 2 196.000 -0.484 322863.33 889530.00
1484942536974 379 1 2 196.000 -0.968 329152.64 936898.42
1484942536981 380 1 2 196.000 -0.968 322863.33 936898.42
1484942536988 381 1 2 196.000 -0.968 322863.33 936898.42
1484942536995 382 1 2 196.000 -0.484 316802.73 936898.42
1484942537001 383 1 2 196.000 -0.484 322863.33 889530.00
1484942537008 384 1 2 196.000 -0.968 322863.33 846672.86
1484942537015 385 1 2 196.000 -0.968 329152.64 846672.86
1484942537022 386 1 2 196.000 -0.968 316802.73 889530.00
1484942537028 387 1 2 196.000 -0.484 316802.73 889530.00
1484942537035 388 1 2 196.000 -0.968 316802.73 889530.00
1484942537042 389 1 2 196.000 -0.484 316802.73 889530.00
1484942537049 390 1 2 196.000 -0.968 316802.73 936898.42
1484942537055 391 1 2 196.000 -0.968 316802.73 889530.00
1484942537062 392 1 2 196.000 -0.484 316802.73 846672.86
1484942537069 393 1 2 196.000 -0.968 322863.33 846672.86
1484942537076 394 1 2 196.000 -0.968 316802.73 936898.42
1484942537083 395 1 2 196.000 -0.484 310958.57 889530.00
1484942537090 396 1 2 196.000 -0.968 310958.57 889530.00
1484942537097 397 1 2 196.000 -0.968 322863.33 889530.00
1484942537103 398 1 2 196.000 -0.484 316802.73 889530.00
1484942537110 399 1 2 196.000 -0.484 310958.57 936898.42
1484942537117 400 1 2 196.000 -0.968 305319.47 889530.00
1484942537123 401 2 2 196.000 -0.968 310958.57 989530.00
1484942537131 402 2 1 196.000 -0.484 305319.47 846672.86
1484942537138 403 2 1 196.000 -0.484 310958.57 936898.42
1484942537152 404 2 1 196.000 -0.484 305319.47 936898.42
1484942537159 405 2 1 196.000 -0.968 305319.47 889530.00
1484942537166 406 2 1 196.000 -0.484 305319.47 989530.00
1484942537172 407 2 1 196.000 -0.484 310958.57 936898.42
1484942537179 408 2 1 196.000 -0.968 299874.83 936898.42
1484942537201 409 2 1 196.000 -0.968 299874.83 889530.00
1484942537220 410 2 1 196.000 0.000 299874.83 936898.42
1484942537227 411 2 1 196.000 7.740 294614.75 846672.86
1484942537251 412 2 1 196.000 -0.484 299874.83 989530.00
1484942537271 413 2 1 196.000 -0.484 284611.97 1048353.53
1484942537278 414 2 1 196.000 -0.484 289530.00 989530.00
1484942537291 415 2 1 196.000 -0.968 289530.00 989530.00
1484942537298 416 2 1 196.000 -0.968 289530.00 989530.00
1484942537305 417 2 1 196.000 -0.484 284611.97 936898.42
1484942537312 418 2 1 196.000 -0.968 289530.00 989530.00
1484942537319 419 2 1 196.000 -0.968 289530.00 989530.00
1484942537325 420 2 1 196.000 -0.484 289530.00 989530.00
1484942537332 421 2 1 196.000 -0.484 289530.00 989530.00
1484942537339 422 2 1 196.000 -0.484 289530.00 989530.00
1484942537346 423 2 1 196.000 -0.484 284611.97 1048353.53
1484942537353 424 2 1 196.000 -0.484 289530.00 989530.00
1484942537359 425 2 1 196.000 -0.968 289530.00 989530.00
1484942537366 426 2 1 196.000 -0.484 289530.00 989530.00
1484942537373 427 2 1 196.000 -0.968 284611.97 989530.00
1484942537380 428 2 1 196.000 -0.968 289530.00 1048353.53
1484942537386 429 2 1 196.000 -0.968 289530.00 936898.42
1484942537393 430 2 1 196.000 -0.968 284611.97 989530.00
1484942537400 431 2 1 196.000 -0.968 284611.97 1048353.53
1484942537407 432 2 1 196.000 -0.484 289530.00 989530.00
1484942537417 433 2 1 196.000 -0.968 279852.58 989530.00
1484942537439 434 2 1 196.000 -0.484 275244.29 989530.00
1484942537453 435 2 1 196.000 -0.484 275244.29 989530.00
1484942537459 436 2 1 196.000 -0.484 262257.27 936898.42
1484942537466 437 2 1 196.000 -0.484 250399.57 936898.42
1484942537473 438 2 1 196.000 -0.484 214530.00 772138.70
1484942537480 439 2 1 196.000 -0.968 236105.34 936898.42
1484942537487 440 2 1 196.000 -0.968 226372.11 108735.30
1484942537493 441 2 1 196.000 15.481 143376.15 97963.73
1484942537518 442 2 1 196.000 89.497 25747.30 14989.69
1484942537525 443 2 1 196.000 106.913 21845.98 16927.26
1484942537533 444 2 1 196.000 122.877 20351.92 16157.22
1484942537539 445 2 1 196.000 135.939 18562.26 50136.06
1484942537546 446 2 1 196.000 120.459 16516.51 8989530.00
1484942537553 447 2 1 196.000 102.559 13152.05 17989530.00
1484942537560 448 2 1 196.000 103.043 10607.28 8989530.00
1484942537567 449 2 1 196.000 100.624 9596.89 8989530.00
1484942537573 450 2 1 196.000 99.657 9073.97 284611.97
1484942537580 451 2 1 196.000 100.140 8781.34 10387.47
1484942537587 452 2 1 196.000 98.689 8699.33 6754.88
1484942537594 453 2 1 196.000 98.689 8618.02 7711.82
1484942537600 454 2 1 196.000 99.173 8537.39 6771.38
1484942537607 455 2 1 196.000 98.689 8497.33 6721.98
1484942537614 456 2 1 196.000 96.754 8760.77 6754.88
1484942537621 457 2 1 196.000 94.335 9441.50 5717.05
1484942537628 458 2 1 196.000 94.335 10195.90 5459.20
1484942537634 459 2 1 196.000 90.949 10984.11 4914.62
1484942537641 460 2 1 196.000 89.981 11918.06 4656.05
1484942537648 461 2 1 196.000 91.432 12906.62 4480.17
1484942537655 462 2 1 196.000 92.400 13658.69 4517.51
1484942537661 463 2 1 196.000 92.400 14187.53 4480.17
1484942537668 464 2 1 196.000 92.400 14255.27 4467.76
1484942537675 465 2 1 196.000 92.400 14221.36 10435.92
1484942537682 466 2 1 196.000 92.884 14120.16 7440.45
1484942537688 467 2 1 196.000 92.400 14019.80 4681.52
1484942537695 468 2 1 196.000 92.400 13953.34 5155.00
1484942537702 469 2 1 196.000 92.400 13887.24 4381.49
1484942537709 470 2 1 196.000 91.916 13887.24 4344.81
1484942537715 471 2 1 196.000 92.400 13788.76 4284.10
1484942537722 472 2 1 196.000 92.400 13788.76 5047.24
1484942537729 473 2 1 196.000 91.916 13723.55 4259.95
1484942537736 474 2 1 196.000 92.400 13691.07 4284.10
1484942537742 475 2 1 196.000 92.400 13658.69 4430.66
1484942537749 476 2 1 196.000 91.916 13626.39 4381.49
1484942537756 477 2 1 196.000 92.400 13626.39 5114.42
1484942537763 478 2 1 196.000 91.916 13594.17 4888.36
1484942537769 479 2 1 196.000 92.400 13594.17 4618.01
1484942537776 480 2 1 196.000 91.916 13594.17 4467.76
1484942537783 481 2 1 196.000 91.916 13562.04 4199.93
1484942537790 482 2 1 196.000 91.916 13562.04 4344.81
1484942537796 483 2 1 196.000 92.400 13498.04 4320.47
1484942537803 484 2 1 196.000 92.400 13530.00 4247.91
1484942537810 485 2 1 196.000 91.916 13562.04 4259.95
1484942537817 486 2 1 196.000 91.916 13530.00 4259.95
1484942537823 487 2 1 196.000 91.916 13498.04 4235.88
1484942537830 488 2 1 196.000 91.916 13498.04 5100.93
1484942537837 489 2 1 196.000 92.400 13562.04 5804.86
1484942537844 490 2 1 196.000 90.949 13498.04 5305.64
1484942537850 491 2 1 196.000 91.916 13562.04 4517.51
1484942537857 492 2 1 196.000 92.400 13594.17 4980.64
1484942537864 493 2 1 196.000 91.916 13562.04 4914.62
1484942537871 494 2 1 196.000 91.916 13626.39 5305.64
1484942537877 495 2 1 196.000 92.400 13691.07 5760.84
1484942537884 496 2 1 196.000 91.916 13626.39 7711.82
1484942537891 497 2 1 196.000 92.400 13691.07 8678.94
1484942537898 498 2 1 196.000 91.916 13691.07 7638.65
1484942537904 499 2 1 196.000 91.916 13756.11 7229.12
1484942537911 500 2 1 196.000 93.368 13887.24 5459.20
1484942537918 501 2 1 196.000 91.916 13887.24 5223.11
1484942537925 502 2 1 196.000 92.400 14221.36 5417.03
1484942537931 503 2 1 196.000 93.368 14357.59 5938.39
1484942537938 504 2 1 196.000 92.400 14120.16 5558.50
1484942537945 505 2 1 196.000 92.400 14153.80 5587.09
1484942537952 506 2 1 196.000 92.884 14391.88 5087.48
1484942537958 507 2 1 196.000 92.884 14530.00 4940.96
1484942537965 508 2 1 196.000 92.400 14391.88 4836.12
1484942537972 509 2 1 196.000 93.851 14530.00 5834.35
1484942537979 510 2 1 196.000 92.884 14599.64 5473.31
1484942537986 511 2 1 196.000 92.400 14426.27 5361.13
1484942537992 512 2 1 196.000 94.335 14495.33 5007.21
1484942537999 513 2 1 196.000 93.368 14564.77 5087.48
1484942538006 514 2 1 196.000 92.400 14357.59 14053.16
1484942538013 515 2 1 196.000 94.335 14460.75 5572.78
1484942538019 516 2 1 196.000 91.916 14599.64 5659.03
1484942538026 517 2 1 196.000 92.884 14460.75 6431.41
1484942538033 518 2 1 196.000 94.819 14740.08 15317.97
1484942538039 519 2 1 196.000 92.400 14775.44 16516.51
1484942538046 520 2 1 196.000 92.400 14704.83 15025.75
1484942538053 521 2 1 196.000 94.819 14775.44 20090.27
1484942538060 522 2 1 196.000 93.368 14426.27 16802.73
1484942538067 523 2 1 196.000 93.851 14357.59 16000.59
1484942538073 524 2 1 196.000 94.819 14426.27 15807.37
1484942538080 525 2 1 196.000 93.368 14357.59 10706.47
1484942538087 526 2 1 196.000 94.335 14426.27 9266.84
1484942538093 527 2 1 196.000 93.851 14564.77 5209.44
1484942538100 528 2 1 196.000 93.851 14495.33 5515.79
1484942538107 529 2 1 196.000 94.335 14564.77 4901.48
1484942538114 530 2 1 196.000 93.851 14530.00 3793.07
1484942538121 531 2 1 196.000 93.851 14530.00 3703.23
1484942538128 532 2 1 196.000 94.335 14495.33 3636.58
1484942538134 533 2 1 196.000 93.851 14530.00 3669.83
1484942538141 534 2 2 196.000 94.335 14495.33 5114.42
1484942538148 535 2 2 196.000 94.335 14530.00 4430.66
1484942538155 536 2 2 196.000 94.335 14460.75 4332.63
1484942538162 537 2 2 196.000 94.335 14530.00 4455.37
1484942538169 538 2 2 196.000 94.335 14495.33 4771.32
1484942538175 539 2 2 196.000 93.368 14495.33 5558.50
1484942538182 540 2 2 196.000 92.400 14426.27 6013.52
1484942538189 541 2 2 196.000 90.949 14426.27 3838.43
1484942538196 542 2 2 196.000 87.562 14357.59 3725.58
1484942538203 543 2 2 196.000 71.114 14391.88 3872.63
1484942538209 544 2 2 196.000 44.023 14599.64 7785.58
1484942538216 545 2 2 196.000 18.867 15466.60 5659.03
1484942538223 546 2 2 196.000 2.419 18703.42 9137.84
1484942538232 547 2 2 196.000 -0.968 32387.14 25315.29
1484942538239 548 2 2 196.000 -0.968 72479.31 169530.00
1484942538253 549 2 2 196.000 -0.484 101331.24 209042.20
1484942538260 550 2 2 196.000 -0.484 116290.56 322863.33
1484942538267 551 2 2 196.000 -0.968 130155.00 372508.72
1484942538273 552 2 2 196.000 -0.968 148822.04 428554.39
1484942538280 553 2 2 196.000 -0.484 164287.28 439530.00
1484942538287 554 2 2 196.000 -0.968 175097.01 476016.49
1484942538294 555 2 2 196.000 -0.968 187332.20 518941.76
1484942538301 556 2 2 196.000 -0.484 196426.55 552030.00
1484942538307 557 2 2 196.000 -0.968 206397.47 681837.69
1484942538314 558 2 2 196.000 -0.484 214530.00 570175.16
1484942538321 559 2 2 196.000 -0.968 217378.10 2560958.57
1484942538328 560 2 2 196.000 -0.484 217378.10 1625893.64
1484942538334 561 2 2 196.000 -0.968 223296.23 989530.00
1484942538341 562 2 2 196.000 -0.968 226372.11 1114530.00
1484942538348 563 2 2 196.000 -0.968 232773.24 989530.00
1484942538355 564 2 2 196.000 -0.484 232773.24 772138.70
1484942538361 565 2 2 196.000 -0.484 232773.24 807711.82
1484942538368 566 2 2 196.000 -0.968 239530.00 807711.82
1484942538376 567 2 2 196.000 -0.484 246672.86 846672.86
1484942538383 568 2 2 196.000 -0.484 254235.88 807711.82
1484942538390 569 2 2 196.000 -0.968 254235.88 889530.00
1484942538397 570 2 2 196.000 -0.484 250399.57 846672.86
1484942538403 571 2 2 196.000 -0.968 262257.27 846672.86
1484942538410 572 2 2 196.000 -0.968 258186.72 936898.42
1484942538417 573 2 2 196.000 -0.484 266453.08 889530.00
1484942538424 574 2 2 196.000 -0.968 266453.08 846672.86
1484942538431 575 2 2 196.000 -0.968 262257.27 889530.00
1484942538437 576 2 2 196.000 -0.968 266453.08 889530.00
1484942538444 577 2 2 196.000 -0.968 266453.08 936898.42
1484942538451 578 2 2 196.000 -0.968 270780.00 936898.42
1484942538458 579 2 2 196.000 -0.484 275244.29 989530.00
1484942538464 580 2 2 196.000 -0.968 270780.00 936898.42
1484942538471 581 2 2 196.000 -0.968 266453.08 989530.00
1484942538478 582 2 2 196.000 -0.968 270780.00 936898.42
1484942538485 583 2 2 196.000 -0.484 270780.00 936898.42
1484942538492 584 2 2 196.000 -0.484 266453.08 989530.00
1484942538498 585 2 2 196.000 -0.968 266453.08 989530.00
1484942538505 586 2 2 196.000 -0.968 275244.29 989530.00
1484942538512 587 2 2 196.000 -0.968 266453.08 989530.00
1484942538519 588 2 2 196.000 -0.968 279852.58 989530.00
1484942538525 589 2 2 196.000 -0.484 266453.08 1048353.53
1484942538532 590 2 2 196.000 -0.968 270780.00 989530.00
1484942538539 591 2 2 196.000 -0.968 275244.29 989530.00
1484942538546 592 2 2 196.000 -0.484 270780.00 989530.00
1484942538552 593 2 2 196.000 -0.968 270780.00 989530.00
1484942538559 594 2 2 196.000 -0.968 270780.00 989530.00
1484942538566 595 2 2 196.000 -0.968 275244.29 1048353.53
1484942538573 596 2 2 196.000 -0.484 270780.00 989530.00
1484942538579 597 2 2 196.000 -0.968 266453.08 989530.00
1484942538586 598 2 2 196.000 -0.968 266453.08 936898.42
1484942538593 599 2 2 196.000 -0.484 275244.29 936898.42
1484942538600 600 2 2 196.000 -0.968 275244.29 989530.00
1484942538606 601 2 2 196.000 -0.484 270780.00 989530.00
1484942538613 602 2 2 196.000 -0.968 266453.08 989530.00
1484942538620 603 2 2 196.000 -0.484 266453.08 989530.00
1484942538627 604 2 2 196.000 -0.484 266453.08 989530.00
1484942538633 605 2 2 196.000 -0.968 270780.00 989530.00
1484942538640 606 2 2 196.000 -0.484 275244.29 989530.00
1484942538647 607 3 2 196.000 -0.484 266453.08 1114530.00
