Serial_number: -1717986918 
Time Data_Count Cycle State Desired_force_(psi) Measured_force_(psi) Toe_sensor Heel_Sensor
1487876285895 0 0 0 50.000 0.000 41403.20 37275.36
1487876285936 1 0 1 50.000 -0.484 41105.93 37275.36
1487876285943 2 0 1 50.000 0.000 41703.91 37149.05
1487876285960 3 0 1 50.000 0.000 41403.20 37530.00
1487876285973 4 0 1 50.000 0.000 41254.14 37275.36
1487876285980 5 0 1 50.000 0.000 41553.12 37275.36
1487876286006 6 0 1 50.000 0.000 41553.12 37402.34
1487876286021 7 0 1 50.000 0.000 41403.20 37149.05
1487876286031 8 0 1 50.000 0.000 41254.14 37275.36
1487876286047 9 0 1 50.000 -0.484 41403.20 37275.36
1487876286055 10 0 1 50.000 -0.484 41254.14 37275.36
1487876286062 11 0 1 50.000 0.000 41105.93 37402.34
1487876286076 12 0 1 50.000 0.000 41105.93 37275.36
1487876286093 13 0 1 50.000 0.000 41254.14 37275.36
1487876286109 14 0 1 50.000 0.000 41553.12 37149.05
1487876286117 15 0 1 50.000 0.000 41254.14 37275.36
1487876286128 16 0 1 50.000 0.000 41254.14 37275.36
1487876286143 17 0 1 50.000 0.000 41254.14 37275.36
1487876286158 18 0 1 50.000 0.000 41254.14 37530.00
1487876286168 19 0 1 50.000 -0.484 40958.57 37275.36
1487876286184 20 0 1 50.000 0.000 41105.93 37402.34
1487876286188 21 0 1 50.000 -0.484 41403.20 37530.00
1487876286201 22 0 1 50.000 0.000 41403.20 37275.36
1487876286216 23 0 1 50.000 0.000 41105.93 37402.34
1487876286228 24 0 1 50.000 0.000 41105.93 37275.36
1487876286239 25 0 1 50.000 -0.484 41254.14 37275.36
1487876286247 26 0 1 50.000 0.000 41105.93 37149.05
1487876286258 27 0 1 50.000 0.000 41403.20 37530.00
1487876286269 28 0 1 50.000 0.000 41254.14 37275.36
1487876286278 29 0 1 50.000 0.000 41254.14 37402.34
1487876286289 30 0 1 50.000 0.000 41254.14 37275.36
1487876286299 31 0 1 50.000 -0.484 41105.93 37275.36
1487876286307 32 0 1 50.000 -0.484 41403.20 37402.34
1487876286322 33 0 1 50.000 0.000 41254.14 37402.34
1487876286330 34 0 1 50.000 -0.484 41403.20 37530.00
1487876286336 35 0 1 50.000 0.000 41553.12 37275.36
1487876286350 36 0 1 50.000 0.000 41254.14 37275.36
1487876286355 37 0 1 50.000 0.000 41254.14 37275.36
1487876286361 38 0 1 50.000 0.000 41553.12 37275.36
1487876286369 39 0 1 50.000 0.000 41105.93 37275.36
1487876286379 40 0 1 50.000 0.000 41254.14 37402.34
1487876286383 41 0 1 50.000 -0.484 41254.14 37658.34
1487876286389 42 0 1 50.000 -0.484 41403.20 37530.00
1487876286396 43 0 1 50.000 0.000 41254.14 37402.34
1487876286403 44 0 1 50.000 0.000 41105.93 37149.05
1487876286410 45 0 1 50.000 0.000 41553.12 37275.36
1487876286418 46 0 1 50.000 0.000 41403.20 37275.36
1487876286423 47 0 1 50.000 -0.484 41403.20 37275.36
1487876286430 48 0 1 50.000 0.000 41403.20 37275.36
1487876286437 49 0 1 50.000 0.000 41254.14 37530.00
1487876286444 50 0 1 50.000 0.000 41553.12 37402.34
1487876286451 51 0 1 50.000 0.000 41254.14 37275.36
1487876286459 52 0 1 50.000 0.000 41403.20 37275.36
1487876286469 53 0 1 50.000 -0.484 41254.14 37275.36
1487876286472 54 0 1 50.000 -0.484 41254.14 37275.36
1487876286478 55 0 1 50.000 -0.484 41403.20 37402.34
1487876286486 56 0 1 50.000 -0.484 41254.14 37787.37
1487876286492 57 0 1 50.000 0.000 41403.20 37275.36
1487876286501 58 0 1 50.000 0.000 41254.14 37402.34
1487876286506 59 0 1 50.000 0.000 41254.14 37530.00
1487876286514 60 0 1 50.000 -0.484 41254.14 37275.36
1487876286521 61 0 1 50.000 -0.484 41254.14 37275.36
1487876286527 62 0 1 50.000 0.000 41403.20 37275.36
1487876286535 63 0 1 50.000 0.000 41403.20 37275.36
1487876286540 64 0 1 50.000 -0.484 41105.93 37275.36
1487876286551 65 0 1 50.000 0.000 41254.14 37275.36
1487876286554 66 0 1 50.000 -0.484 41105.93 37275.36
1487876286564 67 0 1 50.000 -0.484 41403.20 37402.34
1487876286568 68 0 1 50.000 -0.484 41254.14 37275.36
1487876286577 69 0 1 50.000 0.000 41254.14 37787.37
1487876286581 70 0 1 50.000 -0.484 41403.20 37275.36
1487876286594 71 0 1 50.000 -0.484 41254.14 37275.36
1487876286605 72 0 1 50.000 -0.484 41254.14 37787.37
1487876286617 73 0 1 50.000 0.000 41254.14 37275.36
1487876286625 74 0 1 50.000 0.000 41553.12 37275.36
1487876286638 75 0 1 50.000 -0.484 41105.93 37275.36
1487876286647 76 0 1 50.000 -0.484 41403.20 37149.05
1487876286654 77 0 1 50.000 -0.484 41254.14 37275.36
1487876286661 78 0 1 50.000 -0.484 41403.20 37402.34
1487876286677 79 0 1 50.000 0.000 41403.20 37658.34
1487876286682 80 0 1 50.000 -0.484 41105.93 37275.36
1487876286689 81 0 1 50.000 0.000 41254.14 37530.00
1487876286703 82 0 1 50.000 0.000 41254.14 37275.36
1487876286712 83 0 1 50.000 0.000 41553.12 37275.36
1487876286718 84 0 1 50.000 0.000 41105.93 37149.05
1487876286734 85 0 1 50.000 -0.484 41105.93 37023.40
1487876286739 86 0 1 50.000 0.000 41254.14 37275.36
1487876286748 87 0 1 50.000 -0.484 41553.12 37275.36
1487876286755 88 0 1 50.000 -0.484 41553.12 37275.36
1487876286766 89 0 1 50.000 -0.484 41254.14 37275.36
1487876286777 90 0 1 50.000 0.000 41403.20 37530.00
1487876286783 91 0 1 50.000 -0.484 41105.93 37275.36
1487876286796 92 0 1 50.000 0.000 41254.14 37275.36
1487876286807 93 0 1 50.000 -0.484 41254.14 37402.34
1487876286813 94 0 1 50.000 -0.484 41553.12 37275.36
1487876286828 95 0 1 50.000 -0.484 41553.12 37530.00
1487876286837 96 0 1 50.000 0.000 41254.14 37023.40
1487876286841 97 0 1 50.000 -0.484 41553.12 37530.00
1487876286857 98 0 1 50.000 -0.484 41254.14 37402.34
1487876286861 99 0 1 50.000 -0.484 41553.12 37402.34
1487876286871 100 0 1 50.000 -0.484 41105.93 37275.36
1487876286877 101 0 1 50.000 -0.484 41403.20 37275.36
1487876286883 102 0 1 50.000 -0.484 41254.14 37275.36
1487876286888 103 0 1 50.000 -0.968 41254.14 37658.34
1487876286894 104 0 1 50.000 -0.968 41254.14 37530.00
1487876286909 105 0 1 50.000 -0.968 41553.12 38980.55
1487876286920 106 0 1 50.000 -0.484 55464.07 64530.00
1487876286923 107 0 2 50.000 -0.484 67452.08 92978.28
1487876286930 108 0 2 50.000 -0.968 88977.51 187332.20
1487876286937 109 0 2 50.000 -0.968 106413.12 289530.00
1487876286943 110 0 2 50.000 -0.484 134691.29 451068.46
1487876286951 111 0 2 50.000 -0.484 160958.57 552030.00
1487876286959 112 0 2 50.000 -0.484 177030.00 709530.00
1487876286971 113 0 2 50.000 -0.484 201294.71 989530.00
1487876286982 114 0 2 50.000 -0.968 206397.47 1189530.00
1487876286987 115 0 2 50.000 -0.968 217378.10 1114530.00
1487876286994 116 0 2 50.000 -0.484 226372.11 1275244.29
1487876287000 117 0 2 50.000 -0.484 229530.00 1114530.00
1487876287008 118 0 2 50.000 -0.968 236105.34 1275244.29
1487876287016 119 0 2 50.000 -0.968 239530.00 1189530.00
1487876287029 120 0 2 50.000 -0.968 243051.13 1275244.29
1487876287037 121 0 2 50.000 -0.968 246672.86 1275244.29
1487876287045 122 0 2 50.000 -0.968 246672.86 1275244.29
1487876287054 123 0 2 50.000 -0.484 246672.86 1374145.38
1487876287058 124 0 2 50.000 -0.484 243051.13 1189530.00
1487876287065 125 0 2 50.000 -0.484 246672.86 1189530.00
1487876287072 126 0 2 50.000 -0.484 246672.86 1189530.00
1487876287087 127 0 2 50.000 -0.968 246672.86 1189530.00
1487876287096 128 0 2 50.000 -0.484 250399.57 1275244.29
1487876287101 129 0 2 50.000 -0.484 250399.57 1275244.29
1487876287111 130 0 2 50.000 -0.484 254235.88 1489530.00
1487876287115 131 0 2 50.000 -0.484 250399.57 1275244.29
1487876287121 132 0 2 50.000 -0.968 250399.57 1374145.38
1487876287135 133 0 2 50.000 -0.968 258186.72 1275244.29
1487876287142 134 0 2 50.000 -0.968 254235.88 1489530.00
1487876287150 135 0 2 50.000 -0.484 246672.86 1275244.29
1487876287158 136 0 2 50.000 -0.968 250399.57 1374145.38
1487876287164 137 0 2 50.000 -0.968 250399.57 1374145.38
1487876287172 138 0 2 50.000 -0.968 250399.57 1275244.29
1487876287180 139 0 2 50.000 -0.968 254235.88 1625893.64
1487876287185 140 0 2 50.000 -0.968 250399.57 1489530.00
1487876287202 141 0 2 50.000 -0.484 254235.88 1275244.29
1487876287207 142 0 2 50.000 -0.968 254235.88 1625893.64
1487876287215 143 0 2 50.000 -0.484 250399.57 1275244.29
1487876287222 144 0 2 50.000 -0.968 250399.57 1489530.00
1487876287228 145 0 2 50.000 -0.484 254235.88 1489530.00
1487876287242 146 0 2 50.000 -0.968 254235.88 1489530.00
1487876287247 147 0 2 50.000 -0.968 250399.57 1275244.29
1487876287260 148 0 2 50.000 -0.484 262257.27 1275244.29
1487876287263 149 0 2 50.000 -0.968 266453.08 1275244.29
1487876287267 150 0 2 50.000 -0.484 262257.27 1275244.29
1487876287276 151 0 2 50.000 -0.484 254235.88 1489530.00
1487876287281 152 0 2 50.000 -0.968 254235.88 1189530.00
1487876287287 153 0 2 50.000 -0.968 254235.88 1374145.38
1487876287295 154 0 2 50.000 -0.484 254235.88 1489530.00
1487876287303 155 0 2 50.000 -0.484 254235.88 1275244.29
1487876287311 156 0 2 50.000 -0.484 254235.88 1374145.38
1487876287325 157 0 2 50.000 -0.484 246672.86 1189530.00
1487876287335 158 0 2 50.000 -0.484 250399.57 1275244.29
1487876287339 159 0 2 50.000 -0.968 250399.57 1275244.29
1487876287346 160 0 2 50.000 -0.968 254235.88 1374145.38
1487876287353 161 0 2 50.000 -0.484 243051.13 1374145.38
1487876287367 162 0 2 50.000 -0.484 258186.72 1275244.29
1487876287374 163 0 2 50.000 -0.484 254235.88 1374145.38
1487876287380 164 0 2 50.000 -0.484 254235.88 1374145.38
1487876287389 165 0 2 50.000 -0.484 254235.88 1374145.38
1487876287394 166 0 2 50.000 -0.484 258186.72 1374145.38
1487876287401 167 0 2 50.000 -0.484 250399.57 1374145.38
1487876287408 168 0 2 50.000 -0.484 254235.88 1489530.00
1487876287416 169 0 2 50.000 -0.484 254235.88 1275244.29
1487876287424 170 0 2 50.000 -0.484 254235.88 1374145.38
1487876287437 171 0 2 50.000 -0.484 250399.57 1374145.38
1487876287445 172 0 2 50.000 -0.484 250399.57 1114530.00
1487876287453 173 0 2 50.000 -0.484 250399.57 1489530.00
1487876287461 174 0 2 50.000 -0.484 254235.88 1374145.38
1487876287466 175 0 2 50.000 -0.484 258186.72 1275244.29
1487876287478 176 0 2 50.000 -0.484 246672.86 1374145.38
1487876287490 177 0 2 50.000 -0.484 254235.88 1374145.38
1487876287493 178 0 2 50.000 -0.484 262257.27 1625893.64
1487876287503 179 0 2 50.000 -0.968 254235.88 1374145.38
1487876287508 180 0 2 50.000 -0.484 254235.88 1374145.38
1487876287514 181 0 2 50.000 -0.484 258186.72 1374145.38
1487876287521 182 0 2 50.000 -0.484 254235.88 1374145.38
1487876287529 183 0 2 50.000 -0.484 250399.57 1374145.38
1487876287543 184 0 2 50.000 -0.484 254235.88 1275244.29
1487876287549 185 0 2 50.000 -0.484 250399.57 1275244.29
1487876287559 186 0 2 50.000 -0.484 254235.88 1374145.38
1487876287566 187 0 2 50.000 -0.484 250399.57 1114530.00
1487876287571 188 0 2 50.000 -0.484 250399.57 1275244.29
1487876287582 189 0 2 50.000 -0.484 254235.88 1374145.38
1487876287586 190 0 2 50.000 -0.484 254235.88 1275244.29
1487876287596 191 0 2 50.000 -0.484 250399.57 1489530.00
1487876287606 192 0 2 50.000 -0.484 254235.88 1374145.38
1487876287618 193 0 2 50.000 -0.484 250399.57 1275244.29
1487876287623 194 0 2 50.000 -0.484 250399.57 1275244.29
1487876287629 195 0 2 50.000 -0.484 254235.88 1374145.38
1487876287637 196 0 2 50.000 -0.484 250399.57 1275244.29
1487876287645 197 0 2 50.000 -0.484 254235.88 1275244.29
1487876287659 198 0 2 50.000 -0.484 250399.57 1275244.29
1487876287669 199 0 2 50.000 -0.484 246672.86 1275244.29
1487876287674 200 0 2 50.000 -0.484 250399.57 1374145.38
1487876287683 201 0 2 50.000 -0.484 258186.72 1275244.29
1487876287688 202 0 2 50.000 -0.484 246672.86 1275244.29
1487876287695 203 0 2 50.000 -0.484 258186.72 1489530.00
1487876287701 204 0 2 50.000 -0.484 250399.57 1275244.29
1487876287712 205 0 2 50.000 -0.484 250399.57 1275244.29
1487876287724 206 0 2 50.000 -0.484 250399.57 1275244.29
1487876287734 207 0 2 50.000 -0.484 250399.57 1275244.29
1487876287738 208 0 2 50.000 -0.484 246672.86 1275244.29
1487876287748 209 0 2 50.000 -0.484 250399.57 1275244.29
1487876287752 210 0 2 50.000 -0.484 250399.57 1374145.38
1487876287758 211 0 2 50.000 -0.484 246672.86 1275244.29
1487876287772 212 0 2 50.000 -0.484 250399.57 1189530.00
1487876287780 213 0 2 50.000 -0.484 246672.86 1374145.38
1487876287787 214 0 2 50.000 -0.484 250399.57 1275244.29
1487876287793 215 0 2 50.000 -0.484 250399.57 1374145.38
1487876287801 216 0 2 50.000 -0.484 246672.86 1275244.29
1487876287809 217 0 2 50.000 -0.484 250399.57 1374145.38
1487876287822 218 0 2 50.000 -0.484 246672.86 1275244.29
1487876287829 219 0 2 50.000 -0.484 254235.88 1489530.00
1487876287838 220 0 2 50.000 -0.484 243051.13 1275244.29
1487876287846 221 0 2 50.000 -0.484 246672.86 1275244.29
1487876287853 222 0 2 50.000 -0.484 246672.86 1275244.29
1487876287859 223 0 2 50.000 -0.484 258186.72 1374145.38
1487876287867 224 0 2 50.000 -0.484 250399.57 1374145.38
1487876287881 225 0 2 50.000 -0.484 254235.88 1275244.29
1487876287889 226 0 2 50.000 -0.484 243051.13 1275244.29
1487876287900 227 0 2 50.000 -0.484 246672.86 1275244.29
1487876287904 228 0 2 50.000 -0.484 250399.57 1275244.29
1487876287910 229 0 2 50.000 -0.484 254235.88 1489530.00
1487876287918 230 0 2 50.000 -0.484 246672.86 1189530.00
1487876287924 231 1 2 50.000 -0.484 250399.57 1275244.29
1487876287938 232 1 1 50.000 -0.484 243051.13 1189530.00
1487876287947 233 1 1 50.000 -0.484 243051.13 1275244.29
1487876287953 234 1 1 50.000 -0.484 250399.57 1374145.38
1487876287961 235 1 1 50.000 -0.484 250399.57 1275244.29
1487876287970 236 1 1 50.000 -0.484 250399.57 1189530.00
1487876287973 237 1 1 50.000 -0.484 250399.57 1275244.29
1487876287980 238 1 1 50.000 -0.484 250399.57 1114530.00
1487876287994 239 1 1 50.000 -0.484 266453.08 1189530.00
1487876288003 240 1 1 50.000 -0.968 258186.72 1374145.38
1487876288009 241 1 1 50.000 -0.484 266453.08 1275244.29
1487876288016 242 1 1 50.000 -0.968 262257.27 1189530.00
1487876288026 243 1 1 50.000 -0.484 250399.57 1189530.00
1487876288030 244 1 1 50.000 -0.484 246672.86 1189530.00
1487876288035 245 1 1 50.000 -0.484 243051.13 1189530.00
1487876288043 246 1 1 50.000 -0.484 258186.72 1275244.29
1487876288058 247 1 1 50.000 3.386 243051.13 1189530.00
1487876288063 248 1 1 50.000 0.484 246672.86 1275244.29
1487876288070 249 1 1 50.000 -0.968 254235.88 1275244.29
1487876288078 250 1 1 50.000 -0.484 246672.86 1189530.00
1487876288084 251 1 1 50.000 -0.484 250399.57 1189530.00
1487876288092 252 1 1 50.000 -0.968 246672.86 1275244.29
1487876288098 253 1 1 50.000 -0.484 250399.57 1189530.00
1487876288111 254 1 1 50.000 -0.968 246672.86 1114530.00
1487876288119 255 1 1 50.000 -0.484 243051.13 1189530.00
1487876288130 256 1 1 50.000 -0.968 239530.00 1114530.00
1487876288134 257 1 1 50.000 -0.484 243051.13 1114530.00
1487876288142 258 1 1 50.000 -0.968 239530.00 1114530.00
1487876288146 259 1 1 50.000 -0.968 246672.86 1048353.53
1487876288158 260 1 1 50.000 -0.968 246672.86 1189530.00
1487876288166 261 1 1 50.000 -0.968 239530.00 1189530.00
1487876288171 262 1 1 50.000 -0.968 243051.13 1275244.29
1487876288178 263 1 1 50.000 -0.968 239530.00 1189530.00
1487876288185 264 1 1 50.000 -0.968 246672.86 1114530.00
1487876288191 265 1 1 50.000 -0.484 246672.86 1275244.29
1487876288199 266 1 1 50.000 -0.484 243051.13 1189530.00
1487876288205 267 1 1 50.000 -0.968 243051.13 1275244.29
1487876288213 268 1 1 50.000 -0.484 246672.86 1114530.00
1487876288221 269 1 1 50.000 -0.968 254235.88 1048353.53
1487876288228 270 1 1 50.000 -0.968 243051.13 1275244.29
1487876288233 271 1 1 50.000 -0.968 246672.86 1114530.00
1487876288240 272 1 1 50.000 -0.484 246672.86 1189530.00
1487876288248 273 1 1 50.000 -0.484 243051.13 1189530.00
1487876288258 274 1 1 50.000 -0.968 239530.00 1114530.00
1487876288261 275 1 1 50.000 -0.484 246672.86 1189530.00
1487876288267 276 1 1 50.000 -0.968 250399.57 1275244.29
1487876288277 277 1 1 50.000 -0.968 239530.00 1189530.00
1487876288282 278 1 1 50.000 -0.484 243051.13 1189530.00
1487876288289 279 1 1 50.000 -0.484 243051.13 1189530.00
1487876288299 280 1 1 50.000 -0.968 250399.57 1189530.00
1487876288302 281 1 1 50.000 -0.968 246672.86 1189530.00
1487876288312 282 1 1 50.000 -0.968 239530.00 1189530.00
1487876288315 283 1 1 50.000 -0.484 246672.86 1189530.00
1487876288322 284 1 1 50.000 -0.484 236105.34 989530.00
1487876288328 285 1 1 50.000 -0.968 246672.86 1114530.00
1487876288336 286 1 1 50.000 -0.968 239530.00 1114530.00
1487876288344 287 1 1 50.000 -0.484 229530.00 989530.00
1487876288351 288 1 1 50.000 -0.968 173203.47 1114530.00
1487876288357 289 1 1 50.000 -0.968 107951.05 26490.99
1487876288367 290 1 1 50.000 27.575 57454.53 18703.42
1487876288371 291 1 1 50.000 36.283 48353.53 16927.26
1487876288391 292 1 1 50.000 72.082 20351.92 7693.47
1487876288400 293 1 1 50.000 88.046 15207.60 10077.95
1487876288415 294 1 1 50.000 105.462 14221.36 27424.74
1487876288426 295 1 1 50.000 117.072 12606.92 12815.90
1487876288443 296 1 1 50.000 129.650 11588.82 4668.77
1487876288459 297 1 1 50.000 136.423 10933.09 9507.80
1487876288474 298 1 1 50.000 139.326 10484.60 5431.06
1487876288480 299 1 1 50.000 139.326 10509.02 5389.03
1487876288485 300 1 1 50.000 139.326 10267.33 5558.50
1487876288500 301 1 1 50.000 138.358 10219.66 5659.03
1487876288512 302 1 1 50.000 137.874 10054.52 5644.59
1487876288520 303 1 1 50.000 137.874 9984.55 5702.51
1487876288531 304 1 1 50.000 137.874 9868.98 5601.43
1487876288545 305 1 1 50.000 138.358 9846.03 5630.18
1487876288549 306 1 1 50.000 138.358 9777.47 5659.03
1487876288555 307 1 1 50.000 138.358 9732.02 6028.63
1487876288569 308 1 1 50.000 138.358 9664.23 6305.40
1487876288576 309 1 1 50.000 137.874 9686.77 8202.20
1487876288592 310 1 1 50.000 137.874 9641.73 7916.11
1487876288600 311 1 1 50.000 137.874 9596.89 5375.07
1487876288607 312 1 1 50.000 137.874 9552.25 4888.36
1487876288616 313 1 1 50.000 136.907 9530.00 4771.32
1487876288630 314 1 1 50.000 135.939 9530.00 4643.35
1487876288636 315 1 1 50.000 135.455 9419.50 4694.28
1487876288644 316 1 1 50.000 134.488 9485.65 4967.39
1487876288659 317 1 1 50.000 132.069 9507.80 5209.44
1487876288663 318 1 1 50.000 131.585 9463.55 3964.64
1487876288673 319 1 1 50.000 129.650 9441.50 4011.09
1487876288677 320 1 1 50.000 127.231 9463.55 4357.02
1487876288693 321 1 1 50.000 125.780 9507.80 11190.65
1487876288701 322 1 1 50.000 123.845 9441.50 4517.51
1487876288709 323 1 1 50.000 122.394 9441.50 4381.49
1487876288723 324 1 1 50.000 119.491 9463.55 5403.02
1487876288730 325 1 1 50.000 118.040 9485.65 4656.05
1487876288739 326 1 1 50.000 115.621 9507.80 7177.06
1487876288754 327 1 1 50.000 113.202 9552.25 8577.62
1487876288758 328 1 1 50.000 112.235 9596.89 9709.37
1487876288763 329 1 1 50.000 111.267 9641.73 5087.48
1487876288779 330 1 1 50.000 107.881 9754.72 4393.75
1487876288785 331 1 1 50.000 106.913 9754.72 4406.03
1487876288791 332 1 1 50.000 105.946 9938.16 5033.88
1487876288799 333 1 1 50.000 104.494 9961.33 5333.34
1487876288807 334 1 1 50.000 102.559 9984.55 6274.19
1487876288811 335 1 1 50.000 102.559 10054.52 13245.42
1487876288818 336 1 1 50.000 101.108 10031.14 8843.30
1487876288834 337 1 1 50.000 98.205 10101.43 5587.09
1487876288840 338 1 1 50.000 97.721 10148.56 5968.36
1487876288848 339 1 1 50.000 96.270 10243.46 7767.08
1487876288855 340 1 1 50.000 95.303 10291.25 6787.91
1487876288864 341 1 1 50.000 93.851 10387.47 6854.35
1487876288870 342 1 1 50.000 92.884 10339.25 7316.56
1487876288882 343 1 1 50.000 91.432 10124.97 7211.73
1487876288891 344 1 1 50.000 90.465 10195.90 7620.45
1487876288898 345 1 1 50.000 89.497 10219.66 8260.49
1487876288905 346 1 1 50.000 88.530 10267.33 9686.77
1487876288916 347 1 1 50.000 87.562 10339.25 12937.02
1487876288920 348 1 1 50.000 87.079 10315.22 13245.42
1487876288935 349 1 1 50.000 85.143 10387.47 12372.64
1487876288941 350 1 1 50.000 84.176 10435.92 13530.00
1487876288950 351 1 2 50.000 83.692 10484.60 12755.81
1487876288954 352 1 2 50.000 83.208 10607.28 11348.18
1487876288963 353 1 2 50.000 82.241 10681.59 10558.04
1487876288969 354 1 2 50.000 81.757 10631.99 8437.56
1487876288976 355 1 2 50.000 79.822 10907.67 12143.07
1487876288990 356 1 2 50.000 64.341 11862.51 6672.86
1487876289001 357 1 2 50.000 48.861 13626.39 7090.98
1487876289005 358 1 2 50.000 43.539 14564.77 7693.47
1487876289012 359 1 2 50.000 33.380 15961.72 8822.60
1487876289021 360 1 2 50.000 17.416 19884.13 12343.69
1487876289025 361 1 2 50.000 11.127 23364.59 15317.97
1487876289040 362 1 2 50.000 6.773 43746.87 47594.52
1487876289046 363 1 2 50.000 -0.968 61530.00 92387.14
1487876289053 364 1 2 50.000 -0.968 82794.25 177030.00
1487876289059 365 1 2 50.000 -0.968 120916.86 356876.94
1487876289066 366 1 2 50.000 -0.968 156196.67 476016.49
1487876289074 367 1 2 50.000 -0.484 191777.19 632387.14
1487876289088 368 1 2 50.000 -0.968 206397.47 681837.69
1487876289097 369 1 2 50.000 -0.484 223296.23 709530.00
1487876289103 370 1 2 50.000 -0.968 232773.24 709530.00
1487876289111 371 1 2 50.000 -0.484 246672.86 772138.70
1487876289119 372 1 2 50.000 -0.968 246672.86 807711.82
1487876289128 373 1 2 50.000 -0.968 266453.08 846672.86
1487876289132 374 1 2 50.000 -0.484 266453.08 846672.86
1487876289138 375 1 2 50.000 -0.968 279852.58 989530.00
1487876289154 376 1 2 50.000 -0.484 284611.97 889530.00
1487876289160 377 1 2 50.000 -0.968 284611.97 1189530.00
1487876289166 378 1 2 50.000 -0.484 294614.75 936898.42
1487876289174 379 1 2 50.000 -0.968 289530.00 1189530.00
1487876289182 380 1 2 50.000 -0.968 299874.83 989530.00
1487876289188 381 1 2 50.000 -0.968 310958.57 1048353.53
1487876289203 382 1 2 50.000 -0.968 310958.57 1189530.00
1487876289211 383 1 2 50.000 -0.968 316802.73 1114530.00
1487876289219 384 1 2 50.000 -0.968 322863.33 989530.00
1487876289224 385 1 2 50.000 -0.968 316802.73 989530.00
1487876289232 386 1 2 50.000 -0.968 310958.57 1114530.00
1487876289246 387 1 2 50.000 -0.968 322863.33 1189530.00
1487876289255 388 1 2 50.000 -0.968 310958.57 1048353.53
1487876289263 389 1 2 50.000 -0.968 310958.57 1189530.00
1487876289266 390 1 2 50.000 -0.968 310958.57 1114530.00
1487876289273 391 1 2 50.000 -0.968 310958.57 1189530.00
1487876289281 392 1 2 50.000 -0.968 305319.47 1189530.00
1487876289296 393 1 2 50.000 -0.484 316802.73 1275244.29
1487876289303 394 1 2 50.000 -0.968 310958.57 1048353.53
1487876289308 395 1 2 50.000 -0.968 316802.73 1189530.00
1487876289314 396 1 2 50.000 -0.968 305319.47 989530.00
1487876289322 397 1 2 50.000 -0.968 305319.47 1275244.29
1487876289330 398 1 2 50.000 -0.484 310958.57 1275244.29
1487876289342 399 1 2 50.000 -0.968 299874.83 1275244.29
1487876289352 400 1 2 50.000 -0.968 299874.83 1189530.00
1487876289361 401 1 2 50.000 -0.484 305319.47 1189530.00
1487876289364 402 1 2 50.000 -0.484 294614.75 1114530.00
1487876289373 403 1 2 50.000 -0.968 299874.83 1114530.00
1487876289379 404 1 2 50.000 -0.484 299874.83 1048353.53
1487876289385 405 1 2 50.000 -0.484 305319.47 1114530.00
1487876289397 406 1 2 50.000 -0.968 299874.83 1275244.29
1487876289407 407 1 2 50.000 -0.968 289530.00 1275244.29
1487876289416 408 1 2 50.000 -0.484 294614.75 1374145.38
1487876289422 409 1 2 50.000 -0.968 299874.83 1275244.29
1487876289429 410 1 2 50.000 -0.484 294614.75 1374145.38
1487876289436 411 1 2 50.000 -0.968 289530.00 1189530.00
1487876289447 412 1 2 50.000 -0.968 289530.00 1275244.29
1487876289457 413 1 2 50.000 -0.968 289530.00 1275244.29
1487876289465 414 1 2 50.000 -0.484 289530.00 1275244.29
1487876289471 415 1 2 50.000 -0.484 289530.00 1374145.38
1487876289478 416 1 2 50.000 -0.484 289530.00 1275244.29
1487876289485 417 1 2 50.000 -0.484 289530.00 1374145.38
1487876289500 418 1 2 50.000 -0.484 299874.83 1275244.29
1487876289510 419 1 2 50.000 -0.484 289530.00 1275244.29
1487876289514 420 1 2 50.000 -0.484 289530.00 1374145.38
1487876289520 421 1 2 50.000 -0.484 279852.58 1374145.38
1487876289527 422 1 2 50.000 -0.484 284611.97 1275244.29
1487876289535 423 1 2 50.000 -0.484 289530.00 1275244.29
1487876289541 424 1 2 50.000 -0.484 294614.75 1275244.29
1487876289554 425 1 2 50.000 -0.484 289530.00 1374145.38
1487876289562 426 1 2 50.000 -0.484 289530.00 1489530.00
1487876289571 427 1 2 50.000 -0.484 289530.00 1374145.38
1487876289576 428 1 2 50.000 -0.484 284611.97 1275244.29
1487876289584 429 1 2 50.000 -0.968 284611.97 1048353.53
1487876289598 430 1 2 50.000 -0.484 289530.00 1374145.38
1487876289605 431 1 2 50.000 -0.484 284611.97 1275244.29
1487876289612 432 1 2 50.000 -0.484 284611.97 1374145.38
1487876289621 433 1 2 50.000 -0.484 279852.58 1275244.29
1487876289626 434 1 2 50.000 -0.484 289530.00 1374145.38
1487876289635 435 1 2 50.000 -0.484 284611.97 1374145.38
1487876289648 436 1 2 50.000 -0.484 284611.97 1374145.38
1487876289653 437 1 2 50.000 -0.968 279852.58 1048353.53
1487876289663 438 1 2 50.000 -0.484 289530.00 1374145.38
1487876289667 439 1 2 50.000 -0.484 289530.00 1374145.38
1487876289674 440 1 2 50.000 -0.484 284611.97 1374145.38
1487876289682 441 1 2 50.000 -0.484 284611.97 1275244.29
1487876289696 442 1 2 50.000 -0.484 279852.58 1374145.38
1487876289703 443 1 2 50.000 -0.484 275244.29 1275244.29
1487876289711 444 1 2 50.000 -0.484 279852.58 1489530.00
1487876289719 445 1 2 50.000 -0.484 266453.08 1189530.00
1487876289724 446 1 2 50.000 -0.484 279852.58 1189530.00
1487876289730 447 1 2 50.000 -0.484 279852.58 1374145.38
1487876289739 448 1 2 50.000 -0.484 275244.29 1374145.38
1487876289749 449 1 2 50.000 -0.484 279852.58 1114530.00
1487876289758 450 1 2 50.000 -0.484 275244.29 1374145.38
1487876289765 451 1 2 50.000 -0.484 279852.58 1374145.38
1487876289773 452 1 2 50.000 -0.484 275244.29 1374145.38
1487876289780 453 1 2 50.000 -0.484 279852.58 1625893.64
1487876289787 454 1 2 50.000 -0.484 270780.00 1625893.64
1487876289801 455 1 2 50.000 -0.484 266453.08 1489530.00
1487876289810 456 1 2 50.000 -0.484 270780.00 1489530.00
1487876289820 457 1 2 50.000 -0.484 275244.29 1489530.00
1487876289824 458 1 2 50.000 -0.484 279852.58 1374145.38
1487876289830 459 1 2 50.000 -0.484 284611.97 1275244.29
1487876289845 460 1 2 50.000 -0.484 270780.00 1489530.00
1487876289848 461 1 2 50.000 -0.484 270780.00 1374145.38
1487876289855 462 1 2 50.000 -0.484 279852.58 1625893.64
1487876289861 463 1 2 50.000 -0.484 279852.58 1275244.29
1487876289869 464 1 2 50.000 -0.484 275244.29 1374145.38
1487876289877 465 1 2 50.000 -0.484 275244.29 1489530.00
1487876289887 466 1 2 50.000 -0.484 270780.00 1489530.00
1487876289890 467 1 2 50.000 -0.484 275244.29 1374145.38
1487876289896 468 1 2 50.000 -0.484 270780.00 1374145.38
1487876289904 469 1 2 50.000 -0.484 270780.00 1489530.00
1487876289910 470 1 2 50.000 -0.484 266453.08 1489530.00
1487876289919 471 1 2 50.000 -0.484 270780.00 1374145.38
1487876289924 472 1 2 50.000 -0.968 270780.00 1374145.38
1487876289932 473 1 2 50.000 -0.484 275244.29 1114530.00
1487876289939 474 1 2 50.000 -0.484 270780.00 1275244.29
1487876289949 475 1 2 50.000 -0.484 279852.58 1374145.38
1487876289953 476 2 2 50.000 -0.484 266453.08 1275244.29
1487876289959 477 2 1 50.000 -0.484 262257.27 1374145.38
1487876289967 478 2 1 50.000 -0.484 266453.08 1275244.29
1487876289973 479 2 1 50.000 -0.484 270780.00 1275244.29
1487876289980 480 2 1 50.000 -0.484 279852.58 1625893.64
1487876289988 481 2 1 50.000 -0.484 270780.00 1275244.29
1487876289996 482 2 1 50.000 -0.484 266453.08 1374145.38
1487876290001 483 2 1 50.000 -0.484 275244.29 1275244.29
1487876290012 484 2 1 50.000 -0.484 289530.00 1374145.38
1487876290015 485 2 1 50.000 -0.484 279852.58 1374145.38
1487876290021 486 2 1 50.000 -0.484 279852.58 1275244.29
1487876290029 487 2 1 50.000 -0.968 279852.58 1114530.00
1487876290035 488 2 1 50.000 -0.968 275244.29 1275244.29
1487876290043 489 2 1 50.000 -0.968 266453.08 1374145.38
1487876290051 490 2 1 50.000 -0.484 266453.08 1275244.29
1487876290058 491 2 1 50.000 -0.484 266453.08 1489530.00
1487876290064 492 2 1 50.000 14.997 270780.00 1275244.29
1487876290076 493 2 1 50.000 6.773 275244.29 1189530.00
1487876290088 494 2 1 50.000 -0.968 266453.08 1275244.29
1487876290100 495 2 1 50.000 -0.484 262257.27 1189530.00
1487876290107 496 2 1 50.000 -0.968 270780.00 1374145.38
1487876290121 497 2 1 50.000 -0.968 266453.08 1275244.29
1487876290133 498 2 1 50.000 -0.968 266453.08 1275244.29
1487876290140 499 2 1 50.000 -0.968 266453.08 1374145.38
1487876290154 500 2 1 50.000 -0.484 262257.27 1275244.29
1487876290162 501 2 1 50.000 -0.968 262257.27 1275244.29
1487876290172 502 2 1 50.000 -0.484 266453.08 1374145.38
1487876290187 503 2 1 50.000 -0.968 258186.72 1275244.29
1487876290193 504 2 1 50.000 -0.968 262257.27 1275244.29
1487876290200 505 2 1 50.000 -0.484 258186.72 1374145.38
1487876290216 506 2 1 50.000 -0.484 262257.27 1189530.00
1487876290222 507 2 1 50.000 -0.968 266453.08 1275244.29
1487876290231 508 2 1 50.000 -0.968 258186.72 1275244.29
1487876290239 509 2 1 50.000 -0.484 262257.27 1374145.38
1487876290252 510 2 1 50.000 -0.484 262257.27 1275244.29
1487876290260 511 2 1 50.000 -0.484 262257.27 1275244.29
1487876290268 512 2 1 50.000 -0.484 262257.27 1189530.00
1487876290277 513 2 1 50.000 -0.968 262257.27 1374145.38
1487876290289 514 2 1 50.000 -0.968 258186.72 1374145.38
1487876290300 515 2 1 50.000 -0.968 262257.27 1275244.29
1487876290313 516 2 1 50.000 -0.968 262257.27 1275244.29
1487876290320 517 2 1 50.000 -0.968 258186.72 1189530.00
1487876290327 518 2 1 50.000 -0.968 262257.27 1374145.38
1487876290337 519 2 1 50.000 -0.968 258186.72 1275244.29
1487876290348 520 2 1 50.000 -0.968 254235.88 1275244.29
1487876290357 521 2 1 50.000 -0.484 250399.57 1275244.29
1487876290361 522 2 1 50.000 -0.484 254235.88 889530.00
1487876290375 523 2 1 50.000 -0.968 171348.18 70977.96
1487876290387 524 2 1 50.000 7.257 63910.17 24686.25
1487876290391 525 2 1 50.000 16.932 42942.46 19530.00
1487876290406 526 2 1 50.000 59.987 23364.59 10101.43
1487876290413 527 2 1 50.000 71.114 18941.76 8221.59
1487876290420 528 2 1 50.000 83.692 17350.71 7246.54
1487876290428 529 2 1 50.000 94.819 15692.79 6607.80
1487876290436 530 2 1 50.000 104.978 14221.36 8241.02
1487876290447 531 2 1 50.000 117.072 12489.18 10435.92
1487876290455 532 2 1 50.000 123.361 11807.23 6058.93
1487876290462 533 2 1 50.000 128.199 11138.64 6431.41
1487876290471 534 2 1 50.000 133.520 11009.71 5717.05
1487876290476 535 2 1 50.000 135.939 10631.99 7953.75
1487876290484 536 2 1 50.000 138.358 10243.46 8947.48
1487876290498 537 2 1 50.000 140.777 10124.97 5804.86
1487876290509 538 2 1 50.000 140.777 9915.05 5223.11
1487876290513 539 2 1 50.000 140.293 9915.05 5182.17
1487876290519 540 2 1 50.000 139.809 9868.98 5403.02
1487876290529 541 2 1 50.000 139.326 9823.12 5223.11
1487876290533 542 2 1 50.000 139.326 9823.12 5487.45
1487876290545 543 2 1 50.000 139.326 9664.23 7767.08
1487876290554 544 2 1 50.000 139.809 9596.89 8597.80
1487876290562 545 2 1 50.000 139.809 9596.89 10219.66
1487876290567 546 2 1 50.000 139.809 9530.00 9202.13
1487876290578 547 2 1 50.000 139.809 9485.65 8719.77
1487876290582 548 2 1 50.000 139.326 9507.80 9485.65
1487876290594 549 2 1 50.000 139.326 9463.55 9353.79
1487876290606 550 2 1 50.000 139.809 9441.50 10195.90
1487876290611 551 2 1 50.000 139.326 9419.50 9073.97
1487876290617 552 2 1 50.000 139.326 9419.50 8537.39
1487876290624 553 2 1 50.000 138.842 9375.64 9800.27
1487876290631 554 2 1 50.000 138.842 9375.64 9116.51
1487876290637 555 2 1 50.000 137.391 9353.79 9664.23
1487876290653 556 2 1 50.000 136.423 9310.22 10172.20
1487876290659 557 2 1 50.000 135.455 9331.98 9052.78
1487876290666 558 2 1 50.000 134.488 9288.51 8437.56
1487876290674 559 2 1 50.000 133.520 9223.65 8577.62
1487876290679 560 2 1 50.000 132.553 9245.22 8182.85
1487876290693 561 2 1 50.000 130.618 9202.13 8577.62
1487876290700 562 2 1 50.000 129.166 9202.13 8678.94
1487876290709 563 2 1 50.000 127.715 9159.23 8577.62
1487876290715 564 2 1 50.000 125.780 9137.84 7972.62
1487876290721 565 2 1 50.000 125.296 9137.84 7422.64
1487876290728 566 2 1 50.000 123.361 9159.23 6089.34
1487876290736 567 2 1 50.000 121.910 9159.23 5572.78
1487876290750 568 2 1 50.000 119.007 9223.65 4914.62
1487876290760 569 2 1 50.000 117.072 9245.22 4187.98
1487876290765 570 2 1 50.000 116.105 9266.84 3907.00
1487876290771 571 2 1 50.000 114.653 9245.22 3849.81
1487876290779 572 2 1 50.000 113.202 9310.22 3804.39
1487876290784 573 2 1 50.000 111.751 9310.22 3895.52
1487876290798 574 2 1 50.000 109.332 9375.64 3907.00
1487876290808 575 2 1 50.000 107.397 9419.50 5168.58
1487876290814 576 2 1 50.000 106.429 9441.50 5195.80
1487876290820 577 2 1 50.000 104.978 9485.65 5223.11
1487876290828 578 2 1 50.000 104.010 9507.80 5209.44
1487876290834 579 2 1 50.000 103.043 9530.00 5060.63
1487876290842 580 2 1 50.000 101.592 9574.54 5403.02
1487876290856 581 2 1 50.000 99.173 9641.73 5544.23
1487876290864 582 2 1 50.000 97.721 9709.37 5473.31
1487876290873 583 2 1 50.000 96.754 9686.77 5431.06
1487876290883 584 2 1 50.000 95.303 9754.72 5236.81
1487876290887 585 2 1 50.000 94.335 9823.12 5223.11
1487876290896 586 2 1 50.000 93.851 9846.03 4443.01
1487876290905 587 2 1 50.000 92.400 9868.98 5702.51
1487876290917 588 2 1 50.000 90.949 9938.16 5746.22
1487876290921 589 2 1 50.000 89.497 9961.33 5863.94
1487876290930 590 2 1 50.000 89.497 9984.55 5644.59
1487876290937 591 2 1 50.000 88.046 9984.55 4344.81
1487876290943 592 2 1 50.000 87.562 10031.14 4369.24
1487876290955 593 2 1 50.000 86.111 10077.95 5968.36
1487876290968 594 2 1 50.000 84.660 10172.20 6463.21
1487876290972 595 2 2 50.000 84.176 10124.97 6887.76
1487876290978 596 2 2 50.000 83.692 10219.66 6837.69
1487876290986 597 2 2 50.000 83.208 10195.90 6624.02
1487876290991 598 2 2 50.000 82.241 10219.66 6607.80
1487876291000 599 2 2 50.000 79.822 10339.25 4836.12
1487876291014 600 2 2 50.000 60.955 12228.61 6135.17
1487876291022 601 2 2 50.000 48.377 13658.69 7229.12
1487876291029 602 2 2 50.000 38.702 14704.83 8182.85
1487876291034 603 2 2 50.000 31.445 16157.22 9180.66
1487876291045 604 2 2 50.000 14.029 20943.61 13371.06
1487876291049 605 2 2 50.000 8.224 24824.12 16969.02
1487876291061 606 2 2 50.000 -0.484 55223.43 69887.14
1487876291072 607 2 2 50.000 -0.968 68825.15 129064.88
1487876291075 608 2 2 50.000 -0.968 88431.10 209042.20
1487876291082 609 2 2 50.000 -0.968 129064.88 398620.91
1487876291090 610 2 2 50.000 -0.968 160958.57 451068.46
1487876291098 611 2 2 50.000 -0.484 175097.01 570175.16
1487876291111 612 2 2 50.000 -0.968 206397.47 681837.69
1487876291117 613 2 2 50.000 -0.968 217378.10 772138.70
1487876291129 614 2 2 50.000 -0.968 232773.24 739530.00
1487876291133 615 2 2 50.000 -0.484 239530.00 709530.00
1487876291139 616 2 2 50.000 -0.484 246672.86 807711.82
1487876291146 617 2 2 50.000 -0.968 258186.72 889530.00
1487876291155 618 2 2 50.000 -0.968 266453.08 846672.86
1487876291159 619 2 2 50.000 -0.484 270780.00 936898.42
1487876291172 620 2 2 50.000 -0.484 289530.00 1048353.53
1487876291183 621 2 2 50.000 -0.484 284611.97 846672.86
1487876291187 622 2 2 50.000 -0.968 289530.00 989530.00
1487876291195 623 2 2 50.000 -0.484 289530.00 989530.00
1487876291205 624 2 2 50.000 -0.968 294614.75 989530.00
1487876291209 625 2 2 50.000 -0.968 299874.83 1048353.53
1487876291221 626 2 2 50.000 -0.484 299874.83 1048353.53
1487876291233 627 2 2 50.000 -0.484 305319.47 1114530.00
1487876291238 628 2 2 50.000 -0.968 305319.47 989530.00
1487876291244 629 2 2 50.000 -0.968 305319.47 936898.42
1487876291250 630 2 2 50.000 -0.968 305319.47 1114530.00
1487876291258 631 2 2 50.000 -0.968 299874.83 1189530.00
1487876291275 632 2 2 50.000 -0.968 305319.47 1114530.00
1487876291279 633 2 2 50.000 -0.484 310958.57 1114530.00
1487876291289 634 2 2 50.000 -0.968 299874.83 1114530.00
1487876291293 635 2 2 50.000 -0.968 305319.47 1114530.00
1487876291299 636 2 2 50.000 -0.968 305319.47 1048353.53
1487876291310 637 2 2 50.000 -0.968 310958.57 1275244.29
1487876291320 638 2 2 50.000 -0.968 305319.47 1114530.00
1487876291330 639 2 2 50.000 -0.968 310958.57 1275244.29
1487876291334 640 2 2 50.000 -0.968 305319.47 1189530.00
1487876291343 641 2 2 50.000 -0.484 305319.47 1189530.00
1487876291347 642 2 2 50.000 -0.968 299874.83 1374145.38
1487876291357 643 2 2 50.000 -0.968 299874.83 1275244.29
1487876291369 644 2 2 50.000 -0.484 289530.00 1189530.00
1487876291377 645 2 2 50.000 -0.968 305319.47 1114530.00
1487876291385 646 2 2 50.000 -0.968 299874.83 1189530.00
1487876291390 647 2 2 50.000 -0.968 305319.47 1048353.53
1487876291396 648 2 2 50.000 -0.968 299874.83 1114530.00
1487876291403 649 2 2 50.000 -0.484 299874.83 1114530.00
1487876291410 650 2 2 50.000 -0.484 299874.83 1189530.00
1487876291426 651 2 2 50.000 -0.484 299874.83 1275244.29
1487876291433 652 2 2 50.000 -0.968 294614.75 1189530.00
1487876291441 653 2 2 50.000 -0.484 284611.97 1189530.00
1487876291447 654 2 2 50.000 -0.484 294614.75 1275244.29
1487876291455 655 2 2 50.000 -0.484 284611.97 1275244.29
1487876291460 656 2 2 50.000 -0.484 289530.00 1189530.00
1487876291474 657 2 2 50.000 -0.484 289530.00 1275244.29
1487876291478 658 2 2 50.000 -0.968 284611.97 1189530.00
1487876291485 659 2 2 50.000 -0.968 294614.75 1374145.38
1487876291492 660 2 2 50.000 -0.484 284611.97 1275244.29
1487876291500 661 2 2 50.000 -0.968 289530.00 1275244.29
1487876291508 662 2 2 50.000 -0.484 279852.58 1489530.00
1487876291513 663 2 2 50.000 -0.968 294614.75 1374145.38
1487876291523 664 2 2 50.000 -0.484 284611.97 1275244.29
1487876291527 665 2 2 50.000 -0.484 284611.97 1625893.64
1487876291536 666 2 2 50.000 -0.484 289530.00 1374145.38
1487876291549 667 2 2 50.000 -0.968 279852.58 1189530.00
1487876291560 668 2 2 50.000 -0.484 284611.97 1374145.38
1487876291569 669 2 2 50.000 -0.484 279852.58 1189530.00
1487876291576 670 2 2 50.000 -0.484 294614.75 1189530.00
1487876291584 671 2 2 50.000 -0.968 289530.00 1374145.38
1487876291590 672 2 2 50.000 -0.484 284611.97 1275244.29
1487876291598 673 2 2 50.000 -0.484 289530.00 1275244.29
1487876291607 674 2 2 50.000 -0.968 284611.97 1114530.00
1487876291612 675 2 2 50.000 -0.484 289530.00 1489530.00
1487876291619 676 2 2 50.000 -0.484 279852.58 1275244.29
1487876291627 677 2 2 50.000 -0.968 284611.97 1275244.29
1487876291633 678 2 2 50.000 -0.484 279852.58 1275244.29
1487876291640 679 2 2 50.000 -0.484 270780.00 1374145.38
1487876291646 680 2 2 50.000 -0.484 289530.00 1275244.29
1487876291654 681 2 2 50.000 -0.968 284611.97 1275244.29
1487876291662 682 2 2 50.000 -0.484 279852.58 1625893.64
1487876291668 683 2 2 50.000 -0.484 279852.58 1489530.00
1487876291678 684 2 2 50.000 -0.484 284611.97 1275244.29
1487876291681 685 2 2 50.000 -0.484 279852.58 1374145.38
1487876291691 686 2 2 50.000 -0.484 279852.58 1374145.38
1487876291695 687 2 2 50.000 -0.484 275244.29 1374145.38
1487876291704 688 2 2 50.000 -0.484 279852.58 1275244.29
1487876291708 689 2 2 50.000 -0.968 275244.29 1374145.38
1487876291715 690 2 2 50.000 -0.484 279852.58 1374145.38
1487876291723 691 2 2 50.000 -0.484 279852.58 1374145.38
1487876291730 692 2 2 50.000 -0.484 284611.97 1374145.38
1487876291740 693 2 2 50.000 -0.484 270780.00 1489530.00
1487876291744 694 2 2 50.000 -0.484 279852.58 1275244.29
1487876291754 695 2 2 50.000 -0.484 275244.29 1275244.29
1487876291758 696 2 2 50.000 -0.484 279852.58 1189530.00
1487876291764 697 2 2 50.000 -0.484 284611.97 1625893.64
1487876291771 698 2 2 50.000 -0.484 275244.29 1275244.29
1487876291778 699 2 2 50.000 -0.484 279852.58 1374145.38
1487876291785 700 2 2 50.000 -0.484 279852.58 1048353.53
1487876291793 701 2 2 50.000 -0.484 270780.00 1275244.29
1487876291799 702 2 2 50.000 -0.968 279852.58 1374145.38
1487876291807 703 2 2 50.000 -0.484 275244.29 1374145.38
1487876291812 704 2 2 50.000 -0.484 284611.97 1374145.38
1487876291820 705 2 2 50.000 -0.484 275244.29 1189530.00
1487876291833 706 2 2 50.000 -0.484 275244.29 1489530.00
1487876291844 707 2 2 50.000 -0.484 270780.00 1275244.29
1487876291847 708 2 2 50.000 -0.484 270780.00 1275244.29
1487876291858 709 2 2 50.000 -0.484 275244.29 1489530.00
1487876291864 710 2 2 50.000 -0.484 270780.00 1489530.00
1487876291873 711 2 2 50.000 -0.484 270780.00 1374145.38
1487876291880 712 2 2 50.000 -0.484 266453.08 1189530.00
1487876291889 713 2 2 50.000 -0.484 266453.08 1374145.38
1487876291898 714 2 2 50.000 -0.484 270780.00 1374145.38
1487876291905 715 2 2 50.000 -0.484 266453.08 1275244.29
1487876291913 716 2 2 50.000 -0.484 270780.00 1275244.29
1487876291920 717 2 2 50.000 -0.484 275244.29 1275244.29
1487876291925 718 2 2 50.000 -0.484 270780.00 1275244.29
1487876291935 719 2 2 50.000 -0.484 270780.00 1275244.29
1487876291949 720 2 2 50.000 -0.484 270780.00 1275244.29
1487876291957 721 2 2 50.000 -0.484 270780.00 1374145.38
1487876291964 722 2 2 50.000 -0.484 270780.00 1189530.00
1487876291980 723 3 2 50.000 -0.484 270780.00 1374145.38
