Time	Data_Count	Cycle	State	Desired_force_(psi)	Measured_force_(psi)	Toe_sensor	Heel_Sensor
1.48495E+12	0	0	0	196	0	39950.17	35565.81
1.48495E+12	1	0	1	196	0	40091.8	35565.81
1.48495E+12	2	0	1	196	0.484	41703.91	36527.39
1.48495E+12	3	0	1	196	0	46133.77	38178.65
1.48495E+12	4	0	1	196	-0.968	57454.53	589530
1.48495E+12	5	0	1	196	-0.484	171348.18	1189530
1.48495E+12	6	0	1	196	-0.968	211752.22	1275244.29
1.48495E+12	7	0	1	196	-0.484	220299.23	1374145.38
1.48495E+12	8	0	1	196	-0.484	229530	1625893.64
1.48495E+12	9	0	1	196	-0.484	226372.11	1625893.64
1.48495E+12	10	0	1	196	-0.968	236105.34	1625893.64
1.48495E+12	11	0	1	196	-0.484	236105.34	1489530
1.48495E+12	12	0	1	196	-0.484	239530	1625893.64
1.48495E+12	13	0	1	196	-0.968	236105.34	1374145.38
1.48495E+12	14	0	1	196	-0.968	236105.34	1489530
1.48495E+12	15	0	1	196	-0.484	236105.34	1374145.38
1.48495E+12	16	0	1	196	-0.968	236105.34	1489530
1.48495E+12	17	0	1	196	-0.968	236105.34	1489530
1.48495E+12	18	0	1	196	-0.968	239530	1374145.38
1.48495E+12	19	0	1	196	-0.968	232773.24	1625893.64
1.48495E+12	20	0	1	196	-0.968	232773.24	1789530
1.48495E+12	21	0	1	196	-0.968	239530	1625893.64
1.48495E+12	22	0	1	196	-0.484	236105.34	1625893.64
1.48495E+12	23	0	1	196	-0.968	236105.34	1789530
1.48495E+12	24	0	1	196	-0.484	236105.34	1789530
1.48495E+12	25	0	1	196	-0.968	236105.34	1625893.64
1.48495E+12	26	0	1	196	-0.484	236105.34	1789530
1.48495E+12	27	0	1	196	-0.968	232773.24	1625893.64
1.48495E+12	28	0	1	196	-0.484	232773.24	1625893.64
1.48495E+12	29	0	1	196	-0.968	232773.24	1625893.64
1.48495E+12	30	0	1	196	-0.968	229530	1625893.64
1.48495E+12	31	0	1	196	-0.484	232773.24	1625893.64
1.48495E+12	32	0	1	196	-0.968	236105.34	1489530
1.48495E+12	33	0	1	196	-0.968	239530	1489530
1.48495E+12	34	0	1	196	-0.968	232773.24	1625893.64
1.48495E+12	35	0	1	196	-0.484	236105.34	1625893.64
1.48495E+12	36	0	1	196	-0.968	236105.34	1625893.64
1.48495E+12	37	0	1	196	-0.968	236105.34	1489530
1.48495E+12	38	0	1	196	-0.968	232773.24	1489530
1.48495E+12	39	0	1	196	-0.968	236105.34	1374145.38
1.48495E+12	40	0	1	196	-0.484	232773.24	1374145.38
1.48495E+12	41	0	1	196	-0.484	239530	1489530
1.48495E+12	42	0	1	196	-0.968	239530	1374145.38
1.48495E+12	43	0	1	196	-0.484	236105.34	1625893.64
1.48495E+12	44	0	1	196	-0.968	239530	1625893.64
1.48495E+12	45	0	1	196	-0.484	239530	1489530
1.48495E+12	46	0	1	196	-0.968	239530	1625893.64
1.48495E+12	47	0	1	196	-0.484	236105.34	1489530
1.48495E+12	48	0	1	196	-0.968	232773.24	1625893.64
1.48495E+12	49	0	1	196	-0.968	236105.34	1489530
1.48495E+12	50	0	1	196	-0.484	236105.34	1489530
1.48495E+12	51	0	1	196	-0.484	232773.24	1625893.64
1.48495E+12	52	0	1	196	-0.968	232773.24	1489530
1.48495E+12	53	0	1	196	-0.484	229530	1489530
1.48495E+12	54	0	1	196	-0.968	232773.24	1489530
1.48495E+12	55	0	1	196	-0.484	236105.34	1489530
1.48495E+12	56	0	1	196	-0.968	236105.34	1489530
1.48495E+12	57	0	1	196	-0.484	232773.24	1625893.64
1.48495E+12	58	0	1	196	-0.968	229530	1789530
1.48495E+12	59	0	1	196	-0.484	232773.24	1489530
1.48495E+12	60	0	1	196	-0.968	239530	1625893.64
1.48495E+12	61	0	1	196	-0.968	239530	1625893.64
1.48495E+12	62	0	1	196	-0.484	243051.13	1625893.64
1.48495E+12	63	0	1	196	-0.484	243051.13	1489530
1.48495E+12	64	0	1	196	-0.484	243051.13	1789530
1.48495E+12	65	0	1	196	-0.968	239530	1625893.64
1.48495E+12	66	0	1	196	-0.968	239530	1625893.64
1.48495E+12	67	0	1	196	-0.484	239530	1625893.64
1.48495E+12	68	0	1	196	-0.484	239530	1489530
1.48495E+12	69	0	1	196	-0.484	236105.34	1374145.38
1.48495E+12	70	0	1	196	-0.484	232773.24	1489530
1.48495E+12	71	0	1	196	-0.968	236105.34	1625893.64
1.48495E+12	72	0	1	196	-0.484	236105.34	1625893.64
1.48495E+12	73	0	1	196	-0.484	236105.34	1789530
1.48495E+12	74	0	1	196	-0.968	232773.24	1489530
1.48495E+12	75	0	1	196	-0.968	232773.24	1489530
1.48495E+12	76	0	2	196	-0.484	236105.34	1489530
1.48495E+12	77	0	2	196	-0.968	232773.24	1625893.64
1.48495E+12	78	0	2	196	-0.484	232773.24	1489530
1.48495E+12	79	0	2	196	-0.484	232773.24	1489530
1.48495E+12	80	0	2	196	-0.484	239530	1374145.38
1.48495E+12	81	0	2	196	-0.968	229530	1489530
1.48495E+12	82	0	2	196	-0.968	229530	1489530
1.48495E+12	83	0	2	196	-0.484	232773.24	1489530
1.48495E+12	84	0	2	196	-0.484	232773.24	1625893.64
1.48495E+12	85	0	2	196	-0.484	232773.24	1489530
1.48495E+12	86	0	2	196	-0.968	232773.24	1789530
1.48495E+12	87	0	2	196	-0.484	229530	1489530
1.48495E+12	88	0	2	196	-0.484	232773.24	1489530
1.48495E+12	89	0	2	196	-0.968	232773.24	1374145.38
1.48495E+12	90	0	2	196	-0.968	232773.24	1625893.64
1.48495E+12	91	0	2	196	-0.968	226372.11	1489530
1.48495E+12	92	0	2	196	-0.484	229530	1489530
1.48495E+12	93	0	2	196	-0.968	232773.24	1275244.29
1.48495E+12	94	0	2	196	-0.484	232773.24	1374145.38
1.48495E+12	95	0	2	196	-0.484	232773.24	1625893.64
1.48495E+12	96	0	2	196	-0.484	236105.34	1489530
1.48495E+12	97	0	2	196	-0.968	232773.24	1489530
1.48495E+12	98	0	2	196	-0.484	232773.24	1374145.38
1.48495E+12	99	0	2	196	-0.484	232773.24	1489530
1.48495E+12	100	0	2	196	-0.484	232773.24	1374145.38
1.48495E+12	101	0	2	196	-0.484	232773.24	1489530
1.48495E+12	102	0	2	196	-0.484	229530	1625893.64
1.48495E+12	103	0	2	196	-0.968	232773.24	1374145.38
1.48495E+12	104	0	2	196	-0.484	229530	1625893.64
1.48495E+12	105	0	2	196	-0.484	236105.34	1489530
1.48495E+12	106	0	2	196	-0.484	232773.24	1489530
1.48495E+12	107	0	2	196	-0.484	232773.24	1374145.38
1.48495E+12	108	0	2	196	-0.968	229530	1489530
1.48495E+12	109	0	2	196	-0.484	236105.34	1489530
1.48495E+12	110	0	2	196	-0.968	229530	1489530
1.48495E+12	111	0	2	196	-0.484	232773.24	1489530
1.48495E+12	112	0	2	196	-0.484	236105.34	1489530
1.48495E+12	113	0	2	196	-0.484	232773.24	1275244.29
1.48495E+12	114	0	2	196	-0.484	229530	1489530
1.48495E+12	115	0	2	196	-0.484	232773.24	1374145.38
1.48495E+12	116	0	2	196	-0.484	236105.34	1489530
1.48495E+12	117	0	2	196	-0.484	229530	1374145.38
1.48495E+12	118	0	2	196	-0.968	236105.34	1374145.38
1.48495E+12	119	0	2	196	-0.484	236105.34	1489530
1.48495E+12	120	0	2	196	-0.484	236105.34	1489530
1.48495E+12	121	0	2	196	-0.484	236105.34	1374145.38
1.48495E+12	122	0	2	196	-0.484	236105.34	1489530
1.48495E+12	123	0	2	196	-0.484	236105.34	1625893.64
1.48495E+12	124	0	2	196	-0.484	232773.24	1489530
1.48495E+12	125	0	2	196	-0.484	232773.24	1374145.38
1.48495E+12	126	0	2	196	-0.484	232773.24	1489530
1.48495E+12	127	0	2	196	-0.484	232773.24	1489530
1.48495E+12	128	0	2	196	-0.484	232773.24	1625893.64
1.48495E+12	129	0	2	196	-0.484	232773.24	1489530
1.48495E+12	130	0	2	196	-0.484	236105.34	1489530
1.48495E+12	131	0	2	196	-0.484	232773.24	1374145.38
1.48495E+12	132	0	2	196	-0.484	232773.24	1275244.29
1.48495E+12	133	0	2	196	-0.484	232773.24	1625893.64
1.48495E+12	134	0	2	196	-0.484	232773.24	1489530
1.48495E+12	135	0	2	196	-0.484	236105.34	1489530
1.48495E+12	136	0	2	196	-0.484	229530	1374145.38
1.48495E+12	137	0	2	196	-0.484	229530	1489530
1.48495E+12	138	0	2	196	-0.484	232773.24	1489530
1.48495E+12	139	0	2	196	-0.968	229530	1489530
1.48495E+12	140	0	2	196	-0.968	236105.34	1489530
1.48495E+12	141	0	2	196	-0.484	232773.24	1374145.38
1.48495E+12	142	0	2	196	-0.484	232773.24	1489530
1.48495E+12	143	0	2	196	-0.484	232773.24	1489530
1.48495E+12	144	0	2	196	-0.484	232773.24	1489530
1.48495E+12	145	0	2	196	-0.484	232773.24	1489530
1.48495E+12	146	0	2	196	-0.968	232773.24	1374145.38
1.48495E+12	147	0	2	196	-0.484	236105.34	1489530
1.48495E+12	148	0	2	196	-0.484	236105.34	1374145.38
1.48495E+12	149	0	2	196	-0.484	229530	1374145.38
1.48495E+12	150	0	2	196	-0.484	236105.34	1374145.38
1.48495E+12	151	0	2	196	-0.484	232773.24	1489530
1.48495E+12	152	0	2	196	-0.484	232773.24	1374145.38
1.48495E+12	153	0	2	196	-0.484	232773.24	1489530
1.48495E+12	154	0	2	196	-0.484	239530	1489530
1.48495E+12	155	0	2	196	-0.484	232773.24	1489530
1.48495E+12	156	0	2	196	-0.484	232773.24	1374145.38
1.48495E+12	157	0	2	196	-0.484	236105.34	1374145.38
1.48495E+12	158	0	2	196	-0.484	232773.24	1489530
1.48495E+12	159	0	2	196	-0.484	232773.24	1374145.38
1.48495E+12	160	0	2	196	-0.484	232773.24	1374145.38
1.48495E+12	161	0	2	196	-0.484	236105.34	1489530
1.48495E+12	162	0	2	196	-0.484	232773.24	1625893.64
1.48495E+12	163	0	2	196	-0.484	236105.34	1625893.64
1.48495E+12	164	0	2	196	-0.484	236105.34	1489530
1.48495E+12	165	0	2	196	-0.484	232773.24	1374145.38
1.48495E+12	166	0	2	196	-0.484	232773.24	1374145.38
1.48495E+12	167	0	2	196	-0.484	236105.34	1374145.38
1.48495E+12	168	0	2	196	-0.484	232773.24	1374145.38
1.48495E+12	169	0	2	196	-0.484	232773.24	1374145.38
1.48495E+12	170	0	2	196	-0.484	232773.24	1374145.38
1.48495E+12	171	0	2	196	-0.484	232773.24	1374145.38
1.48495E+12	172	0	2	196	-0.484	229530	1374145.38
1.48495E+12	173	0	2	196	-0.484	232773.24	1374145.38
1.48495E+12	174	0	2	196	-0.484	232773.24	1374145.38
1.48495E+12	175	0	2	196	-0.484	236105.34	1625893.64
1.48495E+12	176	0	2	196	-0.484	232773.24	1275244.29
1.48495E+12	177	0	2	196	-0.484	229530	1374145.38
1.48495E+12	178	0	2	196	-0.484	232773.24	1374145.38
1.48495E+12	179	0	2	196	-0.484	229530	1489530
1.48495E+12	180	0	2	196	-0.484	229530	1275244.29
1.48495E+12	181	0	2	196	-0.968	232773.24	1374145.38
1.48495E+12	182	0	2	196	-0.484	229530	1374145.38
1.48495E+12	183	0	2	196	-0.484	232773.24	1275244.29
1.48495E+12	184	0	2	196	-0.484	232773.24	1275244.29
1.48495E+12	185	0	2	196	-0.484	229530	1374145.38
1.48495E+12	186	0	2	196	-0.484	232773.24	1374145.38
1.48495E+12	187	0	2	196	-0.968	232773.24	1374145.38
1.48495E+12	188	0	2	196	-0.484	229530	1275244.29
1.48495E+12	189	0	2	196	-0.484	229530	1275244.29
1.48495E+12	190	0	2	196	-0.484	232773.24	1275244.29
1.48495E+12	191	0	2	196	-0.484	232773.24	1374145.38
1.48495E+12	192	0	2	196	-0.484	236105.34	1275244.29
1.48495E+12	193	0	2	196	-0.484	232773.24	1374145.38
1.48495E+12	194	0	2	196	-0.484	229530	1489530
1.48495E+12	195	0	2	196	-0.484	236105.34	1374145.38
1.48495E+12	196	0	2	196	-0.484	232773.24	1374145.38
1.48495E+12	197	0	2	196	-0.484	232773.24	1275244.29
1.48495E+12	198	0	2	196	-0.484	232773.24	1374145.38
1.48495E+12	199	0	2	196	-0.484	229530	1275244.29
1.48495E+12	200	0	2	196	-0.968	232773.24	1374145.38
1.48495E+12	201	0	2	196	-0.484	229530	1275244.29
1.48495E+12	202	0	2	196	-0.484	236105.34	1374145.38
1.48495E+12	203	0	2	196	-0.968	229530	1275244.29
1.48495E+12	204	0	2	196	-0.484	229530	1374145.38
1.48495E+12	205	0	2	196	-0.484	229530	1489530
1.48495E+12	206	0	2	196	-0.484	229530	1374145.38
1.48495E+12	207	0	2	196	-0.484	232773.24	1275244.29
1.48495E+12	208	0	2	196	-0.968	232773.24	1275244.29
1.48495E+12	209	0	2	196	-0.484	232773.24	1374145.38
1.48495E+12	210	0	2	196	-0.484	232773.24	1275244.29
1.48495E+12	211	0	2	196	-0.484	229530	1275244.29
1.48495E+12	212	0	2	196	-0.484	232773.24	1489530
1.48495E+12	213	0	2	196	-0.484	232773.24	1275244.29
1.48495E+12	214	0	2	196	-0.484	232773.24	1275244.29
1.48495E+12	215	0	2	196	-0.484	229530	1489530
1.48495E+12	216	0	2	196	-0.484	232773.24	1275244.29
1.48495E+12	217	0	2	196	-0.484	232773.24	1374145.38
1.48495E+12	218	0	2	196	-0.484	229530	1374145.38
1.48495E+12	219	0	2	196	-0.484	236105.34	1489530
1.48495E+12	220	0	2	196	-0.484	229530	1374145.38
1.48495E+12	221	0	2	196	-0.484	229530	1275244.29
1.48495E+12	222	0	2	196	-0.968	236105.34	1374145.38
1.48495E+12	223	1	2	196	-0.484	232773.24	1275244.29
1.48495E+12	224	1	1	196	-0.484	229530	1374145.38
1.48495E+12	225	1	1	196	-0.484	229530	1275244.29
1.48495E+12	226	1	1	196	-0.484	232773.24	1374145.38
1.48495E+12	227	1	1	196	-0.484	232773.24	1275244.29
1.48495E+12	228	1	1	196	-0.484	229530	1275244.29
1.48495E+12	229	1	1	196	-0.484	229530	1374145.38
1.48495E+12	230	1	1	196	-0.484	229530	1275244.29
1.48495E+12	231	1	1	196	-0.484	232773.24	1374145.38
1.48495E+12	232	1	1	196	-0.484	232773.24	1275244.29
1.48495E+12	233	1	1	196	-0.484	239530	1275244.29
1.48495E+12	234	1	1	196	-0.968	239530	1374145.38
1.48495E+12	235	1	1	196	-0.484	239530	1275244.29
1.48495E+12	236	1	1	196	-0.968	232773.24	1275244.29
1.48495E+12	237	1	1	196	-0.968	232773.24	1275244.29
1.48495E+12	238	1	1	196	-0.968	232773.24	1275244.29
1.48495E+12	239	1	1	196	-0.968	232773.24	1189530
1.48495E+12	240	1	1	196	-0.968	229530	1374145.38
1.48495E+12	241	1	1	196	-0.968	236105.34	1275244.29
1.48495E+12	242	1	1	196	-0.484	226372.11	1275244.29
1.48495E+12	243	1	1	196	-0.484	229530	1374145.38
1.48495E+12	244	1	1	196	-0.484	229530	1275244.29
1.48495E+12	245	1	1	196	3.386	236105.34	1374145.38
1.48495E+12	246	1	1	196	8.708	236105.34	1275244.29
1.48495E+12	247	1	1	196	8.224	232773.24	1275244.29
1.48495E+12	248	1	1	196	6.773	232773.24	1275244.29
1.48495E+12	249	1	1	196	3.87	232773.24	1275244.29
1.48495E+12	250	1	1	196	1.935	232773.24	1189530
1.48495E+12	251	1	1	196	-0.484	229530	1275244.29
1.48495E+12	252	1	1	196	-0.484	229530	1189530
1.48495E+12	253	1	1	196	-0.968	232773.24	1275244.29
1.48495E+12	254	1	1	196	-0.968	239530	1189530
1.48495E+12	255	1	1	196	-0.968	232773.24	1275244.29
1.48495E+12	256	1	1	196	-0.968	236105.34	1374145.38
1.48495E+12	257	1	1	196	-0.484	232773.24	1275244.29
1.48495E+12	258	1	1	196	-0.968	229530	1374145.38
1.48495E+12	259	1	1	196	-0.968	232773.24	1374145.38
1.48495E+12	260	1	1	196	-0.968	232773.24	1374145.38
1.48495E+12	261	1	1	196	-0.968	232773.24	1374145.38
1.48495E+12	262	1	1	196	-0.968	229530	1275244.29
1.48495E+12	263	1	1	196	-0.968	226372.11	1374145.38
1.48495E+12	264	1	1	196	-0.968	229530	1275244.29
1.48495E+12	265	1	1	196	-0.484	226372.11	1275244.29
1.48495E+12	266	1	1	196	-0.968	229530	1374145.38
1.48495E+12	267	1	1	196	-0.484	229530	1275244.29
1.48495E+12	268	1	1	196	-0.968	229530	1189530
1.48495E+12	269	1	1	196	-0.484	226372.11	1189530
1.48495E+12	270	1	1	196	-0.968	226372.11	1275244.29
1.48495E+12	271	1	1	196	-0.968	226372.11	1275244.29
1.48495E+12	272	1	1	196	-0.968	226372.11	1275244.29
1.48495E+12	273	1	1	196	-0.968	226372.11	1275244.29
1.48495E+12	274	1	1	196	-0.484	229530	1189530
1.48495E+12	275	1	1	196	-0.968	226372.11	1275244.29
1.48495E+12	276	1	1	196	-0.968	229530	1189530
1.48495E+12	277	1	1	196	-0.484	226372.11	1275244.29
1.48495E+12	278	1	1	196	-0.968	229530	1275244.29
1.48495E+12	279	1	1	196	-0.968	226372.11	1275244.29
1.48495E+12	280	1	1	196	-0.968	226372.11	1275244.29
1.48495E+12	281	1	1	196	-0.484	223296.23	1189530
1.48495E+12	282	1	1	196	-0.968	226372.11	1275244.29
1.48495E+12	283	1	1	196	-0.968	226372.11	1275244.29
1.48495E+12	284	1	1	196	-0.968	226372.11	1275244.29
1.48495E+12	285	1	1	196	-0.968	226372.11	1275244.29
1.48495E+12	286	1	1	196	-0.968	229530	1275244.29
1.48495E+12	287	1	1	196	-0.968	229530	1374145.38
1.48495E+12	288	1	1	196	-0.968	223296.23	1275244.29
1.48495E+12	289	1	1	196	-0.968	229530	1275244.29
1.48495E+12	290	1	1	196	-0.484	226372.11	1275244.29
1.48495E+12	291	1	1	196	-0.968	226372.11	1189530
1.48495E+12	292	1	1	196	-0.484	226372.11	1275244.29
1.48495E+12	293	1	1	196	-0.968	223296.23	1275244.29
1.48495E+12	294	1	1	196	-0.968	226372.11	1275244.29
1.48495E+12	295	1	1	196	-0.484	226372.11	1275244.29
1.48495E+12	296	1	1	196	-0.968	226372.11	1189530
1.48495E+12	297	1	1	196	-0.484	223296.23	1189530
1.48495E+12	298	1	1	196	-0.968	223296.23	1374145.38
1.48495E+12	299	1	1	196	-0.968	226372.11	1275244.29
1.48495E+12	300	1	1	196	-0.968	223296.23	1189530
1.48495E+12	301	1	1	196	-0.968	226372.11	1275244.29
1.48495E+12	302	1	1	196	-0.968	226372.11	1275244.29
1.48495E+12	303	1	1	196	-0.968	223296.23	1374145.38
1.48495E+12	304	1	1	196	-0.484	223296.23	1275244.29
1.48495E+12	305	1	1	196	-0.968	226372.11	1189530
1.48495E+12	306	1	1	196	-0.968	226372.11	1275244.29
1.48495E+12	307	1	1	196	-0.968	226372.11	1275244.29
1.48495E+12	308	1	1	196	-0.968	223296.23	1189530
1.48495E+12	309	1	1	196	-0.968	223296.23	1189530
1.48495E+12	310	1	1	196	-0.968	220299.23	1275244.29
1.48495E+12	311	1	1	196	-0.484	223296.23	1275244.29
1.48495E+12	312	1	1	196	-0.968	220299.23	1189530
1.48495E+12	313	1	1	196	-0.968	220299.23	1114530
1.48495E+12	314	1	1	196	-0.968	220299.23	1189530
1.48495E+12	315	1	1	196	-0.968	223296.23	1114530
1.48495E+12	316	1	1	196	-0.968	217378.1	1189530
1.48495E+12	317	1	1	196	-0.484	217378.1	1114530
1.48495E+12	318	1	1	196	-0.968	211752.22	1048353.53
1.48495E+12	319	1	1	196	-0.968	201294.71	889530
1.48495E+12	320	1	1	196	-0.968	196426.55	552030
1.48495E+12	321	1	1	196	-0.968	183078.39	1374145.38
1.48495E+12	322	1	1	196	-0.484	144702.41	681837.69
1.48495E+12	323	1	1	196	-0.968	99286.1	50340.81
1.48495E+12	324	1	1	196	-0.484	53815.71	26567.04
1.48495E+12	325	1	1	196	13.546	41254.14	21615.56
1.48495E+12	326	1	1	196	44.991	32489.43	18330
1.48495E+12	327	1	1	196	48.377	27827.87	15244.29
1.48495E+12	328	1	1	196	55.633	24078.94	10291.25
1.48495E+12	329	1	1	196	79.338	16355.63	8477.37
1.48495E+12	330	1	1	196	87.079	13953.34	9052.78
1.48495E+12	331	1	1	196	94.819	11374.66	7494.07
1.48495E+12	332	1	1	196	124.329	10484.6	5760.84
1.48495E+12	333	1	1	196	133.037	10077.95	5114.42
1.48495E+12	334	1	1	196	106.429	9754.72	10077.95
1.48495E+12	335	1	1	196	121.426	9331.98	6527.17
1.48495E+12	336	1	1	196	137.874	9223.65	12286.01
1.48495E+12	337	1	1	196	136.423	9202.13	16039.57
1.48495E+12	338	1	1	196	121.91	9288.51	6227.59
1.48495E+12	339	1	1	196	111.267	9419.5	7693.47
1.48495E+12	340	1	1	196	110.299	9397.55	7711.82
1.48495E+12	341	1	1	196	114.17	9419.5	6074.12
1.48495E+12	342	1	1	196	124.329	9507.8	4836.12
1.48495E+12	343	1	1	196	123.845	9619.29	6119.86
1.48495E+12	344	1	1	196	118.524	9686.77	4393.75
1.48495E+12	345	1	1	196	108.364	9800.27	4247.91
1.48495E+12	346	1	1	196	106.429	10124.97	4505.04
1.48495E+12	347	1	1	196	106.429	10195.9	4022.75
1.48495E+12	348	1	1	196	108.364	10267.33	3953.08
1.48495E+12	349	1	1	196	109.332	10411.67	3827.06
1.48495E+12	350	1	1	196	109.816	10533.5	3748.01
1.48495E+12	351	1	1	196	108.364	10756.42	3714.4
1.48495E+12	352	1	1	196	104.978	11009.71	3725.58
1.48495E+12	353	1	1	196	104.01	11112.73	3714.4
1.48495E+12	354	1	1	196	103.043	11269.13	3725.58
1.48495E+12	355	1	2	196	104.01	11348.18	3703.23
1.48495E+12	356	1	2	196	104.494	11588.82	3736.79
1.48495E+12	357	1	2	196	104.494	11724.82	4104.9
1.48495E+12	358	1	2	196	104.01	11890.25	4618.01
1.48495E+12	359	1	2	196	103.043	12030	4187.98
1.48495E+12	360	1	2	196	101.592	12200.03	4152.26
1.48495E+12	361	1	2	196	101.592	12343.69	3815.71
1.48495E+12	362	1	2	196	101.592	12343.69	3849.81
1.48495E+12	363	1	2	196	102.559	12430.76	3827.06
1.48495E+12	364	1	2	196	102.559	12577.38	4081.33
1.48495E+12	365	1	2	196	102.559	12755.81	4046.13
1.48495E+12	366	1	2	196	100.624	12967.5	3804.39
1.48495E+12	367	1	2	196	98.205	13059.41	3999.45
1.48495E+12	368	1	2	196	98.205	12967.5	16885.62
1.48495E+12	369	1	2	196	97.721	13028.69	3907
1.48495E+12	370	1	2	196	96.27	13121.09	3941.53
1.48495E+12	371	1	2	196	88.046	13371.06	4104.9
1.48495E+12	372	1	2	196	66.76	13594.17	4455.37
1.48495E+12	373	1	2	196	49.828	13723.55	4707.07
1.48495E+12	374	1	2	196	35.315	13953.34	5127.92
1.48495E+12	375	1	2	196	23.221	14704.83	6013.52
1.48495E+12	376	1	2	196	13.062	15922.96	7458.29
1.48495E+12	377	1	2	196	4.838	17743.17	9686.77
1.48495E+12	378	1	2	196	-0.968	21558.47	15317.97
1.48495E+12	379	1	2	196	-0.968	25747.3	23620.91
1.48495E+12	380	1	2	196	-0.968	32799.23	97314.43
1.48495E+12	381	1	2	196	-0.968	66125.74	139530
1.48495E+12	382	1	2	196	-0.484	81366.73	189530
1.48495E+12	383	1	2	196	-0.968	126934.58	380834.35
1.48495E+12	384	1	2	196	-0.968	137070.98	418101.43
1.48495E+12	385	1	2	196	-0.968	144702.41	518941.76
1.48495E+12	386	1	2	196	-0.484	171348.18	552030
1.48495E+12	387	1	2	196	-0.484	181019.36	610219.66
1.48495E+12	388	1	2	196	-0.968	189530	632387.14
1.48495E+12	389	1	2	196	-0.484	196426.55	632387.14
1.48495E+12	390	1	2	196	-0.968	201294.71	681837.69
1.48495E+12	391	1	2	196	-0.968	203815.71	709530
1.48495E+12	392	1	2	196	-0.484	206397.47	739530
1.48495E+12	393	1	2	196	-0.968	211752.22	772138.7
1.48495E+12	394	1	2	196	-0.968	211752.22	772138.7
1.48495E+12	395	1	2	196	-0.968	217378.1	846672.86
1.48495E+12	396	1	2	196	-0.968	220299.23	807711.82
1.48495E+12	397	1	2	196	-0.968	217378.1	889530
1.48495E+12	398	1	2	196	-0.484	223296.23	846672.86
1.48495E+12	399	1	2	196	-0.484	226372.11	889530
1.48495E+12	400	1	2	196	-0.968	232773.24	989530
1.48495E+12	401	1	2	196	-0.968	232773.24	936898.42
1.48495E+12	402	1	2	196	-0.968	236105.34	936898.42
1.48495E+12	403	1	2	196	-0.968	232773.24	989530
1.48495E+12	404	1	2	196	-0.968	236105.34	989530
1.48495E+12	405	1	2	196	-0.484	236105.34	989530
1.48495E+12	406	1	2	196	-0.484	236105.34	989530
1.48495E+12	407	1	2	196	-0.968	243051.13	1048353.53
1.48495E+12	408	1	2	196	-0.968	246672.86	989530
1.48495E+12	409	1	2	196	-0.968	254235.88	1048353.53
1.48495E+12	410	1	2	196	-0.484	250399.57	1048353.53
1.48495E+12	411	1	2	196	-0.484	250399.57	1048353.53
1.48495E+12	412	1	2	196	-0.484	254235.88	1048353.53
1.48495E+12	413	1	2	196	-0.968	254235.88	1048353.53
1.48495E+12	414	1	2	196	-0.968	254235.88	1048353.53
1.48495E+12	415	1	2	196	-0.968	254235.88	1048353.53
1.48495E+12	416	1	2	196	-0.968	254235.88	1114530
1.48495E+12	417	1	2	196	-0.484	254235.88	1114530
1.48495E+12	418	1	2	196	-0.968	254235.88	989530
1.48495E+12	419	1	2	196	-0.968	254235.88	1114530
1.48495E+12	420	1	2	196	-0.968	254235.88	1189530
1.48495E+12	421	1	2	196	-0.968	258186.72	1114530
1.48495E+12	422	1	2	196	-0.484	262257.27	1189530
1.48495E+12	423	1	2	196	-0.968	258186.72	1114530
1.48495E+12	424	1	2	196	-0.968	262257.27	1048353.53
1.48495E+12	425	1	2	196	-0.968	258186.72	1048353.53
1.48495E+12	426	1	2	196	-0.968	254235.88	1048353.53
1.48495E+12	427	1	2	196	-0.484	258186.72	1275244.29
1.48495E+12	428	1	2	196	-0.968	254235.88	1114530
1.48495E+12	429	1	2	196	-0.484	258186.72	1189530
1.48495E+12	430	1	2	196	-0.968	258186.72	1189530
1.48495E+12	431	1	2	196	-0.968	258186.72	1189530
1.48495E+12	432	1	2	196	-0.968	254235.88	1048353.53
1.48495E+12	433	1	2	196	-0.484	258186.72	1114530
1.48495E+12	434	1	2	196	-0.968	258186.72	1189530
1.48495E+12	435	1	2	196	-0.484	254235.88	1189530
1.48495E+12	436	1	2	196	-0.484	254235.88	1189530
1.48495E+12	437	1	2	196	-0.968	250399.57	1189530
1.48495E+12	438	1	2	196	-0.968	262257.27	1114530
1.48495E+12	439	1	2	196	-0.968	254235.88	1275244.29
1.48495E+12	440	1	2	196	-0.484	254235.88	1189530
1.48495E+12	441	1	2	196	-0.968	258186.72	1275244.29
1.48495E+12	442	1	2	196	-0.484	254235.88	1275244.29
1.48495E+12	443	1	2	196	-0.968	254235.88	1275244.29
1.48495E+12	444	1	2	196	-0.968	254235.88	1189530
1.48495E+12	445	1	2	196	-0.968	254235.88	1275244.29
1.48495E+12	446	1	2	196	-0.968	258186.72	1275244.29
1.48495E+12	447	1	2	196	-0.484	258186.72	1275244.29
1.48495E+12	448	1	2	196	-0.484	254235.88	1275244.29
1.48495E+12	449	1	2	196	-0.484	258186.72	1374145.38
1.48495E+12	450	1	2	196	-0.968	254235.88	1275244.29
1.48495E+12	451	1	2	196	-0.968	254235.88	1374145.38
1.48495E+12	452	1	2	196	-0.484	250399.57	1275244.29
1.48495E+12	453	1	2	196	-0.968	250399.57	1275244.29
1.48495E+12	454	1	2	196	-0.484	250399.57	1374145.38
1.48495E+12	455	1	2	196	-0.968	254235.88	1374145.38
1.48495E+12	456	1	2	196	-0.484	254235.88	1374145.38
1.48495E+12	457	1	2	196	-0.968	254235.88	1374145.38
1.48495E+12	458	1	2	196	-0.968	250399.57	1374145.38
1.48495E+12	459	1	2	196	-0.968	254235.88	1374145.38
1.48495E+12	460	1	2	196	-0.484	254235.88	1275244.29
1.48495E+12	461	1	2	196	-0.968	254235.88	1374145.38
1.48495E+12	462	1	2	196	-0.968	254235.88	1374145.38
1.48495E+12	463	1	2	196	-0.484	254235.88	1489530
1.48495E+12	464	1	2	196	-0.484	250399.57	1374145.38
1.48495E+12	465	1	2	196	-0.968	246672.86	1374145.38
1.48495E+12	466	1	2	196	-0.484	246672.86	1275244.29
1.48495E+12	467	1	2	196	-0.484	250399.57	1374145.38
1.48495E+12	468	1	2	196	-0.968	250399.57	1374145.38
1.48495E+12	469	1	2	196	-0.484	246672.86	1275244.29
1.48495E+12	470	1	2	196	-0.968	250399.57	1374145.38
1.48495E+12	471	1	2	196	-0.968	250399.57	1275244.29
1.48495E+12	472	1	2	196	-0.484	254235.88	1275244.29
1.48495E+12	473	1	2	196	-0.968	254235.88	1374145.38
1.48495E+12	474	1	2	196	-0.484	246672.86	1374145.38
1.48495E+12	475	1	2	196	-0.484	243051.13	1374145.38
1.48495E+12	476	1	2	196	-0.484	254235.88	1489530
1.48495E+12	477	1	2	196	-0.968	246672.86	1489530
1.48495E+12	478	1	2	196	-0.968	243051.13	1374145.38
1.48495E+12	479	1	2	196	-0.968	243051.13	1374145.38
1.48495E+12	480	1	2	196	-0.968	246672.86	1374145.38
1.48495E+12	481	1	2	196	-0.484	243051.13	1374145.38
1.48495E+12	482	1	2	196	-0.484	250399.57	1374145.38
1.48495E+12	483	1	2	196	-0.484	246672.86	1374145.38
1.48495E+12	484	1	2	196	-0.484	243051.13	1374145.38
1.48495E+12	485	1	2	196	-0.484	246672.86	1489530
1.48495E+12	486	2	2	196	-0.484	243051.13	1374145.38
1.48495E+12	487	2	1	196	-0.484	250399.57	1374145.38
1.48495E+12	488	2	1	196	-0.968	239530	1374145.38
1.48495E+12	489	2	1	196	-0.968	246672.86	1374145.38
1.48495E+12	490	2	1	196	-0.484	243051.13	1374145.38
1.48495E+12	491	2	1	196	-0.484	243051.13	1489530
1.48495E+12	492	2	1	196	-0.484	246672.86	1374145.38
1.48495E+12	493	2	1	196	-0.484	243051.13	1374145.38
1.48495E+12	494	2	1	196	-0.484	243051.13	1374145.38
1.48495E+12	495	2	1	196	-0.484	243051.13	1374145.38
1.48495E+12	496	2	1	196	-0.484	243051.13	1374145.38
1.48495E+12	497	2	1	196	-0.484	243051.13	1374145.38
1.48495E+12	498	2	1	196	-0.968	239530	1275244.29
1.48495E+12	499	2	1	196	-0.968	239530	1275244.29
1.48495E+12	500	2	1	196	-0.968	239530	1374145.38
1.48495E+12	501	2	1	196	-0.484	239530	1275244.29
1.48495E+12	502	2	1	196	-0.968	236105.34	1275244.29
1.48495E+12	503	2	1	196	-0.968	239530	1275244.29
1.48495E+12	504	2	1	196	-0.484	239530	1275244.29
1.48495E+12	505	2	1	196	0	239530	1275244.29
1.48495E+12	506	2	1	196	-0.484	239530	1275244.29
1.48495E+12	507	2	1	196	-0.484	246672.86	1374145.38
1.48495E+12	508	2	1	196	1.935	239530	1275244.29
1.48495E+12	509	2	1	196	5.321	239530	1275244.29
1.48495E+12	510	2	1	196	0	239530	1489530
1.48495E+12	511	2	1	196	0.968	239530	1189530
1.48495E+12	512	2	1	196	-0.484	236105.34	1189530
1.48495E+12	513	2	1	196	-0.968	239530	1275244.29
1.48495E+12	514	2	1	196	-0.968	243051.13	1374145.38
1.48495E+12	515	2	1	196	-0.484	243051.13	1374145.38
1.48495E+12	516	2	1	196	-0.968	243051.13	1374145.38
1.48495E+12	517	2	1	196	-0.968	243051.13	1275244.29
1.48495E+12	518	2	1	196	-0.968	239530	1374145.38
1.48495E+12	519	2	1	196	-0.968	239530	1489530
1.48495E+12	520	2	1	196	-0.968	239530	1275244.29
1.48495E+12	521	2	1	196	-0.968	239530	1489530
1.48495E+12	522	2	1	196	-0.968	239530	1489530
1.48495E+12	523	2	1	196	-0.968	232773.24	1275244.29
1.48495E+12	524	2	1	196	-0.968	239530	1374145.38
1.48495E+12	525	2	1	196	-0.968	236105.34	1489530
1.48495E+12	526	2	1	196	-0.484	239530	1489530
1.48495E+12	527	2	1	196	-0.968	236105.34	1374145.38
1.48495E+12	528	2	1	196	-0.968	236105.34	1374145.38
1.48495E+12	529	2	1	196	-0.484	236105.34	1374145.38
1.48495E+12	530	2	1	196	-0.968	236105.34	1374145.38
1.48495E+12	531	2	1	196	-0.968	236105.34	1275244.29
1.48495E+12	532	2	1	196	-0.968	232773.24	1275244.29
1.48495E+12	533	2	1	196	-0.968	239530	1275244.29
1.48495E+12	534	2	1	196	-0.968	232773.24	1374145.38
1.48495E+12	535	2	1	196	-0.968	236105.34	1489530
1.48495E+12	536	2	1	196	-0.968	232773.24	1625893.64
1.48495E+12	537	2	1	196	-0.484	239530	1275244.29
1.48495E+12	538	2	1	196	-0.968	232773.24	1275244.29
1.48495E+12	539	2	1	196	-0.968	232773.24	1275244.29
1.48495E+12	540	2	1	196	-0.484	236105.34	1489530
1.48495E+12	541	2	1	196	-0.484	232773.24	1275244.29
1.48495E+12	542	2	1	196	-0.968	236105.34	1374145.38
1.48495E+12	543	2	1	196	-0.484	229530	1275244.29
1.48495E+12	544	2	1	196	-0.968	236105.34	1374145.38
1.48495E+12	545	2	1	196	-0.968	232773.24	1489530
1.48495E+12	546	2	1	196	-0.968	236105.34	1275244.29
1.48495E+12	547	2	1	196	-0.484	229530	1275244.29
1.48495E+12	548	2	1	196	-0.968	232773.24	1374145.38
1.48495E+12	549	2	1	196	-0.484	236105.34	1275244.29
1.48495E+12	550	2	1	196	-0.484	229530	1374145.38
1.48495E+12	551	2	1	196	-0.968	229530	1275244.29
1.48495E+12	552	2	1	196	-0.968	229530	1275244.29
1.48495E+12	553	2	1	196	-0.968	232773.24	1374145.38
1.48495E+12	554	2	1	196	-0.968	236105.34	1374145.38
1.48495E+12	555	2	1	196	-0.484	232773.24	1275244.29
1.48495E+12	556	2	1	196	-0.968	229530	1374145.38
1.48495E+12	557	2	1	196	-0.968	229530	1275244.29
1.48495E+12	558	2	1	196	-0.968	232773.24	1374145.38
1.48495E+12	559	2	1	196	-0.968	232773.24	1275244.29
1.48495E+12	560	2	1	196	-0.484	229530	1374145.38
1.48495E+12	561	2	1	196	-0.484	232773.24	1275244.29
1.48495E+12	562	2	1	196	-0.484	232773.24	1275244.29
1.48495E+12	563	2	1	196	-0.484	229530	1275244.29
1.48495E+12	564	2	1	196	-0.968	232773.24	1275244.29
1.48495E+12	565	2	1	196	-0.968	229530	1374145.38
1.48495E+12	566	2	1	196	-0.968	229530	1275244.29
1.48495E+12	567	2	1	196	-0.484	226372.11	1189530
1.48495E+12	568	2	1	196	-0.968	232773.24	1275244.29
1.48495E+12	569	2	1	196	-0.484	229530	1374145.38
1.48495E+12	570	2	1	196	-0.968	229530	1275244.29
1.48495E+12	571	2	1	196	-0.968	226372.11	1275244.29
1.48495E+12	572	2	1	196	-0.968	226372.11	1275244.29
1.48495E+12	573	2	1	196	-0.484	226372.11	1275244.29
1.48495E+12	574	2	1	196	-0.484	223296.23	1275244.29
1.48495E+12	575	2	1	196	-0.968	220299.23	1275244.29
1.48495E+12	576	2	1	196	-0.968	214530	1275244.29
1.48495E+12	577	2	1	196	-0.968	214530	1189530
1.48495E+12	578	2	1	196	-0.968	206397.47	1114530
1.48495E+12	579	2	1	196	-0.484	189530	989530
1.48495E+12	580	2	1	196	-0.968	203815.71	889530
1.48495E+12	581	2	1	196	-0.968	206397.47	1275244.29
1.48495E+12	582	2	1	196	-0.968	167747.82	254235.88
1.48495E+12	583	2	1	196	-0.968	92978.28	40666.36
1.48495E+12	584	2	1	196	-0.484	50340.81	24481.46
1.48495E+12	585	2	1	196	42.088	38310.49	20671.87
1.48495E+12	586	2	1	196	27.575	30532.28	17307.78
1.48495E+12	587	2	1	196	47.409	25967.25	14391.88
1.48495E+12	588	2	1	196	62.406	22197.88	10148.56
1.48495E+12	589	2	1	196	82.725	13626.39	7005.73
1.48495E+12	590	2	1	196	98.689	12030	5587.09
1.48495E+12	591	2	1	196	128.683	10124.97	5155
1.48495E+12	592	2	1	196	134.972	9641.73	4849.15
1.48495E+12	593	2	1	196	116.105	9463.55	5182.17
1.48495E+12	594	2	1	196	115.137	9202.13	4605.38
1.48495E+12	595	2	1	196	131.102	9010.52	4430.66
1.48495E+12	596	2	1	196	132.553	8926.55	4406.03
1.48495E+12	597	2	1	196	125.296	9116.51	4492.59
1.48495E+12	598	2	1	196	112.718	9266.84	4668.77
1.48495E+12	599	2	1	196	109.816	9353.79	4771.32
1.48495E+12	600	2	1	196	111.751	9375.64	4480.17
1.48495E+12	601	2	1	196	115.621	9463.55	4369.24
1.48495E+12	602	2	1	196	119.975	9641.73	4104.9
1.48495E+12	603	2	1	196	115.621	9800.27	4081.33
1.48495E+12	604	2	1	196	107.881	9961.33	4093.11
1.48495E+12	605	2	1	196	103.527	10195.9	4057.85
1.48495E+12	606	2	1	196	104.978	10363.33	3930
1.48495E+12	607	2	1	196	107.397	10533.5	3827.06
1.48495E+12	608	2	1	196	108.364	10607.28	3759.25
1.48495E+12	609	2	1	196	108.848	10731.41	3759.25
1.48495E+12	610	2	1	196	106.913	10984.11	3725.58
1.48495E+12	611	2	1	196	104.494	11164.62	3725.58
1.48495E+12	612	2	1	196	103.043	11295.42	3759.25
1.48495E+12	613	2	1	196	103.043	11295.42	3703.23
1.48495E+12	614	2	1	196	104.494	11374.66	3680.94
1.48495E+12	615	2	1	196	104.978	11508.02	3725.58
1.48495E+12	616	2	1	196	104.978	11615.89	3999.45
1.48495E+12	617	2	2	196	103.527	11752.22	3941.53
1.48495E+12	618	2	2	196	101.592	11834.83	3872.63
1.48495E+12	619	2	2	196	101.108	11918.06	3748.01
1.48495E+12	620	2	2	196	101.592	11945.94	3692.08
1.48495E+12	621	2	2	196	102.075	12058.16	3647.65
1.48495E+12	622	2	2	196	102.559	12171.51	3636.58
1.48495E+12	623	2	2	196	102.559	12314.81	3680.94
1.48495E+12	624	2	2	196	101.108	12518.51	3781.78
1.48495E+12	625	2	2	196	99.657	12696.02	3669.83
1.48495E+12	626	2	2	196	98.689	12785.81	3703.23
1.48495E+12	627	2	2	196	98.205	12846.06	3636.58
1.48495E+12	628	2	2	196	99.173	12876.3	3603.49
1.48495E+12	629	2	2	196	98.689	13028.69	3680.94
1.48495E+12	630	2	2	196	98.205	13276.7	3703.23
1.48495E+12	631	2	2	196	96.754	13402.68	4940.96
1.48495E+12	632	2	2	196	94.819	13371.06	4784.24
1.48495E+12	633	2	2	196	89.981	13339.52	4152.26
1.48495E+12	634	2	2	196	82.241	13402.68	4199.93
1.48495E+12	635	2	2	196	59.504	13788.76	4542.51
1.48495E+12	636	2	2	196	42.572	14086.62	4927.78
1.48495E+12	637	2	2	196	29.026	14391.88	5804.86
1.48495E+12	638	2	2	196	15.481	15171.03	7351.78
1.48495E+12	639	2	2	196	6.773	16435.83	8822.6
1.48495E+12	640	2	2	196	-0.484	19782.1	13339.52
1.48495E+12	641	2	2	196	-0.484	23620.91	19232.97
1.48495E+12	642	2	2	196	-0.968	29530	30909.31
1.48495E+12	643	2	2	196	-0.484	60396.14	123858.36
1.48495E+12	644	2	2	196	-0.968	74838.06	167747.82
1.48495E+12	645	2	2	196	-0.968	116290.56	322863.33
1.48495E+12	646	2	2	196	-0.484	131262.28	389530
1.48495E+12	647	2	2	196	-0.968	143376.15	463214.21
1.48495E+12	648	2	2	196	-0.968	167747.82	552030
1.48495E+12	649	2	2	196	-0.484	175097.01	610219.66
1.48495E+12	650	2	2	196	-0.484	183078.39	632387.14
1.48495E+12	651	2	2	196	-0.484	187332.2	632387.14
1.48495E+12	652	2	2	196	-0.968	189530	681837.69
1.48495E+12	653	2	2	196	-0.968	196426.55	709530
1.48495E+12	654	2	2	196	-0.968	198832.33	709530
1.48495E+12	655	2	2	196	-0.968	198832.33	709530
1.48495E+12	656	2	2	196	-0.484	209042.2	772138.7
1.48495E+12	657	2	2	196	-0.968	206397.47	772138.7
1.48495E+12	658	2	2	196	-0.968	209042.2	807711.82
1.48495E+12	659	2	2	196	-0.968	217378.1	807711.82
1.48495E+12	660	2	2	196	-0.968	220299.23	846672.86
1.48495E+12	661	2	2	196	-0.968	220299.23	846672.86
1.48495E+12	662	2	2	196	-0.968	226372.11	889530
1.48495E+12	663	2	2	196	-0.968	223296.23	936898.42
1.48495E+12	664	2	2	196	-0.968	226372.11	889530
1.48495E+12	665	2	2	196	-0.968	226372.11	889530
1.48495E+12	666	2	2	196	-0.968	226372.11	1048353.53
1.48495E+12	667	2	2	196	-0.484	229530	936898.42
1.48495E+12	668	2	2	196	-0.968	229530	989530
1.48495E+12	669	2	2	196	-0.484	239530	989530
1.48495E+12	670	2	2	196	-0.484	239530	989530
1.48495E+12	671	2	2	196	-0.968	239530	989530
1.48495E+12	672	2	2	196	-0.968	246672.86	989530
1.48495E+12	673	2	2	196	-0.484	243051.13	936898.42
1.48495E+12	674	2	2	196	-0.968	250399.57	989530
1.48495E+12	675	2	2	196	-0.968	250399.57	989530
1.48495E+12	676	2	2	196	-0.968	250399.57	1048353.53
1.48495E+12	677	2	2	196	-0.968	250399.57	989530
1.48495E+12	678	2	2	196	-0.968	254235.88	989530
1.48495E+12	679	2	2	196	-0.968	250399.57	989530
1.48495E+12	680	2	2	196	-0.484	254235.88	989530
1.48495E+12	681	2	2	196	-0.484	250399.57	1048353.53
1.48495E+12	682	2	2	196	-0.968	250399.57	989530
1.48495E+12	683	2	2	196	-0.968	254235.88	1048353.53
1.48495E+12	684	2	2	196	-0.968	254235.88	1048353.53
1.48495E+12	685	2	2	196	-0.484	254235.88	1048353.53
1.48495E+12	686	2	2	196	-0.968	250399.57	1114530
1.48495E+12	687	2	2	196	-0.968	250399.57	1048353.53
1.48495E+12	688	2	2	196	-0.968	250399.57	1048353.53
1.48495E+12	689	2	2	196	-0.968	258186.72	989530
1.48495E+12	690	2	2	196	-0.968	254235.88	1048353.53
1.48495E+12	691	2	2	196	-0.484	258186.72	1048353.53
1.48495E+12	692	2	2	196	-0.968	250399.57	1114530
1.48495E+12	693	2	2	196	-0.968	254235.88	1048353.53
1.48495E+12	694	2	2	196	-0.968	250399.57	1189530
1.48495E+12	695	2	2	196	-0.484	254235.88	1275244.29
1.48495E+12	696	2	2	196	-0.968	254235.88	1189530
1.48495E+12	697	2	2	196	-0.484	254235.88	1114530
1.48495E+12	698	2	2	196	-0.968	254235.88	1048353.53
1.48495E+12	699	2	2	196	-0.968	254235.88	1114530
1.48495E+12	700	2	2	196	-0.968	250399.57	1114530
1.48495E+12	701	2	2	196	-0.968	254235.88	1275244.29
1.48495E+12	702	2	2	196	-0.484	246672.86	1189530
1.48495E+12	703	2	2	196	-0.968	250399.57	1275244.29
1.48495E+12	704	2	2	196	-0.968	250399.57	1114530
1.48495E+12	705	2	2	196	-0.484	254235.88	1114530
1.48495E+12	706	2	2	196	-0.968	254235.88	1114530
1.48495E+12	707	2	2	196	-0.968	254235.88	1189530
1.48495E+12	708	2	2	196	-0.484	254235.88	1114530
1.48495E+12	709	2	2	196	-0.484	254235.88	1189530
1.48495E+12	710	2	2	196	-0.968	250399.57	1275244.29
1.48495E+12	711	2	2	196	-0.968	254235.88	1189530
1.48495E+12	712	2	2	196	-0.484	246672.86	1189530
1.48495E+12	713	2	2	196	-0.968	250399.57	1275244.29
1.48495E+12	714	2	2	196	-0.484	254235.88	1189530
1.48495E+12	715	2	2	196	-0.968	250399.57	1275244.29
1.48495E+12	716	2	2	196	-0.484	250399.57	1374145.38
1.48495E+12	717	2	2	196	-0.968	250399.57	1275244.29
1.48495E+12	718	2	2	196	-0.968	250399.57	1275244.29
1.48495E+12	719	2	2	196	-0.484	250399.57	1275244.29
1.48495E+12	720	2	2	196	-0.484	254235.88	1374145.38
1.48495E+12	721	2	2	196	-0.484	254235.88	1374145.38
1.48495E+12	722	2	2	196	-0.968	254235.88	1374145.38
1.48495E+12	723	2	2	196	-0.484	250399.57	1489530
1.48495E+12	724	2	2	196	-0.968	254235.88	1374145.38
1.48495E+12	725	2	2	196	-0.968	254235.88	1374145.38
1.48495E+12	726	2	2	196	-0.484	254235.88	1489530
1.48495E+12	727	2	2	196	-0.968	254235.88	1374145.38
1.48495E+12	728	2	2	196	-0.968	254235.88	1489530
1.48495E+12	729	2	2	196	-0.968	254235.88	1374145.38
1.48495E+12	730	2	2	196	-0.484	258186.72	1374145.38
1.48495E+12	731	2	2	196	-0.968	254235.88	1374145.38
1.48495E+12	732	2	2	196	-0.484	250399.57	1374145.38
1.48495E+12	733	2	2	196	-0.484	254235.88	1275244.29
1.48495E+12	734	2	2	196	-0.484	254235.88	1275244.29
1.48495E+12	735	2	2	196	-0.968	254235.88	1275244.29
1.48495E+12	736	2	2	196	-0.968	250399.57	1275244.29
1.48495E+12	737	2	2	196	-0.484	250399.57	1189530
1.48495E+12	738	2	2	196	-0.484	254235.88	1374145.38
1.48495E+12	739	2	2	196	-0.484	254235.88	1374145.38
1.48495E+12	740	2	2	196	-0.968	254235.88	1374145.38
1.48495E+12	741	2	2	196	-0.968	258186.72	1275244.29
1.48495E+12	742	2	2	196	-0.484	250399.57	1489530
1.48495E+12	743	2	2	196	-0.968	254235.88	1374145.38
1.48495E+12	744	2	2	196	-0.968	250399.57	1275244.29
1.48495E+12	745	2	2	196	-0.484	246672.86	1374145.38
1.48495E+12	746	2	2	196	-0.484	250399.57	1374145.38
1.48495E+12	747	2	2	196	-0.484	250399.57	1489530
1.48495E+12	748	2	2	196	-0.484	250399.57	1374145.38
1.48495E+12	749	2	2	196	-0.484	258186.72	1374145.38
1.48495E+12	750	2	2	196	-0.484	250399.57	1489530
1.48495E+12	751	2	2	196	-0.484	250399.57	1374145.38
1.48495E+12	752	2	2	196	-0.484	246672.86	1374145.38
1.48495E+12	753	2	2	196	-0.968	243051.13	1374145.38
1.48495E+12	754	2	2	196	-0.484	250399.57	1275244.29
1.48495E+12	755	3	2	196	-0.484	243051.13	1489530
