Serial_number: -1717986918 
Time Data_Count Cycle State Desired_force_(psi) Measured_force_(psi) Toe_sensor Heel_Sensor
1484940670539 0 0 0 196.000 0.000 43261.34 35448.37
1484940670576 1 0 1 196.000 0.000 43261.34 35565.81
1484940670582 2 0 1 196.000 0.000 43261.34 35215.28
1484940670591 3 0 1 196.000 0.000 43101.43 35331.53
1484940670598 4 0 1 196.000 0.000 43101.43 35565.81
1484940670609 5 0 1 196.000 0.000 42942.46 35565.81
1484940670616 6 0 1 196.000 0.000 43101.43 35448.37
1484940670627 7 0 1 196.000 -0.484 43101.43 35331.53
1484940670636 8 0 1 196.000 0.000 43101.43 35215.28
1484940670644 9 0 1 196.000 -0.484 43261.34 35565.81
1484940670648 10 0 1 196.000 -0.968 42942.46 35448.37
1484940670652 11 0 1 196.000 -0.484 44075.45 41703.91
1484940670656 12 0 1 196.000 -0.484 53359.79 60118.24
1484940670660 13 0 1 196.000 -0.484 71348.18 98620.91
1484940670664 14 0 1 196.000 -0.484 91802.73 183078.39
1484940670668 15 0 1 196.000 -0.484 115404.13 284611.97
1484940670672 16 0 1 196.000 -0.484 140790.50 389530.00
1484940670676 17 0 1 196.000 -0.484 160958.57 534984.55
1484940670680 18 0 1 196.000 -0.484 169530.00 589530.00
1484940670685 19 0 1 196.000 -0.484 175097.01 681837.69
1484940670690 20 0 1 196.000 -0.968 181019.36 681837.69
1484940670694 21 0 1 196.000 -0.484 189530.00 807711.82
1484940670698 22 0 1 196.000 -0.484 198832.33 846672.86
1484940670702 23 0 1 196.000 -0.484 201294.71 989530.00
1484940670706 24 0 1 196.000 -0.484 206397.47 936898.42
1484940670710 25 0 1 196.000 -0.484 209042.20 989530.00
1484940670714 26 0 1 196.000 -0.484 214530.00 989530.00
1484940670718 27 0 1 196.000 -0.484 220299.23 1048353.53
1484940670722 28 0 1 196.000 -0.484 220299.23 1048353.53
1484940670726 29 0 1 196.000 -0.484 226372.11 989530.00
1484940670729 30 0 1 196.000 -0.484 229530.00 1048353.53
1484940670733 31 0 1 196.000 -0.484 229530.00 1114530.00
1484940670737 32 0 1 196.000 -0.484 232773.24 1048353.53
1484940670741 33 0 1 196.000 -0.484 236105.34 1114530.00
1484940670745 34 0 1 196.000 -0.484 236105.34 1048353.53
1484940670749 35 0 1 196.000 -0.968 236105.34 1114530.00
1484940670753 36 0 1 196.000 -0.968 239530.00 1048353.53
1484940670757 37 0 1 196.000 -0.968 239530.00 1048353.53
1484940670761 38 0 1 196.000 -0.968 239530.00 1114530.00
1484940670765 39 0 1 196.000 -0.968 239530.00 1189530.00
1484940670769 40 0 1 196.000 -0.484 239530.00 1048353.53
1484940670773 41 0 1 196.000 -0.968 239530.00 1275244.29
1484940670777 42 0 1 196.000 -0.484 239530.00 1189530.00
1484940670781 43 0 1 196.000 -0.484 243051.13 1275244.29
1484940670785 44 0 1 196.000 -0.484 239530.00 1114530.00
1484940670790 45 0 1 196.000 -0.484 243051.13 1275244.29
1484940670794 46 0 1 196.000 -0.484 243051.13 1275244.29
1484940670798 47 0 1 196.000 -0.484 243051.13 1275244.29
1484940670802 48 0 1 196.000 -0.968 246672.86 1275244.29
1484940670806 49 0 1 196.000 -0.484 243051.13 1374145.38
1484940670810 50 0 1 196.000 -0.484 246672.86 1275244.29
1484940670814 51 0 1 196.000 -0.968 246672.86 1275244.29
1484940670818 52 0 1 196.000 -0.484 246672.86 1374145.38
1484940670822 53 0 1 196.000 -0.484 243051.13 1374145.38
1484940670826 54 0 1 196.000 -0.484 239530.00 1275244.29
1484940670830 55 0 1 196.000 -0.484 246672.86 1374145.38
1484940670834 56 0 1 196.000 -0.968 250399.57 1275244.29
1484940670838 57 0 1 196.000 -0.484 239530.00 1275244.29
1484940670842 58 0 1 196.000 -0.484 246672.86 1374145.38
1484940670846 59 0 1 196.000 -0.968 246672.86 1489530.00
1484940670850 60 0 1 196.000 -0.968 243051.13 1489530.00
1484940670854 61 0 1 196.000 -0.484 243051.13 1275244.29
1484940670858 62 0 1 196.000 -0.484 250399.57 1489530.00
1484940670863 63 0 1 196.000 -0.484 250399.57 1374145.38
1484940670867 64 0 1 196.000 -0.968 246672.86 1275244.29
1484940670871 65 0 1 196.000 -0.484 250399.57 1374145.38
1484940670875 66 0 1 196.000 -0.968 246672.86 1625893.64
1484940670879 67 0 1 196.000 -0.484 250399.57 1374145.38
1484940670883 68 0 1 196.000 -0.484 246672.86 1625893.64
1484940670887 69 0 1 196.000 -0.484 243051.13 1374145.38
1484940670891 70 0 1 196.000 -0.968 243051.13 1275244.29
1484940670895 71 0 1 196.000 -0.484 246672.86 1489530.00
1484940670899 72 0 1 196.000 -0.484 246672.86 1374145.38
1484940670903 73 0 1 196.000 -0.484 239530.00 1374145.38
1484940670908 74 0 1 196.000 -0.968 246672.86 1489530.00
1484940670912 75 0 1 196.000 -0.968 246672.86 1374145.38
1484940670919 76 0 1 196.000 -0.968 250399.57 1625893.64
1484940670922 77 0 1 196.000 -0.968 250399.57 1374145.38
1484940670925 78 0 1 196.000 -0.484 250399.57 1374145.38
1484940670929 79 0 1 196.000 -0.968 254235.88 1489530.00
1484940670932 80 0 1 196.000 -0.484 250399.57 1374145.38
1484940670936 81 0 1 196.000 -0.968 246672.86 1275244.29
1484940670939 82 0 1 196.000 -0.484 243051.13 1489530.00
1484940670942 83 0 1 196.000 -0.484 254235.88 1489530.00
1484940670946 84 0 1 196.000 -0.484 250399.57 1374145.38
1484940670949 85 0 1 196.000 -0.484 246672.86 1275244.29
1484940670953 86 0 1 196.000 -0.484 243051.13 1275244.29
1484940670956 87 0 1 196.000 -0.484 254235.88 1189530.00
1484940670959 88 0 1 196.000 -0.484 254235.88 1275244.29
1484940670963 89 0 1 196.000 -0.484 254235.88 1275244.29
1484940670966 90 0 1 196.000 -0.484 254235.88 1374145.38
1484940670970 91 0 1 196.000 -0.484 254235.88 1275244.29
1484940670973 92 0 1 196.000 -0.484 262257.27 1275244.29
1484940670976 93 0 1 196.000 -0.484 254235.88 1374145.38
1484940670980 94 0 1 196.000 -0.484 254235.88 1489530.00
1484940670983 95 0 1 196.000 -0.484 254235.88 1275244.29
1484940670987 96 0 1 196.000 -0.484 250399.57 1275244.29
1484940670990 97 0 1 196.000 -0.484 246672.86 1275244.29
1484940670993 98 0 1 196.000 -0.484 250399.57 1374145.38
1484940670997 99 0 1 196.000 -0.484 246672.86 1275244.29
1484940671000 100 0 1 196.000 -0.484 243051.13 1275244.29
1484940671004 101 0 1 196.000 -0.484 254235.88 1275244.29
1484940671007 102 0 1 196.000 -0.968 246672.86 1374145.38
1484940671010 103 0 1 196.000 -0.484 246672.86 1374145.38
1484940671014 104 0 1 196.000 -0.484 250399.57 1374145.38
1484940671017 105 0 1 196.000 -0.484 246672.86 1374145.38
1484940671021 106 0 1 196.000 -0.968 250399.57 1275244.29
1484940671024 107 0 1 196.000 -0.968 243051.13 1189530.00
1484940671027 108 0 1 196.000 -0.968 250399.57 1625893.64
1484940671031 109 0 1 196.000 -0.484 239530.00 1374145.38
1484940671034 110 0 1 196.000 -0.484 243051.13 1275244.29
1484940671037 111 0 1 196.000 -0.484 243051.13 1374145.38
1484940671041 112 0 1 196.000 -0.484 250399.57 1489530.00
1484940671044 113 0 1 196.000 -0.484 246672.86 1275244.29
1484940671048 114 0 1 196.000 -0.968 250399.57 1275244.29
1484940671051 115 0 1 196.000 -0.484 250399.57 1374145.38
1484940671054 116 0 1 196.000 -0.484 250399.57 1625893.64
1484940671058 117 0 2 196.000 -0.484 246672.86 1374145.38
1484940671061 118 0 2 196.000 -0.484 250399.57 1374145.38
1484940671065 119 0 2 196.000 -0.484 246672.86 1275244.29
1484940671068 120 0 2 196.000 -0.484 246672.86 1374145.38
1484940671071 121 0 2 196.000 -0.484 239530.00 1374145.38
1484940671075 122 0 2 196.000 -0.484 243051.13 1374145.38
1484940671078 123 0 2 196.000 -0.484 246672.86 1275244.29
1484940671082 124 0 2 196.000 -0.484 250399.57 1275244.29
1484940671085 125 0 2 196.000 -0.484 250399.57 1189530.00
1484940671088 126 0 2 196.000 -0.484 250399.57 1275244.29
1484940671092 127 0 2 196.000 -0.484 250399.57 1489530.00
1484940671095 128 0 2 196.000 -0.484 254235.88 1374145.38
1484940671098 129 0 2 196.000 -0.968 246672.86 1275244.29
1484940671102 130 0 2 196.000 -0.484 250399.57 1489530.00
1484940671105 131 0 2 196.000 -0.484 246672.86 1275244.29
1484940671109 132 0 2 196.000 -0.484 246672.86 1275244.29
1484940671112 133 0 2 196.000 -0.484 254235.88 1189530.00
1484940671115 134 0 2 196.000 -0.484 250399.57 1275244.29
1484940671119 135 0 2 196.000 -0.484 250399.57 1374145.38
1484940671122 136 0 2 196.000 -0.484 246672.86 1275244.29
1484940671126 137 0 2 196.000 -0.968 246672.86 1374145.38
1484940671129 138 0 2 196.000 -0.484 250399.57 1275244.29
1484940671132 139 0 2 196.000 -0.484 246672.86 1275244.29
1484940671136 140 0 2 196.000 -0.484 246672.86 1489530.00
1484940671139 141 0 2 196.000 -0.484 254235.88 1275244.29
1484940671143 142 0 2 196.000 -0.484 250399.57 1374145.38
1484940671146 143 0 2 196.000 -0.484 250399.57 1374145.38
1484940671150 144 0 2 196.000 -0.484 258186.72 1374145.38
1484940671153 145 0 2 196.000 -0.484 250399.57 1275244.29
1484940671156 146 0 2 196.000 -0.484 254235.88 1275244.29
1484940671160 147 0 2 196.000 -0.484 250399.57 1374145.38
1484940671163 148 0 2 196.000 -0.484 254235.88 1374145.38
1484940671167 149 0 2 196.000 -0.484 254235.88 1275244.29
1484940671170 150 0 2 196.000 -0.484 250399.57 1275244.29
1484940671173 151 0 2 196.000 -0.484 250399.57 1275244.29
1484940671177 152 0 2 196.000 -0.484 246672.86 1114530.00
1484940671180 153 0 2 196.000 -0.484 254235.88 1374145.38
1484940671183 154 0 2 196.000 -0.484 250399.57 1374145.38
1484940671187 155 0 2 196.000 -0.484 250399.57 1374145.38
1484940671190 156 0 2 196.000 -0.484 254235.88 1275244.29
1484940671194 157 0 2 196.000 -0.484 246672.86 1275244.29
1484940671197 158 0 2 196.000 -0.484 250399.57 1275244.29
1484940671201 159 0 2 196.000 -0.484 246672.86 1189530.00
1484940671204 160 0 2 196.000 -0.484 246672.86 1374145.38
1484940671207 161 0 2 196.000 -0.484 254235.88 1374145.38
1484940671211 162 0 2 196.000 -0.484 250399.57 1374145.38
1484940671214 163 0 2 196.000 -0.484 239530.00 1275244.29
1484940671218 164 0 2 196.000 -0.484 243051.13 1275244.29
1484940671221 165 0 2 196.000 -0.484 246672.86 1275244.29
1484940671224 166 0 2 196.000 -0.484 250399.57 1275244.29
1484940671228 167 0 2 196.000 -0.484 246672.86 1275244.29
1484940671232 168 0 2 196.000 -0.484 246672.86 1374145.38
1484940671235 169 0 2 196.000 -0.484 246672.86 1275244.29
1484940671239 170 0 2 196.000 -0.484 243051.13 1275244.29
1484940671242 171 0 2 196.000 -0.968 246672.86 1275244.29
1484940671245 172 0 2 196.000 -0.484 246672.86 1275244.29
1484940671249 173 0 2 196.000 -0.484 243051.13 1275244.29
1484940671252 174 0 2 196.000 -0.484 246672.86 1275244.29
1484940671256 175 0 2 196.000 -0.484 246672.86 1489530.00
1484940671259 176 0 2 196.000 -0.484 246672.86 1189530.00
1484940671262 177 0 2 196.000 -0.968 243051.13 1275244.29
1484940671266 178 0 2 196.000 -0.484 254235.88 1275244.29
1484940671269 179 0 2 196.000 -0.484 250399.57 1275244.29
1484940671273 180 0 2 196.000 -0.484 250399.57 1275244.29
1484940671276 181 0 2 196.000 -0.484 250399.57 1374145.38
1484940671279 182 0 2 196.000 -0.484 246672.86 1275244.29
1484940671283 183 0 2 196.000 -0.484 246672.86 1275244.29
1484940671286 184 0 2 196.000 -0.484 243051.13 1275244.29
1484940671290 185 0 2 196.000 -0.484 246672.86 1275244.29
1484940671293 186 0 2 196.000 -0.484 254235.88 1189530.00
1484940671297 187 0 2 196.000 -0.484 246672.86 1275244.29
1484940671300 188 0 2 196.000 -0.484 246672.86 1275244.29
1484940671303 189 0 2 196.000 -0.484 243051.13 1275244.29
1484940671307 190 0 2 196.000 -0.484 246672.86 1275244.29
1484940671310 191 0 2 196.000 -0.484 250399.57 1275244.29
1484940671314 192 0 2 196.000 -0.968 246672.86 1275244.29
1484940671317 193 0 2 196.000 -0.484 243051.13 1189530.00
1484940671320 194 0 2 196.000 -0.484 239530.00 1275244.29
1484940671324 195 0 2 196.000 -0.484 243051.13 1275244.29
1484940671327 196 0 2 196.000 -0.484 243051.13 1189530.00
1484940671331 197 0 2 196.000 -0.484 250399.57 1275244.29
1484940671334 198 0 2 196.000 -0.484 246672.86 1275244.29
1484940671337 199 0 2 196.000 -0.484 246672.86 1189530.00
1484940671341 200 0 2 196.000 -0.484 246672.86 1275244.29
1484940671344 201 0 2 196.000 -0.484 246672.86 1275244.29
1484940671347 202 0 2 196.000 -0.484 246672.86 1189530.00
1484940671351 203 0 2 196.000 -0.968 250399.57 1275244.29
1484940671354 204 0 2 196.000 -0.968 250399.57 1275244.29
1484940671358 205 0 2 196.000 -0.484 250399.57 1275244.29
1484940671361 206 0 2 196.000 -0.484 246672.86 1189530.00
1484940671364 207 0 2 196.000 -0.484 243051.13 1275244.29
1484940671368 208 0 2 196.000 -0.484 246672.86 1275244.29
1484940671371 209 0 2 196.000 -0.484 246672.86 1189530.00
1484940671375 210 0 2 196.000 -0.968 246672.86 1189530.00
1484940671378 211 0 2 196.000 -0.484 250399.57 1275244.29
1484940671381 212 0 2 196.000 -0.484 254235.88 1189530.00
1484940671385 213 0 2 196.000 -0.484 246672.86 1189530.00
1484940671388 214 0 2 196.000 -0.484 250399.57 1189530.00
1484940671392 215 0 2 196.000 -0.484 246672.86 1189530.00
1484940671395 216 0 2 196.000 -0.484 250399.57 1275244.29
1484940671399 217 0 2 196.000 -0.484 246672.86 1189530.00
1484940671402 218 0 2 196.000 -0.484 239530.00 1275244.29
1484940671405 219 0 2 196.000 -0.484 246672.86 1114530.00
1484940671409 220 0 2 196.000 -0.484 254235.88 1189530.00
1484940671412 221 0 2 196.000 -0.484 250399.57 1189530.00
1484940671415 222 0 2 196.000 -0.484 246672.86 1275244.29
1484940671419 223 0 2 196.000 -0.484 243051.13 1114530.00
1484940671422 224 0 2 196.000 -0.484 243051.13 1189530.00
1484940671426 225 0 2 196.000 -0.484 246672.86 1114530.00
1484940671429 226 0 2 196.000 -0.484 250399.57 1189530.00
1484940671432 227 0 2 196.000 -0.484 246672.86 1189530.00
1484940671436 228 0 2 196.000 -0.484 246672.86 1048353.53
1484940671439 229 0 2 196.000 -0.484 243051.13 1275244.29
1484940671443 230 0 2 196.000 -0.484 246672.86 1189530.00
1484940671446 231 0 2 196.000 -0.484 246672.86 1189530.00
1484940671449 232 0 2 196.000 -0.484 246672.86 1114530.00
1484940671453 233 0 2 196.000 -0.484 243051.13 1189530.00
1484940671456 234 0 2 196.000 -0.484 246672.86 1189530.00
1484940671460 235 0 2 196.000 -0.484 246672.86 1189530.00
1484940671463 236 0 2 196.000 -0.484 246672.86 1275244.29
1484940671467 237 0 2 196.000 -0.484 246672.86 1189530.00
1484940671471 238 0 2 196.000 -0.484 250399.57 1114530.00
1484940671474 239 0 2 196.000 -0.484 246672.86 1114530.00
1484940671477 240 0 2 196.000 -0.484 246672.86 1189530.00
1484940671481 241 0 2 196.000 -0.484 250399.57 1189530.00
1484940671484 242 0 2 196.000 -0.484 246672.86 1189530.00
1484940671488 243 0 2 196.000 -0.484 243051.13 1189530.00
1484940671491 244 0 2 196.000 -0.968 246672.86 1114530.00
1484940671494 245 0 2 196.000 -0.484 246672.86 1114530.00
1484940671498 246 0 2 196.000 -0.484 250399.57 1048353.53
1484940671501 247 0 2 196.000 -0.484 246672.86 1114530.00
1484940671505 248 0 2 196.000 -0.484 246672.86 1114530.00
1484940671508 249 0 2 196.000 -0.484 250399.57 1114530.00
1484940671511 250 0 2 196.000 -0.484 243051.13 1189530.00
1484940671515 251 0 2 196.000 -0.484 246672.86 989530.00
1484940671518 252 0 2 196.000 -0.484 250399.57 1114530.00
1484940671522 253 0 2 196.000 -0.484 243051.13 1189530.00
1484940671525 254 0 2 196.000 -0.484 239530.00 1048353.53
1484940671528 255 0 2 196.000 -0.484 246672.86 1189530.00
1484940671532 256 0 2 196.000 -0.484 250399.57 1189530.00
1484940671535 257 0 2 196.000 -0.484 246672.86 1114530.00
1484940671539 258 0 2 196.000 -0.484 250399.57 989530.00
1484940671542 259 0 2 196.000 -0.484 250399.57 1114530.00
1484940671545 260 0 2 196.000 -0.484 246672.86 989530.00
1484940671549 261 0 2 196.000 -0.484 246672.86 1048353.53
1484940671552 262 0 2 196.000 -0.484 246672.86 1114530.00
1484940671556 263 0 2 196.000 -0.484 246672.86 1189530.00
1484940671559 264 1 2 196.000 -0.484 246672.86 1114530.00
1484940671563 265 1 1 196.000 -0.484 246672.86 1275244.29
1484940671566 266 1 1 196.000 -0.484 246672.86 1114530.00
1484940671570 267 1 1 196.000 -0.484 250399.57 1114530.00
1484940671574 268 1 1 196.000 -0.484 246672.86 1114530.00
1484940671578 269 1 1 196.000 -0.484 250399.57 1048353.53
1484940671581 270 1 1 196.000 -0.484 239530.00 1114530.00
1484940671585 271 1 1 196.000 -0.484 243051.13 1114530.00
1484940671588 272 1 1 196.000 -0.484 254235.88 989530.00
1484940671592 273 1 1 196.000 -0.484 246672.86 1114530.00
1484940671595 274 1 1 196.000 -0.484 250399.57 1114530.00
1484940671598 275 1 1 196.000 -0.484 254235.88 1189530.00
1484940671602 276 1 1 196.000 -0.484 250399.57 1114530.00
1484940671605 277 1 1 196.000 -0.484 246672.86 936898.42
1484940671608 278 1 1 196.000 -0.484 250399.57 1114530.00
1484940671612 279 1 1 196.000 -0.484 250399.57 1114530.00
1484940671615 280 1 1 196.000 -0.484 254235.88 989530.00
1484940671619 281 1 1 196.000 -0.484 254235.88 1048353.53
1484940671622 282 1 1 196.000 -0.968 254235.88 1114530.00
1484940671626 283 1 1 196.000 -0.484 254235.88 1114530.00
1484940671629 284 1 1 196.000 -0.968 254235.88 1048353.53
1484940671633 285 1 1 196.000 -0.484 250399.57 1048353.53
1484940671636 286 1 1 196.000 -0.484 254235.88 1114530.00
1484940671639 287 1 1 196.000 -0.968 254235.88 1048353.53
1484940671643 288 1 1 196.000 -0.968 250399.57 1048353.53
1484940671646 289 1 1 196.000 -0.484 246672.86 1189530.00
1484940671650 290 1 1 196.000 -0.484 250399.57 989530.00
1484940671653 291 1 1 196.000 -0.968 250399.57 989530.00
1484940671656 292 1 1 196.000 -0.968 246672.86 1048353.53
1484940671660 293 1 1 196.000 -0.484 246672.86 1048353.53
1484940671663 294 1 1 196.000 -0.484 246672.86 1114530.00
1484940671667 295 1 1 196.000 26.124 254235.88 989530.00
1484940671681 296 1 1 196.000 2.903 250399.57 989530.00
1484940671685 297 1 1 196.000 1.451 246672.86 1048353.53
1484940671688 298 1 1 196.000 -0.484 243051.13 936898.42
1484940671696 299 1 1 196.000 -0.484 246672.86 1048353.53
1484940671700 300 1 1 196.000 -0.968 254235.88 1114530.00
1484940671704 301 1 1 196.000 -0.484 250399.57 989530.00
1484940671707 302 1 1 196.000 -0.968 246672.86 1114530.00
1484940671710 303 1 1 196.000 -0.968 246672.86 1048353.53
1484940671714 304 1 1 196.000 -0.968 246672.86 1114530.00
1484940671717 305 1 1 196.000 -0.484 250399.57 1114530.00
1484940671721 306 1 1 196.000 -0.968 246672.86 1048353.53
1484940671724 307 1 1 196.000 -0.484 246672.86 989530.00
1484940671727 308 1 1 196.000 -0.484 246672.86 1114530.00
1484940671731 309 1 1 196.000 -0.484 246672.86 1048353.53
1484940671734 310 1 1 196.000 -0.484 250399.57 1048353.53
1484940671738 311 1 1 196.000 -0.968 243051.13 989530.00
1484940671741 312 1 1 196.000 -0.968 246672.86 1048353.53
1484940671745 313 1 1 196.000 -0.968 243051.13 1114530.00
1484940671748 314 1 1 196.000 -0.968 243051.13 1048353.53
1484940671751 315 1 1 196.000 -0.968 243051.13 1048353.53
1484940671755 316 1 1 196.000 -0.484 246672.86 1048353.53
1484940671758 317 1 1 196.000 -0.968 246672.86 1048353.53
1484940671762 318 1 1 196.000 -0.968 243051.13 989530.00
1484940671765 319 1 1 196.000 -0.484 246672.86 989530.00
1484940671768 320 1 1 196.000 -0.484 243051.13 989530.00
1484940671772 321 1 1 196.000 -0.484 243051.13 1048353.53
1484940671775 322 1 1 196.000 -0.484 246672.86 1048353.53
1484940671779 323 1 1 196.000 -0.484 243051.13 989530.00
1484940671782 324 1 1 196.000 -0.968 246672.86 989530.00
1484940671786 325 1 1 196.000 -0.484 243051.13 1048353.53
1484940671789 326 1 1 196.000 -0.968 239530.00 989530.00
1484940671793 327 1 1 196.000 -0.968 239530.00 1048353.53
1484940671796 328 1 1 196.000 -0.484 243051.13 1048353.53
1484940671800 329 1 1 196.000 -0.484 243051.13 1048353.53
1484940671803 330 1 1 196.000 -0.484 246672.86 989530.00
1484940671806 331 1 1 196.000 -0.484 239530.00 1048353.53
1484940671810 332 1 1 196.000 -0.484 243051.13 1114530.00
1484940671813 333 1 1 196.000 -0.484 239530.00 1048353.53
1484940671817 334 1 1 196.000 -0.484 243051.13 1048353.53
1484940671820 335 1 1 196.000 -0.968 243051.13 989530.00
1484940671823 336 1 1 196.000 -0.484 239530.00 1114530.00
1484940671827 337 1 1 196.000 -0.484 246672.86 1048353.53
1484940671830 338 1 1 196.000 -0.484 243051.13 1048353.53
1484940671834 339 1 1 196.000 -0.484 243051.13 989530.00
1484940671837 340 1 1 196.000 -0.484 243051.13 1048353.53
1484940671840 341 1 1 196.000 -0.484 239530.00 1114530.00
1484940671844 342 1 1 196.000 -0.484 239530.00 989530.00
1484940671847 343 1 1 196.000 -0.968 239530.00 989530.00
1484940671851 344 1 1 196.000 -0.484 243051.13 936898.42
1484940671854 345 1 1 196.000 -0.484 239530.00 1048353.53
1484940671857 346 1 1 196.000 -0.968 239530.00 989530.00
1484940671861 347 1 1 196.000 -0.484 239530.00 989530.00
1484940671864 348 1 1 196.000 -0.484 243051.13 1048353.53
1484940671867 349 1 1 196.000 -0.484 243051.13 1048353.53
1484940671871 350 1 1 196.000 -0.484 243051.13 989530.00
1484940671874 351 1 1 196.000 -0.484 239530.00 989530.00
1484940671878 352 1 1 196.000 -0.484 243051.13 989530.00
1484940671881 353 1 1 196.000 -0.484 239530.00 1048353.53
1484940671884 354 1 1 196.000 -0.968 246672.86 989530.00
1484940671888 355 1 1 196.000 -0.968 236105.34 989530.00
1484940671891 356 1 1 196.000 -0.484 236105.34 989530.00
1484940671895 357 1 1 196.000 -0.968 239530.00 989530.00
1484940671898 358 1 1 196.000 -0.968 239530.00 989530.00
1484940671902 359 1 1 196.000 -0.484 239530.00 989530.00
1484940671905 360 1 1 196.000 -0.968 239530.00 989530.00
1484940671908 361 1 1 196.000 -0.968 239530.00 989530.00
1484940671912 362 1 1 196.000 -0.968 236105.34 936898.42
1484940671915 363 1 1 196.000 -0.968 232773.24 989530.00
1484940671918 364 1 1 196.000 -0.968 229530.00 739530.00
1484940671922 365 1 1 196.000 -0.484 206397.47 989530.00
1484940671925 366 1 1 196.000 -0.968 201294.71 2239530.00
1484940671929 367 1 1 196.000 -0.968 147424.74 104914.62
1484940671932 368 1 1 196.000 -0.968 107177.06 27504.68
1484940671935 369 1 1 196.000 -0.484 63604.07 20194.40
1484940671939 370 1 1 196.000 10.159 51173.84 18330.00
1484940671945 371 1 1 196.000 45.958 39530.00 15025.75
1484940671948 372 1 1 196.000 52.247 33432.44 13245.42
1484940671951 373 1 1 196.000 59.504 27746.56 11190.65
1484940671956 374 1 1 196.000 74.017 24481.46 9891.99
1484940671959 375 1 1 196.000 80.306 21332.12 21444.89
1484940671963 376 1 1 196.000 85.627 18011.01 29888.74
1484940671966 377 1 1 196.000 92.400 15541.56 18703.42
1484940671970 378 1 1 196.000 101.108 14221.36 10315.22
1484940671973 379 1 1 196.000 108.364 13498.04 18146.85
1484940671976 380 1 1 196.000 116.105 12967.50 12725.88
1484940671980 381 1 1 196.000 123.361 12401.66 19430.33
1484940671983 382 1 1 196.000 129.166 12058.16 111978.98
1484940671987 383 1 1 196.000 134.004 11752.22 19086.65
1484940671990 384 1 1 196.000 138.842 11242.91 51173.84
1484940671993 385 1 1 196.000 121.910 11112.73 67116.21
1484940671997 386 1 1 196.000 125.296 11009.71 20142.24
1484940672000 387 1 1 196.000 132.069 10607.28 13530.00
1484940672004 388 1 1 196.000 139.326 10435.92 59028.07
1484940672007 389 1 1 196.000 147.066 10339.25 17921.17
1484940672011 390 1 1 196.000 131.585 10315.22 16638.43
1484940672014 391 1 1 196.000 120.942 10435.92 11890.25
1484940672017 392 1 1 196.000 110.299 10387.47 12200.03
1484940672021 393 1 1 196.000 120.942 10267.33 25747.30
1484940672024 394 1 1 196.000 132.069 10101.43 21444.89
1484940672028 395 1 1 196.000 138.358 10031.14 37023.40
1484940672031 396 1 1 196.000 132.553 10031.14 62700.73
1484940672034 397 1 1 196.000 122.877 10077.95 99286.10
1484940672038 398 1 1 196.000 117.072 10077.95 104914.62
1484940672041 399 1 1 196.000 116.105 10031.14 117189.57
1484940672045 400 1 1 196.000 125.296 9915.05 156196.67
1484940672048 401 1 1 196.000 131.102 9891.99 206397.47
1484940672051 402 1 1 196.000 131.102 9868.98 108735.30
1484940672055 403 1 1 196.000 126.264 9868.98 29708.57
1484940672058 404 1 1 196.000 120.459 9868.98 24686.25
1484940672062 405 1 1 196.000 118.040 9846.03 21730.36
1484940672065 406 1 2 196.000 118.524 9823.12 21053.64
1484940672068 407 1 2 196.000 125.296 9754.72 23237.87
1484940672072 408 1 2 196.000 127.715 9754.72 23174.86
1484940672075 409 1 2 196.000 126.748 9709.37 23946.83
1484940672079 410 1 2 196.000 123.361 9709.37 18893.78
1484940672082 411 1 2 196.000 119.491 9709.37 16196.67
1484940672085 412 1 2 196.000 119.007 9709.37 13152.05
1484940672089 413 1 2 196.000 119.975 9709.37 13723.55
1484940672092 414 1 2 196.000 122.394 9619.29 14221.36
1484940672096 415 1 2 196.000 125.296 9641.73 14019.80
1484940672099 416 1 2 196.000 124.329 9641.73 14599.64
1484940672102 417 1 2 196.000 122.394 9619.29 13028.69
1484940672106 418 1 2 196.000 118.040 9641.73 13466.17
1484940672109 419 1 2 196.000 115.137 9686.77 14120.16
1484940672113 420 1 2 196.000 111.267 9686.77 24078.94
1484940672116 421 1 2 196.000 100.624 9800.27 30070.54
1484940672119 422 1 2 196.000 83.692 10533.50 38710.33
1484940672123 423 1 2 196.000 69.179 11508.02 24481.46
1484940672126 424 1 2 196.000 55.150 12937.02 43261.34
1484940672130 425 1 2 196.000 42.088 14495.33 57199.17
1484940672133 426 1 2 196.000 30.961 16638.43 86827.30
1484940672136 427 1 2 196.000 19.835 19086.65 372508.72
1484940672140 428 1 2 196.000 10.159 22436.76 284611.97
1484940672143 429 1 2 196.000 1.451 27030.00 139530.00
1484940672147 430 1 2 196.000 -0.484 34417.78 177030.00
1484940672153 431 1 2 196.000 4.354 50136.06 1989530.00
1484940672165 432 1 2 196.000 -0.968 93576.24 451068.46
1484940672176 433 1 2 196.000 -0.484 134691.29 739530.00
1484940672180 434 1 2 196.000 -0.968 142072.37 1189530.00
1484940672184 435 1 2 196.000 -0.968 151692.16 846672.86
1484940672187 436 1 2 196.000 -0.968 162606.92 1789530.00
1484940672191 437 1 2 196.000 -0.484 175097.01 1625893.64
1484940672194 438 1 2 196.000 -0.968 183078.39 936898.42
1484940672198 439 1 2 196.000 -0.968 185182.17 989530.00
1484940672201 440 1 2 196.000 -0.968 191777.19 589530.00
1484940672205 441 1 2 196.000 -0.484 198832.33 709530.00
1484940672208 442 1 2 196.000 -0.968 206397.47 3589530.00
1484940672212 443 1 2 196.000 -0.484 206397.47 1114530.00
1484940672215 444 1 2 196.000 -0.968 214530.00 1489530.00
1484940672218 445 1 2 196.000 -0.484 217378.10 889530.00
1484940672222 446 1 2 196.000 -0.484 220299.23 889530.00
1484940672225 447 1 2 196.000 -0.968 223296.23 846672.86
1484940672229 448 1 2 196.000 -0.968 226372.11 846672.86
1484940672232 449 1 2 196.000 -0.968 236105.34 889530.00
1484940672235 450 1 2 196.000 -0.484 236105.34 846672.86
1484940672239 451 1 2 196.000 -0.968 236105.34 989530.00
1484940672242 452 1 2 196.000 -0.484 239530.00 889530.00
1484940672246 453 1 2 196.000 -0.968 246672.86 846672.86
1484940672249 454 1 2 196.000 -0.968 246672.86 889530.00
1484940672253 455 1 2 196.000 -0.484 246672.86 889530.00
1484940672256 456 1 2 196.000 -0.484 254235.88 1048353.53
1484940672260 457 1 2 196.000 -0.968 250399.57 1114530.00
1484940672263 458 1 2 196.000 -0.968 254235.88 936898.42
1484940672266 459 1 2 196.000 -0.968 250399.57 989530.00
1484940672270 460 1 2 196.000 -0.968 258186.72 1048353.53
1484940672273 461 1 2 196.000 -0.968 262257.27 1114530.00
1484940672277 462 1 2 196.000 -0.484 270780.00 936898.42
1484940672280 463 1 2 196.000 -0.484 270780.00 936898.42
1484940672283 464 1 2 196.000 -0.484 270780.00 989530.00
1484940672287 465 1 2 196.000 -0.968 275244.29 989530.00
1484940672290 466 1 2 196.000 -0.484 270780.00 936898.42
1484940672294 467 1 2 196.000 -0.968 279852.58 1114530.00
1484940672297 468 1 2 196.000 -0.968 284611.97 989530.00
1484940672301 469 1 2 196.000 -0.484 279852.58 1048353.53
1484940672304 470 1 2 196.000 -0.484 279852.58 1048353.53
1484940672308 471 1 2 196.000 -0.968 279852.58 989530.00
1484940672311 472 1 2 196.000 -0.484 284611.97 989530.00
1484940672314 473 1 2 196.000 -0.484 279852.58 1048353.53
1484940672318 474 1 2 196.000 -0.968 275244.29 989530.00
1484940672321 475 1 2 196.000 -0.968 275244.29 1048353.53
1484940672325 476 1 2 196.000 -0.484 279852.58 1048353.53
1484940672328 477 1 2 196.000 -0.484 279852.58 1048353.53
1484940672331 478 1 2 196.000 -0.484 279852.58 989530.00
1484940672335 479 1 2 196.000 -0.968 270780.00 1048353.53
1484940672338 480 1 2 196.000 -0.968 275244.29 1048353.53
1484940672342 481 1 2 196.000 -0.968 270780.00 1114530.00
1484940672345 482 1 2 196.000 -0.484 275244.29 1048353.53
1484940672348 483 1 2 196.000 -0.484 275244.29 1114530.00
1484940672352 484 1 2 196.000 -0.968 275244.29 1114530.00
1484940672355 485 1 2 196.000 -0.484 279852.58 1114530.00
1484940672359 486 1 2 196.000 -0.484 279852.58 1048353.53
1484940672362 487 1 2 196.000 -0.484 275244.29 1048353.53
1484940672365 488 1 2 196.000 -0.968 279852.58 1114530.00
1484940672369 489 1 2 196.000 -0.484 270780.00 1114530.00
1484940672372 490 1 2 196.000 -0.968 270780.00 1114530.00
1484940672375 491 1 2 196.000 -0.968 275244.29 1114530.00
1484940672379 492 1 2 196.000 -0.484 270780.00 1374145.38
1484940672382 493 1 2 196.000 -0.968 270780.00 1189530.00
1484940672386 494 1 2 196.000 -0.968 279852.58 1275244.29
1484940672389 495 1 2 196.000 -0.968 270780.00 1275244.29
1484940672392 496 1 2 196.000 -0.968 270780.00 1189530.00
1484940672396 497 1 2 196.000 -0.968 270780.00 1189530.00
1484940672399 498 1 2 196.000 -0.968 275244.29 1189530.00
1484940672403 499 1 2 196.000 -0.484 275244.29 1374145.38
1484940672406 500 1 2 196.000 -0.484 270780.00 1275244.29
1484940672410 501 1 2 196.000 -0.968 275244.29 1275244.29
1484940672413 502 1 2 196.000 -0.968 270780.00 1189530.00
1484940672417 503 1 2 196.000 -0.968 275244.29 1489530.00
1484940672420 504 1 2 196.000 -0.968 270780.00 1489530.00
1484940672423 505 1 2 196.000 -0.968 279852.58 1489530.00
1484940672427 506 1 2 196.000 -0.484 275244.29 1189530.00
1484940672430 507 1 2 196.000 -0.968 266453.08 1189530.00
1484940672434 508 1 2 196.000 -0.484 266453.08 1275244.29
1484940672437 509 1 2 196.000 -0.484 270780.00 1189530.00
1484940672440 510 1 2 196.000 -0.968 266453.08 1189530.00
1484940672444 511 1 2 196.000 -0.968 266453.08 1189530.00
1484940672447 512 1 2 196.000 -0.484 266453.08 1275244.29
1484940672451 513 1 2 196.000 -0.968 270780.00 1275244.29
1484940672454 514 1 2 196.000 -0.484 270780.00 1114530.00
1484940672458 515 1 2 196.000 -0.484 266453.08 1189530.00
1484940672461 516 1 2 196.000 -0.968 270780.00 1275244.29
1484940672465 517 1 2 196.000 -0.484 270780.00 1189530.00
1484940672468 518 1 2 196.000 -0.968 270780.00 1189530.00
1484940672471 519 1 2 196.000 -0.968 270780.00 1275244.29
1484940672475 520 1 2 196.000 -0.484 266453.08 1048353.53
1484940672478 521 1 2 196.000 -0.484 270780.00 1189530.00
1484940672482 522 1 2 196.000 -0.484 266453.08 1189530.00
1484940672485 523 1 2 196.000 -0.484 270780.00 1114530.00
1484940672488 524 1 2 196.000 -0.968 266453.08 1114530.00
1484940672492 525 1 2 196.000 -0.484 270780.00 1114530.00
1484940672495 526 1 2 196.000 -0.484 270780.00 1275244.29
1484940672499 527 1 2 196.000 -0.968 275244.29 1189530.00
1484940672502 528 1 2 196.000 -0.484 275244.29 1189530.00
1484940672505 529 1 2 196.000 -0.484 270780.00 1189530.00
1484940672509 530 1 2 196.000 -0.968 270780.00 1275244.29
1484940672512 531 1 2 196.000 -0.484 266453.08 1275244.29
1484940672516 532 1 2 196.000 -0.968 270780.00 1275244.29
1484940672519 533 1 2 196.000 -0.484 270780.00 1189530.00
1484940672522 534 1 2 196.000 -0.484 266453.08 1275244.29
1484940672526 535 1 2 196.000 -0.484 266453.08 1275244.29
1484940672529 536 1 2 196.000 -0.484 266453.08 1275244.29
1484940672533 537 1 2 196.000 -0.484 262257.27 1189530.00
1484940672536 538 1 2 196.000 -0.484 262257.27 1189530.00
1484940672539 539 1 2 196.000 -0.484 258186.72 1189530.00
1484940672543 540 1 2 196.000 -0.484 266453.08 1275244.29
1484940672546 541 1 2 196.000 -0.484 262257.27 1275244.29
1484940672549 542 1 2 196.000 -0.484 266453.08 1189530.00
1484940672553 543 1 2 196.000 -0.484 258186.72 1189530.00
1484940672556 544 1 2 196.000 -0.484 266453.08 1275244.29
1484940672560 545 1 2 196.000 -0.484 262257.27 1189530.00
1484940672563 546 1 2 196.000 -0.484 262257.27 1189530.00
1484940672566 547 2 2 196.000 -0.484 262257.27 1275244.29
1484940672570 548 2 1 196.000 -0.484 262257.27 1114530.00
1484940672574 549 2 1 196.000 -0.484 262257.27 1189530.00
1484940672577 550 2 1 196.000 -0.484 262257.27 1114530.00
1484940672581 551 2 1 196.000 -0.968 262257.27 1189530.00
1484940672585 552 2 1 196.000 -0.484 262257.27 1275244.29
1484940672588 553 2 1 196.000 -0.484 258186.72 1189530.00
1484940672592 554 2 1 196.000 -0.484 262257.27 1189530.00
1484940672595 555 2 1 196.000 -0.484 258186.72 1275244.29
1484940672599 556 2 1 196.000 -0.484 262257.27 1189530.00
1484940672602 557 2 1 196.000 -0.484 266453.08 1189530.00
1484940672605 558 2 1 196.000 -0.484 258186.72 1275244.29
1484940672609 559 2 1 196.000 -0.484 262257.27 1114530.00
1484940672613 560 2 1 196.000 -0.484 262257.27 1189530.00
1484940672616 561 2 1 196.000 -0.484 258186.72 1114530.00
1484940672619 562 2 1 196.000 -0.484 258186.72 1189530.00
1484940672623 563 2 1 196.000 -0.968 262257.27 1189530.00
1484940672626 564 2 1 196.000 -0.484 266453.08 1189530.00
1484940672630 565 2 1 196.000 -0.968 258186.72 1114530.00
1484940672633 566 2 1 196.000 -0.484 262257.27 1114530.00
1484940672637 567 2 1 196.000 -0.484 266453.08 1114530.00
1484940672640 568 2 1 196.000 -0.968 262257.27 1114530.00
1484940672643 569 2 1 196.000 -0.484 266453.08 1114530.00
1484940672647 570 2 1 196.000 -0.484 262257.27 1189530.00
1484940672650 571 2 1 196.000 -0.484 262257.27 1189530.00
1484940672654 572 2 1 196.000 -0.484 262257.27 1189530.00
1484940672657 573 2 1 196.000 -0.484 262257.27 1189530.00
1484940672661 574 2 1 196.000 -0.484 258186.72 1189530.00
1484940672664 575 2 1 196.000 -0.484 258186.72 1114530.00
1484940672667 576 2 1 196.000 -0.968 262257.27 1114530.00
1484940672671 577 2 1 196.000 9.192 270780.00 1114530.00
1484940672684 578 2 1 196.000 -0.484 266453.08 1189530.00
1484940672696 579 2 1 196.000 -0.484 266453.08 1114530.00
1484940672699 580 2 1 196.000 0.000 266453.08 1275244.29
1484940672703 581 2 1 196.000 -0.484 262257.27 1189530.00
1484940672707 582 2 1 196.000 -0.484 266453.08 1275244.29
1484940672711 583 2 1 196.000 -0.484 262257.27 1275244.29
1484940672714 584 2 1 196.000 -0.484 262257.27 1275244.29
1484940672717 585 2 1 196.000 -0.968 258186.72 1275244.29
1484940672721 586 2 1 196.000 -0.968 254235.88 1189530.00
1484940672724 587 2 1 196.000 -0.484 258186.72 1275244.29
1484940672728 588 2 1 196.000 -0.968 258186.72 1275244.29
1484940672731 589 2 1 196.000 -0.484 258186.72 1275244.29
1484940672735 590 2 1 196.000 -0.968 262257.27 1275244.29
1484940672738 591 2 1 196.000 -0.484 258186.72 1114530.00
1484940672741 592 2 1 196.000 -0.968 258186.72 1275244.29
1484940672745 593 2 1 196.000 -0.968 258186.72 1275244.29
1484940672748 594 2 1 196.000 -0.968 254235.88 1275244.29
1484940672752 595 2 1 196.000 -0.484 258186.72 1189530.00
1484940672755 596 2 1 196.000 -0.484 258186.72 1275244.29
1484940672758 597 2 1 196.000 -0.484 254235.88 1189530.00
1484940672762 598 2 1 196.000 -0.968 258186.72 1189530.00
1484940672765 599 2 1 196.000 -0.968 250399.57 1275244.29
1484940672769 600 2 1 196.000 -0.968 254235.88 1189530.00
1484940672772 601 2 1 196.000 -0.484 258186.72 1275244.29
1484940672775 602 2 1 196.000 -0.968 254235.88 1189530.00
1484940672779 603 2 1 196.000 -0.968 254235.88 1275244.29
1484940672783 604 2 1 196.000 -0.968 258186.72 1275244.29
1484940672786 605 2 1 196.000 -0.968 258186.72 1189530.00
1484940672790 606 2 1 196.000 -0.484 258186.72 1189530.00
1484940672793 607 2 1 196.000 -0.484 258186.72 1189530.00
1484940672797 608 2 1 196.000 -0.484 254235.88 1374145.38
1484940672800 609 2 1 196.000 -0.484 258186.72 1189530.00
1484940672804 610 2 1 196.000 -0.968 258186.72 1189530.00
1484940672807 611 2 1 196.000 -0.484 258186.72 1275244.29
1484940672811 612 2 1 196.000 -0.484 262257.27 1275244.29
1484940672814 613 2 1 196.000 -0.484 254235.88 1275244.29
1484940672817 614 2 1 196.000 -0.484 254235.88 1114530.00
1484940672821 615 2 1 196.000 -0.484 254235.88 1189530.00
1484940672824 616 2 1 196.000 -0.484 254235.88 1275244.29
1484940672828 617 2 1 196.000 -0.484 254235.88 1275244.29
1484940672831 618 2 1 196.000 -0.968 254235.88 1114530.00
1484940672834 619 2 1 196.000 -0.968 250399.57 1275244.29
1484940672838 620 2 1 196.000 -0.484 254235.88 1275244.29
1484940672841 621 2 1 196.000 -0.484 254235.88 1189530.00
1484940672845 622 2 1 196.000 -0.968 254235.88 1275244.29
1484940672848 623 2 1 196.000 -0.484 254235.88 1275244.29
1484940672852 624 2 1 196.000 -0.484 258186.72 1275244.29
1484940672855 625 2 1 196.000 -0.968 250399.57 1275244.29
1484940672858 626 2 1 196.000 -0.968 254235.88 1275244.29
1484940672862 627 2 1 196.000 -0.968 254235.88 1275244.29
1484940672865 628 2 1 196.000 -0.484 250399.57 1189530.00
1484940672869 629 2 1 196.000 -0.968 254235.88 1275244.29
1484940672872 630 2 1 196.000 -0.484 254235.88 1275244.29
1484940672875 631 2 1 196.000 -0.968 250399.57 1374145.38
1484940672879 632 2 1 196.000 -0.968 250399.57 1189530.00
1484940672882 633 2 1 196.000 -0.968 250399.57 1114530.00
1484940672886 634 2 1 196.000 -0.968 250399.57 1275244.29
1484940672889 635 2 1 196.000 -0.484 246672.86 1275244.29
1484940672892 636 2 1 196.000 -0.968 246672.86 1275244.29
1484940672896 637 2 1 196.000 -0.968 250399.57 1114530.00
1484940672899 638 2 1 196.000 -0.484 246672.86 1189530.00
1484940672903 639 2 1 196.000 -0.968 246672.86 1189530.00
1484940672906 640 2 1 196.000 -0.968 246672.86 1114530.00
1484940672910 641 2 1 196.000 -0.484 243051.13 1189530.00
1484940672913 642 2 1 196.000 -0.484 232773.24 1048353.53
1484940672916 643 2 1 196.000 -0.484 226372.11 936898.42
1484940672920 644 2 1 196.000 -0.484 226372.11 989530.00
1484940672923 645 2 1 196.000 -0.968 214530.00 889530.00
1484940672927 646 2 1 196.000 -0.968 160958.57 62700.73
1484940672930 647 2 1 196.000 -0.968 96672.86 31982.83
1484940672933 648 2 1 196.000 12.094 57454.53 23750.53
1484940672943 649 2 1 196.000 54.666 34756.13 18146.85
1484940672947 650 2 1 196.000 61.439 27991.54 14669.66
1484940672951 651 2 1 196.000 71.114 24413.72 14153.80
1484940672954 652 2 1 196.000 80.306 21276.03 11138.64
1484940672958 653 2 1 196.000 87.079 18238.13 27504.68
1484940672961 654 2 1 196.000 93.851 15466.60 18798.29
1484940672965 655 2 1 196.000 102.559 13788.76 26415.25
1484940672968 656 2 1 196.000 110.299 12967.50 16395.67
1484940672972 657 2 1 196.000 118.040 12401.66 13691.07
1484940672975 658 2 1 196.000 125.780 11918.06 8801.95
1484940672979 659 2 1 196.000 132.069 11508.02 13276.70
1484940672982 660 2 1 196.000 137.874 11216.75 20142.24
1484940672985 661 2 1 196.000 138.358 10831.78 16039.57
1484940672989 662 2 1 196.000 118.524 10882.31 74838.06
1484940672992 663 2 1 196.000 122.394 10706.47 27746.56
1484940672996 664 2 1 196.000 125.296 10411.67 17052.94
1484940672999 665 2 1 196.000 140.293 10195.90 18101.43
1484940673003 666 2 1 196.000 145.131 10101.43 11216.75
1484940673006 667 2 1 196.000 131.102 10101.43 10731.41
1484940673009 668 2 1 196.000 119.491 10195.90 15354.96
1484940673013 669 2 1 196.000 111.267 10195.90 14495.33
1484940673016 670 2 1 196.000 119.007 10077.95 15692.79
1484940673019 671 2 1 196.000 131.585 9915.05 9574.54
1484940673023 672 2 1 196.000 135.939 9846.03 9137.84
1484940673026 673 2 1 196.000 133.037 9823.12 9073.97
1484940673030 674 2 1 196.000 122.877 9868.98 9223.65
1484940673033 675 2 1 196.000 114.170 9938.16 10339.25
1484940673036 676 2 1 196.000 115.137 9846.03 9596.89
1484940673040 677 2 1 196.000 124.813 9754.72 8221.59
1484940673043 678 2 1 196.000 130.618 9732.02 8457.44
1484940673047 679 2 1 196.000 130.618 9686.77 8260.49
1484940673050 680 2 1 196.000 123.361 9686.77 8968.44
1484940673053 681 2 1 196.000 119.007 9686.77 11061.10
1484940673057 682 2 1 196.000 119.007 9709.37 10831.78
1484940673060 683 2 1 196.000 119.007 9641.73 10882.31
1484940673063 684 2 1 196.000 122.394 9641.73 11190.65
1484940673067 685 2 1 196.000 125.296 9596.89 12143.07
1484940673070 686 2 1 196.000 124.813 9596.89 12372.64
1484940673074 687 2 2 196.000 122.394 9574.54 12489.18
1484940673077 688 2 2 196.000 119.491 9552.25 12114.69
1484940673080 689 2 2 196.000 118.524 9574.54 10933.09
1484940673084 690 2 2 196.000 119.007 9552.25 8884.84
1484940673088 691 2 2 196.000 122.394 9530.00 7934.91
1484940673091 692 2 2 196.000 124.329 9485.65 7916.11
1484940673095 693 2 2 196.000 123.845 9530.00 7299.00
1484940673098 694 2 2 196.000 121.426 9507.80 6771.38
1484940673101 695 2 2 196.000 118.040 9507.80 6721.98
1484940673105 696 2 2 196.000 116.105 9507.80 6754.88
1484940673108 697 2 2 196.000 118.040 9485.65 6754.88
1484940673112 698 2 2 196.000 122.394 9441.50 6721.98
1484940673115 699 2 2 196.000 123.361 9441.50 6559.33
1484940673118 700 2 2 196.000 120.459 9397.55 7263.99
1484940673122 701 2 2 196.000 115.137 9441.50 8437.56
1484940673125 702 2 2 196.000 106.429 9552.25 9116.51
1484940673128 703 2 2 196.000 88.046 9984.55 19086.65
1484940673132 704 2 2 196.000 73.049 10756.42 13214.21
1484940673135 705 2 2 196.000 59.020 11918.06 9868.98
1484940673139 706 2 2 196.000 46.926 13658.69 27584.97
1484940673142 707 2 2 196.000 35.315 15884.32 23428.31
1484940673145 708 2 2 196.000 24.188 18893.78 26643.40
1484940673149 709 2 2 196.000 14.029 22197.88 25747.30
1484940673152 710 2 2 196.000 4.354 25820.32 32903.49
1484940673156 711 2 2 196.000 -0.968 29708.57 32489.43
1484940673161 712 2 2 196.000 -0.968 39809.33 39669.28
1484940673164 713 2 2 196.000 -0.968 49330.66 58760.77
1484940673168 714 2 2 196.000 -0.968 60676.25 418101.43
1484940673172 715 2 2 196.000 -0.968 76068.46 148822.04
1484940673176 716 2 2 196.000 -0.484 92978.28 203815.71
1484940673179 717 2 2 196.000 -0.968 108735.30 266453.08
1484940673183 718 2 2 196.000 -0.968 123858.36 342471.18
1484940673186 719 2 2 196.000 -0.484 130155.00 316802.73
1484940673190 720 2 2 196.000 -0.968 140790.50 589530.00
1484940673193 721 2 2 196.000 -0.968 144702.41 1374145.38
1484940673196 722 2 2 196.000 -0.968 157754.30 709530.00
1484940673200 723 2 2 196.000 -0.968 166000.59 4489530.00
1484940673203 724 2 2 196.000 -0.484 177030.00 846672.86
1484940673207 725 2 2 196.000 -0.968 183078.39 632387.14
1484940673210 726 2 2 196.000 -0.968 187332.20 681837.69
1484940673213 727 2 2 196.000 -0.484 198832.33 709530.00
1484940673217 728 2 2 196.000 -0.484 203815.71 889530.00
1484940673221 729 2 2 196.000 -0.484 209042.20 989530.00
1484940673225 730 2 2 196.000 -0.484 211752.22 989530.00
1484940673228 731 2 2 196.000 -0.484 217378.10 1189530.00
1484940673232 732 2 2 196.000 -0.484 220299.23 1114530.00
1484940673235 733 2 2 196.000 -0.484 223296.23 889530.00
1484940673239 734 2 2 196.000 -0.484 232773.24 807711.82
1484940673242 735 2 2 196.000 -0.968 229530.00 989530.00
1484940673245 736 2 2 196.000 -0.484 239530.00 889530.00
1484940673249 737 2 2 196.000 -0.968 239530.00 807711.82
1484940673252 738 2 2 196.000 -0.968 236105.34 846672.86
1484940673256 739 2 2 196.000 -0.968 239530.00 889530.00
1484940673259 740 2 2 196.000 -0.484 239530.00 1114530.00
1484940673263 741 2 2 196.000 -0.968 246672.86 846672.86
1484940673266 742 2 2 196.000 -0.484 243051.13 889530.00
1484940673269 743 2 2 196.000 -0.484 246672.86 889530.00
1484940673273 744 2 2 196.000 -0.484 250399.57 989530.00
1484940673276 745 2 2 196.000 -0.968 250399.57 989530.00
1484940673279 746 2 2 196.000 -0.968 254235.88 989530.00
1484940673283 747 2 2 196.000 -0.968 254235.88 989530.00
1484940673286 748 2 2 196.000 -0.484 258186.72 989530.00
1484940673290 749 2 2 196.000 -0.968 258186.72 989530.00
1484940673293 750 2 2 196.000 -0.968 266453.08 1048353.53
1484940673297 751 2 2 196.000 -0.484 270780.00 989530.00
1484940673300 752 2 2 196.000 -0.968 270780.00 989530.00
1484940673303 753 2 2 196.000 -0.484 270780.00 989530.00
1484940673307 754 2 2 196.000 -0.968 275244.29 989530.00
1484940673310 755 2 2 196.000 -0.484 270780.00 989530.00
1484940673313 756 2 2 196.000 -0.484 275244.29 989530.00
1484940673317 757 2 2 196.000 -0.968 275244.29 989530.00
1484940673320 758 2 2 196.000 -0.484 275244.29 1048353.53
1484940673324 759 2 2 196.000 -0.484 270780.00 989530.00
1484940673327 760 2 2 196.000 -0.968 275244.29 989530.00
1484940673331 761 2 2 196.000 -0.484 279852.58 989530.00
1484940673334 762 2 2 196.000 -0.484 279852.58 1048353.53
1484940673337 763 2 2 196.000 -0.484 270780.00 1048353.53
1484940673341 764 2 2 196.000 -0.968 275244.29 989530.00
1484940673344 765 2 2 196.000 -0.484 275244.29 1048353.53
1484940673348 766 2 2 196.000 -0.968 279852.58 989530.00
1484940673351 767 2 2 196.000 -0.968 275244.29 1114530.00
1484940673354 768 2 2 196.000 -0.968 270780.00 989530.00
1484940673358 769 2 2 196.000 -0.968 279852.58 936898.42
1484940673362 770 2 2 196.000 -0.968 270780.00 1048353.53
1484940673365 771 2 2 196.000 -0.484 275244.29 1114530.00
1484940673368 772 2 2 196.000 -0.484 266453.08 1048353.53
1484940673372 773 2 2 196.000 -0.968 266453.08 1114530.00
1484940673375 774 2 2 196.000 -0.484 266453.08 1114530.00
1484940673378 775 2 2 196.000 -0.484 270780.00 1114530.00
1484940673382 776 2 2 196.000 -0.968 266453.08 1048353.53
1484940673385 777 2 2 196.000 -0.968 275244.29 1048353.53
1484940673389 778 2 2 196.000 -0.484 275244.29 1189530.00
1484940673397 779 2 2 196.000 -0.968 266453.08 1114530.00
1484940673401 780 2 2 196.000 -0.968 262257.27 1048353.53
1484940673404 781 2 2 196.000 -0.484 270780.00 989530.00
1484940673408 782 2 2 196.000 -0.484 266453.08 1114530.00
1484940673411 783 2 2 196.000 -0.968 270780.00 1114530.00
1484940673414 784 2 2 196.000 -0.968 270780.00 1114530.00
1484940673418 785 2 2 196.000 -0.968 266453.08 1114530.00
1484940673421 786 2 2 196.000 -0.968 266453.08 989530.00
1484940673425 787 2 2 196.000 -0.968 266453.08 1275244.29
1484940673428 788 2 2 196.000 -0.484 262257.27 1114530.00
1484940673432 789 2 2 196.000 -0.484 270780.00 1189530.00
1484940673435 790 2 2 196.000 -0.484 266453.08 1114530.00
1484940673438 791 2 2 196.000 -0.484 266453.08 1114530.00
1484940673442 792 2 2 196.000 -0.484 270780.00 1189530.00
1484940673445 793 2 2 196.000 -0.968 262257.27 1048353.53
1484940673449 794 2 2 196.000 -0.968 266453.08 1275244.29
1484940673452 795 2 2 196.000 -0.484 258186.72 1189530.00
1484940673455 796 2 2 196.000 -0.484 266453.08 1275244.29
1484940673459 797 2 2 196.000 -0.968 266453.08 1114530.00
1484940673462 798 2 2 196.000 -0.484 266453.08 1189530.00
1484940673466 799 2 2 196.000 -0.968 266453.08 1189530.00
1484940673469 800 2 2 196.000 -0.484 266453.08 1189530.00
1484940673472 801 2 2 196.000 -0.484 266453.08 1275244.29
1484940673476 802 2 2 196.000 -0.484 262257.27 1189530.00
1484940673479 803 2 2 196.000 -0.484 266453.08 1189530.00
1484940673483 804 2 2 196.000 -0.968 266453.08 1114530.00
1484940673486 805 2 2 196.000 -0.484 266453.08 1189530.00
1484940673489 806 2 2 196.000 -0.484 266453.08 1114530.00
1484940673493 807 2 2 196.000 -0.968 262257.27 1189530.00
1484940673496 808 2 2 196.000 -0.484 266453.08 1114530.00
1484940673500 809 2 2 196.000 -0.968 266453.08 1114530.00
1484940673503 810 2 2 196.000 -0.484 266453.08 1048353.53
1484940673506 811 2 2 196.000 -0.968 266453.08 1189530.00
1484940673510 812 2 2 196.000 -0.484 266453.08 1048353.53
1484940673513 813 2 2 196.000 -0.484 270780.00 1189530.00
1484940673516 814 2 2 196.000 -0.968 275244.29 1189530.00
1484940673520 815 2 2 196.000 -0.484 266453.08 1189530.00
1484940673523 816 2 2 196.000 -0.484 270780.00 1114530.00
1484940673527 817 2 2 196.000 -0.484 262257.27 1114530.00
1484940673530 818 2 2 196.000 -0.484 270780.00 1189530.00
1484940673533 819 2 2 196.000 -0.484 266453.08 1189530.00
1484940673537 820 2 2 196.000 -0.484 262257.27 1189530.00
1484940673541 821 2 2 196.000 -0.484 266453.08 1114530.00
1484940673544 822 2 2 196.000 -0.484 262257.27 1114530.00
1484940673547 823 2 2 196.000 -0.484 258186.72 1189530.00
1484940673551 824 2 2 196.000 -0.484 262257.27 1189530.00
1484940673554 825 2 2 196.000 -0.484 258186.72 1114530.00
1484940673558 826 2 2 196.000 -0.484 266453.08 1189530.00
1484940673561 827 2 2 196.000 -0.484 262257.27 1114530.00
1484940673564 828 2 2 196.000 -0.484 258186.72 1275244.29
1484940673568 829 2 2 196.000 -0.484 262257.27 1189530.00
1484940673571 830 2 2 196.000 -0.968 262257.27 1189530.00
1484940673574 831 3 2 196.000 -0.484 266453.08 1114530.00
