-0.000 -742.14 19292.80
1.000 -742.93 19292.80
0.000 -742.14 19292.80
Serial_number: -1717986918 
Time Data_Count Cycle State Desired_force_(psi) Measured_force_(psi) Toe_sensor Heel_Sensor
1479774303821 0 0 0 196.000 0.000 -742.14 19292.80
1.000 -743.70 19292.80
1.000 -741.32 4585.60
1479774303854 1 0 1 196.000 1.000 -741.32 4585.60
1.000 -742.93 inf
1479774303864 2 0 1 196.000 1.000 -742.93 inf
1.000 -742.14 19292.80
1479774303877 3 0 1 196.000 1.000 -742.14 19292.80
1.000 -742.14 19292.80
1479774303892 4 0 1 196.000 1.000 -742.14 19292.80
1.000 -741.32 19292.80
1479774303902 5 0 1 196.000 1.000 -741.32 19292.80
1.000 -742.14 19292.80
1479774303914 6 0 1 196.000 1.000 -742.14 19292.80
1.000 -742.93 19292.80
1479774303932 7 0 1 196.000 1.000 -742.93 19292.80
1.000 -742.14 19292.80
1479774303941 8 0 1 196.000 1.000 -742.14 19292.80
1.000 -742.14 8262.40
1479774303953 9 0 1 196.000 1.000 -742.14 8262.40
1.000 -741.32 19292.80
1479774303968 10 0 1 196.000 1.000 -741.32 19292.80
1.000 -742.93 19292.80
1479774303978 11 0 1 196.000 1.000 -742.93 19292.80
1.000 -743.70 19292.80
1479774303985 12 0 1 196.000 1.000 -743.70 19292.80
1.000 -742.93 19292.80
1479774303997 13 0 1 196.000 1.000 -742.93 19292.80
1.000 -742.14 19292.80
1479774304012 14 0 1 196.000 1.000 -742.14 19292.80
1.000 -742.93 8262.40
1479774304023 15 0 1 196.000 1.000 -742.93 8262.40
1.000 -742.14 19292.80
1479774304034 16 0 1 196.000 1.000 -742.14 19292.80
1.000 -742.14 19292.80
1479774304048 17 0 1 196.000 1.000 -742.14 19292.80
1.000 -741.32 19292.80
1479774304054 18 0 1 196.000 1.000 -741.32 19292.80
1.000 -743.70 8262.40
1479774304061 19 0 1 196.000 1.000 -743.70 8262.40
1.000 -742.93 19292.80
1479774304071 20 0 1 196.000 1.000 -742.93 19292.80
1.000 -742.14 19292.80
1479774304085 21 0 1 196.000 1.000 -742.14 19292.80
1.000 -743.70 8262.40
1479774304097 22 0 1 196.000 1.000 -743.70 8262.40
1.000 -742.93 8262.40
1479774304111 23 0 1 196.000 1.000 -742.93 8262.40
1.000 -741.32 19292.80
1479774304119 24 0 1 196.000 1.000 -741.32 19292.80
1.000 -742.93 19292.80
1479774304129 25 0 1 196.000 1.000 -742.93 19292.80
1.000 -742.14 8262.40
1479774304142 26 0 1 196.000 1.000 -742.14 8262.40
1.000 -741.32 8262.40
1479774304154 27 0 1 196.000 1.000 -741.32 8262.40
1.000 -742.14 8262.40
1479774304170 28 0 1 196.000 1.000 -742.14 8262.40
1.000 -742.14 inf
1479774304177 29 0 1 196.000 1.000 -742.14 inf
1.000 -742.93 8262.40
1479774304187 30 0 1 196.000 1.000 -742.93 8262.40
1.000 -742.93 8262.40
1479774304197 31 0 1 196.000 1.000 -742.93 8262.40
1.000 -743.70 19292.80
1479774304204 32 0 1 196.000 1.000 -743.70 19292.80
1.000 -742.93 19292.80
1479774304216 33 0 1 196.000 1.000 -742.93 19292.80
1.000 -743.70 8262.40
1479774304226 34 0 1 196.000 1.000 -743.70 8262.40
1.000 -742.14 19292.80
1479774304237 35 0 1 196.000 1.000 -742.14 19292.80
1.000 -742.93 19292.80
1479774304247 36 0 1 196.000 1.000 -742.93 19292.80
1.000 -741.32 19292.80
1479774304259 37 0 1 196.000 1.000 -741.32 19292.80
1.000 -742.14 19292.80
1479774304270 38 0 1 196.000 1.000 -742.14 19292.80
1.000 -742.14 19292.80
1479774304281 39 0 1 196.000 1.000 -742.14 19292.80
1.000 -742.93 19292.80
1479774304292 40 0 1 196.000 1.000 -742.93 19292.80
1.000 -742.93 19292.80
1479774304302 41 0 1 196.000 1.000 -742.93 19292.80
1.000 -741.32 19292.80
1479774304314 42 0 1 196.000 1.000 -741.32 19292.80
1.000 -742.93 8262.40
1479774304322 43 0 1 196.000 1.000 -742.93 8262.40
1.000 -742.93 8262.40
1479774304338 44 0 1 196.000 1.000 -742.93 8262.40
1.000 -742.93 8262.40
1479774304344 45 0 2 196.000 1.000 -742.93 8262.40
1.000 -742.93 8262.40
1479774304355 46 0 2 196.000 1.000 -742.93 8262.40
1.000 -742.93 8262.40
1479774304361 47 0 2 196.000 1.000 -742.93 8262.40
1.000 -742.93 inf
1479774304372 48 0 2 196.000 1.000 -742.93 inf
1.000 -743.70 19292.80
1479774304386 49 0 2 196.000 1.000 -743.70 19292.80
1.000 -742.93 19292.80
1479774304396 50 0 2 196.000 1.000 -742.93 19292.80
1.000 -742.14 4585.60
1479774304406 51 0 2 196.000 1.000 -742.14 4585.60
1.000 -742.93 19292.80
1479774304415 52 0 2 196.000 1.000 -742.93 19292.80
1.000 -742.14 19292.80
1479774304425 53 0 2 196.000 1.000 -742.14 19292.80
1.000 -742.14 19292.80
1479774304437 54 0 2 196.000 1.000 -742.14 19292.80
1.000 -742.93 19292.80
1479774304449 55 0 2 196.000 1.000 -742.93 19292.80
1.000 -742.14 8262.40
1479774304460 56 0 2 196.000 1.000 -742.14 8262.40
1.000 -742.14 19292.80
1479774304469 57 0 2 196.000 1.000 -742.14 19292.80
1.000 -742.93 8262.40
1479774304482 58 0 2 196.000 1.000 -742.93 8262.40
1.000 -742.93 8262.40
1479774304489 59 0 2 196.000 1.000 -742.93 8262.40
1.000 -742.93 19292.80
1479774304499 60 0 2 196.000 1.000 -742.93 19292.80
1.000 -742.14 8262.40
1479774304511 61 0 2 196.000 1.000 -742.14 8262.40
1.000 -742.93 19292.80
1479774304518 62 0 2 196.000 1.000 -742.93 19292.80
1.000 -742.93 8262.40
1479774304531 63 0 2 196.000 1.000 -742.93 8262.40
1.000 -742.93 8262.40
1479774304543 64 0 2 196.000 1.000 -742.93 8262.40
1.000 -742.93 19292.80
1479774304551 65 0 2 196.000 1.000 -742.93 19292.80
1.000 -742.93 8262.40
1479774304562 66 0 2 196.000 1.000 -742.93 8262.40
1.000 -742.14 19292.80
1479774304571 67 0 2 196.000 1.000 -742.14 19292.80
1.000 -742.93 19292.80
1479774304583 68 0 2 196.000 1.000 -742.93 19292.80
1.000 -742.93 19292.80
1479774304593 69 0 2 196.000 1.000 -742.93 19292.80
1.000 -742.14 8262.40
1479774304605 70 0 2 196.000 1.000 -742.14 8262.40
1.000 -742.93 19292.80
1479774304613 71 0 2 196.000 1.000 -742.93 19292.80
1.000 -742.93 8262.40
1479774304621 72 0 2 196.000 1.000 -742.93 8262.40
1.000 -742.14 19292.80
1479774304631 73 0 2 196.000 1.000 -742.14 19292.80
1.000 -743.70 8262.40
1479774304642 74 0 2 196.000 1.000 -743.70 8262.40
1.000 -743.70 8262.40
1479774304654 75 0 2 196.000 1.000 -743.70 8262.40
1.000 -742.14 8262.40
1479774304666 76 0 2 196.000 1.000 -742.14 8262.40
1.000 -742.14 19292.80
1479774304677 77 0 2 196.000 1.000 -742.14 19292.80
1.000 -742.93 19292.80
1479774304683 78 0 2 196.000 1.000 -742.93 19292.80
1.000 -742.14 inf
1479774304698 79 0 2 196.000 1.000 -742.14 inf
1.000 -742.14 8262.40
1479774304706 80 0 2 196.000 1.000 -742.14 8262.40
1.000 -742.93 19292.80
1479774304718 81 0 2 196.000 1.000 -742.93 19292.80
1.000 -743.70 19292.80
1479774304729 82 0 2 196.000 1.000 -743.70 19292.80
1.000 -742.14 8262.40
1479774304740 83 0 2 196.000 1.000 -742.14 8262.40
1.000 -743.70 19292.80
1479774304749 84 0 2 196.000 1.000 -743.70 19292.80
1.000 -743.70 19292.80
1479774304763 85 0 2 196.000 1.000 -743.70 19292.80
1.000 -742.93 19292.80
1479774304775 86 0 2 196.000 1.000 -742.93 19292.80
1.000 -742.93 19292.80
1479774304790 87 0 2 196.000 1.000 -742.93 19292.80
1.000 -742.14 19292.80
1479774304797 88 0 2 196.000 1.000 -742.14 19292.80
1.000 -742.14 19292.80
1479774304808 89 0 2 196.000 1.000 -742.14 19292.80
1.000 -742.14 inf
1479774304822 90 0 2 196.000 1.000 -742.14 inf
1.000 -743.70 inf
1479774304831 91 0 2 196.000 1.000 -743.70 inf
1.000 -742.93 19292.80
1479774304839 92 0 2 196.000 1.000 -742.93 19292.80
1.000 -742.93 19292.80
1479774304848 93 1 2 196.000 1.000 -742.93 19292.80
1.000 -742.14 8262.40
1479774304859 94 1 1 196.000 1.000 -742.14 8262.40
1.000 -742.93 19292.80
1479774304870 95 1 1 196.000 1.000 -742.93 19292.80
1.000 -742.93 8262.40
1479774304879 96 1 1 196.000 1.000 -742.93 8262.40
1.000 -744.44 19292.80
1479774304891 97 1 1 196.000 1.000 -744.44 19292.80
1.000 -743.70 4585.60
1479774304902 98 1 1 196.000 1.000 -743.70 4585.60
1.000 -741.32 19292.80
1479774304913 99 1 1 196.000 1.000 -741.32 19292.80
1.000 -741.32 19292.80
1479774304923 100 1 1 196.000 1.000 -741.32 19292.80
1.000 -736.80 inf
1479774304933 101 1 1 196.000 1.000 -736.80 inf
1.000 -736.80 19292.80
1479774304946 102 1 1 196.000 1.000 -736.80 19292.80
1.000 -737.77 19292.80
1479774304956 103 1 1 196.000 1.000 -737.77 19292.80
1.000 -734.76 inf
1479774304968 104 1 1 196.000 1.000 -734.76 inf
1.000 -734.76 19292.80
1479774304978 105 1 1 196.000 1.000 -734.76 19292.80
1.000 -734.76 -762.47
1479774304990 106 1 1 196.000 1.000 -734.76 -762.47
1.000 -734.76 19292.80
1479774305003 107 1 1 196.000 1.000 -734.76 19292.80
1.000 -734.76 inf
1479774305012 108 1 1 196.000 1.000 -734.76 inf
1.000 -735.80 19292.80
1479774305023 109 1 1 196.000 1.000 -735.80 19292.80
1.000 -736.80 19292.80
1479774305035 110 1 1 196.000 1.000 -736.80 19292.80
1.000 -736.80 19292.80
1479774305044 111 1 1 196.000 1.000 -736.80 19292.80
1.000 -737.77 inf
1479774305055 112 1 1 196.000 1.000 -737.77 inf
1.000 -737.77 19292.80
1479774305068 113 1 1 196.000 1.000 -737.77 19292.80
1.000 -738.70 19292.80
1479774305079 114 1 1 196.000 1.000 -738.70 19292.80
1.000 -737.77 8262.40
1479774305091 115 1 1 196.000 1.000 -737.77 8262.40
1.000 -736.80 19292.80
1479774305101 116 1 1 196.000 1.000 -736.80 19292.80
1.000 -735.80 19292.80
1479774305111 117 1 1 196.000 1.000 -735.80 19292.80
1.000 -736.80 19292.80
1479774305121 118 1 1 196.000 1.000 -736.80 19292.80
1.000 -738.70 19292.80
1479774305130 119 1 1 196.000 1.000 -738.70 19292.80
1.000 -736.80 inf
1479774305142 120 1 1 196.000 1.000 -736.80 inf
1.000 -736.80 19292.80
1479774305156 121 1 1 196.000 1.000 -736.80 19292.80
1.000 -756.47 inf
1479774305167 122 1 1 196.000 1.000 -756.47 inf
1.000 -777.75 4585.60
1479774305179 123 1 1 196.000 1.000 -777.75 4585.60
1.000 -785.88 -2717.29
1479774305192 124 1 1 196.000 1.000 -785.88 -2717.29
1.000 -787.75 8262.40
1479774305203 125 1 1 196.000 1.000 -787.75 8262.40
1.000 -788.44 8262.40
1479774305215 126 1 1 196.000 1.000 -788.44 8262.40
1.000 -788.71 19292.80
1479774305224 127 1 1 196.000 1.000 -788.71 19292.80
1.000 -788.91 8262.40
1479774305234 128 1 1 196.000 1.000 -788.91 8262.40
1.000 -789.11 19292.80
1479774305244 129 1 1 196.000 1.000 -789.11 19292.80
1.000 -789.21 inf
1479774305256 130 1 1 196.000 1.000 -789.21 inf
1.000 -789.31 19292.80
1479774305270 131 1 1 196.000 1.000 -789.31 19292.80
1.000 -789.37 19292.80
1479774305279 132 1 1 196.000 1.000 -789.37 19292.80
1.000 -789.43 inf
1479774305288 133 1 1 196.000 1.000 -789.43 inf
1.000 -789.48 19292.80
1479774305301 134 1 1 196.000 1.000 -789.48 19292.80
1.000 -789.52 inf
1479774305312 135 1 1 196.000 1.000 -789.52 inf
1.000 -789.54 8262.40
1479774305324 136 1 1 196.000 1.000 -789.54 8262.40
1.000 -789.57 19292.80
1479774305337 137 1 1 196.000 1.000 -789.57 19292.80
1.000 -789.59 19292.80
1479774305347 138 1 1 196.000 1.000 -789.59 19292.80
1.000 -789.61 19292.80
1479774305357 139 1 1 196.000 1.000 -789.61 19292.80
1.000 -789.63 19292.80
1479774305368 140 1 1 196.000 1.000 -789.63 19292.80
1.000 -789.64 19292.80
1479774305380 141 1 2 196.000 1.000 -789.64 19292.80
1.000 -789.65 8262.40
1479774305390 142 1 2 196.000 1.000 -789.65 8262.40
1.000 -789.66 4585.60
1479774305404 143 1 2 196.000 1.000 -789.66 4585.60
1.000 -789.67 8262.40
1479774305412 144 1 2 196.000 1.000 -789.67 8262.40
1.000 -789.64 19292.80
1479774305421 145 1 2 196.000 1.000 -789.64 19292.80
1.000 -789.59 19292.80
1479774305431 146 1 2 196.000 1.000 -789.59 19292.80
1.000 -789.52 8262.40
1479774305439 147 1 2 196.000 1.000 -789.52 8262.40
1.000 -789.37 19292.80
1479774305448 148 1 2 196.000 1.000 -789.37 19292.80
1.000 -789.17 19292.80
1479774305460 149 1 2 196.000 1.000 -789.17 19292.80
1.000 -788.73 8262.40
1479774305470 150 1 2 196.000 1.000 -788.73 8262.40
1.000 -788.21 19292.80
1479774305482 151 1 2 196.000 1.000 -788.21 19292.80
1.000 -786.62 19292.80
1479774305494 152 1 2 196.000 1.000 -786.62 19292.80
1.000 -782.52 19292.80
1479774305504 153 1 2 196.000 1.000 -782.52 19292.80
1.000 -774.13 8262.40
1479774305515 154 1 2 196.000 1.000 -774.13 8262.40
1.000 -770.53 inf
1479774305525 155 1 2 196.000 1.000 -770.53 inf
1.000 -762.84 19292.80
1479774305536 156 1 2 196.000 1.000 -762.84 19292.80
1.000 -757.65 inf
1479774305549 157 1 2 196.000 1.000 -757.65 inf
1.000 -753.84 inf
1479774305559 158 1 2 196.000 1.000 -753.84 inf
1.000 -746.54 19292.80
1479774305570 159 1 2 196.000 1.000 -746.54 19292.80
1.000 -742.14 4585.60
1479774305581 160 1 2 196.000 1.000 -742.14 4585.60
1.000 -738.70 908.80
1479774305589 161 1 2 196.000 1.000 -738.70 908.80
1.000 -734.76 383.54
1479774305599 162 1 2 196.000 1.000 -734.76 383.54
1.000 -728.91 383.54
1479774305612 163 1 2 196.000 1.000 -728.91 383.54
1.000 -727.60 383.54
1479774305621 164 1 2 196.000 1.000 -727.60 383.54
1.000 -726.23 383.54
1479774305632 165 1 2 196.000 1.000 -726.23 383.54
1.000 -721.75 383.54
1479774305641 166 1 2 196.000 1.000 -721.75 383.54
1.000 -720.11 383.54
1479774305652 167 1 2 196.000 1.000 -720.11 383.54
1.000 -718.40 908.80
1479774305663 168 1 2 196.000 1.000 -718.40 908.80
1.000 -718.40 1644.16
1479774305673 169 1 2 196.000 1.000 -718.40 1644.16
1.000 -718.40 -10.40
1479774305683 170 1 2 196.000 1.000 -718.40 -10.40
1.000 -710.65 383.54
1479774305690 171 1 2 196.000 1.000 -710.65 383.54
1.000 -710.65 383.54
1479774305702 172 1 2 196.000 1.000 -710.65 383.54
1.000 -708.45 383.54
1479774305714 173 1 2 196.000 1.000 -708.45 383.54
1.000 -706.13 383.54
1479774305722 174 1 2 196.000 1.000 -706.13 383.54
1.000 -706.13 383.54
1479774305736 175 1 2 196.000 1.000 -706.13 383.54
1.000 -710.65 908.80
1479774305742 176 1 2 196.000 1.000 -710.65 908.80
1.000 -710.65 908.80
1479774305751 177 1 2 196.000 1.000 -710.65 908.80
1.000 -712.74 383.54
1479774305763 178 1 2 196.000 1.000 -712.74 383.54
1.000 -714.72 908.80
1479774305773 179 1 2 196.000 1.000 -714.72 908.80
1.000 -706.13 383.54
1479774305784 180 1 2 196.000 1.000 -706.13 383.54
1.000 -712.74 383.54
1479774305796 181 1 2 196.000 1.000 -712.74 383.54
1.000 -718.40 383.54
1479774305808 182 1 2 196.000 1.000 -718.40 383.54
1.000 -720.11 383.54
1479774305820 183 1 2 196.000 1.000 -720.11 383.54
1.000 -721.75 383.54
1479774305831 184 1 2 196.000 1.000 -721.75 383.54
1.000 -721.75 908.80
1479774305842 185 1 2 196.000 1.000 -721.75 908.80
1.000 -724.80 908.80
1479774305854 186 1 2 196.000 1.000 -724.80 908.80
1.000 -723.31 -10.40
1479774305866 187 1 2 196.000 1.000 -723.31 -10.40
1.000 -724.80 908.80
1479774305876 188 1 2 196.000 1.000 -724.80 908.80
1.000 -724.80 1644.16
1479774305889 189 2 2 196.000 1.000 -724.80 1644.16
1.000 -723.31 908.80
1479774305898 190 2 1 196.000 1.000 -723.31 908.80
1.000 -724.80 -316.80
1479774305909 191 2 1 196.000 1.000 -724.80 -316.80
1.000 -724.80 383.54
1479774305922 192 2 1 196.000 1.000 -724.80 383.54
1.000 -724.80 -316.80
1479774305934 193 2 1 196.000 1.000 -724.80 -316.80
1.000 -723.31 -10.40
1479774305946 194 2 1 196.000 1.000 -723.31 -10.40
1.000 -723.31 -10.40
1479774305954 195 2 1 196.000 1.000 -723.31 -10.40
1.000 -720.11 -762.47
1479774305964 196 2 1 196.000 1.000 -720.11 -762.47
1.000 -721.75 -561.92
1479774305971 197 2 1 196.000 1.000 -721.75 -561.92
1.000 -721.75 -762.47
1479774305984 198 2 1 196.000 1.000 -721.75 -762.47
1.000 -724.80 -10.40
1479774305994 199 2 1 196.000 1.000 -724.80 -10.40
1.000 -721.75 -561.92
1479774306005 200 2 1 196.000 1.000 -721.75 -561.92
1.000 -723.31 383.54
1479774306014 201 2 1 196.000 1.000 -723.31 383.54
1.000 -724.80 383.54
1479774306025 202 2 1 196.000 1.000 -724.80 383.54
1.000 -726.23 908.80
1479774306035 203 2 1 196.000 1.000 -726.23 908.80
1.000 -724.80 908.80
1479774306046 204 2 1 196.000 1.000 -724.80 908.80
1.000 -726.23 383.54
1479774306056 205 2 1 196.000 1.000 -726.23 383.54
1.000 -726.23 908.80
1479774306068 206 2 1 196.000 1.000 -726.23 908.80
1.000 -727.60 908.80
1479774306080 207 2 1 196.000 1.000 -727.60 908.80
1.000 -726.23 383.54
1479774306091 208 2 1 196.000 1.000 -726.23 383.54
1.000 -726.23 908.80
1479774306103 209 2 1 196.000 1.000 -726.23 908.80
1.000 -726.23 -10.40
1479774306114 210 2 1 196.000 1.000 -726.23 -10.40
1.000 -727.60 383.54
1479774306125 211 2 1 196.000 1.000 -727.60 383.54
1.000 -727.60 908.80
1479774306137 212 2 1 196.000 1.000 -727.60 908.80
1.000 -726.23 -10.40
1479774306147 213 2 1 196.000 1.000 -726.23 -10.40
1.000 -726.23 1644.16
1479774306158 214 2 1 196.000 1.000 -726.23 1644.16
1.000 -726.23 2747.20
1479774306171 215 2 1 196.000 1.000 -726.23 2747.20
1.000 -730.18 inf
1479774306183 216 2 1 196.000 1.000 -730.18 inf
1.000 -761.09 -2155.20
1479774306195 217 2 1 196.000 1.000 -761.09 -2155.20
1.000 -780.80 -2626.58
1479774306201 218 2 1 196.000 1.000 -780.80 -2626.58
1.000 -785.83 -2733.80
1479774306212 219 2 1 196.000 1.000 -785.83 -2733.80
1.000 -787.92 -2720.46
1479774306224 220 2 1 196.000 1.000 -787.92 -2720.46
1.000 -788.49 19292.80
1479774306234 221 2 1 196.000 1.000 -788.49 19292.80
1.000 -788.73 inf
1479774306244 222 2 1 196.000 1.000 -788.73 inf
1.000 -788.97 8262.40
1479774306255 223 2 1 196.000 1.000 -788.97 8262.40
1.000 -789.13 8262.40
1479774306267 224 2 1 196.000 1.000 -789.13 8262.40
1.000 -789.22 8262.40
1479774306277 225 2 1 196.000 1.000 -789.22 8262.40
1.000 -789.33 19292.80
1479774306289 226 2 1 196.000 1.000 -789.33 19292.80
1.000 -789.41 19292.80
1479774306302 227 2 1 196.000 1.000 -789.41 19292.80
1.000 -789.46 4585.60
1479774306312 228 2 1 196.000 1.000 -789.46 4585.60
1.000 -789.50 19292.80
1479774306322 229 2 1 196.000 1.000 -789.50 19292.80
1.000 -789.54 19292.80
1479774306331 230 2 1 196.000 1.000 -789.54 19292.80
1.000 -789.57 19292.80
1479774306343 231 2 1 196.000 1.000 -789.57 19292.80
1.000 -789.60 19292.80
1479774306353 232 2 1 196.000 1.000 -789.60 19292.80
1.000 -789.62 19292.80
1479774306365 233 2 1 196.000 1.000 -789.62 19292.80
1.000 -789.64 19292.80
1479774306374 234 2 1 196.000 1.000 -789.64 19292.80
1.000 -789.65 19292.80
1479774306386 235 2 1 196.000 1.000 -789.65 19292.80
1.000 -789.67 -2687.78
1479774306396 236 2 1 196.000 1.000 -789.67 -2687.78
1.000 -789.68 -2738.07
1479774306408 237 2 1 196.000 1.000 -789.68 -2738.07
1.000 -789.68 8262.40
1479774306419 238 2 2 196.000 1.000 -789.68 8262.40
1.000 -789.69 19292.80
1479774306429 239 2 2 196.000 1.000 -789.69 19292.80
1.000 -789.70 19292.80
1479774306441 240 2 2 196.000 1.000 -789.70 19292.80
1.000 -789.70 4585.60
1479774306449 241 2 2 196.000 1.000 -789.70 4585.60
1.000 -789.70 -2667.27
1479774306458 242 2 2 196.000 1.000 -789.70 -2667.27
1.000 -789.63 -2702.34
1479774306470 243 2 2 196.000 1.000 -789.63 -2702.34
1.000 -789.49 19292.80
1479774306481 244 2 2 196.000 1.000 -789.49 19292.80
1.000 -789.38 19292.80
1479774306492 245 2 2 196.000 1.000 -789.38 19292.80
1.000 -789.14 19292.80
1479774306505 246 2 2 196.000 1.000 -789.14 19292.80
1.000 -788.97 inf
1479774306511 247 2 2 196.000 1.000 -788.97 inf
1.000 -788.60 19292.80
1479774306518 248 2 2 196.000 1.000 -788.60 19292.80
1.000 -787.84 -2713.80
1479774306530 249 2 2 196.000 1.000 -787.84 -2713.80
1.000 -785.13 -2606.97
1479774306541 250 2 2 196.000 1.000 -785.13 -2606.97
1.000 -779.28 -2525.57
1479774306552 251 2 2 196.000 1.000 -779.28 -2525.57
1.000 -773.04 -2366.89
1479774306563 252 2 2 196.000 1.000 -773.04 -2366.89
1.000 -768.76 -2099.49
1479774306570 253 2 2 196.000 1.000 -768.76 -2099.49
1.000 -762.84 -1885.57
1479774306579 254 2 2 196.000 1.000 -762.84 -1885.57
1.000 -757.65 -1470.31
1479774306591 255 2 2 196.000 1.000 -757.65 -1470.31
1.000 -751.85 -762.47
1479774306604 256 2 2 196.000 1.000 -751.85 -762.47
1.000 -747.20 -1297.28
1479774306614 257 2 2 196.000 1.000 -747.20 -1297.28
1.000 -741.32 -929.60
1479774306625 258 2 2 196.000 1.000 -741.32 -929.60
1.000 -736.80 -316.80
1479774306636 259 2 2 196.000 1.000 -736.80 -316.80
1.000 -734.76 -762.47
1479774306647 260 2 2 196.000 1.000 -734.76 -762.47
1.000 -731.39 -1071.02
1479774306660 261 2 2 196.000 1.000 -731.39 -1071.02
1.000 -727.60 -929.60
1479774306672 262 2 2 196.000 1.000 -727.60 -929.60
1.000 -723.31 -762.47
1479774306683 263 2 2 196.000 1.000 -723.31 -762.47
1.000 -720.11 -762.47
1479774306690 264 2 2 196.000 1.000 -720.11 -762.47
1.000 -720.11 -762.47
1479774306701 265 2 2 196.000 1.000 -720.11 -762.47
1.000 -720.11 -762.47
1479774306708 266 2 2 196.000 1.000 -720.11 -762.47
1.000 -714.72 -929.60
1479774306720 267 2 2 196.000 1.000 -714.72 -929.60
1.000 -710.65 -561.92
1479774306730 268 2 2 196.000 1.000 -710.65 -561.92
1.000 -710.65 -929.60
1479774306740 269 2 2 196.000 1.000 -710.65 -929.60
1.000 -710.65 383.54
1479774306751 270 2 2 196.000 1.000 -710.65 383.54
1.000 -708.45 -316.80
1479774306761 271 2 2 196.000 1.000 -708.45 -316.80
1.000 -710.65 -316.80
1479774306771 272 2 2 196.000 1.000 -710.65 -316.80
1.000 -714.72 -1071.02
1479774306783 273 2 2 196.000 1.000 -714.72 -1071.02
1.000 -714.72 -929.60
1479774306792 274 2 2 196.000 1.000 -714.72 -929.60
1.000 -714.72 -561.92
1479774306802 275 2 2 196.000 1.000 -714.72 -561.92
1.000 -716.60 -929.60
1479774306812 276 2 2 196.000 1.000 -716.60 -929.60
1.000 -714.72 -316.80
1479774306822 277 2 2 196.000 1.000 -714.72 -316.80
1.000 -720.11 383.54
1479774306831 278 2 2 196.000 1.000 -720.11 383.54
1.000 -720.11 -316.80
1479774306843 279 2 2 196.000 1.000 -720.11 -316.80
1.000 -723.31 -10.40
1479774306853 280 2 2 196.000 1.000 -723.31 -10.40
1.000 -723.31 -561.92
1479774306863 281 2 2 196.000 1.000 -723.31 -561.92
1.000 -724.80 -561.92
1479774306871 282 2 2 196.000 1.000 -724.80 -561.92
1.000 -721.75 -561.92
1479774306882 283 2 2 196.000 1.000 -721.75 -561.92
1.000 -723.31 -561.92
1479774306889 284 2 2 196.000 1.000 -723.31 -561.92
1.000 -724.80 -561.92
1479774306900 285 2 2 196.000 1.000 -724.80 -561.92
1.000 -724.80 -762.47
1479774306913 286 2 2 196.000 1.000 -724.80 -762.47
1.000 -726.23 -561.92
1479774306923 287 3 2 196.000 1.000 -726.23 -561.92
