Serial_number: 140 
Time Data_Count Cycle State Desired_force_(psi) Measured_force_(psi) Toe_sensor Heel_Sensor
1484944484905 0 0 0 196.000 -0.484 48935.94 42008.13
1484944484934 1 0 1 196.000 -0.484 48740.53 42008.13
1484944484949 2 0 1 196.000 -0.484 48546.39 42008.13
1484944484954 3 0 1 196.000 -0.968 48546.39 42008.13
1484944484974 4 0 1 196.000 -0.968 48740.53 42008.13
1484944484983 5 0 1 196.000 -1.451 48546.39 47222.31
1484944484989 6 0 1 196.000 -1.451 59297.44 63910.17
1484944484998 7 0 1 196.000 -0.968 82794.25 156196.67
1484944485003 8 0 1 196.000 -0.968 114530.00 279852.58
1484944485013 9 0 1 196.000 -1.451 160958.57 552030.00
1484944485017 10 0 1 196.000 -0.968 177030.00 709530.00
1484944485025 11 0 1 196.000 -1.451 183078.39 846672.86
1484944485030 12 0 1 196.000 -0.968 191777.19 989530.00
1484944485040 13 0 1 196.000 -1.451 198832.33 1048353.53
1484944485046 14 0 1 196.000 -0.968 206397.47 1114530.00
1484944485054 15 0 1 196.000 -1.451 214530.00 1114530.00
1484944485059 16 0 1 196.000 -0.968 223296.23 1114530.00
1484944485074 17 0 1 196.000 -0.968 223296.23 1048353.53
1484944485079 18 0 1 196.000 -0.968 229530.00 1114530.00
1484944485093 19 0 1 196.000 -1.451 232773.24 1114530.00
1484944485098 20 0 1 196.000 -1.451 232773.24 1189530.00
1484944485109 21 0 1 196.000 -1.451 236105.34 1189530.00
1484944485114 22 0 1 196.000 -1.451 239530.00 1275244.29
1484944485119 23 0 1 196.000 -0.968 232773.24 1275244.29
1484944485124 24 0 1 196.000 -0.968 236105.34 1275244.29
1484944485128 25 0 1 196.000 -0.968 236105.34 1275244.29
1484944485132 26 0 1 196.000 -0.968 239530.00 1275244.29
1484944485136 27 0 1 196.000 -0.968 236105.34 1374145.38
1484944485140 28 0 1 196.000 -1.451 243051.13 1374145.38
1484944485144 29 0 1 196.000 -0.968 239530.00 1374145.38
1484944485148 30 0 1 196.000 -0.968 236105.34 1374145.38
1484944485152 31 0 1 196.000 -0.968 236105.34 1275244.29
1484944485156 32 0 1 196.000 -1.451 239530.00 1189530.00
1484944485160 33 0 1 196.000 -0.968 239530.00 1275244.29
1484944485164 34 0 1 196.000 -1.451 239530.00 1275244.29
1484944485168 35 0 1 196.000 -1.451 239530.00 1275244.29
1484944485172 36 0 1 196.000 -1.451 236105.34 1374145.38
1484944485176 37 0 1 196.000 -1.451 236105.34 1275244.29
1484944485180 38 0 1 196.000 -0.968 239530.00 1275244.29
1484944485184 39 0 1 196.000 -1.451 239530.00 1275244.29
1484944485188 40 0 1 196.000 -1.451 239530.00 1275244.29
1484944485191 41 0 1 196.000 -1.451 236105.34 1189530.00
1484944485195 42 0 1 196.000 -1.451 239530.00 1275244.29
1484944485199 43 0 1 196.000 -1.451 239530.00 1275244.29
1484944485203 44 0 1 196.000 -0.968 236105.34 1275244.29
1484944485207 45 0 1 196.000 -0.968 236105.34 1275244.29
1484944485211 46 0 1 196.000 -0.968 239530.00 1275244.29
1484944485215 47 0 1 196.000 -0.968 236105.34 1189530.00
1484944485219 48 0 1 196.000 -0.968 239530.00 1114530.00
1484944485223 49 0 1 196.000 -0.968 239530.00 1275244.29
1484944485227 50 0 1 196.000 -1.451 239530.00 1189530.00
1484944485231 51 0 1 196.000 -0.968 232773.24 1189530.00
1484944485235 52 0 1 196.000 -1.451 239530.00 1275244.29
1484944485241 53 0 1 196.000 -0.968 239530.00 1275244.29
1484944485245 54 0 1 196.000 -0.968 236105.34 1275244.29
1484944485249 55 0 1 196.000 -1.451 239530.00 1189530.00
1484944485253 56 0 1 196.000 -1.451 236105.34 1275244.29
1484944485257 57 0 1 196.000 -1.451 239530.00 1275244.29
1484944485261 58 0 1 196.000 -1.451 239530.00 1275244.29
1484944485264 59 0 1 196.000 -1.451 239530.00 1275244.29
1484944485268 60 0 1 196.000 -0.968 239530.00 1275244.29
1484944485272 61 0 1 196.000 -0.968 236105.34 1275244.29
1484944485276 62 0 1 196.000 -1.451 239530.00 1189530.00
1484944485281 63 0 1 196.000 -1.451 239530.00 1275244.29
1484944485285 64 0 1 196.000 -0.968 239530.00 1114530.00
1484944485288 65 0 1 196.000 -0.968 243051.13 1189530.00
1484944485292 66 0 1 196.000 -0.968 243051.13 1048353.53
1484944485296 67 0 1 196.000 -0.968 243051.13 1114530.00
1484944485300 68 0 1 196.000 -1.451 239530.00 1048353.53
1484944485304 69 0 1 196.000 -1.451 243051.13 1275244.29
1484944485308 70 0 1 196.000 -1.451 246672.86 1114530.00
1484944485312 71 0 1 196.000 -0.968 246672.86 1114530.00
1484944485317 72 0 1 196.000 -0.968 239530.00 1189530.00
1484944485321 73 0 1 196.000 -0.968 246672.86 1189530.00
1484944485325 74 0 1 196.000 -0.968 246672.86 1189530.00
1484944485329 75 0 1 196.000 -0.968 239530.00 1189530.00
1484944485333 76 0 1 196.000 -1.451 239530.00 1189530.00
1484944485337 77 0 1 196.000 -1.451 239530.00 1189530.00
1484944485344 78 0 1 196.000 -0.968 239530.00 1114530.00
1484944485348 79 0 1 196.000 -1.451 236105.34 1048353.53
1484944485351 80 0 1 196.000 -1.451 239530.00 1189530.00
1484944485354 81 0 1 196.000 -1.451 243051.13 1189530.00
1484944485358 82 0 1 196.000 -0.968 236105.34 1189530.00
1484944485361 83 0 1 196.000 -0.968 239530.00 1189530.00
1484944485365 84 0 1 196.000 -1.451 239530.00 1114530.00
1484944485368 85 0 1 196.000 -0.968 239530.00 1189530.00
1484944485371 86 0 1 196.000 -0.968 239530.00 1114530.00
1484944485375 87 0 1 196.000 -1.451 239530.00 1114530.00
1484944485378 88 0 1 196.000 -0.968 239530.00 1275244.29
1484944485381 89 0 1 196.000 -1.451 236105.34 1114530.00
1484944485385 90 0 1 196.000 -0.968 239530.00 1114530.00
1484944485388 91 0 1 196.000 -0.968 243051.13 1275244.29
1484944485392 92 0 1 196.000 -0.968 243051.13 1114530.00
1484944485395 93 0 1 196.000 -0.968 236105.34 1114530.00
1484944485398 94 0 1 196.000 -0.968 232773.24 1189530.00
1484944485402 95 0 1 196.000 -1.451 239530.00 989530.00
1484944485405 96 0 1 196.000 -1.451 236105.34 1048353.53
1484944485409 97 0 1 196.000 -0.968 239530.00 1114530.00
1484944485412 98 0 1 196.000 -0.968 239530.00 1275244.29
1484944485415 99 0 1 196.000 -0.968 239530.00 1114530.00
1484944485419 100 0 1 196.000 -1.451 239530.00 1189530.00
1484944485422 101 0 2 196.000 -0.968 239530.00 1114530.00
1484944485426 102 0 2 196.000 -0.968 239530.00 1189530.00
1484944485429 103 0 2 196.000 -0.968 239530.00 1275244.29
1484944485432 104 0 2 196.000 -0.968 236105.34 1189530.00
1484944485436 105 0 2 196.000 -1.451 243051.13 1189530.00
1484944485439 106 0 2 196.000 -0.968 236105.34 1189530.00
1484944485443 107 0 2 196.000 -0.968 236105.34 1189530.00
1484944485446 108 0 2 196.000 -1.451 239530.00 1189530.00
1484944485449 109 0 2 196.000 -0.968 239530.00 1189530.00
1484944485453 110 0 2 196.000 -0.968 239530.00 1189530.00
1484944485456 111 0 2 196.000 -0.968 239530.00 1114530.00
1484944485460 112 0 2 196.000 -1.451 239530.00 1189530.00
1484944485463 113 0 2 196.000 -0.968 239530.00 1189530.00
1484944485466 114 0 2 196.000 -0.968 239530.00 1189530.00
1484944485470 115 0 2 196.000 -0.968 243051.13 1189530.00
1484944485474 116 0 2 196.000 -0.968 239530.00 1189530.00
1484944485477 117 0 2 196.000 -0.968 239530.00 1114530.00
1484944485480 118 0 2 196.000 -0.968 236105.34 1275244.29
1484944485484 119 0 2 196.000 -0.968 239530.00 1114530.00
1484944485487 120 0 2 196.000 -0.968 239530.00 1275244.29
1484944485491 121 0 2 196.000 -0.968 239530.00 1275244.29
1484944485494 122 0 2 196.000 -1.451 239530.00 1114530.00
1484944485497 123 0 2 196.000 -0.968 236105.34 1114530.00
1484944485501 124 0 2 196.000 -0.968 232773.24 1114530.00
1484944485504 125 0 2 196.000 -0.968 236105.34 1114530.00
1484944485508 126 0 2 196.000 -0.968 236105.34 1275244.29
1484944485511 127 0 2 196.000 -0.968 239530.00 1189530.00
1484944485515 128 0 2 196.000 -0.968 239530.00 1189530.00
1484944485518 129 0 2 196.000 -0.968 239530.00 1189530.00
1484944485521 130 0 2 196.000 -0.968 236105.34 1189530.00
1484944485525 131 0 2 196.000 -0.968 239530.00 1114530.00
1484944485528 132 0 2 196.000 -1.451 246672.86 1114530.00
1484944485532 133 0 2 196.000 -0.968 239530.00 1275244.29
1484944485535 134 0 2 196.000 -0.968 239530.00 1275244.29
1484944485538 135 0 2 196.000 -0.968 239530.00 1189530.00
1484944485542 136 0 2 196.000 -0.968 236105.34 1189530.00
1484944485545 137 0 2 196.000 -0.968 239530.00 1114530.00
1484944485548 138 0 2 196.000 -0.968 236105.34 1114530.00
1484944485552 139 0 2 196.000 -0.968 236105.34 1275244.29
1484944485555 140 0 2 196.000 -0.968 236105.34 1275244.29
1484944485559 141 0 2 196.000 -0.968 236105.34 1275244.29
1484944485562 142 0 2 196.000 -0.968 236105.34 1114530.00
1484944485566 143 0 2 196.000 -0.968 239530.00 1189530.00
1484944485569 144 0 2 196.000 -0.968 236105.34 1189530.00
1484944485572 145 0 2 196.000 -0.968 232773.24 1275244.29
1484944485576 146 0 2 196.000 -0.968 236105.34 1189530.00
1484944485579 147 0 2 196.000 -0.968 236105.34 1189530.00
1484944485583 148 0 2 196.000 -0.968 239530.00 1189530.00
1484944485586 149 0 2 196.000 -0.968 236105.34 1189530.00
1484944485589 150 0 2 196.000 -0.968 239530.00 1275244.29
1484944485593 151 0 2 196.000 -0.968 239530.00 1189530.00
1484944485596 152 0 2 196.000 -0.968 236105.34 1114530.00
1484944485600 153 0 2 196.000 -0.968 236105.34 1189530.00
1484944485603 154 0 2 196.000 -1.451 232773.24 1189530.00
1484944485606 155 0 2 196.000 -0.968 236105.34 1114530.00
1484944485610 156 0 2 196.000 -0.968 236105.34 1114530.00
1484944485613 157 0 2 196.000 -0.968 239530.00 1048353.53
1484944485617 158 0 2 196.000 -1.451 236105.34 1114530.00
1484944485620 159 0 2 196.000 -0.968 236105.34 1114530.00
1484944485623 160 0 2 196.000 -0.968 236105.34 1114530.00
1484944485627 161 0 2 196.000 -0.968 236105.34 1275244.29
1484944485630 162 0 2 196.000 -0.968 239530.00 1189530.00
1484944485633 163 0 2 196.000 -0.968 239530.00 1189530.00
1484944485637 164 0 2 196.000 -1.451 239530.00 1275244.29
1484944485640 165 0 2 196.000 -0.968 236105.34 1189530.00
1484944485644 166 0 2 196.000 -0.968 236105.34 1114530.00
1484944485647 167 0 2 196.000 -0.968 236105.34 1189530.00
1484944485650 168 0 2 196.000 -0.968 236105.34 1048353.53
1484944485654 169 0 2 196.000 -0.968 239530.00 1189530.00
1484944485657 170 0 2 196.000 -0.968 239530.00 1189530.00
1484944485661 171 0 2 196.000 -0.968 239530.00 1189530.00
1484944485664 172 0 2 196.000 -0.968 236105.34 1189530.00
1484944485667 173 0 2 196.000 -0.968 236105.34 1189530.00
1484944485671 174 0 2 196.000 -0.968 232773.24 1189530.00
1484944485674 175 0 2 196.000 -0.968 236105.34 1114530.00
1484944485678 176 0 2 196.000 -0.968 239530.00 1189530.00
1484944485681 177 0 2 196.000 -0.968 239530.00 1189530.00
1484944485684 178 0 2 196.000 -0.968 239530.00 1189530.00
1484944485688 179 0 2 196.000 -0.968 236105.34 1114530.00
1484944485691 180 0 2 196.000 -1.451 232773.24 1189530.00
1484944485695 181 0 2 196.000 -0.968 239530.00 1189530.00
1484944485698 182 0 2 196.000 -0.968 239530.00 1189530.00
1484944485702 183 0 2 196.000 -0.968 239530.00 1189530.00
1484944485705 184 0 2 196.000 -0.968 239530.00 1048353.53
1484944485709 185 0 2 196.000 -0.968 236105.34 1048353.53
1484944485712 186 0 2 196.000 -0.968 236105.34 989530.00
1484944485715 187 0 2 196.000 -0.968 236105.34 1189530.00
1484944485719 188 0 2 196.000 -0.968 239530.00 1114530.00
1484944485725 189 0 2 196.000 -0.968 236105.34 1275244.29
1484944485728 190 0 2 196.000 -0.968 232773.24 1189530.00
1484944485732 191 0 2 196.000 -0.968 239530.00 1189530.00
1484944485735 192 0 2 196.000 -0.968 236105.34 1189530.00
1484944485738 193 0 2 196.000 -0.968 239530.00 1189530.00
1484944485742 194 0 2 196.000 -0.968 232773.24 989530.00
1484944485745 195 0 2 196.000 -0.968 232773.24 1114530.00
1484944485749 196 0 2 196.000 -1.451 236105.34 1114530.00
1484944485752 197 0 2 196.000 -0.968 236105.34 1048353.53
1484944485755 198 0 2 196.000 -0.968 232773.24 1189530.00
1484944485759 199 0 2 196.000 -0.968 236105.34 1114530.00
1484944485762 200 0 2 196.000 -0.968 239530.00 1114530.00
1484944485766 201 0 2 196.000 -0.968 236105.34 989530.00
1484944485769 202 0 2 196.000 -0.968 232773.24 1275244.29
1484944485772 203 0 2 196.000 -0.968 232773.24 1114530.00
1484944485776 204 0 2 196.000 -0.968 236105.34 1114530.00
1484944485779 205 0 2 196.000 -0.968 239530.00 1048353.53
1484944485782 206 0 2 196.000 -0.968 236105.34 1048353.53
1484944485786 207 0 2 196.000 -0.968 239530.00 1114530.00
1484944485789 208 0 2 196.000 -0.968 239530.00 1048353.53
1484944485793 209 0 2 196.000 -0.968 232773.24 1048353.53
1484944485796 210 0 2 196.000 -0.968 236105.34 1048353.53
1484944485800 211 0 2 196.000 -0.968 232773.24 1048353.53
1484944485803 212 0 2 196.000 -1.451 236105.34 1048353.53
1484944485807 213 0 2 196.000 -0.968 232773.24 989530.00
1484944485810 214 0 2 196.000 -0.968 239530.00 1048353.53
1484944485813 215 0 2 196.000 -0.968 232773.24 1048353.53
1484944485817 216 0 2 196.000 -0.968 236105.34 1114530.00
1484944485820 217 0 2 196.000 -0.968 236105.34 1114530.00
1484944485824 218 0 2 196.000 -0.968 236105.34 1114530.00
1484944485827 219 0 2 196.000 -0.968 236105.34 989530.00
1484944485830 220 0 2 196.000 -0.968 236105.34 1048353.53
1484944485834 221 0 2 196.000 -0.968 232773.24 1048353.53
1484944485837 222 0 2 196.000 -0.968 236105.34 1048353.53
1484944485841 223 0 2 196.000 -0.968 236105.34 989530.00
1484944485844 224 0 2 196.000 -0.968 236105.34 1048353.53
1484944485847 225 0 2 196.000 -0.968 236105.34 1048353.53
1484944485851 226 0 2 196.000 -0.968 232773.24 1048353.53
1484944485854 227 0 2 196.000 -0.968 236105.34 989530.00
1484944485858 228 0 2 196.000 -1.451 236105.34 1114530.00
1484944485861 229 0 2 196.000 -0.968 239530.00 989530.00
1484944485864 230 0 2 196.000 -0.968 236105.34 989530.00
1484944485868 231 0 2 196.000 -0.968 232773.24 1048353.53
1484944485871 232 0 2 196.000 -0.968 232773.24 1048353.53
1484944485874 233 0 2 196.000 -0.968 236105.34 1048353.53
1484944485878 234 0 2 196.000 -0.968 236105.34 1189530.00
1484944485881 235 0 2 196.000 -1.451 229530.00 1048353.53
1484944485885 236 0 2 196.000 -0.968 229530.00 989530.00
1484944485888 237 0 2 196.000 -0.968 236105.34 1048353.53
1484944485891 238 0 2 196.000 -0.968 236105.34 989530.00
1484944485895 239 0 2 196.000 -0.968 236105.34 936898.42
1484944485898 240 0 2 196.000 -0.968 236105.34 936898.42
1484944485902 241 0 2 196.000 -0.968 236105.34 989530.00
1484944485905 242 0 2 196.000 -0.968 229530.00 989530.00
1484944485908 243 0 2 196.000 -0.968 229530.00 989530.00
1484944485912 244 0 2 196.000 -0.968 232773.24 989530.00
1484944485915 245 0 2 196.000 -0.968 232773.24 936898.42
1484944485918 246 0 2 196.000 -0.968 236105.34 936898.42
1484944485922 247 1 2 196.000 -0.968 236105.34 989530.00
1484944485926 248 1 1 196.000 -0.968 229530.00 989530.00
1484944485929 249 1 1 196.000 -0.968 232773.24 989530.00
1484944485933 250 1 1 196.000 -0.968 239530.00 989530.00
1484944485940 251 1 1 196.000 -0.968 232773.24 989530.00
1484944485947 252 1 1 196.000 -0.968 232773.24 989530.00
1484944485951 253 1 1 196.000 -0.968 236105.34 936898.42
1484944485962 254 1 1 196.000 -1.451 236105.34 889530.00
1484944485967 255 1 1 196.000 -0.968 232773.24 846672.86
1484944485975 256 1 1 196.000 -1.451 236105.34 936898.42
1484944485984 257 1 1 196.000 -0.968 243051.13 936898.42
1484944485988 258 1 1 196.000 -0.968 239530.00 936898.42
1484944485992 259 1 1 196.000 -1.451 239530.00 846672.86
1484944485995 260 1 1 196.000 -1.451 236105.34 846672.86
1484944485999 261 1 1 196.000 -0.968 236105.34 807711.82
1484944486002 262 1 1 196.000 -1.451 236105.34 889530.00
1484944486006 263 1 1 196.000 -1.451 239530.00 846672.86
1484944486009 264 1 1 196.000 -1.451 236105.34 889530.00
1484944486012 265 1 1 196.000 -1.451 239530.00 936898.42
1484944486016 266 1 1 196.000 -1.451 236105.34 936898.42
1484944486019 267 1 1 196.000 -0.484 232773.24 807711.82
1484944486023 268 1 1 196.000 -0.968 236105.34 889530.00
1484944486026 269 1 1 196.000 -1.451 246672.86 936898.42
1484944486029 270 1 1 196.000 18.383 239530.00 889530.00
1484944486034 271 1 1 196.000 7.740 226372.11 846672.86
1484944486039 272 1 1 196.000 10.643 232773.24 846672.86
1484944486050 273 1 1 196.000 -1.451 236105.34 889530.00
1484944486054 274 1 1 196.000 -1.451 229530.00 846672.86
1484944486058 275 1 1 196.000 0.968 232773.24 936898.42
1484944486067 276 1 1 196.000 -1.451 236105.34 846672.86
1484944486076 277 1 1 196.000 -1.451 236105.34 936898.42
1484944486083 278 1 1 196.000 -1.451 239530.00 889530.00
1484944486089 279 1 1 196.000 -0.968 236105.34 936898.42
1484944486096 280 1 1 196.000 -1.451 236105.34 889530.00
1484944486102 281 1 1 196.000 -1.451 239530.00 889530.00
1484944486106 282 1 1 196.000 -0.968 232773.24 846672.86
1484944486110 283 1 1 196.000 -1.451 236105.34 846672.86
1484944486113 284 1 1 196.000 -1.451 236105.34 846672.86
1484944486117 285 1 1 196.000 -1.451 232773.24 846672.86
1484944486120 286 1 1 196.000 -1.451 236105.34 846672.86
1484944486123 287 1 1 196.000 -1.451 232773.24 846672.86
1484944486127 288 1 1 196.000 -1.451 229530.00 846672.86
1484944486130 289 1 1 196.000 -0.968 232773.24 846672.86
1484944486134 290 1 1 196.000 -1.451 229530.00 846672.86
1484944486137 291 1 1 196.000 -0.968 232773.24 846672.86
1484944486140 292 1 1 196.000 -1.451 229530.00 807711.82
1484944486144 293 1 1 196.000 -0.968 232773.24 989530.00
1484944486148 294 1 1 196.000 -1.451 236105.34 846672.86
1484944486151 295 1 1 196.000 -0.968 232773.24 889530.00
1484944486155 296 1 1 196.000 -1.451 232773.24 846672.86
1484944486158 297 1 1 196.000 -1.451 232773.24 846672.86
1484944486161 298 1 1 196.000 -0.968 236105.34 846672.86
1484944486165 299 1 1 196.000 -0.968 236105.34 889530.00
1484944486168 300 1 1 196.000 -0.968 232773.24 889530.00
1484944486171 301 1 1 196.000 -1.451 232773.24 889530.00
1484944486175 302 1 1 196.000 -1.451 232773.24 889530.00
1484944486178 303 1 1 196.000 -1.451 232773.24 846672.86
1484944486182 304 1 1 196.000 -1.451 232773.24 807711.82
1484944486185 305 1 1 196.000 -1.451 229530.00 807711.82
1484944486188 306 1 1 196.000 -1.451 236105.34 846672.86
1484944486192 307 1 1 196.000 -1.451 232773.24 846672.86
1484944486195 308 1 1 196.000 -0.968 232773.24 846672.86
1484944486199 309 1 1 196.000 -1.451 229530.00 846672.86
1484944486202 310 1 1 196.000 -0.968 229530.00 846672.86
1484944486205 311 1 1 196.000 -1.451 232773.24 846672.86
1484944486209 312 1 1 196.000 -0.968 229530.00 846672.86
1484944486212 313 1 1 196.000 -1.451 229530.00 846672.86
1484944486215 314 1 1 196.000 -1.451 232773.24 846672.86
1484944486219 315 1 1 196.000 -1.451 229530.00 846672.86
1484944486222 316 1 1 196.000 -1.451 229530.00 846672.86
1484944486226 317 1 1 196.000 -1.451 232773.24 807711.82
1484944486229 318 1 1 196.000 -1.451 226372.11 846672.86
1484944486232 319 1 1 196.000 -0.968 229530.00 846672.86
1484944486236 320 1 1 196.000 -1.451 229530.00 846672.86
1484944486239 321 1 1 196.000 -1.451 229530.00 846672.86
1484944486243 322 1 1 196.000 -0.968 226372.11 807711.82
1484944486246 323 1 1 196.000 -0.968 226372.11 807711.82
1484944486250 324 1 1 196.000 -1.451 229530.00 846672.86
1484944486253 325 1 1 196.000 -1.451 226372.11 846672.86
1484944486256 326 1 1 196.000 -0.968 226372.11 807711.82
1484944486260 327 1 1 196.000 -1.451 226372.11 772138.70
1484944486263 328 1 1 196.000 -0.968 223296.23 807711.82
1484944486267 329 1 1 196.000 -1.451 223296.23 772138.70
1484944486270 330 1 1 196.000 -0.968 220299.23 772138.70
1484944486273 331 1 1 196.000 -1.451 217378.10 772138.70
1484944486277 332 1 1 196.000 -1.451 211752.22 709530.00
1484944486280 333 1 1 196.000 -1.451 206397.47 589530.00
1484944486284 334 1 1 196.000 -1.451 153166.36 380834.35
1484944486287 335 1 1 196.000 -0.968 206397.47 989530.00
1484944486291 336 1 1 196.000 -1.451 157754.30 364530.00
1484944486294 337 1 1 196.000 -1.451 102737.55 53586.94
1484944486297 338 1 1 196.000 -0.968 54747.39 38310.49
1484944486301 339 1 1 196.000 3.870 41403.20 34306.12
1484944486304 340 1 1 196.000 27.091 37402.34 27424.74
1484944486309 341 1 1 196.000 47.409 32285.34 19184.04
1484944486312 342 1 1 196.000 56.601 27504.68 17095.08
1484944486316 343 1 1 196.000 65.793 23428.31 15807.37
1484944486323 344 1 1 196.000 82.725 16275.91 10958.57
1484944486330 345 1 1 196.000 97.721 13953.34 9507.80
1484944486341 346 1 1 196.000 121.426 11561.82 7897.35
1484944486347 347 1 1 196.000 131.585 10533.50 7404.88
1484944486352 348 1 1 196.000 139.809 10124.97 6988.78
1484944486359 349 1 1 196.000 120.942 9552.25 6447.29
1484944486366 350 1 1 196.000 119.975 9310.22 6289.78
1484944486370 351 1 1 196.000 119.975 9202.13 6258.62
1484944486374 352 1 1 196.000 118.524 9137.84 6336.72
1484944486377 353 1 1 196.000 118.040 9073.97 6321.04
1484944486380 354 1 1 196.000 118.524 9073.97 6258.62
1484944486384 355 1 1 196.000 118.524 8989.46 6119.86
1484944486387 356 1 1 196.000 119.491 8926.55 6119.86
1484944486391 357 1 1 196.000 118.524 8905.67 6196.67
1484944486394 358 1 1 196.000 117.556 8884.84 6181.25
1484944486398 359 1 1 196.000 117.556 8843.30 6119.86
1484944486401 360 1 1 196.000 117.556 8843.30 6089.34
1484944486404 361 1 1 196.000 117.556 8905.67 6165.86
1484944486408 362 1 1 196.000 115.621 9266.84 6119.86
1484944486411 363 1 1 196.000 111.751 9777.47 5983.38
1484944486415 364 1 1 196.000 103.043 10339.25 5558.50
1484944486419 365 1 1 196.000 93.368 11035.38 5127.92
1484944486422 366 1 1 196.000 91.916 11945.94 4823.12
1484944486426 367 1 1 196.000 93.368 12937.02 4618.01
1484944486429 368 1 2 196.000 95.303 14086.62 4480.17
1484944486433 369 1 2 196.000 96.754 15244.29 4393.75
1484944486436 370 1 2 196.000 97.238 16039.57 4344.81
1484944486439 371 1 2 196.000 97.238 16516.51 4357.02
1484944486443 372 1 2 196.000 97.238 16638.43 4308.33
1484944486446 373 1 2 196.000 97.238 16720.33 4284.10
1484944486450 374 1 2 196.000 97.238 16802.73 4272.01
1484944486453 375 1 2 196.000 97.238 16802.73 4211.89
1484944486456 376 1 2 196.000 96.754 16802.73 4199.93
1484944486460 377 1 2 196.000 97.238 16802.73 4199.93
1484944486463 378 1 2 196.000 96.754 16927.26 4272.01
1484944486466 379 1 2 196.000 95.786 16885.62 4199.93
1484944486470 380 1 2 196.000 94.819 16885.62 4284.10
1484944486473 381 1 2 196.000 93.851 16720.33 4272.01
1484944486477 382 1 2 196.000 92.400 16557.03 4259.95
1484944486480 383 1 2 196.000 90.949 16516.51 4296.20
1484944486483 384 1 2 196.000 83.692 16516.51 4418.34
1484944486487 385 1 2 196.000 73.533 16395.67 4797.18
1484944486490 386 1 2 196.000 52.731 16395.67 5209.44
1484944486494 387 1 2 196.000 37.734 16476.11 5361.13
1484944486497 388 1 2 196.000 25.156 16679.32 5558.50
1484944486500 389 1 2 196.000 15.481 17307.78 6607.80
1484944486504 390 1 2 196.000 7.257 19232.97 8497.33
1484944486508 391 1 2 196.000 -0.968 24413.72 13339.52
1484944486512 392 1 2 196.000 -0.968 29530.00 19282.07
1484944486515 393 1 2 196.000 2.419 36405.00 83770.84
1484944486526 394 1 2 196.000 -1.451 72479.31 177030.00
1484944486529 395 1 2 196.000 -1.451 88431.10 189530.00
1484944486533 396 1 2 196.000 -0.968 121882.94 329152.64
1484944486544 397 1 2 196.000 -1.451 132387.14 418101.43
1484944486550 398 1 2 196.000 -1.451 146051.74 518941.76
1484944486559 399 1 2 196.000 -0.968 167747.82 534984.55
1484944486563 400 1 2 196.000 -0.968 175097.01 570175.16
1484944486566 401 1 2 196.000 -0.968 181019.36 610219.66
1484944486570 402 1 2 196.000 -1.451 185182.17 610219.66
1484944486573 403 1 2 196.000 -0.968 189530.00 656196.67
1484944486577 404 1 2 196.000 -1.451 189530.00 656196.67
1484944486580 405 1 2 196.000 -1.451 191777.19 709530.00
1484944486584 406 1 2 196.000 -0.968 194075.45 739530.00
1484944486588 407 1 2 196.000 -1.451 198832.33 807711.82
1484944486591 408 1 2 196.000 -1.451 198832.33 739530.00
1484944486594 409 1 2 196.000 -1.451 201294.71 772138.70
1484944486598 410 1 2 196.000 -1.451 201294.71 772138.70
1484944486601 411 1 2 196.000 -0.968 206397.47 807711.82
1484944486605 412 1 2 196.000 -1.451 209042.20 846672.86
1484944486608 413 1 2 196.000 -1.451 214530.00 846672.86
1484944486611 414 1 2 196.000 -0.968 214530.00 807711.82
1484944486615 415 1 2 196.000 -0.968 217378.10 846672.86
1484944486618 416 1 2 196.000 -1.451 220299.23 846672.86
1484944486622 417 1 2 196.000 -0.968 223296.23 846672.86
1484944486625 418 1 2 196.000 -1.451 226372.11 1275244.29
1484944486628 419 1 2 196.000 -0.968 226372.11 846672.86
1484944486632 420 1 2 196.000 -0.968 226372.11 807711.82
1484944486635 421 1 2 196.000 -1.451 226372.11 889530.00
1484944486638 422 1 2 196.000 -0.968 226372.11 889530.00
1484944486642 423 1 2 196.000 -1.451 232773.24 846672.86
1484944486645 424 1 2 196.000 -0.968 236105.34 889530.00
1484944486649 425 1 2 196.000 -1.451 236105.34 846672.86
1484944486652 426 1 2 196.000 -0.968 232773.24 936898.42
1484944486655 427 1 2 196.000 -1.451 236105.34 889530.00
1484944486659 428 1 2 196.000 -1.451 236105.34 936898.42
1484944486662 429 1 2 196.000 -1.451 239530.00 936898.42
1484944486666 430 1 2 196.000 -1.451 243051.13 936898.42
1484944486669 431 1 2 196.000 -0.968 239530.00 936898.42
1484944486673 432 1 2 196.000 -1.451 246672.86 889530.00
1484944486676 433 1 2 196.000 -0.968 243051.13 889530.00
1484944486679 434 1 2 196.000 -1.451 239530.00 936898.42
1484944486683 435 1 2 196.000 -1.451 239530.00 989530.00
1484944486686 436 1 2 196.000 -0.968 239530.00 936898.42
1484944486690 437 1 2 196.000 -0.968 243051.13 989530.00
1484944486693 438 1 2 196.000 -1.451 239530.00 989530.00
1484944486696 439 1 2 196.000 -1.451 243051.13 936898.42
1484944486700 440 1 2 196.000 -1.451 246672.86 936898.42
1484944486712 441 1 2 196.000 -1.451 246672.86 1048353.53
1484944486717 442 1 2 196.000 -0.968 239530.00 936898.42
1484944486726 443 1 2 196.000 -1.451 243051.13 936898.42
1484944486731 444 1 2 196.000 -0.968 239530.00 936898.42
1484944486737 445 1 2 196.000 -0.968 246672.86 989530.00
1484944486745 446 1 2 196.000 -1.451 243051.13 936898.42
1484944486750 447 1 2 196.000 -1.451 246672.86 989530.00
1484944486759 448 1 2 196.000 -1.451 250399.57 936898.42
1484944486764 449 1 2 196.000 -1.451 246672.86 889530.00
1484944486772 450 1 2 196.000 -0.968 246672.86 936898.42
1484944486780 451 1 2 196.000 -1.451 243051.13 936898.42
1484944486784 452 1 2 196.000 -1.451 250399.57 989530.00
1484944486787 453 1 2 196.000 -0.968 246672.86 989530.00
1484944486791 454 1 2 196.000 -0.968 246672.86 989530.00
1484944486794 455 1 2 196.000 -1.451 243051.13 889530.00
1484944486798 456 1 2 196.000 -1.451 243051.13 889530.00
1484944486801 457 1 2 196.000 -1.451 243051.13 889530.00
1484944486804 458 1 2 196.000 -1.451 243051.13 936898.42
1484944486808 459 1 2 196.000 -1.451 246672.86 936898.42
1484944486811 460 1 2 196.000 -1.451 246672.86 989530.00
1484944486815 461 1 2 196.000 -0.968 246672.86 989530.00
1484944486818 462 1 2 196.000 -1.451 246672.86 989530.00
1484944486821 463 1 2 196.000 -0.968 246672.86 1189530.00
1484944486825 464 1 2 196.000 -1.451 243051.13 989530.00
1484944486828 465 1 2 196.000 -1.451 239530.00 989530.00
1484944486832 466 1 2 196.000 -1.451 250399.57 1048353.53
1484944486835 467 1 2 196.000 -1.451 246672.86 989530.00
1484944486838 468 1 2 196.000 -0.968 243051.13 936898.42
1484944486842 469 1 2 196.000 -1.451 246672.86 989530.00
1484944486845 470 1 2 196.000 -1.451 250399.57 989530.00
1484944486849 471 1 2 196.000 -1.451 246672.86 936898.42
1484944486852 472 1 2 196.000 -1.451 246672.86 936898.42
1484944486855 473 1 2 196.000 -0.968 254235.88 936898.42
1484944486859 474 1 2 196.000 -0.968 250399.57 889530.00
1484944486862 475 1 2 196.000 -0.968 250399.57 936898.42
1484944486866 476 1 2 196.000 -1.451 258186.72 936898.42
1484944486870 477 1 2 196.000 -1.451 254235.88 989530.00
1484944486873 478 1 2 196.000 -1.451 254235.88 1048353.53
1484944486876 479 1 2 196.000 -0.968 250399.57 936898.42
1484944486880 480 1 2 196.000 -1.451 246672.86 1114530.00
1484944486883 481 1 2 196.000 -0.968 243051.13 989530.00
1484944486888 482 1 2 196.000 -0.968 246672.86 1048353.53
1484944486892 483 1 2 196.000 -0.968 243051.13 1114530.00
1484944486896 484 1 2 196.000 -1.451 239530.00 1048353.53
1484944486899 485 1 2 196.000 -0.968 243051.13 1114530.00
1484944486902 486 1 2 196.000 -1.451 246672.86 1114530.00
1484944486906 487 1 2 196.000 -1.451 243051.13 1048353.53
1484944486909 488 1 2 196.000 -0.968 243051.13 1189530.00
1484944486913 489 1 2 196.000 -0.968 243051.13 1048353.53
1484944486916 490 1 2 196.000 -0.968 243051.13 1114530.00
1484944486919 491 1 2 196.000 -1.451 243051.13 1114530.00
1484944486923 492 1 2 196.000 -1.451 246672.86 1275244.29
1484944486926 493 1 2 196.000 -0.968 239530.00 1275244.29
1484944486930 494 2 2 196.000 -0.968 239530.00 989530.00
1484944486934 495 2 1 196.000 -0.968 243051.13 1048353.53
1484944486937 496 2 1 196.000 -0.968 239530.00 1048353.53
1484944486940 497 2 1 196.000 -0.968 239530.00 1048353.53
1484944486950 498 2 1 196.000 -0.968 243051.13 989530.00
1484944486954 499 2 1 196.000 -0.968 250399.57 989530.00
1484944486958 500 2 1 196.000 -0.968 239530.00 989530.00
1484944486967 501 2 1 196.000 -0.968 243051.13 989530.00
1484944486974 502 2 1 196.000 -1.451 243051.13 989530.00
1484944486983 503 2 1 196.000 -1.451 239530.00 989530.00
1484944486987 504 2 1 196.000 -1.451 243051.13 936898.42
1484944486991 505 2 1 196.000 -1.451 243051.13 989530.00
1484944486995 506 2 1 196.000 -0.968 239530.00 889530.00
1484944486998 507 2 1 196.000 -1.451 239530.00 989530.00
1484944487002 508 2 1 196.000 -0.968 239530.00 989530.00
1484944487005 509 2 1 196.000 -1.451 239530.00 989530.00
1484944487008 510 2 1 196.000 -1.451 236105.34 936898.42
1484944487012 511 2 1 196.000 -0.968 236105.34 989530.00
1484944487015 512 2 1 196.000 -1.451 239530.00 1048353.53
1484944487019 513 2 1 196.000 -0.968 236105.34 936898.42
1484944487022 514 2 1 196.000 -0.968 239530.00 989530.00
1484944487025 515 2 1 196.000 -0.968 239530.00 1048353.53
1484944487029 516 2 1 196.000 -1.451 246672.86 1114530.00
1484944487032 517 2 1 196.000 -1.451 246672.86 989530.00
1484944487036 518 2 1 196.000 3.870 239530.00 989530.00
1484944487039 519 2 1 196.000 7.740 243051.13 989530.00
1484944487042 520 2 1 196.000 0.000 236105.34 989530.00
1484944487046 521 2 1 196.000 0.484 239530.00 989530.00
1484944487049 522 2 1 196.000 -0.968 239530.00 989530.00
1484944487053 523 2 1 196.000 -0.968 239530.00 1114530.00
1484944487056 524 2 1 196.000 -1.451 239530.00 989530.00
1484944487059 525 2 1 196.000 -0.968 246672.86 1048353.53
1484944487063 526 2 1 196.000 -1.451 239530.00 989530.00
1484944487066 527 2 1 196.000 -0.968 243051.13 989530.00
1484944487070 528 2 1 196.000 -0.968 243051.13 1048353.53
1484944487073 529 2 1 196.000 -1.451 239530.00 989530.00
1484944487076 530 2 1 196.000 -0.968 239530.00 1048353.53
1484944487080 531 2 1 196.000 -1.451 239530.00 989530.00
1484944487083 532 2 1 196.000 -0.968 239530.00 989530.00
1484944487087 533 2 1 196.000 -1.451 239530.00 1114530.00
1484944487090 534 2 1 196.000 -1.451 236105.34 989530.00
1484944487094 535 2 1 196.000 -1.451 239530.00 989530.00
1484944487097 536 2 1 196.000 -1.451 239530.00 1048353.53
1484944487101 537 2 1 196.000 -1.451 239530.00 989530.00
1484944487104 538 2 1 196.000 -0.968 239530.00 989530.00
1484944487107 539 2 1 196.000 -0.968 236105.34 989530.00
1484944487111 540 2 1 196.000 -0.968 239530.00 989530.00
1484944487114 541 2 1 196.000 -1.451 236105.34 989530.00
1484944487117 542 2 1 196.000 -0.968 232773.24 989530.00
1484944487121 543 2 1 196.000 -1.451 236105.34 989530.00
1484944487124 544 2 1 196.000 -0.968 239530.00 989530.00
1484944487128 545 2 1 196.000 -1.451 236105.34 936898.42
1484944487131 546 2 1 196.000 -0.968 236105.34 1048353.53
1484944487134 547 2 1 196.000 -1.451 236105.34 989530.00
1484944487138 548 2 1 196.000 -0.968 236105.34 989530.00
1484944487141 549 2 1 196.000 -1.451 239530.00 989530.00
1484944487145 550 2 1 196.000 -1.451 236105.34 989530.00
1484944487148 551 2 1 196.000 -1.451 239530.00 989530.00
1484944487152 552 2 1 196.000 -1.451 239530.00 989530.00
1484944487155 553 2 1 196.000 -1.451 236105.34 989530.00
1484944487159 554 2 1 196.000 -1.451 236105.34 936898.42
1484944487162 555 2 1 196.000 -1.451 229530.00 989530.00
1484944487165 556 2 1 196.000 -1.451 236105.34 989530.00
1484944487169 557 2 1 196.000 -1.451 236105.34 989530.00
1484944487172 558 2 1 196.000 -1.451 239530.00 1048353.53
1484944487176 559 2 1 196.000 -1.451 236105.34 989530.00
1484944487179 560 2 1 196.000 -1.451 239530.00 989530.00
1484944487182 561 2 1 196.000 -0.968 232773.24 989530.00
1484944487186 562 2 1 196.000 -0.968 239530.00 936898.42
1484944487189 563 2 1 196.000 -1.451 239530.00 1048353.53
1484944487193 564 2 1 196.000 -1.451 232773.24 989530.00
1484944487196 565 2 1 196.000 -1.451 236105.34 989530.00
1484944487199 566 2 1 196.000 -1.451 232773.24 989530.00
1484944487203 567 2 1 196.000 -1.451 236105.34 936898.42
1484944487206 568 2 1 196.000 -0.968 236105.34 989530.00
1484944487209 569 2 1 196.000 -1.451 236105.34 1048353.53
1484944487213 570 2 1 196.000 -1.451 239530.00 989530.00
1484944487216 571 2 1 196.000 -1.451 236105.34 989530.00
1484944487220 572 2 1 196.000 -1.451 229530.00 936898.42
1484944487223 573 2 1 196.000 -1.451 229530.00 989530.00
1484944487227 574 2 1 196.000 -0.968 236105.34 989530.00
1484944487230 575 2 1 196.000 -1.451 232773.24 989530.00
1484944487233 576 2 1 196.000 -0.968 232773.24 989530.00
1484944487237 577 2 1 196.000 -1.451 232773.24 989530.00
1484944487240 578 2 1 196.000 -0.968 232773.24 936898.42
1484944487244 579 2 1 196.000 -1.451 232773.24 989530.00
1484944487247 580 2 1 196.000 -0.968 229530.00 989530.00
1484944487251 581 2 1 196.000 -1.451 229530.00 1114530.00
1484944487254 582 2 1 196.000 -1.451 232773.24 1114530.00
1484944487258 583 2 1 196.000 -1.451 229530.00 1048353.53
1484944487261 584 2 1 196.000 -1.451 226372.11 989530.00
1484944487264 585 2 1 196.000 -0.968 226372.11 989530.00
1484944487268 586 2 1 196.000 -0.968 223296.23 889530.00
1484944487271 587 2 1 196.000 -1.451 220299.23 989530.00
1484944487275 588 2 1 196.000 -1.451 211752.22 889530.00
1484944487278 589 2 1 196.000 -1.451 196426.55 709530.00
1484944487281 590 2 1 196.000 -1.451 194075.45 428554.39
1484944487285 591 2 1 196.000 -1.451 229530.00 632387.14
1484944487288 592 2 1 196.000 -1.451 173203.47 322863.33
1484944487291 593 2 1 196.000 -1.451 99959.45 45604.77
1484944487295 594 2 1 196.000 -0.968 50340.81 26041.16
1484944487298 595 2 1 196.000 8.708 38576.32 22436.76
1484944487302 596 2 1 196.000 21.286 33113.54 20725.84
1484944487306 597 2 1 196.000 47.409 26490.99 16395.67
1484944487310 598 2 1 196.000 58.536 22863.33 13953.34
1484944487313 599 2 1 196.000 69.663 20457.84 9596.89
1484944487324 600 2 1 196.000 91.916 13626.39 15466.60
1484944487328 601 2 1 196.000 101.592 12086.39 15317.97
1484944487331 602 2 1 196.000 110.299 10243.46 5487.45
1484944487344 603 2 1 196.000 135.939 9868.98 5278.03
1484944487349 604 2 1 196.000 121.426 9530.00 5361.13
1484944487354 605 2 1 196.000 112.718 9223.65 5033.88
1484944487360 606 2 1 196.000 125.780 8989.46 4862.20
1484944487364 607 2 1 196.000 129.650 8905.67 4914.62
1484944487368 608 2 1 196.000 124.329 9010.52 5155.00
1484944487371 609 2 1 196.000 118.524 9116.51 6165.86
1484944487374 610 2 1 196.000 111.267 9266.84 5644.59
1484944487378 611 2 1 196.000 109.816 9375.64 5033.88
1484944487381 612 2 1 196.000 109.816 9419.50 5087.48
1484944487385 613 2 1 196.000 109.816 9463.55 5389.03
1484944487388 614 2 1 196.000 110.783 9709.37 4810.14
1484944487391 615 2 1 196.000 108.364 9915.05 4643.35
1484944487395 616 2 1 196.000 105.946 10077.95 4605.38
1484944487398 617 2 1 196.000 103.043 10387.47 4455.37
1484944487402 618 2 1 196.000 104.010 10631.99 4618.01
1484944487405 619 2 1 196.000 103.043 10933.09 4320.47
1484944487408 620 2 1 196.000 104.494 11190.65 4199.93
1484944487412 621 2 1 196.000 104.494 11427.81 4081.33
1484944487415 622 2 1 196.000 103.527 11670.22 4057.85
1484944487419 623 2 1 196.000 102.559 11945.94 4093.11
1484944487422 624 2 1 196.000 101.592 12171.51 4034.43
1484944487425 625 2 1 196.000 102.559 12257.27 3964.64
1484944487429 626 2 1 196.000 103.043 12401.66 3953.08
1484944487432 627 2 1 196.000 103.043 12547.90 3953.08
1484944487436 628 2 1 196.000 103.043 12696.02 3953.08
1484944487439 629 2 2 196.000 102.075 12876.30 4069.58
1484944487442 630 2 2 196.000 101.108 12937.02 4057.85
1484944487446 631 2 2 196.000 101.592 12937.02 4187.98
1484944487449 632 2 2 196.000 102.075 12967.50 3941.53
1484944487453 633 2 2 196.000 102.559 13090.21 3827.06
1484944487456 634 2 2 196.000 102.075 13183.09 3872.63
1484944487459 635 2 2 196.000 101.108 13276.70 4046.13
1484944487463 636 2 2 196.000 100.624 13371.06 3804.39
1484944487466 637 2 2 196.000 100.624 13339.52 3895.52
1484944487469 638 2 2 196.000 100.624 13466.17 3827.06
1484944487473 639 2 2 196.000 100.140 13466.17 3815.71
1484944487476 640 2 2 196.000 100.140 13562.04 3770.51
1484944487480 641 2 2 196.000 98.689 13594.17 3793.07
1484944487483 642 2 2 196.000 98.205 13658.69 3770.51
1484944487486 643 2 2 196.000 97.238 13658.69 3793.07
1484944487490 644 2 2 196.000 95.786 13658.69 3953.08
1484944487493 645 2 2 196.000 91.432 13626.39 3884.07
1484944487497 646 2 2 196.000 80.306 13562.04 4011.09
1484944487500 647 2 2 196.000 58.052 13788.76 4011.09
1484944487504 648 2 2 196.000 41.120 14086.62 4393.75
1484944487507 649 2 2 196.000 27.091 14460.75 5141.45
1484944487510 650 2 2 196.000 15.481 14989.69 6463.21
1484944487514 651 2 2 196.000 6.289 16196.67 10882.31
1484944487518 652 2 2 196.000 -1.451 19630.33 15354.96
1484944487522 653 2 2 196.000 -1.451 24686.25 20351.92
1484944487525 654 2 2 196.000 -1.451 30253.98 30909.31
1484944487535 655 2 2 196.000 -1.451 59568.91 111978.98
1484944487539 656 2 2 196.000 -1.451 73250.93 147424.74
1484944487542 657 2 2 196.000 -1.451 87356.09 299874.83
1484944487553 658 2 2 196.000 -1.451 121882.94 356876.94
1484944487560 659 2 2 196.000 -0.968 138290.33 439530.00
1484944487565 660 2 2 196.000 -1.451 157754.30 503815.71
1484944487572 661 2 2 196.000 -0.968 166000.59 518941.76
1484944487575 662 2 2 196.000 -1.451 171348.18 518941.76
1484944487579 663 2 2 196.000 -1.451 177030.00 552030.00
1484944487582 664 2 2 196.000 -0.968 183078.39 552030.00
1484944487586 665 2 2 196.000 -0.968 187332.20 552030.00
1484944487589 666 2 2 196.000 -0.968 194075.45 610219.66
1484944487592 667 2 2 196.000 -1.451 194075.45 632387.14
1484944487596 668 2 2 196.000 -0.968 196426.55 610219.66
1484944487599 669 2 2 196.000 -1.451 201294.71 709530.00
1484944487603 670 2 2 196.000 -0.968 201294.71 681837.69
1484944487606 671 2 2 196.000 -1.451 206397.47 656196.67
1484944487609 672 2 2 196.000 -0.968 206397.47 709530.00
1484944487613 673 2 2 196.000 -1.451 206397.47 709530.00
1484944487616 674 2 2 196.000 -1.451 211752.22 709530.00
1484944487620 675 2 2 196.000 -0.968 214530.00 772138.70
1484944487623 676 2 2 196.000 -1.451 211752.22 772138.70
1484944487626 677 2 2 196.000 -1.451 217378.10 846672.86
1484944487630 678 2 2 196.000 -1.451 220299.23 772138.70
1484944487633 679 2 2 196.000 -1.451 223296.23 772138.70
1484944487637 680 2 2 196.000 -1.451 226372.11 846672.86
1484944487640 681 2 2 196.000 -1.451 229530.00 846672.86
1484944487643 682 2 2 196.000 -1.451 229530.00 846672.86
1484944487647 683 2 2 196.000 -0.968 236105.34 807711.82
1484944487650 684 2 2 196.000 -0.968 239530.00 846672.86
1484944487653 685 2 2 196.000 -0.968 243051.13 846672.86
1484944487657 686 2 2 196.000 -0.968 243051.13 807711.82
1484944487660 687 2 2 196.000 -0.968 243051.13 846672.86
1484944487664 688 2 2 196.000 -1.451 243051.13 846672.86
1484944487667 689 2 2 196.000 -1.451 243051.13 846672.86
1484944487670 690 2 2 196.000 -0.968 243051.13 846672.86
1484944487674 691 2 2 196.000 -0.968 243051.13 846672.86
1484944487677 692 2 2 196.000 -1.451 250399.57 846672.86
1484944487681 693 2 2 196.000 -1.451 243051.13 846672.86
1484944487684 694 2 2 196.000 -1.451 250399.57 846672.86
1484944487687 695 2 2 196.000 -0.968 250399.57 846672.86
1484944487691 696 2 2 196.000 -0.968 254235.88 889530.00
1484944487694 697 2 2 196.000 -1.451 250399.57 807711.82
1484944487698 698 2 2 196.000 -0.968 254235.88 889530.00
1484944487701 699 2 2 196.000 -1.451 254235.88 889530.00
1484944487705 700 2 2 196.000 -1.451 250399.57 889530.00
1484944487708 701 2 2 196.000 -1.451 254235.88 846672.86
1484944487712 702 2 2 196.000 -1.451 250399.57 846672.86
1484944487715 703 2 2 196.000 -1.451 250399.57 846672.86
1484944487718 704 2 2 196.000 -1.451 254235.88 846672.86
1484944487722 705 2 2 196.000 -1.451 254235.88 889530.00
1484944487725 706 2 2 196.000 -1.451 254235.88 989530.00
1484944487729 707 2 2 196.000 -0.968 250399.57 936898.42
1484944487732 708 2 2 196.000 -1.451 254235.88 846672.86
1484944487735 709 2 2 196.000 -1.451 254235.88 889530.00
1484944487739 710 2 2 196.000 -1.451 250399.57 889530.00
1484944487742 711 2 2 196.000 -1.451 250399.57 936898.42
1484944487746 712 2 2 196.000 -1.451 254235.88 936898.42
1484944487749 713 2 2 196.000 -0.968 254235.88 889530.00
1484944487753 714 2 2 196.000 -1.451 250399.57 889530.00
1484944487756 715 2 2 196.000 -1.451 254235.88 889530.00
1484944487760 716 2 2 196.000 -1.451 250399.57 846672.86
1484944487763 717 2 2 196.000 -1.451 250399.57 989530.00
1484944487766 718 2 2 196.000 -1.451 254235.88 936898.42
1484944487770 719 2 2 196.000 -0.968 254235.88 936898.42
1484944487773 720 2 2 196.000 -0.968 250399.57 989530.00
1484944487777 721 2 2 196.000 -1.451 250399.57 936898.42
1484944487780 722 2 2 196.000 -0.968 250399.57 889530.00
1484944487784 723 2 2 196.000 -1.451 250399.57 936898.42
1484944487787 724 2 2 196.000 -1.451 254235.88 889530.00
1484944487790 725 2 2 196.000 -1.451 250399.57 889530.00
1484944487794 726 2 2 196.000 -0.968 250399.57 936898.42
1484944487797 727 2 2 196.000 -0.968 246672.86 989530.00
1484944487801 728 2 2 196.000 -1.451 250399.57 889530.00
1484944487804 729 2 2 196.000 -0.968 246672.86 889530.00
1484944487807 730 2 2 196.000 -1.451 250399.57 936898.42
1484944487811 731 2 2 196.000 -1.451 250399.57 936898.42
1484944487814 732 2 2 196.000 -0.968 250399.57 889530.00
1484944487818 733 2 2 196.000 -1.451 254235.88 989530.00
1484944487821 734 2 2 196.000 -0.968 254235.88 989530.00
1484944487824 735 2 2 196.000 -1.451 254235.88 936898.42
1484944487828 736 2 2 196.000 -1.451 254235.88 989530.00
1484944487831 737 2 2 196.000 -0.968 250399.57 989530.00
1484944487834 738 2 2 196.000 -0.968 250399.57 989530.00
1484944487838 739 2 2 196.000 -0.968 254235.88 989530.00
1484944487841 740 2 2 196.000 -1.451 254235.88 989530.00
1484944487845 741 2 2 196.000 -0.968 250399.57 1048353.53
1484944487848 742 2 2 196.000 -1.451 250399.57 989530.00
1484944487851 743 2 2 196.000 -0.968 246672.86 936898.42
1484944487855 744 2 2 196.000 -1.451 254235.88 989530.00
1484944487858 745 2 2 196.000 -0.968 254235.88 936898.42
1484944487862 746 2 2 196.000 -1.451 250399.57 936898.42
1484944487865 747 2 2 196.000 -1.451 250399.57 936898.42
1484944487868 748 2 2 196.000 -1.451 254235.88 889530.00
1484944487872 749 2 2 196.000 -0.968 254235.88 936898.42
1484944487875 750 2 2 196.000 -0.968 250399.57 889530.00
1484944487878 751 2 2 196.000 -0.968 254235.88 936898.42
1484944487882 752 2 2 196.000 -1.451 250399.57 889530.00
1484944487885 753 2 2 196.000 -0.968 250399.57 989530.00
1484944487889 754 2 2 196.000 -1.451 250399.57 989530.00
1484944487892 755 2 2 196.000 -1.451 250399.57 989530.00
1484944487895 756 2 2 196.000 -0.968 254235.88 1048353.53
1484944487899 757 2 2 196.000 -1.451 250399.57 989530.00
1484944487902 758 2 2 196.000 -0.968 250399.57 1048353.53
1484944487906 759 2 2 196.000 -1.451 250399.57 989530.00
1484944487909 760 2 2 196.000 -0.968 246672.86 989530.00
1484944487912 761 2 2 196.000 -1.451 246672.86 989530.00
1484944487916 762 2 2 196.000 -1.451 250399.57 989530.00
1484944487919 763 2 2 196.000 -1.451 250399.57 989530.00
1484944487923 764 2 2 196.000 -0.968 246672.86 989530.00
1484944487926 765 2 2 196.000 -0.968 250399.57 989530.00
1484944487929 766 2 2 196.000 -0.968 246672.86 989530.00
1484944487933 767 2 2 196.000 -0.968 246672.86 936898.42
1484944487936 768 2 2 196.000 -0.968 246672.86 989530.00
1484944487940 769 3 2 196.000 -0.968 246672.86 989530.00
