Time	Data_Count	Cycle	State	Desired_force_(psi)	Measured_force_(psi)	Toe_sensor	Heel_Sensor
1484935813150	0	0	0	196	0	29265.1	40666.36
1484935813186	1	0	1	196	0	29177.58	40666.36
1484935813196	2	0	1	196	0	29265.1	40666.36
1484935813209	3	0	1	196	0	29265.1	40666.36
1484935813226	4	0	1	196	0	29265.1	40521.5
1484935813239	5	0	1	196	0	29265.1	40666.36
1484935813255	6	0	1	196	0	29265.1	40521.5
1484935813270	7	0	1	196	-0.484	29265.1	40521.5
1484935813281	8	0	1	196	-0.968	29798.46	56196.67
1484935813292	9	0	1	196	-0.484	72479.31	408134.65
1484935813307	10	0	1	196	-0.484	111151.62	356876.94
1484935813321	11	0	1	196	-0.484	142072.37	418101.43
1484935813332	12	0	1	196	-0.484	157754.3	610219.66
1484935813340	13	0	1	196	-0.968	173203.47	709530
1484935813351	14	0	1	196	-0.968	189530	846672.86
1484935813356	15	0	1	196	-0.484	201294.71	1048353.53
1484935813373	16	0	1	196	-0.484	214530	1114530
1484935813381	17	0	1	196	-0.968	217378.1	1114530
1484935813389	18	0	1	196	-0.968	226372.11	1374145.38
1484935813394	19	0	1	196	-0.968	223296.23	1048353.53
1484935813397	20	0	1	196	-0.968	226372.11	1189530
1484935813407	21	0	1	196	-0.968	232773.24	1275244.29
1484935813413	22	0	1	196	-0.484	232773.24	1275244.29
1484935813424	23	0	1	196	-0.968	243051.13	1275244.29
1484935813428	24	0	1	196	-0.968	239530	1489530
1484935813432	25	0	1	196	-0.484	239530	1374145.38
1484935813436	26	0	1	196	-0.968	239530	1489530
1484935813439	27	0	1	196	-0.484	243051.13	1789530
1484935813443	28	0	1	196	-0.484	239530	1374145.38
1484935813447	29	0	1	196	-0.484	246672.86	1374145.38
1484935813458	30	0	1	196	-0.484	246672.86	1489530
1484935813462	31	0	1	196	-0.968	243051.13	1275244.29
1484935813466	32	0	1	196	-0.968	250399.57	1489530
1484935813477	33	0	1	196	-0.968	243051.13	1625893.64
1484935813481	34	0	1	196	-0.968	246672.86	1374145.38
1484935813491	35	0	1	196	-0.968	243051.13	1275244.29
1484935813496	36	0	1	196	-0.484	243051.13	1489530
1484935813500	37	0	1	196	-0.968	246672.86	1374145.38
1484935813504	38	0	1	196	-0.968	239530	1489530
1484935813507	39	0	1	196	-0.484	246672.86	1374145.38
1484935813511	40	0	1	196	-0.484	254235.88	1275244.29
1484935813515	41	0	1	196	-0.484	246672.86	1275244.29
1484935813526	42	0	1	196	-0.484	246672.86	1374145.38
1484935813530	43	0	1	196	-0.484	250399.57	1489530
1484935813534	44	0	1	196	-0.484	250399.57	1489530
1484935813544	45	0	1	196	-0.484	243051.13	1275244.29
1484935813549	46	0	1	196	-0.484	246672.86	1489530
1484935813553	47	0	1	196	-0.484	250399.57	1489530
1484935813558	48	0	1	196	-0.484	246672.86	1374145.38
1484935813562	49	0	1	196	-0.484	239530	1374145.38
1484935813565	50	0	1	196	-0.484	250399.57	1625893.64
1484935813569	51	0	1	196	-0.968	246672.86	1275244.29
1484935813573	52	0	1	196	-0.484	246672.86	1625893.64
1484935813577	53	0	1	196	-0.484	243051.13	1489530
1484935813581	54	0	1	196	-0.484	246672.86	1625893.64
1484935813585	55	0	1	196	-0.484	246672.86	1489530
1484935813592	56	0	1	196	-0.484	243051.13	1489530
1484935813600	57	0	1	196	-0.968	250399.57	1374145.38
1484935813604	58	0	1	196	-0.968	246672.86	1489530
1484935813615	59	0	1	196	-0.484	250399.57	1489530
1484935813619	60	0	1	196	-0.484	250399.57	1374145.38
1484935813623	61	0	1	196	-0.484	250399.57	1489530
1484935813633	62	0	1	196	-0.484	243051.13	1489530
1484935813637	63	0	1	196	-0.484	254235.88	1489530
1484935813641	64	0	1	196	-0.484	246672.86	1489530
1484935813645	65	0	1	196	-0.484	246672.86	1489530
1484935813649	66	0	1	196	-0.484	250399.57	1489530
1484935813653	67	0	1	196	-0.968	246672.86	1489530
1484935813663	68	0	1	196	-0.484	254235.88	1489530
1484935813668	69	0	1	196	-0.484	250399.57	1625893.64
1484935813671	70	0	1	196	-0.968	250399.57	1489530
1484935813677	71	0	2	196	-0.484	250399.57	1789530
1484935813681	72	0	2	196	-0.484	254235.88	1489530
1484935813685	73	0	2	196	-0.484	254235.88	1489530
1484935813688	74	0	2	196	-0.484	250399.57	1489530
1484935813699	75	0	2	196	-0.484	246672.86	1489530
1484935813703	76	0	2	196	-0.484	250399.57	1489530
1484935813707	77	0	2	196	-0.484	250399.57	1625893.64
1484935813711	78	0	2	196	-0.484	246672.86	1374145.38
1484935813715	79	0	2	196	-0.484	254235.88	1625893.64
1484935813719	80	0	2	196	-0.484	250399.57	1489530
1484935813729	81	0	2	196	-0.968	250399.57	1625893.64
1484935813734	82	0	2	196	-0.968	254235.88	1374145.38
1484935813738	83	0	2	196	-0.484	250399.57	1489530
1484935813745	84	0	2	196	-0.484	254235.88	1489530
1484935813753	85	0	2	196	-0.484	258186.72	1625893.64
1484935813757	86	0	2	196	-0.484	254235.88	1275244.29
1484935813762	87	0	2	196	-0.484	246672.86	1625893.64
1484935813766	88	0	2	196	-0.968	254235.88	1625893.64
1484935813770	89	0	2	196	-0.484	254235.88	1625893.64
1484935813773	90	0	2	196	-0.968	254235.88	1625893.64
1484935813777	91	0	2	196	-0.484	254235.88	1489530
1484935813781	92	0	2	196	-0.484	254235.88	1374145.38
1484935813785	93	0	2	196	-0.484	250399.57	1625893.64
1484935813789	94	0	2	196	-0.484	258186.72	1489530
1484935813799	95	0	2	196	-0.484	254235.88	1625893.64
1484935813803	96	0	2	196	-0.484	262257.27	1489530
1484935813807	97	0	2	196	-0.484	258186.72	1374145.38
1484935813818	98	0	2	196	-0.484	254235.88	1489530
1484935813822	99	0	2	196	-0.968	250399.57	1625893.64
1484935813832	100	0	2	196	-0.484	262257.27	1489530
1484935813836	101	0	2	196	-0.484	258186.72	1374145.38
1484935813840	102	0	2	196	-0.484	254235.88	1489530
1484935813844	103	0	2	196	-0.484	262257.27	1489530
1484935813848	104	0	2	196	-0.484	262257.27	1489530
1484935813852	105	0	2	196	-0.484	258186.72	1489530
1484935813860	106	0	2	196	-0.484	262257.27	1275244.29
1484935813867	107	0	2	196	-0.484	266453.08	1275244.29
1484935813871	108	0	2	196	-0.484	254235.88	1275244.29
1484935813875	109	0	2	196	-0.484	262257.27	1625893.64
1484935813886	110	0	2	196	-0.484	258186.72	1189530
1484935813890	111	0	2	196	-0.484	258186.72	1374145.38
1484935813901	112	0	2	196	-0.484	254235.88	1489530
1484935813905	113	0	2	196	-0.484	262257.27	1374145.38
1484935813908	114	0	2	196	-0.484	262257.27	1625893.64
1484935813912	115	0	2	196	-0.484	262257.27	1374145.38
1484935813916	116	0	2	196	-0.484	262257.27	1374145.38
1484935813920	117	0	2	196	-0.484	262257.27	1625893.64
1484935813931	118	0	2	196	-0.484	262257.27	1489530
1484935813935	119	0	2	196	-0.484	258186.72	1489530
1484935813939	120	0	2	196	-0.484	254235.88	1374145.38
1484935813944	121	0	2	196	-0.484	262257.27	1625893.64
1484935813948	122	0	2	196	-0.484	262257.27	1374145.38
1484935813952	123	0	2	196	-0.484	254235.88	1789530
1484935813956	124	0	2	196	-0.484	258186.72	1789530
1484935813966	125	0	2	196	-0.484	258186.72	1374145.38
1484935813970	126	0	2	196	-0.484	262257.27	1374145.38
1484935813974	127	0	2	196	-0.484	262257.27	1625893.64
1484935813978	128	0	2	196	-0.484	258186.72	1275244.29
1484935813982	129	0	2	196	-0.484	262257.27	1489530
1484935813986	130	0	2	196	-0.484	258186.72	1374145.38
1484935813998	131	0	2	196	-0.484	258186.72	1374145.38
1484935814002	132	0	2	196	-0.484	258186.72	1489530
1484935814006	133	0	2	196	-0.484	266453.08	1625893.64
1484935814016	134	0	2	196	-0.484	262257.27	1625893.64
1484935814021	135	0	2	196	-0.484	266453.08	1489530
1484935814025	136	0	2	196	-0.484	262257.27	1374145.38
1484935814029	137	0	2	196	-0.484	258186.72	1489530
1484935814033	138	0	2	196	-0.484	262257.27	1489530
1484935814039	139	0	2	196	-0.484	262257.27	1374145.38
1484935814043	140	0	2	196	-0.968	258186.72	1489530
1484935814047	141	0	2	196	-0.484	266453.08	1625893.64
1484935814051	142	0	2	196	-0.484	262257.27	1489530
1484935814055	143	0	2	196	-0.484	266453.08	1489530
1484935814066	144	0	2	196	-0.484	254235.88	1275244.29
1484935814070	145	0	2	196	-0.484	266453.08	1374145.38
1484935814074	146	0	2	196	-0.484	266453.08	1275244.29
1484935814079	147	0	2	196	-0.484	266453.08	1374145.38
1484935814083	148	0	2	196	-0.484	266453.08	1489530
1484935814087	149	0	2	196	-0.484	266453.08	1374145.38
1484935814091	150	0	2	196	-0.968	262257.27	1489530
1484935814095	151	0	2	196	-0.484	266453.08	1489530
1484935814099	152	0	2	196	-0.484	262257.27	1625893.64
1484935814103	153	0	2	196	-0.484	266453.08	1374145.38
1484935814107	154	0	2	196	-0.484	258186.72	1489530
1484935814111	155	0	2	196	-0.968	266453.08	1489530
1484935814115	156	0	2	196	-0.484	262257.27	1374145.38
1484935814119	157	0	2	196	-0.484	266453.08	1489530
1484935814122	158	0	2	196	-0.484	266453.08	1625893.64
1484935814127	159	0	2	196	-0.968	266453.08	1374145.38
1484935814131	160	0	2	196	-0.484	266453.08	1374145.38
1484935814135	161	0	2	196	-0.484	258186.72	1489530
1484935814140	162	0	2	196	-0.484	262257.27	1374145.38
1484935814144	163	0	2	196	-0.484	266453.08	1489530
1484935814148	164	0	2	196	-0.484	262257.27	1489530
1484935814152	165	0	2	196	-0.484	266453.08	1275244.29
1484935814156	166	0	2	196	-0.484	266453.08	1489530
1484935814160	167	0	2	196	-0.484	262257.27	1374145.38
1484935814164	168	0	2	196	-0.484	266453.08	1374145.38
1484935814168	169	0	2	196	-0.484	275244.29	1275244.29
1484935814172	170	0	2	196	-0.968	270780	1489530
1484935814176	171	1	2	196	-0.484	266453.08	1374145.38
1484935814180	172	1	1	196	-0.484	275244.29	1489530
1484935814184	173	1	1	196	-0.484	270780	1374145.38
1484935814189	174	1	1	196	-0.484	270780	1374145.38
1484935814193	175	1	1	196	-0.968	275244.29	1275244.29
1484935814197	176	1	1	196	-0.484	270780	1275244.29
1484935814201	177	1	1	196	-0.968	270780	1374145.38
1484935814205	178	1	1	196	-0.484	275244.29	1275244.29
1484935814209	179	1	1	196	-0.484	270780	1374145.38
1484935814214	180	1	1	196	-0.484	275244.29	1275244.29
1484935814218	181	1	1	196	-0.484	275244.29	1275244.29
1484935814221	182	1	1	196	-0.968	275244.29	1189530
1484935814225	183	1	1	196	-0.484	279852.58	1275244.29
1484935814229	184	1	1	196	-0.484	284611.97	1189530
1484935814233	185	1	1	196	-0.484	289530	1275244.29
1484935814237	186	1	1	196	-0.484	284611.97	1374145.38
1484935814241	187	1	1	196	-0.968	284611.97	1275244.29
1484935814246	188	1	1	196	-0.484	279852.58	1189530
1484935814250	189	1	1	196	-0.968	279852.58	1275244.29
1484935814254	190	1	1	196	-0.968	279852.58	1275244.29
1484935814258	191	1	1	196	-0.968	270780	1189530
1484935814262	192	1	1	196	-0.968	279852.58	1374145.38
1484935814266	193	1	1	196	-0.968	279852.58	1275244.29
1484935814270	194	1	1	196	-0.968	275244.29	1275244.29
1484935814275	195	1	1	196	-0.968	275244.29	1189530
1484935814279	196	1	1	196	-0.484	270780	1189530
1484935814282	197	1	1	196	-0.484	279852.58	1189530
1484935814286	198	1	1	196	5.321	270780	1189530
1484935814290	199	1	1	196	6.289	284611.97	1189530
1484935814294	200	1	1	196	0.484	284611.97	1048353.53
1484935814298	201	1	1	196	-0.484	279852.58	1114530
1484935814302	202	1	1	196	-0.484	275244.29	1114530
1484935814307	203	1	1	196	-0.968	275244.29	1189530
1484935814311	204	1	1	196	-0.968	279852.58	1189530
1484935814314	205	1	1	196	-0.968	279852.58	1189530
1484935814319	206	1	1	196	-0.484	279852.58	1189530
1484935814323	207	1	1	196	-0.968	275244.29	1275244.29
1484935814327	208	1	1	196	-0.968	275244.29	1114530
1484935814331	209	1	1	196	-0.968	275244.29	1275244.29
1484935814336	210	1	1	196	-0.968	275244.29	1275244.29
1484935814340	211	1	1	196	-0.968	275244.29	1275244.29
1484935814343	212	1	1	196	-0.484	279852.58	1275244.29
1484935814347	213	1	1	196	-0.484	279852.58	1275244.29
1484935814351	214	1	1	196	-0.484	279852.58	1275244.29
1484935814355	215	1	1	196	-0.968	275244.29	1275244.29
1484935814359	216	1	1	196	-0.968	266453.08	1189530
1484935814363	217	1	1	196	-0.484	279852.58	1489530
1484935814368	218	1	1	196	-0.968	275244.29	1189530
1484935814372	219	1	1	196	-0.484	279852.58	1189530
1484935814376	220	1	1	196	-0.484	279852.58	1189530
1484935814380	221	1	1	196	-0.968	275244.29	1189530
1484935814384	222	1	1	196	-0.968	275244.29	1189530
1484935814388	223	1	1	196	-0.968	284611.97	1048353.53
1484935814392	224	1	1	196	-0.484	275244.29	1275244.29
1484935814397	225	1	1	196	-0.968	275244.29	1114530
1484935814401	226	1	1	196	-0.968	270780	1189530
1484935814405	227	1	1	196	-0.484	279852.58	1275244.29
1484935814408	228	1	1	196	-0.968	279852.58	1275244.29
1484935814412	229	1	1	196	-0.968	275244.29	1189530
1484935814416	230	1	1	196	-0.484	275244.29	1275244.29
1484935814420	231	1	1	196	-0.968	275244.29	1275244.29
1484935814424	232	1	1	196	-0.484	275244.29	1374145.38
1484935814429	233	1	1	196	-0.968	279852.58	1275244.29
1484935814433	234	1	1	196	-0.968	275244.29	1374145.38
1484935814437	235	1	1	196	-0.968	279852.58	1489530
1484935814442	236	1	1	196	-0.484	279852.58	1374145.38
1484935814446	237	1	1	196	-0.484	279852.58	1489530
1484935814450	238	1	1	196	-0.484	284611.97	1789530
1484935814453	239	1	1	196	-0.968	294614.75	2239530
1484935814458	240	1	1	196	-0.484	299874.83	4489530
1484935814462	241	1	1	196	-0.484	322863.33	8989530
1484935814466	242	1	1	196	-0.968	335683.85	inf
1484935814470	243	1	1	196	-0.484	322863.33	inf
1484935814474	244	1	1	196	-0.968	223296.23	2560958.57
1484935814477	245	1	1	196	-0.968	117189.57	60676.25
1484935814481	246	1	1	196	-0.968	54984.55	25458.14
1484935814485	247	1	1	196	-0.968	45430.62	58232.29
1484935814490	248	1	1	196	13.062	38845.07	38047.52
1484935814494	249	1	1	196	29.994	33539.78	35565.81
1484935814498	250	1	1	196	38.218	30253.98	33113.54
1484935814502	251	1	1	196	44.507	28156.61	30909.31
1484935814506	252	1	1	196	52.247	25386.57	25530
1484935814510	253	1	1	196	57.085	21108.95	18238.13
1484935814514	254	1	1	196	62.89	17831.89	11945.94
1484935814518	255	1	1	196	69.663	16078.67	11890.25
1484935814523	256	1	1	196	77.403	15244.29	15244.29
1484935814527	257	1	1	196	84.66	14634.6	16720.33
1484935814531	258	1	1	196	90.465	14086.62	57971.06
1484935814535	259	1	1	196	96.27	13756.11	44914.62
1484935814539	260	1	1	196	100.624	13498.04	83280
1484935814542	261	1	1	196	104.978	12906.62	36405
1484935814546	262	1	1	196	110.299	12998.06	463214.21
1484935814551	263	1	1	196	117.072	12430.76	552030
1484935814556	264	1	1	196	122.394	11086.89	223296.23
1484935814559	265	1	1	196	126.264	11061.1	380834.35
1484935814564	266	1	1	196	131.102	11242.91	1275244.29
1484935814568	267	1	1	196	134.488	10509.02	936898.42
1484935814572	268	1	1	196	138.358	10435.92	1989530
1484935814576	269	1	1	196	141.744	9891.99	807711.82
1484935814580	270	1	1	196	145.615	9709.37	1114530
1484935814584	271	1	1	196	149.001	9777.47	1489530
1484935814588	272	1	1	196	152.387	9463.55	2239530
1484935814592	273	1	1	196	155.29	9375.64	5989530
1484935814596	274	1	1	196	158.193	9441.5	2989530
1484935814600	275	1	1	196	160.611	9116.51	2560958.57
1484935814604	276	1	1	196	163.03	8905.67	8989530
1484935814607	277	1	1	196	165.933	9073.97	8989530
1484935814612	278	1	1	196	168.836	8699.33	17989530
1484935814616	279	1	1	196	171.254	8497.33	8989530
1484935814621	280	1	1	196	173.189	8397.92	17989530
1484935814625	281	1	1	196	175.608	8338.78	5989530
1484935814629	282	1	1	196	177.06	8241.02	17989530
1484935814633	283	1	1	196	178.995	8202.2	5989530
1484935814637	284	1	1	196	180.446	8221.59	17989530
1484935814642	285	1	1	196	182.381	7991.54	5989530
1484935814646	286	1	1	196	183.832	7841.29	17989530
1484935814650	287	1	1	196	185.284	7767.08	17989530
1484935814654	288	1	1	196	186.251	7730.2	8989530
1484935814658	289	1	1	196	187.219	7767.08	17989530
1484935814661	290	1	1	196	188.186	7841.29	3589530
1484935814665	291	1	1	196	189.154	7804.11	1989530
1484935814669	292	1	1	196	190.121	7656.89	104914.62
1484935814674	293	1	1	196	191.089	7584.16	107177.06
1484935814678	294	1	1	196	191.573	7548.02	23946.83
1484935814682	295	1	1	196	192.057	7548.02	34984.55
1484935814687	296	1	2	196	192.54	7584.16	69530
1484935814691	297	1	2	196	192.54	7476.16	29888.74
1484935814695	298	1	2	196	193.024	7440.45	50546.95
1484935814699	299	1	2	196	193.024	7422.64	69887.14
1484935814703	300	1	2	196	193.508	7351.78	35921.75
1484935814709	301	1	2	196	193.024	7316.56	50546.95
1484935814713	302	1	2	196	193.024	7316.56	62110.65
1484935814717	303	1	2	196	190.121	7299	68825.15
1484935814721	304	1	2	196	181.897	7299	81837.69
1484935814725	305	1	2	196	172.222	7369.44	76486.52
1484935814729	306	1	2	196	160.611	7548.02	206397.47
1484935814734	307	1	2	196	145.131	7656.89	589530
1484935814738	308	1	2	196	131.585	7991.54	87356.09
1484935814742	309	1	2	196	119.007	8338.78	2560958.57
1484935814746	310	1	2	196	104.01	8760.77	4489530
1484935814750	311	1	2	196	91.432	9095.22	342471.18
1484935814754	312	1	2	196	79.822	9596.89	4489530
1484935814758	313	1	2	196	68.695	10219.66	1048353.53
1484935814763	314	1	2	196	55.633	11269.13	31684.57
1484935814767	315	1	2	196	44.991	12430.76	29888.74
1484935814771	316	1	2	196	35.799	13920.24	47971.56
1484935814775	317	1	2	196	26.124	15354.96	22376.72
1484935814778	318	1	2	196	17.899	17307.78	22925.18
1484935814782	319	1	2	196	9.675	19580.08	29003.68
1484935814786	320	1	2	196	2.903	22497.03	37917.1
1484935814790	321	1	2	196	-0.968	26115.37	44914.62
1484935814795	322	1	2	196	-0.484	32184.03	71721.78
1484935814799	323	1	2	196	-0.968	39530	127991.54
1484935814803	324	1	2	196	-0.968	49132.65	147424.74
1484935814807	325	1	2	196	-0.484	63910.17	189530
1484935814811	326	1	2	196	-0.968	79082.24	220299.23
1484935814815	327	1	2	196	-0.968	92978.28	246672.86
1484935814819	328	1	2	196	-0.968	102737.55	275244.29
1484935814824	329	1	2	196	-0.484	112817.67	299874.83
1484935814828	330	1	2	196	-0.968	119964.78	356876.94
1484935814832	331	1	2	196	-0.968	129064.88	380834.35
1484935814836	332	1	2	196	-0.968	140790.5	451068.46
1484935814839	333	1	2	196	-0.968	151692.16	463214.21
1484935814843	334	1	2	196	-0.484	160958.57	518941.76
1484935814847	335	1	2	196	-0.484	173203.47	632387.14
1484935814851	336	1	2	196	-0.484	181019.36	656196.67
1484935814856	337	1	2	196	-0.968	189530	709530
1484935814860	338	1	2	196	-0.968	196426.55	1114530
1484935814864	339	1	2	196	-0.968	201294.71	936898.42
1484935814868	340	1	2	196	-0.484	206397.47	709530
1484935814872	341	1	2	196	-0.968	217378.1	709530
1484935814876	342	1	2	196	-0.484	223296.23	739530
1484935814880	343	1	2	196	-0.968	223296.23	709530
1484935814885	344	1	2	196	-0.968	226372.11	807711.82
1484935814889	345	1	2	196	-0.484	229530	772138.7
1484935814893	346	1	2	196	-0.484	232773.24	846672.86
1484935814897	347	1	2	196	-0.968	239530	846672.86
1484935814901	348	1	2	196	-0.968	239530	1625893.64
1484935814905	349	1	2	196	-0.484	236105.34	846672.86
1484935814909	350	1	2	196	-0.484	239530	1048353.53
1484935814912	351	1	2	196	-0.484	246672.86	1189530
1484935814917	352	1	2	196	-0.968	246672.86	1625893.64
1484935814921	353	1	2	196	-0.484	254235.88	1189530
1484935814925	354	1	2	196	-0.968	250399.57	1114530
1484935814930	355	1	2	196	-0.968	254235.88	1275244.29
1484935814934	356	1	2	196	-0.968	254235.88	1114530
1484935814938	357	1	2	196	-0.968	258186.72	1275244.29
1484935814942	358	1	2	196	-0.484	254235.88	1489530
1484935814947	359	1	2	196	-0.968	258186.72	1114530
1484935814951	360	1	2	196	-0.484	262257.27	1374145.38
1484935814955	361	1	2	196	-0.968	262257.27	1374145.38
1484935814958	362	1	2	196	-0.968	262257.27	1374145.38
1484935814962	363	1	2	196	-0.968	262257.27	1189530
1484935814966	364	1	2	196	-0.484	266453.08	1275244.29
1484935814970	365	1	2	196	-0.968	262257.27	1114530
1484935814974	366	1	2	196	-0.484	262257.27	1114530
1484935814979	367	1	2	196	-0.484	262257.27	1189530
1484935814983	368	1	2	196	-0.968	266453.08	1189530
1484935814987	369	1	2	196	-0.484	258186.72	1189530
1484935814992	370	1	2	196	-0.968	262257.27	1189530
1484935814996	371	1	2	196	-0.484	266453.08	1114530
1484935815000	372	1	2	196	-0.968	270780	1048353.53
1484935815004	373	1	2	196	-0.484	266453.08	1275244.29
1484935815008	374	1	2	196	-0.484	266453.08	1114530
1484935815012	375	1	2	196	-0.968	266453.08	1275244.29
1484935815016	376	1	2	196	-0.484	270780	1189530
1484935815020	377	1	2	196	-0.968	266453.08	1189530
1484935815024	378	1	2	196	-0.968	266453.08	1275244.29
1484935815028	379	1	2	196	-0.968	266453.08	1189530
1484935815031	380	1	2	196	-0.968	270780	1275244.29
1484935815035	381	1	2	196	-0.968	270780	1275244.29
1484935815040	382	1	2	196	-0.484	294614.75	1048353.53
1484935815045	383	1	2	196	-0.484	289530	1189530
1484935815048	384	1	2	196	-0.484	299874.83	1048353.53
1484935815053	385	1	2	196	-0.484	294614.75	1048353.53
1484935815057	386	1	2	196	-0.484	294614.75	1189530
1484935815061	387	1	2	196	-0.484	299874.83	1189530
1484935815065	388	1	2	196	-0.968	294614.75	1189530
1484935815070	389	1	2	196	-0.484	294614.75	1189530
1484935815074	390	1	2	196	-0.484	294614.75	1275244.29
1484935815078	391	1	2	196	-0.484	294614.75	1189530
1484935815081	392	1	2	196	-0.484	289530	1275244.29
1484935815086	393	1	2	196	-0.484	294614.75	1189530
1484935815090	394	1	2	196	-0.968	294614.75	1275244.29
1484935815093	395	1	2	196	-0.968	294614.75	1275244.29
1484935815097	396	1	2	196	-0.484	289530	1275244.29
1484935815102	397	1	2	196	-0.484	294614.75	1275244.29
1484935815106	398	1	2	196	-0.484	289530	1189530
1484935815110	399	1	2	196	-0.484	289530	1275244.29
1484935815115	400	1	2	196	-0.484	284611.97	1275244.29
1484935815119	401	1	2	196	-0.484	289530	1275244.29
1484935815123	402	1	2	196	-0.968	289530	1189530
1484935815126	403	1	2	196	-0.484	289530	1275244.29
1484935815131	404	1	2	196	-0.968	289530	1275244.29
1484935815135	405	1	2	196	-0.484	284611.97	1275244.29
1484935815139	406	1	2	196	-0.484	284611.97	1114530
1484935815143	407	1	2	196	-0.968	284611.97	1275244.29
1484935815147	408	1	2	196	-0.484	284611.97	1189530
1484935815150	409	1	2	196	-0.484	284611.97	1275244.29
1484935815154	410	1	2	196	-0.484	279852.58	1374145.38
1484935815158	411	1	2	196	-0.484	284611.97	1275244.29
1484935815163	412	1	2	196	-0.484	284611.97	1275244.29
1484935815167	413	1	2	196	-0.484	279852.58	1275244.29
1484935815171	414	1	2	196	-0.484	279852.58	1275244.29
1484935815175	415	1	2	196	-0.484	279852.58	1189530
1484935815179	416	1	2	196	-0.484	279852.58	1275244.29
1484935815183	417	1	2	196	-0.484	270780	1374145.38
1484935815187	418	2	2	196	-0.484	284611.97	1275244.29
1484935815192	419	2	1	196	-0.484	275244.29	1489530
1484935815196	420	2	1	196	-0.484	279852.58	1489530
1484935815200	421	2	1	196	-0.484	275244.29	1489530
1484935815204	422	2	1	196	-0.484	275244.29	1489530
1484935815208	423	2	1	196	-0.484	275244.29	1625893.64
1484935815212	424	2	1	196	-0.484	270780	1489530
1484935815215	425	2	1	196	-0.484	279852.58	1489530
1484935815219	426	2	1	196	-0.484	279852.58	1489530
1484935815224	427	2	1	196	-0.484	275244.29	1489530
1484935815228	428	2	1	196	-0.484	266453.08	1489530
1484935815232	429	2	1	196	-0.484	275244.29	1275244.29
1484935815237	430	2	1	196	-0.484	270780	1374145.38
1484935815241	431	2	1	196	-0.484	270780	1374145.38
1484935815245	432	2	1	196	-0.968	279852.58	1275244.29
1484935815248	433	2	1	196	-0.484	279852.58	1374145.38
1484935815253	434	2	1	196	-0.968	279852.58	1275244.29
1484935815257	435	2	1	196	-0.968	275244.29	1275244.29
1484935815261	436	2	1	196	-0.968	270780	1275244.29
1484935815265	437	2	1	196	-0.484	266453.08	1275244.29
1484935815269	438	2	1	196	-0.968	270780	1374145.38
1484935815273	439	2	1	196	-0.968	270780	1374145.38
1484935815276	440	2	1	196	-0.968	279852.58	1275244.29
1484935815280	441	2	1	196	-0.968	266453.08	1275244.29
1484935815285	442	2	1	196	-0.484	275244.29	1489530
1484935815289	443	2	1	196	-0.484	270780	1374145.38
1484935815293	444	2	1	196	0.968	270780	1189530
1484935815297	445	2	1	196	1.935	275244.29	1374145.38
1484935815301	446	2	1	196	2.903	275244.29	1489530
1484935815305	447	2	1	196	-0.484	270780	1489530
1484935815309	448	2	1	196	-0.484	270780	1374145.38
1484935815314	449	2	1	196	-0.968	266453.08	1275244.29
1484935815318	450	2	1	196	-0.968	266453.08	1374145.38
1484935815322	451	2	1	196	-0.968	270780	1374145.38
1484935815325	452	2	1	196	-0.968	275244.29	1489530
1484935815329	453	2	1	196	-0.484	266453.08	1625893.64
1484935815333	454	2	1	196	-0.968	270780	1489530
1484935815337	455	2	1	196	-0.968	258186.72	1625893.64
1484935815341	456	2	1	196	-0.968	266453.08	1625893.64
1484935815346	457	2	1	196	-0.968	266453.08	1489530
1484935815350	458	2	1	196	-0.968	266453.08	1489530
1484935815354	459	2	1	196	-0.968	262257.27	1489530
1484935815359	460	2	1	196	-0.968	262257.27	1489530
1484935815363	461	2	1	196	-0.968	258186.72	1489530
1484935815367	462	2	1	196	-0.968	258186.72	1625893.64
1484935815370	463	2	1	196	-0.968	258186.72	1489530
1484935815375	464	2	1	196	-0.484	262257.27	1489530
1484935815379	465	2	1	196	-0.968	258186.72	1489530
1484935815383	466	2	1	196	-0.484	258186.72	1374145.38
1484935815387	467	2	1	196	-0.968	258186.72	1625893.64
1484935815391	468	2	1	196	-0.968	266453.08	1489530
1484935815394	469	2	1	196	-0.968	254235.88	1625893.64
1484935815398	470	2	1	196	-0.968	258186.72	1625893.64
1484935815402	471	2	1	196	-0.484	258186.72	1789530
1484935815407	472	2	1	196	-0.484	262257.27	1489530
1484935815411	473	2	1	196	-0.968	266453.08	1489530
1484935815415	474	2	1	196	-0.484	258186.72	1625893.64
1484935815419	475	2	1	196	-0.968	262257.27	1625893.64
1484935815423	476	2	1	196	-0.968	266453.08	1489530
1484935815427	477	2	1	196	-0.484	258186.72	1625893.64
1484935815431	478	2	1	196	-0.968	266453.08	1625893.64
1484935815436	479	2	1	196	-0.968	266453.08	1625893.64
1484935815440	480	2	1	196	-0.968	258186.72	1789530
1484935815444	481	2	1	196	-0.968	266453.08	1789530
1484935815447	482	2	1	196	-0.968	266453.08	1989530
1484935815451	483	2	1	196	-0.968	266453.08	2239530
1484935815455	484	2	1	196	-0.968	266453.08	2239530
1484935815459	485	2	1	196	-0.968	275244.29	2560958.57
1484935815463	486	2	1	196	-0.484	270780	2989530
1484935815468	487	2	1	196	-0.484	284611.97	5989530
1484935815472	488	2	1	196	-0.484	289530	inf
1484935815476	489	2	1	196	-0.968	322863.33	inf
1484935815481	490	2	1	196	-0.968	196426.55	inf
1484935815485	491	2	1	196	-0.484	134691.29	138290.33
1484935815488	492	2	1	196	-0.484	76068.46	106413.12
1484935815492	493	2	1	196	-0.484	54278.2	49730.67
1484935815497	494	2	1	196	38.218	44075.45	42627.35
1484935815501	495	2	1	196	36.283	38443.04	59297.44
1484935815505	496	2	1	196	32.896	33113.54	30070.54
1484935815509	497	2	1	196	40.153	29979.44	20671.87
1484935815512	498	2	1	196	47.893	27746.56	26490.99
1484935815516	499	2	1	196	53.215	24346.25	25173.56
1484935815520	500	2	1	196	59.02	19986.85	23750.53
1484935815524	501	2	1	196	65.793	17010.92	270780
1484935815529	502	2	1	196	74.017	15392.07	11061.1
1484935815533	503	2	1	196	80.79	14564.77	13090.21
1484935815537	504	2	1	196	87.562	13821.5	17307.78
1484935815542	505	2	1	196	94.819	13183.09	18146.85
1484935815546	506	2	1	196	100.14	12937.02	22376.72
1484935815550	507	2	1	196	104.494	12372.64	29265.1
1484935815553	508	2	1	196	109.816	11561.82	19430.33
1484935815558	509	2	1	196	116.105	10706.47	41403.2
1484935815562	510	2	1	196	121.426	10460.23	36283.25
1484935815566	511	2	1	196	126.748	10219.66	29798.46
1484935815570	512	2	1	196	130.618	10031.14	44744.72
1484935815574	513	2	1	196	134.972	9891.99	50546.95
1484935815578	514	2	1	196	138.358	9619.29	59028.07
1484935815581	515	2	1	196	142.712	9331.98	171348.18
1484935815585	516	2	1	196	146.582	9137.84	1625893.64
1484935815590	517	2	1	196	150.936	8926.55	1625893.64
1484935815594	518	2	1	196	154.806	8740.25	552030
1484935815598	519	2	1	196	157.709	8638.28	1625893.64
1484935815603	520	2	1	196	161.579	8597.8	1189530
1484935815607	521	2	1	196	164.482	8457.44	1789530
1484935815611	522	2	1	196	166.9	8299.55	1625893.64
1484935815614	523	2	1	196	169.319	8221.59	3589530
1484935815619	524	2	1	196	172.706	8086.7	1989530
1484935815623	525	2	1	196	175.125	7953.75	4489530
1484935815627	526	2	1	196	177.06	7878.62	23364.59
1484935815631	527	2	1	196	179.479	7767.08	11588.82
1484935815635	528	2	1	196	180.93	7730.2	12937.02
1484935815638	529	2	1	196	182.865	7656.89	7859.94
1484935815642	530	2	1	196	184.316	7584.16	10484.6
1484935815646	531	2	1	196	186.251	7512.02	19935.41
1484935815651	532	2	1	196	188.67	7440.45	10558.04
1484935815655	533	2	1	196	189.638	7387.14	9777.47
1484935815659	534	2	1	196	191.089	7369.44	9052.78
1484935815663	535	2	1	196	192.54	7281.48	6787.91
1484935815668	536	2	1	196	193.024	7246.54	13245.42
1484935815671	537	2	1	196	193.992	7194.38	9266.84
1484935815675	538	2	1	196	194.959	7194.38	10291.25
1484935815680	539	2	1	196	195.927	7108.12	10363.33
1484935815684	540	2	1	196	196.894	7056.78	12547.9
1484935815688	541	2	1	196	197.378	7022.71	21332.12
1484935815692	542	2	1	196	197.378	6988.78	21962.43
1484935815695	543	2	2	196	197.862	6954.98	24279.03
1484935815699	544	2	2	196	197.862	6904.52	25032.96
1484935815703	545	2	2	196	198.346	6921.3	28917.31
1484935815707	546	2	2	196	198.829	6837.69	31586.07
1484935815712	547	2	2	196	199.313	6837.69	31293.34
1484935815716	548	2	2	196	198.829	6821.07	33756.04
1484935815720	549	2	2	196	198.829	6804.47	34306.12
1484935815724	550	2	2	196	196.894	6787.91	41254.14
1484935815728	551	2	2	196	189.638	6787.91	24549.46
1484935815732	552	2	2	196	179.479	6821.07	11190.65
1484935815736	553	2	2	196	167.868	6971.86	41254.14
1484935815741	554	2	2	196	153.839	7177.06	27665.59
1484935815745	555	2	2	196	140.777	7512.02	21332.12
1484935815749	556	2	2	196	128.199	7785.58	38178.65
1484935815753	557	2	2	196	115.621	7991.54	31684.57
1484935815756	558	2	2	196	103.043	8378.17	49330.66
1484935815760	559	2	2	196	90.949	8760.77	2989530
1484935815764	560	2	2	196	79.822	9266.84	151692.16
1484935815768	561	2	2	196	68.695	9868.98	45780
1484935815773	562	2	2	196	55.15	10933.09	53134.24
1484935815777	563	2	2	196	44.507	12030	32184.03
1484935815781	564	2	2	196	34.831	13339.52	19430.33
1484935815786	565	2	2	196	23.705	15354.96	19480.08
1484935815790	566	2	2	196	14.997	17307.78	20564.48
1484935815793	567	2	2	196	7.257	19680.75	22740.33
1484935815797	568	2	2	196	-0.484	23049.55	31882.94
1484935815803	569	2	2	196	-0.484	28575.55	39669.28
1484935815806	570	2	2	196	-0.968	34984.55	65160.25
1484935815810	571	2	2	196	-0.484	43584.05	109530
1484935815814	572	2	2	196	-0.968	54984.55	134691.29
1484935815818	573	2	2	196	-0.968	67116.21	160958.57
1484935815822	574	2	2	196	-0.968	81837.69	198832.33
1484935815826	575	2	2	196	-0.484	95412.35	232773.24
1484935815830	576	2	2	196	-0.968	104914.62	262257.27
1484935815835	577	2	2	196	-0.968	112817.67	279852.58
1484935815839	578	2	2	196	-0.968	121882.94	389530
1484935815843	579	2	2	196	-0.968	130155	380834.35
1484935815847	580	2	2	196	-0.968	146051.74	428554.39
1484935815851	581	2	2	196	-0.968	153166.36	503815.71
1484935815855	582	2	2	196	-0.484	166000.59	534984.55
1484935815859	583	2	2	196	-0.484	173203.47	534984.55
1484935815864	584	2	2	196	-0.968	181019.36	570175.16
1484935815867	585	2	2	196	-0.968	191777.19	632387.14
1484935815871	586	2	2	196	-0.484	196426.55	632387.14
1484935815875	587	2	2	196	-0.484	206397.47	681837.69
1484935815879	588	2	2	196	-0.484	209042.2	681837.69
1484935815883	589	2	2	196	-0.968	214530	709530
1484935815887	590	2	2	196	-0.968	214530	709530
1484935815891	591	2	2	196	-0.968	220299.23	772138.7
1484935815896	592	2	2	196	-0.968	220299.23	846672.86
1484935815900	593	2	2	196	-0.484	226372.11	807711.82
1484935815904	594	2	2	196	-0.484	229530	846672.86
1484935815908	595	2	2	196	-0.484	236105.34	889530
1484935815912	596	2	2	196	-0.484	236105.34	936898.42
1484935815916	597	2	2	196	-0.968	236105.34	936898.42
1484935815920	598	2	2	196	-0.968	239530	936898.42
1484935815925	599	2	2	196	-0.968	243051.13	936898.42
1484935815929	600	2	2	196	-0.968	246672.86	936898.42
1484935815933	601	2	2	196	-0.484	243051.13	989530
1484935815937	602	2	2	196	-0.968	246672.86	989530
1484935815941	603	2	2	196	-0.968	250399.57	989530
1484935815945	604	2	2	196	-0.484	254235.88	989530
1484935815948	605	2	2	196	-0.484	254235.88	989530
1484935815952	606	2	2	196	-0.484	262257.27	1048353.53
1484935815957	607	2	2	196	-0.484	254235.88	1048353.53
1484935815961	608	2	2	196	-0.968	258186.72	989530
1484935815965	609	2	2	196	-0.484	258186.72	1048353.53
1484935815970	610	2	2	196	-0.968	266453.08	989530
1484935815974	611	2	2	196	-0.968	266453.08	1048353.53
1484935815978	612	2	2	196	-0.484	262257.27	1048353.53
1484935815981	613	2	2	196	-0.968	258186.72	989530
1484935815986	614	2	2	196	-0.484	266453.08	1114530
1484935815990	615	2	2	196	-0.484	275244.29	1114530
1484935815994	616	2	2	196	-0.968	275244.29	1048353.53
1484935815998	617	2	2	196	-0.968	279852.58	1189530
1484935816002	618	2	2	196	-0.968	275244.29	1189530
1484935816005	619	2	2	196	-0.484	275244.29	1114530
1484935816009	620	2	2	196	-0.484	289530	1189530
1484935816013	621	2	2	196	-0.484	289530	1275244.29
1484935816018	622	2	2	196	-0.484	284611.97	1189530
1484935816022	623	2	2	196	-0.968	289530	1048353.53
1484935816026	624	2	2	196	-0.484	284611.97	1189530
1484935816030	625	2	2	196	-0.968	289530	1048353.53
1484935816034	626	2	2	196	-0.968	284611.97	1114530
1484935816038	627	2	2	196	-0.484	289530	1114530
1484935816042	628	2	2	196	-0.484	289530	989530
1484935816047	629	2	2	196	-0.968	284611.97	1048353.53
1484935816051	630	2	2	196	-0.484	284611.97	1114530
1484935816055	631	2	2	196	-0.968	284611.97	1048353.53
1484935816059	632	2	2	196	-0.968	284611.97	1114530
1484935816062	633	2	2	196	-0.484	279852.58	989530
1484935816066	634	2	2	196	-0.968	284611.97	1189530
1484935816070	635	2	2	196	-0.484	279852.58	1189530
1484935816074	636	2	2	196	-0.484	284611.97	1048353.53
1484935816079	637	2	2	196	-0.968	284611.97	1048353.53
1484935816083	638	2	2	196	-0.484	279852.58	1114530
1484935816087	639	2	2	196	-0.484	279852.58	1189530
1484935816092	640	2	2	196	-0.968	284611.97	1048353.53
1484935816096	641	2	2	196	-0.484	275244.29	1114530
1484935816100	642	2	2	196	-0.968	275244.29	1048353.53
1484935816103	643	2	2	196	-0.484	270780	1114530
1484935816108	644	2	2	196	-0.968	279852.58	1275244.29
1484935816112	645	2	2	196	-0.484	275244.29	1189530
1484935816116	646	2	2	196	-0.968	275244.29	1189530
1484935816120	647	2	2	196	-0.484	275244.29	1189530
1484935816124	648	2	2	196	-0.484	266453.08	1189530
1484935816128	649	2	2	196	-0.968	275244.29	1114530
1484935816132	650	2	2	196	-0.484	270780	1275244.29
1484935816136	651	2	2	196	-0.484	275244.29	1275244.29
1484935816141	652	2	2	196	-0.484	279852.58	1275244.29
1484935816145	653	2	2	196	-0.484	275244.29	1189530
1484935816148	654	2	2	196	-0.484	262257.27	1189530
1484935816153	655	2	2	196	-0.484	266453.08	1189530
1484935816157	656	2	2	196	-0.484	270780	1275244.29
1484935816161	657	2	2	196	-0.484	275244.29	1189530
1484935816165	658	2	2	196	-0.484	266453.08	1275244.29
1484935816169	659	2	2	196	-0.484	270780	1275244.29
1484935816173	660	2	2	196	-0.484	266453.08	1275244.29
1484935816177	661	2	2	196	-0.968	279852.58	1275244.29
1484935816181	662	2	2	196	-0.484	266453.08	1189530
1484935816185	663	2	2	196	-0.484	266453.08	1189530
1484935816189	664	2	2	196	-0.968	270780	1275244.29
1484935816193	665	2	2	196	-0.484	266453.08	1275244.29
1484935816197	666	3	2	196	-0.484	266453.08	1189530
