Serial_number: -1717986918 
Time Data_Count Cycle State Desired_force_(psi) Measured_force_(psi) Toe_sensor Heel_Sensor
1484942499971 0 0 0 196.000 -0.484 inf inf
1484942500021 1 0 1 196.000 -0.484 inf 17989530.00
1484942500043 2 0 1 196.000 -0.969 inf 8989530.00
1484942500067 3 0 1 196.000 -0.484 17989530.00 inf
1484942500092 4 0 1 196.000 -0.969 inf 5989530.00
1484942500106 5 0 1 196.000 -0.969 inf inf
1484942500119 6 0 1 196.000 -0.484 inf 4489530.00
1484942500130 7 0 1 196.000 -0.484 17989530.00 5989530.00
1484942500138 8 0 1 196.000 -0.484 inf 5989530.00
1484942500145 9 0 1 196.000 -0.484 17989530.00 5989530.00
1484942500155 10 0 1 196.000 -0.484 inf 5989530.00
1484942500163 11 0 1 196.000 -0.969 inf 5989530.00
1484942500171 12 0 1 196.000 -0.484 inf inf
1484942500179 13 0 1 196.000 -0.484 inf inf
1484942500187 14 0 1 196.000 -0.484 inf inf
1484942500194 15 0 1 196.000 -0.484 inf 5989530.00
1484942500202 16 0 1 196.000 -0.484 inf 4489530.00
1484942500210 17 0 1 196.000 -0.484 inf inf
1484942500218 18 0 1 196.000 -0.484 17989530.00 5989530.00
1484942500225 19 0 1 196.000 -0.969 inf 8989530.00
1484942500233 20 0 1 196.000 -0.484 inf 5989530.00
1484942500241 21 0 1 196.000 -0.969 17989530.00 inf
1484942500249 22 0 1 196.000 -0.484 17989530.00 17989530.00
1484942500257 23 0 1 196.000 -0.484 inf inf
1484942500265 24 0 1 196.000 -0.484 inf inf
1484942500272 25 0 1 196.000 -0.484 inf 17989530.00
1484942500280 26 0 1 196.000 -0.969 inf inf
1484942500290 27 0 1 196.000 -0.969 17989530.00 17989530.00
1484942500297 28 0 1 196.000 -0.484 17989530.00 5989530.00
1484942500304 29 0 1 196.000 -0.484 inf inf
1484942500311 30 0 1 196.000 -0.484 17989530.00 8989530.00
1484942500317 31 0 1 196.000 -0.484 inf inf
1484942500324 32 0 1 196.000 -0.484 17989530.00 4489530.00
1484942500331 33 0 1 196.000 -0.484 inf 8989530.00
1484942500338 34 0 1 196.000 -0.484 17989530.00 5989530.00
1484942500344 35 0 1 196.000 -0.969 inf 5989530.00
1484942500351 36 0 1 196.000 -0.484 inf inf
1484942500358 37 0 1 196.000 -0.484 inf 17989530.00
1484942500365 38 0 1 196.000 -0.969 inf 8989530.00
1484942500371 39 0 1 196.000 -0.484 17989530.00 17989530.00
1484942500378 40 0 1 196.000 -0.969 inf 8989530.00
1484942500385 41 0 1 196.000 -0.969 inf 5989530.00
1484942500392 42 0 1 196.000 -0.969 inf 8989530.00
1484942500398 43 0 1 196.000 -0.484 inf 5989530.00
1484942500405 44 0 1 196.000 -0.969 17989530.00 5989530.00
1484942500412 45 0 1 196.000 -0.484 inf 17989530.00
1484942500419 46 0 1 196.000 -0.969 inf 8989530.00
1484942500425 47 0 1 196.000 -0.484 inf 17989530.00
1484942500432 48 0 1 196.000 -0.969 inf 5989530.00
1484942500439 49 0 1 196.000 -0.484 17989530.00 inf
1484942500446 50 0 1 196.000 -0.969 inf 17989530.00
1484942500452 51 0 1 196.000 -0.969 17989530.00 inf
1484942500459 52 0 1 196.000 -0.484 inf 8989530.00
1484942500466 53 0 1 196.000 -0.969 17989530.00 5989530.00
1484942500473 54 0 1 196.000 -0.484 inf 17989530.00
1484942500480 55 0 1 196.000 -0.969 inf inf
1484942500486 56 0 1 196.000 -0.484 inf 17989530.00
1484942500493 57 0 1 196.000 -0.484 inf 8989530.00
1484942500500 58 0 1 196.000 -0.969 inf inf
1484942500506 59 0 1 196.000 -0.484 inf 8989530.00
1484942500513 60 0 1 196.000 -0.484 inf 4489530.00
1484942500520 61 0 1 196.000 -0.969 inf 5989530.00
1484942500527 62 0 1 196.000 -0.484 inf 8989530.00
1484942500534 63 0 1 196.000 -0.484 inf 4489530.00
1484942500540 64 0 1 196.000 -0.484 inf 17989530.00
1484942500547 65 0 1 196.000 -0.484 inf 5989530.00
1484942500554 66 0 1 196.000 -0.484 inf 4489530.00
1484942500561 67 0 1 196.000 -0.484 inf 17989530.00
1484942500567 68 0 1 196.000 -0.484 17989530.00 17989530.00
1484942500574 69 0 1 196.000 -0.969 inf 17989530.00
1484942500581 70 0 1 196.000 -0.484 inf 8989530.00
1484942500588 71 0 1 196.000 -0.484 inf 8989530.00
1484942500595 72 0 1 196.000 -0.484 inf 8989530.00
1484942500601 73 0 1 196.000 -0.484 inf inf
1484942500608 74 0 1 196.000 -0.484 inf 5989530.00
1484942500615 75 0 1 196.000 -0.484 17989530.00 17989530.00
1484942500622 76 0 1 196.000 -0.484 inf 17989530.00
1484942500628 77 0 1 196.000 -0.969 inf 8989530.00
1484942500635 78 0 1 196.000 -0.484 17989530.00 5989530.00
1484942500642 79 0 1 196.000 -0.484 inf 8989530.00
1484942500649 80 0 1 196.000 -0.484 inf 5989530.00
1484942500655 81 0 1 196.000 -0.484 inf 5989530.00
1484942500662 82 0 1 196.000 -0.484 inf 17989530.00
1484942500669 83 0 1 196.000 -0.484 inf inf
1484942500676 84 0 1 196.000 -0.484 17989530.00 17989530.00
1484942500682 85 0 1 196.000 -0.484 17989530.00 inf
1484942500689 86 0 1 196.000 -0.484 inf 4489530.00
1484942500696 87 0 1 196.000 -0.969 inf 5989530.00
1484942500703 88 0 1 196.000 -0.484 17989530.00 inf
1484942500709 89 0 1 196.000 -0.484 inf 8989530.00
1484942500716 90 0 1 196.000 -0.484 17989530.00 5989530.00
1484942500723 91 0 1 196.000 -0.484 17989530.00 inf
1484942500730 92 0 1 196.000 -0.484 inf 4489530.00
1484942500736 93 0 1 196.000 -0.484 inf 17989530.00
1484942500743 94 0 1 196.000 -0.484 inf 4489530.00
1484942500750 95 0 1 196.000 -0.484 inf 5989530.00
1484942500757 96 0 1 196.000 -0.484 inf 17989530.00
1484942500763 97 0 1 196.000 -0.484 17989530.00 17989530.00
1484942500770 98 0 1 196.000 -0.484 inf inf
1484942500777 99 0 1 196.000 -0.484 inf 5989530.00
1484942500784 100 0 1 196.000 -0.484 17989530.00 5989530.00
1484942500790 101 0 1 196.000 -0.484 17989530.00 inf
1484942500797 102 0 1 196.000 -0.969 17989530.00 inf
1484942500804 103 0 1 196.000 -0.484 inf 17989530.00
1484942500811 104 0 1 196.000 -0.484 inf 17989530.00
1484942500817 105 0 1 196.000 -0.484 17989530.00 8989530.00
1484942500824 106 0 1 196.000 -0.484 inf 4489530.00
1484942500831 107 0 1 196.000 -0.484 inf 17989530.00
1484942500838 108 0 1 196.000 -0.484 inf 17989530.00
1484942500845 109 0 1 196.000 -0.969 inf inf
1484942500851 110 0 1 196.000 -0.484 inf 8989530.00
1484942500858 111 0 1 196.000 -0.969 inf 5989530.00
1484942500865 112 0 1 196.000 -0.484 inf 8989530.00
1484942500872 113 0 1 196.000 -0.484 inf 17989530.00
1484942500878 114 0 1 196.000 -0.484 inf inf
1484942500885 115 0 1 196.000 -0.484 inf 8989530.00
1484942500892 116 0 1 196.000 -0.484 inf inf
1484942500899 117 0 1 196.000 -0.484 17989530.00 5989530.00
1484942500905 118 0 1 196.000 -0.484 inf inf
1484942500912 119 0 1 196.000 -0.484 inf 17989530.00
1484942500919 120 0 1 196.000 -0.484 inf 17989530.00
1484942500926 121 0 1 196.000 -0.969 17989530.00 inf
1484942500933 122 0 1 196.000 -0.969 inf 8989530.00
1484942500940 123 0 1 196.000 -0.484 inf 5989530.00
1484942500946 124 0 1 196.000 -0.484 17989530.00 5989530.00
1484942500953 125 0 1 196.000 -0.484 17989530.00 inf
1484942500960 126 0 1 196.000 -0.969 inf 5989530.00
1484942500967 127 0 1 196.000 -0.969 inf inf
1484942500973 128 0 1 196.000 -0.484 inf inf
1484942500980 129 0 1 196.000 -0.484 inf 8989530.00
1484942500987 130 0 1 196.000 -0.484 inf 17989530.00
1484942500994 131 0 1 196.000 -0.484 17989530.00 5989530.00
1484942501000 132 0 1 196.000 -0.484 17989530.00 5989530.00
1484942501007 133 0 2 196.000 -0.969 17989530.00 5989530.00
1484942501014 134 0 2 196.000 -0.484 inf 17989530.00
1484942501021 135 0 2 196.000 -0.484 inf 5989530.00
1484942501028 136 0 2 196.000 -0.484 inf 5989530.00
1484942501034 137 0 2 196.000 -0.484 inf inf
1484942501041 138 0 2 196.000 -0.969 inf 5989530.00
1484942501048 139 0 2 196.000 -0.969 17989530.00 5989530.00
1484942501055 140 0 2 196.000 -0.484 17989530.00 17989530.00
1484942501061 141 0 2 196.000 -0.484 inf 8989530.00
1484942501068 142 0 2 196.000 -0.484 inf 8989530.00
1484942501075 143 0 2 196.000 -0.484 17989530.00 8989530.00
1484942501082 144 0 2 196.000 -0.484 inf 8989530.00
1484942501089 145 0 2 196.000 -0.484 17989530.00 5989530.00
1484942501095 146 0 2 196.000 -0.969 17989530.00 17989530.00
1484942501102 147 0 2 196.000 -0.969 inf inf
1484942501109 148 0 2 196.000 -0.484 inf 8989530.00
1484942501116 149 0 2 196.000 -0.484 inf 17989530.00
1484942501123 150 0 2 196.000 -0.969 inf inf
1484942501129 151 0 2 196.000 -0.484 inf 5989530.00
1484942501136 152 0 2 196.000 -0.484 inf 17989530.00
1484942501143 153 0 2 196.000 -0.484 17989530.00 5989530.00
1484942501158 154 0 2 196.000 -0.484 inf 8989530.00
1484942501172 155 0 2 196.000 -0.484 inf 17989530.00
1484942501185 156 0 2 196.000 -0.969 inf 8989530.00
1484942501197 157 0 2 196.000 -0.484 inf 8989530.00
1484942501211 158 0 2 196.000 -0.969 inf inf
1484942501227 159 0 2 196.000 -0.969 17989530.00 8989530.00
1484942501233 160 0 2 196.000 -0.484 inf 8989530.00
1484942501240 161 0 2 196.000 -0.484 inf 5989530.00
1484942501247 162 0 2 196.000 -0.484 inf 4489530.00
1484942501254 163 0 2 196.000 -0.484 17989530.00 17989530.00
1484942501260 164 0 2 196.000 -0.969 inf 5989530.00
1484942501267 165 0 2 196.000 -0.484 inf 5989530.00
1484942501274 166 0 2 196.000 -0.969 inf 4489530.00
1484942501281 167 0 2 196.000 -0.484 inf 5989530.00
1484942501287 168 0 2 196.000 -0.969 inf 5989530.00
1484942501294 169 0 2 196.000 -0.969 17989530.00 inf
1484942501301 170 0 2 196.000 -0.484 inf 8989530.00
1484942501308 171 0 2 196.000 -0.484 inf 17989530.00
1484942501315 172 0 2 196.000 -0.484 17989530.00 5989530.00
1484942501321 173 0 2 196.000 -0.484 17989530.00 17989530.00
1484942501328 174 0 2 196.000 -0.484 inf 17989530.00
1484942501335 175 0 2 196.000 -0.484 inf 8989530.00
1484942501341 176 0 2 196.000 -0.484 inf 8989530.00
1484942501348 177 0 2 196.000 -0.484 inf 17989530.00
1484942501355 178 0 2 196.000 -0.969 inf 5989530.00
1484942501362 179 0 2 196.000 -0.969 17989530.00 8989530.00
1484942501368 180 0 2 196.000 -0.969 inf inf
1484942501375 181 0 2 196.000 -0.484 inf 8989530.00
1484942501382 182 0 2 196.000 -0.969 inf inf
1484942501389 183 0 2 196.000 -0.484 17989530.00 inf
1484942501395 184 0 2 196.000 -0.484 inf inf
1484942501402 185 0 2 196.000 -0.969 inf 5989530.00
1484942501409 186 0 2 196.000 -0.484 17989530.00 inf
1484942501416 187 0 2 196.000 -0.969 inf 5989530.00
1484942501423 188 0 2 196.000 -0.969 inf inf
1484942501429 189 0 2 196.000 -0.484 inf 8989530.00
1484942501436 190 0 2 196.000 -0.484 inf 4489530.00
1484942501443 191 0 2 196.000 -0.484 inf 17989530.00
1484942501450 192 0 2 196.000 -0.969 17989530.00 8989530.00
1484942501456 193 0 2 196.000 -0.484 inf inf
1484942501463 194 0 2 196.000 -0.969 inf 8989530.00
1484942501470 195 0 2 196.000 -0.484 inf 17989530.00
1484942501477 196 0 2 196.000 -0.484 inf 5989530.00
1484942501483 197 0 2 196.000 -0.484 inf inf
1484942501490 198 0 2 196.000 -0.484 inf 17989530.00
1484942501497 199 0 2 196.000 -0.484 inf inf
1484942501504 200 0 2 196.000 -0.969 17989530.00 8989530.00
1484942501510 201 1 2 196.000 -0.969 inf 4489530.00
1484942501518 202 1 1 196.000 -0.484 inf 8989530.00
1484942501525 203 1 1 196.000 -0.484 inf 8989530.00
1484942501539 204 1 1 196.000 -0.484 inf inf
1484942501546 205 1 1 196.000 -0.969 inf 5989530.00
1484942501553 206 1 1 196.000 -0.969 inf 4489530.00
1484942501559 207 1 1 196.000 -0.484 inf inf
1484942501566 208 1 1 196.000 -0.484 inf 17989530.00
1484942501573 209 1 1 196.000 -0.484 inf 8989530.00
1484942501580 210 1 1 196.000 -0.484 inf inf
1484942501586 211 1 1 196.000 -0.484 inf inf
1484942501593 212 1 1 196.000 -0.484 inf 17989530.00
1484942501600 213 1 1 196.000 -0.484 inf 8989530.00
1484942501607 214 1 1 196.000 -0.484 inf 8989530.00
1484942501614 215 1 1 196.000 -0.969 inf 17989530.00
1484942501621 216 1 1 196.000 -0.969 inf 5989530.00
1484942501627 217 1 1 196.000 -0.484 inf 8989530.00
1484942501639 218 1 1 196.000 -0.484 inf inf
1484942501650 219 1 1 196.000 -0.484 inf 5989530.00
1484942501664 220 1 1 196.000 -0.484 inf 8989530.00
1484942501671 221 1 1 196.000 -0.484 inf 5989530.00
1484942501677 222 1 1 196.000 -0.969 inf 8989530.00
1484942501684 223 1 1 196.000 -0.484 inf inf
1484942501692 224 1 1 196.000 -0.484 inf inf
1484942501698 225 1 1 196.000 -0.484 inf 8989530.00
1484942501705 226 1 1 196.000 -0.484 inf 17989530.00
1484942501712 227 1 1 196.000 -0.969 inf 8989530.00
1484942501719 228 1 1 196.000 -0.969 inf 5989530.00
1484942501725 229 1 1 196.000 -0.484 inf 4489530.00
1484942501732 230 1 1 196.000 -0.484 inf 5989530.00
1484942501739 231 1 1 196.000 -0.484 17989530.00 inf
1484942501746 232 1 1 196.000 -0.484 inf 17989530.00
1484942501752 233 1 1 196.000 -0.484 inf 8989530.00
1484942501759 234 1 1 196.000 -0.484 inf 5989530.00
1484942501766 235 1 1 196.000 -0.484 inf inf
1484942501773 236 1 1 196.000 -0.969 inf 8989530.00
1484942501780 237 1 1 196.000 -0.969 inf inf
1484942501786 238 1 1 196.000 -0.484 inf 8989530.00
1484942501793 239 1 1 196.000 -0.484 17989530.00 5989530.00
1484942501800 240 1 1 196.000 -0.969 17989530.00 5989530.00
1484942501807 241 1 1 196.000 -0.484 inf 17989530.00
1484942501814 242 1 1 196.000 -0.969 17989530.00 8989530.00
1484942501820 243 1 1 196.000 -0.484 inf inf
1484942501827 244 1 1 196.000 -0.484 17989530.00 5989530.00
1484942501834 245 1 1 196.000 -0.484 inf 5989530.00
1484942501841 246 1 1 196.000 -0.484 inf 4489530.00
1484942501847 247 1 1 196.000 -0.484 17989530.00 8989530.00
1484942501854 248 1 1 196.000 -0.484 inf 8989530.00
1484942501861 249 1 1 196.000 -0.484 17989530.00 inf
1484942501868 250 1 1 196.000 -0.484 17989530.00 5989530.00
1484942501874 251 1 1 196.000 -0.484 17989530.00 17989530.00
1484942501881 252 1 1 196.000 -0.969 inf 8989530.00
1484942501888 253 1 1 196.000 -0.484 inf 5989530.00
1484942501895 254 1 1 196.000 -0.484 17989530.00 5989530.00
1484942501901 255 1 1 196.000 -0.969 inf 8989530.00
1484942501911 256 1 1 196.000 -0.484 17989530.00 4489530.00
1484942501918 257 1 1 196.000 -0.969 17989530.00 8989530.00
1484942501932 258 1 1 196.000 -0.484 inf 5989530.00
1484942501939 259 1 1 196.000 -0.969 inf 8989530.00
1484942501946 260 1 1 196.000 -0.969 17989530.00 17989530.00
1484942501952 261 1 1 196.000 -0.484 17989530.00 4489530.00
1484942501959 262 1 1 196.000 -0.484 8989530.00 17989530.00
1484942501966 263 1 1 196.000 -0.484 17989530.00 8989530.00
1484942501973 264 1 1 196.000 -0.484 8989530.00 inf
1484942501980 265 1 1 196.000 -0.484 inf 17989530.00
1484942501986 266 1 1 196.000 -0.484 17989530.00 inf
1484942501993 267 1 1 196.000 -0.484 inf 8989530.00
1484942502000 268 1 1 196.000 -0.969 17989530.00 17989530.00
1484942502007 269 1 1 196.000 -0.484 inf 8989530.00
1484942502013 270 1 1 196.000 -0.484 inf inf
1484942502020 271 1 1 196.000 -0.484 inf 5989530.00
1484942502027 272 1 1 196.000 0.484 inf 17989530.00
1484942502034 273 1 1 196.000 -0.484 inf 17989530.00
1484942502040 274 1 1 196.000 -0.484 inf 5989530.00
1484942502047 275 1 1 196.000 -0.484 17989530.00 17989530.00
1484942502054 276 1 1 196.000 -0.484 inf 17989530.00
1484942502061 277 1 1 196.000 -0.969 inf 5989530.00
1484942502068 278 1 1 196.000 -0.484 inf 8989530.00
1484942502074 279 1 1 196.000 -0.484 17989530.00 8989530.00
1484942502081 280 1 1 196.000 -0.484 inf 17989530.00
1484942502088 281 1 1 196.000 -0.484 inf 5989530.00
1484942502095 282 1 1 196.000 -0.969 17989530.00 5989530.00
1484942502101 283 1 1 196.000 -0.484 inf 8989530.00
1484942502108 284 1 1 196.000 -0.969 8989530.00 5989530.00
1484942502115 285 1 1 196.000 -0.484 inf 8989530.00
1484942502122 286 1 1 196.000 -0.484 inf 8989530.00
1484942502129 287 1 1 196.000 -0.484 17989530.00 8989530.00
1484942502135 288 1 1 196.000 -0.484 17989530.00 8989530.00
1484942502142 289 1 1 196.000 -0.484 17989530.00 8989530.00
1484942502150 290 1 1 196.000 -0.484 17989530.00 5989530.00
1484942502156 291 1 1 196.000 -0.969 17989530.00 inf
1484942502163 292 1 1 196.000 -0.969 17989530.00 5989530.00
1484942502170 293 1 1 196.000 -0.969 17989530.00 17989530.00
1484942502177 294 1 1 196.000 -0.969 17989530.00 5989530.00
1484942502183 295 1 1 196.000 -0.969 17989530.00 5989530.00
1484942502190 296 1 1 196.000 -0.484 17989530.00 5989530.00
1484942502197 297 1 1 196.000 -0.484 inf 17989530.00
1484942502204 298 1 1 196.000 -0.484 inf 5989530.00
1484942502211 299 1 1 196.000 -0.484 17989530.00 inf
1484942502217 300 1 1 196.000 -0.969 17989530.00 5989530.00
1484942502224 301 1 1 196.000 -0.969 17989530.00 17989530.00
1484942502231 302 1 1 196.000 -0.484 8989530.00 5989530.00
1484942502238 303 1 1 196.000 -0.484 inf 5989530.00
1484942502244 304 1 1 196.000 -0.969 17989530.00 4489530.00
1484942502251 305 1 1 196.000 -0.484 inf 5989530.00
1484942502258 306 1 1 196.000 -0.484 17989530.00 inf
1484942502265 307 1 1 196.000 -0.484 17989530.00 17989530.00
1484942502271 308 1 1 196.000 -0.484 inf 8989530.00
1484942502278 309 1 1 196.000 -0.484 inf 4489530.00
1484942502285 310 1 1 196.000 -0.484 inf 8989530.00
1484942502292 311 1 1 196.000 -0.484 17989530.00 4489530.00
1484942502298 312 1 1 196.000 -0.969 17989530.00 17989530.00
1484942502305 313 1 1 196.000 -0.484 inf 5989530.00
1484942502312 314 1 1 196.000 -0.484 inf 5989530.00
1484942502319 315 1 1 196.000 -0.969 inf 5989530.00
1484942502326 316 1 1 196.000 -0.484 17989530.00 inf
1484942502332 317 1 1 196.000 -0.969 17989530.00 5989530.00
1484942502339 318 1 1 196.000 -0.484 inf 8989530.00
1484942502346 319 1 1 196.000 -0.969 inf 8989530.00
1484942502353 320 1 1 196.000 -0.484 17989530.00 5989530.00
1484942502359 321 1 1 196.000 -0.484 inf 5989530.00
1484942502366 322 1 1 196.000 -0.484 17989530.00 17989530.00
1484942502373 323 1 1 196.000 -0.484 8989530.00 8989530.00
1484942502380 324 1 1 196.000 -0.969 17989530.00 8989530.00
1484942502386 325 1 1 196.000 -0.969 17989530.00 8989530.00
1484942502393 326 1 1 196.000 -0.969 17989530.00 8989530.00
1484942502400 327 1 1 196.000 -0.484 17989530.00 17989530.00
1484942502407 328 1 1 196.000 -0.484 inf 5989530.00
1484942502413 329 1 1 196.000 -0.484 17989530.00 5989530.00
1484942502420 330 1 1 196.000 -0.969 inf 17989530.00
1484942502427 331 1 1 196.000 -0.484 inf 5989530.00
1484942502434 332 1 1 196.000 -0.484 17989530.00 4489530.00
1484942502440 333 1 1 196.000 -0.969 17989530.00 5989530.00
1484942502447 334 1 1 196.000 -0.484 17989530.00 4489530.00
1484942502454 335 1 1 196.000 -0.969 inf 4489530.00
1484942502461 336 1 1 196.000 -0.969 inf 5989530.00
1484942502467 337 1 1 196.000 -0.484 inf inf
1484942502474 338 1 1 196.000 -0.484 17989530.00 4489530.00
1484942502481 339 1 1 196.000 -0.969 inf 17989530.00
1484942502488 340 1 1 196.000 -0.484 inf inf
1484942502494 341 1 1 196.000 -0.484 inf inf
1484942502501 342 1 1 196.000 -0.484 inf inf
1484942502508 343 1 1 196.000 -0.484 inf inf
1484942502515 344 1 1 196.000 -0.484 17989530.00 5989530.00
1484942502521 345 1 1 196.000 -0.484 17989530.00 17989530.00
1484942502528 346 1 2 196.000 -0.484 inf 5989530.00
1484942502535 347 1 2 196.000 -0.484 inf 17989530.00
1484942502542 348 1 2 196.000 -0.484 inf 8989530.00
1484942502548 349 1 2 196.000 -0.484 inf 4489530.00
1484942502555 350 1 2 196.000 -0.969 inf 17989530.00
1484942502562 351 1 2 196.000 -0.969 inf 5989530.00
1484942502569 352 1 2 196.000 -0.484 17989530.00 5989530.00
1484942502575 353 1 2 196.000 -0.484 inf 17989530.00
1484942502582 354 1 2 196.000 -0.484 17989530.00 inf
1484942502589 355 1 2 196.000 -0.484 inf 5989530.00
1484942502596 356 1 2 196.000 -0.484 17989530.00 8989530.00
1484942502602 357 1 2 196.000 -0.969 inf 5989530.00
1484942502609 358 1 2 196.000 -0.484 17989530.00 inf
1484942502616 359 1 2 196.000 -0.969 inf 8989530.00
1484942502633 360 1 2 196.000 -0.484 inf 8989530.00
1484942502646 361 1 2 196.000 -0.484 17989530.00 8989530.00
1484942502653 362 1 2 196.000 -0.484 inf 5989530.00
1484942502660 363 1 2 196.000 -0.484 17989530.00 5989530.00
1484942502667 364 1 2 196.000 -0.484 inf inf
1484942502674 365 1 2 196.000 -0.484 17989530.00 5989530.00
1484942502680 366 1 2 196.000 -0.969 inf 8989530.00
1484942502687 367 1 2 196.000 -0.484 inf 8989530.00
1484942502694 368 1 2 196.000 -0.484 inf 17989530.00
1484942502701 369 1 2 196.000 -0.969 17989530.00 4489530.00
1484942502708 370 1 2 196.000 -0.969 5989530.00 8989530.00
1484942502714 371 1 2 196.000 -0.484 17989530.00 17989530.00
1484942502721 372 1 2 196.000 -0.484 inf 5989530.00
1484942502728 373 1 2 196.000 -0.484 inf 17989530.00
1484942502735 374 1 2 196.000 -0.969 17989530.00 5989530.00
1484942502741 375 1 2 196.000 -0.484 inf 17989530.00
1484942502748 376 1 2 196.000 -0.484 17989530.00 17989530.00
1484942502755 377 1 2 196.000 -0.484 17989530.00 8989530.00
1484942502762 378 1 2 196.000 -0.969 inf 5989530.00
1484942502768 379 1 2 196.000 -0.969 inf 17989530.00
1484942502775 380 1 2 196.000 -0.484 17989530.00 inf
1484942502782 381 1 2 196.000 -0.484 inf 5989530.00
1484942502789 382 1 2 196.000 -0.484 17989530.00 inf
1484942502795 383 1 2 196.000 -0.969 inf 17989530.00
1484942502802 384 1 2 196.000 -0.969 17989530.00 5989530.00
1484942502809 385 1 2 196.000 -0.484 inf 8989530.00
1484942502816 386 1 2 196.000 -0.484 17989530.00 17989530.00
1484942502823 387 1 2 196.000 -0.969 17989530.00 inf
1484942502830 388 1 2 196.000 -0.969 inf 5989530.00
1484942502836 389 1 2 196.000 -0.484 inf inf
1484942502843 390 1 2 196.000 -0.969 inf 5989530.00
1484942502850 391 1 2 196.000 -0.969 inf 5989530.00
1484942502857 392 1 2 196.000 -0.969 17989530.00 17989530.00
1484942502864 393 1 2 196.000 -0.484 inf 5989530.00
1484942502870 394 1 2 196.000 -0.484 inf 8989530.00
1484942502877 395 1 2 196.000 -0.484 inf inf
1484942502884 396 1 2 196.000 -0.484 inf 8989530.00
1484942502890 397 1 2 196.000 -0.484 inf 5989530.00
1484942502897 398 1 2 196.000 -0.484 inf 17989530.00
1484942502904 399 1 2 196.000 -0.969 17989530.00 inf
1484942502911 400 1 2 196.000 -0.484 17989530.00 5989530.00
1484942502917 401 1 2 196.000 -0.969 17989530.00 4489530.00
1484942502924 402 1 2 196.000 -0.969 inf 17989530.00
1484942502931 403 1 2 196.000 -0.484 inf 5989530.00
1484942502938 404 1 2 196.000 -0.969 inf 5989530.00
1484942502945 405 1 2 196.000 -0.484 17989530.00 8989530.00
1484942502952 406 1 2 196.000 -0.969 17989530.00 inf
1484942502959 407 1 2 196.000 -0.484 17989530.00 8989530.00
1484942502965 408 1 2 196.000 -0.484 inf 8989530.00
1484942502972 409 1 2 196.000 -0.484 inf inf
1484942502979 410 1 2 196.000 -0.484 17989530.00 8989530.00
1484942502986 411 1 2 196.000 -0.484 17989530.00 5989530.00
1484942502992 412 1 2 196.000 -0.484 17989530.00 17989530.00
1484942502999 413 1 2 196.000 -0.969 17989530.00 17989530.00
1484942503006 414 1 2 196.000 -0.969 17989530.00 17989530.00
1484942503013 415 1 2 196.000 -0.484 17989530.00 17989530.00
1484942503019 416 1 2 196.000 -0.484 inf inf
1484942503026 417 1 2 196.000 -0.484 17989530.00 17989530.00
1484942503033 418 2 2 196.000 -0.969 inf inf
1484942503040 419 2 1 196.000 -0.484 inf 5989530.00
1484942503047 420 2 1 196.000 -0.969 17989530.00 inf
1484942503055 421 2 1 196.000 -0.484 inf inf
1484942503062 422 2 1 196.000 -0.484 17989530.00 5989530.00
1484942503069 423 2 1 196.000 -0.484 inf 17989530.00
1484942503075 424 2 1 196.000 -0.484 inf inf
1484942503082 425 2 1 196.000 -0.484 inf 5989530.00
1484942503089 426 2 1 196.000 -0.484 inf inf
1484942503096 427 2 1 196.000 -0.484 8989530.00 5989530.00
1484942503103 428 2 1 196.000 -0.969 inf 17989530.00
1484942503109 429 2 1 196.000 -0.484 inf 5989530.00
1484942503116 430 2 1 196.000 -0.484 17989530.00 8989530.00
1484942503123 431 2 1 196.000 -0.969 17989530.00 5989530.00
1484942503130 432 2 1 196.000 -0.969 inf 17989530.00
1484942503137 433 2 1 196.000 -0.484 17989530.00 17989530.00
1484942503146 434 2 1 196.000 -0.484 inf inf
1484942503153 435 2 1 196.000 -0.484 inf 17989530.00
1484942503177 436 2 1 196.000 -0.484 inf inf
1484942503184 437 2 1 196.000 -0.969 inf 17989530.00
1484942503191 438 2 1 196.000 -0.484 17989530.00 8989530.00
1484942503198 439 2 1 196.000 -0.969 17989530.00 4489530.00
1484942503211 440 2 1 196.000 -0.484 inf inf
1484942503218 441 2 1 196.000 -0.484 17989530.00 5989530.00
1484942503224 442 2 1 196.000 -0.484 inf 5989530.00
1484942503231 443 2 1 196.000 -0.484 17989530.00 5989530.00
1484942503238 444 2 1 196.000 -0.484 inf 8989530.00
1484942503245 445 2 1 196.000 -0.969 17989530.00 5989530.00
1484942503252 446 2 1 196.000 -0.484 17989530.00 8989530.00
1484942503259 447 2 1 196.000 -0.484 17989530.00 17989530.00
1484942503266 448 2 1 196.000 -0.484 17989530.00 5989530.00
1484942503272 449 2 1 196.000 -0.484 17989530.00 inf
1484942503279 450 2 1 196.000 -0.484 inf 17989530.00
1484942503286 451 2 1 196.000 -0.484 inf 17989530.00
1484942503293 452 2 1 196.000 -0.969 inf inf
1484942503299 453 2 1 196.000 -0.484 17989530.00 8989530.00
1484942503306 454 2 1 196.000 -0.969 inf 8989530.00
1484942503313 455 2 1 196.000 -0.484 inf 5989530.00
1484942503320 456 2 1 196.000 5.813 17989530.00 8989530.00
1484942503335 457 2 1 196.000 1.453 17989530.00 17989530.00
1484942503348 458 2 1 196.000 -0.969 17989530.00 5989530.00
1484942503358 459 2 1 196.000 -0.969 17989530.00 5989530.00
1484942503369 460 2 1 196.000 -0.969 inf inf
1484942503376 461 2 1 196.000 -0.484 inf 5989530.00
1484942503383 462 2 1 196.000 -0.969 inf 4489530.00
1484942503390 463 2 1 196.000 -0.484 17989530.00 8989530.00
1484942503397 464 2 1 196.000 -0.969 17989530.00 17989530.00
1484942503403 465 2 1 196.000 -0.969 17989530.00 5989530.00
1484942503410 466 2 1 196.000 -0.484 17989530.00 4489530.00
1484942503423 467 2 1 196.000 -0.484 inf 5989530.00
1484942503436 468 2 1 196.000 -0.969 17989530.00 17989530.00
1484942503443 469 2 1 196.000 -0.484 8989530.00 8989530.00
1484942503450 470 2 1 196.000 -0.484 17989530.00 8989530.00
1484942503457 471 2 1 196.000 -0.969 inf 5989530.00
1484942503464 472 2 1 196.000 -0.484 17989530.00 8989530.00
1484942503470 473 2 1 196.000 -0.969 17989530.00 8989530.00
1484942503477 474 2 1 196.000 -0.484 inf inf
1484942503484 475 2 1 196.000 -0.484 8989530.00 8989530.00
1484942503491 476 2 1 196.000 -0.484 inf 5989530.00
1484942503498 477 2 1 196.000 -0.484 17989530.00 17989530.00
1484942503504 478 2 1 196.000 -0.484 inf 4489530.00
1484942503511 479 2 1 196.000 -0.484 inf 8989530.00
1484942503518 480 2 1 196.000 -0.484 inf 8989530.00
1484942503525 481 2 1 196.000 -0.484 inf 17989530.00
1484942503531 482 2 1 196.000 -0.969 17989530.00 8989530.00
1484942503538 483 2 1 196.000 -0.969 inf 8989530.00
1484942503545 484 2 1 196.000 -0.484 17989530.00 inf
1484942503552 485 2 1 196.000 -0.484 17989530.00 5989530.00
1484942503558 486 2 1 196.000 -0.969 17989530.00 4489530.00
1484942503565 487 2 1 196.000 -0.969 inf 17989530.00
1484942503572 488 2 1 196.000 -0.969 inf 3589530.00
1484942503579 489 2 1 196.000 -0.484 inf 17989530.00
1484942503585 490 2 1 196.000 -0.484 inf 5989530.00
1484942503592 491 2 1 196.000 -0.484 17989530.00 8989530.00
1484942503599 492 2 1 196.000 -0.484 17989530.00 17989530.00
1484942503606 493 2 1 196.000 -0.969 inf 5989530.00
1484942503613 494 2 1 196.000 -0.969 17989530.00 17989530.00
1484942503619 495 2 1 196.000 -0.484 inf 8989530.00
1484942503626 496 2 1 196.000 -0.484 8989530.00 5989530.00
1484942503633 497 2 1 196.000 -0.484 inf 5989530.00
1484942503640 498 2 1 196.000 -0.484 8989530.00 8989530.00
1484942503646 499 2 1 196.000 -0.484 17989530.00 5989530.00
1484942503653 500 2 1 196.000 -0.969 inf 4489530.00
1484942503660 501 2 1 196.000 -0.969 inf 8989530.00
1484942503667 502 2 1 196.000 -0.484 inf 8989530.00
1484942503673 503 2 1 196.000 -0.969 inf 4489530.00
1484942503680 504 2 1 196.000 -0.969 inf 5989530.00
1484942503687 505 2 1 196.000 -0.484 inf 8989530.00
1484942503694 506 2 1 196.000 -0.484 17989530.00 8989530.00
1484942503701 507 2 1 196.000 -0.484 17989530.00 17989530.00
1484942503707 508 2 1 196.000 -0.484 inf 5989530.00
1484942503714 509 2 1 196.000 -0.484 inf 5989530.00
1484942503721 510 2 1 196.000 -0.484 inf 17989530.00
1484942503728 511 2 1 196.000 -0.969 inf 8989530.00
1484942503734 512 2 1 196.000 -0.969 17989530.00 inf
1484942503741 513 2 1 196.000 -0.969 17989530.00 5989530.00
1484942503748 514 2 1 196.000 -0.969 inf inf
1484942503754 515 2 1 196.000 -0.969 17989530.00 8989530.00
1484942503761 516 2 1 196.000 -0.484 inf 5989530.00
1484942503768 517 2 1 196.000 -0.484 17989530.00 5989530.00
1484942503775 518 2 1 196.000 -0.484 inf 4489530.00
1484942503781 519 2 1 196.000 -0.969 17989530.00 inf
1484942503788 520 2 1 196.000 -0.969 17989530.00 8989530.00
1484942503795 521 2 1 196.000 -0.484 17989530.00 8989530.00
1484942503802 522 2 1 196.000 -0.484 inf 4489530.00
1484942503808 523 2 1 196.000 -0.484 inf 5989530.00
1484942503815 524 2 1 196.000 -0.484 inf 4489530.00
1484942503822 525 2 1 196.000 -0.484 17989530.00 17989530.00
1484942503829 526 2 1 196.000 -0.484 17989530.00 17989530.00
1484942503836 527 2 1 196.000 -0.969 inf 5989530.00
1484942503842 528 2 1 196.000 -0.484 inf 5989530.00
1484942503849 529 2 1 196.000 -0.484 17989530.00 8989530.00
1484942503856 530 2 1 196.000 -0.484 17989530.00 5989530.00
1484942503863 531 2 1 196.000 -0.969 17989530.00 8989530.00
1484942503869 532 2 1 196.000 -0.484 17989530.00 5989530.00
1484942503876 533 2 1 196.000 -0.969 inf 5989530.00
1484942503883 534 2 1 196.000 -0.484 inf 17989530.00
1484942503890 535 2 1 196.000 -0.969 17989530.00 5989530.00
1484942503897 536 2 1 196.000 -0.969 inf 4489530.00
1484942503903 537 2 1 196.000 -0.969 inf 8989530.00
1484942503910 538 2 1 196.000 -0.484 inf 5989530.00
1484942503917 539 2 1 196.000 -0.484 inf 17989530.00
1484942503924 540 2 1 196.000 -0.969 17989530.00 inf
1484942503930 541 2 1 196.000 -0.484 17989530.00 8989530.00
1484942503937 542 2 1 196.000 -0.484 17989530.00 inf
1484942503944 543 2 1 196.000 -0.484 17989530.00 5989530.00
1484942503951 544 2 1 196.000 -0.969 inf 5989530.00
1484942503957 545 2 1 196.000 -0.484 inf 8989530.00
1484942503964 546 2 1 196.000 -0.484 17989530.00 5989530.00
1484942503971 547 2 1 196.000 -0.484 inf 8989530.00
1484942503978 548 2 1 196.000 -0.484 inf 5989530.00
1484942503984 549 2 1 196.000 -0.969 inf inf
1484942503991 550 2 1 196.000 -0.484 inf 17989530.00
1484942503998 551 2 1 196.000 -0.484 17989530.00 inf
1484942504005 552 2 1 196.000 -0.969 inf 17989530.00
1484942504011 553 2 1 196.000 -0.484 17989530.00 17989530.00
1484942504018 554 2 1 196.000 -0.484 17989530.00 inf
1484942504025 555 2 1 196.000 -0.484 inf 4489530.00
1484942504032 556 2 1 196.000 -0.969 inf 5989530.00
1484942504038 557 2 1 196.000 -0.484 inf 4489530.00
1484942504045 558 2 1 196.000 -0.969 inf 8989530.00
1484942504052 559 2 2 196.000 -0.969 17989530.00 5989530.00
1484942504059 560 2 2 196.000 -0.484 8989530.00 inf
1484942504065 561 2 2 196.000 -0.484 17989530.00 5989530.00
1484942504072 562 2 2 196.000 -0.484 8989530.00 5989530.00
1484942504079 563 2 2 196.000 -0.484 17989530.00 8989530.00
1484942504086 564 2 2 196.000 -0.484 inf inf
1484942504092 565 2 2 196.000 -0.969 inf 5989530.00
1484942504099 566 2 2 196.000 -0.484 17989530.00 5989530.00
1484942504106 567 2 2 196.000 -0.484 8989530.00 8989530.00
1484942504113 568 2 2 196.000 -0.484 17989530.00 8989530.00
1484942504120 569 2 2 196.000 -0.969 17989530.00 5989530.00
1484942504127 570 2 2 196.000 -0.484 17989530.00 5989530.00
1484942504133 571 2 2 196.000 -0.969 17989530.00 5989530.00
1484942504140 572 2 2 196.000 -0.969 17989530.00 5989530.00
1484942504151 573 2 2 196.000 -0.969 inf 5989530.00
1484942504158 574 2 2 196.000 -0.969 17989530.00 8989530.00
1484942504166 575 2 2 196.000 -0.969 inf 17989530.00
1484942504173 576 2 2 196.000 -0.484 17989530.00 8989530.00
1484942504180 577 2 2 196.000 -0.484 inf 8989530.00
1484942504186 578 2 2 196.000 -0.484 inf 5989530.00
1484942504193 579 2 2 196.000 -0.969 inf 5989530.00
1484942504200 580 2 2 196.000 -0.969 17989530.00 5989530.00
1484942504207 581 2 2 196.000 -0.969 17989530.00 5989530.00
1484942504214 582 2 2 196.000 -0.484 17989530.00 5989530.00
1484942504221 583 2 2 196.000 -0.969 inf 17989530.00
1484942504227 584 2 2 196.000 -0.484 inf 5989530.00
1484942504234 585 2 2 196.000 -0.969 inf 5989530.00
1484942504241 586 2 2 196.000 -0.484 inf 5989530.00
1484942504248 587 2 2 196.000 -0.484 17989530.00 17989530.00
1484942504254 588 2 2 196.000 -0.484 inf 4489530.00
1484942504261 589 2 2 196.000 -0.484 17989530.00 17989530.00
1484942504268 590 2 2 196.000 -0.484 inf 5989530.00
1484942504275 591 2 2 196.000 -0.484 17989530.00 17989530.00
1484942504281 592 2 2 196.000 -0.969 inf 5989530.00
1484942504288 593 2 2 196.000 -0.969 inf 17989530.00
1484942504295 594 2 2 196.000 -0.484 17989530.00 5989530.00
1484942504302 595 2 2 196.000 -0.969 17989530.00 5989530.00
1484942504309 596 2 2 196.000 -0.484 inf 5989530.00
1484942504315 597 2 2 196.000 -0.969 17989530.00 5989530.00
1484942504322 598 2 2 196.000 -0.969 17989530.00 5989530.00
1484942504329 599 2 2 196.000 -0.484 inf 5989530.00
1484942504336 600 2 2 196.000 -0.484 17989530.00 5989530.00
1484942504342 601 2 2 196.000 -0.484 inf 8989530.00
1484942504349 602 2 2 196.000 -0.969 inf inf
1484942504356 603 2 2 196.000 -0.484 inf inf
1484942504363 604 2 2 196.000 -0.484 inf 8989530.00
1484942504370 605 2 2 196.000 -0.484 inf inf
1484942504377 606 2 2 196.000 -0.484 inf 17989530.00
1484942504384 607 2 2 196.000 -0.484 inf inf
1484942504391 608 2 2 196.000 -0.969 inf inf
1484942504397 609 2 2 196.000 -0.969 17989530.00 17989530.00
1484942504404 610 2 2 196.000 -0.969 inf inf
1484942504411 611 2 2 196.000 -0.484 inf inf
1484942504418 612 2 2 196.000 -0.969 inf 4489530.00
1484942504424 613 2 2 196.000 -0.484 inf 8989530.00
1484942504431 614 2 2 196.000 -0.969 17989530.00 5989530.00
1484942504438 615 2 2 196.000 -0.969 inf 17989530.00
1484942504445 616 2 2 196.000 -0.484 inf 17989530.00
1484942504451 617 2 2 196.000 -0.969 inf 17989530.00
1484942504458 618 2 2 196.000 -0.969 inf 5989530.00
1484942504465 619 2 2 196.000 -0.484 inf 5989530.00
1484942504472 620 2 2 196.000 -0.484 inf 17989530.00
1484942504478 621 2 2 196.000 -0.969 17989530.00 inf
1484942504485 622 2 2 196.000 -0.484 inf 8989530.00
1484942504492 623 2 2 196.000 -0.969 inf inf
1484942504499 624 2 2 196.000 -0.484 inf 5989530.00
1484942504505 625 2 2 196.000 -0.484 17989530.00 5989530.00
1484942504512 626 2 2 196.000 -0.969 17989530.00 4489530.00
1484942504519 627 2 2 196.000 -0.969 17989530.00 5989530.00
1484942504526 628 2 2 196.000 -0.484 inf 8989530.00
1484942504532 629 2 2 196.000 -0.969 inf 4489530.00
1484942504539 630 2 2 196.000 -0.969 inf inf
1484942504546 631 2 2 196.000 -0.969 inf 5989530.00
1484942504553 632 3 2 196.000 -0.484 inf 5989530.00
