Serial_number: 0 
Time Data_Count Cycle State Desired_force_(psi) Measured_force_(psi) Toe_sensor Heel_Sensor
1484782813527 0 0 0 100.000 -54.182 2004.01 709530.00
1484782813582 1 0 1 100.000 -432.006 8029.49 17989530.00
1484782813612 2 0 1 100.000 -527.793 43261.34 189530.00
1484782813643 3 0 1 100.000 -528.276 125893.64 570175.16
1484782813670 4 0 1 100.000 -528.276 187332.20 1114530.00
1484782813701 5 0 1 100.000 -528.276 226372.11 1489530.00
1484782813725 6 0 1 100.000 -528.276 250399.57 1789530.00
1484782813748 7 0 1 100.000 -527.793 262257.27 1789530.00
1484782813770 8 0 1 100.000 -527.793 266453.08 2989530.00
1484782813792 9 0 1 100.000 -528.276 275244.29 2560958.57
1484782813808 10 0 1 100.000 -527.793 279852.58 2239530.00
1484782813825 11 0 1 100.000 -528.276 279852.58 2560958.57
1484782813841 12 0 1 100.000 -528.276 279852.58 2989530.00
1484782813861 13 0 1 100.000 -527.793 284611.97 2989530.00
1484782813878 14 0 1 100.000 -528.276 289530.00 2560958.57
1484782813894 15 0 1 100.000 -528.276 294614.75 3589530.00
1484782813912 16 0 1 100.000 -527.793 284611.97 4489530.00
1484782813927 17 0 1 100.000 -527.793 284611.97 4489530.00
1484782813945 18 0 1 100.000 -527.793 294614.75 3589530.00
1484782813957 19 0 1 100.000 -527.793 294614.75 3589530.00
1484782813978 20 0 1 100.000 -527.793 289530.00 5989530.00
1484782813992 21 0 1 100.000 -527.793 284611.97 5989530.00
1484782814007 22 0 1 100.000 -527.793 289530.00 5989530.00
1484782814022 23 0 1 100.000 -527.793 289530.00 5989530.00
1484782814040 24 0 1 100.000 -527.793 294614.75 17989530.00
1484782814055 25 0 1 100.000 -527.793 294614.75 8989530.00
1484782814063 26 0 1 100.000 -527.793 294614.75 8989530.00
1484782814079 27 0 1 100.000 -527.793 299874.83 8989530.00
1484782814095 28 0 1 100.000 -527.793 305319.47 5989530.00
1484782814134 29 0 1 100.000 -527.793 294614.75 5989530.00
1484782814156 30 0 1 100.000 -527.793 299874.83 8989530.00
1484782814177 31 0 1 100.000 -527.793 299874.83 17989530.00
1484782814195 32 0 1 100.000 -527.793 294614.75 inf
1484782814208 33 0 1 100.000 -527.793 305319.47 8989530.00
1484782814220 34 0 1 100.000 -527.793 310958.57 8989530.00
1484782814230 35 0 1 100.000 -527.793 310958.57 5989530.00
1484782814249 36 0 1 100.000 -527.793 305319.47 17989530.00
1484782814261 37 0 1 100.000 -527.793 310958.57 8989530.00
1484782814273 38 0 1 100.000 -527.793 310958.57 5989530.00
1484782814284 39 0 1 100.000 -527.793 310958.57 8989530.00
1484782814296 40 0 1 100.000 -527.793 305319.47 8989530.00
1484782814312 41 0 1 100.000 -527.793 299874.83 5989530.00
1484782814329 42 0 1 100.000 -527.793 294614.75 5989530.00
1484782814339 43 0 1 100.000 -527.793 299874.83 5989530.00
1484782814349 44 0 1 100.000 -527.793 305319.47 8989530.00
1484782814372 45 0 1 100.000 -527.793 299874.83 17989530.00
1484782814382 46 0 1 100.000 -527.793 299874.83 8989530.00
1484782814394 47 0 1 100.000 -527.793 310958.57 8989530.00
1484782814404 48 0 1 100.000 -527.793 310958.57 8989530.00
1484782814421 49 0 1 100.000 -527.793 299874.83 8989530.00
1484782814431 50 0 1 100.000 -527.793 299874.83 8989530.00
1484782814441 51 0 1 100.000 -527.793 299874.83 8989530.00
1484782814451 52 0 1 100.000 -527.793 305319.47 5989530.00
1484782814462 53 0 1 100.000 -527.793 299874.83 8989530.00
1484782814472 54 0 1 100.000 -527.793 299874.83 4489530.00
1484782814484 55 0 1 100.000 -527.309 310958.57 5989530.00
1484782814494 56 0 1 100.000 -527.793 299874.83 5989530.00
1484782814505 57 0 1 100.000 -527.793 305319.47 5989530.00
1484782814516 58 0 1 100.000 -527.793 305319.47 4489530.00
1484782814525 59 0 1 100.000 -527.793 310958.57 8989530.00
1484782814534 60 0 1 100.000 -527.793 305319.47 8989530.00
1484782814546 61 0 1 100.000 -527.793 310958.57 5989530.00
1484782814556 62 0 1 100.000 -527.793 299874.83 4489530.00
1484782814568 63 0 1 100.000 -527.793 299874.83 5989530.00
1484782814578 64 0 1 100.000 -527.793 299874.83 3589530.00
1484782814587 65 0 1 100.000 -527.793 299874.83 5989530.00
1484782814601 66 0 1 100.000 -527.793 299874.83 5989530.00
1484782814609 67 0 1 100.000 -527.793 305319.47 5989530.00
1484782814622 68 0 1 100.000 -527.793 299874.83 5989530.00
1484782814632 69 0 1 100.000 -527.793 305319.47 5989530.00
1484782814642 70 0 1 100.000 -527.793 305319.47 5989530.00
1484782814654 71 0 1 100.000 -527.793 305319.47 5989530.00
1484782814664 72 0 1 100.000 -527.793 299874.83 8989530.00
1484782814675 73 0 1 100.000 -527.793 305319.47 8989530.00
1484782814693 74 0 1 100.000 -527.793 305319.47 8989530.00
1484782814708 75 0 1 100.000 -527.309 299874.83 8989530.00
1484782814721 76 0 1 100.000 -527.793 299874.83 8989530.00
1484782814732 77 0 1 100.000 -527.793 299874.83 17989530.00
1484782814744 78 0 1 100.000 -527.793 305319.47 8989530.00
1484782814759 79 0 1 100.000 -527.793 305319.47 5989530.00
1484782814773 80 0 1 100.000 -527.793 305319.47 5989530.00
1484782814789 81 0 1 100.000 -527.793 299874.83 5989530.00
1484782814810 82 0 1 100.000 -527.793 305319.47 17989530.00
1484782814823 83 0 1 100.000 -527.793 299874.83 17989530.00
1484782814839 84 0 1 100.000 -527.793 299874.83 17989530.00
1484782814857 85 0 1 100.000 -527.793 299874.83 8989530.00
1484782814876 86 0 1 100.000 -527.309 299874.83 8989530.00
1484782814892 87 0 1 100.000 -527.793 299874.83 8989530.00
1484782814908 88 0 1 100.000 -527.793 305319.47 17989530.00
1484782814929 89 0 1 100.000 -527.793 299874.83 8989530.00
1484782814942 90 0 1 100.000 -527.309 299874.83 17989530.00
1484782814955 91 0 1 100.000 -527.793 305319.47 5989530.00
1484782814970 92 0 1 100.000 -527.793 299874.83 17989530.00
1484782814990 93 0 1 100.000 -527.793 305319.47 5989530.00
1484782815005 94 0 1 100.000 -527.793 299874.83 8989530.00
1484782815021 95 0 1 100.000 -527.793 299874.83 17989530.00
1484782815037 96 0 1 100.000 -527.793 299874.83 17989530.00
1484782815048 97 0 1 100.000 -527.793 299874.83 17989530.00
1484782815060 98 0 1 100.000 -527.793 299874.83 17989530.00
1484782815079 99 0 1 100.000 -527.793 299874.83 8989530.00
1484782815095 100 0 1 100.000 -527.793 299874.83 17989530.00
1484782815107 101 0 1 100.000 -527.793 299874.83 17989530.00
1484782815120 102 0 1 100.000 -527.793 305319.47 17989530.00
1484782815140 103 0 1 100.000 -527.793 310958.57 17989530.00
1484782815151 104 0 1 100.000 -527.793 305319.47 5989530.00
1484782815160 105 0 1 100.000 -527.793 299874.83 8989530.00
1484782815175 106 0 1 100.000 -527.793 305319.47 5989530.00
1484782815185 107 0 1 100.000 -527.793 305319.47 5989530.00
1484782815198 108 0 1 100.000 -527.793 299874.83 8989530.00
1484782815206 109 0 1 100.000 -527.793 305319.47 5989530.00
1484782815221 110 0 1 100.000 -527.793 305319.47 5989530.00
1484782815235 111 0 1 100.000 -527.793 310958.57 4489530.00
1484782815247 112 0 1 100.000 -527.793 316802.73 4489530.00
1484782815267 113 0 1 100.000 -527.793 310958.57 2989530.00
1484782815284 114 0 1 100.000 -527.793 349530.00 3589530.00
1484782815304 115 0 1 100.000 -527.793 364530.00 5989530.00
1484782815317 116 0 1 100.000 -527.793 349530.00 4489530.00
1484782815331 117 0 1 100.000 -527.793 364530.00 4489530.00
1484782815348 118 0 1 100.000 -527.793 364530.00 3589530.00
1484782815360 119 0 1 100.000 -527.793 364530.00 4489530.00
1484782815379 120 0 1 100.000 -527.793 356876.94 2989530.00
1484782815389 121 0 1 100.000 -527.793 356876.94 4489530.00
1484782815399 122 0 1 100.000 -527.793 356876.94 2989530.00
1484782815412 123 0 1 100.000 -527.793 349530.00 2989530.00
1484782815426 124 0 1 100.000 -527.793 349530.00 2560958.57
1484782815441 125 0 1 100.000 -527.793 349530.00 2989530.00
1484782815460 126 0 1 100.000 -527.793 342471.18 2989530.00
1484782815478 127 0 1 100.000 -527.793 349530.00 3589530.00
1484782815496 128 0 1 100.000 -527.793 329152.64 3589530.00
1484782815511 129 0 1 100.000 -527.793 335683.85 4489530.00
1484782815521 130 0 1 100.000 -527.793 329152.64 3589530.00
1484782815542 131 0 1 100.000 -527.793 342471.18 4489530.00
1484782815554 132 0 1 100.000 -527.793 329152.64 2989530.00
1484782815564 133 0 1 100.000 -527.793 322863.33 3589530.00
1484782815574 134 0 1 100.000 -527.793 322863.33 2989530.00
1484782815593 135 0 1 100.000 -527.793 322863.33 3589530.00
1484782815605 136 0 1 100.000 -527.793 322863.33 2989530.00
1484782815617 137 0 1 100.000 -527.793 322863.33 2989530.00
1484782815628 138 0 1 100.000 -527.793 310958.57 2239530.00
1484782815646 139 0 1 100.000 -527.793 310958.57 2560958.57
1484782815665 140 0 1 100.000 -527.793 310958.57 2560958.57
1484782815683 141 0 1 100.000 -527.793 305319.47 2560958.57
1484782815694 142 0 1 100.000 -527.793 310958.57 1989530.00
1484782815702 143 0 1 100.000 -527.793 310958.57 2239530.00
1484782815712 144 0 1 100.000 -527.793 310958.57 2239530.00
1484782815722 145 0 1 100.000 -527.793 299874.83 2560958.57
1484782815732 146 0 1 100.000 -527.793 305319.47 2560958.57
1484782815747 147 0 1 100.000 -527.793 305319.47 2239530.00
1484782815765 148 0 1 100.000 -527.793 299874.83 2239530.00
1484782815775 149 0 1 100.000 -527.793 305319.47 2989530.00
1484782815786 150 0 1 100.000 -527.793 299874.83 2239530.00
1484782815796 151 0 1 100.000 -527.793 299874.83 3589530.00
1484782815806 152 0 1 100.000 -527.793 305319.47 2989530.00
1484782815826 153 0 1 100.000 -527.793 299874.83 5989530.00
1484782815840 154 0 1 100.000 -527.793 305319.47 5989530.00
1484782815851 155 0 1 100.000 -527.793 299874.83 4489530.00
1484782815862 156 0 1 100.000 -527.793 299874.83 5989530.00
1484782815869 157 0 1 100.000 -527.793 299874.83 2560958.57
1484782815890 158 0 1 100.000 -527.793 299874.83 2560958.57
1484782815904 159 0 1 100.000 -527.793 299874.83 3589530.00
1484782815914 160 0 1 100.000 -527.793 299874.83 5989530.00
1484782815925 161 0 1 100.000 -527.793 299874.83 2989530.00
1484782815945 162 0 1 100.000 -527.793 299874.83 8989530.00
1484782815955 163 0 1 100.000 -527.793 299874.83 4489530.00
1484782815965 164 0 1 100.000 -527.793 299874.83 2989530.00
1484782815976 165 0 1 100.000 -527.793 294614.75 2560958.57
1484782815998 166 0 1 100.000 -527.793 299874.83 2560958.57
1484782816009 167 0 1 100.000 -527.793 294614.75 2560958.57
1484782816021 168 0 1 100.000 -527.793 299874.83 2239530.00
1484782816031 169 0 1 100.000 -527.793 294614.75 2989530.00
1484782816050 170 0 1 100.000 -527.793 289530.00 2560958.57
1484782816066 171 0 1 100.000 -527.793 294614.75 2239530.00
1484782816077 172 0 1 100.000 -527.309 299874.83 2239530.00
1484782816087 173 0 1 100.000 -527.793 299874.83 1789530.00
1484782816110 174 0 1 100.000 -527.793 289530.00 2560958.57
1484782816120 175 0 1 100.000 -527.793 289530.00 1989530.00
1484782816130 176 0 1 100.000 -527.793 294614.75 1989530.00
1484782816146 177 0 1 100.000 -527.793 289530.00 1989530.00
1484782816158 178 0 1 100.000 -527.793 294614.75 2239530.00
1484782816169 179 0 1 100.000 -527.793 294614.75 2239530.00
1484782816181 180 0 1 100.000 -527.793 279852.58 2560958.57
1484782816191 181 0 1 100.000 -527.793 294614.75 1989530.00
1484782816208 182 0 1 100.000 -527.793 289530.00 2239530.00
1484782816224 183 0 1 100.000 -527.793 294614.75 2560958.57
1484782816234 184 0 1 100.000 -527.793 284611.97 4489530.00
1484782816249 185 0 1 100.000 -527.793 294614.75 2989530.00
1484782816263 186 0 1 100.000 -527.793 289530.00 3589530.00
1484782816271 187 0 1 100.000 -527.793 284611.97 2560958.57
1484782816282 188 0 1 100.000 -527.793 294614.75 2989530.00
1484782816293 189 0 1 100.000 -527.793 284611.97 2560958.57
1484782816302 190 0 1 100.000 -527.793 289530.00 2239530.00
1484782816312 191 0 1 100.000 -527.793 284611.97 2560958.57
1484782816324 192 0 1 100.000 -527.793 284611.97 2239530.00
1484782816333 193 0 1 100.000 -527.793 284611.97 2560958.57
1484782816343 194 0 1 100.000 -527.793 284611.97 1989530.00
1484782816355 195 0 1 100.000 -527.793 289530.00 1989530.00
1484782816365 196 0 1 100.000 -527.793 284611.97 2239530.00
1484782816374 197 0 1 100.000 -527.793 284611.97 2239530.00
1484782816384 198 0 1 100.000 -527.793 284611.97 2239530.00
1484782816394 199 0 1 100.000 -527.793 284611.97 1789530.00
1484782816406 200 0 1 100.000 -527.793 275244.29 1989530.00
1484782816416 201 0 1 100.000 -527.793 284611.97 1789530.00
1484782816425 202 0 1 100.000 -527.793 289530.00 1989530.00
1484782816438 203 0 1 100.000 -527.793 284611.97 1989530.00
1484782816448 204 0 1 100.000 -527.793 289530.00 1789530.00
1484782816459 205 0 1 100.000 -527.793 275244.29 2239530.00
1484782816468 206 0 1 100.000 -527.793 284611.97 1789530.00
1484782816478 207 0 1 100.000 -527.793 289530.00 1789530.00
1484782816496 208 0 1 100.000 -527.309 284611.97 1789530.00
1484782816511 209 0 1 100.000 -527.793 289530.00 1789530.00
1484782816525 210 0 1 100.000 -527.793 284611.97 1989530.00
1484782816532 211 0 1 100.000 -527.793 289530.00 1789530.00
1484782816542 212 0 1 100.000 -527.793 284611.97 2239530.00
1484782816552 213 0 1 100.000 -527.793 289530.00 1789530.00
1484782816570 214 0 2 100.000 -527.793 284611.97 1789530.00
1484782816583 215 0 2 100.000 -527.793 284611.97 1789530.00
1484782816601 216 0 2 100.000 -527.793 284611.97 1789530.00
1484782816615 217 0 2 100.000 -527.793 284611.97 1789530.00
1484782816631 218 0 2 100.000 -527.793 284611.97 1789530.00
1484782816648 219 0 2 100.000 -527.793 284611.97 1625893.64
1484782816663 220 0 2 100.000 -527.793 284611.97 1625893.64
1484782816677 221 1 2 100.000 -527.793 284611.97 1625893.64
1484782816692 222 1 1 100.000 -527.793 289530.00 1789530.00
1484782816708 223 1 1 100.000 -527.793 279852.58 1789530.00
1484782816728 224 1 1 100.000 -527.793 284611.97 1789530.00
1484782816743 225 1 1 100.000 -527.793 289530.00 1489530.00
1484782816758 226 1 1 100.000 -528.276 299874.83 1789530.00
1484782816772 227 1 1 100.000 -527.793 294614.75 1625893.64
1484782816787 228 1 1 100.000 -528.276 284611.97 1789530.00
1484782816802 229 1 1 100.000 -517.633 284611.97 1625893.64
1484782816819 230 1 1 100.000 -528.276 284611.97 1789530.00
1484782816836 231 1 1 100.000 -528.276 275244.29 1789530.00
1484782816851 232 1 1 100.000 -527.793 279852.58 1625893.64
1484782816870 233 1 1 100.000 -527.793 270780.00 1625893.64
1484782816886 234 1 1 100.000 -527.793 275244.29 1489530.00
1484782816900 235 1 1 100.000 -528.276 270780.00 1789530.00
1484782816915 236 1 1 100.000 -528.276 270780.00 1625893.64
1484782816933 237 1 1 100.000 -528.276 275244.29 1789530.00
1484782816949 238 1 1 100.000 -528.276 279852.58 1625893.64
1484782816970 239 1 1 100.000 -527.793 275244.29 1989530.00
1484782816983 240 1 1 100.000 -527.793 275244.29 3589530.00
1484782816992 241 1 1 100.000 -528.276 214530.00 50754.49
1484782817010 242 1 1 100.000 -506.507 37275.36 26797.08
1484782817023 243 1 1 100.000 -428.620 13854.32 9202.13
1484782817033 244 1 1 100.000 -395.723 10363.33 1275244.29
1484782817044 245 1 1 100.000 -345.411 8557.48 32695.47
1484782817060 246 1 1 100.000 -278.168 6463.21 134691.29
1484782817074 247 1 1 100.000 -241.401 5601.43 37658.34
1484782817085 248 1 1 100.000 -209.472 4980.64 97963.73
1484782817095 249 1 1 100.000 -183.832 4605.38 17989530.00
1484782817112 250 1 1 100.000 -142.228 4152.26 17989530.00
1484782817126 251 1 1 100.000 -114.170 3725.58 17989530.00
1484782817138 252 1 1 100.000 -90.949 3548.69 17989530.00
1484782817154 253 1 1 100.000 -63.374 3270.46 inf
1484782817168 254 1 1 100.000 -49.344 3166.36 17989530.00
1484782817179 255 1 1 100.000 -37.734 3053.67 17989530.00
1484782817189 256 1 1 100.000 -29.026 2962.84 inf
1484782817208 257 1 1 100.000 -14.997 2863.33 8989530.00
1484782817222 258 1 1 100.000 -8.224 2765.29 2560958.57
1484782817234 259 1 1 100.000 -4.838 2745.86 17989530.00
1484782817244 260 1 1 100.000 -2.419 2697.52 8989530.00
1484782817266 261 1 1 100.000 2.419 2649.53 1374145.38
1484782817277 262 1 1 100.000 4.354 2630.44 807711.82
1484782817285 263 1 1 100.000 5.805 2620.91 310958.57
1484782817300 264 1 1 100.000 6.773 2564.03 206397.47
1484782817314 265 1 1 100.000 8.708 2573.48 305319.47
1484782817327 266 1 1 100.000 9.192 2554.60 8989530.00
1484782817337 267 1 1 100.000 10.159 2526.39 5989530.00
1484782817355 268 1 1 100.000 9.675 2507.65 1489530.00
1484782817368 269 1 1 100.000 9.192 2517.01 45430.62
1484782817378 270 1 1 100.000 8.224 2507.65 24963.07
1484782817388 271 1 1 100.000 7.257 2507.65 28406.89
1484782817408 272 1 1 100.000 4.838 2479.64 21730.36
1484782817421 273 1 1 100.000 3.870 2479.64 27827.87
1484782817433 274 1 1 100.000 1.451 2479.64 26264.69
1484782817443 275 1 1 100.000 -0.484 2451.75 15466.60
1484782817463 276 1 1 100.000 -2.903 2461.03 11481.22
1484782817475 277 1 1 100.000 -2.903 2442.48 11697.49
1484782817484 278 1 1 100.000 -2.903 2451.75 10756.42
1484782817495 279 1 1 100.000 -3.386 2423.98 13626.39
1484782817515 280 1 1 100.000 -3.386 2442.48 20038.47
1484782817528 281 1 1 100.000 -4.354 2423.98 18238.13
1484782817537 282 1 1 100.000 -4.838 2414.75 20038.47
1484782817556 283 1 1 100.000 -5.321 2414.75 15429.28
1484782817566 284 1 1 100.000 -5.805 2414.75 16355.63
1484782817576 285 1 1 100.000 -6.289 2405.54 14634.60
1484782817589 286 1 1 100.000 -6.289 2396.33 15807.37
1484782817605 287 1 1 100.000 -6.773 2396.33 16638.43
1484782817619 288 1 1 100.000 -7.257 2387.14 16969.02
1484782817628 289 1 1 100.000 -7.740 2396.33 18468.91
1484782817648 290 1 1 100.000 -7.740 2396.33 21108.95
1484782817661 291 1 1 100.000 -8.224 2387.14 26643.40
1484782817671 292 1 1 100.000 -8.224 2377.97 61530.00
1484782817683 293 1 1 100.000 -8.224 2387.14 47407.81
1484782817693 294 1 1 100.000 -8.224 2377.97 43261.34
1484782817716 295 1 1 100.000 -9.192 2377.97 25032.96
1484782817726 296 1 1 100.000 -9.192 2368.80 22138.70
1484782817738 297 1 1 100.000 -8.708 2368.80 17831.89
1484782817755 298 1 1 100.000 -8.224 2359.65 21615.56
1484782817769 299 1 1 100.000 -7.740 2368.80 15171.03
1484782817780 300 1 1 100.000 -6.289 2359.65 7108.12
1484782817790 301 1 1 100.000 -4.838 2350.51 5863.94
1484782817808 302 1 1 100.000 -2.903 2350.51 6624.02
1484782817821 303 1 1 100.000 -0.968 2350.51 7566.07
1484782817831 304 1 1 100.000 0.484 2350.51 6543.23
1484782817850 305 1 1 100.000 2.419 2341.39 3592.50
1484782817864 306 1 1 100.000 3.870 2332.28 7693.47
1484782817872 307 1 1 100.000 4.354 2332.28 4430.66
1484782817882 308 1 1 100.000 4.838 2332.28 4430.66
1484782817892 309 1 1 100.000 4.838 2323.18 4810.14
1484782817902 310 1 1 100.000 4.354 2323.18 4308.33
1484782817913 311 1 1 100.000 3.870 2323.18 4643.35
1484782817923 312 1 1 100.000 3.870 2314.09 6074.12
1484782817933 313 1 1 100.000 3.870 2332.28 5515.79
1484782817943 314 1 1 100.000 3.386 2314.09 5819.59
1484782817952 315 1 1 100.000 3.870 2314.09 5849.13
1484782817962 316 1 1 100.000 2.903 2314.09 6352.43
1484782817974 317 1 1 100.000 3.386 2305.02 6738.41
1484782817984 318 1 1 100.000 3.386 2314.09 6705.57
1484782817994 319 1 1 100.000 3.870 2305.02 7246.54
1484782818003 320 1 1 100.000 3.870 2305.02 8801.95
1484782818013 321 1 1 100.000 3.386 2295.96 19232.97
1484782818023 322 1 1 100.000 3.386 2305.02 36405.00
1484782818033 323 1 1 100.000 3.386 2305.02 42161.58
1484782818044 324 1 1 100.000 3.386 2295.96 16927.26
1484782818054 325 1 1 100.000 2.419 2295.96 17921.17
1484782818064 326 1 1 100.000 2.419 2286.91 30532.28
1484782818074 327 1 1 100.000 2.419 2295.96 27345.13
1484782818085 328 1 1 100.000 1.935 2286.91 32387.14
1484782818107 329 1 1 100.000 1.451 2286.91 19135.26
1484782818116 330 1 1 100.000 1.451 2286.91 14495.33
1484782818126 331 1 1 100.000 1.451 2277.88 20090.27
1484782818136 332 1 1 100.000 1.451 2277.88 11269.13
1484782818152 333 1 1 100.000 0.968 2286.91 15061.91
1484782818165 334 1 1 100.000 0.968 2277.88 10387.47
1484782818183 335 1 1 100.000 0.484 2277.88 9619.29
1484782818203 336 1 1 100.000 0.000 2268.85 8557.48
1484782818214 337 1 1 100.000 0.000 2259.84 7934.91
1484782818235 338 1 1 100.000 -0.484 2277.88 7711.82
1484782818247 339 1 1 100.000 -0.484 2268.85 8163.54
1484782818265 340 1 1 100.000 -0.484 2268.85 11138.64
1484782818282 341 1 1 100.000 -0.484 2277.88 12171.51
1484782818297 342 1 1 100.000 -0.484 2259.84 10907.67
1484782818316 343 1 1 100.000 -0.968 2259.84 10907.67
1484782818332 344 1 1 100.000 -0.968 2259.84 12171.51
1484782818347 345 1 1 100.000 -0.968 2250.85 11348.18
1484782818361 346 1 1 100.000 -0.968 2259.84 5968.36
1484782818379 347 1 1 100.000 -0.968 2250.85 7859.94
1484782818392 348 1 1 100.000 -0.968 2250.85 12372.64
1484782818410 349 1 1 100.000 -0.968 2250.85 12666.25
1484782818426 350 1 1 100.000 -0.968 2241.86 15317.97
1484782818445 351 1 1 100.000 -0.968 2250.85 11807.23
1484782818459 352 1 1 100.000 -0.968 2241.86 9310.22
1484782818483 353 1 1 100.000 -1.451 2232.89 8740.25
1484782818490 354 1 1 100.000 -1.451 2250.85 10460.23
1484782818501 355 1 1 100.000 -1.451 2250.85 10907.67
1484782818518 356 1 1 100.000 -1.451 2250.85 11138.64
1484782818533 357 1 1 100.000 -1.451 2241.86 7972.62
1484782818542 358 1 1 100.000 -1.451 2232.89 12114.69
1484782818552 359 1 1 100.000 -1.935 2241.86 11481.22
1484782818572 360 1 1 100.000 -1.451 2241.86 11295.42
1484782818583 361 1 1 100.000 -1.451 2241.86 11164.62
1484782818594 362 1 1 100.000 -1.451 2232.89 9823.12
1484782818605 363 1 1 100.000 -1.935 2232.89 9961.33
1484782818618 364 1 1 100.000 -1.451 2232.89 9868.98
1484782818626 365 1 1 100.000 -1.935 2223.94 10460.23
1484782818636 366 1 1 100.000 -1.451 2232.89 10656.76
1484782818648 367 1 1 100.000 -1.451 2232.89 11321.77
1484782818660 368 1 1 100.000 -1.935 2223.94 9754.72
1484782818674 369 1 1 100.000 -1.451 2223.94 9686.77
1484782818683 370 1 1 100.000 -1.451 2232.89 10031.14
1484782818700 371 1 1 100.000 -0.968 2214.99 7953.75
1484782818716 372 1 1 100.000 -0.484 2214.99 8182.85
1484782818734 373 1 1 100.000 0.484 2214.99 7804.11
1484782818751 374 1 1 100.000 1.451 2223.94 7693.47
1484782818767 375 1 1 100.000 1.451 2214.99 8105.85
1484782818786 376 1 1 100.000 2.419 2223.94 8397.92
1484782818802 377 1 1 100.000 2.419 2223.94 8437.56
1484782818814 378 1 1 100.000 1.935 2214.99 7767.08
1484782818829 379 1 1 100.000 1.935 2214.99 7246.54
1484782818849 380 1 1 100.000 1.935 2206.06 7005.73
1484782818865 381 1 1 100.000 2.419 2223.94 6738.41
1484782818876 382 1 1 100.000 1.935 2197.14 7056.78
1484782818888 383 1 1 100.000 2.419 2206.06 6705.57
1484782818898 384 1 1 100.000 2.419 2214.99 7194.38
1484782818908 385 1 1 100.000 1.935 2206.06 5687.99
1484782818922 386 1 1 100.000 1.935 2197.14 6289.78
1484782818936 387 1 1 100.000 1.935 2197.14 5923.44
1484782818949 388 1 1 100.000 1.935 2214.99 5878.77
1484782818966 389 1 1 100.000 1.935 2197.14 6074.12
1484782818982 390 1 1 100.000 1.935 2197.14 6196.67
1484782818999 391 1 1 100.000 1.935 2197.14 6043.76
1484782819009 392 1 1 100.000 1.935 2197.14 6289.78
1484782819021 393 1 1 100.000 1.451 2197.14 6559.33
1484782819042 394 1 1 100.000 1.451 2197.14 6463.21
1484782819052 395 1 1 100.000 1.451 2188.23 6656.55
1484782819063 396 1 1 100.000 1.451 2197.14 6938.12
1484782819083 397 1 1 100.000 1.451 2197.14 7090.98
1484782819111 398 1 1 100.000 1.451 2188.23 8338.78
1484782819148 399 1 1 100.000 1.451 2188.23 8319.14
1484782819175 400 1 1 100.000 1.451 2188.23 8497.33
1484782819191 401 1 1 100.000 1.451 2188.23 8537.39
1484782819201 402 1 1 100.000 1.451 2179.33 8358.45
1484782819211 403 1 1 100.000 0.968 2188.23 8299.55
1484782819222 404 1 1 100.000 0.968 2188.23 8557.48
1484782819238 405 1 1 100.000 0.968 2188.23 8260.49
1484782819255 406 1 1 100.000 0.968 2188.23 8658.59
1484782819262 407 1 1 100.000 0.968 2179.33 8699.33
1484782819279 408 1 1 100.000 0.968 2179.33 9116.51
1484782819294 409 1 1 100.000 0.968 2179.33 9485.65
1484782819306 410 1 1 100.000 0.484 2188.23 10706.47
1484782819316 411 1 1 100.000 0.968 2170.45 11779.69
1484782819333 412 1 1 100.000 0.968 2179.33 13245.42
1484782819349 413 1 1 100.000 0.968 2170.45 15541.56
1484782819359 414 1 1 100.000 0.968 2179.33 13466.17
1484782819369 415 1 1 100.000 0.968 2170.45 12171.51
1484782819384 416 1 1 100.000 0.968 2161.58 11481.22
1484782819398 417 1 1 100.000 0.484 2170.45 11834.83
1484782819408 418 1 1 100.000 0.484 2179.33 11890.25
1484782819423 419 1 1 100.000 0.968 2179.33 11112.73
1484782819441 420 1 1 100.000 0.484 2179.33 10387.47
1484782819451 421 1 1 100.000 0.968 2170.45 10291.25
1484782819460 422 1 1 100.000 0.484 2179.33 10031.14
1484782819479 423 1 1 100.000 0.484 2179.33 9664.23
1484782819492 424 1 1 100.000 0.484 2161.58 9938.16
1484782819503 425 1 1 100.000 0.484 2170.45 9641.73
1484782819513 426 1 1 100.000 0.484 2170.45 10172.20
1484782819523 427 1 1 100.000 0.484 2179.33 11807.23
1484782819541 428 1 1 100.000 0.484 2179.33 12906.62
1484782819550 429 1 1 100.000 0.484 2161.58 12372.64
1484782819562 430 1 1 100.000 0.484 2161.58 13402.68
1484782819573 431 1 1 100.000 0.484 2161.58 13308.07
1484782819583 432 1 1 100.000 0.484 2179.33 11918.06
1484782819595 433 1 1 100.000 0.484 2170.45 11862.51
1484782819607 434 1 1 100.000 0.484 2152.72 11724.82
1484782819617 435 1 1 100.000 0.484 2170.45 12876.30
1484782819626 436 1 1 100.000 0.484 2170.45 13530.00
1484782819636 437 1 1 100.000 0.968 2170.45 13854.32
1484782819646 438 1 1 100.000 0.484 2161.58 13466.17
1484782819657 439 1 1 100.000 0.484 2170.45 14120.16
1484782819667 440 1 1 100.000 0.484 2161.58 18330.00
1484782819676 441 1 1 100.000 0.484 2161.58 10315.22
1484782819687 442 1 1 100.000 0.484 2161.58 10656.76
1484782819697 443 1 1 100.000 0.000 2161.58 9961.33
1484782819708 444 1 2 100.000 0.484 2152.72 7090.98
1484782819720 445 1 2 100.000 0.484 2143.88 6887.76
1484782819730 446 1 2 100.000 0.484 2161.58 6399.73
1484782819738 447 1 2 100.000 0.000 2161.58 5804.86
1484782819749 448 1 2 100.000 -26.607 2368.80 15807.37
1484782819773 449 1 2 100.000 -207.053 3063.83 104914.62
1484782819788 450 1 2 100.000 -311.064 3953.08 258186.72
1484782819797 451 1 2 100.000 -362.343 5431.06 2239530.00
1484782819807 452 1 2 100.000 -420.879 6672.86 889530.00
1484782819827 453 2 2 100.000 -508.442 14187.53 56196.67
1484782819843 454 2 1 100.000 -528.276 45430.62 144702.41
1484782819858 455 2 1 100.000 -527.793 99959.45 342471.18
1484782819871 456 2 1 100.000 -528.276 125893.64 681837.69
1484782819888 457 2 1 100.000 -485.705 179003.68 inf
1484782819906 458 2 1 100.000 -520.052 15061.91 13626.39
1484782819921 459 2 1 100.000 -416.526 9732.02 10882.31
1484782819939 460 2 1 100.000 -352.668 6656.55 115404.13
1484782819952 461 2 1 100.000 -291.229 5375.07 60118.24
1484782819965 462 2 1 100.000 -250.593 4980.64 13214.21
1484782819980 463 2 1 100.000 -196.410 4046.13 6321.04
1484782819995 464 2 1 100.000 -162.547 3748.01 14564.77
1484782820011 465 2 1 100.000 -122.394 3354.88 54511.95
1484782820027 466 2 1 100.000 -92.400 3114.91 17989530.00
1484782820044 467 2 1 100.000 -63.858 2952.82 17989530.00
1484782820063 468 2 1 100.000 -37.250 2765.29 1625893.64
1484782820078 469 2 1 100.000 -23.221 2707.16 18562.26
1484782820095 470 2 1 100.000 -8.708 2601.90 14599.64
1484782820109 471 2 1 100.000 0.000 2564.03 15281.07
1484782820128 472 2 1 100.000 7.740 2507.65 20564.48
1484782820144 473 2 1 100.000 11.127 2479.64 12937.02
1484782820160 474 2 1 100.000 11.127 2461.03 9961.33
1484782820177 475 2 1 100.000 13.062 2423.98 22987.25
1484782820197 476 2 1 100.000 13.062 2414.75 14775.44
1484782820209 477 2 1 100.000 14.029 2396.33 14775.44
1484782820224 478 2 1 100.000 14.029 2387.14 36283.25
1484782820240 479 2 1 100.000 13.546 2368.80 16236.23
1484782820249 480 2 1 100.000 14.029 2377.97 14917.87
1484782820261 481 2 1 100.000 14.029 2359.65 10831.78
1484782820279 482 2 1 100.000 12.094 2350.51 7972.62
1484782820293 483 2 1 100.000 11.127 2350.51 9073.97
1484782820302 484 2 1 100.000 9.675 2350.51 11643.02
1484782820320 485 2 1 100.000 5.805 2341.39 10533.50
1484782820335 486 2 1 100.000 2.419 2341.39 10363.33
1484782820347 487 2 1 100.000 0.000 2332.28 9754.72
1484782820358 488 2 1 100.000 -1.935 2314.09 13371.06
1484782820382 489 2 1 100.000 -2.903 2314.09 13059.41
1484782820390 490 2 1 100.000 -2.903 2314.09 8740.25
1484782820400 491 2 1 100.000 -2.903 2314.09 9397.55
1484782820422 492 2 1 100.000 -2.903 2295.96 13498.04
1484782820430 493 2 1 100.000 -2.903 2295.96 10031.14
1484782820442 494 2 1 100.000 -2.903 2295.96 10558.04
1484782820452 495 2 1 100.000 -2.903 2295.96 12876.30
1484782820470 496 2 1 100.000 -3.386 2295.96 11834.83
1484782820484 497 2 1 100.000 -3.386 2295.96 16395.67
1484782820494 498 2 1 100.000 -3.386 2286.91 12171.51
1484782820506 499 2 1 100.000 -3.870 2268.85 15281.07
1484782820520 500 2 1 100.000 -3.386 2286.91 12286.01
1484782820536 501 2 1 100.000 -3.386 2277.88 12547.90
1484782820548 502 2 1 100.000 -3.386 2286.91 12967.50
1484782820566 503 2 1 100.000 -3.386 2268.85 13498.04
1484782820584 504 2 1 100.000 -3.386 2268.85 18515.51
1484782820589 505 2 1 100.000 -3.870 2268.85 18376.15
1484782820605 506 2 1 100.000 -3.870 2277.88 19986.85
1484782820623 507 2 1 100.000 -3.870 2259.84 15207.60
1484782820631 508 2 1 100.000 -3.870 2268.85 13953.34
1484782820642 509 2 1 100.000 -3.870 2259.84 12577.38
1484782820654 510 2 1 100.000 -3.386 2259.84 17052.94
1484782820671 511 2 1 100.000 -2.419 2250.85 14391.88
1484782820687 512 2 1 100.000 -1.451 2250.85 14187.53
1484782820698 513 2 1 100.000 -0.968 2241.86 11009.71
1484782820722 514 2 1 100.000 0.484 2250.85 9800.27
1484782820730 515 2 1 100.000 1.935 2250.85 9868.98
1484782820740 516 2 1 100.000 2.419 2241.86 9664.23
1484782820750 517 2 1 100.000 3.386 2250.85 10806.60
1484782820773 518 2 1 100.000 4.838 2250.85 8557.48
1484782820783 519 2 1 100.000 4.354 2250.85 13090.21
1484782820794 520 2 1 100.000 4.354 2232.89 10781.48
1484782820810 521 2 1 100.000 3.870 2241.86 10582.63
1484782820826 522 2 1 100.000 3.870 2232.89 8163.54
1484782820837 523 2 1 100.000 3.870 2241.86 9868.98
1484782820857 524 2 1 100.000 3.870 2232.89 11164.62
1484782820870 525 2 1 100.000 4.354 2232.89 10882.31
1484782820880 526 2 1 100.000 3.870 2214.99 14846.46
1484782820890 527 2 1 100.000 3.870 2232.89 12372.64
1484782820900 528 2 1 100.000 3.870 2232.89 11190.65
1484782820921 529 2 1 100.000 3.386 2223.94 10831.78
1484782820935 530 2 1 100.000 3.386 2232.89 11973.89
1484782820947 531 2 1 100.000 3.386 2206.06 6705.57
1484782820963 532 2 1 100.000 2.903 2214.99 8260.49
1484782820976 533 2 1 100.000 2.903 2214.99 8319.14
1484782820986 534 2 1 100.000 2.903 2223.94 7953.75
1484782821001 535 2 1 100.000 2.903 2223.94 8457.44
1484782821019 536 2 1 100.000 2.419 2206.06 6575.45
1484782821029 537 2 1 100.000 2.419 2214.99 6656.55
1484782821041 538 2 1 100.000 2.419 2214.99 5760.84
1484782821063 539 2 1 100.000 1.935 2206.06 5572.78
1484782821070 540 2 1 100.000 1.935 2197.14 4940.96
1484782821080 541 2 1 100.000 1.451 2206.06 4643.35
1484782821091 542 2 1 100.000 1.451 2197.14 4707.07
1484782821107 543 2 1 100.000 1.451 2206.06 4357.02
1484782821124 544 2 1 100.000 1.451 2206.06 4128.54
1484782821134 545 2 1 100.000 1.451 2206.06 3827.06
1484782821145 546 2 1 100.000 1.451 2206.06 3838.43
1484782821153 547 2 1 100.000 0.968 2197.14 3625.54
1484782821163 548 2 1 100.000 0.968 2197.14 3505.16
1484782821175 549 2 1 100.000 0.968 2197.14 3472.68
1484782821186 550 2 1 100.000 0.968 2197.14 3472.68
1484782821195 551 2 1 100.000 0.968 2197.14 3461.89
1484782821205 552 2 1 100.000 0.484 2197.14 3451.11
1484782821214 553 2 1 100.000 0.484 2197.14 3397.49
1484782821226 554 2 1 100.000 0.484 2197.14 3408.18
1484782821234 555 2 1 100.000 0.484 2206.06 3451.11
1484782821246 556 2 1 100.000 0.484 2197.14 3365.51
1484782821255 557 2 1 100.000 0.484 2188.23 3397.49
1484782821265 558 2 1 100.000 0.484 2188.23 3418.89
1484782821275 559 2 1 100.000 0.000 2197.14 3344.27
1484782821287 560 2 1 100.000 0.484 2188.23 3397.49
1484782821296 561 2 1 100.000 0.484 2188.23 3376.15
1484782821308 562 2 1 100.000 0.484 2188.23 3461.89
1484782821318 563 2 1 100.000 0.484 2188.23 3526.89
1484782821326 564 2 1 100.000 0.000 2188.23 3516.01
1484782821337 565 2 1 100.000 0.000 2179.33 3581.52
1484782821354 566 2 1 100.000 0.000 2188.23 3408.18
1484782821369 567 2 1 100.000 0.484 2179.33 3429.61
1484782821375 568 2 1 100.000 0.000 2188.23 3516.01
1484782821385 569 2 1 100.000 -0.484 2188.23 3472.68
1484782821394 570 2 1 100.000 0.000 2188.23 3440.36
1484782821414 571 2 1 100.000 -0.484 2179.33 3537.78
1484782821426 572 2 1 100.000 -0.484 2179.33 3748.01
1484782821445 573 2 1 100.000 -0.484 2179.33 3781.78
1484782821462 574 2 1 100.000 -0.484 2179.33 3827.06
1484782821474 575 2 1 100.000 -0.484 2179.33 3804.39
1484782821492 576 2 1 100.000 -0.484 2179.33 4618.01
1484782821508 577 2 1 100.000 -0.968 2161.58 4308.33
1484782821520 578 2 1 100.000 -0.484 2179.33 4369.24
1484782821539 579 2 1 100.000 -0.484 2179.33 4605.38
1484782821556 580 2 1 100.000 -0.484 2161.58 4888.36
1484782821572 581 2 1 100.000 -0.484 2161.58 4272.01
1484782821585 582 2 1 100.000 -0.484 2161.58 4104.90
1484782821603 583 2 1 100.000 -0.484 2179.33 4128.54
1484782821619 584 2 1 100.000 0.000 2161.58 4081.33
1484782821638 585 2 1 100.000 0.484 2170.45 3999.45
1484782821652 586 2 1 100.000 0.484 2170.45 6383.93
1484782821667 587 2 1 100.000 1.451 2161.58 5114.42
1484782821682 588 2 1 100.000 1.451 2161.58 4914.62
1484782821699 589 2 1 100.000 2.419 2161.58 4505.04
1484782821715 590 2 1 100.000 2.419 2161.58 4344.81
1484782821728 591 2 1 100.000 1.935 2161.58 3987.83
1484782821743 592 2 1 100.000 2.419 2161.58 4128.54
1484782821757 593 2 1 100.000 2.419 2179.33 3838.43
1484782821773 594 2 1 100.000 2.419 2161.58 3603.49
1484782821789 595 2 1 100.000 2.419 2161.58 3472.68
1484782821805 596 2 1 100.000 2.419 2152.72 3354.88
1484782821816 597 2 1 100.000 1.935 2170.45 3291.47
1484782821833 598 2 1 100.000 2.419 2170.45 3312.54
1484782821847 599 2 1 100.000 2.419 2152.72 3312.54
1484782821857 600 2 1 100.000 2.419 2152.72 3302.00
1484782821867 601 2 1 100.000 2.419 2152.72 3312.54
1484782821884 602 2 1 100.000 1.935 2152.72 3259.98
1484782821901 603 2 1 100.000 2.419 2152.72 3207.81
1484782821913 604 2 1 100.000 1.935 2161.58 3156.04
1484782821930 605 2 1 100.000 2.419 2152.72 2932.83
1484782821941 606 2 1 100.000 1.935 2152.72 2853.46
1484782821954 607 2 1 100.000 2.419 2152.72 2755.57
1484782821964 608 2 1 100.000 2.419 2152.72 2573.48
1484782821981 609 2 1 100.000 2.419 2152.72 2433.23
1484782821996 610 2 1 100.000 1.935 2152.72 2368.80
1484782822005 611 2 1 100.000 1.935 2143.88 2170.45
1484782822021 612 2 1 100.000 2.419 2135.04 2188.23
1484782822037 613 2 1 100.000 1.935 2152.72 2099.83
1484782822048 614 2 1 100.000 1.935 2143.88 2091.06
1484782822058 615 2 1 100.000 2.419 2152.72 2073.55
1484782822070 616 2 1 100.000 2.419 2152.72 2047.39
1484782822085 617 2 1 100.000 1.935 2143.88 2064.82
1484782822103 618 2 1 100.000 1.935 2152.72 2064.82
1484782822112 619 2 1 100.000 1.935 2143.88 2117.41
1484782822121 620 2 1 100.000 1.935 2143.88 2152.72
1484782822142 621 2 1 100.000 1.935 2152.72 2161.58
1484782822153 622 2 1 100.000 1.935 2135.04 2232.89
1484782822164 623 2 1 100.000 1.935 2152.72 2286.91
1484782822183 624 2 1 100.000 1.935 2143.88 2350.51
1484782822195 625 2 1 100.000 1.935 2143.88 2526.39
1484782822205 626 2 1 100.000 1.935 2143.88 2611.40
1484782822222 627 2 1 100.000 1.935 2135.04 3063.83
1484782822234 628 2 1 100.000 1.935 2135.04 3145.73
1484782822247 629 2 1 100.000 1.935 2135.04 3333.68
1484782822257 630 2 1 100.000 1.935 2135.04 3827.06
1484782822268 631 2 1 100.000 1.935 2143.88 3976.23
1484782822286 632 2 1 100.000 1.451 2143.88 4605.38
1484782822300 633 2 1 100.000 1.935 2135.04 4443.01
1484782822310 634 2 1 100.000 1.451 2135.04 3987.83
1484782822330 635 2 1 100.000 1.451 2143.88 3884.07
1484782822342 636 2 1 100.000 1.935 2135.04 3669.83
1484782822353 637 2 1 100.000 1.451 2126.22 3725.58
1484782822365 638 2 1 100.000 1.935 2135.04 3815.71
1484782822381 639 2 1 100.000 1.451 2126.22 3647.65
1484782822396 640 2 1 100.000 1.451 2126.22 3625.54
1484782822408 641 2 1 100.000 1.451 2126.22 3647.65
1484782822425 642 2 1 100.000 1.451 2126.22 3658.73
1484782822437 643 2 1 100.000 1.451 2126.22 3680.94
1484782822449 644 2 1 100.000 1.451 2135.04 3669.83
1484782822460 645 2 1 100.000 1.935 2135.04 3703.23
1484782822470 646 2 1 100.000 1.935 2135.04 3872.63
1484782822488 647 2 1 100.000 1.451 2126.22 3930.00
1484782822501 648 2 1 100.000 1.935 2126.22 3999.45
1484782822511 649 2 1 100.000 1.451 2143.88 4034.43
1484782822531 650 2 1 100.000 1.451 2126.22 4211.89
1484782822547 651 2 1 100.000 1.451 2126.22 4164.15
1484782822557 652 2 1 100.000 1.451 2135.04 4176.05
1484782822567 653 2 1 100.000 0.968 2126.22 4492.59
1484782822587 654 2 1 100.000 1.451 2117.41 4758.43
1484782822597 655 2 1 100.000 1.451 2117.41 5319.47
1484782822607 656 2 1 100.000 1.451 2126.22 6787.91
1484782822622 657 2 1 100.000 1.451 2126.22 7005.73
1484782822639 658 2 1 100.000 1.451 2126.22 5804.86
1484782822652 659 2 1 100.000 1.451 2117.41 5834.35
1484782822662 660 2 1 100.000 0.968 2126.22 5558.50
1484782822677 661 2 1 100.000 0.968 2126.22 5361.13
1484782822693 662 2 1 100.000 1.451 2126.22 5361.13
1484782822703 663 2 1 100.000 1.451 2117.41 4980.64
1484782822712 664 2 1 100.000 0.968 2126.22 5127.92
1484782822731 665 2 1 100.000 1.451 2126.22 4810.14
1484782822745 666 2 1 100.000 1.451 2117.41 4719.87
1484782822755 667 2 1 100.000 1.451 2117.41 4719.87
1484782822765 668 2 1 100.000 0.968 2126.22 4592.76
1484782822777 669 2 1 100.000 0.968 2126.22 4605.38
1484782822787 670 2 1 100.000 0.968 2117.41 4656.05
1484782822798 671 2 1 100.000 0.968 2108.62 4797.18
1484782822808 672 2 1 100.000 1.451 2126.22 4707.07
1484782822818 673 2 1 100.000 0.968 2126.22 4823.12
1484782822829 674 2 1 100.000 0.968 2117.41 4707.07
1484782822839 675 2 1 100.000 1.451 2117.41 5033.88
1484782822850 676 2 2 100.000 0.968 2117.41 5155.00
1484782822860 677 2 2 100.000 1.451 2126.22 5389.03
1484782822872 678 2 2 100.000 0.968 2117.41 5361.13
1484782822882 679 2 2 100.000 0.484 2126.22 5587.09
1484782822893 680 2 2 100.000 -44.507 2197.14 6887.76
1484782822904 681 2 2 100.000 -121.910 2545.18 80439.09
1484782822914 682 2 2 100.000 -193.992 2962.84 3239.06
1484782822923 683 2 2 100.000 -262.687 3548.69 23946.83
1484782822933 684 2 2 100.000 -323.642 4467.76 118101.43
1484782822943 685 2 2 100.000 -381.210 5644.59 1189530.00
1484782822953 686 3 2 100.000 -434.425 7281.48 91224.92
