Serial_number: -1717986918 
Time Data_Count Cycle State Desired_force_(psi) Measured_force_(psi) Toe_sensor Heel_Sensor
1484787771213 0 0 0 200.000 0.000 inf inf
1484787771232 1 0 1 200.000 0.000 inf inf
1484787771234 2 0 1 200.000 0.000 inf inf
1484787771236 3 0 1 200.000 0.000 inf inf
1484787771240 4 0 1 200.000 0.000 inf inf
1484787771244 5 0 1 200.000 0.000 inf inf
1484787771246 6 0 1 200.000 0.000 inf inf
1484787771250 7 0 1 200.000 0.000 inf inf
1484787771252 8 0 1 200.000 0.000 inf inf
1484787771256 9 0 1 200.000 0.000 inf inf
1484787771258 10 0 1 200.000 0.000 inf inf
1484787771264 11 0 1 200.000 0.000 inf inf
1484787771269 12 0 1 200.000 0.000 inf inf
1484787771273 13 0 1 200.000 0.000 inf inf
1484787771277 14 0 1 200.000 0.000 inf inf
1484787771279 15 0 1 200.000 0.000 inf inf
1484787771283 16 0 1 200.000 0.000 inf inf
1484787771287 17 0 1 200.000 0.000 inf inf
1484787771289 18 0 1 200.000 0.000 inf inf
1484787771291 19 0 1 200.000 0.000 inf inf
1484787771295 20 0 1 200.000 0.000 inf inf
1484787771299 21 0 1 200.000 0.000 inf inf
1484787771301 22 0 1 200.000 0.000 inf inf
1484787771305 23 0 1 200.000 0.000 inf inf
1484787771307 24 0 1 200.000 0.000 inf inf
1484787771309 25 0 1 200.000 0.000 inf inf
1484787771318 26 0 1 200.000 0.000 inf inf
1484787771322 27 0 1 200.000 0.000 inf inf
1484787771324 28 0 1 200.000 0.000 inf inf
1484787771328 29 0 1 200.000 0.000 inf inf
1484787771330 30 0 1 200.000 0.000 inf inf
1484787771336 31 0 1 200.000 0.000 inf inf
1484787771337 32 0 1 200.000 0.000 inf inf
1484787771341 33 0 1 200.000 0.000 inf inf
1484787771342 34 0 1 200.000 0.000 inf inf
1484787771346 35 0 1 200.000 0.000 inf inf
1484787771348 36 0 1 200.000 0.000 inf inf
1484787771353 37 0 1 200.000 0.000 inf inf
1484787771354 38 0 1 200.000 0.000 inf inf
1484787771357 39 0 1 200.000 0.000 inf inf
1484787771365 40 0 1 200.000 0.000 inf inf
1484787771367 41 0 1 200.000 0.000 inf inf
1484787771369 42 0 1 200.000 0.000 inf inf
1484787771373 43 0 1 200.000 0.000 inf inf
1484787771375 44 0 1 200.000 0.000 inf inf
1484787771378 45 0 1 200.000 0.000 inf inf
1484787771381 46 0 1 200.000 0.000 inf inf
1484787771383 47 0 1 200.000 0.000 inf inf
1484787771385 48 0 1 200.000 0.000 inf inf
1484787771387 49 0 1 200.000 0.000 inf inf
1484787771389 50 0 1 200.000 0.000 inf inf
1484787771391 51 0 1 200.000 0.000 inf inf
1484787771392 52 0 1 200.000 0.000 inf inf
1484787771394 53 0 1 200.000 0.000 inf inf
1484787771396 54 0 1 200.000 0.000 inf inf
1484787771398 55 0 1 200.000 0.000 inf inf
1484787771400 56 0 1 200.000 0.000 inf inf
1484787771402 57 0 1 200.000 0.000 inf inf
1484787771403 58 0 1 200.000 0.000 inf inf
1484787771412 59 0 1 200.000 0.000 inf inf
1484787771414 60 0 1 200.000 0.000 inf inf
1484787771416 61 0 1 200.000 0.000 inf inf
1484787771418 62 0 1 200.000 0.000 inf inf
1484787771420 63 0 1 200.000 0.000 inf inf
1484787771422 64 0 1 200.000 0.000 inf inf
1484787771424 65 0 1 200.000 0.000 inf inf
1484787771424 66 0 1 200.000 0.000 inf inf
1484787771428 67 0 1 200.000 0.000 inf inf
1484787771429 68 0 1 200.000 0.000 inf inf
1484787771431 69 0 1 200.000 0.000 inf inf
1484787771432 70 0 1 200.000 0.000 inf inf
1484787771434 71 0 1 200.000 0.000 inf inf
1484787771436 72 0 1 200.000 0.000 inf inf
1484787771438 73 0 1 200.000 0.000 inf inf
1484787771440 74 0 1 200.000 0.000 inf inf
1484787771443 75 0 1 200.000 0.000 inf inf
1484787771444 76 0 1 200.000 0.000 inf inf
1484787771445 77 0 1 200.000 0.000 inf inf
1484787771447 78 0 1 200.000 0.000 inf inf
1484787771451 79 0 1 200.000 0.000 inf inf
1484787771452 80 0 1 200.000 0.000 inf inf
1484787771453 81 0 1 200.000 0.000 inf inf
1484787771455 82 0 1 200.000 0.000 inf inf
1484787771459 83 0 1 200.000 0.000 inf inf
1484787771460 84 0 1 200.000 0.000 inf inf
1484787771463 85 0 1 200.000 0.000 inf inf
1484787771464 86 0 1 200.000 0.000 inf inf
1484787771465 87 0 1 200.000 0.000 inf inf
1484787771467 88 0 1 200.000 0.000 inf inf
1484787771469 89 0 1 200.000 0.000 inf inf
1484787771470 90 0 2 200.000 0.000 inf inf
1484787771472 91 0 2 200.000 0.000 inf inf
1484787771474 92 0 2 200.000 0.000 inf inf
1484787771477 93 0 2 200.000 0.000 inf inf
1484787771479 94 0 2 200.000 0.000 inf inf
1484787771481 95 0 2 200.000 0.000 inf inf
1484787771483 96 0 2 200.000 0.000 inf inf
1484787771485 97 0 2 200.000 0.000 inf inf
1484787771487 98 0 2 200.000 0.000 inf inf
1484787771490 99 0 2 200.000 0.000 inf inf
1484787771492 100 0 2 200.000 0.000 inf inf
1484787771494 101 0 2 200.000 0.000 inf inf
1484787771496 102 0 2 200.000 0.000 inf inf
1484787771498 103 0 2 200.000 0.000 inf inf
1484787771499 104 0 2 200.000 0.000 inf inf
1484787771502 105 0 2 200.000 0.000 inf inf
1484787771503 106 0 2 200.000 0.000 inf inf
1484787771505 107 0 2 200.000 0.000 inf inf
1484787771506 108 0 2 200.000 0.000 inf inf
1484787771508 109 0 2 200.000 0.000 inf inf
1484787771510 110 0 2 200.000 0.000 inf inf
1484787771511 111 0 2 200.000 0.000 inf inf
1484787771513 112 0 2 200.000 0.000 inf inf
1484787771516 113 0 2 200.000 0.000 inf inf
1484787771517 114 0 2 200.000 0.000 inf inf
1484787771520 115 0 2 200.000 0.000 inf inf
1484787771521 116 0 2 200.000 0.000 inf inf
1484787771523 117 0 2 200.000 0.000 inf inf
1484787771524 118 0 2 200.000 0.000 inf inf
1484787771526 119 0 2 200.000 0.000 inf inf
1484787771528 120 0 2 200.000 0.000 inf inf
1484787771530 121 0 2 200.000 0.000 inf inf
1484787771533 122 0 2 200.000 0.000 inf inf
1484787771534 123 0 2 200.000 0.000 inf inf
1484787771537 124 0 2 200.000 0.000 inf inf
1484787771538 125 0 2 200.000 0.000 inf inf
1484787771539 126 0 2 200.000 0.000 inf inf
1484787771541 127 0 2 200.000 0.000 inf inf
1484787771543 128 0 2 200.000 0.000 inf inf
1484787771545 129 0 2 200.000 0.000 inf inf
1484787771546 130 0 2 200.000 0.000 inf inf
1484787771548 131 0 2 200.000 0.000 inf inf
1484787771550 132 0 2 200.000 0.000 inf inf
1484787771552 133 0 2 200.000 0.000 inf inf
1484787771554 134 0 2 200.000 0.000 inf inf
1484787771556 135 0 2 200.000 0.000 inf inf
1484787771558 136 0 2 200.000 0.000 inf inf
1484787771560 137 0 2 200.000 0.000 inf inf
1484787771562 138 0 2 200.000 0.000 inf inf
1484787771564 139 0 2 200.000 0.000 inf inf
1484787771566 140 0 2 200.000 0.000 inf inf
1484787771568 141 0 2 200.000 0.000 inf inf
1484787771570 142 0 2 200.000 0.000 inf inf
1484787771571 143 0 2 200.000 0.000 inf inf
1484787771574 144 0 2 200.000 0.000 inf inf
1484787771575 145 0 2 200.000 0.000 inf inf
1484787771577 146 0 2 200.000 0.000 inf inf
1484787771591 147 0 2 200.000 0.000 inf inf
1484787771598 148 0 2 200.000 0.000 inf inf
1484787771600 149 0 2 200.000 0.000 inf inf
1484787771608 150 0 2 200.000 0.000 inf inf
1484787771615 151 0 2 200.000 0.000 inf inf
1484787771619 152 0 2 200.000 0.000 inf inf
1484787771621 153 0 2 200.000 0.000 inf inf
1484787771625 154 0 2 200.000 0.000 inf inf
1484787771630 155 0 2 200.000 0.000 inf inf
1484787771634 156 0 2 200.000 0.000 inf inf
1484787771638 157 0 2 200.000 0.000 inf inf
1484787771643 158 0 2 200.000 0.000 inf inf
1484787771646 159 0 2 200.000 0.000 inf inf
1484787771647 160 0 2 200.000 0.000 inf inf
1484787771648 161 0 2 200.000 0.000 inf inf
1484787771653 162 0 2 200.000 0.000 inf inf
1484787771653 163 0 2 200.000 0.000 inf inf
1484787771656 164 0 2 200.000 0.000 inf inf
1484787771657 165 0 2 200.000 0.000 inf inf
1484787771658 166 0 2 200.000 0.000 inf inf
1484787771660 167 0 2 200.000 0.000 inf inf
1484787771661 168 0 2 200.000 0.000 inf inf
1484787771662 169 0 2 200.000 0.000 inf inf
1484787771666 170 0 2 200.000 0.000 inf inf
1484787771668 171 0 2 200.000 0.000 inf inf
1484787771668 172 0 2 200.000 0.000 inf inf
1484787771668 173 0 2 200.000 0.000 inf inf
1484787771670 174 0 2 200.000 0.000 inf inf
1484787771672 175 0 2 200.000 0.000 inf inf
1484787771672 176 0 2 200.000 0.000 inf inf
1484787771675 177 0 2 200.000 0.000 inf inf
1484787771676 178 0 2 200.000 0.000 inf inf
1484787771678 179 0 2 200.000 0.000 inf inf
1484787771681 180 0 2 200.000 0.000 inf inf
1484787771685 181 0 2 200.000 0.000 inf inf
1484787771685 182 0 2 200.000 0.000 inf inf
1484787771687 183 0 2 200.000 0.000 inf inf
1484787771690 184 0 2 200.000 0.000 inf inf
1484787771690 185 0 2 200.000 0.000 inf inf
1484787771694 186 0 2 200.000 0.000 inf inf
1484787771695 187 0 2 200.000 0.000 inf inf
1484787771695 188 0 2 200.000 0.000 inf inf
1484787771696 189 0 2 200.000 0.000 inf inf
1484787771697 190 0 2 200.000 0.000 inf inf
1484787771697 191 0 2 200.000 0.000 inf inf
1484787771698 192 0 2 200.000 0.000 inf inf
1484787771698 193 0 2 200.000 0.000 inf inf
1484787771699 194 0 2 200.000 0.000 inf inf
1484787771699 195 0 2 200.000 0.000 inf inf
1484787771700 196 0 2 200.000 0.000 inf inf
1484787771701 197 0 2 200.000 0.000 inf inf
1484787771701 198 0 2 200.000 0.000 inf inf
1484787771702 199 0 2 200.000 0.000 inf inf
1484787771702 200 0 2 200.000 0.000 inf inf
1484787771703 201 0 2 200.000 0.000 inf inf
1484787771704 202 0 2 200.000 0.000 inf inf
1484787771704 203 0 2 200.000 0.000 inf inf
1484787771705 204 0 2 200.000 0.000 inf inf
1484787771705 205 0 2 200.000 0.000 inf inf
1484787771706 206 0 2 200.000 0.000 inf inf
1484787771706 207 0 2 200.000 0.000 inf inf
1484787771707 208 0 2 200.000 0.000 inf inf
1484787771707 209 0 2 200.000 0.000 inf inf
1484787771708 210 0 2 200.000 0.000 inf inf
1484787771708 211 0 2 200.000 0.000 inf inf
1484787771709 212 0 2 200.000 0.000 inf inf
1484787771709 213 0 2 200.000 0.000 inf inf
1484787771710 214 0 2 200.000 0.000 inf inf
1484787771710 215 0 2 200.000 0.000 inf inf
1484787771711 216 0 2 200.000 0.000 inf inf
1484787771711 217 0 2 200.000 0.000 inf inf
1484787771712 218 0 2 200.000 0.000 inf inf
1484787771712 219 0 2 200.000 0.000 inf inf
1484787771713 220 0 2 200.000 0.000 inf inf
1484787771713 221 0 2 200.000 0.000 inf inf
1484787771714 222 0 2 200.000 0.000 inf inf
1484787771716 223 0 2 200.000 0.000 inf inf
1484787771716 224 0 2 200.000 0.000 inf inf
1484787771717 225 0 2 200.000 0.000 inf inf
1484787771717 226 0 2 200.000 0.000 inf inf
1484787771717 227 0 2 200.000 0.000 inf inf
1484787771717 228 0 2 200.000 0.000 inf inf
1484787771718 229 0 2 200.000 0.000 inf inf
1484787771720 230 1 2 200.000 0.000 inf inf
1484787771720 231 1 1 200.000 0.000 inf inf
1484787771721 232 1 1 200.000 0.000 inf inf
1484787771721 233 1 1 200.000 0.000 inf inf
1484787771721 234 1 1 200.000 0.000 inf inf
1484787771721 235 1 1 200.000 0.000 inf inf
1484787771722 236 1 1 200.000 0.000 inf inf
1484787771722 237 1 1 200.000 0.000 inf inf
1484787771723 238 1 1 200.000 0.000 inf inf
1484787771723 239 1 1 200.000 0.000 inf inf
1484787771724 240 1 1 200.000 0.000 inf inf
1484787771724 241 1 1 200.000 0.000 inf inf
1484787771725 242 1 1 200.000 0.000 inf inf
1484787771725 243 1 1 200.000 0.000 inf inf
1484787771726 244 1 1 200.000 0.000 inf inf
1484787771727 245 1 1 200.000 0.000 inf inf
1484787771727 246 1 1 200.000 0.000 inf inf
1484787771728 247 1 1 200.000 0.000 inf inf
1484787771728 248 1 1 200.000 0.000 inf inf
1484787771729 249 1 1 200.000 0.000 inf inf
1484787771729 250 1 1 200.000 0.000 inf inf
1484787771730 251 1 1 200.000 0.000 inf inf
1484787771732 252 1 1 200.000 0.000 inf inf
1484787771732 253 1 1 200.000 0.000 inf inf
1484787771732 254 1 1 200.000 0.000 inf inf
1484787771733 255 1 1 200.000 0.000 inf inf
1484787771733 256 1 1 200.000 0.000 inf inf
1484787771733 257 1 1 200.000 0.000 inf inf
1484787771733 258 1 1 200.000 0.000 inf inf
1484787771734 259 1 1 200.000 0.000 inf inf
1484787771735 260 1 1 200.000 0.000 inf inf
1484787771736 261 1 1 200.000 0.000 inf inf
1484787771736 262 1 1 200.000 0.000 inf inf
1484787771736 263 1 1 200.000 0.000 inf inf
1484787771737 264 1 1 200.000 0.000 inf inf
1484787771737 265 1 1 200.000 0.000 inf inf
1484787771738 266 1 1 200.000 0.000 inf inf
1484787771739 267 1 1 200.000 0.000 inf inf
1484787771739 268 1 1 200.000 0.000 inf inf
1484787771740 269 1 1 200.000 0.000 inf inf
1484787771740 270 1 1 200.000 0.000 inf inf
1484787771741 271 1 1 200.000 0.000 inf inf
1484787771741 272 1 1 200.000 0.000 inf inf
1484787771742 273 1 1 200.000 0.000 inf inf
1484787771742 274 1 1 200.000 0.000 inf inf
1484787771743 275 1 1 200.000 0.000 inf inf
1484787771743 276 1 1 200.000 0.000 inf inf
1484787771744 277 1 1 200.000 0.000 inf inf
1484787771745 278 1 1 200.000 0.000 inf inf
1484787771745 279 1 1 200.000 0.000 inf inf
1484787771748 280 1 1 200.000 0.000 inf inf
1484787771748 281 1 1 200.000 0.000 inf inf
1484787771748 282 1 1 200.000 0.000 inf inf
1484787771748 283 1 1 200.000 0.000 inf inf
1484787771749 284 1 1 200.000 0.000 inf inf
1484787771749 285 1 1 200.000 0.000 inf inf
1484787771749 286 1 1 200.000 0.000 inf inf
1484787771749 287 1 1 200.000 0.000 inf inf
1484787771750 288 1 1 200.000 0.000 inf inf
1484787771751 289 1 1 200.000 0.000 inf inf
1484787771751 290 1 1 200.000 0.000 inf inf
1484787771752 291 1 1 200.000 0.000 inf inf
1484787771752 292 1 1 200.000 0.000 inf inf
1484787771753 293 1 1 200.000 0.000 inf inf
1484787771753 294 1 1 200.000 0.000 inf inf
1484787771754 295 1 1 200.000 0.000 inf inf
1484787771754 296 1 1 200.000 0.000 inf inf
1484787771755 297 1 1 200.000 0.000 inf inf
1484787771755 298 1 1 200.000 0.000 inf inf
1484787771756 299 1 1 200.000 0.000 inf inf
1484787771756 300 1 1 200.000 0.000 inf inf
1484787771757 301 1 1 200.000 0.000 inf inf
1484787771758 302 1 1 200.000 0.000 inf inf
1484787771758 303 1 1 200.000 0.000 inf inf
1484787771759 304 1 1 200.000 0.000 inf inf
1484787771759 305 1 1 200.000 0.000 inf inf
1484787771760 306 1 1 200.000 0.000 inf inf
1484787771760 307 1 1 200.000 0.000 inf inf
1484787771761 308 1 1 200.000 0.000 inf inf
1484787771762 309 1 1 200.000 0.000 inf inf
1484787771762 310 1 1 200.000 0.000 inf inf
1484787771763 311 1 1 200.000 0.000 inf inf
1484787771763 312 1 1 200.000 0.000 inf inf
1484787771764 313 1 1 200.000 0.000 inf inf
1484787771764 314 1 1 200.000 0.000 inf inf
1484787771765 315 1 1 200.000 0.000 inf inf
1484787771765 316 1 1 200.000 0.000 inf inf
1484787771766 317 1 1 200.000 0.000 inf inf
1484787771766 318 1 1 200.000 0.000 inf inf
1484787771767 319 1 1 200.000 0.000 inf inf
1484787771767 320 1 1 200.000 0.000 inf inf
1484787771768 321 1 1 200.000 0.000 inf inf
1484787771769 322 1 1 200.000 0.000 inf inf
1484787771769 323 1 1 200.000 0.000 inf inf
1484787771770 324 1 1 200.000 0.000 inf inf
1484787771770 325 1 1 200.000 0.000 inf inf
1484787771770 326 1 1 200.000 0.000 inf inf
1484787771771 327 1 1 200.000 0.000 inf inf
1484787771772 328 1 1 200.000 0.000 inf inf
1484787771772 329 1 1 200.000 0.000 inf inf
1484787771773 330 1 1 200.000 0.000 inf inf
1484787771773 331 1 1 200.000 0.000 inf inf
1484787771774 332 1 1 200.000 0.000 inf inf
1484787771774 333 1 1 200.000 0.000 inf inf
1484787771775 334 1 1 200.000 0.000 inf inf
1484787771775 335 1 1 200.000 0.000 inf inf
1484787771776 336 1 1 200.000 0.000 inf inf
1484787771776 337 1 1 200.000 0.000 inf inf
1484787771777 338 1 1 200.000 0.000 inf inf
1484787771777 339 1 1 200.000 0.000 inf inf
1484787771778 340 1 1 200.000 0.000 inf inf
1484787771778 341 1 1 200.000 0.000 inf inf
1484787771779 342 1 1 200.000 0.000 inf inf
1484787771780 343 1 1 200.000 0.000 inf inf
1484787771781 344 1 1 200.000 0.000 inf inf
1484787771781 345 1 1 200.000 0.000 inf inf
1484787771781 346 1 1 200.000 0.000 inf inf
1484787771783 347 1 1 200.000 0.000 inf inf
1484787771783 348 1 1 200.000 0.000 inf inf
1484787771783 349 1 1 200.000 0.000 inf inf
1484787771783 350 1 1 200.000 0.000 inf inf
1484787771784 351 1 1 200.000 0.000 inf inf
1484787771784 352 1 1 200.000 0.000 inf inf
1484787771787 353 1 1 200.000 0.000 inf inf
1484787771787 354 1 1 200.000 0.000 inf inf
1484787771787 355 1 1 200.000 0.000 inf inf
1484787771787 356 1 1 200.000 0.000 inf inf
1484787771788 357 1 1 200.000 0.000 inf inf
1484787771788 358 1 1 200.000 0.000 inf inf
1484787771788 359 1 1 200.000 0.000 inf inf
1484787771790 360 1 1 200.000 0.000 inf inf
1484787771790 361 1 1 200.000 0.000 inf inf
1484787771791 362 1 1 200.000 0.000 inf inf
1484787771791 363 1 1 200.000 0.000 inf inf
1484787771791 364 1 1 200.000 0.000 inf inf
1484787771791 365 1 1 200.000 0.000 inf inf
1484787771792 366 1 1 200.000 0.000 inf inf
1484787771792 367 1 1 200.000 0.000 inf inf
1484787771793 368 1 1 200.000 0.000 inf inf
1484787771793 369 1 1 200.000 0.000 inf inf
1484787771794 370 1 1 200.000 0.000 inf inf
1484787771794 371 1 1 200.000 0.000 inf inf
1484787771795 372 1 1 200.000 0.000 inf inf
1484787771796 373 1 1 200.000 0.000 inf inf
1484787771796 374 1 1 200.000 0.000 inf inf
1484787771797 375 1 1 200.000 0.000 inf inf
1484787771797 376 1 1 200.000 0.000 inf inf
1484787771798 377 1 1 200.000 0.000 inf inf
1484787771799 378 1 1 200.000 0.000 inf inf
1484787771799 379 1 1 200.000 0.000 inf inf
1484787771800 380 1 1 200.000 0.000 inf inf
1484787771800 381 1 1 200.000 0.000 inf inf
1484787771802 382 1 1 200.000 0.000 inf inf
1484787771802 383 1 1 200.000 0.000 inf inf
1484787771803 384 1 1 200.000 0.000 inf inf
1484787771803 385 1 1 200.000 0.000 inf inf
1484787771803 386 1 1 200.000 0.000 inf inf
1484787771803 387 1 1 200.000 0.000 inf inf
1484787771804 388 1 1 200.000 0.000 inf inf
1484787771804 389 1 1 200.000 0.000 inf inf
1484787771806 390 1 1 200.000 0.000 inf inf
1484787771806 391 1 1 200.000 0.000 inf inf
1484787771806 392 1 1 200.000 0.000 inf inf
1484787771807 393 1 1 200.000 0.000 inf inf
1484787771807 394 1 1 200.000 0.000 inf inf
1484787771808 395 1 1 200.000 0.000 inf inf
1484787771808 396 1 1 200.000 0.000 inf inf
1484787771809 397 1 1 200.000 0.000 inf inf
1484787771809 398 1 1 200.000 0.000 inf inf
1484787771810 399 1 1 200.000 0.000 inf inf
1484787771811 400 1 1 200.000 0.000 inf inf
1484787771811 401 1 1 200.000 0.000 inf inf
1484787771811 402 1 1 200.000 0.000 inf inf
1484787771812 403 1 1 200.000 0.000 inf inf
1484787771813 404 1 1 200.000 0.000 inf inf
1484787771813 405 1 1 200.000 0.000 inf inf
1484787771814 406 1 1 200.000 0.000 inf inf
1484787771814 407 1 1 200.000 0.000 inf inf
1484787771815 408 1 1 200.000 0.000 inf inf
1484787771816 409 1 1 200.000 0.000 inf inf
1484787771816 410 1 1 200.000 0.000 inf inf
1484787771818 411 1 1 200.000 0.000 inf inf
1484787771818 412 1 1 200.000 0.000 inf inf
1484787771818 413 1 1 200.000 0.000 inf inf
1484787771819 414 1 1 200.000 0.000 inf inf
1484787771819 415 1 1 200.000 0.000 inf inf
1484787771819 416 1 1 200.000 0.000 inf inf
1484787771820 417 1 1 200.000 0.000 inf inf
1484787771820 418 1 1 200.000 0.000 inf inf
1484787771821 419 1 1 200.000 0.000 inf inf
1484787771821 420 1 1 200.000 0.000 inf inf
1484787771822 421 1 1 200.000 0.000 inf inf
1484787771822 422 1 1 200.000 0.000 inf inf
1484787771823 423 1 1 200.000 0.000 inf inf
1484787771823 424 1 1 200.000 0.000 inf inf
1484787771824 425 1 1 200.000 0.000 inf inf
1484787771825 426 1 1 200.000 0.000 inf inf
1484787771825 427 1 1 200.000 0.000 inf inf
1484787771826 428 1 1 200.000 0.000 inf inf
1484787771826 429 1 1 200.000 0.000 inf inf
1484787771827 430 1 1 200.000 0.000 inf inf
1484787771827 431 1 1 200.000 0.000 inf inf
1484787771828 432 1 1 200.000 0.000 inf inf
1484787771829 433 1 1 200.000 0.000 inf inf
1484787771829 434 1 1 200.000 0.000 inf inf
1484787771830 435 1 1 200.000 0.000 inf inf
1484787771830 436 1 1 200.000 0.000 inf inf
1484787771831 437 1 1 200.000 0.000 inf inf
1484787771831 438 1 1 200.000 0.000 inf inf
1484787771832 439 1 1 200.000 0.000 inf inf
1484787771832 440 1 1 200.000 0.000 inf inf
1484787771833 441 1 1 200.000 0.000 inf inf
1484787771833 442 1 1 200.000 0.000 inf inf
1484787771834 443 1 1 200.000 0.000 inf inf
1484787771834 444 1 1 200.000 0.000 inf inf
1484787771835 445 1 1 200.000 0.000 inf inf
1484787771835 446 1 1 200.000 0.000 inf inf
1484787771836 447 1 1 200.000 0.000 inf inf
1484787771836 448 1 1 200.000 0.000 inf inf
1484787771837 449 1 1 200.000 0.000 inf inf
1484787771838 450 1 1 200.000 0.000 inf inf
1484787771838 451 1 1 200.000 0.000 inf inf
1484787771839 452 1 1 200.000 0.000 inf inf
1484787771839 453 1 1 200.000 0.000 inf inf
1484787771840 454 1 1 200.000 0.000 inf inf
1484787771840 455 1 1 200.000 0.000 inf inf
1484787771841 456 1 1 200.000 0.000 inf inf
1484787771841 457 1 1 200.000 0.000 inf inf
1484787771842 458 1 1 200.000 0.000 inf inf
1484787771842 459 1 1 200.000 0.000 inf inf
1484787771843 460 1 1 200.000 0.000 inf inf
1484787771844 461 1 1 200.000 0.000 inf inf
1484787771844 462 1 1 200.000 0.000 inf inf
1484787771845 463 1 1 200.000 0.000 inf inf
1484787771845 464 1 1 200.000 0.000 inf inf
1484787771846 465 1 1 200.000 0.000 inf inf
1484787771846 466 1 1 200.000 0.000 inf inf
1484787771847 467 1 1 200.000 0.000 inf inf
1484787771848 468 1 1 200.000 0.000 inf inf
1484787771848 469 1 1 200.000 0.000 inf inf
1484787771849 470 1 1 200.000 0.000 inf inf
1484787771849 471 1 1 200.000 0.000 inf inf
1484787771850 472 1 1 200.000 0.000 inf inf
1484787771851 473 1 1 200.000 0.000 inf inf
1484787771851 474 1 1 200.000 0.000 inf inf
1484787771853 475 1 1 200.000 0.000 inf inf
1484787771853 476 1 1 200.000 0.000 inf inf
1484787771853 477 1 1 200.000 0.000 inf inf
1484787771854 478 1 1 200.000 0.000 inf inf
1484787771854 479 1 1 200.000 0.000 inf inf
1484787771854 480 1 1 200.000 0.000 inf inf
1484787771855 481 1 1 200.000 0.000 inf inf
1484787771855 482 1 1 200.000 0.000 inf inf
1484787771857 483 1 1 200.000 0.000 inf inf
1484787771857 484 1 1 200.000 0.000 inf inf
1484787771857 485 1 1 200.000 0.000 inf inf
1484787771858 486 1 1 200.000 0.000 inf inf
1484787771858 487 1 1 200.000 0.000 inf inf
1484787771859 488 1 1 200.000 0.000 inf inf
1484787771859 489 1 1 200.000 0.000 inf inf
1484787771859 490 1 1 200.000 0.000 inf inf
1484787771861 491 1 1 200.000 0.000 inf inf
1484787771861 492 1 1 200.000 0.000 inf inf
1484787771861 493 1 1 200.000 0.000 inf inf
1484787771862 494 1 1 200.000 0.000 inf inf
1484787771862 495 1 1 200.000 0.000 inf inf
1484787771863 496 1 1 200.000 0.000 inf inf
1484787771863 497 1 1 200.000 0.000 inf inf
1484787771864 498 1 1 200.000 0.000 inf inf
1484787771864 499 1 1 200.000 0.000 inf inf
1484787771865 500 1 1 200.000 0.000 inf inf
1484787771865 501 1 1 200.000 0.000 inf inf
1484787771866 502 1 1 200.000 0.000 inf inf
1484787771866 503 1 1 200.000 0.000 inf inf
1484787771867 504 1 1 200.000 0.000 inf inf
1484787771868 505 1 1 200.000 0.000 inf inf
1484787771868 506 1 1 200.000 0.000 inf inf
1484787771869 507 1 1 200.000 0.000 inf inf
1484787771869 508 1 1 200.000 0.000 inf inf
1484787771870 509 1 1 200.000 0.000 inf inf
1484787771870 510 1 1 200.000 0.000 inf inf
1484787771872 511 1 1 200.000 0.000 inf inf
1484787771873 512 1 1 200.000 0.000 inf inf
1484787771873 513 1 1 200.000 0.000 inf inf
1484787771873 514 1 1 200.000 0.000 inf inf
1484787771873 515 1 1 200.000 0.000 inf inf
1484787771874 516 1 1 200.000 0.000 inf inf
1484787771874 517 1 1 200.000 0.000 inf inf
1484787771874 518 1 1 200.000 0.000 inf inf
1484787771875 519 1 1 200.000 0.000 inf inf
1484787771876 520 1 1 200.000 0.000 inf inf
1484787771876 521 1 1 200.000 0.000 inf inf
1484787771876 522 1 1 200.000 0.000 inf inf
1484787771877 523 1 1 200.000 0.000 inf inf
1484787771877 524 1 1 200.000 0.000 inf inf
1484787771878 525 1 1 200.000 0.000 inf inf
1484787771879 526 1 1 200.000 0.000 inf inf
1484787771879 527 1 1 200.000 0.000 inf inf
1484787771880 528 1 1 200.000 0.000 inf inf
1484787771880 529 1 1 200.000 0.000 inf inf
1484787771881 530 1 1 200.000 0.000 inf inf
1484787771881 531 1 1 200.000 0.000 inf inf
1484787771882 532 1 1 200.000 0.000 inf inf
1484787771882 533 1 1 200.000 0.000 inf inf
1484787771883 534 1 1 200.000 0.000 inf inf
1484787771884 535 1 1 200.000 0.000 inf inf
1484787771884 536 1 1 200.000 0.000 inf inf
1484787771885 537 1 1 200.000 0.000 inf inf
1484787771885 538 1 1 200.000 0.000 inf inf
1484787771886 539 1 1 200.000 0.000 inf inf
1484787771888 540 1 1 200.000 0.000 inf inf
1484787771888 541 1 1 200.000 0.000 inf inf
1484787771889 542 1 1 200.000 0.000 inf inf
1484787771889 543 1 1 200.000 0.000 inf inf
1484787771889 544 1 1 200.000 0.000 inf inf
1484787771889 545 1 1 200.000 0.000 inf inf
1484787771890 546 1 1 200.000 0.000 inf inf
1484787771890 547 1 1 200.000 0.000 inf inf
1484787771890 548 1 1 200.000 0.000 inf inf
1484787771891 549 1 1 200.000 0.000 inf inf
1484787771891 550 1 1 200.000 0.000 inf inf
1484787771892 551 1 1 200.000 0.000 inf inf
1484787771893 552 1 1 200.000 0.000 inf inf
1484787771893 553 1 1 200.000 0.000 inf inf
1484787771894 554 1 1 200.000 0.000 inf inf
1484787771894 555 1 1 200.000 0.000 inf inf
1484787771895 556 1 1 200.000 0.000 inf inf
1484787771895 557 1 1 200.000 0.000 inf inf
1484787771896 558 1 1 200.000 0.000 inf inf
1484787771897 559 1 1 200.000 0.000 inf inf
1484787771897 560 1 1 200.000 0.000 inf inf
1484787771898 561 1 1 200.000 0.000 inf inf
1484787771898 562 1 1 200.000 0.000 inf inf
1484787771899 563 1 1 200.000 0.000 inf inf
1484787771899 564 1 1 200.000 0.000 inf inf
1484787771900 565 1 1 200.000 0.000 inf inf
1484787771901 566 1 1 200.000 0.000 inf inf
1484787771901 567 1 1 200.000 0.000 inf inf
1484787771902 568 1 1 200.000 0.000 inf inf
1484787771902 569 1 1 200.000 0.000 inf inf
1484787771903 570 1 1 200.000 0.000 inf inf
1484787771903 571 1 1 200.000 0.000 inf inf
1484787771904 572 1 1 200.000 0.000 inf inf
1484787771904 573 1 1 200.000 0.000 inf inf
1484787771905 574 1 1 200.000 0.000 inf inf
1484787771906 575 1 1 200.000 0.000 inf inf
1484787771906 576 1 1 200.000 0.000 inf inf
1484787771907 577 1 1 200.000 0.000 inf inf
1484787771907 578 1 1 200.000 0.000 inf inf
1484787771908 579 1 1 200.000 0.000 inf inf
1484787771908 580 1 1 200.000 0.000 inf inf
1484787771909 581 1 1 200.000 0.000 inf inf
1484787771909 582 1 1 200.000 0.000 inf inf
1484787771910 583 1 1 200.000 0.000 inf inf
1484787771910 584 1 1 200.000 0.000 inf inf
1484787771911 585 1 1 200.000 0.000 inf inf
1484787771911 586 1 1 200.000 0.000 inf inf
1484787771912 587 1 1 200.000 0.000 inf inf
1484787771912 588 1 1 200.000 0.000 inf inf
1484787771913 589 1 1 200.000 0.000 inf inf
1484787771914 590 1 1 200.000 0.000 inf inf
1484787771914 591 1 1 200.000 0.000 inf inf
1484787771914 592 1 1 200.000 0.000 inf inf
1484787771915 593 1 1 200.000 0.000 inf inf
1484787771915 594 1 1 200.000 0.000 inf inf
1484787771916 595 1 1 200.000 0.000 inf inf
1484787771917 596 1 1 200.000 0.000 inf inf
1484787771917 597 1 1 200.000 0.000 inf inf
1484787771918 598 1 1 200.000 0.000 inf inf
1484787771918 599 1 1 200.000 0.000 inf inf
1484787771919 600 1 1 200.000 0.000 inf inf
1484787771919 601 1 1 200.000 0.000 inf inf
1484787771920 602 1 1 200.000 0.000 inf inf
1484787771920 603 1 1 200.000 0.000 inf inf
1484787771921 604 1 1 200.000 0.000 inf inf
1484787771922 605 1 1 200.000 0.000 inf inf
1484787771923 606 1 1 200.000 0.000 inf inf
1484787771923 607 1 1 200.000 0.000 inf inf
1484787771924 608 1 1 200.000 0.000 inf inf
1484787771924 609 1 1 200.000 0.000 inf inf
1484787771924 610 1 1 200.000 0.000 inf inf
1484787771924 611 1 1 200.000 0.000 inf inf
1484787771925 612 1 1 200.000 0.000 inf inf
1484787771925 613 1 1 200.000 0.000 inf inf
1484787771927 614 1 1 200.000 0.000 inf inf
1484787771927 615 1 1 200.000 0.000 inf inf
1484787771928 616 1 1 200.000 0.000 inf inf
1484787771928 617 1 1 200.000 0.000 inf inf
1484787771928 618 1 1 200.000 0.000 inf inf
1484787771928 619 1 1 200.000 0.000 inf inf
1484787771929 620 1 1 200.000 0.000 inf inf
1484787771931 621 1 1 200.000 0.000 inf inf
1484787771931 622 1 1 200.000 0.000 inf inf
1484787771931 623 1 1 200.000 0.000 inf inf
1484787771932 624 1 1 200.000 0.000 inf inf
1484787771932 625 1 1 200.000 0.000 inf inf
1484787771932 626 1 1 200.000 0.000 inf inf
1484787771933 627 1 1 200.000 0.000 inf inf
1484787771934 628 1 1 200.000 0.000 inf inf
1484787771935 629 1 1 200.000 0.000 inf inf
1484787771935 630 1 1 200.000 0.000 inf inf
1484787771936 631 1 1 200.000 0.000 inf inf
1484787771937 632 1 1 200.000 0.000 inf inf
1484787771937 633 1 1 200.000 0.000 inf inf
1484787771938 634 1 1 200.000 0.000 inf inf
1484787771938 635 1 1 200.000 0.000 inf inf
1484787771939 636 1 1 200.000 0.000 inf inf
1484787771940 637 1 1 200.000 0.000 inf inf
1484787771940 638 1 1 200.000 0.000 inf inf
1484787771941 639 1 1 200.000 0.000 inf inf
1484787771943 640 1 1 200.000 0.000 inf inf
1484787771943 641 1 1 200.000 0.000 inf inf
1484787771943 642 1 1 200.000 0.000 inf inf
1484787771944 643 1 1 200.000 0.000 inf inf
1484787771944 644 1 1 200.000 0.000 inf inf
1484787771944 645 1 1 200.000 0.000 inf inf
1484787771944 646 1 1 200.000 0.000 inf inf
1484787771946 647 1 1 200.000 0.000 inf inf
1484787771946 648 1 1 200.000 0.000 inf inf
1484787771947 649 1 1 200.000 0.000 inf inf
1484787771947 650 1 1 200.000 0.000 inf inf
1484787771947 651 1 1 200.000 0.000 inf inf
1484787771948 652 1 1 200.000 0.000 inf inf
1484787771949 653 1 1 200.000 0.000 inf inf
1484787771949 654 1 1 200.000 0.000 inf inf
1484787771950 655 1 1 200.000 0.000 inf inf
1484787771950 656 1 1 200.000 0.000 inf inf
1484787771951 657 1 1 200.000 0.000 inf inf
1484787771951 658 1 1 200.000 0.000 inf inf
1484787771952 659 1 1 200.000 0.000 inf inf
1484787771953 660 1 1 200.000 0.000 inf inf
1484787771953 661 1 1 200.000 0.000 inf inf
1484787771954 662 1 1 200.000 0.000 inf inf
1484787771954 663 1 1 200.000 0.000 inf inf
1484787771955 664 1 1 200.000 0.000 inf inf
1484787771955 665 1 1 200.000 0.000 inf inf
1484787771956 666 1 1 200.000 0.000 inf inf
1484787771956 667 1 1 200.000 0.000 inf inf
1484787771958 668 1 1 200.000 0.000 inf inf
1484787771959 669 1 1 200.000 0.000 inf inf
1484787771959 670 1 1 200.000 0.000 inf inf
1484787771959 671 1 1 200.000 0.000 inf inf
1484787771959 672 1 1 200.000 0.000 inf inf
1484787771960 673 1 1 200.000 0.000 inf inf
1484787771960 674 1 1 200.000 0.000 inf inf
1484787771960 675 1 1 200.000 0.000 inf inf
1484787771961 676 1 1 200.000 0.000 inf inf
1484787771962 677 1 1 200.000 0.000 inf inf
1484787771962 678 1 1 200.000 0.000 inf inf
1484787771963 679 1 1 200.000 0.000 inf inf
1484787771963 680 1 1 200.000 0.000 inf inf
1484787771964 681 1 1 200.000 0.000 inf inf
1484787771965 682 1 1 200.000 0.000 inf inf
1484787771965 683 1 1 200.000 0.000 inf inf
1484787771966 684 1 1 200.000 0.000 inf inf
1484787771966 685 1 1 200.000 0.000 inf inf
1484787771967 686 1 1 200.000 0.000 inf inf
1484787771967 687 1 1 200.000 0.000 inf inf
1484787771968 688 1 1 200.000 0.000 inf inf
1484787771968 689 1 1 200.000 0.000 inf inf
1484787771969 690 1 1 200.000 0.000 inf inf
1484787771970 691 1 1 200.000 0.000 inf inf
1484787771970 692 1 2 200.000 0.000 inf inf
1484787771971 693 1 2 200.000 0.000 inf inf
1484787771971 694 1 2 200.000 0.000 inf inf
1484787771972 695 1 2 200.000 0.000 inf inf
1484787771972 696 1 2 200.000 0.000 inf inf
1484787771973 697 1 2 200.000 0.000 inf inf
1484787771973 698 1 2 200.000 0.000 inf inf
1484787771974 699 1 2 200.000 0.000 inf inf
1484787771974 700 1 2 200.000 0.000 inf inf
1484787771975 701 1 2 200.000 0.000 inf inf
1484787771975 702 1 2 200.000 0.000 inf inf
1484787771976 703 1 2 200.000 0.000 inf inf
1484787771976 704 1 2 200.000 0.000 inf inf
1484787771977 705 1 2 200.000 0.000 inf inf
1484787771977 706 1 2 200.000 0.000 inf inf
1484787771978 707 1 2 200.000 0.000 inf inf
1484787771978 708 1 2 200.000 0.000 inf inf
1484787771979 709 1 2 200.000 0.000 inf inf
1484787771980 710 1 2 200.000 0.000 inf inf
1484787771980 711 1 2 200.000 0.000 inf inf
1484787771981 712 1 2 200.000 0.000 inf inf
1484787771981 713 1 2 200.000 0.000 inf inf
1484787771982 714 1 2 200.000 0.000 inf inf
1484787771982 715 1 2 200.000 0.000 inf inf
1484787771983 716 1 2 200.000 0.000 inf inf
1484787771983 717 1 2 200.000 0.000 inf inf
1484787771984 718 1 2 200.000 0.000 inf inf
1484787771985 719 1 2 200.000 0.000 inf inf
1484787771985 720 1 2 200.000 0.000 inf inf
1484787771986 721 1 2 200.000 0.000 inf inf
1484787771986 722 1 2 200.000 0.000 inf inf
1484787771987 723 1 2 200.000 0.000 inf inf
1484787771987 724 1 2 200.000 0.000 inf inf
1484787771988 725 1 2 200.000 0.000 inf inf
1484787771988 726 1 2 200.000 0.000 inf inf
1484787771989 727 1 2 200.000 0.000 inf inf
1484787771989 728 1 2 200.000 0.000 inf inf
1484787771990 729 1 2 200.000 0.000 inf inf
1484787771991 730 1 2 200.000 0.000 inf inf
1484787771992 731 1 2 200.000 0.000 inf inf
1484787771992 732 1 2 200.000 0.000 inf inf
1484787771994 733 1 2 200.000 0.000 inf inf
1484787771994 734 1 2 200.000 0.000 inf inf
1484787771994 735 1 2 200.000 0.000 inf inf
1484787771994 736 1 2 200.000 0.000 inf inf
1484787771995 737 1 2 200.000 0.000 inf inf
1484787771995 738 1 2 200.000 0.000 inf inf
1484787771995 739 1 2 200.000 0.000 inf inf
1484787771996 740 1 2 200.000 0.000 inf inf
1484787771997 741 1 2 200.000 0.000 inf inf
1484787771997 742 1 2 200.000 0.000 inf inf
1484787771997 743 1 2 200.000 0.000 inf inf
1484787771999 744 1 2 200.000 0.000 inf inf
1484787772000 745 1 2 200.000 0.000 inf inf
1484787772000 746 1 2 200.000 0.000 inf inf
1484787772000 747 1 2 200.000 0.000 inf inf
1484787772001 748 1 2 200.000 0.000 inf inf
1484787772001 749 1 2 200.000 0.000 inf inf
1484787772001 750 1 2 200.000 0.000 inf inf
1484787772002 751 1 2 200.000 0.000 inf inf
1484787772002 752 1 2 200.000 0.000 inf inf
1484787772003 753 1 2 200.000 0.000 inf inf
1484787772003 754 1 2 200.000 0.000 inf inf
1484787772004 755 1 2 200.000 0.000 inf inf
1484787772005 756 1 2 200.000 0.000 inf inf
1484787772005 757 1 2 200.000 0.000 inf inf
1484787772006 758 1 2 200.000 0.000 inf inf
1484787772006 759 1 2 200.000 0.000 inf inf
1484787772007 760 1 2 200.000 0.000 inf inf
1484787772008 761 1 2 200.000 0.000 inf inf
1484787772008 762 1 2 200.000 0.000 inf inf
1484787772009 763 1 2 200.000 0.000 inf inf
1484787772009 764 1 2 200.000 0.000 inf inf
1484787772010 765 1 2 200.000 0.000 inf inf
1484787772010 766 1 2 200.000 0.000 inf inf
1484787772011 767 1 2 200.000 0.000 inf inf
1484787772011 768 1 2 200.000 0.000 inf inf
1484787772013 769 1 2 200.000 0.000 inf inf
1484787772013 770 1 2 200.000 0.000 inf inf
1484787772014 771 1 2 200.000 0.000 inf inf
1484787772014 772 1 2 200.000 0.000 inf inf
1484787772014 773 1 2 200.000 0.000 inf inf
1484787772015 774 1 2 200.000 0.000 inf inf
1484787772015 775 1 2 200.000 0.000 inf inf
1484787772016 776 1 2 200.000 0.000 inf inf
1484787772017 777 1 2 200.000 0.000 inf inf
1484787772017 778 1 2 200.000 0.000 inf inf
1484787772017 779 1 2 200.000 0.000 inf inf
1484787772019 780 1 2 200.000 0.000 inf inf
1484787772019 781 1 2 200.000 0.000 inf inf
1484787772020 782 1 2 200.000 0.000 inf inf
1484787772020 783 1 2 200.000 0.000 inf inf
1484787772020 784 1 2 200.000 0.000 inf inf
1484787772021 785 1 2 200.000 0.000 inf inf
1484787772021 786 1 2 200.000 0.000 inf inf
1484787772022 787 1 2 200.000 0.000 inf inf
1484787772022 788 1 2 200.000 0.000 inf inf
1484787772023 789 1 2 200.000 0.000 inf inf
1484787772023 790 1 2 200.000 0.000 inf inf
1484787772024 791 1 2 200.000 0.000 inf inf
1484787772025 792 1 2 200.000 0.000 inf inf
1484787772025 793 1 2 200.000 0.000 inf inf
1484787772026 794 1 2 200.000 0.000 inf inf
1484787772026 795 1 2 200.000 0.000 inf inf
1484787772027 796 1 2 200.000 0.000 inf inf
1484787772029 797 1 2 200.000 0.000 inf inf
1484787772029 798 1 2 200.000 0.000 inf inf
1484787772029 799 1 2 200.000 0.000 inf inf
1484787772029 800 1 2 200.000 0.000 inf inf
1484787772030 801 1 2 200.000 0.000 inf inf
1484787772030 802 1 2 200.000 0.000 inf inf
1484787772031 803 1 2 200.000 0.000 inf inf
1484787772031 804 1 2 200.000 0.000 inf inf
1484787772032 805 1 2 200.000 0.000 inf inf
1484787772032 806 1 2 200.000 0.000 inf inf
1484787772033 807 1 2 200.000 0.000 inf inf
1484787772033 808 1 2 200.000 0.000 inf inf
1484787772034 809 1 2 200.000 0.000 inf inf
1484787772035 810 1 2 200.000 0.000 inf inf
1484787772035 811 1 2 200.000 0.000 inf inf
1484787772036 812 1 2 200.000 0.000 inf inf
1484787772036 813 1 2 200.000 0.000 inf inf
1484787772037 814 1 2 200.000 0.000 inf inf
1484787772037 815 1 2 200.000 0.000 inf inf
1484787772038 816 1 2 200.000 0.000 inf inf
1484787772038 817 1 2 200.000 0.000 inf inf
1484787772039 818 1 2 200.000 0.000 inf inf
1484787772039 819 1 2 200.000 0.000 inf inf
1484787772040 820 1 2 200.000 0.000 inf inf
1484787772040 821 1 2 200.000 0.000 inf inf
1484787772041 822 1 2 200.000 0.000 inf inf
1484787772042 823 1 2 200.000 0.000 inf inf
1484787772042 824 1 2 200.000 0.000 inf inf
1484787772043 825 1 2 200.000 0.000 inf inf
1484787772043 826 1 2 200.000 0.000 inf inf
1484787772043 827 1 2 200.000 0.000 inf inf
1484787772044 828 1 2 200.000 0.000 inf inf
1484787772045 829 1 2 200.000 0.000 inf inf
1484787772045 830 1 2 200.000 0.000 inf inf
1484787772046 831 1 2 200.000 0.000 inf inf
1484787772046 832 1 2 200.000 0.000 inf inf
1484787772047 833 1 2 200.000 0.000 inf inf
1484787772047 834 1 2 200.000 0.000 inf inf
1484787772048 835 1 2 200.000 0.000 inf inf
1484787772048 836 1 2 200.000 0.000 inf inf
1484787772049 837 1 2 200.000 0.000 inf inf
1484787772049 838 1 2 200.000 0.000 inf inf
1484787772050 839 1 2 200.000 0.000 inf inf
1484787772051 840 1 2 200.000 0.000 inf inf
1484787772051 841 1 2 200.000 0.000 inf inf
1484787772052 842 1 2 200.000 0.000 inf inf
1484787772052 843 1 2 200.000 0.000 inf inf
1484787772053 844 1 2 200.000 0.000 inf inf
1484787772053 845 1 2 200.000 0.000 inf inf
1484787772054 846 1 2 200.000 0.000 inf inf
1484787772055 847 1 2 200.000 0.000 inf inf
1484787772055 848 1 2 200.000 0.000 inf inf
1484787772056 849 1 2 200.000 0.000 inf inf
1484787772056 850 1 2 200.000 0.000 inf inf
1484787772057 851 1 2 200.000 0.000 inf inf
1484787772057 852 1 2 200.000 0.000 inf inf
1484787772058 853 1 2 200.000 0.000 inf inf
1484787772058 854 1 2 200.000 0.000 inf inf
1484787772059 855 1 2 200.000 0.000 inf inf
1484787772060 856 1 2 200.000 0.000 inf inf
1484787772060 857 1 2 200.000 0.000 inf inf
1484787772061 858 1 2 200.000 0.000 inf inf
1484787772061 859 1 2 200.000 0.000 inf inf
1484787772061 860 1 2 200.000 0.000 inf inf
1484787772064 861 1 2 200.000 0.000 inf inf
1484787772064 862 1 2 200.000 0.000 inf inf
1484787772064 863 1 2 200.000 0.000 inf inf
1484787772065 864 1 2 200.000 0.000 inf inf
1484787772065 865 1 2 200.000 0.000 inf inf
1484787772065 866 1 2 200.000 0.000 inf inf
1484787772065 867 1 2 200.000 0.000 inf inf
1484787772066 868 1 2 200.000 0.000 inf inf
1484787772067 869 1 2 200.000 0.000 inf inf
1484787772068 870 1 2 200.000 0.000 inf inf
1484787772068 871 1 2 200.000 0.000 inf inf
1484787772068 872 1 2 200.000 0.000 inf inf
1484787772068 873 1 2 200.000 0.000 inf inf
1484787772070 874 1 2 200.000 0.000 inf inf
1484787772070 875 1 2 200.000 0.000 inf inf
1484787772070 876 1 2 200.000 0.000 inf inf
1484787772070 877 1 2 200.000 0.000 inf inf
1484787772072 878 1 2 200.000 0.000 inf inf
1484787772072 879 1 2 200.000 0.000 inf inf
1484787772072 880 1 2 200.000 0.000 inf inf
1484787772073 881 1 2 200.000 0.000 inf inf
1484787772073 882 1 2 200.000 0.000 inf inf
1484787772074 883 1 2 200.000 0.000 inf inf
1484787772074 884 1 2 200.000 0.000 inf inf
1484787772075 885 1 2 200.000 0.000 inf inf
1484787772075 886 1 2 200.000 0.000 inf inf
1484787772076 887 1 2 200.000 0.000 inf inf
1484787772076 888 1 2 200.000 0.000 inf inf
1484787772077 889 1 2 200.000 0.000 inf inf
1484787772077 890 1 2 200.000 0.000 inf inf
1484787772078 891 1 2 200.000 0.000 inf inf
1484787772079 892 1 2 200.000 0.000 inf inf
1484787772079 893 1 2 200.000 0.000 inf inf
1484787772080 894 1 2 200.000 0.000 inf inf
1484787772080 895 1 2 200.000 0.000 inf inf
1484787772081 896 1 2 200.000 0.000 inf inf
1484787772081 897 1 2 200.000 0.000 inf inf
1484787772082 898 1 2 200.000 0.000 inf inf
1484787772082 899 1 2 200.000 0.000 inf inf
1484787772083 900 1 2 200.000 0.000 inf inf
1484787772084 901 1 2 200.000 0.000 inf inf
1484787772085 902 1 2 200.000 0.000 inf inf
1484787772086 903 1 2 200.000 0.000 inf inf
1484787772086 904 1 2 200.000 0.000 inf inf
1484787772086 905 1 2 200.000 0.000 inf inf
1484787772086 906 1 2 200.000 0.000 inf inf
1484787772087 907 1 2 200.000 0.000 inf inf
1484787772087 908 1 2 200.000 0.000 inf inf
1484787772088 909 1 2 200.000 0.000 inf inf
1484787772089 910 1 2 200.000 0.000 inf inf
1484787772090 911 1 2 200.000 0.000 inf inf
1484787772090 912 1 2 200.000 0.000 inf inf
1484787772090 913 1 2 200.000 0.000 inf inf
1484787772090 914 1 2 200.000 0.000 inf inf
1484787772091 915 1 2 200.000 0.000 inf inf
1484787772091 916 1 2 200.000 0.000 inf inf
1484787772092 917 1 2 200.000 0.000 inf inf
1484787772093 918 1 2 200.000 0.000 inf inf
1484787772093 919 1 2 200.000 0.000 inf inf
1484787772094 920 1 2 200.000 0.000 inf inf
1484787772094 921 1 2 200.000 0.000 inf inf
1484787772095 922 1 2 200.000 0.000 inf inf
1484787772095 923 1 2 200.000 0.000 inf inf
1484787772096 924 1 2 200.000 0.000 inf inf
1484787772096 925 1 2 200.000 0.000 inf inf
1484787772097 926 1 2 200.000 0.000 inf inf
1484787772097 927 1 2 200.000 0.000 inf inf
1484787772098 928 1 2 200.000 0.000 inf inf
1484787772099 929 1 2 200.000 0.000 inf inf
1484787772099 930 1 2 200.000 0.000 inf inf
1484787772101 931 1 2 200.000 0.000 inf inf
1484787772101 932 1 2 200.000 0.000 inf inf
1484787772102 933 1 2 200.000 0.000 inf inf
1484787772102 934 1 2 200.000 0.000 inf inf
1484787772102 935 1 2 200.000 0.000 inf inf
1484787772103 936 1 2 200.000 0.000 inf inf
1484787772103 937 1 2 200.000 0.000 inf inf
1484787772104 938 1 2 200.000 0.000 inf inf
1484787772104 939 1 2 200.000 0.000 inf inf
1484787772105 940 1 2 200.000 0.000 inf inf
1484787772106 941 1 2 200.000 0.000 inf inf
1484787772106 942 1 2 200.000 0.000 inf inf
1484787772106 943 1 2 200.000 0.000 inf inf
1484787772107 944 1 2 200.000 0.000 inf inf
1484787772108 945 1 2 200.000 0.000 inf inf
1484787772108 946 1 2 200.000 0.000 inf inf
1484787772109 947 1 2 200.000 0.000 inf inf
1484787772109 948 1 2 200.000 0.000 inf inf
1484787772110 949 1 2 200.000 0.000 inf inf
1484787772110 950 1 2 200.000 0.000 inf inf
1484787772111 951 1 2 200.000 0.000 inf inf
1484787772112 952 1 2 200.000 0.000 inf inf
1484787772112 953 1 2 200.000 0.000 inf inf
1484787772113 954 1 2 200.000 0.000 inf inf
1484787772113 955 1 2 200.000 0.000 inf inf
1484787772114 956 1 2 200.000 0.000 inf inf
1484787772114 957 1 2 200.000 0.000 inf inf
1484787772115 958 1 2 200.000 0.000 inf inf
1484787772115 959 1 2 200.000 0.000 inf inf
1484787772116 960 1 2 200.000 0.000 inf inf
1484787772116 961 1 2 200.000 0.000 inf inf
1484787772117 962 1 2 200.000 0.000 inf inf
1484787772117 963 1 2 200.000 0.000 inf inf
1484787772118 964 1 2 200.000 0.000 inf inf
1484787772118 965 1 2 200.000 0.000 inf inf
1484787772119 966 1 2 200.000 0.000 inf inf
1484787772120 967 1 2 200.000 0.000 inf inf
1484787772120 968 1 2 200.000 0.000 inf inf
1484787772121 969 1 2 200.000 0.000 inf inf
1484787772121 970 1 2 200.000 0.000 inf inf
1484787772122 971 1 2 200.000 0.000 inf inf
1484787772122 972 1 2 200.000 0.000 inf inf
1484787772123 973 1 2 200.000 0.000 inf inf
1484787772123 974 1 2 200.000 0.000 inf inf
1484787772124 975 1 2 200.000 0.000 inf inf
1484787772124 976 1 2 200.000 0.000 inf inf
1484787772125 977 1 2 200.000 0.000 inf inf
1484787772125 978 1 2 200.000 0.000 inf inf
1484787772126 979 1 2 200.000 0.000 inf inf
1484787772126 980 1 2 200.000 0.000 inf inf
1484787772127 981 1 2 200.000 0.000 inf inf
1484787772127 982 1 2 200.000 0.000 inf inf
1484787772128 983 1 2 200.000 0.000 inf inf
1484787772129 984 1 2 200.000 0.000 inf inf
1484787772129 985 1 2 200.000 0.000 inf inf
1484787772130 986 1 2 200.000 0.000 inf inf
1484787772130 987 1 2 200.000 0.000 inf inf
1484787772131 988 1 2 200.000 0.000 inf inf
1484787772131 989 1 2 200.000 0.000 inf inf
1484787772132 990 1 2 200.000 0.000 inf inf
1484787772132 991 1 2 200.000 0.000 inf inf
1484787772133 992 1 2 200.000 0.000 inf inf
1484787772133 993 1 2 200.000 0.000 inf inf
1484787772134 994 1 2 200.000 0.000 inf inf
1484787772134 995 1 2 200.000 0.000 inf inf
1484787772136 996 1 2 200.000 0.000 inf inf
1484787772136 997 1 2 200.000 0.000 inf inf
1484787772137 998 1 2 200.000 0.000 inf inf
1484787772137 999 1 2 200.000 0.000 inf inf
1484787772137 1000 1 2 200.000 0.000 inf inf
1484787772137 1001 1 2 200.000 0.000 inf inf
1484787772138 1002 1 2 200.000 0.000 inf inf
1484787772138 1003 1 2 200.000 0.000 inf inf
1484787772140 1004 1 2 200.000 0.000 inf inf
1484787772140 1005 1 2 200.000 0.000 inf inf
1484787772141 1006 1 2 200.000 0.000 inf inf
1484787772141 1007 1 2 200.000 0.000 inf inf
1484787772141 1008 1 2 200.000 0.000 inf inf
1484787772142 1009 1 2 200.000 0.000 inf inf
1484787772142 1010 1 2 200.000 0.000 inf inf
1484787772142 1011 1 2 200.000 0.000 inf inf
1484787772144 1012 1 2 200.000 0.000 inf inf
1484787772144 1013 1 2 200.000 0.000 inf inf
1484787772145 1014 1 2 200.000 0.000 inf inf
1484787772145 1015 1 2 200.000 0.000 inf inf
1484787772145 1016 1 2 200.000 0.000 inf inf
1484787772145 1017 1 2 200.000 0.000 inf inf
1484787772146 1018 1 2 200.000 0.000 inf inf
1484787772147 1019 1 2 200.000 0.000 inf inf
1484787772147 1020 1 2 200.000 0.000 inf inf
1484787772148 1021 1 2 200.000 0.000 inf inf
1484787772148 1022 1 2 200.000 0.000 inf inf
1484787772149 1023 1 2 200.000 0.000 inf inf
1484787772150 1024 1 2 200.000 0.000 inf inf
1484787772150 1025 1 2 200.000 0.000 inf inf
1484787772151 1026 1 2 200.000 0.000 inf inf
1484787772151 1027 1 2 200.000 0.000 inf inf
1484787772152 1028 1 2 200.000 0.000 inf inf
1484787772153 1029 1 2 200.000 0.000 inf inf
1484787772153 1030 1 2 200.000 0.000 inf inf
1484787772154 1031 1 2 200.000 0.000 inf inf
1484787772154 1032 1 2 200.000 0.000 inf inf
1484787772155 1033 1 2 200.000 0.000 inf inf
1484787772156 1034 1 2 200.000 0.000 inf inf
1484787772158 1035 1 2 200.000 0.000 inf inf
1484787772158 1036 1 2 200.000 0.000 inf inf
1484787772158 1037 1 2 200.000 0.000 inf inf
1484787772158 1038 1 2 200.000 0.000 inf inf
1484787772159 1039 1 2 200.000 0.000 inf inf
1484787772159 1040 1 2 200.000 0.000 inf inf
1484787772159 1041 1 2 200.000 0.000 inf inf
1484787772160 1042 1 2 200.000 0.000 inf inf
1484787772161 1043 1 2 200.000 0.000 inf inf
1484787772162 1044 1 2 200.000 0.000 inf inf
1484787772162 1045 1 2 200.000 0.000 inf inf
1484787772162 1046 1 2 200.000 0.000 inf inf
1484787772162 1047 1 2 200.000 0.000 inf inf
1484787772163 1048 1 2 200.000 0.000 inf inf
1484787772163 1049 1 2 200.000 0.000 inf inf
1484787772164 1050 1 2 200.000 0.000 inf inf
1484787772165 1051 1 2 200.000 0.000 inf inf
1484787772165 1052 1 2 200.000 0.000 inf inf
1484787772166 1053 1 2 200.000 0.000 inf inf
1484787772166 1054 1 2 200.000 0.000 inf inf
1484787772167 1055 1 2 200.000 0.000 inf inf
1484787772167 1056 1 2 200.000 0.000 inf inf
1484787772168 1057 1 2 200.000 0.000 inf inf
1484787772168 1058 1 2 200.000 0.000 inf inf
1484787772169 1059 1 2 200.000 0.000 inf inf
1484787772169 1060 1 2 200.000 0.000 inf inf
1484787772170 1061 1 2 200.000 0.000 inf inf
1484787772170 1062 1 2 200.000 0.000 inf inf
1484787772171 1063 1 2 200.000 0.000 inf inf
1484787772173 1064 1 2 200.000 0.000 inf inf
1484787772174 1065 1 2 200.000 0.000 inf inf
1484787772174 1066 1 2 200.000 0.000 inf inf
1484787772174 1067 1 2 200.000 0.000 inf inf
1484787772174 1068 1 2 200.000 0.000 inf inf
1484787772174 1069 1 2 200.000 0.000 inf inf
1484787772175 1070 1 2 200.000 0.000 inf inf
1484787772176 1071 1 2 200.000 0.000 inf inf
1484787772176 1072 1 2 200.000 0.000 inf inf
1484787772176 1073 1 2 200.000 0.000 inf inf
1484787772177 1074 1 2 200.000 0.000 inf inf
1484787772178 1075 1 2 200.000 0.000 inf inf
1484787772178 1076 1 2 200.000 0.000 inf inf
1484787772179 1077 1 2 200.000 0.000 inf inf
1484787772179 1078 1 2 200.000 0.000 inf inf
1484787772180 1079 1 2 200.000 0.000 inf inf
1484787772180 1080 1 2 200.000 0.000 inf inf
1484787772181 1081 1 2 200.000 0.000 inf inf
1484787772181 1082 1 2 200.000 0.000 inf inf
1484787772182 1083 1 2 200.000 0.000 inf inf
1484787772182 1084 1 2 200.000 0.000 inf inf
1484787772183 1085 1 2 200.000 0.000 inf inf
1484787772183 1086 1 2 200.000 0.000 inf inf
1484787772184 1087 1 2 200.000 0.000 inf inf
1484787772184 1088 1 2 200.000 0.000 inf inf
1484787772185 1089 1 2 200.000 0.000 inf inf
1484787772186 1090 1 2 200.000 0.000 inf inf
1484787772186 1091 1 2 200.000 0.000 inf inf
1484787772187 1092 1 2 200.000 0.000 inf inf
1484787772187 1093 1 2 200.000 0.000 inf inf
1484787772188 1094 1 2 200.000 0.000 inf inf
1484787772188 1095 1 2 200.000 0.000 inf inf
1484787772189 1096 1 2 200.000 0.000 inf inf
1484787772189 1097 1 2 200.000 0.000 inf inf
1484787772190 1098 1 2 200.000 0.000 inf inf
1484787772190 1099 1 2 200.000 0.000 inf inf
1484787772191 1100 1 2 200.000 0.000 inf inf
1484787772191 1101 1 2 200.000 0.000 inf inf
1484787772192 1102 1 2 200.000 0.000 inf inf
1484787772192 1103 1 2 200.000 0.000 inf inf
1484787772193 1104 1 2 200.000 0.000 inf inf
1484787772194 1105 1 2 200.000 0.000 inf inf
1484787772194 1106 1 2 200.000 0.000 inf inf
1484787772195 1107 1 2 200.000 0.000 inf inf
1484787772195 1108 1 2 200.000 0.000 inf inf
1484787772196 1109 1 2 200.000 0.000 inf inf
1484787772196 1110 1 2 200.000 0.000 inf inf
1484787772197 1111 1 2 200.000 0.000 inf inf
1484787772197 1112 1 2 200.000 0.000 inf inf
1484787772198 1113 1 2 200.000 0.000 inf inf
1484787772198 1114 1 2 200.000 0.000 inf inf
1484787772199 1115 1 2 200.000 0.000 inf inf
1484787772199 1116 1 2 200.000 0.000 inf inf
1484787772200 1117 1 2 200.000 0.000 inf inf
1484787772201 1118 1 2 200.000 0.000 inf inf
1484787772201 1119 1 2 200.000 0.000 inf inf
1484787772202 1120 1 2 200.000 0.000 inf inf
1484787772202 1121 1 2 200.000 0.000 inf inf
1484787772203 1122 1 2 200.000 0.000 inf inf
1484787772204 1123 1 2 200.000 0.000 inf inf
1484787772204 1124 1 2 200.000 0.000 inf inf
1484787772205 1125 1 2 200.000 0.000 inf inf
1484787772205 1126 1 2 200.000 0.000 inf inf
1484787772206 1127 1 2 200.000 0.000 inf inf
1484787772206 1128 1 2 200.000 0.000 inf inf
1484787772207 1129 1 2 200.000 0.000 inf inf
1484787772208 1130 1 2 200.000 0.000 inf inf
1484787772209 1131 1 2 200.000 0.000 inf inf
1484787772209 1132 1 2 200.000 0.000 inf inf
1484787772209 1133 1 2 200.000 0.000 inf inf
1484787772209 1134 1 2 200.000 0.000 inf inf
1484787772210 1135 1 2 200.000 0.000 inf inf
1484787772210 1136 1 2 200.000 0.000 inf inf
1484787772212 1137 1 2 200.000 0.000 inf inf
1484787772213 1138 1 2 200.000 0.000 inf inf
1484787772213 1139 1 2 200.000 0.000 inf inf
1484787772213 1140 1 2 200.000 0.000 inf inf
1484787772213 1141 1 2 200.000 0.000 inf inf
1484787772214 1142 1 2 200.000 0.000 inf inf
1484787772214 1143 1 2 200.000 0.000 inf inf
1484787772214 1144 1 2 200.000 0.000 inf inf
1484787772216 1145 1 2 200.000 0.000 inf inf
1484787772216 1146 1 2 200.000 0.000 inf inf
1484787772217 1147 1 2 200.000 0.000 inf inf
1484787772217 1148 1 2 200.000 0.000 inf inf
1484787772217 1149 1 2 200.000 0.000 inf inf
1484787772217 1150 1 2 200.000 0.000 inf inf
1484787772218 1151 1 2 200.000 0.000 inf inf
1484787772219 1152 1 2 200.000 0.000 inf inf
1484787772219 1153 1 2 200.000 0.000 inf inf
1484787772220 1154 2 2 200.000 0.000 inf inf
