Serial_number: 140 
Time Data_Count Cycle State Desired_force_(psi) Measured_force_(psi) Toe_sensor Heel_Sensor
1484787609359 0 0 0 100.000 0.000 inf inf
1484787609375 1 0 1 100.000 0.000 inf inf
1484787609377 2 0 1 100.000 0.000 inf inf
1484787609379 3 0 1 100.000 0.000 inf inf
1484787609381 4 0 1 100.000 0.000 inf inf
1484787609385 5 0 1 100.000 0.000 inf inf
1484787609387 6 0 1 100.000 0.000 inf inf
1484787609389 7 0 1 100.000 0.000 inf inf
1484787609393 8 0 1 100.000 0.000 inf inf
1484787609396 9 0 1 100.000 0.000 inf inf
1484787609398 10 0 1 100.000 0.000 inf inf
1484787609400 11 0 1 100.000 0.000 inf inf
1484787609404 12 0 1 100.000 0.000 inf inf
1484787609407 13 0 1 100.000 0.000 inf inf
1484787609414 14 0 1 100.000 0.000 inf inf
1484787609415 15 0 1 100.000 0.000 inf inf
1484787609418 16 0 1 100.000 0.000 inf inf
1484787609420 17 0 1 100.000 0.000 inf inf
1484787609424 18 0 1 100.000 0.000 inf inf
1484787609426 19 0 1 100.000 0.000 inf inf
1484787609433 20 0 1 100.000 0.000 inf inf
1484787609434 21 0 1 100.000 0.000 inf inf
1484787609437 22 0 1 100.000 0.000 inf inf
1484787609438 23 0 1 100.000 0.000 inf inf
1484787609439 24 0 1 100.000 0.000 inf inf
1484787609443 25 0 1 100.000 0.000 inf inf
1484787609452 26 0 1 100.000 0.000 inf inf
1484787609456 27 0 1 100.000 0.000 inf inf
1484787609458 28 0 1 100.000 0.000 inf inf
1484787609466 29 0 1 100.000 0.000 inf inf
1484787609468 30 0 1 100.000 0.000 inf inf
1484787609472 31 0 1 100.000 0.000 inf inf
1484787609476 32 0 1 100.000 0.000 inf inf
1484787609479 33 0 1 100.000 0.000 inf inf
1484787609486 34 0 1 100.000 0.000 inf inf
1484787609487 35 0 1 100.000 0.000 inf inf
1484787609494 36 0 1 100.000 0.000 inf inf
1484787609496 37 0 1 100.000 0.000 inf inf
1484787609500 38 0 1 100.000 0.000 inf inf
1484787609508 39 0 1 100.000 0.000 inf inf
1484787609510 40 0 1 100.000 0.000 inf inf
1484787609516 41 0 1 100.000 0.000 inf inf
1484787609517 42 0 1 100.000 0.000 inf inf
1484787609523 43 0 1 100.000 0.000 inf inf
1484787609527 44 0 1 100.000 0.000 inf inf
1484787609530 45 0 1 100.000 0.000 inf inf
1484787609537 46 0 1 100.000 0.000 inf inf
1484787609538 47 0 1 100.000 0.000 inf inf
1484787609543 48 0 1 100.000 0.000 inf inf
1484787609547 49 0 1 100.000 0.000 inf inf
1484787609551 50 0 1 100.000 0.000 inf inf
1484787609555 51 0 1 100.000 0.000 inf inf
1484787609559 52 0 1 100.000 0.000 inf inf
1484787609563 53 0 1 100.000 0.000 inf inf
1484787609566 54 0 1 100.000 0.000 inf inf
1484787609571 55 0 1 100.000 0.000 inf inf
1484787609576 56 0 1 100.000 0.000 inf inf
1484787609578 57 0 1 100.000 0.000 inf inf
1484787609582 58 0 1 100.000 0.000 inf inf
1484787609590 59 0 1 100.000 0.000 inf inf
1484787609593 60 0 1 100.000 0.000 inf inf
1484787609598 61 0 1 100.000 0.000 inf inf
1484787609600 62 0 1 100.000 0.000 inf inf
1484787609604 63 0 1 100.000 0.000 inf inf
1484787609612 64 0 1 100.000 0.000 inf inf
1484787609613 65 0 1 100.000 0.000 inf inf
1484787609615 66 0 2 100.000 0.000 inf inf
1484787609617 67 0 2 100.000 0.000 inf inf
1484787609624 68 0 2 100.000 0.000 inf inf
1484787609626 69 0 2 100.000 0.000 inf inf
1484787609627 70 0 2 100.000 0.000 inf inf
1484787609627 71 0 2 100.000 0.000 inf inf
1484787609627 72 0 2 100.000 0.000 inf inf
1484787609628 73 0 2 100.000 0.000 inf inf
1484787609630 74 0 2 100.000 0.000 inf inf
1484787609633 75 0 2 100.000 0.000 inf inf
1484787609633 76 0 2 100.000 0.000 inf inf
1484787609633 77 0 2 100.000 0.000 inf inf
1484787609633 78 0 2 100.000 0.000 inf inf
1484787609634 79 0 2 100.000 0.000 inf inf
1484787609636 80 0 2 100.000 0.000 inf inf
1484787609638 81 0 2 100.000 0.000 inf inf
1484787609638 82 0 2 100.000 0.000 inf inf
1484787609639 83 0 2 100.000 0.000 inf inf
1484787609639 84 0 2 100.000 0.000 inf inf
1484787609639 85 0 2 100.000 0.000 inf inf
1484787609640 86 0 2 100.000 0.000 inf inf
1484787609642 87 0 2 100.000 0.000 inf inf
1484787609644 88 0 2 100.000 0.000 inf inf
1484787609644 89 0 2 100.000 0.000 inf inf
1484787609645 90 0 2 100.000 0.000 inf inf
1484787609645 91 0 2 100.000 0.000 inf inf
1484787609648 92 0 2 100.000 0.000 inf inf
1484787609649 93 0 2 100.000 0.000 inf inf
1484787609650 94 0 2 100.000 0.000 inf inf
1484787609650 95 0 2 100.000 0.000 inf inf
1484787609652 96 0 2 100.000 0.000 inf inf
1484787609652 97 0 2 100.000 0.000 inf inf
1484787609653 98 0 2 100.000 0.000 inf inf
1484787609654 99 0 2 100.000 0.000 inf inf
1484787609657 100 0 2 100.000 0.000 inf inf
1484787609657 101 0 2 100.000 0.000 inf inf
1484787609658 102 0 2 100.000 0.000 inf inf
1484787609660 103 0 2 100.000 0.000 inf inf
1484787609662 104 0 2 100.000 0.000 inf inf
1484787609662 105 0 2 100.000 0.000 inf inf
1484787609662 106 0 2 100.000 0.000 inf inf
1484787609662 107 0 2 100.000 0.000 inf inf
1484787609663 108 0 2 100.000 0.000 inf inf
1484787609663 109 0 2 100.000 0.000 inf inf
1484787609667 110 0 2 100.000 0.000 inf inf
1484787609667 111 0 2 100.000 0.000 inf inf
1484787609668 112 0 2 100.000 0.000 inf inf
1484787609669 113 0 2 100.000 0.000 inf inf
1484787609670 114 0 2 100.000 0.000 inf inf
1484787609671 115 0 2 100.000 0.000 inf inf
1484787609672 116 0 2 100.000 0.000 inf inf
1484787609672 117 0 2 100.000 0.000 inf inf
1484787609673 118 0 2 100.000 0.000 inf inf
1484787609675 119 0 2 100.000 0.000 inf inf
1484787609676 120 0 2 100.000 0.000 inf inf
1484787609677 121 0 2 100.000 0.000 inf inf
1484787609678 122 0 2 100.000 0.000 inf inf
1484787609678 123 0 2 100.000 0.000 inf inf
1484787609678 124 0 2 100.000 0.000 inf inf
1484787609679 125 0 2 100.000 0.000 inf inf
1484787609681 126 0 2 100.000 0.000 inf inf
1484787609683 127 0 2 100.000 0.000 inf inf
1484787609684 128 0 2 100.000 0.000 inf inf
1484787609685 129 0 2 100.000 0.000 inf inf
1484787609687 130 0 2 100.000 0.000 inf inf
1484787609687 131 0 2 100.000 0.000 inf inf
1484787609689 132 0 2 100.000 0.000 inf inf
1484787609689 133 0 2 100.000 0.000 inf inf
1484787609691 134 0 2 100.000 0.000 inf inf
1484787609693 135 0 2 100.000 0.000 inf inf
1484787609694 136 0 2 100.000 0.000 inf inf
1484787609695 137 0 2 100.000 0.000 inf inf
1484787609695 138 0 2 100.000 0.000 inf inf
1484787609699 139 0 2 100.000 0.000 inf inf
1484787609699 140 0 2 100.000 0.000 inf inf
1484787609699 141 0 2 100.000 0.000 inf inf
1484787609700 142 0 2 100.000 0.000 inf inf
1484787609701 143 0 2 100.000 0.000 inf inf
1484787609701 144 0 2 100.000 0.000 inf inf
1484787609703 145 0 2 100.000 0.000 inf inf
1484787609704 146 0 2 100.000 0.000 inf inf
1484787609704 147 0 2 100.000 0.000 inf inf
1484787609704 148 0 2 100.000 0.000 inf inf
1484787609707 149 0 2 100.000 0.000 inf inf
1484787609709 150 0 2 100.000 0.000 inf inf
1484787609709 151 0 2 100.000 0.000 inf inf
1484787609709 152 0 2 100.000 0.000 inf inf
1484787609709 153 0 2 100.000 0.000 inf inf
1484787609710 154 0 2 100.000 0.000 inf inf
1484787609712 155 0 2 100.000 0.000 inf inf
1484787609714 156 0 2 100.000 0.000 inf inf
1484787609714 157 0 2 100.000 0.000 inf inf
1484787609715 158 0 2 100.000 0.000 inf inf
1484787609715 159 0 2 100.000 0.000 inf inf
1484787609716 160 0 2 100.000 0.000 inf inf
1484787609717 161 0 2 100.000 0.000 inf inf
1484787609718 162 0 2 100.000 0.000 inf inf
1484787609719 163 0 2 100.000 0.000 inf inf
1484787609720 164 0 2 100.000 0.000 inf inf
1484787609722 165 0 2 100.000 0.000 inf inf
1484787609723 166 0 2 100.000 0.000 inf inf
1484787609723 167 0 2 100.000 0.000 inf inf
1484787609724 168 0 2 100.000 0.000 inf inf
1484787609725 169 0 2 100.000 0.000 inf inf
1484787609726 170 0 2 100.000 0.000 inf inf
1484787609728 171 0 2 100.000 0.000 inf inf
1484787609728 172 0 2 100.000 0.000 inf inf
1484787609730 173 0 2 100.000 0.000 inf inf
1484787609732 174 0 2 100.000 0.000 inf inf
1484787609732 175 0 2 100.000 0.000 inf inf
1484787609732 176 0 2 100.000 0.000 inf inf
1484787609734 177 0 2 100.000 0.000 inf inf
1484787609734 178 0 2 100.000 0.000 inf inf
1484787609736 179 0 2 100.000 0.000 inf inf
1484787609738 180 0 2 100.000 0.000 inf inf
1484787609738 181 0 2 100.000 0.000 inf inf
1484787609738 182 0 2 100.000 0.000 inf inf
1484787609740 183 0 2 100.000 0.000 inf inf
1484787609740 184 0 2 100.000 0.000 inf inf
1484787609740 185 0 2 100.000 0.000 inf inf
1484787609742 186 0 2 100.000 0.000 inf inf
1484787609744 187 0 2 100.000 0.000 inf inf
1484787609746 188 0 2 100.000 0.000 inf inf
1484787609746 189 0 2 100.000 0.000 inf inf
1484787609747 190 0 2 100.000 0.000 inf inf
1484787609748 191 0 2 100.000 0.000 inf inf
1484787609750 192 0 2 100.000 0.000 inf inf
1484787609750 193 0 2 100.000 0.000 inf inf
1484787609750 194 0 2 100.000 0.000 inf inf
1484787609752 195 0 2 100.000 0.000 inf inf
1484787609752 196 0 2 100.000 0.000 inf inf
1484787609754 197 0 2 100.000 0.000 inf inf
1484787609755 198 0 2 100.000 0.000 inf inf
1484787609755 199 0 2 100.000 0.000 inf inf
1484787609759 200 0 2 100.000 0.000 inf inf
1484787609760 201 0 2 100.000 0.000 inf inf
1484787609760 202 0 2 100.000 0.000 inf inf
1484787609760 203 0 2 100.000 0.000 inf inf
1484787609761 204 0 2 100.000 0.000 inf inf
1484787609761 205 0 2 100.000 0.000 inf inf
1484787609763 206 0 2 100.000 0.000 inf inf
1484787609765 207 0 2 100.000 0.000 inf inf
1484787609765 208 0 2 100.000 0.000 inf inf
1484787609767 209 0 2 100.000 0.000 inf inf
1484787609769 210 0 2 100.000 0.000 inf inf
1484787609770 211 0 2 100.000 0.000 inf inf
1484787609770 212 0 2 100.000 0.000 inf inf
1484787609770 213 0 2 100.000 0.000 inf inf
1484787609771 214 0 2 100.000 0.000 inf inf
1484787609773 215 0 2 100.000 0.000 inf inf
1484787609775 216 0 2 100.000 0.000 inf inf
1484787609775 217 0 2 100.000 0.000 inf inf
1484787609776 218 0 2 100.000 0.000 inf inf
1484787609776 219 0 2 100.000 0.000 inf inf
1484787609776 220 0 2 100.000 0.000 inf inf
1484787609778 221 0 2 100.000 0.000 inf inf
1484787609781 222 0 2 100.000 0.000 inf inf
1484787609783 223 0 2 100.000 0.000 inf inf
1484787609783 224 0 2 100.000 0.000 inf inf
1484787609783 225 0 2 100.000 0.000 inf inf
1484787609783 226 0 2 100.000 0.000 inf inf
1484787609784 227 0 2 100.000 0.000 inf inf
1484787609785 228 0 2 100.000 0.000 inf inf
1484787609787 229 0 2 100.000 0.000 inf inf
1484787609789 230 0 2 100.000 0.000 inf inf
1484787609789 231 0 2 100.000 0.000 inf inf
1484787609789 232 0 2 100.000 0.000 inf inf
1484787609789 233 0 2 100.000 0.000 inf inf
1484787609791 234 0 2 100.000 0.000 inf inf
1484787609793 235 0 2 100.000 0.000 inf inf
1484787609794 236 0 2 100.000 0.000 inf inf
1484787609795 237 0 2 100.000 0.000 inf inf
1484787609795 238 0 2 100.000 0.000 inf inf
1484787609795 239 0 2 100.000 0.000 inf inf
1484787609798 240 0 2 100.000 0.000 inf inf
1484787609799 241 0 2 100.000 0.000 inf inf
1484787609800 242 0 2 100.000 0.000 inf inf
1484787609801 243 0 2 100.000 0.000 inf inf
1484787609801 244 0 2 100.000 0.000 inf inf
1484787609801 245 0 2 100.000 0.000 inf inf
1484787609802 246 0 2 100.000 0.000 inf inf
1484787609804 247 0 2 100.000 0.000 inf inf
1484787609805 248 0 2 100.000 0.000 inf inf
1484787609806 249 0 2 100.000 0.000 inf inf
1484787609808 250 0 2 100.000 0.000 inf inf
1484787609810 251 0 2 100.000 0.000 inf inf
1484787609810 252 0 2 100.000 0.000 inf inf
1484787609811 253 0 2 100.000 0.000 inf inf
1484787609811 254 0 2 100.000 0.000 inf inf
1484787609811 255 0 2 100.000 0.000 inf inf
1484787609812 256 0 2 100.000 0.000 inf inf
1484787609814 257 0 2 100.000 0.000 inf inf
1484787609816 258 0 2 100.000 0.000 inf inf
1484787609816 259 0 2 100.000 0.000 inf inf
1484787609816 260 0 2 100.000 0.000 inf inf
1484787609818 261 0 2 100.000 0.000 inf inf
1484787609820 262 0 2 100.000 0.000 inf inf
1484787609820 263 0 2 100.000 0.000 inf inf
1484787609820 264 0 2 100.000 0.000 inf inf
1484787609822 265 0 2 100.000 0.000 inf inf
1484787609822 266 0 2 100.000 0.000 inf inf
1484787609824 267 0 2 100.000 0.000 inf inf
1484787609826 268 0 2 100.000 0.000 inf inf
1484787609826 269 0 2 100.000 0.000 inf inf
1484787609826 270 0 2 100.000 0.000 inf inf
1484787609828 271 0 2 100.000 0.000 inf inf
1484787609830 272 0 2 100.000 0.000 inf inf
1484787609832 273 0 2 100.000 0.000 inf inf
1484787609832 274 0 2 100.000 0.000 inf inf
1484787609832 275 0 2 100.000 0.000 inf inf
1484787609834 276 0 2 100.000 0.000 inf inf
1484787609834 277 0 2 100.000 0.000 inf inf
1484787609835 278 0 2 100.000 0.000 inf inf
1484787609838 279 0 2 100.000 0.000 inf inf
1484787609838 280 0 2 100.000 0.000 inf inf
1484787609839 281 0 2 100.000 0.000 inf inf
1484787609840 282 0 2 100.000 0.000 inf inf
1484787609840 283 0 2 100.000 0.000 inf inf
1484787609842 284 0 2 100.000 0.000 inf inf
1484787609843 285 0 2 100.000 0.000 inf inf
1484787609845 286 0 2 100.000 0.000 inf inf
1484787609846 287 0 2 100.000 0.000 inf inf
1484787609847 288 0 2 100.000 0.000 inf inf
1484787609848 289 0 2 100.000 0.000 inf inf
1484787609848 290 0 2 100.000 0.000 inf inf
1484787609849 291 0 2 100.000 0.000 inf inf
1484787609851 292 0 2 100.000 0.000 inf inf
1484787609853 293 0 2 100.000 0.000 inf inf
1484787609854 294 0 2 100.000 0.000 inf inf
1484787609854 295 0 2 100.000 0.000 inf inf
1484787609855 296 0 2 100.000 0.000 inf inf
1484787609856 297 0 2 100.000 0.000 inf inf
1484787609863 298 0 2 100.000 0.000 inf inf
1484787609863 299 0 2 100.000 0.000 inf inf
1484787609863 300 0 2 100.000 0.000 inf inf
1484787609864 301 0 2 100.000 0.000 inf inf
1484787609864 302 0 2 100.000 0.000 inf inf
1484787609864 303 0 2 100.000 0.000 inf inf
1484787609865 304 1 2 100.000 0.000 inf inf
1484787609867 305 1 1 100.000 0.000 inf inf
1484787609867 306 1 1 100.000 0.000 inf inf
1484787609867 307 1 1 100.000 0.000 inf inf
1484787609867 308 1 1 100.000 0.000 inf inf
1484787609868 309 1 1 100.000 0.000 inf inf
1484787609869 310 1 1 100.000 0.000 inf inf
1484787609869 311 1 1 100.000 0.000 inf inf
1484787609873 312 1 1 100.000 0.000 inf inf
1484787609873 313 1 1 100.000 0.000 inf inf
1484787609873 314 1 1 100.000 0.000 inf inf
1484787609873 315 1 1 100.000 0.000 inf inf
1484787609874 316 1 1 100.000 0.000 inf inf
1484787609875 317 1 1 100.000 0.000 inf inf
1484787609875 318 1 1 100.000 0.000 inf inf
1484787609879 319 1 1 100.000 0.000 inf inf
1484787609879 320 1 1 100.000 0.000 inf inf
1484787609881 321 1 1 100.000 0.000 inf inf
1484787609881 322 1 1 100.000 0.000 inf inf
1484787609882 323 1 1 100.000 0.000 inf inf
1484787609883 324 1 1 100.000 0.000 inf inf
1484787609886 325 1 1 100.000 0.000 inf inf
1484787609887 326 1 1 100.000 0.000 inf inf
1484787609887 327 1 1 100.000 0.000 inf inf
1484787609888 328 1 1 100.000 0.000 inf inf
1484787609888 329 1 1 100.000 0.000 inf inf
1484787609889 330 1 1 100.000 0.000 inf inf
1484787609892 331 1 1 100.000 0.000 inf inf
1484787609893 332 1 1 100.000 0.000 inf inf
1484787609893 333 1 1 100.000 0.000 inf inf
1484787609894 334 1 1 100.000 0.000 inf inf
1484787609894 335 1 1 100.000 0.000 inf inf
1484787609895 336 1 1 100.000 0.000 inf inf
1484787609896 337 1 1 100.000 0.000 inf inf
1484787609897 338 1 1 100.000 0.000 inf inf
1484787609898 339 1 1 100.000 0.000 inf inf
1484787609900 340 1 1 100.000 0.000 inf inf
1484787609902 341 1 1 100.000 0.000 inf inf
1484787609902 342 1 1 100.000 0.000 inf inf
1484787609903 343 1 1 100.000 0.000 inf inf
1484787609904 344 1 1 100.000 0.000 inf inf
1484787609906 345 1 1 100.000 0.000 inf inf
1484787609907 346 1 1 100.000 0.000 inf inf
1484787609908 347 1 1 100.000 0.000 inf inf
1484787609910 348 1 1 100.000 0.000 inf inf
1484787609912 349 1 1 100.000 0.000 inf inf
1484787609912 350 1 1 100.000 0.000 inf inf
1484787609912 351 1 1 100.000 0.000 inf inf
1484787609913 352 1 1 100.000 0.000 inf inf
1484787609914 353 1 1 100.000 0.000 inf inf
1484787609914 354 1 1 100.000 0.000 inf inf
1484787609919 355 1 1 100.000 0.000 inf inf
1484787609920 356 1 1 100.000 0.000 inf inf
1484787609920 357 1 1 100.000 0.000 inf inf
1484787609920 358 1 1 100.000 0.000 inf inf
1484787609920 359 1 1 100.000 0.000 inf inf
1484787609921 360 1 1 100.000 0.000 inf inf
1484787609922 361 1 1 100.000 0.000 inf inf
1484787609923 362 1 1 100.000 0.000 inf inf
1484787609925 363 1 1 100.000 0.000 inf inf
1484787609926 364 1 1 100.000 0.000 inf inf
1484787609926 365 1 1 100.000 0.000 inf inf
1484787609926 366 1 1 100.000 0.000 inf inf
1484787609927 367 1 1 100.000 0.000 inf inf
1484787609929 368 1 1 100.000 0.000 inf inf
1484787609930 369 1 1 100.000 0.000 inf inf
1484787609931 370 1 1 100.000 0.000 inf inf
1484787609931 371 1 1 100.000 0.000 inf inf
1484787609932 372 1 1 100.000 0.000 inf inf
1484787609932 373 1 1 100.000 0.000 inf inf
1484787609938 374 1 1 100.000 0.000 inf inf
1484787609939 375 1 1 100.000 0.000 inf inf
1484787609939 376 1 1 100.000 0.000 inf inf
1484787609940 377 1 1 100.000 0.000 inf inf
1484787609941 378 1 1 100.000 0.000 inf inf
1484787609941 379 1 1 100.000 0.000 inf inf
1484787609943 380 1 1 100.000 0.000 inf inf
1484787609945 381 1 1 100.000 0.000 inf inf
1484787609945 382 1 1 100.000 0.000 inf inf
1484787609945 383 1 1 100.000 0.000 inf inf
1484787609946 384 1 1 100.000 0.000 inf inf
1484787609947 385 1 1 100.000 0.000 inf inf
1484787609948 386 1 1 100.000 0.000 inf inf
1484787609950 387 1 1 100.000 0.000 inf inf
1484787609950 388 1 1 100.000 0.000 inf inf
1484787609951 389 1 1 100.000 0.000 inf inf
1484787609953 390 1 1 100.000 0.000 inf inf
1484787609953 391 1 1 100.000 0.000 inf inf
1484787609953 392 1 1 100.000 0.000 inf inf
1484787609953 393 1 1 100.000 0.000 inf inf
1484787609954 394 1 1 100.000 0.000 inf inf
1484787609954 395 1 1 100.000 0.000 inf inf
1484787609956 396 1 1 100.000 0.000 inf inf
1484787609957 397 1 1 100.000 0.000 inf inf
1484787609957 398 1 1 100.000 0.000 inf inf
1484787609957 399 1 1 100.000 0.000 inf inf
1484787609958 400 1 1 100.000 0.000 inf inf
1484787609958 401 1 1 100.000 0.000 inf inf
1484787609958 402 1 1 100.000 0.000 inf inf
1484787609958 403 1 1 100.000 0.000 inf inf
1484787609960 404 1 1 100.000 0.000 inf inf
1484787609961 405 1 1 100.000 0.000 inf inf
1484787609961 406 1 1 100.000 0.000 inf inf
1484787609961 407 1 1 100.000 0.000 inf inf
1484787609962 408 1 1 100.000 0.000 inf inf
1484787609962 409 1 1 100.000 0.000 inf inf
1484787609962 410 1 1 100.000 0.000 inf inf
1484787609965 411 1 1 100.000 0.000 inf inf
1484787609965 412 1 1 100.000 0.000 inf inf
1484787609965 413 1 1 100.000 0.000 inf inf
1484787609965 414 1 1 100.000 0.000 inf inf
1484787609966 415 1 1 100.000 0.000 inf inf
1484787609966 416 1 1 100.000 0.000 inf inf
1484787609972 417 1 1 100.000 0.000 inf inf
1484787609973 418 1 1 100.000 0.000 inf inf
1484787609973 419 1 1 100.000 0.000 inf inf
1484787609973 420 1 1 100.000 0.000 inf inf
1484787609974 421 1 1 100.000 0.000 inf inf
1484787609976 422 1 1 100.000 0.000 inf inf
1484787609978 423 1 1 100.000 0.000 inf inf
1484787609978 424 1 1 100.000 0.000 inf inf
1484787609979 425 1 1 100.000 0.000 inf inf
1484787609979 426 1 1 100.000 0.000 inf inf
1484787609979 427 1 1 100.000 0.000 inf inf
1484787609982 428 1 1 100.000 0.000 inf inf
1484787609984 429 1 1 100.000 0.000 inf inf
1484787609984 430 1 1 100.000 0.000 inf inf
1484787609985 431 1 1 100.000 0.000 inf inf
1484787609985 432 1 1 100.000 0.000 inf inf
1484787609985 433 1 1 100.000 0.000 inf inf
1484787609986 434 1 1 100.000 0.000 inf inf
1484787609988 435 1 1 100.000 0.000 inf inf
1484787609990 436 1 1 100.000 0.000 inf inf
1484787609990 437 1 1 100.000 0.000 inf inf
1484787609990 438 1 1 100.000 0.000 inf inf
1484787609994 439 1 1 100.000 0.000 inf inf
1484787609994 440 1 1 100.000 0.000 inf inf
1484787609996 441 1 1 100.000 0.000 inf inf
1484787609996 442 1 1 100.000 0.000 inf inf
1484787609996 443 1 1 100.000 0.000 inf inf
1484787609997 444 1 1 100.000 0.000 inf inf
1484787609998 445 1 1 100.000 0.000 inf inf
1484787610000 446 1 1 100.000 0.000 inf inf
1484787610000 447 1 1 100.000 0.000 inf inf
1484787610000 448 1 1 100.000 0.000 inf inf
1484787610001 449 1 1 100.000 0.000 inf inf
1484787610002 450 1 1 100.000 0.000 inf inf
1484787610002 451 1 1 100.000 0.000 inf inf
1484787610003 452 1 1 100.000 0.000 inf inf
1484787610004 453 1 1 100.000 0.000 inf inf
1484787610004 454 1 1 100.000 0.000 inf inf
1484787610004 455 1 1 100.000 0.000 inf inf
1484787610005 456 1 1 100.000 0.000 inf inf
1484787610006 457 1 1 100.000 0.000 inf inf
1484787610006 458 1 1 100.000 0.000 inf inf
1484787610007 459 1 1 100.000 0.000 inf inf
1484787610008 460 1 1 100.000 0.000 inf inf
1484787610008 461 1 1 100.000 0.000 inf inf
1484787610008 462 1 1 100.000 0.000 inf inf
1484787610009 463 1 1 100.000 0.000 inf inf
1484787610009 464 1 1 100.000 0.000 inf inf
1484787610011 465 1 1 100.000 0.000 inf inf
1484787610012 466 1 1 100.000 0.000 inf inf
1484787610012 467 1 1 100.000 0.000 inf inf
1484787610012 468 1 1 100.000 0.000 inf inf
1484787610013 469 1 1 100.000 0.000 inf inf
1484787610013 470 1 1 100.000 0.000 inf inf
1484787610015 471 1 1 100.000 0.000 inf inf
1484787610015 472 1 1 100.000 0.000 inf inf
1484787610016 473 1 1 100.000 0.000 inf inf
1484787610016 474 1 1 100.000 0.000 inf inf
1484787610016 475 1 1 100.000 0.000 inf inf
1484787610016 476 1 1 100.000 0.000 inf inf
1484787610017 477 1 1 100.000 0.000 inf inf
1484787610019 478 1 1 100.000 0.000 inf inf
1484787610019 479 1 1 100.000 0.000 inf inf
1484787610019 480 1 1 100.000 0.000 inf inf
1484787610020 481 1 1 100.000 0.000 inf inf
1484787610021 482 1 1 100.000 0.000 inf inf
1484787610021 483 1 1 100.000 0.000 inf inf
1484787610022 484 1 1 100.000 0.000 inf inf
1484787610022 485 1 1 100.000 0.000 inf inf
1484787610023 486 1 1 100.000 0.000 inf inf
1484787610023 487 1 1 100.000 0.000 inf inf
1484787610025 488 1 1 100.000 0.000 inf inf
1484787610026 489 1 1 100.000 0.000 inf inf
1484787610026 490 1 1 100.000 0.000 inf inf
1484787610027 491 1 1 100.000 0.000 inf inf
1484787610027 492 1 1 100.000 0.000 inf inf
1484787610027 493 1 1 100.000 0.000 inf inf
1484787610039 494 1 1 100.000 0.000 inf inf
1484787610039 495 1 1 100.000 0.000 inf inf
1484787610039 496 1 1 100.000 0.000 inf inf
1484787610040 497 1 1 100.000 0.000 inf inf
1484787610040 498 1 1 100.000 0.000 inf inf
1484787610040 499 1 1 100.000 0.000 inf inf
1484787610040 500 1 1 100.000 0.000 inf inf
1484787610041 501 1 1 100.000 0.000 inf inf
1484787610041 502 1 1 100.000 0.000 inf inf
1484787610041 503 1 1 100.000 0.000 inf inf
1484787610041 504 1 1 100.000 0.000 inf inf
1484787610042 505 1 1 100.000 0.000 inf inf
1484787610042 506 1 1 100.000 0.000 inf inf
1484787610042 507 1 1 100.000 0.000 inf inf
1484787610042 508 1 1 100.000 0.000 inf inf
1484787610044 509 1 1 100.000 0.000 inf inf
1484787610047 510 1 1 100.000 0.000 inf inf
1484787610047 511 1 1 100.000 0.000 inf inf
1484787610047 512 1 1 100.000 0.000 inf inf
1484787610047 513 1 1 100.000 0.000 inf inf
1484787610048 514 1 1 100.000 0.000 inf inf
1484787610049 515 1 1 100.000 0.000 inf inf
1484787610052 516 1 1 100.000 0.000 inf inf
1484787610054 517 1 1 100.000 0.000 inf inf
1484787610055 518 1 1 100.000 0.000 inf inf
1484787610055 519 1 1 100.000 0.000 inf inf
1484787610055 520 1 1 100.000 0.000 inf inf
1484787610056 521 1 1 100.000 0.000 inf inf
1484787610058 522 1 1 100.000 0.000 inf inf
1484787610059 523 1 1 100.000 0.000 inf inf
1484787610060 524 1 1 100.000 0.000 inf inf
1484787610062 525 1 1 100.000 0.000 inf inf
1484787610064 526 1 1 100.000 0.000 inf inf
1484787610064 527 1 1 100.000 0.000 inf inf
1484787610065 528 1 1 100.000 0.000 inf inf
1484787610065 529 1 1 100.000 0.000 inf inf
1484787610068 530 1 1 100.000 0.000 inf inf
1484787610068 531 1 1 100.000 0.000 inf inf
1484787610068 532 1 1 100.000 0.000 inf inf
1484787610069 533 1 1 100.000 0.000 inf inf
1484787610069 534 1 1 100.000 0.000 inf inf
1484787610069 535 1 1 100.000 0.000 inf inf
1484787610070 536 1 1 100.000 0.000 inf inf
1484787610070 537 1 1 100.000 0.000 inf inf
1484787610072 538 1 1 100.000 0.000 inf inf
1484787610072 539 1 1 100.000 0.000 inf inf
1484787610072 540 1 1 100.000 0.000 inf inf
1484787610073 541 1 1 100.000 0.000 inf inf
1484787610073 542 1 1 100.000 0.000 inf inf
1484787610073 543 1 1 100.000 0.000 inf inf
1484787610074 544 1 1 100.000 0.000 inf inf
1484787610076 545 1 1 100.000 0.000 inf inf
1484787610076 546 1 1 100.000 0.000 inf inf
1484787610076 547 1 1 100.000 0.000 inf inf
1484787610077 548 1 1 100.000 0.000 inf inf
1484787610077 549 1 1 100.000 0.000 inf inf
1484787610077 550 1 1 100.000 0.000 inf inf
1484787610078 551 1 1 100.000 0.000 inf inf
1484787610080 552 1 1 100.000 0.000 inf inf
1484787610080 553 1 1 100.000 0.000 inf inf
1484787610080 554 1 1 100.000 0.000 inf inf
1484787610080 555 1 1 100.000 0.000 inf inf
1484787610081 556 1 1 100.000 0.000 inf inf
1484787610081 557 1 1 100.000 0.000 inf inf
1484787610081 558 1 1 100.000 0.000 inf inf
1484787610084 559 1 1 100.000 0.000 inf inf
1484787610084 560 1 1 100.000 0.000 inf inf
1484787610085 561 1 1 100.000 0.000 inf inf
1484787610085 562 1 1 100.000 0.000 inf inf
1484787610085 563 1 1 100.000 0.000 inf inf
1484787610093 564 1 1 100.000 0.000 inf inf
1484787610094 565 1 1 100.000 0.000 inf inf
1484787610094 566 1 1 100.000 0.000 inf inf
1484787610094 567 1 1 100.000 0.000 inf inf
1484787610095 568 1 1 100.000 0.000 inf inf
1484787610095 569 1 1 100.000 0.000 inf inf
1484787610096 570 1 1 100.000 0.000 inf inf
1484787610097 571 1 1 100.000 0.000 inf inf
1484787610097 572 1 1 100.000 0.000 inf inf
1484787610098 573 1 1 100.000 0.000 inf inf
1484787610098 574 1 1 100.000 0.000 inf inf
1484787610099 575 1 1 100.000 0.000 inf inf
1484787610100 576 1 1 100.000 0.000 inf inf
1484787610100 577 1 1 100.000 0.000 inf inf
1484787610103 578 1 1 100.000 0.000 inf inf
1484787610105 579 1 1 100.000 0.000 inf inf
1484787610105 580 1 1 100.000 0.000 inf inf
1484787610106 581 1 1 100.000 0.000 inf inf
1484787610106 582 1 1 100.000 0.000 inf inf
1484787610106 583 1 1 100.000 0.000 inf inf
1484787610107 584 1 1 100.000 0.000 inf inf
1484787610110 585 1 1 100.000 0.000 inf inf
1484787610111 586 1 1 100.000 0.000 inf inf
1484787610111 587 1 1 100.000 0.000 inf inf
1484787610113 588 1 1 100.000 0.000 inf inf
1484787610115 589 1 1 100.000 0.000 inf inf
1484787610115 590 1 1 100.000 0.000 inf inf
1484787610115 591 1 1 100.000 0.000 inf inf
1484787610116 592 1 1 100.000 0.000 inf inf
1484787610117 593 1 1 100.000 0.000 inf inf
1484787610119 594 1 2 100.000 0.000 inf inf
1484787610120 595 1 2 100.000 0.000 inf inf
1484787610121 596 1 2 100.000 0.000 inf inf
1484787610121 597 1 2 100.000 0.000 inf inf
1484787610122 598 1 2 100.000 0.000 inf inf
1484787610122 599 1 2 100.000 0.000 inf inf
1484787610125 600 1 2 100.000 0.000 inf inf
1484787610125 601 1 2 100.000 0.000 inf inf
1484787610125 602 1 2 100.000 0.000 inf inf
1484787610125 603 1 2 100.000 0.000 inf inf
1484787610126 604 1 2 100.000 0.000 inf inf
1484787610126 605 1 2 100.000 0.000 inf inf
1484787610128 606 1 2 100.000 0.000 inf inf
1484787610129 607 1 2 100.000 0.000 inf inf
1484787610129 608 1 2 100.000 0.000 inf inf
1484787610129 609 1 2 100.000 0.000 inf inf
1484787610129 610 1 2 100.000 0.000 inf inf
1484787610130 611 1 2 100.000 0.000 inf inf
1484787610130 612 1 2 100.000 0.000 inf inf
1484787610130 613 1 2 100.000 0.000 inf inf
1484787610131 614 1 2 100.000 0.000 inf inf
1484787610132 615 1 2 100.000 0.000 inf inf
1484787610133 616 1 2 100.000 0.000 inf inf
1484787610133 617 1 2 100.000 0.000 inf inf
1484787610133 618 1 2 100.000 0.000 inf inf
1484787610134 619 1 2 100.000 0.000 inf inf
1484787610135 620 1 2 100.000 0.000 inf inf
1484787610135 621 1 2 100.000 0.000 inf inf
1484787610136 622 1 2 100.000 0.000 inf inf
1484787610137 623 1 2 100.000 0.000 inf inf
1484787610137 624 1 2 100.000 0.000 inf inf
1484787610137 625 1 2 100.000 0.000 inf inf
1484787610138 626 1 2 100.000 0.000 inf inf
1484787610138 627 1 2 100.000 0.000 inf inf
1484787610139 628 1 2 100.000 0.000 inf inf
1484787610140 629 1 2 100.000 0.000 inf inf
1484787610141 630 1 2 100.000 0.000 inf inf
1484787610141 631 1 2 100.000 0.000 inf inf
1484787610141 632 1 2 100.000 0.000 inf inf
1484787610142 633 1 2 100.000 0.000 inf inf
1484787610142 634 1 2 100.000 0.000 inf inf
1484787610144 635 1 2 100.000 0.000 inf inf
1484787610145 636 1 2 100.000 0.000 inf inf
1484787610145 637 1 2 100.000 0.000 inf inf
1484787610145 638 1 2 100.000 0.000 inf inf
1484787610146 639 1 2 100.000 0.000 inf inf
1484787610154 640 1 2 100.000 0.000 inf inf
1484787610154 641 1 2 100.000 0.000 inf inf
1484787610154 642 1 2 100.000 0.000 inf inf
1484787610155 643 1 2 100.000 0.000 inf inf
1484787610155 644 1 2 100.000 0.000 inf inf
1484787610156 645 1 2 100.000 0.000 inf inf
1484787610158 646 1 2 100.000 0.000 inf inf
1484787610158 647 1 2 100.000 0.000 inf inf
1484787610159 648 1 2 100.000 0.000 inf inf
1484787610159 649 1 2 100.000 0.000 inf inf
1484787610160 650 1 2 100.000 0.000 inf inf
1484787610161 651 1 2 100.000 0.000 inf inf
1484787610164 652 1 2 100.000 0.000 inf inf
1484787610166 653 1 2 100.000 0.000 inf inf
1484787610166 654 1 2 100.000 0.000 inf inf
1484787610166 655 1 2 100.000 0.000 inf inf
1484787610167 656 1 2 100.000 0.000 inf inf
1484787610170 657 1 2 100.000 0.000 inf inf
1484787610170 658 1 2 100.000 0.000 inf inf
1484787610171 659 1 2 100.000 0.000 inf inf
1484787610171 660 1 2 100.000 0.000 inf inf
1484787610173 661 1 2 100.000 0.000 inf inf
1484787610175 662 1 2 100.000 0.000 inf inf
1484787610176 663 1 2 100.000 0.000 inf inf
1484787610176 664 1 2 100.000 0.000 inf inf
1484787610176 665 1 2 100.000 0.000 inf inf
1484787610177 666 1 2 100.000 0.000 inf inf
1484787610177 667 1 2 100.000 0.000 inf inf
1484787610181 668 1 2 100.000 0.000 inf inf
1484787610182 669 1 2 100.000 0.000 inf inf
1484787610182 670 1 2 100.000 0.000 inf inf
1484787610182 671 1 2 100.000 0.000 inf inf
1484787610182 672 1 2 100.000 0.000 inf inf
1484787610183 673 1 2 100.000 0.000 inf inf
1484787610183 674 1 2 100.000 0.000 inf inf
1484787610185 675 1 2 100.000 0.000 inf inf
1484787610185 676 1 2 100.000 0.000 inf inf
1484787610186 677 1 2 100.000 0.000 inf inf
1484787610186 678 1 2 100.000 0.000 inf inf
1484787610186 679 1 2 100.000 0.000 inf inf
1484787610186 680 1 2 100.000 0.000 inf inf
1484787610189 681 1 2 100.000 0.000 inf inf
1484787610189 682 1 2 100.000 0.000 inf inf
1484787610189 683 1 2 100.000 0.000 inf inf
1484787610189 684 1 2 100.000 0.000 inf inf
1484787610190 685 1 2 100.000 0.000 inf inf
1484787610190 686 1 2 100.000 0.000 inf inf
1484787610190 687 1 2 100.000 0.000 inf inf
1484787610190 688 1 2 100.000 0.000 inf inf
1484787610191 689 1 2 100.000 0.000 inf inf
1484787610191 690 1 2 100.000 0.000 inf inf
1484787610193 691 1 2 100.000 0.000 inf inf
1484787610193 692 1 2 100.000 0.000 inf inf
1484787610193 693 1 2 100.000 0.000 inf inf
1484787610194 694 1 2 100.000 0.000 inf inf
1484787610194 695 1 2 100.000 0.000 inf inf
1484787610195 696 1 2 100.000 0.000 inf inf
1484787610195 697 1 2 100.000 0.000 inf inf
1484787610197 698 1 2 100.000 0.000 inf inf
1484787610197 699 1 2 100.000 0.000 inf inf
1484787610197 700 1 2 100.000 0.000 inf inf
1484787610198 701 1 2 100.000 0.000 inf inf
1484787610198 702 1 2 100.000 0.000 inf inf
1484787610199 703 1 2 100.000 0.000 inf inf
1484787610199 704 1 2 100.000 0.000 inf inf
1484787610201 705 1 2 100.000 0.000 inf inf
1484787610201 706 1 2 100.000 0.000 inf inf
1484787610201 707 1 2 100.000 0.000 inf inf
1484787610202 708 1 2 100.000 0.000 inf inf
1484787610202 709 1 2 100.000 0.000 inf inf
1484787610202 710 1 2 100.000 0.000 inf inf
1484787610205 711 1 2 100.000 0.000 inf inf
1484787610205 712 1 2 100.000 0.000 inf inf
1484787610205 713 1 2 100.000 0.000 inf inf
1484787610206 714 1 2 100.000 0.000 inf inf
1484787610206 715 1 2 100.000 0.000 inf inf
1484787610206 716 1 2 100.000 0.000 inf inf
1484787610206 717 1 2 100.000 0.000 inf inf
1484787610207 718 1 2 100.000 0.000 inf inf
1484787610209 719 1 2 100.000 0.000 inf inf
1484787610209 720 1 2 100.000 0.000 inf inf
1484787610209 721 1 2 100.000 0.000 inf inf
1484787610209 722 1 2 100.000 0.000 inf inf
1484787610210 723 1 2 100.000 0.000 inf inf
1484787610210 724 1 2 100.000 0.000 inf inf
1484787610210 725 1 2 100.000 0.000 inf inf
1484787610212 726 1 2 100.000 0.000 inf inf
1484787610212 727 1 2 100.000 0.000 inf inf
1484787610214 728 1 2 100.000 0.000 inf inf
1484787610215 729 1 2 100.000 0.000 inf inf
1484787610215 730 1 2 100.000 0.000 inf inf
1484787610215 731 1 2 100.000 0.000 inf inf
1484787610215 732 1 2 100.000 0.000 inf inf
1484787610216 733 1 2 100.000 0.000 inf inf
1484787610216 734 1 2 100.000 0.000 inf inf
1484787610218 735 1 2 100.000 0.000 inf inf
1484787610219 736 1 2 100.000 0.000 inf inf
1484787610219 737 1 2 100.000 0.000 inf inf
1484787610219 738 1 2 100.000 0.000 inf inf
1484787610220 739 1 2 100.000 0.000 inf inf
1484787610220 740 1 2 100.000 0.000 inf inf
1484787610228 741 1 2 100.000 0.000 inf inf
1484787610228 742 1 2 100.000 0.000 inf inf
1484787610229 743 1 2 100.000 0.000 inf inf
1484787610229 744 1 2 100.000 0.000 inf inf
1484787610230 745 1 2 100.000 0.000 inf inf
1484787610232 746 1 2 100.000 0.000 inf inf
1484787610233 747 1 2 100.000 0.000 inf inf
1484787610233 748 1 2 100.000 0.000 inf inf
1484787610233 749 1 2 100.000 0.000 inf inf
1484787610233 750 1 2 100.000 0.000 inf inf
1484787610238 751 1 2 100.000 0.000 inf inf
1484787610238 752 1 2 100.000 0.000 inf inf
1484787610239 753 1 2 100.000 0.000 inf inf
1484787610239 754 1 2 100.000 0.000 inf inf
1484787610239 755 1 2 100.000 0.000 inf inf
1484787610239 756 1 2 100.000 0.000 inf inf
1484787610240 757 1 2 100.000 0.000 inf inf
1484787610243 758 1 2 100.000 0.000 inf inf
1484787610243 759 1 2 100.000 0.000 inf inf
1484787610244 760 1 2 100.000 0.000 inf inf
1484787610245 761 1 2 100.000 0.000 inf inf
1484787610246 762 1 2 100.000 0.000 inf inf
1484787610246 763 1 2 100.000 0.000 inf inf
1484787610248 764 1 2 100.000 0.000 inf inf
1484787610248 765 1 2 100.000 0.000 inf inf
1484787610248 766 1 2 100.000 0.000 inf inf
1484787610248 767 1 2 100.000 0.000 inf inf
1484787610252 768 1 2 100.000 0.000 inf inf
1484787610252 769 1 2 100.000 0.000 inf inf
1484787610253 770 1 2 100.000 0.000 inf inf
1484787610253 771 1 2 100.000 0.000 inf inf
1484787610254 772 1 2 100.000 0.000 inf inf
1484787610255 773 1 2 100.000 0.000 inf inf
1484787610256 774 1 2 100.000 0.000 inf inf
1484787610257 775 1 2 100.000 0.000 inf inf
1484787610258 776 1 2 100.000 0.000 inf inf
1484787610259 777 1 2 100.000 0.000 inf inf
1484787610260 778 1 2 100.000 0.000 inf inf
1484787610261 779 1 2 100.000 0.000 inf inf
1484787610262 780 1 2 100.000 0.000 inf inf
1484787610263 781 1 2 100.000 0.000 inf inf
1484787610264 782 1 2 100.000 0.000 inf inf
1484787610265 783 1 2 100.000 0.000 inf inf
1484787610265 784 1 2 100.000 0.000 inf inf
1484787610267 785 1 2 100.000 0.000 inf inf
1484787610267 786 1 2 100.000 0.000 inf inf
1484787610268 787 1 2 100.000 0.000 inf inf
1484787610268 788 1 2 100.000 0.000 inf inf
1484787610268 789 1 2 100.000 0.000 inf inf
1484787610269 790 1 2 100.000 0.000 inf inf
1484787610269 791 1 2 100.000 0.000 inf inf
1484787610271 792 1 2 100.000 0.000 inf inf
1484787610271 793 1 2 100.000 0.000 inf inf
1484787610272 794 1 2 100.000 0.000 inf inf
1484787610272 795 1 2 100.000 0.000 inf inf
1484787610272 796 1 2 100.000 0.000 inf inf
1484787610273 797 1 2 100.000 0.000 inf inf
1484787610273 798 1 2 100.000 0.000 inf inf
1484787610275 799 1 2 100.000 0.000 inf inf
1484787610275 800 1 2 100.000 0.000 inf inf
1484787610275 801 1 2 100.000 0.000 inf inf
1484787610276 802 1 2 100.000 0.000 inf inf
1484787610276 803 1 2 100.000 0.000 inf inf
1484787610277 804 1 2 100.000 0.000 inf inf
1484787610277 805 1 2 100.000 0.000 inf inf
1484787610279 806 1 2 100.000 0.000 inf inf
1484787610279 807 1 2 100.000 0.000 inf inf
1484787610279 808 1 2 100.000 0.000 inf inf
1484787610280 809 1 2 100.000 0.000 inf inf
1484787610280 810 1 2 100.000 0.000 inf inf
1484787610281 811 1 2 100.000 0.000 inf inf
1484787610281 812 1 2 100.000 0.000 inf inf
1484787610283 813 1 2 100.000 0.000 inf inf
1484787610283 814 1 2 100.000 0.000 inf inf
1484787610284 815 1 2 100.000 0.000 inf inf
1484787610284 816 1 2 100.000 0.000 inf inf
1484787610285 817 1 2 100.000 0.000 inf inf
1484787610287 818 1 2 100.000 0.000 inf inf
1484787610287 819 1 2 100.000 0.000 inf inf
1484787610287 820 1 2 100.000 0.000 inf inf
1484787610288 821 1 2 100.000 0.000 inf inf
1484787610288 822 1 2 100.000 0.000 inf inf
1484787610290 823 1 2 100.000 0.000 inf inf
1484787610291 824 1 2 100.000 0.000 inf inf
1484787610291 825 1 2 100.000 0.000 inf inf
1484787610291 826 1 2 100.000 0.000 inf inf
1484787610292 827 1 2 100.000 0.000 inf inf
1484787610292 828 1 2 100.000 0.000 inf inf
1484787610292 829 1 2 100.000 0.000 inf inf
1484787610293 830 1 2 100.000 0.000 inf inf
1484787610293 831 1 2 100.000 0.000 inf inf
1484787610294 832 1 2 100.000 0.000 inf inf
1484787610295 833 1 2 100.000 0.000 inf inf
1484787610295 834 1 2 100.000 0.000 inf inf
1484787610296 835 1 2 100.000 0.000 inf inf
1484787610298 836 1 2 100.000 0.000 inf inf
1484787610299 837 1 2 100.000 0.000 inf inf
1484787610299 838 1 2 100.000 0.000 inf inf
1484787610299 839 1 2 100.000 0.000 inf inf
1484787610300 840 1 2 100.000 0.000 inf inf
1484787610300 841 1 2 100.000 0.000 inf inf
1484787610302 842 1 2 100.000 0.000 inf inf
1484787610302 843 1 2 100.000 0.000 inf inf
1484787610303 844 1 2 100.000 0.000 inf inf
1484787610303 845 1 2 100.000 0.000 inf inf
1484787610303 846 1 2 100.000 0.000 inf inf
1484787610304 847 1 2 100.000 0.000 inf inf
1484787610304 848 1 2 100.000 0.000 inf inf
1484787610310 849 1 2 100.000 0.000 inf inf
1484787610310 850 1 2 100.000 0.000 inf inf
1484787610312 851 1 2 100.000 0.000 inf inf
1484787610312 852 1 2 100.000 0.000 inf inf
1484787610313 853 1 2 100.000 0.000 inf inf
1484787610313 854 1 2 100.000 0.000 inf inf
1484787610313 855 1 2 100.000 0.000 inf inf
1484787610316 856 1 2 100.000 0.000 inf inf
1484787610318 857 1 2 100.000 0.000 inf inf
1484787610318 858 1 2 100.000 0.000 inf inf
1484787610319 859 1 2 100.000 0.000 inf inf
1484787610319 860 1 2 100.000 0.000 inf inf
1484787610319 861 1 2 100.000 0.000 inf inf
1484787610319 862 1 2 100.000 0.000 inf inf
1484787610324 863 1 2 100.000 0.000 inf inf
1484787610324 864 1 2 100.000 0.000 inf inf
1484787610324 865 1 2 100.000 0.000 inf inf
1484787610325 866 1 2 100.000 0.000 inf inf
1484787610325 867 1 2 100.000 0.000 inf inf
1484787610325 868 1 2 100.000 0.000 inf inf
1484787610325 869 1 2 100.000 0.000 inf inf
1484787610328 870 1 2 100.000 0.000 inf inf
1484787610330 871 1 2 100.000 0.000 inf inf
1484787610330 872 1 2 100.000 0.000 inf inf
1484787610330 873 1 2 100.000 0.000 inf inf
1484787610330 874 1 2 100.000 0.000 inf inf
1484787610331 875 1 2 100.000 0.000 inf inf
1484787610331 876 1 2 100.000 0.000 inf inf
1484787610334 877 1 2 100.000 0.000 inf inf
1484787610336 878 1 2 100.000 0.000 inf inf
1484787610336 879 1 2 100.000 0.000 inf inf
1484787610336 880 1 2 100.000 0.000 inf inf
1484787610336 881 1 2 100.000 0.000 inf inf
1484787610337 882 1 2 100.000 0.000 inf inf
1484787610339 883 1 2 100.000 0.000 inf inf
1484787610341 884 1 2 100.000 0.000 inf inf
1484787610342 885 1 2 100.000 0.000 inf inf
1484787610342 886 1 2 100.000 0.000 inf inf
1484787610342 887 1 2 100.000 0.000 inf inf
1484787610344 888 1 2 100.000 0.000 inf inf
1484787610345 889 1 2 100.000 0.000 inf inf
1484787610347 890 1 2 100.000 0.000 inf inf
1484787610348 891 1 2 100.000 0.000 inf inf
1484787610349 892 1 2 100.000 0.000 inf inf
1484787610350 893 1 2 100.000 0.000 inf inf
1484787610351 894 1 2 100.000 0.000 inf inf
1484787610353 895 1 2 100.000 0.000 inf inf
1484787610353 896 1 2 100.000 0.000 inf inf
1484787610354 897 1 2 100.000 0.000 inf inf
1484787610355 898 1 2 100.000 0.000 inf inf
1484787610356 899 1 2 100.000 0.000 inf inf
1484787610359 900 1 2 100.000 0.000 inf inf
1484787610359 901 1 2 100.000 0.000 inf inf
1484787610360 902 1 2 100.000 0.000 inf inf
1484787610360 903 1 2 100.000 0.000 inf inf
1484787610361 904 1 2 100.000 0.000 inf inf
1484787610361 905 1 2 100.000 0.000 inf inf
1484787610363 906 1 2 100.000 0.000 inf inf
1484787610364 907 1 2 100.000 0.000 inf inf
1484787610365 908 1 2 100.000 0.000 inf inf
1484787610367 909 1 2 100.000 0.000 inf inf
1484787610368 910 1 2 100.000 0.000 inf inf
1484787610369 911 2 2 100.000 0.000 inf inf
