Serial_number: 0 
Time Data_Count Cycle State Desired_force_(psi) Measured_force_(psi) Toe_sensor Heel_Sensor
1475716659965 0 0 0 196.000 0.000 0.00 0.00
1475716659986 1 0 1 196.000 0.000 0.00 0.00
1475716659990 2 0 1 196.000 0.000 0.00 0.00
1475716659993 3 0 1 196.000 0.000 0.00 0.00
1475716659994 4 0 1 196.000 0.000 0.00 0.00
1475716660000 5 0 1 196.000 0.000 0.00 0.00
1475716660001 6 0 1 196.000 0.000 0.00 0.00
1475716660003 7 0 1 196.000 0.000 0.00 0.00
1475716660011 8 0 1 196.000 0.000 0.00 0.00
1475716660014 9 0 1 196.000 0.000 0.00 0.00
1475716660015 10 0 1 196.000 0.000 0.00 0.00
1475716660016 11 0 1 196.000 0.000 0.00 0.00
1475716660017 12 0 1 196.000 0.000 0.00 0.00
1475716660018 13 0 1 196.000 0.000 0.00 0.00
1475716660027 14 0 1 196.000 0.000 0.00 0.00
1475716660028 15 0 1 196.000 0.000 0.00 0.00
1475716660031 16 0 1 196.000 0.000 0.00 0.00
1475716660033 17 0 1 196.000 0.000 0.00 0.00
1475716660034 18 0 1 196.000 0.000 0.00 0.00
1475716660037 19 0 1 196.000 0.000 0.00 0.00
1475716660045 20 0 1 196.000 0.000 0.00 0.00
1475716660046 21 0 1 196.000 0.000 0.00 0.00
1475716660049 22 0 1 196.000 0.000 0.00 0.00
1475716660055 23 0 1 196.000 0.000 0.00 0.00
1475716660058 24 0 1 196.000 0.000 0.00 0.00
1475716660059 25 0 1 196.000 0.000 0.00 0.00
1475716660060 26 0 1 196.000 0.000 0.00 0.00
1475716660068 27 0 1 196.000 0.000 0.00 0.00
1475716660071 28 0 1 196.000 0.000 0.00 0.00
1475716660072 29 0 1 196.000 0.000 0.00 0.00
1475716660073 30 0 1 196.000 0.000 0.00 0.00
1475716660076 31 0 1 196.000 0.000 0.00 0.00
1475716660082 32 0 1 196.000 0.000 0.00 0.00
1475716660086 33 0 1 196.000 0.000 0.00 0.00
1475716660087 34 0 1 196.000 0.000 0.00 0.00
1475716660090 35 0 1 196.000 0.000 0.00 0.00
1475716660093 36 0 1 196.000 0.000 0.00 0.00
1475716660096 37 0 1 196.000 0.000 0.00 0.00
1475716660099 38 0 1 196.000 0.000 0.00 0.00
1475716660100 39 0 1 196.000 0.000 0.00 0.00
1475716660106 40 0 1 196.000 0.000 0.00 0.00
1475716660111 41 0 1 196.000 0.000 0.00 0.00
1475716660112 42 0 1 196.000 0.000 0.00 0.00
1475716660113 43 0 1 196.000 0.000 0.00 0.00
1475716660114 44 0 1 196.000 0.000 0.00 0.00
1475716660115 45 0 1 196.000 0.000 0.00 0.00
1475716660116 46 0 1 196.000 0.000 0.00 0.00
1475716660119 47 0 1 196.000 0.000 0.00 0.00
1475716660120 48 0 1 196.000 0.000 0.00 0.00
1475716660125 49 0 1 196.000 0.000 0.00 0.00
1475716660126 50 0 1 196.000 0.000 0.00 0.00
1475716660131 51 0 1 196.000 0.000 0.00 0.00
1475716660132 52 0 1 196.000 0.000 0.00 0.00
1475716660133 53 0 1 196.000 0.000 0.00 0.00
1475716660134 54 0 1 196.000 0.000 0.00 0.00
1475716660137 55 0 1 196.000 0.000 0.00 0.00
1475716660141 56 0 1 196.000 0.000 0.00 0.00
1475716660143 57 0 1 196.000 0.000 0.00 0.00
1475716660144 58 0 1 196.000 0.000 0.00 0.00
1475716660144 59 0 1 196.000 0.000 0.00 0.00
1475716660144 60 0 1 196.000 0.000 0.00 0.00
1475716660146 61 0 1 196.000 0.000 0.00 0.00
1475716660146 62 0 1 196.000 0.000 0.00 0.00
1475716660147 63 0 1 196.000 0.000 0.00 0.00
1475716660147 64 0 1 196.000 0.000 0.00 0.00
1475716660147 65 0 1 196.000 0.000 0.00 0.00
1475716660148 66 0 1 196.000 0.000 0.00 0.00
1475716660148 67 0 1 196.000 0.000 0.00 0.00
1475716660148 68 0 1 196.000 0.000 0.00 0.00
1475716660148 69 0 1 196.000 0.000 0.00 0.00
1475716660149 70 0 1 196.000 0.000 0.00 0.00
1475716660149 71 0 1 196.000 0.000 0.00 0.00
1475716660153 72 0 1 196.000 0.000 0.00 0.00
1475716660157 73 0 1 196.000 0.000 0.00 0.00
1475716660157 74 0 1 196.000 0.000 0.00 0.00
1475716660157 75 0 1 196.000 0.000 0.00 0.00
1475716660157 76 0 1 196.000 0.000 0.00 0.00
1475716660158 77 0 1 196.000 0.000 0.00 0.00
1475716660158 78 0 1 196.000 0.000 0.00 0.00
1475716660158 79 0 1 196.000 0.000 0.00 0.00
1475716660159 80 0 1 196.000 0.000 0.00 0.00
1475716660159 81 0 1 196.000 0.000 0.00 0.00
1475716660159 82 0 1 196.000 0.000 0.00 0.00
1475716660159 83 0 1 196.000 0.000 0.00 0.00
1475716660160 84 0 1 196.000 0.000 0.00 0.00
1475716660160 85 0 1 196.000 0.000 0.00 0.00
1475716660160 86 0 1 196.000 0.000 0.00 0.00
1475716660160 87 0 1 196.000 0.000 0.00 0.00
1475716660161 88 0 1 196.000 0.000 0.00 0.00
1475716660161 89 0 1 196.000 0.000 0.00 0.00
1475716660161 90 0 1 196.000 0.000 0.00 0.00
1475716660165 91 0 1 196.000 0.000 0.00 0.00
1475716660165 92 0 1 196.000 0.000 0.00 0.00
1475716660166 93 0 1 196.000 0.000 0.00 0.00
1475716660166 94 0 1 196.000 0.000 0.00 0.00
1475716660166 95 0 1 196.000 0.000 0.00 0.00
1475716660169 96 0 1 196.000 0.000 0.00 0.00
1475716660169 97 0 1 196.000 0.000 0.00 0.00
1475716660169 98 0 1 196.000 0.000 0.00 0.00
1475716660170 99 0 1 196.000 0.000 0.00 0.00
1475716660170 100 0 1 196.000 0.000 0.00 0.00
1475716660170 101 0 1 196.000 0.000 0.00 0.00
1475716660170 102 0 1 196.000 0.000 0.00 0.00
1475716660171 103 0 1 196.000 0.000 0.00 0.00
1475716660171 104 0 1 196.000 0.000 0.00 0.00
1475716660171 105 0 1 196.000 0.000 0.00 0.00
1475716660171 106 0 1 196.000 0.000 0.00 0.00
1475716660172 107 0 1 196.000 0.000 0.00 0.00
1475716660172 108 0 1 196.000 0.000 0.00 0.00
1475716660172 109 0 1 196.000 0.000 0.00 0.00
1475716660187 110 0 1 196.000 0.000 0.00 0.00
1475716660187 111 0 1 196.000 0.000 0.00 0.00
1475716660187 112 0 1 196.000 0.000 0.00 0.00
1475716660188 113 0 1 196.000 0.000 0.00 0.00
1475716660188 114 0 1 196.000 0.000 0.00 0.00
1475716660188 115 0 1 196.000 0.000 0.00 0.00
1475716660189 116 0 1 196.000 0.000 0.00 0.00
1475716660189 117 0 1 196.000 0.000 0.00 0.00
1475716660189 118 0 1 196.000 0.000 0.00 0.00
1475716660189 119 0 1 196.000 0.000 0.00 0.00
1475716660190 120 0 1 196.000 0.000 0.00 0.00
1475716660190 121 0 1 196.000 0.000 0.00 0.00
1475716660190 122 0 1 196.000 0.000 0.00 0.00
1475716660190 123 0 1 196.000 0.000 0.00 0.00
1475716660191 124 0 1 196.000 0.000 0.00 0.00
1475716660191 125 0 1 196.000 0.000 0.00 0.00
1475716660191 126 0 1 196.000 0.000 0.00 0.00
1475716660192 127 0 1 196.000 0.000 0.00 0.00
1475716660192 128 0 1 196.000 0.000 0.00 0.00
1475716660192 129 0 1 196.000 0.000 0.00 0.00
1475716660192 130 0 1 196.000 0.000 0.00 0.00
1475716660196 131 0 1 196.000 0.000 0.00 0.00
1475716660197 132 0 1 196.000 0.000 0.00 0.00
1475716660197 133 0 1 196.000 0.000 0.00 0.00
1475716660197 134 0 1 196.000 0.000 0.00 0.00
1475716660197 135 0 1 196.000 0.000 0.00 0.00
1475716660198 136 0 1 196.000 0.000 0.00 0.00
1475716660198 137 0 1 196.000 0.000 0.00 0.00
1475716660198 138 0 1 196.000 0.000 0.00 0.00
1475716660199 139 0 1 196.000 0.000 0.00 0.00
1475716660199 140 0 1 196.000 0.000 0.00 0.00
1475716660199 141 0 1 196.000 0.000 0.00 0.00
1475716660199 142 0 1 196.000 0.000 0.00 0.00
1475716660200 143 0 1 196.000 0.000 0.00 0.00
1475716660200 144 0 1 196.000 0.000 0.00 0.00
1475716660200 145 0 1 196.000 0.000 0.00 0.00
1475716660200 146 0 1 196.000 0.000 0.00 0.00
1475716660201 147 0 1 196.000 0.000 0.00 0.00
1475716660201 148 0 1 196.000 0.000 0.00 0.00
1475716660201 149 0 1 196.000 0.000 0.00 0.00
1475716660201 150 0 1 196.000 0.000 0.00 0.00
1475716660202 151 0 1 196.000 0.000 0.00 0.00
1475716660202 152 0 1 196.000 0.000 0.00 0.00
1475716660207 153 0 1 196.000 0.000 0.00 0.00
1475716660207 154 0 1 196.000 0.000 0.00 0.00
1475716660208 155 0 1 196.000 0.000 0.00 0.00
1475716660212 156 0 1 196.000 0.000 0.00 0.00
1475716660212 157 0 1 196.000 0.000 0.00 0.00
1475716660213 158 0 1 196.000 0.000 0.00 0.00
1475716660216 159 0 1 196.000 0.000 0.00 0.00
1475716660216 160 0 1 196.000 0.000 0.00 0.00
1475716660216 161 0 1 196.000 0.000 0.00 0.00
1475716660217 162 0 1 196.000 0.000 0.00 0.00
1475716660217 163 0 1 196.000 0.000 0.00 0.00
1475716660217 164 0 1 196.000 0.000 0.00 0.00
1475716660217 165 0 1 196.000 0.000 0.00 0.00
1475716660218 166 0 1 196.000 0.000 0.00 0.00
1475716660218 167 0 1 196.000 0.000 0.00 0.00
1475716660218 168 0 1 196.000 0.000 0.00 0.00
1475716660219 169 0 1 196.000 0.000 0.00 0.00
1475716660219 170 0 1 196.000 0.000 0.00 0.00
1475716660219 171 0 1 196.000 0.000 0.00 0.00
1475716660219 172 0 1 196.000 0.000 0.00 0.00
1475716660220 173 0 1 196.000 0.000 0.00 0.00
1475716660220 174 0 1 196.000 0.000 0.00 0.00
1475716660220 175 0 1 196.000 0.000 0.00 0.00
1475716660220 176 0 1 196.000 0.000 0.00 0.00
1475716660223 177 0 1 196.000 0.000 0.00 0.00
1475716660224 178 0 1 196.000 0.000 0.00 0.00
1475716660224 179 0 1 196.000 0.000 0.00 0.00
1475716660228 180 0 1 196.000 0.000 0.00 0.00
1475716660228 181 0 1 196.000 0.000 0.00 0.00
1475716660228 182 0 1 196.000 0.000 0.00 0.00
1475716660228 183 0 1 196.000 0.000 0.00 0.00
1475716660229 184 0 1 196.000 0.000 0.00 0.00
1475716660229 185 0 1 196.000 0.000 0.00 0.00
1475716660229 186 0 1 196.000 0.000 0.00 0.00
1475716660230 187 0 1 196.000 0.000 0.00 0.00
1475716660230 188 0 1 196.000 0.000 0.00 0.00
1475716660230 189 0 1 196.000 0.000 0.00 0.00
1475716660230 190 0 1 196.000 0.000 0.00 0.00
1475716660231 191 0 1 196.000 0.000 0.00 0.00
1475716660231 192 0 1 196.000 0.000 0.00 0.00
1475716660231 193 0 1 196.000 0.000 0.00 0.00
1475716660235 194 0 1 196.000 0.000 0.00 0.00
1475716660236 195 0 1 196.000 0.000 0.00 0.00
1475716660236 196 0 1 196.000 0.000 0.00 0.00
1475716660236 197 0 1 196.000 0.000 0.00 0.00
1475716660236 198 0 1 196.000 0.000 0.00 0.00
1475716660237 199 0 1 196.000 0.000 0.00 0.00
1475716660238 200 0 1 196.000 0.000 0.00 0.00
1475716660238 201 0 1 196.000 0.000 0.00 0.00
1475716660238 202 0 1 196.000 0.000 0.00 0.00
1475716660238 203 0 1 196.000 0.000 0.00 0.00
1475716660241 204 0 1 196.000 0.000 0.00 0.00
1475716660242 205 0 1 196.000 0.000 0.00 0.00
1475716660242 206 0 1 196.000 0.000 0.00 0.00
1475716660242 207 0 1 196.000 0.000 0.00 0.00
1475716660242 208 0 1 196.000 0.000 0.00 0.00
1475716660243 209 0 1 196.000 0.000 0.00 0.00
1475716660243 210 0 1 196.000 0.000 0.00 0.00
1475716660243 211 0 1 196.000 0.000 0.00 0.00
1475716660243 212 0 1 196.000 0.000 0.00 0.00
1475716660244 213 0 1 196.000 0.000 0.00 0.00
1475716660244 214 0 1 196.000 0.000 0.00 0.00
1475716660244 215 0 1 196.000 0.000 0.00 0.00
1475716660244 216 0 1 196.000 0.000 0.00 0.00
1475716660245 217 0 1 196.000 0.000 0.00 0.00
1475716660245 218 0 1 196.000 0.000 0.00 0.00
1475716660248 219 0 1 196.000 0.000 0.00 0.00
1475716660281 220 0 1 196.000 0.000 0.00 0.00
1475716660282 221 0 1 196.000 0.000 0.00 0.00
1475716660282 222 0 1 196.000 0.000 0.00 0.00
1475716660282 223 0 1 196.000 0.000 0.00 0.00
1475716660283 224 0 1 196.000 0.000 0.00 0.00
1475716660283 225 0 1 196.000 0.000 0.00 0.00
1475716660283 226 0 1 196.000 0.000 0.00 0.00
1475716660283 227 0 1 196.000 0.000 0.00 0.00
1475716660284 228 0 1 196.000 0.000 0.00 0.00
1475716660284 229 0 1 196.000 0.000 0.00 0.00
1475716660284 230 0 1 196.000 0.000 0.00 0.00
1475716660284 231 0 1 196.000 0.000 0.00 0.00
1475716660285 232 0 1 196.000 0.000 0.00 0.00
1475716660285 233 0 1 196.000 0.000 0.00 0.00
1475716660285 234 0 1 196.000 0.000 0.00 0.00
1475716660285 235 0 1 196.000 0.000 0.00 0.00
1475716660286 236 0 1 196.000 0.000 0.00 0.00
1475716660286 237 0 1 196.000 0.000 0.00 0.00
1475716660286 238 0 1 196.000 0.000 0.00 0.00
1475716660287 239 0 1 196.000 0.000 0.00 0.00
1475716660288 240 0 1 196.000 0.000 0.00 0.00
1475716660289 241 0 1 196.000 0.000 0.00 0.00
1475716660289 242 0 1 196.000 0.000 0.00 0.00
1475716660289 243 0 1 196.000 0.000 0.00 0.00
1475716660289 244 0 1 196.000 0.000 0.00 0.00
1475716660290 245 0 1 196.000 0.000 0.00 0.00
1475716660290 246 0 1 196.000 0.000 0.00 0.00
1475716660290 247 0 1 196.000 0.000 0.00 0.00
1475716660290 248 0 1 196.000 0.000 0.00 0.00
1475716660294 249 0 1 196.000 0.000 0.00 0.00
1475716660294 250 0 1 196.000 0.000 0.00 0.00
1475716660294 251 0 1 196.000 0.000 0.00 0.00
1475716660295 252 0 1 196.000 0.000 0.00 0.00
1475716660295 253 0 1 196.000 0.000 0.00 0.00
1475716660295 254 0 1 196.000 0.000 0.00 0.00
1475716660295 255 0 1 196.000 0.000 0.00 0.00
1475716660296 256 0 1 196.000 0.000 0.00 0.00
1475716660296 257 0 1 196.000 0.000 0.00 0.00
1475716660296 258 0 1 196.000 0.000 0.00 0.00
1475716660297 259 0 1 196.000 0.000 0.00 0.00
1475716660297 260 0 1 196.000 0.000 0.00 0.00
1475716660297 261 0 1 196.000 0.000 0.00 0.00
1475716660297 262 0 1 196.000 0.000 0.00 0.00
1475716660298 263 0 1 196.000 0.000 0.00 0.00
1475716660298 264 0 1 196.000 0.000 0.00 0.00
1475716660298 265 0 1 196.000 0.000 0.00 0.00
1475716660298 266 0 1 196.000 0.000 0.00 0.00
1475716660299 267 0 1 196.000 0.000 0.00 0.00
1475716660299 268 0 1 196.000 0.000 0.00 0.00
1475716660299 269 0 1 196.000 0.000 0.00 0.00
1475716660304 270 0 1 196.000 0.000 0.00 0.00
1475716660304 271 0 1 196.000 0.000 0.00 0.00
1475716660304 272 0 1 196.000 0.000 0.00 0.00
1475716660305 273 0 1 196.000 0.000 0.00 0.00
1475716660305 274 0 1 196.000 0.000 0.00 0.00
1475716660327 275 0 1 196.000 0.000 0.00 0.00
1475716660327 276 0 1 196.000 0.000 0.00 0.00
1475716660328 277 0 1 196.000 0.000 0.00 0.00
1475716660328 278 0 1 196.000 0.000 0.00 0.00
1475716660328 279 0 1 196.000 0.000 0.00 0.00
1475716660328 280 0 1 196.000 0.000 0.00 0.00
1475716660329 281 0 1 196.000 0.000 0.00 0.00
1475716660329 282 0 1 196.000 0.000 0.00 0.00
1475716660329 283 0 1 196.000 0.000 0.00 0.00
1475716660330 284 0 1 196.000 0.000 0.00 0.00
1475716660330 285 0 1 196.000 0.000 0.00 0.00
1475716660330 286 0 1 196.000 0.000 0.00 0.00
1475716660330 287 0 1 196.000 0.000 0.00 0.00
1475716660331 288 0 1 196.000 0.000 0.00 0.00
1475716660331 289 0 1 196.000 0.000 0.00 0.00
1475716660331 290 0 1 196.000 0.000 0.00 0.00
1475716660332 291 0 1 196.000 0.000 0.00 0.00
1475716660332 292 0 1 196.000 0.000 0.00 0.00
1475716660332 293 0 1 196.000 0.000 0.00 0.00
1475716660332 294 0 1 196.000 0.000 0.00 0.00
1475716660333 295 0 1 196.000 0.000 0.00 0.00
1475716660333 296 0 1 196.000 0.000 0.00 0.00
1475716660333 297 0 1 196.000 0.000 0.00 0.00
1475716660334 298 0 1 196.000 0.000 0.00 0.00
1475716660334 299 0 1 196.000 0.000 0.00 0.00
1475716660334 300 0 1 196.000 0.000 0.00 0.00
1475716660335 301 0 1 196.000 0.000 0.00 0.00
1475716660335 302 0 1 196.000 0.000 0.00 0.00
1475716660335 303 0 1 196.000 0.000 0.00 0.00
1475716660335 304 0 1 196.000 0.000 0.00 0.00
1475716660336 305 0 1 196.000 0.000 0.00 0.00
1475716660336 306 0 1 196.000 0.000 0.00 0.00
1475716660336 307 0 1 196.000 0.000 0.00 0.00
1475716660336 308 0 1 196.000 0.000 0.00 0.00
1475716660337 309 0 1 196.000 0.000 0.00 0.00
1475716660337 310 0 1 196.000 0.000 0.00 0.00
1475716660337 311 0 1 196.000 0.000 0.00 0.00
1475716660337 312 0 1 196.000 0.000 0.00 0.00
1475716660338 313 0 1 196.000 0.000 0.00 0.00
1475716660338 314 0 1 196.000 0.000 0.00 0.00
1475716660338 315 0 1 196.000 0.000 0.00 0.00
1475716660339 316 0 1 196.000 0.000 0.00 0.00
1475716660339 317 0 1 196.000 0.000 0.00 0.00
1475716660339 318 0 1 196.000 0.000 0.00 0.00
1475716660343 319 0 1 196.000 0.000 0.00 0.00
1475716660343 320 0 1 196.000 0.000 0.00 0.00
1475716660343 321 0 1 196.000 0.000 0.00 0.00
1475716660344 322 0 1 196.000 0.000 0.00 0.00
1475716660344 323 0 1 196.000 0.000 0.00 0.00
1475716660344 324 0 1 196.000 0.000 0.00 0.00
1475716660345 325 0 1 196.000 0.000 0.00 0.00
1475716660345 326 0 1 196.000 0.000 0.00 0.00
1475716660345 327 0 1 196.000 0.000 0.00 0.00
1475716660345 328 0 1 196.000 0.000 0.00 0.00
1475716660346 329 0 1 196.000 0.000 0.00 0.00
1475716660346 330 0 1 196.000 0.000 0.00 0.00
1475716660346 331 0 1 196.000 0.000 0.00 0.00
1475716660355 332 0 1 196.000 0.000 0.00 0.00
1475716660358 333 0 1 196.000 0.000 0.00 0.00
1475716660359 334 0 1 196.000 0.000 0.00 0.00
1475716660359 335 0 1 196.000 0.000 0.00 0.00
1475716660359 336 0 1 196.000 0.000 0.00 0.00
1475716660360 337 0 1 196.000 0.000 0.00 0.00
1475716660360 338 0 1 196.000 0.000 0.00 0.00
1475716660360 339 0 1 196.000 0.000 0.00 0.00
1475716660360 340 0 1 196.000 0.000 0.00 0.00
1475716660361 341 0 1 196.000 0.000 0.00 0.00
1475716660361 342 0 1 196.000 0.000 0.00 0.00
1475716660361 343 0 1 196.000 0.000 0.00 0.00
1475716660361 344 0 1 196.000 0.000 0.00 0.00
1475716660362 345 0 1 196.000 0.000 0.00 0.00
1475716660362 346 0 1 196.000 0.000 0.00 0.00
1475716660362 347 0 1 196.000 0.000 0.00 0.00
1475716660363 348 0 1 196.000 0.000 0.00 0.00
1475716660363 349 0 1 196.000 0.000 0.00 0.00
1475716660363 350 0 1 196.000 0.000 0.00 0.00
1475716660363 351 0 1 196.000 0.000 0.00 0.00
1475716660364 352 0 1 196.000 0.000 0.00 0.00
1475716660364 353 0 1 196.000 0.000 0.00 0.00
1475716660365 354 0 1 196.000 0.000 0.00 0.00
1475716660365 355 0 1 196.000 0.000 0.00 0.00
1475716660370 356 0 1 196.000 0.000 0.00 0.00
1475716660370 357 0 1 196.000 0.000 0.00 0.00
1475716660370 358 0 1 196.000 0.000 0.00 0.00
1475716660371 359 0 1 196.000 0.000 0.00 0.00
1475716660371 360 0 1 196.000 0.000 0.00 0.00
1475716660371 361 0 1 196.000 0.000 0.00 0.00
1475716660371 362 0 1 196.000 0.000 0.00 0.00
1475716660372 363 0 1 196.000 0.000 0.00 0.00
1475716660372 364 0 1 196.000 0.000 0.00 0.00
1475716660372 365 0 1 196.000 0.000 0.00 0.00
1475716660372 366 0 1 196.000 0.000 0.00 0.00
1475716660373 367 0 1 196.000 0.000 0.00 0.00
1475716660373 368 0 1 196.000 0.000 0.00 0.00
1475716660373 369 0 1 196.000 0.000 0.00 0.00
1475716660374 370 0 1 196.000 0.000 0.00 0.00
1475716660374 371 0 1 196.000 0.000 0.00 0.00
1475716660374 372 0 1 196.000 0.000 0.00 0.00
1475716660374 373 0 1 196.000 0.000 0.00 0.00
1475716660375 374 0 1 196.000 0.000 0.00 0.00
1475716660375 375 0 1 196.000 0.000 0.00 0.00
1475716660375 376 0 1 196.000 0.000 0.00 0.00
1475716660375 377 0 1 196.000 0.000 0.00 0.00
1475716660376 378 0 1 196.000 0.000 0.00 0.00
1475716660376 379 0 1 196.000 0.000 0.00 0.00
1475716660376 380 0 1 196.000 0.000 0.00 0.00
1475716660376 381 0 1 196.000 0.000 0.00 0.00
1475716660377 382 0 1 196.000 0.000 0.00 0.00
1475716660377 383 0 1 196.000 0.000 0.00 0.00
1475716660377 384 0 1 196.000 0.000 0.00 0.00
1475716660377 385 0 1 196.000 0.000 0.00 0.00
1475716660380 386 0 1 196.000 0.000 0.00 0.00
1475716660415 387 0 1 196.000 0.000 0.00 0.00
1475716660416 388 0 1 196.000 0.000 0.00 0.00
1475716660419 389 0 1 196.000 0.000 0.00 0.00
1475716660419 390 0 1 196.000 0.000 0.00 0.00
1475716660419 391 0 1 196.000 0.000 0.00 0.00
1475716660420 392 0 1 196.000 0.000 0.00 0.00
1475716660420 393 0 1 196.000 0.000 0.00 0.00
1475716660420 394 0 1 196.000 0.000 0.00 0.00
1475716660421 395 0 1 196.000 0.000 0.00 0.00
1475716660421 396 0 1 196.000 0.000 0.00 0.00
1475716660421 397 0 1 196.000 0.000 0.00 0.00
1475716660421 398 0 1 196.000 0.000 0.00 0.00
1475716660422 399 0 1 196.000 0.000 0.00 0.00
1475716660422 400 0 1 196.000 0.000 0.00 0.00
1475716660422 401 0 1 196.000 0.000 0.00 0.00
1475716660422 402 0 1 196.000 0.000 0.00 0.00
1475716660423 403 0 1 196.000 0.000 0.00 0.00
1475716660423 404 0 1 196.000 0.000 0.00 0.00
1475716660423 405 0 1 196.000 0.000 0.00 0.00
1475716660423 406 0 1 196.000 0.000 0.00 0.00
1475716660430 407 0 1 196.000 0.000 0.00 0.00
1475716660431 408 0 1 196.000 0.000 0.00 0.00
1475716660431 409 0 1 196.000 0.000 0.00 0.00
1475716660431 410 0 1 196.000 0.000 0.00 0.00
1475716660431 411 0 1 196.000 0.000 0.00 0.00
1475716660432 412 0 1 196.000 0.000 0.00 0.00
1475716660432 413 0 1 196.000 0.000 0.00 0.00
1475716660432 414 0 1 196.000 0.000 0.00 0.00
1475716660433 415 0 1 196.000 0.000 0.00 0.00
1475716660433 416 0 1 196.000 0.000 0.00 0.00
1475716660433 417 0 1 196.000 0.000 0.00 0.00
1475716660433 418 0 1 196.000 0.000 0.00 0.00
1475716660434 419 0 1 196.000 0.000 0.00 0.00
1475716660434 420 0 1 196.000 0.000 0.00 0.00
1475716660434 421 0 1 196.000 0.000 0.00 0.00
1475716660434 422 0 1 196.000 0.000 0.00 0.00
1475716660435 423 0 1 196.000 0.000 0.00 0.00
1475716660435 424 0 1 196.000 0.000 0.00 0.00
1475716660435 425 0 1 196.000 0.000 0.00 0.00
1475716660438 426 0 1 196.000 0.000 0.00 0.00
1475716660439 427 0 1 196.000 0.000 0.00 0.00
1475716660439 428 0 1 196.000 0.000 0.00 0.00
1475716660440 429 0 1 196.000 0.000 0.00 0.00
1475716660441 430 0 1 196.000 0.000 0.00 0.00
1475716660441 431 0 1 196.000 0.000 0.00 0.00
1475716660441 432 0 1 196.000 0.000 0.00 0.00
1475716660441 433 0 1 196.000 0.000 0.00 0.00
1475716660442 434 0 1 196.000 0.000 0.00 0.00
1475716660444 435 0 1 196.000 0.000 0.00 0.00
1475716660444 436 0 1 196.000 0.000 0.00 0.00
1475716660445 437 0 1 196.000 0.000 0.00 0.00
1475716660445 438 0 1 196.000 0.000 0.00 0.00
1475716660445 439 0 1 196.000 0.000 0.00 0.00
1475716660445 440 0 1 196.000 0.000 0.00 0.00
1475716660446 441 0 1 196.000 0.000 0.00 0.00
1475716660476 442 0 1 196.000 0.000 0.00 0.00
1475716660476 443 0 2 196.000 0.000 0.00 0.00
1475716660476 444 0 2 196.000 0.000 0.00 0.00
1475716660477 445 0 2 196.000 0.000 0.00 0.00
1475716660477 446 0 2 196.000 0.000 0.00 0.00
1475716660477 447 0 2 196.000 0.000 0.00 0.00
1475716660478 448 0 2 196.000 0.000 0.00 0.00
1475716660478 449 0 2 196.000 0.000 0.00 0.00
1475716660478 450 0 2 196.000 0.000 0.00 0.00
1475716660479 451 0 2 196.000 0.000 0.00 0.00
1475716660479 452 0 2 196.000 0.000 0.00 0.00
1475716660479 453 0 2 196.000 0.000 0.00 0.00
1475716660479 454 0 2 196.000 0.000 0.00 0.00
1475716660480 455 0 2 196.000 0.000 0.00 0.00
1475716660480 456 0 2 196.000 0.000 0.00 0.00
1475716660480 457 0 2 196.000 0.000 0.00 0.00
1475716660480 458 0 2 196.000 0.000 0.00 0.00
1475716660481 459 0 2 196.000 0.000 0.00 0.00
1475716660485 460 0 2 196.000 0.000 0.00 0.00
1475716660485 461 0 2 196.000 0.000 0.00 0.00
1475716660486 462 0 2 196.000 0.000 0.00 0.00
1475716660486 463 0 2 196.000 0.000 0.00 0.00
1475716660486 464 0 2 196.000 0.000 0.00 0.00
1475716660487 465 0 2 196.000 0.000 0.00 0.00
1475716660487 466 0 2 196.000 0.000 0.00 0.00
1475716660487 467 0 2 196.000 0.000 0.00 0.00
1475716660487 468 0 2 196.000 0.000 0.00 0.00
1475716660488 469 0 2 196.000 0.000 0.00 0.00
1475716660488 470 0 2 196.000 0.000 0.00 0.00
1475716660488 471 0 2 196.000 0.000 0.00 0.00
1475716660489 472 0 2 196.000 0.000 0.00 0.00
1475716660489 473 0 2 196.000 0.000 0.00 0.00
1475716660489 474 0 2 196.000 0.000 0.00 0.00
1475716660489 475 0 2 196.000 0.000 0.00 0.00
1475716660490 476 0 2 196.000 0.000 0.00 0.00
1475716660490 477 0 2 196.000 0.000 0.00 0.00
1475716660490 478 0 2 196.000 0.000 0.00 0.00
1475716660491 479 0 2 196.000 0.000 0.00 0.00
1475716660491 480 0 2 196.000 0.000 0.00 0.00
1475716660491 481 0 2 196.000 0.000 0.00 0.00
1475716660491 482 0 2 196.000 0.000 0.00 0.00
1475716660492 483 0 2 196.000 0.000 0.00 0.00
1475716660492 484 0 2 196.000 0.000 0.00 0.00
1475716660492 485 0 2 196.000 0.000 0.00 0.00
1475716660495 486 0 2 196.000 0.000 0.00 0.00
1475716660495 487 0 2 196.000 0.000 0.00 0.00
1475716660496 488 0 2 196.000 0.000 0.00 0.00
1475716660496 489 0 2 196.000 0.000 0.00 0.00
1475716660496 490 0 2 196.000 0.000 0.00 0.00
1475716660499 491 0 2 196.000 0.000 0.00 0.00
1475716660499 492 0 2 196.000 0.000 0.00 0.00
1475716660500 493 0 2 196.000 0.000 0.00 0.00
1475716660500 494 0 2 196.000 0.000 0.00 0.00
1475716660500 495 0 2 196.000 0.000 0.00 0.00
1475716660501 496 0 2 196.000 0.000 0.00 0.00
1475716660501 497 0 2 196.000 0.000 0.00 0.00
1475716660501 498 0 2 196.000 0.000 0.00 0.00
1475716660501 499 0 2 196.000 0.000 0.00 0.00
1475716660502 500 0 2 196.000 0.000 0.00 0.00
1475716660505 501 0 2 196.000 0.000 0.00 0.00
1475716660505 502 0 2 196.000 0.000 0.00 0.00
1475716660505 503 0 2 196.000 0.000 0.00 0.00
1475716660505 504 0 2 196.000 0.000 0.00 0.00
1475716660506 505 0 2 196.000 0.000 0.00 0.00
1475716660506 506 0 2 196.000 0.000 0.00 0.00
1475716660509 507 0 2 196.000 0.000 0.00 0.00
1475716660509 508 0 2 196.000 0.000 0.00 0.00
1475716660509 509 0 2 196.000 0.000 0.00 0.00
1475716660510 510 0 2 196.000 0.000 0.00 0.00
1475716660510 511 0 2 196.000 0.000 0.00 0.00
1475716660510 512 0 2 196.000 0.000 0.00 0.00
1475716660511 513 0 2 196.000 0.000 0.00 0.00
1475716660511 514 0 2 196.000 0.000 0.00 0.00
1475716660511 515 0 2 196.000 0.000 0.00 0.00
1475716660512 516 0 2 196.000 0.000 0.00 0.00
1475716660514 517 0 2 196.000 0.000 0.00 0.00
1475716660515 518 0 2 196.000 0.000 0.00 0.00
1475716660515 519 0 2 196.000 0.000 0.00 0.00
1475716660515 520 0 2 196.000 0.000 0.00 0.00
1475716660516 521 0 2 196.000 0.000 0.00 0.00
1475716660519 522 0 2 196.000 0.000 0.00 0.00
1475716660519 523 0 2 196.000 0.000 0.00 0.00
1475716660519 524 0 2 196.000 0.000 0.00 0.00
1475716660520 525 0 2 196.000 0.000 0.00 0.00
1475716660520 526 0 2 196.000 0.000 0.00 0.00
1475716660520 527 0 2 196.000 0.000 0.00 0.00
1475716660520 528 0 2 196.000 0.000 0.00 0.00
1475716660521 529 0 2 196.000 0.000 0.00 0.00
1475716660521 530 0 2 196.000 0.000 0.00 0.00
1475716660521 531 0 2 196.000 0.000 0.00 0.00
1475716660522 532 0 2 196.000 0.000 0.00 0.00
1475716660524 533 0 2 196.000 0.000 0.00 0.00
1475716660525 534 0 2 196.000 0.000 0.00 0.00
1475716660525 535 0 2 196.000 0.000 0.00 0.00
1475716660525 536 0 2 196.000 0.000 0.00 0.00
1475716660525 537 0 2 196.000 0.000 0.00 0.00
1475716660528 538 0 2 196.000 0.000 0.00 0.00
1475716660529 539 0 2 196.000 0.000 0.00 0.00
1475716660558 540 0 2 196.000 0.000 0.00 0.00
1475716660558 541 0 2 196.000 0.000 0.00 0.00
1475716660558 542 0 2 196.000 0.000 0.00 0.00
1475716660559 543 0 2 196.000 0.000 0.00 0.00
1475716660559 544 0 2 196.000 0.000 0.00 0.00
1475716660559 545 0 2 196.000 0.000 0.00 0.00
1475716660560 546 0 2 196.000 0.000 0.00 0.00
1475716660560 547 0 2 196.000 0.000 0.00 0.00
1475716660560 548 0 2 196.000 0.000 0.00 0.00
1475716660560 549 0 2 196.000 0.000 0.00 0.00
1475716660561 550 0 2 196.000 0.000 0.00 0.00
1475716660562 551 0 2 196.000 0.000 0.00 0.00
1475716660562 552 0 2 196.000 0.000 0.00 0.00
1475716660563 553 0 2 196.000 0.000 0.00 0.00
1475716660563 554 0 2 196.000 0.000 0.00 0.00
1475716660563 555 0 2 196.000 0.000 0.00 0.00
1475716660563 556 0 2 196.000 0.000 0.00 0.00
1475716660567 557 0 2 196.000 0.000 0.00 0.00
1475716660568 558 0 2 196.000 0.000 0.00 0.00
1475716660568 559 0 2 196.000 0.000 0.00 0.00
1475716660571 560 0 2 196.000 0.000 0.00 0.00
1475716660572 561 0 2 196.000 0.000 0.00 0.00
1475716660572 562 0 2 196.000 0.000 0.00 0.00
1475716660572 563 0 2 196.000 0.000 0.00 0.00
1475716660573 564 0 2 196.000 0.000 0.00 0.00
1475716660573 565 0 2 196.000 0.000 0.00 0.00
1475716660573 566 0 2 196.000 0.000 0.00 0.00
1475716660573 567 0 2 196.000 0.000 0.00 0.00
1475716660574 568 0 2 196.000 0.000 0.00 0.00
1475716660574 569 0 2 196.000 0.000 0.00 0.00
1475716660574 570 0 2 196.000 0.000 0.00 0.00
1475716660574 571 0 2 196.000 0.000 0.00 0.00
1475716660575 572 0 2 196.000 0.000 0.00 0.00
1475716660575 573 0 2 196.000 0.000 0.00 0.00
1475716660575 574 0 2 196.000 0.000 0.00 0.00
1475716660575 575 0 2 196.000 0.000 0.00 0.00
1475716660576 576 0 2 196.000 0.000 0.00 0.00
1475716660576 577 0 2 196.000 0.000 0.00 0.00
1475716660576 578 0 2 196.000 0.000 0.00 0.00
1475716660577 579 0 2 196.000 0.000 0.00 0.00
1475716660579 580 0 2 196.000 0.000 0.00 0.00
1475716660582 581 0 2 196.000 0.000 0.00 0.00
1475716660583 582 0 2 196.000 0.000 0.00 0.00
1475716660583 583 0 2 196.000 0.000 0.00 0.00
1475716660583 584 0 2 196.000 0.000 0.00 0.00
1475716660584 585 0 2 196.000 0.000 0.00 0.00
1475716660584 586 0 2 196.000 0.000 0.00 0.00
1475716660584 587 0 2 196.000 0.000 0.00 0.00
1475716660584 588 0 2 196.000 0.000 0.00 0.00
1475716660585 589 0 2 196.000 0.000 0.00 0.00
1475716660585 590 0 2 196.000 0.000 0.00 0.00
1475716660585 591 0 2 196.000 0.000 0.00 0.00
1475716660585 592 0 2 196.000 0.000 0.00 0.00
1475716660589 593 0 2 196.000 0.000 0.00 0.00
1475716660589 594 0 2 196.000 0.000 0.00 0.00
1475716660590 595 0 2 196.000 0.000 0.00 0.00
1475716660590 596 0 2 196.000 0.000 0.00 0.00
1475716660616 597 0 2 196.000 0.000 0.00 0.00
1475716660617 598 0 2 196.000 0.000 0.00 0.00
1475716660617 599 0 2 196.000 0.000 0.00 0.00
1475716660617 600 0 2 196.000 0.000 0.00 0.00
1475716660618 601 0 2 196.000 0.000 0.00 0.00
1475716660618 602 0 2 196.000 0.000 0.00 0.00
1475716660619 603 0 2 196.000 0.000 0.00 0.00
1475716660619 604 0 2 196.000 0.000 0.00 0.00
1475716660619 605 0 2 196.000 0.000 0.00 0.00
1475716660619 606 0 2 196.000 0.000 0.00 0.00
1475716660620 607 0 2 196.000 0.000 0.00 0.00
1475716660620 608 0 2 196.000 0.000 0.00 0.00
1475716660623 609 0 2 196.000 0.000 0.00 0.00
1475716660623 610 0 2 196.000 0.000 0.00 0.00
1475716660623 611 0 2 196.000 0.000 0.00 0.00
1475716660624 612 0 2 196.000 0.000 0.00 0.00
1475716660624 613 0 2 196.000 0.000 0.00 0.00
1475716660624 614 0 2 196.000 0.000 0.00 0.00
1475716660624 615 0 2 196.000 0.000 0.00 0.00
1475716660628 616 0 2 196.000 0.000 0.00 0.00
1475716660628 617 0 2 196.000 0.000 0.00 0.00
1475716660629 618 0 2 196.000 0.000 0.00 0.00
1475716660629 619 0 2 196.000 0.000 0.00 0.00
1475716660629 620 0 2 196.000 0.000 0.00 0.00
1475716660629 621 0 2 196.000 0.000 0.00 0.00
1475716660630 622 0 2 196.000 0.000 0.00 0.00
1475716660633 623 0 2 196.000 0.000 0.00 0.00
1475716660634 624 0 2 196.000 0.000 0.00 0.00
1475716660634 625 0 2 196.000 0.000 0.00 0.00
1475716660634 626 0 2 196.000 0.000 0.00 0.00
1475716660634 627 0 2 196.000 0.000 0.00 0.00
1475716660635 628 0 2 196.000 0.000 0.00 0.00
1475716660635 629 0 2 196.000 0.000 0.00 0.00
1475716660635 630 0 2 196.000 0.000 0.00 0.00
1475716660636 631 0 2 196.000 0.000 0.00 0.00
1475716660636 632 0 2 196.000 0.000 0.00 0.00
1475716660636 633 0 2 196.000 0.000 0.00 0.00
1475716660636 634 0 2 196.000 0.000 0.00 0.00
1475716660638 635 0 2 196.000 0.000 0.00 0.00
1475716660638 636 0 2 196.000 0.000 0.00 0.00
1475716660639 637 0 2 196.000 0.000 0.00 0.00
1475716660639 638 0 2 196.000 0.000 0.00 0.00
1475716660643 639 0 2 196.000 0.000 0.00 0.00
1475716660643 640 0 2 196.000 0.000 0.00 0.00
1475716660644 641 0 2 196.000 0.000 0.00 0.00
1475716660644 642 0 2 196.000 0.000 0.00 0.00
1475716660644 643 0 2 196.000 0.000 0.00 0.00
1475716660644 644 0 2 196.000 0.000 0.00 0.00
1475716660645 645 0 2 196.000 0.000 0.00 0.00
1475716660645 646 0 2 196.000 0.000 0.00 0.00
1475716660649 647 0 2 196.000 0.000 0.00 0.00
1475716660649 648 0 2 196.000 0.000 0.00 0.00
1475716660650 649 0 2 196.000 0.000 0.00 0.00
1475716660650 650 0 2 196.000 0.000 0.00 0.00
1475716660650 651 0 2 196.000 0.000 0.00 0.00
1475716660651 652 0 2 196.000 0.000 0.00 0.00
1475716660651 653 0 2 196.000 0.000 0.00 0.00
1475716660654 654 0 2 196.000 0.000 0.00 0.00
1475716660654 655 0 2 196.000 0.000 0.00 0.00
1475716660654 656 0 2 196.000 0.000 0.00 0.00
1475716660654 657 0 2 196.000 0.000 0.00 0.00
1475716660655 658 0 2 196.000 0.000 0.00 0.00
1475716660655 659 0 2 196.000 0.000 0.00 0.00
1475716660655 660 0 2 196.000 0.000 0.00 0.00
1475716660655 661 0 2 196.000 0.000 0.00 0.00
1475716660656 662 0 2 196.000 0.000 0.00 0.00
1475716660656 663 0 2 196.000 0.000 0.00 0.00
1475716660656 664 0 2 196.000 0.000 0.00 0.00
1475716660657 665 0 2 196.000 0.000 0.00 0.00
1475716660657 666 0 2 196.000 0.000 0.00 0.00
1475716660657 667 0 2 196.000 0.000 0.00 0.00
1475716660661 668 0 2 196.000 0.000 0.00 0.00
1475716660661 669 0 2 196.000 0.000 0.00 0.00
1475716660662 670 0 2 196.000 0.000 0.00 0.00
1475716660662 671 0 2 196.000 0.000 0.00 0.00
1475716660664 672 0 2 196.000 0.000 0.00 0.00
1475716660664 673 0 2 196.000 0.000 0.00 0.00
1475716660664 674 0 2 196.000 0.000 0.00 0.00
1475716660664 675 0 2 196.000 0.000 0.00 0.00
1475716660665 676 0 2 196.000 0.000 0.00 0.00
1475716660665 677 0 2 196.000 0.000 0.00 0.00
1475716660665 678 0 2 196.000 0.000 0.00 0.00
1475716660665 679 0 2 196.000 0.000 0.00 0.00
1475716660669 680 0 2 196.000 0.000 0.00 0.00
1475716660669 681 0 2 196.000 0.000 0.00 0.00
1475716660669 682 0 2 196.000 0.000 0.00 0.00
1475716660670 683 0 2 196.000 0.000 0.00 0.00
1475716660670 684 0 2 196.000 0.000 0.00 0.00
1475716660670 685 0 2 196.000 0.000 0.00 0.00
1475716660673 686 0 2 196.000 0.000 0.00 0.00
1475716660673 687 0 2 196.000 0.000 0.00 0.00
1475716660673 688 0 2 196.000 0.000 0.00 0.00
1475716660720 689 0 2 196.000 0.000 0.00 0.00
1475716660724 690 0 2 196.000 0.000 0.00 0.00
1475716660724 691 0 2 196.000 0.000 0.00 0.00
1475716660724 692 0 2 196.000 0.000 0.00 0.00
1475716660725 693 0 2 196.000 0.000 0.00 0.00
1475716660725 694 0 2 196.000 0.000 0.00 0.00
1475716660725 695 0 2 196.000 0.000 0.00 0.00
1475716660725 696 0 2 196.000 0.000 0.00 0.00
1475716660726 697 0 2 196.000 0.000 0.00 0.00
1475716660726 698 0 2 196.000 0.000 0.00 0.00
1475716660726 699 0 2 196.000 0.000 0.00 0.00
1475716660726 700 0 2 196.000 0.000 0.00 0.00
1475716660727 701 0 2 196.000 0.000 0.00 0.00
1475716660727 702 0 2 196.000 0.000 0.00 0.00
1475716660727 703 0 2 196.000 0.000 0.00 0.00
1475716660728 704 0 2 196.000 0.000 0.00 0.00
1475716660728 705 0 2 196.000 0.000 0.00 0.00
1475716660728 706 0 2 196.000 0.000 0.00 0.00
1475716660728 707 0 2 196.000 0.000 0.00 0.00
1475716660731 708 0 2 196.000 0.000 0.00 0.00
1475716660733 709 0 2 196.000 0.000 0.00 0.00
1475716660734 710 0 2 196.000 0.000 0.00 0.00
1475716660734 711 0 2 196.000 0.000 0.00 0.00
1475716660734 712 0 2 196.000 0.000 0.00 0.00
1475716660735 713 0 2 196.000 0.000 0.00 0.00
1475716660735 714 0 2 196.000 0.000 0.00 0.00
1475716660735 715 0 2 196.000 0.000 0.00 0.00
1475716660739 716 0 2 196.000 0.000 0.00 0.00
1475716660740 717 0 2 196.000 0.000 0.00 0.00
1475716660740 718 0 2 196.000 0.000 0.00 0.00
1475716660740 719 0 2 196.000 0.000 0.00 0.00
1475716660741 720 0 2 196.000 0.000 0.00 0.00
1475716660741 721 0 2 196.000 0.000 0.00 0.00
1475716660745 722 0 2 196.000 0.000 0.00 0.00
1475716660745 723 0 2 196.000 0.000 0.00 0.00
1475716660745 724 0 2 196.000 0.000 0.00 0.00
1475716660745 725 0 2 196.000 0.000 0.00 0.00
1475716660746 726 0 2 196.000 0.000 0.00 0.00
1475716660746 727 0 2 196.000 0.000 0.00 0.00
1475716660746 728 0 2 196.000 0.000 0.00 0.00
1475716660746 729 0 2 196.000 0.000 0.00 0.00
1475716660747 730 0 2 196.000 0.000 0.00 0.00
1475716660747 731 0 2 196.000 0.000 0.00 0.00
1475716660747 732 0 2 196.000 0.000 0.00 0.00
1475716660747 733 0 2 196.000 0.000 0.00 0.00
1475716660748 734 0 2 196.000 0.000 0.00 0.00
1475716660748 735 0 2 196.000 0.000 0.00 0.00
1475716660748 736 0 2 196.000 0.000 0.00 0.00
1475716660749 737 0 2 196.000 0.000 0.00 0.00
1475716660749 738 0 2 196.000 0.000 0.00 0.00
1475716660749 739 0 2 196.000 0.000 0.00 0.00
1475716660749 740 0 2 196.000 0.000 0.00 0.00
1475716660753 741 0 2 196.000 0.000 0.00 0.00
1475716660753 742 0 2 196.000 0.000 0.00 0.00
1475716660754 743 0 2 196.000 0.000 0.00 0.00
1475716660755 744 0 2 196.000 0.000 0.00 0.00
1475716660780 745 0 2 196.000 0.000 0.00 0.00
1475716660781 746 0 2 196.000 0.000 0.00 0.00
1475716660781 747 0 2 196.000 0.000 0.00 0.00
1475716660781 748 0 2 196.000 0.000 0.00 0.00
1475716660782 749 0 2 196.000 0.000 0.00 0.00
1475716660782 750 0 2 196.000 0.000 0.00 0.00
1475716660782 751 0 2 196.000 0.000 0.00 0.00
1475716660782 752 0 2 196.000 0.000 0.00 0.00
1475716660783 753 0 2 196.000 0.000 0.00 0.00
1475716660783 754 0 2 196.000 0.000 0.00 0.00
1475716660783 755 0 2 196.000 0.000 0.00 0.00
1475716660783 756 0 2 196.000 0.000 0.00 0.00
1475716660784 757 0 2 196.000 0.000 0.00 0.00
1475716660784 758 0 2 196.000 0.000 0.00 0.00
1475716660785 759 0 2 196.000 0.000 0.00 0.00
1475716660785 760 0 2 196.000 0.000 0.00 0.00
1475716660786 761 0 2 196.000 0.000 0.00 0.00
1475716660788 762 0 2 196.000 0.000 0.00 0.00
1475716660788 763 0 2 196.000 0.000 0.00 0.00
1475716660789 764 0 2 196.000 0.000 0.00 0.00
1475716660792 765 0 2 196.000 0.000 0.00 0.00
1475716660792 766 0 2 196.000 0.000 0.00 0.00
1475716660793 767 0 2 196.000 0.000 0.00 0.00
1475716660793 768 0 2 196.000 0.000 0.00 0.00
1475716660793 769 0 2 196.000 0.000 0.00 0.00
1475716660794 770 0 2 196.000 0.000 0.00 0.00
1475716660794 771 0 2 196.000 0.000 0.00 0.00
1475716660794 772 0 2 196.000 0.000 0.00 0.00
1475716660794 773 0 2 196.000 0.000 0.00 0.00
1475716660795 774 0 2 196.000 0.000 0.00 0.00
1475716660795 775 0 2 196.000 0.000 0.00 0.00
1475716660796 776 0 2 196.000 0.000 0.00 0.00
1475716660798 777 0 2 196.000 0.000 0.00 0.00
1475716660798 778 0 2 196.000 0.000 0.00 0.00
1475716660798 779 0 2 196.000 0.000 0.00 0.00
1475716660798 780 0 2 196.000 0.000 0.00 0.00
1475716660799 781 0 2 196.000 0.000 0.00 0.00
1475716660799 782 0 2 196.000 0.000 0.00 0.00
1475716660799 783 0 2 196.000 0.000 0.00 0.00
1475716660804 784 0 2 196.000 0.000 0.00 0.00
1475716660806 785 0 2 196.000 0.000 0.00 0.00
1475716660806 786 0 2 196.000 0.000 0.00 0.00
1475716660806 787 0 2 196.000 0.000 0.00 0.00
1475716660806 788 0 2 196.000 0.000 0.00 0.00
1475716660807 789 0 2 196.000 0.000 0.00 0.00
1475716660807 790 0 2 196.000 0.000 0.00 0.00
1475716660807 791 0 2 196.000 0.000 0.00 0.00
1475716660807 792 0 2 196.000 0.000 0.00 0.00
1475716660808 793 0 2 196.000 0.000 0.00 0.00
1475716660811 794 0 2 196.000 0.000 0.00 0.00
1475716660812 795 0 2 196.000 0.000 0.00 0.00
1475716660812 796 0 2 196.000 0.000 0.00 0.00
1475716660812 797 0 2 196.000 0.000 0.00 0.00
1475716660813 798 0 2 196.000 0.000 0.00 0.00
1475716660813 799 0 2 196.000 0.000 0.00 0.00
1475716660813 800 0 2 196.000 0.000 0.00 0.00
1475716660813 801 0 2 196.000 0.000 0.00 0.00
1475716660814 802 0 2 196.000 0.000 0.00 0.00
1475716660814 803 0 2 196.000 0.000 0.00 0.00
1475716660814 804 0 2 196.000 0.000 0.00 0.00
1475716660815 805 0 2 196.000 0.000 0.00 0.00
1475716660815 806 0 2 196.000 0.000 0.00 0.00
1475716660815 807 0 2 196.000 0.000 0.00 0.00
1475716660816 808 0 2 196.000 0.000 0.00 0.00
1475716660820 809 0 2 196.000 0.000 0.00 0.00
1475716660820 810 0 2 196.000 0.000 0.00 0.00
1475716660820 811 0 2 196.000 0.000 0.00 0.00
1475716660820 812 0 2 196.000 0.000 0.00 0.00
1475716660821 813 0 2 196.000 0.000 0.00 0.00
1475716660821 814 0 2 196.000 0.000 0.00 0.00
1475716660825 815 0 2 196.000 0.000 0.00 0.00
1475716660825 816 0 2 196.000 0.000 0.00 0.00
1475716660826 817 0 2 196.000 0.000 0.00 0.00
1475716660826 818 0 2 196.000 0.000 0.00 0.00
1475716660826 819 0 2 196.000 0.000 0.00 0.00
1475716660827 820 0 2 196.000 0.000 0.00 0.00
1475716660827 821 0 2 196.000 0.000 0.00 0.00
1475716660827 822 0 2 196.000 0.000 0.00 0.00
1475716660827 823 0 2 196.000 0.000 0.00 0.00
1475716660828 824 0 2 196.000 0.000 0.00 0.00
1475716660828 825 0 2 196.000 0.000 0.00 0.00
1475716660828 826 0 2 196.000 0.000 0.00 0.00
1475716660828 827 0 2 196.000 0.000 0.00 0.00
1475716660829 828 0 2 196.000 0.000 0.00 0.00
1475716660829 829 0 2 196.000 0.000 0.00 0.00
1475716660829 830 0 2 196.000 0.000 0.00 0.00
1475716660833 831 0 2 196.000 0.000 0.00 0.00
1475716660833 832 0 2 196.000 0.000 0.00 0.00
1475716660833 833 0 2 196.000 0.000 0.00 0.00
1475716660834 834 0 2 196.000 0.000 0.00 0.00
1475716660834 835 0 2 196.000 0.000 0.00 0.00
1475716660834 836 0 2 196.000 0.000 0.00 0.00
1475716660834 837 0 2 196.000 0.000 0.00 0.00
1475716660835 838 0 2 196.000 0.000 0.00 0.00
1475716660876 839 0 2 196.000 0.000 0.00 0.00
1475716660877 840 0 2 196.000 0.000 0.00 0.00
1475716660877 841 0 2 196.000 0.000 0.00 0.00
1475716660877 842 0 2 196.000 0.000 0.00 0.00
1475716660878 843 0 2 196.000 0.000 0.00 0.00
1475716660878 844 0 2 196.000 0.000 0.00 0.00
1475716660878 845 0 2 196.000 0.000 0.00 0.00
1475716660878 846 0 2 196.000 0.000 0.00 0.00
1475716660879 847 0 2 196.000 0.000 0.00 0.00
1475716660879 848 0 2 196.000 0.000 0.00 0.00
1475716660879 849 0 2 196.000 0.000 0.00 0.00
1475716660879 850 0 2 196.000 0.000 0.00 0.00
1475716660880 851 0 2 196.000 0.000 0.00 0.00
1475716660880 852 0 2 196.000 0.000 0.00 0.00
1475716660880 853 0 2 196.000 0.000 0.00 0.00
1475716660881 854 0 2 196.000 0.000 0.00 0.00
1475716660881 855 0 2 196.000 0.000 0.00 0.00
1475716660881 856 0 2 196.000 0.000 0.00 0.00
1475716660881 857 0 2 196.000 0.000 0.00 0.00
1475716660882 858 0 2 196.000 0.000 0.00 0.00
1475716660886 859 0 2 196.000 0.000 0.00 0.00
1475716660886 860 0 2 196.000 0.000 0.00 0.00
1475716660886 861 0 2 196.000 0.000 0.00 0.00
1475716660886 862 0 2 196.000 0.000 0.00 0.00
1475716660887 863 0 2 196.000 0.000 0.00 0.00
1475716660887 864 0 2 196.000 0.000 0.00 0.00
1475716660888 865 0 2 196.000 0.000 0.00 0.00
1475716660888 866 0 2 196.000 0.000 0.00 0.00
1475716660888 867 0 2 196.000 0.000 0.00 0.00
1475716660888 868 0 2 196.000 0.000 0.00 0.00
1475716660889 869 0 2 196.000 0.000 0.00 0.00
1475716660889 870 0 2 196.000 0.000 0.00 0.00
1475716660889 871 0 2 196.000 0.000 0.00 0.00
1475716660895 872 0 2 196.000 0.000 0.00 0.00
1475716660902 873 0 2 196.000 0.000 0.00 0.00
1475716660907 874 0 2 196.000 0.000 0.00 0.00
1475716660908 875 0 2 196.000 0.000 0.00 0.00
1475716660908 876 0 2 196.000 0.000 0.00 0.00
1475716660908 877 0 2 196.000 0.000 0.00 0.00
1475716660908 878 0 2 196.000 0.000 0.00 0.00
1475716660911 879 0 2 196.000 0.000 0.00 0.00
1475716660911 880 0 2 196.000 0.000 0.00 0.00
1475716660912 881 0 2 196.000 0.000 0.00 0.00
1475716660912 882 0 2 196.000 0.000 0.00 0.00
1475716660912 883 0 2 196.000 0.000 0.00 0.00
1475716660912 884 0 2 196.000 0.000 0.00 0.00
1475716660915 885 0 2 196.000 0.000 0.00 0.00
1475716660917 886 0 2 196.000 0.000 0.00 0.00
1475716660921 887 0 2 196.000 0.000 0.00 0.00
1475716660921 888 0 2 196.000 0.000 0.00 0.00
1475716660922 889 0 2 196.000 0.000 0.00 0.00
1475716660922 890 0 2 196.000 0.000 0.00 0.00
1475716660922 891 0 2 196.000 0.000 0.00 0.00
1475716660925 892 0 2 196.000 0.000 0.00 0.00
1475716660927 893 0 2 196.000 0.000 0.00 0.00
1475716660928 894 0 2 196.000 0.000 0.00 0.00
1475716660972 895 0 2 196.000 0.000 0.00 0.00
1475716660972 896 0 2 196.000 0.000 0.00 0.00
1475716660973 897 0 2 196.000 0.000 0.00 0.00
1475716660975 898 0 2 196.000 0.000 0.00 0.00
1475716660976 899 1 2 196.000 0.000 0.00 0.00
1475716660976 900 1 1 196.000 0.000 0.00 0.00
1475716660976 901 1 1 196.000 0.000 0.00 0.00
1475716660977 902 1 1 196.000 0.000 0.00 0.00
1475716660977 903 1 1 196.000 0.000 0.00 0.00
1475716660977 904 1 1 196.000 0.000 0.00 0.00
1475716660978 905 1 1 196.000 0.000 0.00 0.00
1475716660978 906 1 1 196.000 0.000 0.00 0.00
1475716660978 907 1 1 196.000 0.000 0.00 0.00
1475716660978 908 1 1 196.000 0.000 0.00 0.00
1475716660979 909 1 1 196.000 0.000 0.00 0.00
1475716660979 910 1 1 196.000 0.000 0.00 0.00
1475716660979 911 1 1 196.000 0.000 0.00 0.00
1475716660980 912 1 1 196.000 0.000 0.00 0.00
1475716660980 913 1 1 196.000 0.000 0.00 0.00
1475716660980 914 1 1 196.000 0.000 0.00 0.00
1475716660987 915 1 1 196.000 0.000 0.00 0.00
1475716660988 916 1 1 196.000 0.000 0.00 0.00
1475716660988 917 1 1 196.000 0.000 0.00 0.00
1475716660988 918 1 1 196.000 0.000 0.00 0.00
1475716660989 919 1 1 196.000 0.000 0.00 0.00
1475716660989 920 1 1 196.000 0.000 0.00 0.00
1475716660989 921 1 1 196.000 0.000 0.00 0.00
1475716660989 922 1 1 196.000 0.000 0.00 0.00
1475716660990 923 1 1 196.000 0.000 0.00 0.00
1475716660990 924 1 1 196.000 0.000 0.00 0.00
1475716660990 925 1 1 196.000 0.000 0.00 0.00
1475716660991 926 1 1 196.000 0.000 0.00 0.00
1475716660991 927 1 1 196.000 0.000 0.00 0.00
1475716660991 928 1 1 196.000 0.000 0.00 0.00
1475716660991 929 1 1 196.000 0.000 0.00 0.00
1475716660992 930 1 1 196.000 0.000 0.00 0.00
1475716660992 931 1 1 196.000 0.000 0.00 0.00
1475716660992 932 1 1 196.000 0.000 0.00 0.00
1475716660992 933 1 1 196.000 0.000 0.00 0.00
1475716660995 934 1 1 196.000 0.000 0.00 0.00
1475716660996 935 1 1 196.000 0.000 0.00 0.00
1475716660996 936 1 1 196.000 0.000 0.00 0.00
1475716660996 937 1 1 196.000 0.000 0.00 0.00
1475716660996 938 1 1 196.000 0.000 0.00 0.00
1475716660997 939 1 1 196.000 0.000 0.00 0.00
1475716660999 940 1 1 196.000 0.000 0.00 0.00
1475716660999 941 1 1 196.000 0.000 0.00 0.00
1475716660999 942 1 1 196.000 0.000 0.00 0.00
1475716661000 943 1 1 196.000 0.000 0.00 0.00
1475716661000 944 1 1 196.000 0.000 0.00 0.00
1475716661000 945 1 1 196.000 0.000 0.00 0.00
1475716661000 946 1 1 196.000 0.000 0.00 0.00
1475716661001 947 1 1 196.000 0.000 0.00 0.00
1475716661001 948 1 1 196.000 0.000 0.00 0.00
1475716661005 949 1 1 196.000 0.000 0.00 0.00
1475716661009 950 1 1 196.000 0.000 0.00 0.00
1475716661009 951 1 1 196.000 0.000 0.00 0.00
1475716661009 952 1 1 196.000 0.000 0.00 0.00
1475716661010 953 1 1 196.000 0.000 0.00 0.00
1475716661010 954 1 1 196.000 0.000 0.00 0.00
1475716661010 955 1 1 196.000 0.000 0.00 0.00
1475716661010 956 1 1 196.000 0.000 0.00 0.00
1475716661011 957 1 1 196.000 0.000 0.00 0.00
1475716661011 958 1 1 196.000 0.000 0.00 0.00
1475716661011 959 1 1 196.000 0.000 0.00 0.00
1475716661011 960 1 1 196.000 0.000 0.00 0.00
1475716661012 961 1 1 196.000 0.000 0.00 0.00
1475716661012 962 1 1 196.000 0.000 0.00 0.00
1475716661012 963 1 1 196.000 0.000 0.00 0.00
1475716661012 964 1 1 196.000 0.000 0.00 0.00
1475716661013 965 1 1 196.000 0.000 0.00 0.00
1475716661013 966 1 1 196.000 0.000 0.00 0.00
1475716661013 967 1 1 196.000 0.000 0.00 0.00
1475716661014 968 1 1 196.000 0.000 0.00 0.00
1475716661014 969 1 1 196.000 0.000 0.00 0.00
1475716661014 970 1 1 196.000 0.000 0.00 0.00
1475716661014 971 1 1 196.000 0.000 0.00 0.00
1475716661019 972 1 1 196.000 0.000 0.00 0.00
1475716661019 973 1 1 196.000 0.000 0.00 0.00
1475716661020 974 1 1 196.000 0.000 0.00 0.00
1475716661020 975 1 1 196.000 0.000 0.00 0.00
1475716661020 976 1 1 196.000 0.000 0.00 0.00
1475716661048 977 1 1 196.000 0.000 0.00 0.00
1475716661049 978 1 1 196.000 0.000 0.00 0.00
1475716661049 979 1 1 196.000 0.000 0.00 0.00
1475716661050 980 1 1 196.000 0.000 0.00 0.00
1475716661050 981 1 1 196.000 0.000 0.00 0.00
1475716661050 982 1 1 196.000 0.000 0.00 0.00
1475716661050 983 1 1 196.000 0.000 0.00 0.00
1475716661051 984 1 1 196.000 0.000 0.00 0.00
1475716661051 985 1 1 196.000 0.000 0.00 0.00
1475716661051 986 1 1 196.000 0.000 0.00 0.00
1475716661052 987 1 1 196.000 0.000 0.00 0.00
1475716661056 988 1 1 196.000 0.000 0.00 0.00
1475716661056 989 1 1 196.000 0.000 0.00 0.00
1475716661056 990 1 1 196.000 0.000 0.00 0.00
1475716661056 991 1 1 196.000 0.000 0.00 0.00
1475716661057 992 1 1 196.000 0.000 0.00 0.00
1475716661057 993 1 1 196.000 0.000 0.00 0.00
1475716661057 994 1 1 196.000 0.000 0.00 0.00
1475716661060 995 1 1 196.000 0.000 0.00 0.00
1475716661060 996 1 1 196.000 0.000 0.00 0.00
1475716661060 997 1 1 196.000 0.000 0.00 0.00
1475716661061 998 1 1 196.000 0.000 0.00 0.00
1475716661061 999 1 1 196.000 0.000 0.00 0.00
1475716661061 1000 1 1 196.000 0.000 0.00 0.00
1475716661061 1001 1 1 196.000 0.000 0.00 0.00
1475716661062 1002 1 1 196.000 0.000 0.00 0.00
1475716661062 1003 1 1 196.000 0.000 0.00 0.00
1475716661062 1004 1 1 196.000 0.000 0.00 0.00
1475716661063 1005 1 1 196.000 0.000 0.00 0.00
1475716661063 1006 1 1 196.000 0.000 0.00 0.00
1475716661063 1007 1 1 196.000 0.000 0.00 0.00
1475716661066 1008 1 1 196.000 0.000 0.00 0.00
1475716661066 1009 1 1 196.000 0.000 0.00 0.00
1475716661069 1010 1 1 196.000 0.000 0.00 0.00
1475716661070 1011 1 1 196.000 0.000 0.00 0.00
1475716661070 1012 1 1 196.000 0.000 0.00 0.00
1475716661070 1013 1 1 196.000 0.000 0.00 0.00
1475716661070 1014 1 1 196.000 0.000 0.00 0.00
1475716661071 1015 1 1 196.000 0.000 0.00 0.00
1475716661071 1016 1 1 196.000 0.000 0.00 0.00
1475716661071 1017 1 1 196.000 0.000 0.00 0.00
1475716661075 1018 1 1 196.000 0.000 0.00 0.00
1475716661076 1019 1 1 196.000 0.000 0.00 0.00
1475716661076 1020 1 1 196.000 0.000 0.00 0.00
1475716661076 1021 1 1 196.000 0.000 0.00 0.00
1475716661076 1022 1 1 196.000 0.000 0.00 0.00
1475716661077 1023 1 1 196.000 0.000 0.00 0.00
1475716661077 1024 1 1 196.000 0.000 0.00 0.00
1475716661077 1025 1 1 196.000 0.000 0.00 0.00
1475716661077 1026 1 1 196.000 0.000 0.00 0.00
1475716661078 1027 1 1 196.000 0.000 0.00 0.00
1475716661078 1028 1 1 196.000 0.000 0.00 0.00
1475716661080 1029 1 1 196.000 0.000 0.00 0.00
1475716661080 1030 1 1 196.000 0.000 0.00 0.00
1475716661080 1031 1 1 196.000 0.000 0.00 0.00
1475716661114 1032 1 1 196.000 0.000 0.00 0.00
1475716661115 1033 1 1 196.000 0.000 0.00 0.00
1475716661115 1034 1 1 196.000 0.000 0.00 0.00
1475716661115 1035 1 1 196.000 0.000 0.00 0.00
1475716661116 1036 1 1 196.000 0.000 0.00 0.00
1475716661116 1037 1 1 196.000 0.000 0.00 0.00
1475716661116 1038 1 1 196.000 0.000 0.00 0.00
1475716661116 1039 1 1 196.000 0.000 0.00 0.00
1475716661117 1040 1 1 196.000 0.000 0.00 0.00
1475716661117 1041 1 1 196.000 0.000 0.00 0.00
1475716661117 1042 1 1 196.000 0.000 0.00 0.00
1475716661117 1043 1 1 196.000 0.000 0.00 0.00
1475716661118 1044 1 1 196.000 0.000 0.00 0.00
1475716661118 1045 1 1 196.000 0.000 0.00 0.00
1475716661118 1046 1 1 196.000 0.000 0.00 0.00
1475716661119 1047 1 1 196.000 0.000 0.00 0.00
1475716661119 1048 1 1 196.000 0.000 0.00 0.00
1475716661119 1049 1 1 196.000 0.000 0.00 0.00
1475716661119 1050 1 1 196.000 0.000 0.00 0.00
1475716661120 1051 1 1 196.000 0.000 0.00 0.00
1475716661120 1052 1 1 196.000 0.000 0.00 0.00
1475716661124 1053 1 1 196.000 0.000 0.00 0.00
1475716661124 1054 1 1 196.000 0.000 0.00 0.00
1475716661125 1055 1 1 196.000 0.000 0.00 0.00
1475716661125 1056 1 1 196.000 0.000 0.00 0.00
1475716661125 1057 1 1 196.000 0.000 0.00 0.00
1475716661125 1058 1 1 196.000 0.000 0.00 0.00
1475716661126 1059 1 1 196.000 0.000 0.00 0.00
1475716661126 1060 1 1 196.000 0.000 0.00 0.00
1475716661126 1061 1 1 196.000 0.000 0.00 0.00
1475716661127 1062 1 1 196.000 0.000 0.00 0.00
1475716661127 1063 1 1 196.000 0.000 0.00 0.00
1475716661127 1064 1 1 196.000 0.000 0.00 0.00
1475716661127 1065 1 1 196.000 0.000 0.00 0.00
1475716661128 1066 1 1 196.000 0.000 0.00 0.00
1475716661128 1067 1 1 196.000 0.000 0.00 0.00
1475716661128 1068 1 1 196.000 0.000 0.00 0.00
1475716661129 1069 1 1 196.000 0.000 0.00 0.00
1475716661129 1070 1 1 196.000 0.000 0.00 0.00
1475716661129 1071 1 1 196.000 0.000 0.00 0.00
1475716661130 1072 1 1 196.000 0.000 0.00 0.00
1475716661130 1073 1 1 196.000 0.000 0.00 0.00
1475716661130 1074 1 1 196.000 0.000 0.00 0.00
1475716661133 1075 1 1 196.000 0.000 0.00 0.00
1475716661136 1076 1 1 196.000 0.000 0.00 0.00
1475716661136 1077 1 1 196.000 0.000 0.00 0.00
1475716661136 1078 1 1 196.000 0.000 0.00 0.00
1475716661136 1079 1 1 196.000 0.000 0.00 0.00
1475716661137 1080 1 1 196.000 0.000 0.00 0.00
1475716661137 1081 1 1 196.000 0.000 0.00 0.00
1475716661140 1082 1 1 196.000 0.000 0.00 0.00
1475716661140 1083 1 1 196.000 0.000 0.00 0.00
1475716661140 1084 1 1 196.000 0.000 0.00 0.00
1475716661141 1085 1 1 196.000 0.000 0.00 0.00
1475716661141 1086 1 1 196.000 0.000 0.00 0.00
1475716661141 1087 1 1 196.000 0.000 0.00 0.00
1475716661141 1088 1 1 196.000 0.000 0.00 0.00
1475716661142 1089 1 1 196.000 0.000 0.00 0.00
1475716661142 1090 1 1 196.000 0.000 0.00 0.00
1475716661142 1091 1 1 196.000 0.000 0.00 0.00
1475716661143 1092 1 1 196.000 0.000 0.00 0.00
1475716661145 1093 1 1 196.000 0.000 0.00 0.00
1475716661146 1094 1 1 196.000 0.000 0.00 0.00
1475716661146 1095 1 1 196.000 0.000 0.00 0.00
1475716661149 1096 1 1 196.000 0.000 0.00 0.00
1475716661150 1097 1 1 196.000 0.000 0.00 0.00
1475716661150 1098 1 1 196.000 0.000 0.00 0.00
1475716661150 1099 1 1 196.000 0.000 0.00 0.00
1475716661151 1100 1 1 196.000 0.000 0.00 0.00
1475716661151 1101 1 1 196.000 0.000 0.00 0.00
1475716661151 1102 1 1 196.000 0.000 0.00 0.00
1475716661151 1103 1 1 196.000 0.000 0.00 0.00
1475716661152 1104 1 1 196.000 0.000 0.00 0.00
1475716661152 1105 1 1 196.000 0.000 0.00 0.00
1475716661152 1106 1 1 196.000 0.000 0.00 0.00
1475716661153 1107 1 1 196.000 0.000 0.00 0.00
1475716661155 1108 1 1 196.000 0.000 0.00 0.00
1475716661155 1109 1 1 196.000 0.000 0.00 0.00
1475716661156 1110 1 1 196.000 0.000 0.00 0.00
1475716661156 1111 1 1 196.000 0.000 0.00 0.00
1475716661156 1112 1 1 196.000 0.000 0.00 0.00
1475716661157 1113 1 1 196.000 0.000 0.00 0.00
1475716661157 1114 1 1 196.000 0.000 0.00 0.00
1475716661157 1115 1 1 196.000 0.000 0.00 0.00
1475716661161 1116 1 1 196.000 0.000 0.00 0.00
1475716661161 1117 1 1 196.000 0.000 0.00 0.00
1475716661162 1118 1 1 196.000 0.000 0.00 0.00
1475716661162 1119 1 1 196.000 0.000 0.00 0.00
1475716661162 1120 1 1 196.000 0.000 0.00 0.00
1475716661163 1121 1 1 196.000 0.000 0.00 0.00
1475716661167 1122 1 1 196.000 0.000 0.00 0.00
1475716661167 1123 1 1 196.000 0.000 0.00 0.00
1475716661167 1124 1 1 196.000 0.000 0.00 0.00
1475716661168 1125 1 1 196.000 0.000 0.00 0.00
1475716661168 1126 1 1 196.000 0.000 0.00 0.00
1475716661168 1127 1 1 196.000 0.000 0.00 0.00
1475716661169 1128 1 1 196.000 0.000 0.00 0.00
1475716661169 1129 1 1 196.000 0.000 0.00 0.00
1475716661169 1130 1 1 196.000 0.000 0.00 0.00
1475716661169 1131 1 1 196.000 0.000 0.00 0.00
1475716661206 1132 1 1 196.000 0.000 0.00 0.00
1475716661207 1133 1 1 196.000 0.000 0.00 0.00
1475716661207 1134 1 1 196.000 0.000 0.00 0.00
1475716661207 1135 1 1 196.000 0.000 0.00 0.00
1475716661208 1136 1 1 196.000 0.000 0.00 0.00
1475716661208 1137 1 1 196.000 0.000 0.00 0.00
1475716661208 1138 1 1 196.000 0.000 0.00 0.00
1475716661208 1139 1 1 196.000 0.000 0.00 0.00
1475716661209 1140 1 1 196.000 0.000 0.00 0.00
1475716661212 1141 1 1 196.000 0.000 0.00 0.00
1475716661212 1142 1 1 196.000 0.000 0.00 0.00
1475716661212 1143 1 1 196.000 0.000 0.00 0.00
1475716661213 1144 1 1 196.000 0.000 0.00 0.00
1475716661213 1145 1 1 196.000 0.000 0.00 0.00
1475716661213 1146 1 1 196.000 0.000 0.00 0.00
1475716661213 1147 1 1 196.000 0.000 0.00 0.00
1475716661214 1148 1 1 196.000 0.000 0.00 0.00
1475716661214 1149 1 1 196.000 0.000 0.00 0.00
1475716661214 1150 1 1 196.000 0.000 0.00 0.00
1475716661214 1151 1 1 196.000 0.000 0.00 0.00
1475716661218 1152 1 1 196.000 0.000 0.00 0.00
1475716661218 1153 1 1 196.000 0.000 0.00 0.00
1475716661218 1154 1 1 196.000 0.000 0.00 0.00
1475716661219 1155 1 1 196.000 0.000 0.00 0.00
1475716661219 1156 1 1 196.000 0.000 0.00 0.00
1475716661222 1157 1 1 196.000 0.000 0.00 0.00
1475716661222 1158 1 1 196.000 0.000 0.00 0.00
1475716661222 1159 1 1 196.000 0.000 0.00 0.00
1475716661222 1160 1 1 196.000 0.000 0.00 0.00
1475716661223 1161 1 1 196.000 0.000 0.00 0.00
1475716661223 1162 1 1 196.000 0.000 0.00 0.00
1475716661223 1163 1 1 196.000 0.000 0.00 0.00
1475716661224 1164 1 1 196.000 0.000 0.00 0.00
1475716661224 1165 1 1 196.000 0.000 0.00 0.00
1475716661224 1166 1 1 196.000 0.000 0.00 0.00
1475716661224 1167 1 1 196.000 0.000 0.00 0.00
1475716661225 1168 1 1 196.000 0.000 0.00 0.00
1475716661225 1169 1 1 196.000 0.000 0.00 0.00
1475716661228 1170 1 1 196.000 0.000 0.00 0.00
1475716661231 1171 1 1 196.000 0.000 0.00 0.00
1475716661232 1172 1 1 196.000 0.000 0.00 0.00
1475716661232 1173 1 1 196.000 0.000 0.00 0.00
1475716661232 1174 1 1 196.000 0.000 0.00 0.00
1475716661233 1175 1 1 196.000 0.000 0.00 0.00
1475716661233 1176 1 1 196.000 0.000 0.00 0.00
1475716661233 1177 1 1 196.000 0.000 0.00 0.00
1475716661233 1178 1 1 196.000 0.000 0.00 0.00
1475716661234 1179 1 1 196.000 0.000 0.00 0.00
1475716661234 1180 1 1 196.000 0.000 0.00 0.00
1475716661234 1181 1 1 196.000 0.000 0.00 0.00
1475716661234 1182 1 1 196.000 0.000 0.00 0.00
1475716661235 1183 1 1 196.000 0.000 0.00 0.00
1475716661235 1184 1 1 196.000 0.000 0.00 0.00
1475716661239 1185 1 1 196.000 0.000 0.00 0.00
1475716661240 1186 1 1 196.000 0.000 0.00 0.00
1475716661267 1187 1 1 196.000 0.000 0.00 0.00
1475716661271 1188 1 1 196.000 0.000 0.00 0.00
1475716661271 1189 1 1 196.000 0.000 0.00 0.00
1475716661271 1190 1 1 196.000 0.000 0.00 0.00
1475716661271 1191 1 1 196.000 0.000 0.00 0.00
1475716661272 1192 1 1 196.000 0.000 0.00 0.00
1475716661272 1193 1 1 196.000 0.000 0.00 0.00
1475716661272 1194 1 1 196.000 0.000 0.00 0.00
1475716661273 1195 1 1 196.000 0.000 0.00 0.00
1475716661273 1196 1 1 196.000 0.000 0.00 0.00
1475716661273 1197 1 1 196.000 0.000 0.00 0.00
1475716661273 1198 1 1 196.000 0.000 0.00 0.00
1475716661274 1199 1 1 196.000 0.000 0.00 0.00
1475716661274 1200 1 1 196.000 0.000 0.00 0.00
1475716661274 1201 1 1 196.000 0.000 0.00 0.00
1475716661275 1202 1 1 196.000 0.000 0.00 0.00
1475716661275 1203 1 1 196.000 0.000 0.00 0.00
1475716661275 1204 1 1 196.000 0.000 0.00 0.00
1475716661275 1205 1 1 196.000 0.000 0.00 0.00
1475716661276 1206 1 1 196.000 0.000 0.00 0.00
1475716661278 1207 1 1 196.000 0.000 0.00 0.00
1475716661282 1208 1 1 196.000 0.000 0.00 0.00
1475716661282 1209 1 1 196.000 0.000 0.00 0.00
1475716661283 1210 1 1 196.000 0.000 0.00 0.00
1475716661283 1211 1 1 196.000 0.000 0.00 0.00
1475716661283 1212 1 1 196.000 0.000 0.00 0.00
1475716661284 1213 1 1 196.000 0.000 0.00 0.00
1475716661284 1214 1 1 196.000 0.000 0.00 0.00
1475716661284 1215 1 1 196.000 0.000 0.00 0.00
1475716661285 1216 1 1 196.000 0.000 0.00 0.00
1475716661285 1217 1 1 196.000 0.000 0.00 0.00
1475716661285 1218 1 1 196.000 0.000 0.00 0.00
1475716661285 1219 1 1 196.000 0.000 0.00 0.00
1475716661286 1220 1 1 196.000 0.000 0.00 0.00
1475716661290 1221 1 1 196.000 0.000 0.00 0.00
1475716661290 1222 1 1 196.000 0.000 0.00 0.00
1475716661291 1223 1 1 196.000 0.000 0.00 0.00
1475716661291 1224 1 1 196.000 0.000 0.00 0.00
1475716661291 1225 1 1 196.000 0.000 0.00 0.00
1475716661291 1226 1 1 196.000 0.000 0.00 0.00
1475716661292 1227 1 1 196.000 0.000 0.00 0.00
1475716661292 1228 1 1 196.000 0.000 0.00 0.00
1475716661293 1229 1 1 196.000 0.000 0.00 0.00
1475716661293 1230 1 1 196.000 0.000 0.00 0.00
1475716661293 1231 1 1 196.000 0.000 0.00 0.00
1475716661298 1232 1 1 196.000 0.000 0.00 0.00
1475716661298 1233 1 1 196.000 0.000 0.00 0.00
1475716661298 1234 1 1 196.000 0.000 0.00 0.00
1475716661298 1235 1 1 196.000 0.000 0.00 0.00
1475716661299 1236 1 1 196.000 0.000 0.00 0.00
1475716661299 1237 1 1 196.000 0.000 0.00 0.00
1475716661299 1238 1 1 196.000 0.000 0.00 0.00
1475716661300 1239 1 1 196.000 0.000 0.00 0.00
1475716661300 1240 1 1 196.000 0.000 0.00 0.00
1475716661300 1241 1 1 196.000 0.000 0.00 0.00
1475716661300 1242 1 1 196.000 0.000 0.00 0.00
1475716661301 1243 1 1 196.000 0.000 0.00 0.00
1475716661301 1244 1 1 196.000 0.000 0.00 0.00
1475716661301 1245 1 1 196.000 0.000 0.00 0.00
1475716661303 1246 1 1 196.000 0.000 0.00 0.00
1475716661304 1247 1 1 196.000 0.000 0.00 0.00
1475716661304 1248 1 1 196.000 0.000 0.00 0.00
1475716661304 1249 1 1 196.000 0.000 0.00 0.00
1475716661304 1250 1 1 196.000 0.000 0.00 0.00
1475716661305 1251 1 1 196.000 0.000 0.00 0.00
1475716661305 1252 1 1 196.000 0.000 0.00 0.00
1475716661305 1253 1 1 196.000 0.000 0.00 0.00
1475716661305 1254 1 1 196.000 0.000 0.00 0.00
1475716661306 1255 1 1 196.000 0.000 0.00 0.00
1475716661310 1256 1 1 196.000 0.000 0.00 0.00
1475716661313 1257 1 1 196.000 0.000 0.00 0.00
1475716661314 1258 1 1 196.000 0.000 0.00 0.00
1475716661314 1259 1 1 196.000 0.000 0.00 0.00
1475716661314 1260 1 1 196.000 0.000 0.00 0.00
1475716661314 1261 1 1 196.000 0.000 0.00 0.00
1475716661315 1262 1 1 196.000 0.000 0.00 0.00
1475716661315 1263 1 1 196.000 0.000 0.00 0.00
1475716661315 1264 1 1 196.000 0.000 0.00 0.00
1475716661316 1265 1 1 196.000 0.000 0.00 0.00
1475716661316 1266 1 1 196.000 0.000 0.00 0.00
1475716661343 1267 1 1 196.000 0.000 0.00 0.00
1475716661343 1268 1 1 196.000 0.000 0.00 0.00
1475716661344 1269 1 1 196.000 0.000 0.00 0.00
1475716661344 1270 1 1 196.000 0.000 0.00 0.00
1475716661344 1271 1 1 196.000 0.000 0.00 0.00
1475716661345 1272 1 1 196.000 0.000 0.00 0.00
1475716661345 1273 1 1 196.000 0.000 0.00 0.00
1475716661345 1274 1 1 196.000 0.000 0.00 0.00
1475716661345 1275 1 1 196.000 0.000 0.00 0.00
1475716661346 1276 1 1 196.000 0.000 0.00 0.00
1475716661346 1277 1 1 196.000 0.000 0.00 0.00
1475716661346 1278 1 1 196.000 0.000 0.00 0.00
1475716661346 1279 1 1 196.000 0.000 0.00 0.00
1475716661347 1280 1 1 196.000 0.000 0.00 0.00
1475716661347 1281 1 1 196.000 0.000 0.00 0.00
1475716661347 1282 1 1 196.000 0.000 0.00 0.00
1475716661351 1283 1 1 196.000 0.000 0.00 0.00
1475716661351 1284 1 1 196.000 0.000 0.00 0.00
1475716661351 1285 1 1 196.000 0.000 0.00 0.00
1475716661351 1286 1 1 196.000 0.000 0.00 0.00
1475716661352 1287 1 1 196.000 0.000 0.00 0.00
1475716661352 1288 1 1 196.000 0.000 0.00 0.00
1475716661352 1289 1 1 196.000 0.000 0.00 0.00
1475716661352 1290 1 1 196.000 0.000 0.00 0.00
1475716661353 1291 1 1 196.000 0.000 0.00 0.00
1475716661353 1292 1 1 196.000 0.000 0.00 0.00
1475716661353 1293 1 1 196.000 0.000 0.00 0.00
1475716661353 1294 1 1 196.000 0.000 0.00 0.00
1475716661354 1295 1 1 196.000 0.000 0.00 0.00
1475716661354 1296 1 1 196.000 0.000 0.00 0.00
1475716661354 1297 1 1 196.000 0.000 0.00 0.00
1475716661355 1298 1 1 196.000 0.000 0.00 0.00
1475716661355 1299 1 1 196.000 0.000 0.00 0.00
1475716661355 1300 1 1 196.000 0.000 0.00 0.00
1475716661355 1301 1 1 196.000 0.000 0.00 0.00
1475716661358 1302 1 1 196.000 0.000 0.00 0.00
1475716661358 1303 1 1 196.000 0.000 0.00 0.00
1475716661359 1304 1 1 196.000 0.000 0.00 0.00
1475716661359 1305 1 1 196.000 0.000 0.00 0.00
1475716661359 1306 1 1 196.000 0.000 0.00 0.00
1475716661360 1307 1 1 196.000 0.000 0.00 0.00
1475716661360 1308 1 1 196.000 0.000 0.00 0.00
1475716661360 1309 1 1 196.000 0.000 0.00 0.00
1475716661360 1310 1 1 196.000 0.000 0.00 0.00
1475716661361 1311 1 1 196.000 0.000 0.00 0.00
1475716661361 1312 1 1 196.000 0.000 0.00 0.00
1475716661364 1313 1 1 196.000 0.000 0.00 0.00
1475716661364 1314 1 1 196.000 0.000 0.00 0.00
1475716661365 1315 1 1 196.000 0.000 0.00 0.00
1475716661365 1316 1 1 196.000 0.000 0.00 0.00
1475716661365 1317 1 1 196.000 0.000 0.00 0.00
1475716661368 1318 1 1 196.000 0.000 0.00 0.00
1475716661368 1319 1 1 196.000 0.000 0.00 0.00
1475716661368 1320 1 1 196.000 0.000 0.00 0.00
1475716661369 1321 1 1 196.000 0.000 0.00 0.00
1475716661400 1322 1 1 196.000 0.000 0.00 0.00
1475716661403 1323 1 1 196.000 0.000 0.00 0.00
1475716661404 1324 1 1 196.000 0.000 0.00 0.00
1475716661404 1325 1 1 196.000 0.000 0.00 0.00
1475716661404 1326 1 1 196.000 0.000 0.00 0.00
1475716661405 1327 1 1 196.000 0.000 0.00 0.00
1475716661405 1328 1 1 196.000 0.000 0.00 0.00
1475716661405 1329 1 1 196.000 0.000 0.00 0.00
1475716661406 1330 1 1 196.000 0.000 0.00 0.00
1475716661406 1331 1 1 196.000 0.000 0.00 0.00
1475716661406 1332 1 1 196.000 0.000 0.00 0.00
1475716661406 1333 1 1 196.000 0.000 0.00 0.00
1475716661407 1334 1 1 196.000 0.000 0.00 0.00
1475716661407 1335 1 1 196.000 0.000 0.00 0.00
1475716661407 1336 1 1 196.000 0.000 0.00 0.00
1475716661408 1337 1 1 196.000 0.000 0.00 0.00
1475716661408 1338 1 1 196.000 0.000 0.00 0.00
1475716661408 1339 1 1 196.000 0.000 0.00 0.00
1475716661411 1340 1 1 196.000 0.000 0.00 0.00
1475716661415 1341 1 1 196.000 0.000 0.00 0.00
1475716661415 1342 1 1 196.000 0.000 0.00 0.00
1475716661415 1343 1 1 196.000 0.000 0.00 0.00
1475716661416 1344 1 1 196.000 0.000 0.00 0.00
1475716661416 1345 1 1 196.000 0.000 0.00 0.00
1475716661416 1346 1 1 196.000 0.000 0.00 0.00
1475716661416 1347 1 1 196.000 0.000 0.00 0.00
1475716661417 1348 1 1 196.000 0.000 0.00 0.00
1475716661417 1349 1 1 196.000 0.000 0.00 0.00
1475716661417 1350 1 1 196.000 0.000 0.00 0.00
1475716661418 1351 1 1 196.000 0.000 0.00 0.00
1475716661418 1352 1 1 196.000 0.000 0.00 0.00
1475716661418 1353 1 1 196.000 0.000 0.00 0.00
1475716661418 1354 1 1 196.000 0.000 0.00 0.00
1475716661419 1355 1 1 196.000 0.000 0.00 0.00
1475716661421 1356 1 1 196.000 0.000 0.00 0.00
1475716661421 1357 1 1 196.000 0.000 0.00 0.00
1475716661421 1358 1 1 196.000 0.000 0.00 0.00
1475716661421 1359 1 1 196.000 0.000 0.00 0.00
1475716661422 1360 1 1 196.000 0.000 0.00 0.00
1475716661429 1361 1 1 196.000 0.000 0.00 0.00
1475716661429 1362 1 1 196.000 0.000 0.00 0.00
1475716661429 1363 1 1 196.000 0.000 0.00 0.00
1475716661430 1364 1 1 196.000 0.000 0.00 0.00
1475716661430 1365 1 1 196.000 0.000 0.00 0.00
1475716661430 1366 1 1 196.000 0.000 0.00 0.00
1475716661430 1367 1 1 196.000 0.000 0.00 0.00
1475716661431 1368 1 1 196.000 0.000 0.00 0.00
1475716661431 1369 1 1 196.000 0.000 0.00 0.00
1475716661431 1370 1 1 196.000 0.000 0.00 0.00
1475716661431 1371 1 1 196.000 0.000 0.00 0.00
1475716661432 1372 1 1 196.000 0.000 0.00 0.00
1475716661432 1373 1 1 196.000 0.000 0.00 0.00
1475716661432 1374 1 1 196.000 0.000 0.00 0.00
1475716661432 1375 1 1 196.000 0.000 0.00 0.00
1475716661433 1376 1 1 196.000 0.000 0.00 0.00
1475716661435 1377 1 1 196.000 0.000 0.00 0.00
1475716661435 1378 1 1 196.000 0.000 0.00 0.00
1475716661435 1379 1 1 196.000 0.000 0.00 0.00
1475716661436 1380 1 1 196.000 0.000 0.00 0.00
1475716661436 1381 1 1 196.000 0.000 0.00 0.00
1475716661436 1382 1 1 196.000 0.000 0.00 0.00
1475716661436 1383 1 1 196.000 0.000 0.00 0.00
1475716661437 1384 1 1 196.000 0.000 0.00 0.00
1475716661437 1385 1 1 196.000 0.000 0.00 0.00
1475716661441 1386 1 1 196.000 0.000 0.00 0.00
1475716661444 1387 1 1 196.000 0.000 0.00 0.00
1475716661444 1388 1 1 196.000 0.000 0.00 0.00
1475716661445 1389 1 1 196.000 0.000 0.00 0.00
1475716661445 1390 1 1 196.000 0.000 0.00 0.00
1475716661445 1391 1 1 196.000 0.000 0.00 0.00
1475716661446 1392 1 1 196.000 0.000 0.00 0.00
1475716661446 1393 1 1 196.000 0.000 0.00 0.00
1475716661446 1394 1 1 196.000 0.000 0.00 0.00
1475716661446 1395 1 1 196.000 0.000 0.00 0.00
1475716661447 1396 1 1 196.000 0.000 0.00 0.00
1475716661447 1397 1 1 196.000 0.000 0.00 0.00
1475716661447 1398 1 1 196.000 0.000 0.00 0.00
1475716661447 1399 1 1 196.000 0.000 0.00 0.00
1475716661448 1400 1 1 196.000 0.000 0.00 0.00
1475716661448 1401 1 1 196.000 0.000 0.00 0.00
1475716661476 1402 1 1 196.000 0.000 0.00 0.00
1475716661476 1403 1 2 196.000 0.000 0.00 0.00
1475716661477 1404 1 2 196.000 0.000 0.00 0.00
1475716661477 1405 1 2 196.000 0.000 0.00 0.00
1475716661477 1406 1 2 196.000 0.000 0.00 0.00
1475716661477 1407 1 2 196.000 0.000 0.00 0.00
1475716661478 1408 1 2 196.000 0.000 0.00 0.00
1475716661478 1409 1 2 196.000 0.000 0.00 0.00
1475716661478 1410 1 2 196.000 0.000 0.00 0.00
1475716661478 1411 1 2 196.000 0.000 0.00 0.00
1475716661479 1412 1 2 196.000 0.000 0.00 0.00
1475716661479 1413 1 2 196.000 0.000 0.00 0.00
1475716661479 1414 1 2 196.000 0.000 0.00 0.00
1475716661479 1415 1 2 196.000 0.000 0.00 0.00
1475716661480 1416 1 2 196.000 0.000 0.00 0.00
1475716661483 1417 1 2 196.000 0.000 0.00 0.00
1475716661484 1418 1 2 196.000 0.000 0.00 0.00
1475716661484 1419 1 2 196.000 0.000 0.00 0.00
1475716661484 1420 1 2 196.000 0.000 0.00 0.00
1475716661484 1421 1 2 196.000 0.000 0.00 0.00
1475716661485 1422 1 2 196.000 0.000 0.00 0.00
1475716661485 1423 1 2 196.000 0.000 0.00 0.00
1475716661485 1424 1 2 196.000 0.000 0.00 0.00
1475716661486 1425 1 2 196.000 0.000 0.00 0.00
1475716661486 1426 1 2 196.000 0.000 0.00 0.00
1475716661486 1427 1 2 196.000 0.000 0.00 0.00
1475716661486 1428 1 2 196.000 0.000 0.00 0.00
1475716661487 1429 1 2 196.000 0.000 0.00 0.00
1475716661487 1430 1 2 196.000 0.000 0.00 0.00
1475716661487 1431 1 2 196.000 0.000 0.00 0.00
1475716661487 1432 1 2 196.000 0.000 0.00 0.00
1475716661488 1433 1 2 196.000 0.000 0.00 0.00
1475716661488 1434 1 2 196.000 0.000 0.00 0.00
1475716661488 1435 1 2 196.000 0.000 0.00 0.00
1475716661488 1436 1 2 196.000 0.000 0.00 0.00
1475716661491 1437 1 2 196.000 0.000 0.00 0.00
1475716661491 1438 1 2 196.000 0.000 0.00 0.00
1475716661492 1439 1 2 196.000 0.000 0.00 0.00
1475716661492 1440 1 2 196.000 0.000 0.00 0.00
1475716661492 1441 1 2 196.000 0.000 0.00 0.00
1475716661492 1442 1 2 196.000 0.000 0.00 0.00
1475716661493 1443 1 2 196.000 0.000 0.00 0.00
1475716661493 1444 1 2 196.000 0.000 0.00 0.00
1475716661493 1445 1 2 196.000 0.000 0.00 0.00
1475716661499 1446 1 2 196.000 0.000 0.00 0.00
1475716661499 1447 1 2 196.000 0.000 0.00 0.00
1475716661500 1448 1 2 196.000 0.000 0.00 0.00
1475716661500 1449 1 2 196.000 0.000 0.00 0.00
1475716661503 1450 1 2 196.000 0.000 0.00 0.00
1475716661506 1451 1 2 196.000 0.000 0.00 0.00
1475716661507 1452 1 2 196.000 0.000 0.00 0.00
1475716661507 1453 1 2 196.000 0.000 0.00 0.00
1475716661507 1454 1 2 196.000 0.000 0.00 0.00
1475716661507 1455 1 2 196.000 0.000 0.00 0.00
1475716661508 1456 1 2 196.000 0.000 0.00 0.00
1475716661546 1457 1 2 196.000 0.000 0.00 0.00
1475716661547 1458 1 2 196.000 0.000 0.00 0.00
1475716661547 1459 1 2 196.000 0.000 0.00 0.00
1475716661547 1460 1 2 196.000 0.000 0.00 0.00
1475716661547 1461 1 2 196.000 0.000 0.00 0.00
1475716661548 1462 1 2 196.000 0.000 0.00 0.00
1475716661548 1463 1 2 196.000 0.000 0.00 0.00
1475716661548 1464 1 2 196.000 0.000 0.00 0.00
1475716661549 1465 1 2 196.000 0.000 0.00 0.00
1475716661549 1466 1 2 196.000 0.000 0.00 0.00
1475716661549 1467 1 2 196.000 0.000 0.00 0.00
1475716661549 1468 1 2 196.000 0.000 0.00 0.00
1475716661550 1469 1 2 196.000 0.000 0.00 0.00
1475716661550 1470 1 2 196.000 0.000 0.00 0.00
1475716661553 1471 1 2 196.000 0.000 0.00 0.00
1475716661554 1472 1 2 196.000 0.000 0.00 0.00
1475716661554 1473 1 2 196.000 0.000 0.00 0.00
1475716661554 1474 1 2 196.000 0.000 0.00 0.00
1475716661555 1475 1 2 196.000 0.000 0.00 0.00
1475716661557 1476 1 2 196.000 0.000 0.00 0.00
1475716661557 1477 1 2 196.000 0.000 0.00 0.00
1475716661557 1478 1 2 196.000 0.000 0.00 0.00
1475716661558 1479 1 2 196.000 0.000 0.00 0.00
1475716661558 1480 1 2 196.000 0.000 0.00 0.00
1475716661558 1481 1 2 196.000 0.000 0.00 0.00
1475716661559 1482 1 2 196.000 0.000 0.00 0.00
1475716661559 1483 1 2 196.000 0.000 0.00 0.00
1475716661559 1484 1 2 196.000 0.000 0.00 0.00
1475716661559 1485 1 2 196.000 0.000 0.00 0.00
1475716661560 1486 1 2 196.000 0.000 0.00 0.00
1475716661560 1487 1 2 196.000 0.000 0.00 0.00
1475716661564 1488 1 2 196.000 0.000 0.00 0.00
1475716661564 1489 1 2 196.000 0.000 0.00 0.00
1475716661567 1490 1 2 196.000 0.000 0.00 0.00
1475716661567 1491 1 2 196.000 0.000 0.00 0.00
1475716661568 1492 1 2 196.000 0.000 0.00 0.00
1475716661568 1493 1 2 196.000 0.000 0.00 0.00
1475716661568 1494 1 2 196.000 0.000 0.00 0.00
1475716661568 1495 1 2 196.000 0.000 0.00 0.00
1475716661569 1496 1 2 196.000 0.000 0.00 0.00
1475716661569 1497 1 2 196.000 0.000 0.00 0.00
1475716661569 1498 1 2 196.000 0.000 0.00 0.00
1475716661570 1499 1 2 196.000 0.000 0.00 0.00
1475716661570 1500 1 2 196.000 0.000 0.00 0.00
1475716661570 1501 1 2 196.000 0.000 0.00 0.00
1475716661570 1502 1 2 196.000 0.000 0.00 0.00
1475716661571 1503 1 2 196.000 0.000 0.00 0.00
1475716661571 1504 1 2 196.000 0.000 0.00 0.00
1475716661571 1505 1 2 196.000 0.000 0.00 0.00
1475716661572 1506 1 2 196.000 0.000 0.00 0.00
1475716661577 1507 1 2 196.000 0.000 0.00 0.00
1475716661577 1508 1 2 196.000 0.000 0.00 0.00
1475716661578 1509 1 2 196.000 0.000 0.00 0.00
1475716661578 1510 1 2 196.000 0.000 0.00 0.00
1475716661578 1511 1 2 196.000 0.000 0.00 0.00
1475716661579 1512 1 2 196.000 0.000 0.00 0.00
1475716661579 1513 1 2 196.000 0.000 0.00 0.00
1475716661579 1514 1 2 196.000 0.000 0.00 0.00
1475716661579 1515 1 2 196.000 0.000 0.00 0.00
1475716661580 1516 1 2 196.000 0.000 0.00 0.00
1475716661580 1517 1 2 196.000 0.000 0.00 0.00
1475716661580 1518 1 2 196.000 0.000 0.00 0.00
1475716661583 1519 1 2 196.000 0.000 0.00 0.00
1475716661583 1520 1 2 196.000 0.000 0.00 0.00
1475716661583 1521 1 2 196.000 0.000 0.00 0.00
1475716661584 1522 1 2 196.000 0.000 0.00 0.00
1475716661584 1523 1 2 196.000 0.000 0.00 0.00
1475716661584 1524 1 2 196.000 0.000 0.00 0.00
1475716661584 1525 1 2 196.000 0.000 0.00 0.00
1475716661585 1526 1 2 196.000 0.000 0.00 0.00
1475716661585 1527 1 2 196.000 0.000 0.00 0.00
1475716661587 1528 1 2 196.000 0.000 0.00 0.00
1475716661588 1529 1 2 196.000 0.000 0.00 0.00
1475716661588 1530 1 2 196.000 0.000 0.00 0.00
1475716661588 1531 1 2 196.000 0.000 0.00 0.00
1475716661589 1532 1 2 196.000 0.000 0.00 0.00
1475716661589 1533 1 2 196.000 0.000 0.00 0.00
1475716661593 1534 1 2 196.000 0.000 0.00 0.00
1475716661593 1535 1 2 196.000 0.000 0.00 0.00
1475716661593 1536 1 2 196.000 0.000 0.00 0.00
1475716661593 1537 1 2 196.000 0.000 0.00 0.00
1475716661594 1538 1 2 196.000 0.000 0.00 0.00
1475716661594 1539 1 2 196.000 0.000 0.00 0.00
1475716661595 1540 1 2 196.000 0.000 0.00 0.00
1475716661595 1541 1 2 196.000 0.000 0.00 0.00
1475716661598 1542 1 2 196.000 0.000 0.00 0.00
1475716661598 1543 1 2 196.000 0.000 0.00 0.00
1475716661598 1544 1 2 196.000 0.000 0.00 0.00
1475716661599 1545 1 2 196.000 0.000 0.00 0.00
1475716661599 1546 1 2 196.000 0.000 0.00 0.00
1475716661599 1547 1 2 196.000 0.000 0.00 0.00
1475716661599 1548 1 2 196.000 0.000 0.00 0.00
1475716661600 1549 1 2 196.000 0.000 0.00 0.00
1475716661632 1550 1 2 196.000 0.000 0.00 0.00
1475716661632 1551 1 2 196.000 0.000 0.00 0.00
1475716661633 1552 1 2 196.000 0.000 0.00 0.00
1475716661633 1553 1 2 196.000 0.000 0.00 0.00
1475716661633 1554 1 2 196.000 0.000 0.00 0.00
1475716661633 1555 1 2 196.000 0.000 0.00 0.00
1475716661634 1556 1 2 196.000 0.000 0.00 0.00
1475716661634 1557 1 2 196.000 0.000 0.00 0.00
1475716661634 1558 1 2 196.000 0.000 0.00 0.00
1475716661635 1559 1 2 196.000 0.000 0.00 0.00
1475716661635 1560 1 2 196.000 0.000 0.00 0.00
1475716661635 1561 1 2 196.000 0.000 0.00 0.00
1475716661635 1562 1 2 196.000 0.000 0.00 0.00
1475716661636 1563 1 2 196.000 0.000 0.00 0.00
1475716661636 1564 1 2 196.000 0.000 0.00 0.00
1475716661636 1565 1 2 196.000 0.000 0.00 0.00
1475716661638 1566 1 2 196.000 0.000 0.00 0.00
1475716661638 1567 1 2 196.000 0.000 0.00 0.00
1475716661639 1568 1 2 196.000 0.000 0.00 0.00
1475716661639 1569 1 2 196.000 0.000 0.00 0.00
1475716661639 1570 1 2 196.000 0.000 0.00 0.00
1475716661639 1571 1 2 196.000 0.000 0.00 0.00
1475716661640 1572 1 2 196.000 0.000 0.00 0.00
1475716661640 1573 1 2 196.000 0.000 0.00 0.00
1475716661640 1574 1 2 196.000 0.000 0.00 0.00
1475716661641 1575 1 2 196.000 0.000 0.00 0.00
1475716661644 1576 1 2 196.000 0.000 0.00 0.00
1475716661644 1577 1 2 196.000 0.000 0.00 0.00
1475716661644 1578 1 2 196.000 0.000 0.00 0.00
1475716661644 1579 1 2 196.000 0.000 0.00 0.00
1475716661645 1580 1 2 196.000 0.000 0.00 0.00
1475716661645 1581 1 2 196.000 0.000 0.00 0.00
1475716661645 1582 1 2 196.000 0.000 0.00 0.00
1475716661645 1583 1 2 196.000 0.000 0.00 0.00
1475716661646 1584 1 2 196.000 0.000 0.00 0.00
1475716661646 1585 1 2 196.000 0.000 0.00 0.00
1475716661646 1586 1 2 196.000 0.000 0.00 0.00
1475716661646 1587 1 2 196.000 0.000 0.00 0.00
1475716661647 1588 1 2 196.000 0.000 0.00 0.00
1475716661647 1589 1 2 196.000 0.000 0.00 0.00
1475716661647 1590 1 2 196.000 0.000 0.00 0.00
1475716661648 1591 1 2 196.000 0.000 0.00 0.00
1475716661648 1592 1 2 196.000 0.000 0.00 0.00
1475716661648 1593 1 2 196.000 0.000 0.00 0.00
1475716661655 1594 1 2 196.000 0.000 0.00 0.00
1475716661656 1595 1 2 196.000 0.000 0.00 0.00
1475716661656 1596 1 2 196.000 0.000 0.00 0.00
1475716661656 1597 1 2 196.000 0.000 0.00 0.00
1475716661656 1598 1 2 196.000 0.000 0.00 0.00
1475716661657 1599 1 2 196.000 0.000 0.00 0.00
1475716661657 1600 1 2 196.000 0.000 0.00 0.00
1475716661657 1601 1 2 196.000 0.000 0.00 0.00
1475716661657 1602 1 2 196.000 0.000 0.00 0.00
1475716661658 1603 1 2 196.000 0.000 0.00 0.00
1475716661658 1604 1 2 196.000 0.000 0.00 0.00
1475716661658 1605 1 2 196.000 0.000 0.00 0.00
1475716661659 1606 1 2 196.000 0.000 0.00 0.00
1475716661659 1607 1 2 196.000 0.000 0.00 0.00
1475716661659 1608 1 2 196.000 0.000 0.00 0.00
1475716661689 1609 1 2 196.000 0.000 0.00 0.00
1475716661690 1610 1 2 196.000 0.000 0.00 0.00
1475716661690 1611 1 2 196.000 0.000 0.00 0.00
1475716661690 1612 1 2 196.000 0.000 0.00 0.00
1475716661690 1613 1 2 196.000 0.000 0.00 0.00
1475716661691 1614 1 2 196.000 0.000 0.00 0.00
1475716661691 1615 1 2 196.000 0.000 0.00 0.00
1475716661691 1616 1 2 196.000 0.000 0.00 0.00
1475716661691 1617 1 2 196.000 0.000 0.00 0.00
1475716661692 1618 1 2 196.000 0.000 0.00 0.00
1475716661692 1619 1 2 196.000 0.000 0.00 0.00
1475716661692 1620 1 2 196.000 0.000 0.00 0.00
1475716661692 1621 1 2 196.000 0.000 0.00 0.00
1475716661693 1622 1 2 196.000 0.000 0.00 0.00
1475716661693 1623 1 2 196.000 0.000 0.00 0.00
1475716661693 1624 1 2 196.000 0.000 0.00 0.00
1475716661694 1625 1 2 196.000 0.000 0.00 0.00
1475716661694 1626 1 2 196.000 0.000 0.00 0.00
1475716661698 1627 1 2 196.000 0.000 0.00 0.00
1475716661699 1628 1 2 196.000 0.000 0.00 0.00
1475716661699 1629 1 2 196.000 0.000 0.00 0.00
1475716661699 1630 1 2 196.000 0.000 0.00 0.00
1475716661699 1631 1 2 196.000 0.000 0.00 0.00
1475716661700 1632 1 2 196.000 0.000 0.00 0.00
1475716661700 1633 1 2 196.000 0.000 0.00 0.00
1475716661700 1634 1 2 196.000 0.000 0.00 0.00
1475716661701 1635 1 2 196.000 0.000 0.00 0.00
1475716661701 1636 1 2 196.000 0.000 0.00 0.00
1475716661701 1637 1 2 196.000 0.000 0.00 0.00
1475716661701 1638 1 2 196.000 0.000 0.00 0.00
1475716661702 1639 1 2 196.000 0.000 0.00 0.00
1475716661702 1640 1 2 196.000 0.000 0.00 0.00
1475716661702 1641 1 2 196.000 0.000 0.00 0.00
1475716661703 1642 1 2 196.000 0.000 0.00 0.00
1475716661706 1643 1 2 196.000 0.000 0.00 0.00
1475716661706 1644 1 2 196.000 0.000 0.00 0.00
1475716661707 1645 1 2 196.000 0.000 0.00 0.00
1475716661707 1646 1 2 196.000 0.000 0.00 0.00
1475716661707 1647 1 2 196.000 0.000 0.00 0.00
1475716661708 1648 1 2 196.000 0.000 0.00 0.00
1475716661708 1649 1 2 196.000 0.000 0.00 0.00
1475716661709 1650 1 2 196.000 0.000 0.00 0.00
1475716661709 1651 1 2 196.000 0.000 0.00 0.00
1475716661710 1652 1 2 196.000 0.000 0.00 0.00
1475716661710 1653 1 2 196.000 0.000 0.00 0.00
1475716661710 1654 1 2 196.000 0.000 0.00 0.00
1475716661714 1655 1 2 196.000 0.000 0.00 0.00
1475716661714 1656 1 2 196.000 0.000 0.00 0.00
1475716661714 1657 1 2 196.000 0.000 0.00 0.00
1475716661714 1658 1 2 196.000 0.000 0.00 0.00
1475716661715 1659 1 2 196.000 0.000 0.00 0.00
1475716661715 1660 1 2 196.000 0.000 0.00 0.00
1475716661715 1661 1 2 196.000 0.000 0.00 0.00
1475716661718 1662 1 2 196.000 0.000 0.00 0.00
1475716661718 1663 1 2 196.000 0.000 0.00 0.00
1475716661718 1664 1 2 196.000 0.000 0.00 0.00
1475716661719 1665 1 2 196.000 0.000 0.00 0.00
1475716661719 1666 1 2 196.000 0.000 0.00 0.00
1475716661719 1667 1 2 196.000 0.000 0.00 0.00
1475716661720 1668 1 2 196.000 0.000 0.00 0.00
1475716661720 1669 1 2 196.000 0.000 0.00 0.00
1475716661720 1670 1 2 196.000 0.000 0.00 0.00
1475716661720 1671 1 2 196.000 0.000 0.00 0.00
1475716661721 1672 1 2 196.000 0.000 0.00 0.00
1475716661721 1673 1 2 196.000 0.000 0.00 0.00
1475716661721 1674 1 2 196.000 0.000 0.00 0.00
1475716661725 1675 1 2 196.000 0.000 0.00 0.00
1475716661730 1676 1 2 196.000 0.000 0.00 0.00
1475716661730 1677 1 2 196.000 0.000 0.00 0.00
1475716661730 1678 1 2 196.000 0.000 0.00 0.00
1475716661731 1679 1 2 196.000 0.000 0.00 0.00
1475716661731 1680 1 2 196.000 0.000 0.00 0.00
1475716661731 1681 1 2 196.000 0.000 0.00 0.00
1475716661732 1682 1 2 196.000 0.000 0.00 0.00
1475716661732 1683 1 2 196.000 0.000 0.00 0.00
1475716661732 1684 1 2 196.000 0.000 0.00 0.00
1475716661732 1685 1 2 196.000 0.000 0.00 0.00
1475716661733 1686 1 2 196.000 0.000 0.00 0.00
1475716661733 1687 1 2 196.000 0.000 0.00 0.00
1475716661733 1688 1 2 196.000 0.000 0.00 0.00
1475716661733 1689 1 2 196.000 0.000 0.00 0.00
1475716661734 1690 1 2 196.000 0.000 0.00 0.00
1475716661734 1691 1 2 196.000 0.000 0.00 0.00
1475716661734 1692 1 2 196.000 0.000 0.00 0.00
1475716661734 1693 1 2 196.000 0.000 0.00 0.00
1475716661735 1694 1 2 196.000 0.000 0.00 0.00
1475716661735 1695 1 2 196.000 0.000 0.00 0.00
1475716661735 1696 1 2 196.000 0.000 0.00 0.00
1475716661736 1697 1 2 196.000 0.000 0.00 0.00
1475716661740 1698 1 2 196.000 0.000 0.00 0.00
1475716661745 1699 1 2 196.000 0.000 0.00 0.00
1475716661746 1700 1 2 196.000 0.000 0.00 0.00
1475716661746 1701 1 2 196.000 0.000 0.00 0.00
1475716661746 1702 1 2 196.000 0.000 0.00 0.00
1475716661747 1703 1 2 196.000 0.000 0.00 0.00
1475716661747 1704 1 2 196.000 0.000 0.00 0.00
1475716661775 1705 1 2 196.000 0.000 0.00 0.00
1475716661775 1706 1 2 196.000 0.000 0.00 0.00
1475716661775 1707 1 2 196.000 0.000 0.00 0.00
1475716661775 1708 1 2 196.000 0.000 0.00 0.00
1475716661776 1709 1 2 196.000 0.000 0.00 0.00
1475716661776 1710 1 2 196.000 0.000 0.00 0.00
1475716661776 1711 1 2 196.000 0.000 0.00 0.00
1475716661777 1712 1 2 196.000 0.000 0.00 0.00
1475716661777 1713 1 2 196.000 0.000 0.00 0.00
1475716661777 1714 1 2 196.000 0.000 0.00 0.00
1475716661777 1715 1 2 196.000 0.000 0.00 0.00
1475716661778 1716 1 2 196.000 0.000 0.00 0.00
1475716661778 1717 1 2 196.000 0.000 0.00 0.00
1475716661778 1718 1 2 196.000 0.000 0.00 0.00
1475716661778 1719 1 2 196.000 0.000 0.00 0.00
1475716661779 1720 1 2 196.000 0.000 0.00 0.00
1475716661779 1721 1 2 196.000 0.000 0.00 0.00
1475716661779 1722 1 2 196.000 0.000 0.00 0.00
1475716661779 1723 1 2 196.000 0.000 0.00 0.00
1475716661780 1724 1 2 196.000 0.000 0.00 0.00
1475716661784 1725 1 2 196.000 0.000 0.00 0.00
1475716661784 1726 1 2 196.000 0.000 0.00 0.00
1475716661785 1727 1 2 196.000 0.000 0.00 0.00
1475716661785 1728 1 2 196.000 0.000 0.00 0.00
1475716661785 1729 1 2 196.000 0.000 0.00 0.00
1475716661785 1730 1 2 196.000 0.000 0.00 0.00
1475716661786 1731 1 2 196.000 0.000 0.00 0.00
1475716661786 1732 1 2 196.000 0.000 0.00 0.00
1475716661786 1733 1 2 196.000 0.000 0.00 0.00
1475716661787 1734 1 2 196.000 0.000 0.00 0.00
1475716661787 1735 1 2 196.000 0.000 0.00 0.00
1475716661787 1736 1 2 196.000 0.000 0.00 0.00
1475716661787 1737 1 2 196.000 0.000 0.00 0.00
1475716661788 1738 1 2 196.000 0.000 0.00 0.00
1475716661788 1739 1 2 196.000 0.000 0.00 0.00
1475716661788 1740 1 2 196.000 0.000 0.00 0.00
1475716661789 1741 1 2 196.000 0.000 0.00 0.00
1475716661789 1742 1 2 196.000 0.000 0.00 0.00
1475716661789 1743 1 2 196.000 0.000 0.00 0.00
1475716661789 1744 1 2 196.000 0.000 0.00 0.00
1475716661790 1745 1 2 196.000 0.000 0.00 0.00
1475716661790 1746 1 2 196.000 0.000 0.00 0.00
1475716661790 1747 1 2 196.000 0.000 0.00 0.00
1475716661791 1748 1 2 196.000 0.000 0.00 0.00
1475716661794 1749 1 2 196.000 0.000 0.00 0.00
1475716661794 1750 1 2 196.000 0.000 0.00 0.00
1475716661794 1751 1 2 196.000 0.000 0.00 0.00
1475716661794 1752 1 2 196.000 0.000 0.00 0.00
1475716661795 1753 1 2 196.000 0.000 0.00 0.00
1475716661798 1754 1 2 196.000 0.000 0.00 0.00
1475716661798 1755 1 2 196.000 0.000 0.00 0.00
1475716661799 1756 1 2 196.000 0.000 0.00 0.00
1475716661799 1757 1 2 196.000 0.000 0.00 0.00
1475716661799 1758 1 2 196.000 0.000 0.00 0.00
1475716661799 1759 1 2 196.000 0.000 0.00 0.00
1475716661800 1760 1 2 196.000 0.000 0.00 0.00
1475716661800 1761 1 2 196.000 0.000 0.00 0.00
1475716661800 1762 1 2 196.000 0.000 0.00 0.00
1475716661801 1763 1 2 196.000 0.000 0.00 0.00
1475716661831 1764 1 2 196.000 0.000 0.00 0.00
1475716661832 1765 1 2 196.000 0.000 0.00 0.00
1475716661832 1766 1 2 196.000 0.000 0.00 0.00
1475716661832 1767 1 2 196.000 0.000 0.00 0.00
1475716661833 1768 1 2 196.000 0.000 0.00 0.00
1475716661833 1769 1 2 196.000 0.000 0.00 0.00
1475716661833 1770 1 2 196.000 0.000 0.00 0.00
1475716661833 1771 1 2 196.000 0.000 0.00 0.00
1475716661834 1772 1 2 196.000 0.000 0.00 0.00
1475716661834 1773 1 2 196.000 0.000 0.00 0.00
1475716661834 1774 1 2 196.000 0.000 0.00 0.00
1475716661835 1775 1 2 196.000 0.000 0.00 0.00
1475716661835 1776 1 2 196.000 0.000 0.00 0.00
1475716661835 1777 1 2 196.000 0.000 0.00 0.00
1475716661835 1778 1 2 196.000 0.000 0.00 0.00
1475716661836 1779 1 2 196.000 0.000 0.00 0.00
1475716661836 1780 1 2 196.000 0.000 0.00 0.00
1475716661836 1781 1 2 196.000 0.000 0.00 0.00
1475716661836 1782 1 2 196.000 0.000 0.00 0.00
1475716661837 1783 1 2 196.000 0.000 0.00 0.00
1475716661841 1784 1 2 196.000 0.000 0.00 0.00
1475716661841 1785 1 2 196.000 0.000 0.00 0.00
1475716661841 1786 1 2 196.000 0.000 0.00 0.00
1475716661842 1787 1 2 196.000 0.000 0.00 0.00
1475716661842 1788 1 2 196.000 0.000 0.00 0.00
1475716661842 1789 1 2 196.000 0.000 0.00 0.00
1475716661843 1790 1 2 196.000 0.000 0.00 0.00
1475716661843 1791 1 2 196.000 0.000 0.00 0.00
1475716661847 1792 1 2 196.000 0.000 0.00 0.00
1475716661847 1793 1 2 196.000 0.000 0.00 0.00
1475716661847 1794 1 2 196.000 0.000 0.00 0.00
1475716661847 1795 1 2 196.000 0.000 0.00 0.00
1475716661848 1796 1 2 196.000 0.000 0.00 0.00
1475716661848 1797 1 2 196.000 0.000 0.00 0.00
1475716661848 1798 1 2 196.000 0.000 0.00 0.00
1475716661849 1799 1 2 196.000 0.000 0.00 0.00
1475716661849 1800 1 2 196.000 0.000 0.00 0.00
1475716661849 1801 1 2 196.000 0.000 0.00 0.00
1475716661849 1802 1 2 196.000 0.000 0.00 0.00
1475716661850 1803 1 2 196.000 0.000 0.00 0.00
1475716661850 1804 1 2 196.000 0.000 0.00 0.00
1475716661850 1805 1 2 196.000 0.000 0.00 0.00
1475716661851 1806 1 2 196.000 0.000 0.00 0.00
1475716661851 1807 1 2 196.000 0.000 0.00 0.00
1475716661852 1808 1 2 196.000 0.000 0.00 0.00
1475716661854 1809 1 2 196.000 0.000 0.00 0.00
1475716661855 1810 1 2 196.000 0.000 0.00 0.00
1475716661855 1811 1 2 196.000 0.000 0.00 0.00
1475716661855 1812 1 2 196.000 0.000 0.00 0.00
1475716661856 1813 1 2 196.000 0.000 0.00 0.00
1475716661858 1814 1 2 196.000 0.000 0.00 0.00
1475716661859 1815 1 2 196.000 0.000 0.00 0.00
1475716661859 1816 1 2 196.000 0.000 0.00 0.00
1475716661859 1817 1 2 196.000 0.000 0.00 0.00
1475716661860 1818 1 2 196.000 0.000 0.00 0.00
1475716661860 1819 1 2 196.000 0.000 0.00 0.00
1475716661860 1820 1 2 196.000 0.000 0.00 0.00
1475716661860 1821 1 2 196.000 0.000 0.00 0.00
1475716661861 1822 1 2 196.000 0.000 0.00 0.00
1475716661861 1823 1 2 196.000 0.000 0.00 0.00
1475716661864 1824 1 2 196.000 0.000 0.00 0.00
1475716661864 1825 1 2 196.000 0.000 0.00 0.00
1475716661865 1826 1 2 196.000 0.000 0.00 0.00
1475716661865 1827 1 2 196.000 0.000 0.00 0.00
1475716661865 1828 1 2 196.000 0.000 0.00 0.00
1475716661865 1829 1 2 196.000 0.000 0.00 0.00
1475716661868 1830 1 2 196.000 0.000 0.00 0.00
1475716661869 1831 1 2 196.000 0.000 0.00 0.00
1475716661869 1832 1 2 196.000 0.000 0.00 0.00
1475716661869 1833 1 2 196.000 0.000 0.00 0.00
1475716661869 1834 1 2 196.000 0.000 0.00 0.00
1475716661870 1835 1 2 196.000 0.000 0.00 0.00
1475716661870 1836 1 2 196.000 0.000 0.00 0.00
1475716661870 1837 1 2 196.000 0.000 0.00 0.00
1475716661871 1838 1 2 196.000 0.000 0.00 0.00
1475716661871 1839 1 2 196.000 0.000 0.00 0.00
1475716661871 1840 1 2 196.000 0.000 0.00 0.00
1475716661871 1841 1 2 196.000 0.000 0.00 0.00
1475716661874 1842 1 2 196.000 0.000 0.00 0.00
1475716661874 1843 1 2 196.000 0.000 0.00 0.00
1475716661874 1844 1 2 196.000 0.000 0.00 0.00
1475716661877 1845 1 2 196.000 0.000 0.00 0.00
1475716661877 1846 1 2 196.000 0.000 0.00 0.00
1475716661878 1847 1 2 196.000 0.000 0.00 0.00
1475716661878 1848 1 2 196.000 0.000 0.00 0.00
1475716661878 1849 1 2 196.000 0.000 0.00 0.00
1475716661879 1850 1 2 196.000 0.000 0.00 0.00
1475716661879 1851 