Serial_number: 0 
Time Data_Count Cycle State Desired_force_(psi) Measured_force_(psi) Toe_sensor Heel_Sensor
1484788789947 0 0 0 300.000 0.000 223296.23 846672.86
1484788789980 1 0 1 300.000 0.000 223296.23 739530.00
1484788789988 2 0 1 300.000 0.000 223296.23 807711.82
1484788789998 3 0 1 300.000 0.000 226372.11 807711.82
1484788790011 4 0 1 300.000 0.000 220299.23 772138.70
1484788790023 5 0 1 300.000 0.000 220299.23 772138.70
1484788790035 6 0 1 300.000 0.000 223296.23 846672.86
1484788790053 7 0 1 300.000 0.000 220299.23 807711.82
1484788790066 8 0 1 300.000 0.000 217378.10 807711.82
1484788790077 9 0 1 300.000 0.000 223296.23 846672.86
1484788790089 10 0 1 300.000 0.000 220299.23 846672.86
1484788790100 11 0 1 300.000 0.000 220299.23 846672.86
1484788790113 12 0 1 300.000 0.000 223296.23 807711.82
1484788790120 13 0 1 300.000 0.000 223296.23 772138.70
1484788790126 14 0 1 300.000 0.000 223296.23 807711.82
1484788790132 15 0 1 300.000 0.000 226372.11 807711.82
1484788790138 16 0 1 300.000 0.000 223296.23 739530.00
1484788790143 17 0 1 300.000 0.000 220299.23 772138.70
1484788790153 18 0 1 300.000 0.000 217378.10 807711.82
1484788790163 19 0 1 300.000 0.000 220299.23 807711.82
1484788790167 20 0 1 300.000 0.000 220299.23 807711.82
1484788790179 21 0 1 300.000 0.000 223296.23 846672.86
1484788790193 22 0 1 300.000 0.000 223296.23 846672.86
1484788790197 23 0 1 300.000 0.000 226372.11 807711.82
1484788790211 24 0 1 300.000 0.000 220299.23 807711.82
1484788790219 25 0 1 300.000 0.000 223296.23 807711.82
1484788790225 26 0 1 300.000 0.000 223296.23 846672.86
1484788790230 27 0 1 300.000 0.000 220299.23 807711.82
1484788790235 28 0 1 300.000 0.000 223296.23 846672.86
1484788790241 29 0 1 300.000 0.000 220299.23 807711.82
1484788790246 30 0 1 300.000 0.484 223296.23 807711.82
1484788790256 31 0 1 300.000 0.000 220299.23 889530.00
1484788790265 32 0 1 300.000 0.000 226372.11 772138.70
1484788790277 33 0 1 300.000 0.000 220299.23 807711.82
1484788790286 34 0 1 300.000 0.000 220299.23 772138.70
1484788790291 35 0 1 300.000 0.000 226372.11 772138.70
1484788790301 36 0 1 300.000 0.000 220299.23 807711.82
1484788790325 37 0 1 300.000 0.000 223296.23 807711.82
1484788790346 38 0 1 300.000 0.000 217378.10 807711.82
1484788790357 39 0 1 300.000 0.000 223296.23 846672.86
1484788790384 40 0 1 300.000 0.000 226372.11 772138.70
1484788790391 41 0 1 300.000 0.000 223296.23 807711.82
1484788790401 42 0 1 300.000 0.000 223296.23 807711.82
1484788790424 43 0 1 300.000 0.000 223296.23 807711.82
1484788790432 44 0 1 300.000 0.000 226372.11 807711.82
1484788790436 45 0 1 300.000 0.000 223296.23 807711.82
1484788790447 46 0 1 300.000 0.000 223296.23 772138.70
1484788790451 47 0 1 300.000 0.000 220299.23 807711.82
1484788790456 48 0 1 300.000 0.484 220299.23 807711.82
1484788790460 49 0 1 300.000 0.484 223296.23 807711.82
1484788790464 50 0 1 300.000 0.000 223296.23 739530.00
1484788790468 51 0 1 300.000 0.000 226372.11 772138.70
1484788790471 52 0 2 300.000 0.000 220299.23 772138.70
1484788790475 53 0 2 300.000 0.000 223296.23 807711.82
1484788790479 54 0 2 300.000 0.000 226372.11 772138.70
1484788790483 55 0 2 300.000 0.000 226372.11 772138.70
1484788790493 56 0 2 300.000 0.000 220299.23 772138.70
1484788790497 57 0 2 300.000 0.000 226372.11 772138.70
1484788790501 58 0 2 300.000 0.000 223296.23 807711.82
1484788790505 59 0 2 300.000 0.000 223296.23 807711.82
1484788790510 60 0 2 300.000 0.000 223296.23 772138.70
1484788790514 61 0 2 300.000 0.000 223296.23 807711.82
1484788790518 62 0 2 300.000 0.000 226372.11 807711.82
1484788790521 63 0 2 300.000 0.000 223296.23 772138.70
1484788790532 64 0 2 300.000 0.000 226372.11 807711.82
1484788790536 65 0 2 300.000 0.000 223296.23 772138.70
1484788790540 66 0 2 300.000 0.000 220299.23 739530.00
1484788790544 67 0 2 300.000 0.000 223296.23 772138.70
1484788790547 68 0 2 300.000 0.000 226372.11 807711.82
1484788790551 69 0 2 300.000 0.000 226372.11 807711.82
1484788790562 70 0 2 300.000 0.000 223296.23 846672.86
1484788790566 71 0 2 300.000 0.000 223296.23 846672.86
1484788790570 72 0 2 300.000 0.000 223296.23 739530.00
1484788790578 73 0 2 300.000 0.000 220299.23 807711.82
1484788790585 74 0 2 300.000 0.000 223296.23 807711.82
1484788790589 75 0 2 300.000 0.000 226372.11 807711.82
1484788790594 76 0 2 300.000 0.000 223296.23 772138.70
1484788790598 77 0 2 300.000 0.000 223296.23 807711.82
1484788790602 78 0 2 300.000 0.484 223296.23 807711.82
1484788790606 79 0 2 300.000 0.000 223296.23 807711.82
1484788790610 80 0 2 300.000 0.000 223296.23 772138.70
1484788790614 81 0 2 300.000 0.000 223296.23 772138.70
1484788790618 82 0 2 300.000 0.000 226372.11 846672.86
1484788790629 83 0 2 300.000 0.000 223296.23 772138.70
1484788790633 84 0 2 300.000 0.000 220299.23 772138.70
1484788790637 85 0 2 300.000 0.000 223296.23 772138.70
1484788790641 86 0 2 300.000 0.000 226372.11 772138.70
1484788790653 87 0 2 300.000 0.000 226372.11 807711.82
1484788790658 88 0 2 300.000 0.000 223296.23 807711.82
1484788790663 89 0 2 300.000 0.000 220299.23 772138.70
1484788790667 90 0 2 300.000 0.000 220299.23 807711.82
1484788790670 91 0 2 300.000 0.000 226372.11 772138.70
1484788790674 92 0 2 300.000 0.000 223296.23 807711.82
1484788790678 93 0 2 300.000 0.000 223296.23 772138.70
1484788790682 94 0 2 300.000 0.000 226372.11 772138.70
1484788790686 95 0 2 300.000 0.000 223296.23 807711.82
1484788790690 96 0 2 300.000 0.000 223296.23 739530.00
1484788790701 97 0 2 300.000 0.000 226372.11 807711.82
1484788790705 98 0 2 300.000 0.000 220299.23 772138.70
1484788790709 99 0 2 300.000 0.000 220299.23 807711.82
1484788790720 100 0 2 300.000 0.000 223296.23 846672.86
1484788790724 101 1 2 300.000 0.000 223296.23 772138.70
1484788790728 102 1 1 300.000 0.000 226372.11 846672.86
1484788790733 103 1 1 300.000 0.000 217378.10 807711.82
1484788790737 104 1 1 300.000 0.000 223296.23 807711.82
1484788790741 105 1 1 300.000 0.000 223296.23 807711.82
1484788790744 106 1 1 300.000 0.000 226372.11 807711.82
1484788790748 107 1 1 300.000 0.000 220299.23 807711.82
1484788790752 108 1 1 300.000 0.000 220299.23 807711.82
1484788790756 109 1 1 300.000 0.000 220299.23 772138.70
1484788790760 110 1 1 300.000 0.000 223296.23 807711.82
1484788790771 111 1 1 300.000 0.000 226372.11 807711.82
1484788790775 112 1 1 300.000 0.000 220299.23 846672.86
1484788790779 113 1 1 300.000 0.000 226372.11 807711.82
1484788790783 114 1 1 300.000 -0.484 226372.11 772138.70
1484788790787 115 1 1 300.000 0.000 223296.23 846672.86
1484788790791 116 1 1 300.000 0.000 226372.11 772138.70
1484788790795 117 1 1 300.000 0.000 243051.13 846672.86
1484788790805 118 1 1 300.000 -0.484 246672.86 846672.86
1484788790810 119 1 1 300.000 0.000 254235.88 807711.82
1484788790813 120 1 1 300.000 -0.484 258186.72 807711.82
1484788790817 121 1 1 300.000 -0.484 254235.88 846672.86
1484788790821 122 1 1 300.000 0.000 254235.88 807711.82
1484788790825 123 1 1 300.000 0.484 254235.88 889530.00
1484788790835 124 1 1 300.000 27.091 250399.57 846672.86
1484788790840 125 1 1 300.000 29.510 246672.86 846672.86
1484788790844 126 1 1 300.000 30.477 243051.13 807711.82
1484788790848 127 1 1 300.000 24.672 246672.86 846672.86
1484788790852 128 1 1 300.000 10.643 258186.72 1114530.00
1484788790856 129 1 1 300.000 -0.484 262257.27 936898.42
1484788790860 130 1 1 300.000 0.000 266453.08 1275244.29
1484788790870 131 1 1 300.000 -0.484 258186.72 1048353.53
1484788790874 132 1 1 300.000 -0.484 254235.88 989530.00
1484788790878 133 1 1 300.000 0.000 254235.88 936898.42
1484788790882 134 1 1 300.000 -0.484 254235.88 936898.42
1484788790886 135 1 1 300.000 -0.484 258186.72 989530.00
1484788790890 136 1 1 300.000 -0.484 254235.88 846672.86
1484788790893 137 1 1 300.000 -0.484 254235.88 889530.00
1484788790899 138 1 1 300.000 -0.484 246672.86 889530.00
1484788790903 139 1 1 300.000 -0.484 246672.86 889530.00
1484788790913 140 1 1 300.000 0.000 246672.86 936898.42
1484788790917 141 1 1 300.000 -0.484 246672.86 889530.00
1484788790921 142 1 1 300.000 0.000 246672.86 936898.42
1484788790925 143 1 1 300.000 -0.484 243051.13 889530.00
1484788790929 144 1 1 300.000 -0.484 243051.13 936898.42
1484788790933 145 1 1 300.000 -0.484 243051.13 846672.86
1484788790937 146 1 1 300.000 -0.484 239530.00 846672.86
1484788790941 147 1 1 300.000 0.000 243051.13 889530.00
1484788790945 148 1 1 300.000 -0.484 243051.13 889530.00
1484788790949 149 1 1 300.000 -0.484 239530.00 936898.42
1484788790953 150 1 1 300.000 -0.484 239530.00 936898.42
1484788790963 151 1 1 300.000 -0.484 239530.00 846672.86
1484788790967 152 1 1 300.000 -0.484 239530.00 889530.00
1484788790971 153 1 1 300.000 -0.484 239530.00 889530.00
1484788790982 154 1 1 300.000 -0.484 239530.00 846672.86
1484788790986 155 1 1 300.000 0.000 239530.00 936898.42
1484788791004 156 1 1 300.000 -0.484 236105.34 889530.00
1484788791010 157 1 1 300.000 0.000 239530.00 846672.86
1484788791014 158 1 1 300.000 -0.484 239530.00 989530.00
1484788791019 159 1 1 300.000 -0.484 232773.24 936898.42
1484788791026 160 1 1 300.000 -0.484 246672.86 1189530.00
1484788791034 161 1 1 300.000 0.000 187332.20 656196.67
1484788791038 162 1 1 300.000 -0.484 150244.29 102030.00
1484788791042 163 1 1 300.000 0.000 113667.93 34756.13
1484788791047 164 1 1 300.000 41.120 62404.49 31293.34
1484788791050 165 1 1 300.000 56.601 44575.87 24963.07
1484788791054 166 1 1 300.000 66.760 32799.23 17264.98
1484788791058 167 1 1 300.000 78.371 24413.72 8577.62
1484788791068 168 1 1 300.000 119.007 13626.39 7767.08
1484788791073 169 1 1 300.000 131.585 11670.22 5908.53
1484788791076 170 1 1 300.000 145.615 10411.67 5445.12
1484788791080 171 1 1 300.000 163.030 9641.73 5195.80
1484788791084 172 1 1 300.000 179.962 8989.46 5953.36
1484788791088 173 1 1 300.000 195.443 8378.17 6887.76
1484788791093 174 1 1 300.000 214.310 7822.68 7494.07
1484788791097 175 1 1 300.000 227.855 7387.14 6543.23
1484788791101 176 1 1 300.000 240.433 7005.73 4381.49
1484788791111 177 1 1 300.000 275.265 6104.59 11009.71
1484788791116 178 1 1 300.000 289.294 5849.13 9574.54
1484788791120 179 1 1 300.000 301.388 5644.59 27186.90
1484788791124 180 1 1 300.000 314.450 5473.31 316802.73
1484788791128 181 1 1 300.000 324.609 5278.03 8989530.00
1484788791132 182 1 1 300.000 333.801 5087.48 8989530.00
1484788791136 183 1 1 300.000 343.960 4927.78 8048.52
1484788791140 184 1 1 300.000 353.152 4784.24 112817.67
1484788791144 185 1 1 300.000 363.311 4668.77 31293.34
1484788791147 186 1 1 300.000 372.503 4542.51 19630.33
1484788791151 187 1 1 300.000 381.210 4272.01 8989530.00
1484788791162 188 1 1 300.000 402.980 4164.15 552030.00
1484788791166 189 1 1 300.000 410.237 4057.85 380834.35
1484788791170 190 1 1 300.000 417.493 3976.23 5989530.00
1484788791180 191 1 1 300.000 435.876 3781.78 8989530.00
1484788791184 192 1 1 300.000 441.682 3714.40 846672.86
1484788791189 193 1 1 300.000 448.454 3636.58 5989530.00
1484788791193 194 1 1 300.000 453.776 3592.50 8989530.00
1484788791197 195 1 1 300.000 458.614 3537.78 17989530.00
1484788791201 196 1 1 300.000 463.451 3494.31 17989530.00
1484788791205 197 1 1 300.000 468.289 3429.61 17989530.00
1484788791208 198 1 1 300.000 472.159 3408.18 17989530.00
1484788791212 199 1 1 300.000 476.029 3376.15 17989530.00
1484788791216 200 1 1 300.000 479.416 3333.68 5989530.00
1484788791227 201 1 1 300.000 488.123 3239.06 5989530.00
1484788791231 202 1 1 300.000 491.026 3207.81 17989530.00
1484788791235 203 1 2 300.000 493.445 3166.36 17989530.00
1484788791240 204 1 2 300.000 495.864 3156.04 inf
1484788791244 205 1 2 300.000 497.799 3135.44 inf
1484788791248 206 1 2 300.000 499.250 3114.91 17989530.00
1484788791252 207 1 2 300.000 500.701 3104.66 8989530.00
1484788791262 208 1 2 300.000 502.637 3053.67 8989530.00
1484788791266 209 1 2 300.000 504.088 3033.38 8989530.00
1484788791270 210 1 2 300.000 494.896 3023.25 5989530.00
1484788791274 211 1 2 300.000 470.224 3053.67 8989530.00
1484788791278 212 1 2 300.000 443.617 3156.04 5989530.00
1484788791282 213 1 2 300.000 415.558 3270.46 8989530.00
1484788791287 214 1 2 300.000 377.824 3483.49 5989530.00
1484788791291 215 1 2 300.000 347.830 3669.83 739530.00
1484788791295 216 1 2 300.000 318.320 3884.07 17989530.00
1484788791329 217 1 2 300.000 93.368 8699.33 24549.46
1484788791350 218 1 2 300.000 3.870 18656.21 26643.40
1484788791355 219 1 2 300.000 -0.484 34642.78 68477.37
1484788791362 220 1 2 300.000 0.000 64218.80 173203.47
1484788791372 221 1 2 300.000 0.000 83280.00 294614.75
1484788791379 222 1 2 300.000 -0.484 99286.10 299874.83
1484788791391 223 1 2 300.000 -0.484 121882.94 570175.16
1484788791412 224 1 2 300.000 -0.484 175097.01 610219.66
1484788791419 225 1 2 300.000 0.000 189530.00 709530.00
1484788791429 226 1 2 300.000 0.000 196426.55 772138.70
1484788791436 227 1 2 300.000 0.000 211752.22 846672.86
1484788791444 228 1 2 300.000 0.000 214530.00 846672.86
1484788791457 229 1 2 300.000 0.000 223296.23 936898.42
1484788791465 230 1 2 300.000 -0.484 229530.00 989530.00
1484788791472 231 1 2 300.000 -0.484 232773.24 989530.00
1484788791479 232 1 2 300.000 -0.484 246672.86 1048353.53
1484788791489 233 2 2 300.000 -0.484 246672.86 1114530.00
1484788791498 234 2 1 300.000 -0.484 243051.13 1114530.00
1484788791507 235 2 1 300.000 0.000 258186.72 1114530.00
1484788791528 236 2 1 300.000 -0.484 266453.08 1114530.00
1484788791536 237 2 1 300.000 3.870 266453.08 846672.86
1484788791545 238 2 1 300.000 30.961 279852.58 807711.82
1484788791554 239 2 1 300.000 25.640 275244.29 989530.00
1484788791565 240 2 1 300.000 -0.484 284611.97 1189530.00
1484788791570 241 2 1 300.000 0.000 289530.00 1489530.00
1484788791578 242 2 1 300.000 0.000 294614.75 1374145.38
1484788791620 243 2 1 300.000 0.000 289530.00 1275244.29
1484788791624 244 2 1 300.000 0.000 294614.75 1275244.29
1484788791628 245 2 1 300.000 0.000 284611.97 1374145.38
1484788791632 246 2 1 300.000 0.000 289530.00 1489530.00
1484788791637 247 2 1 300.000 -0.484 284611.97 1374145.38
1484788791641 248 2 1 300.000 -0.484 289530.00 1625893.64
1484788791644 249 2 1 300.000 -0.484 294614.75 1374145.38
1484788791648 250 2 1 300.000 -0.484 294614.75 1489530.00
1484788791659 251 2 1 300.000 -0.484 294614.75 1625893.64
1484788791663 252 2 1 300.000 0.000 294614.75 1989530.00
1484788791667 253 2 1 300.000 0.000 299874.83 2989530.00
1484788791670 254 2 1 300.000 -0.484 305319.47 17989530.00
1484788791674 255 2 1 300.000 -0.484 322863.33 inf
1484788791678 256 2 1 300.000 0.000 217378.10 372508.72
1484788791683 257 2 1 300.000 -0.484 67790.87 41105.93
1484788791687 258 2 1 300.000 0.000 37275.36 24145.38
1484788791691 259 2 1 300.000 11.610 31004.65 24617.72
1484788791695 260 2 1 300.000 48.377 19630.33 13152.05
1484788791704 261 2 1 300.000 96.754 14846.46 10681.59
1484788791710 262 2 1 300.000 114.170 12257.27 5908.53
1484788791715 263 2 1 300.000 133.037 10291.25 4980.64
1484788791719 264 2 1 300.000 147.550 9223.65 12086.39
1484788791723 265 2 1 300.000 163.514 8678.94 14289.28
1484788791727 266 2 1 300.000 180.446 8163.54 5893.64
1484788791730 267 2 1 300.000 197.862 7638.65 11862.51
1484788791734 268 2 1 300.000 213.826 7263.99 6415.55
1484788791738 269 2 1 300.000 227.855 6938.12 5908.53
1484788791742 270 2 1 300.000 240.917 6119.86 11697.49
1484788791752 271 2 1 300.000 273.814 5760.84 11216.75
1484788791757 272 2 1 300.000 288.327 5487.45 9031.63
1484788791760 273 2 1 300.000 302.356 5333.34 9052.78
1484788791765 274 2 1 300.000 317.837 5155.00 3386.81
1484788791769 275 2 1 300.000 327.512 5033.88 13339.52
1484788791773 276 2 1 300.000 337.187 4823.12 9984.55
1484788791777 277 2 1 300.000 346.863 4656.05 9331.98
1484788791788 278 2 1 300.000 374.438 4272.01 10031.14
1484788791792 279 2 1 300.000 384.597 4199.93 6656.55
1484788791796 280 2 1 300.000 393.305 4081.33 5291.82
1484788791799 281 2 1 300.000 401.045 3999.45 8182.85
1484788791803 282 2 1 300.000 408.301 3907.00 9310.22
1484788791807 283 2 1 300.000 415.558 3815.71 10387.47
1484788791812 284 2 1 300.000 424.750 3725.58 9463.55
1484788791816 285 2 1 300.000 432.490 3636.58 19580.08
1484788791820 286 2 1 300.000 439.746 3570.56 13594.17
1484788791824 287 2 1 300.000 446.035 3494.31 29530.00
1484788791828 288 2 1 300.000 453.292 3472.68 27424.74
1484788791832 289 2 1 300.000 458.130 3397.49 681837.69
1484788791836 290 2 1 300.000 463.451 3354.88 1489530.00
1484788791840 291 2 1 300.000 468.289 3239.06 1989530.00
1484788791850 292 2 1 300.000 481.351 3187.06 1114530.00
1484788791855 293 2 1 300.000 486.188 3145.73 335683.85
1484788791859 294 2 1 300.000 489.575 3125.17 739530.00
1484788791862 295 2 1 300.000 492.961 3094.43 8989530.00
1484788791866 296 2 1 300.000 496.348 3074.02 inf
1484788791870 297 2 1 300.000 499.250 3043.51 17989530.00
1484788791881 298 2 1 300.000 506.990 2972.87 8989530.00
1484788791885 299 2 1 300.000 508.926 2942.82 17989530.00
1484788791889 300 2 1 300.000 511.344 2922.86 8989530.00
1484788791896 301 2 1 300.000 514.247 2902.96 17989530.00
1484788791904 302 2 1 300.000 516.182 2863.33 17989530.00
1484788791908 303 2 1 300.000 517.633 2843.61 8989530.00
1484788791913 304 2 1 300.000 518.601 2843.61 8989530.00
1484788791917 305 2 1 300.000 518.601 2833.77 17989530.00
1484788791921 306 2 1 300.000 519.568 2814.13 17989530.00
1484788791924 307 2 1 300.000 520.052 2794.55 17989530.00
1484788791928 308 2 1 300.000 521.504 2794.55 17989530.00
1484788791932 309 2 1 300.000 522.471 2794.55 17989530.00
1484788791936 310 2 1 300.000 522.955 2775.03 17989530.00
1484788791940 311 2 1 300.000 523.439 2765.29 17989530.00
1484788791950 312 2 1 300.000 526.341 2736.16 17989530.00
1484788791954 313 2 1 300.000 526.825 2745.86 inf
1484788791958 314 2 1 300.000 527.309 2736.16 17989530.00
1484788791969 315 2 1 300.000 528.276 2707.16 17989530.00
1484788791973 316 2 1 300.000 528.276 2707.16 5989530.00
1484788791977 317 2 1 300.000 528.276 2687.89 8989530.00
1484788791987 318 2 1 300.000 528.760 2697.52 8989530.00
1484788791991 319 2 1 300.000 528.760 2668.69 17989530.00
1484788791995 320 2 1 300.000 528.760 2668.69 inf
1484788791999 321 2 1 300.000 529.244 2678.28 inf
1484788792003 322 2 2 300.000 529.244 2668.69 8989530.00
1484788792007 323 2 2 300.000 529.244 2678.28 8989530.00
1484788792018 324 2 2 300.000 529.728 2639.98 17989530.00
1484788792022 325 2 2 300.000 529.728 2649.53 inf
1484788792026 326 2 2 300.000 528.760 2639.98 8989530.00
1484788792030 327 2 2 300.000 528.276 2630.44 17989530.00
1484788792041 328 2 2 300.000 504.088 2659.10 17989530.00
1484788792045 329 2 2 300.000 475.545 2726.48 31586.07
1484788792050 330 2 2 300.000 442.649 2833.77 39253.76
1484788792054 331 2 2 300.000 414.107 2972.87 11035.38
1484788792058 332 2 2 300.000 386.048 3114.91 30070.54
1484788792062 333 2 2 300.000 357.989 3291.47 12815.90
1484788792065 334 2 2 300.000 329.931 3440.36 11295.42
1484788792069 335 2 2 300.000 303.323 3636.58 11086.89
1484788792073 336 2 2 300.000 276.232 3872.63 12937.02
1484788792077 337 2 2 300.000 250.593 4104.90 5615.79
1484788792087 338 2 2 300.000 182.381 5060.63 7804.11
1484788792092 339 2 2 300.000 157.709 5515.79 30909.31
1484788792096 340 2 2 300.000 134.488 6013.52 9031.63
1484788792103 341 2 2 300.000 91.432 7897.35 7056.78
1484788792111 342 2 2 300.000 54.666 9073.97 7108.12
1484788792115 343 2 2 300.000 37.734 14846.46 24617.72
1484788792126 344 2 2 300.000 2.903 19630.33 22020.97
1484788792130 345 2 2 300.000 0.000 25244.29 33432.44
1484788792133 346 2 2 300.000 0.000 33113.54 57454.53
1484788792137 347 2 2 300.000 -0.484 43584.05 93576.24
1484788792141 348 2 2 300.000 0.000 55706.47 127991.54
1484788792145 349 2 2 300.000 0.000 68477.37 229530.00
1484788792156 350 2 2 300.000 -0.484 92978.28 266453.08
1484788792160 351 2 2 300.000 -0.484 99959.45 316802.73
1484788792164 352 2 2 300.000 -0.484 111151.62 349530.00
1484788792168 353 2 2 300.000 -0.484 122863.33 398620.91
1484788792172 354 2 2 300.000 -0.484 132387.14 428554.39
1484788792176 355 2 2 300.000 0.000 140790.50 439530.00
1484788792180 356 2 2 300.000 0.000 150244.29 489530.00
1484788792188 357 2 2 300.000 0.000 173203.47 589530.00
1484788792195 358 2 2 300.000 0.000 183078.39 632387.14
1484788792199 359 2 2 300.000 -0.484 189530.00 681837.69
1484788792203 360 2 2 300.000 -0.484 191777.19 772138.70
1484788792207 361 2 2 300.000 0.000 203815.71 739530.00
1484788792210 362 2 2 300.000 -0.484 203815.71 739530.00
1484788792214 363 2 2 300.000 0.000 220299.23 846672.86
1484788792225 364 2 2 300.000 0.000 217378.10 807711.82
1484788792229 365 2 2 300.000 0.000 223296.23 846672.86
1484788792233 366 2 2 300.000 -0.484 226372.11 889530.00
1484788792244 367 2 2 300.000 -0.484 236105.34 889530.00
1484788792248 368 2 2 300.000 0.000 239530.00 989530.00
1484788792253 369 3 2 300.000 -0.484 236105.34 989530.00
1484788792257 370 3 1 300.000 0.000 239530.00 989530.00
1484788792261 371 3 1 300.000 0.000 239530.00 1048353.53
1484788792265 372 3 1 300.000 0.000 239530.00 1048353.53
1484788792269 373 3 1 300.000 0.000 246672.86 1114530.00
1484788792273 374 3 1 300.000 0.000 246672.86 1048353.53
1484788792276 375 3 1 300.000 0.000 239530.00 1189530.00
1484788792280 376 3 1 300.000 0.000 246672.86 936898.42
1484788792291 377 3 1 300.000 0.000 250399.57 1048353.53
1484788792295 378 3 1 300.000 4.354 258186.72 889530.00
1484788792299 379 3 1 300.000 48.861 266453.08 889530.00
1484788792309 380 3 1 300.000 32.896 258186.72 846672.86
1484788792313 381 3 1 300.000 29.026 258186.72 807711.82
1484788792317 382 3 1 300.000 4.838 258186.72 936898.42
1484788792322 383 3 1 300.000 0.000 266453.08 1114530.00
1484788792326 384 3 1 300.000 -0.484 258186.72 1048353.53
1484788792330 385 3 1 300.000 -0.484 258186.72 1275244.29
1484788792334 386 3 1 300.000 0.000 262257.27 1489530.00
1484788792338 387 3 1 300.000 -0.484 262257.27 1374145.38
1484788792342 388 3 1 300.000 0.000 258186.72 1489530.00
1484788792345 389 3 1 300.000 -0.484 266453.08 1374145.38
1484788792349 390 3 1 300.000 -0.484 270780.00 1114530.00
1484788792360 391 3 1 300.000 8.708 284611.97 1189530.00
1484788792364 392 3 1 300.000 8.224 284611.97 1114530.00
1484788792368 393 3 1 300.000 6.289 284611.97 1114530.00
1484788792375 394 3 1 300.000 -0.484 299874.83 1374145.38
1484788792383 395 3 1 300.000 -0.484 299874.83 1275244.29
1484788792393 396 3 1 300.000 -0.484 299874.83 1789530.00
1484788792398 397 3 1 300.000 0.000 299874.83 1789530.00
1484788792401 398 3 1 300.000 -0.484 299874.83 1789530.00
1484788792405 399 3 1 300.000 -0.484 305319.47 1789530.00
1484788792409 400 3 1 300.000 0.000 316802.73 2989530.00
1484788792413 401 3 1 300.000 -0.484 322863.33 5989530.00
1484788792417 402 3 1 300.000 -0.484 380834.35 inf
1484788792428 403 3 1 300.000 -0.484 59568.91 26189.88
1484788792432 404 3 1 300.000 12.094 30909.31 19232.97
1484788792436 405 3 1 300.000 37.250 24686.25 11588.82
1484788792446 406 3 1 300.000 86.595 15541.56 9709.37
1484788792450 407 3 1 300.000 108.848 13308.07 7440.45
1484788792461 408 3 1 300.000 146.582 9223.65 3953.08
1484788792465 409 3 1 300.000 163.030 8417.72 4980.64
1484788792469 410 3 1 300.000 179.478 7953.75 3516.01
1484788792473 411 3 1 300.000 195.927 7512.02 3084.22
1484788792477 412 3 1 300.000 212.859 7090.98 3270.46
1484788792481 413 3 1 300.000 228.339 6754.88 3376.15
1484788792484 414 3 1 300.000 241.401 6028.63 6559.33
1484788792495 415 3 1 300.000 274.297 5717.05 3013.15
1484788792499 416 3 1 300.000 288.327 5403.02 8719.77
1484788792503 417 3 1 300.000 301.872 5195.80 4357.02
1484788792513 418 3 1 300.000 333.317 4823.12 3548.69
1484788792518 419 3 1 300.000 344.928 4630.67 8760.77
1484788792522 420 3 1 300.000 354.603 4259.95 2794.55
1484788792533 421 3 1 300.000 381.694 4152.26 6336.72
1484788792537 422 3 1 300.000 390.886 4046.13 5291.82
1484788792541 423 3 1 300.000 399.594 3964.64 4308.33
1484788792544 424 3 1 300.000 407.818 3872.63 4187.98
1484788792548 425 3 1 300.000 415.074 3793.07 2332.28
1484788792552 426 3 1 300.000 421.847 3703.23 3494.31
1484788792563 427 3 1 300.000 441.682 3505.16 14357.59
1484788792567 428 3 1 300.000 448.938 3440.36 4057.85
1484788792571 429 3 1 300.000 454.743 3408.18 5417.03
1484788792581 430 3 1 300.000 469.256 3280.95 5209.44
1484788792586 431 3 1 300.000 474.578 3228.63 3074.02
1484788792590 432 3 1 300.000 479.416 3166.36 8989.46
1484788792595 433 3 1 300.000 485.705 3125.17 2902.96
1484788792598 434 3 1 300.000 490.058 3104.66 2902.96
1484788792602 435 3 1 300.000 492.961 3053.67 8163.54
1484788792606 436 3 1 300.000 496.348 3053.67 6415.55
1484788792610 437 3 1 300.000 499.734 3023.25 10484.60
1484788792614 438 3 1 300.000 502.637 2982.91 7299.00
1484788792618 439 3 1 300.000 505.539 2972.87 6656.55
1484788792622 440 3 1 300.000 508.442 2912.90 5530.00
1484788792633 441 3 1 300.000 514.247 2883.12 5908.53
1484788792637 442 3 1 300.000 515.698 2863.33 12171.51
1484788792641 443 3 1 300.000 516.666 2843.61 8125.04
1484788792651 444 3 1 300.000 520.052 2814.13 4320.47
1484788792656 445 3 1 300.000 521.020 2794.55 12815.90
1484788792663 446 3 1 300.000 521.504 2775.03 47407.81
1484788792670 447 3 1 300.000 522.955 2765.29 17989530.00
1484788792675 448 3 1 300.000 524.406 2755.57 8989530.00
1484788792679 449 3 1 300.000 525.374 2745.86 17989530.00
1484788792683 450 3 1 300.000 526.341 2736.16 17989530.00
1484788792688 451 3 1 300.000 526.825 2726.48 17989530.00
1484788792699 452 3 1 300.000 528.760 2707.16 17989530.00
1484788792703 453 3 1 300.000 529.728 2687.89 17989530.00
1484788792707 454 3 1 300.000 530.211 2687.89 8989530.00
1484788792715 455 3 1 300.000 530.211 2687.89 17989530.00
1484788792722 456 3 1 300.000 530.211 2668.69 17989530.00
1484788792726 457 3 1 300.000 530.211 2659.10 inf
1484788792737 458 3 1 300.000 530.211 2659.10 17989530.00
1484788792741 459 3 1 300.000 530.695 2659.10 17989530.00
1484788792745 460 3 1 300.000 530.211 2630.44 37658.34
1484788792749 461 3 1 300.000 530.695 2630.44 23364.59
1484788792753 462 3 1 300.000 530.211 2630.44 15961.72
1484788792756 463 3 1 300.000 530.695 2620.91 17743.17
1484788792767 464 3 1 300.000 531.179 2620.91 23556.47
1484788792771 465 3 2 300.000 531.179 2620.91 15354.96
1484788792775 466 3 2 300.000 530.695 2601.90 24617.72
1484788792785 467 3 2 300.000 530.211 2611.40 32387.14
1484788792790 468 3 2 300.000 530.211 2601.90 16157.22
1484788792794 469 3 2 300.000 529.728 2592.41 19731.34
1484788792804 470 3 2 300.000 526.825 2582.94 20998.53
1484788792808 471 3 2 300.000 512.312 2601.90 35331.53
1484788792812 472 3 2 300.000 485.705 2649.53 6988.78
1484788792816 473 3 2 300.000 459.581 2726.48 3063.83
1484788792820 474 3 2 300.000 432.974 2853.46 3559.62
1484788792824 475 3 2 300.000 404.431 2952.82 3669.83
1484788792831 476 3 2 300.000 349.765 3440.36 6028.63
1484788792839 477 3 2 300.000 293.164 3680.94 3053.67
1484788792843 478 3 2 300.000 265.589 3907.00 6212.11
1484788792848 479 3 2 300.000 234.144 4247.91 6591.61
1484788792852 480 3 2 300.000 208.505 4567.59 3084.22
1484788792856 481 3 2 300.000 185.284 4927.78 4140.39
1484788792860 482 3 2 300.000 163.030 5333.34 6837.69
1484788792870 483 3 2 300.000 104.978 6754.88 4104.90
1484788792874 484 3 2 300.000 82.241 7494.07 7602.29
1484788792878 485 3 2 300.000 63.858 8338.78 12606.92
1484788792882 486 3 2 300.000 46.926 9641.73 6921.30
1484788792886 487 3 2 300.000 32.413 11454.48 9288.51
1484788792889 488 3 2 300.000 18.867 14019.80 13028.69
1484788792893 489 3 2 300.000 6.773 22138.70 26189.88
1484788792904 490 3 2 300.000 -0.484 37658.34 73642.15
1484788792908 491 3 2 300.000 -0.484 49330.66 111978.98
1484788792912 492 3 2 300.000 -0.484 61819.16 211752.22
1484788792923 493 3 2 300.000 0.000 87890.66 229530.00
1484788792927 494 3 2 300.000 -0.484 94181.16 284611.97
1484788792937 495 3 2 300.000 0.000 121882.94 389530.00
1484788792942 496 3 2 300.000 -0.484 131262.28 408134.65
1484788792946 497 3 2 300.000 -0.484 139530.00 451068.46
1484788792949 498 3 2 300.000 0.000 147424.74 503815.71
1484788792953 499 3 2 300.000 0.000 156196.67 503815.71
1484788792957 500 3 2 300.000 -0.484 166000.59 570175.16
1484788792961 501 3 2 300.000 0.000 185182.17 681837.69
1484788792971 502 3 2 300.000 0.000 191777.19 656196.67
1484788792976 503 3 2 300.000 -0.484 198832.33 739530.00
1484788792980 504 3 2 300.000 0.000 206397.47 807711.82
1484788792990 505 3 2 300.000 0.000 217378.10 807711.82
1484788792995 506 3 2 300.000 -0.484 211752.22 807711.82
1484788792999 507 3 2 300.000 0.000 229530.00 889530.00
1484788793009 508 3 2 300.000 0.000 229530.00 846672.86
1484788793013 509 3 2 300.000 -0.484 232773.24 889530.00
1484788793017 510 3 2 300.000 -0.484 236105.34 936898.42
1484788793021 511 4 2 300.000 -0.484 243051.13 936898.42
1484788793025 512 4 1 300.000 0.000 239530.00 989530.00
1484788793029 513 4 1 300.000 0.000 243051.13 989530.00
1484788793040 514 4 1 300.000 -0.484 250399.57 989530.00
1484788793044 515 4 1 300.000 -0.484 243051.13 989530.00
1484788793048 516 4 1 300.000 0.000 254235.88 1114530.00
1484788793052 517 4 1 300.000 -0.484 254235.88 1048353.53
1484788793063 518 4 1 300.000 4.354 262257.27 846672.86
1484788793067 519 4 1 300.000 53.698 262257.27 846672.86
1484788793071 520 4 1 300.000 40.637 254235.88 807711.82
1484788793075 521 4 1 300.000 44.991 254235.88 807711.82
1484788793079 522 4 1 300.000 35.315 258186.72 739530.00
1484788793083 523 4 1 300.000 17.416 258186.72 807711.82
1484788793087 524 4 1 300.000 0.000 262257.27 936898.42
1484788793091 525 4 1 300.000 0.000 262257.27 1048353.53
1484788793095 526 4 1 300.000 -0.484 262257.27 1114530.00
1484788793098 527 4 1 300.000 0.000 258186.72 1374145.38
1484788793110 528 4 1 300.000 -0.484 266453.08 1374145.38
1484788793114 529 4 1 300.000 -0.484 262257.27 1374145.38
1484788793118 530 4 1 300.000 -0.484 266453.08 1114530.00
1484788793128 531 4 1 300.000 10.643 279852.58 1275244.29
1484788793132 532 4 1 300.000 -0.484 275244.29 1189530.00
1484788793140 533 4 1 300.000 3.870 275244.29 1189530.00
1484788793147 534 4 1 300.000 -0.484 289530.00 1374145.38
1484788793151 535 4 1 300.000 -0.484 294614.75 1489530.00
1484788793155 536 4 1 300.000 -0.484 299874.83 1275244.29
1484788793159 537 4 1 300.000 0.000 305319.47 1789530.00
1484788793163 538 4 1 300.000 -0.484 305319.47 1789530.00
1484788793166 539 4 1 300.000 -0.484 322863.33 2239530.00
1484788793177 540 4 1 300.000 0.000 322863.33 3589530.00
1484788793181 541 4 1 300.000 0.000 342471.18 inf
1484788793185 542 4 1 300.000 0.000 211752.22 82313.51
1484788793196 543 4 1 300.000 33.380 47407.81 21444.89
1484788793200 544 4 1 300.000 27.575 28323.10 12086.39
1484788793210 545 4 1 300.000 69.179 17480.31 9441.50
1484788793214 546 4 1 300.000 94.819 14530.00 7512.02
1484788793218 547 4 1 300.000 112.235 12636.55 6196.67
1484788793222 548 4 1 300.000 126.748 11164.62 5141.45
1484788793226 549 4 1 300.000 139.326 9754.72 4140.39
1484788793229 550 4 1 300.000 153.839 8699.33 3636.58
1484788793233 551 4 1 300.000 170.287 7369.44 2745.86
1484788793244 552 4 1 300.000 215.761 6904.52 5834.35
1484788793248 553 4 1 300.000 231.242 6591.61 2517.01
1484788793252 554 4 1 300.000 245.271 6321.04 2359.65
1484788793262 555 4 1 300.000 278.167 5587.09 3207.81
1484788793267 556 4 1 300.000 291.229 5250.52 22257.27
1484788793277 557 4 1 300.000 325.577 4849.15 8577.62
1484788793281 558 4 1 300.000 336.704 4707.07 7056.78
1484788793285 559 4 1 300.000 346.863 4567.59 2601.90
1484788793289 560 4 1 300.000 356.538 4406.03 5182.17
1484788793293 561 4 1 300.000 365.246 4247.91 2461.03
1484788793297 562 4 1 300.000 375.889 4116.71 2126.22
1484788793301 563 4 1 300.000 386.048 3941.53 1892.64
1484788793312 564 4 1 300.000 410.720 3770.51 2232.89
1484788793316 565 4 1 300.000 418.461 3703.23 1554.05
1484788793320 566 4 1 300.000 425.233 3603.49 2678.28
1484788793331 567 4 1 300.000 445.552 3418.89 3472.68
1484788793335 568 4 1 300.000 452.325 3354.88 3625.54
1484788793340 569 4 1 300.000 459.581 3302.00 2853.46
1484788793344 570 4 1 300.000 464.903 3249.51 4357.02
1484788793348 571 4 1 300.000 469.740 3218.21 5558.50
1484788793352 572 4 1 300.000 474.578 3176.70 12518.51
1484788793356 573 4 1 300.000 479.416 3125.17 4128.54
1484788793360 574 4 1 300.000 484.737 3084.22 9641.73
1484788793363 575 4 1 300.000 488.607 3053.67 14564.77
1484788793367 576 4 1 300.000 492.477 3023.25 6640.27
1484788793378 577 4 1 300.000 501.185 2952.82 2517.01
1484788793382 578 4 1 300.000 504.572 2912.90 3197.43
1484788793386 579 4 1 300.000 507.474 2902.96 11834.83
1484788793390 580 4 1 300.000 509.893 2863.33 3053.67
1484788793401 581 4 1 300.000 515.215 2833.77 4046.13
1484788793405 582 4 1 300.000 516.182 2823.94 7675.16
1484788793415 583 4 1 300.000 519.568 2765.29 5530.00
1484788793419 584 4 1 300.000 520.536 2765.29 4810.14
1484788793423 585 4 1 300.000 521.504 2745.86 2893.03
1484788793427 586 4 1 300.000 521.987 2736.16 2833.77
1484788793431 587 4 1 300.000 521.987 2726.48 4797.18
1484788793435 588 4 1 300.000 522.955 2726.48 4888.36
1484788793445 589 4 1 300.000 524.890 2707.16 17989530.00
1484788793451 590 4 1 300.000 526.341 2687.89 8989530.00
1484788793454 591 4 1 300.000 526.825 2687.89 5968.36
1484788793458 592 4 1 300.000 526.825 2659.10 4116.71
1484788793469 593 4 1 300.000 529.244 2659.10 4784.24
1484788793473 594 4 1 300.000 529.728 2649.53 4046.13
1484788793483 595 4 1 300.000 530.211 2630.44 2678.28
1484788793488 596 4 1 300.000 530.211 2620.91 3526.89
1484788793491 597 4 1 300.000 530.211 2611.40 2833.77
1484788793495 598 4 1 300.000 530.211 2630.44 1867.22
1484788793499 599 4 1 300.000 530.211 2611.40 1522.01
1484788793503 600 4 1 300.000 530.211 2611.40 1522.01
1484788793507 601 4 1 300.000 530.211 2601.90 3748.01
1484788793518 602 4 1 300.000 530.695 2601.90 1969.53
1484788793522 603 4 1 300.000 530.211 2592.41 2535.78
1484788793525 604 4 1 300.000 530.695 2592.41 3063.83
1484788793536 605 4 2 300.000 531.179 2582.94 2232.89
1484788793540 606 4 2 300.000 530.695 2582.94 2295.96
1484788793551 607 4 2 300.000 530.211 2564.03 3084.22
1484788793555 608 4 2 300.000 530.211 2564.03 1379.90
1484788793559 609 4 2 300.000 529.244 2554.60 1634.91
1484788793563 610 4 2 300.000 529.244 2554.60 1498.09
1484788793567 611 4 2 300.000 528.276 2564.03 1841.90
1484788793570 612 4 2 300.000 524.406 2564.03 1651.21
1484788793574 613 4 2 300.000 505.539 2687.89 3526.89
1484788793585 614 4 2 300.000 432.006 2814.13 5501.61
1484788793589 615 4 2 300.000 403.948 2952.82 6368.17
1484788793593 616 4 2 300.000 376.373 3218.21 11643.02
1484788793604 617 4 2 300.000 298.970 3603.49 3736.79
1484788793608 618 4 2 300.000 270.427 3827.06 3114.91
1484788793618 619 4 2 300.000 202.216 4656.05 9116.51
1484788793622 620 4 2 300.000 177.543 5033.88 5644.59
1484788793626 621 4 2 300.000 154.322 5459.20 17921.17
1484788793630 622 4 2 300.000 131.585 5968.36 5141.45
1484788793634 623 4 2 300.000 110.783 6527.17 4967.39
1484788793638 624 4 2 300.000 89.014 7159.77 4272.01
1484788793645 625 4 2 300.000 52.731 10411.67 7916.11
1484788793653 626 4 2 300.000 24.188 12937.02 11481.22
1484788793657 627 4 2 300.000 11.127 16275.91 16000.59
1484788793661 628 4 2 300.000 0.000 20943.61 55464.07
1484788793671 629 4 2 300.000 -0.484 44241.25 95412.35
1484788793676 630 4 2 300.000 -0.484 55950.66 130155.00
1484788793680 631 4 2 300.000 -0.484 72098.81 169530.00
1484788793684 632 4 2 300.000 -0.484 81366.73 206397.47
1484788793688 633 4 2 300.000 0.000 87356.09 226372.11
1484788793692 634 4 2 300.000 0.000 94181.16 275244.29
1484788793696 635 4 2 300.000 -0.484 102737.55 316802.73
1484788793700 636 4 2 300.000 -0.484 113667.93 356876.94
1484788793703 637 4 2 300.000 0.000 122863.33 389530.00
1484788793707 638 4 2 300.000 -0.484 133530.00 418101.43
1484788793718 639 4 2 300.000 -0.484 156196.67 518941.76
1484788793722 640 4 2 300.000 -0.484 160958.57 570175.16
1484788793726 641 4 2 300.000 0.000 171348.18 589530.00
1484788793730 642 4 2 300.000 0.000 189530.00 681837.69
1484788793740 643 4 2 300.000 0.000 198832.33 709530.00
1484788793744 644 4 2 300.000 0.000 206397.47 772138.70
1484788793755 645 4 2 300.000 -0.484 214530.00 807711.82
1484788793759 646 4 2 300.000 -0.484 217378.10 846672.86
1484788793763 647 4 2 300.000 -0.484 220299.23 846672.86
1484788793767 648 4 2 300.000 0.000 223296.23 846672.86
1484788793770 649 4 2 300.000 0.000 229530.00 807711.82
1484788793774 650 4 2 300.000 0.000 229530.00 936898.42
1484788793778 651 4 2 300.000 0.000 236105.34 936898.42
1484788793788 652 5 2 300.000 -0.484 239530.00 989530.00
1484788793793 653 5 1 300.000 0.000 236105.34 936898.42
1484788793797 654 5 1 300.000 0.000 246672.86 936898.42
1484788793807 655 5 1 300.000 -0.484 246672.86 989530.00
1484788793812 656 5 1 300.000 -0.484 246672.86 1114530.00
1484788793816 657 5 1 300.000 -0.484 243051.13 1189530.00
1484788793820 658 5 1 300.000 0.000 246672.86 1114530.00
1484788793824 659 5 1 300.000 0.000 243051.13 1048353.53
1484788793828 660 5 1 300.000 -0.484 250399.57 989530.00
1484788793832 661 5 1 300.000 85.627 254235.88 807711.82
1484788793836 662 5 1 300.000 82.241 262257.27 846672.86
1484788793840 663 5 1 300.000 68.695 250399.57 739530.00
1484788793844 664 5 1 300.000 48.861 254235.88 739530.00
1484788793851 665 5 1 300.000 11.127 254235.88 989530.00
1484788793859 666 5 1 300.000 -0.484 258186.72 1048353.53
1484788793863 667 5 1 300.000 -0.484 258186.72 1275244.29
1484788793867 668 5 1 300.000 -0.484 262257.27 1275244.29
1484788793872 669 5 1 300.000 -0.484 258186.72 1374145.38
1484788793876 670 5 1 300.000 0.000 262257.27 1489530.00
1484788793880 671 5 1 300.000 -0.484 258186.72 1374145.38
1484788793884 672 5 1 300.000 0.000 266453.08 1374145.38
1484788793888 673 5 1 300.000 0.968 266453.08 1189530.00
1484788793892 674 5 1 300.000 0.968 275244.29 1189530.00
1484788793896 675 5 1 300.000 27.575 270780.00 1189530.00
1484788793900 676 5 1 300.000 -0.484 270780.00 1048353.53
1484788793904 677 5 1 300.000 -0.484 270780.00 1189530.00
1484788793908 678 5 1 300.000 4.838 270780.00 1189530.00
1484788793911 679 5 1 300.000 -0.484 275244.29 1114530.00
1484788793915 680 5 1 300.000 0.000 284611.97 1275244.29
1484788793920 681 5 1 300.000 -0.484 284611.97 1374145.38
1484788793924 682 5 1 300.000 -0.484 294614.75 1625893.64
1484788793928 683 5 1 300.000 -0.484 289530.00 1789530.00
1484788793932 684 5 1 300.000 -0.484 294614.75 1789530.00
1484788793936 685 5 1 300.000 -0.484 310958.57 1789530.00
1484788793940 686 5 1 300.000 0.000 316802.73 2239530.00
1484788793945 687 5 1 300.000 -0.484 322863.33 2560958.57
1484788793949 688 5 1 300.000 0.000 322863.33 4489530.00
1484788793952 689 5 1 300.000 0.000 349530.00 inf
1484788793956 690 5 1 300.000 0.000 389530.00 inf
1484788793960 691 5 1 300.000 0.000 262257.27 236105.34
1484788793964 692 5 1 300.000 -0.484 69530.00 29979.44
1484788793968 693 5 1 300.000 -0.484 33008.26 16355.63
1484788793971 694 5 1 300.000 31.445 24963.07 13920.24
1484788793976 695 5 1 300.000 50.796 20943.61 12086.39
1484788793980 696 5 1 300.000 78.854 17523.78 9664.23
1484788793984 697 5 1 300.000 96.270 14634.60 7693.47
1484788793988 698 5 1 300.000 111.267 12228.61 5953.36
1484788793993 699 5 1 300.000 130.134 10656.76 4732.70
1484788793997 700 5 1 300.000 143.680 9223.65 6013.52
1484788794001 701 5 1 300.000 158.676 8358.45 3759.25
1484788794004 702 5 1 300.000 174.157 7841.29 3526.89
1484788794009 703 5 1 300.000 195.443 7351.78 3680.94
1484788794013 704 5 1 300.000 212.375 6921.30 7916.11
1484788794017 705 5 1 300.000 227.372 6607.80 3084.22
1484788794021 706 5 1 300.000 241.401 6305.40 2143.88
1484788794025 707 5 1 300.000 253.495 6089.34 5804.86
1484788794028 708 5 1 300.000 265.106 5834.35 2099.83
1484788794032 709 5 1 300.000 276.716 5501.61 4954.16
1484788794036 710 5 1 300.000 289.294 5141.45 3033.38
1484788794041 711 5 1 300.000 307.194 4980.64 6854.35
1484788794045 712 5 1 300.000 320.739 4823.12 2765.29
1484788794049 713 5 1 300.000 332.350 4732.70 2863.33
1484788794053 714 5 1 300.000 342.025 4567.59 5264.27
1484788794057 715 5 1 300.000 351.700 4406.03 3033.38
1484788794061 716 5 1 300.000 361.376 4247.91 1783.23
1484788794066 717 5 1 300.000 372.986 4093.11 2277.88
1484788794070 718 5 1 300.000 383.629 3999.45 3197.43
1484788794073 719 5 1 300.000 392.337 3907.00 1741.67
1484788794077 720 5 1 300.000 400.561 3849.81 2554.60
1484788794081 721 5 1 300.000 408.785 3770.51 2108.62
1484788794085 722 5 1 300.000 416.042 3669.83 7675.16
1484788794089 723 5 1 300.000 422.815 3581.52 6013.52
1484788794092 724 5 1 300.000 430.071 3516.01 3953.08
1484788794097 725 5 1 300.000 438.779 3451.11 5417.03
1484788794101 726 5 1 300.000 446.035 3365.51 4235.88
1484788794105 727 5 1 300.000 452.325 3312.54 8163.54
1484788794110 728 5 1 300.000 459.581 3270.46 3033.38
1484788794114 729 5 1 300.000 464.903 3218.21 3084.22
1484788794118 730 5 1 300.000 469.740 3176.70 1725.12
1484788794121 731 5 1 300.000 474.578 3125.17 1700.39
1484788794126 732 5 1 300.000 480.383 3063.83 1643.06
1484788794130 733 5 1 300.000 485.705 3033.38 1180.49
1484788794134 734 5 1 300.000 489.575 2992.98 5530.00
1484788794138 735 5 1 300.000 493.445 2972.87 3861.21
1484788794142 736 5 1 300.000 496.831 2942.82 3386.81
1484788794146 737 5 1 300.000 500.218 2922.86 9331.98
1484788794149 738 5 1 300.000 503.120 2902.96 3918.49
1484788794153 739 5 1 300.000 506.507 2873.22 2507.65
1484788794158 740 5 1 300.000 509.893 2843.61 1434.76
1484788794162 741 5 1 300.000 512.312 2823.94 1875.68
1484788794166 742 5 1 300.000 514.247 2814.13 7159.77
1484788794171 743 5 1 300.000 516.182 2775.03 3312.54
1484788794175 744 5 1 300.000 517.633 2765.29 2135.04
1484788794179 745 5 1 300.000 518.601 2765.29 1225.91
1484788794182 746 5 1 300.000 519.568 2745.86 1570.13
1484788794187 747 5 1 300.000 521.020 2707.16 2197.14
1484788794191 748 5 1 300.000 521.504 2707.16 1554.05
1484788794195 749 5 1 300.000 522.471 2687.89 2972.87
1484788794199 750 5 1 300.000 522.471 2687.89 2687.89
1484788794203 751 5 1 300.000 522.955 2687.89 1333.28
1484788794206 752 5 1 300.000 523.922 2659.10 1180.49
1484788794210 753 5 1 300.000 524.890 2668.69 3197.43
1484788794214 754 5 1 300.000 525.857 2659.10 1643.06
1484788794219 755 5 1 300.000 527.309 2649.53 2745.86
1484788794223 756 5 1 300.000 527.309 2639.98 1978.13
1484788794227 757 5 1 300.000 527.793 2630.44 1482.19
1484788794231 758 5 1 300.000 529.244 2620.91 5459.20
1484788794235 759 5 1 300.000 529.728 2620.91 3987.83
1484788794239 760 5 1 300.000 530.211 2630.44 2387.14
1484788794243 761 5 1 300.000 530.695 2611.40 3472.68
1484788794247 762 5 1 300.000 531.179 2601.90 1918.16
1484788794251 763 5 1 300.000 530.695 2592.41 2784.79
1484788794255 764 5 1 300.000 531.179 2592.41 5998.44
1484788794259 765 5 1 300.000 531.179 2582.94 1799.94
1484788794263 766 5 1 300.000 531.179 2592.41 2268.85
1484788794267 767 5 1 300.000 530.695 2582.94 2038.69
1484788794271 768 5 1 300.000 530.695 2582.94 3135.44
1484788794274 769 5 1 300.000 531.179 2573.48 2833.77
1484788794279 770 5 1 300.000 531.663 2564.03 2794.55
1484788794283 771 5 1 300.000 531.179 2573.48 5445.12
1484788794287 772 5 1 300.000 531.663 2554.60 24755.05
1484788794292 773 5 1 300.000 531.663 2564.03 19986.85
1484788794296 774 5 1 300.000 531.179 2545.18 11321.77
1484788794300 775 5 2 300.000 531.663 2554.60 5473.31
1484788794303 776 5 2 300.000 531.663 2554.60 5544.23
1484788794308 777 5 2 300.000 532.146 2545.18 4517.51
1484788794312 778 5 2 300.000 531.663 2535.78 6705.57
1484788794316 779 5 2 300.000 531.179 2535.78 5445.12
1484788794320 780 5 2 300.000 531.179 2535.78 5659.03
1484788794324 781 5 2 300.000 530.695 2535.78 5717.05
1484788794327 782 5 2 300.000 530.211 2535.78 8699.33
1484788794331 783 5 2 300.000 529.728 2517.01 6988.78
1484788794335 784 5 2 300.000 521.020 2526.39 7916.11
1484788794340 785 5 2 300.000 492.961 2573.48 7422.64
1484788794344 786 5 2 300.000 464.903 2659.10 5908.53
1484788794348 787 5 2 300.000 437.811 2755.57 5863.94
1484788794352 788 5 2 300.000 404.431 2912.90 3135.44
1484788794356 789 5 2 300.000 376.373 3043.51 2716.81
1484788794360 790 5 2 300.000 348.314 3228.63 4344.81
1484788794364 791 5 2 300.000 320.739 3386.81 1733.39
1484788794368 792 5 2 300.000 288.810 3636.58 5687.99
1484788794372 793 5 2 300.000 261.719 3861.21 1875.68
1484788794376 794 5 2 300.000 236.080 4128.54 2814.13
1484788794380 795 5 2 300.000 212.375 4430.66 4694.28
1484788794384 796 5 2 300.000 188.670 4797.18 4406.03
1484788794388 797 5 2 300.000 166.417 5182.17 5923.44
1484788794391 798 5 2 300.000 144.163 5644.59 3365.51
1484788794395 799 5 2 300.000 122.877 6119.86 6938.12
1484788794400 800 5 2 300.000 96.270 6904.52 4235.88
1484788794404 801 5 2 300.000 75.952 7638.65 4862.20
1484788794408 802 5 2 300.000 58.052 8638.28 5863.94
1484788794412 803 5 2 300.000 39.185 10460.23 8202.20
1484788794416 804 5 2 300.000 25.156 12696.02 10831.78
1484788794420 805 5 2 300.000 12.578 15769.07 15354.96
1484788794424 806 5 2 300.000 1.451 20194.40 22801.72
1484788794429 807 5 2 300.000 -0.484 27108.29 38710.33
1484788794433 808 5 2 300.000 1.451 35448.37 65801.19
1484788794436 809 5 2 300.000 -0.484 46133.77 102737.55
1484788794440 810 5 2 300.000 -0.484 57711.82 134691.29
1484788794444 811 5 2 300.000 0.000 70247.49 164287.28
1484788794448 812 5 2 300.000 0.000 80900.56 203815.71
1484788794452 813 5 2 300.000 0.000 86304.19 226372.11
1484788794456 814 5 2 300.000 0.000 93576.24 262257.27
1484788794461 815 5 2 300.000 0.000 104179.68 329152.64
1484788794464 816 5 2 300.000 -0.484 115404.13 372508.72
1484788794468 817 5 2 300.000 0.000 124868.35 398620.91
1484788794473 818 5 2 300.000 -0.484 137070.98 451068.46
1484788794477 819 5 2 300.000 -0.484 144702.41 451068.46
1484788794481 820 5 2 300.000 0.000 151692.16 534984.55
1484788794485 821 5 2 300.000 -0.484 162606.92 552030.00
1484788794489 822 5 2 300.000 -0.484 171348.18 552030.00
1484788794493 823 5 2 300.000 -0.484 175097.01 589530.00
1484788794497 824 5 2 300.000 0.000 185182.17 632387.14
1484788794501 825 5 2 300.000 -0.484 194075.45 709530.00
1484788794505 826 5 2 300.000 -0.484 196426.55 709530.00
1484788794508 827 5 2 300.000 -0.484 201294.71 681837.69
1484788794512 828 5 2 300.000 -0.484 206397.47 807711.82
1484788794516 829 5 2 300.000 -0.484 211752.22 807711.82
1484788794521 830 5 2 300.000 -0.484 214530.00 772138.70
1484788794525 831 5 2 300.000 -0.484 217378.10 807711.82
1484788794528 832 5 2 300.000 0.000 217378.10 846672.86
1484788794532 833 5 2 300.000 -0.484 226372.11 889530.00
1484788794537 834 5 2 300.000 -0.484 226372.11 846672.86
1484788794541 835 5 2 300.000 0.000 226372.11 889530.00
1484788794545 836 5 2 300.000 0.000 226372.11 936898.42
1484788794549 837 6 2 300.000 0.000 236105.34 989530.00
1484788794554 838 6 1 300.000 -0.484 236105.34 989530.00
1484788794558 839 6 1 300.000 -0.484 236105.34 989530.00
1484788794562 840 6 1 300.000 0.000 239530.00 1048353.53
1484788794565 841 6 1 300.000 -0.484 239530.00 989530.00
1484788794569 842 6 1 300.000 -0.484 239530.00 1048353.53
1484788794573 843 6 1 300.000 0.000 246672.86 989530.00
1484788794577 844 6 1 300.000 -0.484 246672.86 1048353.53
1484788794581 845 6 1 300.000 0.000 243051.13 1114530.00
1484788794586 846 6 1 300.000 0.000 243051.13 989530.00
1484788794590 847 6 1 300.000 2.903 246672.86 1114530.00
1484788794594 848 6 1 300.000 71.598 254235.88 846672.86
1484788794598 849 6 1 300.000 67.728 258186.72 807711.82
1484788794602 850 6 1 300.000 64.825 254235.88 772138.70
1484788794606 851 6 1 300.000 50.796 262257.27 739530.00
1484788794610 852 6 1 300.000 11.610 254235.88 846672.86
1484788794614 853 6 1 300.000 0.000 254235.88 846672.86
1484788794618 854 6 1 300.000 0.000 262257.27 1048353.53
1484788794622 855 6 1 300.000 -0.484 254235.88 1114530.00
1484788794626 856 6 1 300.000 -0.484 254235.88 1275244.29
1484788794630 857 6 1 300.000 -0.484 258186.72 1275244.29
1484788794634 858 6 1 300.000 0.000 254235.88 1374145.38
1484788794638 859 6 1 300.000 -0.484 258186.72 1625893.64
1484788794643 860 6 1 300.000 -0.484 262257.27 1275244.29
1484788794647 861 6 1 300.000 0.000 266453.08 1114530.00
1484788794650 862 6 1 300.000 1.451 266453.08 1048353.53
1484788794655 863 6 1 300.000 4.354 266453.08 1114530.00
1484788794659 864 6 1 300.000 5.321 266453.08 1275244.29
1484788794663 865 6 1 300.000 2.419 266453.08 1189530.00
1484788794667 866 6 1 300.000 4.838 266453.08 1048353.53
1484788794671 867 6 1 300.000 -0.484 275244.29 1189530.00
1484788794675 868 6 1 300.000 -0.484 279852.58 1275244.29
1484788794679 869 6 1 300.000 -0.484 284611.97 1489530.00
1484788794683 870 6 1 300.000 -0.484 284611.97 1789530.00
1484788794686 871 6 1 300.000 0.000 284611.97 1625893.64
1484788794690 872 6 1 300.000 -0.484 294614.75 1789530.00
1484788794694 873 6 1 300.000 -0.484 305319.47 1989530.00
1484788794698 874 6 1 300.000 -0.484 305319.47 1989530.00
1484788794703 875 6 1 300.000 -0.484 329152.64 2560958.57
1484788794707 876 6 1 300.000 -0.484 322863.33 17989530.00
1484788794711 877 6 1 300.000 -0.484 364530.00 inf
1484788794715 878 6 1 300.000 0.000 356876.94 8989530.00
1484788794719 879 6 1 300.000 0.000 179003.68 65160.25
1484788794723 880 6 1 300.000 29.510 47971.56 22138.70
1484788794727 881 6 1 300.000 29.026 28323.10 14917.87
1484788794732 882 6 1 300.000 38.702 22436.76 12815.90
1484788794736 883 6 1 300.000 59.987 19038.20 10831.78
1484788794740 884 6 1 300.000 82.241 15730.87 8477.37
1484788794743 885 6 1 300.000 102.559 13402.68 6754.88
1484788794747 886 6 1 300.000 119.007 11779.69 5587.09
1484788794751 887 6 1 300.000 132.553 10387.47 4542.51
1484788794755 888 6 1 300.000 146.098 9073.97 4580.17
1484788794759 889 6 1 300.000 161.095 8280.00 5473.31
1484788794764 890 6 1 300.000 181.414 7693.47 3849.81
1484788794768 891 6 1 300.000 198.346 7211.73 9530.00
1484788794771 892 6 1 300.000 215.277 6821.07 3003.05
1484788794776 893 6 1 300.000 233.177 6447.29 3815.71
1484788794780 894 6 1 300.000 246.722 6165.86 2902.96
1484788794784 895 6 1 300.000 258.333 5923.44 2833.77
1484788794788 896 6 1 300.000 270.427 5644.59 1774.90
1484788794792 897 6 1 300.000 284.940 5291.82 5515.79
1484788794796 898 6 1 300.000 298.002 5087.48 5209.44
1484788794800 899 6 1 300.000 311.548 4888.36 2232.89
1484788794804 900 6 1 300.000 323.158 4771.32 2564.03
1484788794808 901 6 1 300.000 333.317 4694.28 2377.97
1484788794811 902 6 1 300.000 342.509 4542.51 5702.51
1484788794815 903 6 1 300.000 352.184 4381.49 4393.75
1484788794819 904 6 1 300.000 361.860 4223.88 6656.55
1484788794824 905 6 1 300.000 373.954 4046.13 4681.52
1484788794828 906 6 1 300.000 384.113 3953.08 2755.57
1484788794832 907 6 1 300.000 393.305 3872.63 2341.39
1484788794836 908 6 1 300.000 401.045 3781.78 3207.81
1484788794840 909 6 1 300.000 410.720 3703.23 3451.11
1484788794844 910 6 1 300.000 417.977 3614.51 3207.81
1484788794848 911 6 1 300.000 424.750 3548.69 4567.59
1484788794852 912 6 1 300.000 432.006 3461.89 3793.07
1484788794856 913 6 1 300.000 440.230 3408.18 3365.51
1484788794860 914 6 1 300.000 447.487 3323.10 4022.75
1484788794864 915 6 1 300.000 453.292 3270.46 1960.94
1484788794868 916 6 1 300.000 459.097 3239.06 2188.23
1484788794872 917 6 1 300.000 464.419 3207.81 7142.52
1484788794876 918 6 1 300.000 469.256 3156.04 3145.73
1484788794880 919 6 1 300.000 474.094 3084.22 5501.61
1484788794883 920 6 1 300.000 478.932 3053.67 2775.03
1484788794889 921 6 1 300.000 485.221 3013.15 7730.20
1484788794892 922 6 1 300.000 489.575 2972.87 3548.69
1484788794897 923 6 1 300.000 493.929 2952.82 4940.96
1484788794901 924 6 1 300.000 497.315 2912.90 3166.36
1484788794905 925 6 1 300.000 500.218 2893.03 1986.75
1484788794909 926 6 1 300.000 504.088 2863.33 1188.03
1484788794913 927 6 1 300.000 506.990 2833.77 3291.47
1484788794917 928 6 1 300.000 509.409 2804.34 1867.22
1484788794921 929 6 1 300.000 512.312 2794.55 2451.75
1484788794925 930 6 1 300.000 513.763 2784.79 1188.03
1484788794929 931 6 1 300.000 515.215 2765.29 1426.89
1484788794932 932 6 1 300.000 516.666 2745.86 1210.73
1484788794936 933 6 1 300.000 518.117 2726.48 1403.35
1484788794940 934 6 1 300.000 519.085 2716.81 1302.40
1484788794945 935 6 1 300.000 520.536 2687.89 1165.42
1484788794949 936 6 1 300.000 521.504 2697.52 1150.40
1484788794953 937 6 1 300.000 521.987 2668.69 1165.42
1484788794957 938 6 1 300.000 521.987 2668.69 2126.22
1484788794961 939 6 1 300.000 522.471 2659.10 2697.52
1484788794965 940 6 1 300.000 523.439 2649.53 3053.67
1484788794969 941 6 1 300.000 524.406 2649.53 2414.75
1484788794973 942 6 1 300.000 525.857 2630.44 3104.66
1484788794977 943 6 1 300.000 526.341 2620.91 2277.88
1484788794981 944 6 1 300.000 526.825 2630.44 6415.55
1484788794985 945 6 1 300.000 527.309 2611.40 6104.59
1484788794989 946 6 1 300.000 528.276 2601.90 2659.10
1484788794993 947 6 1 300.000 529.244 2601.90 1833.49
1484788794997 948 6 1 300.000 529.728 2601.90 1643.06
1484788795000 949 6 1 300.000 529.728 2592.41 4993.92
1484788795005 950 6 1 300.000 530.211 2573.48 1586.26
1484788795009 951 6 1 300.000 530.695 2573.48 1498.09
1484788795013 952 6 1 300.000 530.695 2573.48 1530.00
1484788795018 953 6 1 300.000 530.695 2564.03 1667.56
1484788795022 954 6 1 300.000 530.695 2564.03 1901.13
1484788795026 955 6 1 300.000 530.211 2564.03 4862.20
1484788795030 956 6 1 300.000 530.695 2554.60 3669.83
1484788795034 957 6 1 300.000 530.695 2554.60 3135.44
1484788795038 958 6 1 300.000 530.695 2554.60 3291.47
1484788795042 959 6 1 300.000 530.695 2535.78 5968.36
1484788795046 960 6 1 300.000 530.695 2535.78 3759.25
1484788795050 961 6 1 300.000 530.695 2545.18 3964.64
1484788795054 962 6 1 300.000 531.179 2535.78 4567.59
1484788795057 963 6 2 300.000 530.695 2526.39 5615.79
1484788795061 964 6 2 300.000 531.179 2535.78 6607.80
1484788795066 965 6 2 300.000 531.179 2526.39 4128.54
1484788795070 966 6 2 300.000 530.695 2526.39 3918.49
1484788795074 967 6 2 300.000 530.695 2526.39 8905.67
1484788795079 968 6 2 300.000 530.211 2517.01 7039.73
1484788795083 969 6 2 300.000 529.728 2526.39 6543.23
1484788795087 970 6 2 300.000 529.728 2517.01 4357.02
1484788795090 971 6 2 300.000 528.276 2507.65 4823.12
1484788795095 972 6 2 300.000 510.861 2526.39 4011.09
1484788795099 973 6 2 300.000 484.737 2564.03 3033.38
1484788795103 974 6 2 300.000 456.678 2659.10 5834.35
1484788795107 975 6 2 300.000 429.587 2775.03 4272.01
1484788795111 976 6 2 300.000 402.012 2902.96 2341.39
1484788795114 977 6 2 300.000 375.405 3023.25 2004.01
1484788795118 978 6 2 300.000 348.314 3197.43 1120.47
1484788795122 979 6 2 300.000 321.223 3354.88 1068.46
1484788795127 980 6 2 300.000 286.875 3625.54 1248.75
1484788795131 981 6 2 300.000 259.300 3872.63 1434.76
1484788795135 982 6 2 300.000 234.144 4140.39 3748.01
1484788795140 983 6 2 300.000 205.118 4555.04 9823.12
1484788795144 984 6 2 300.000 180.930 4927.78 2893.03
1484788795147 985 6 2 300.000 158.676 5333.34 2942.82
1484788795151 986 6 2 300.000 136.907 5790.16 5998.44
1484788795156 987 6 2 300.000 110.783 6431.41 4296.20
1484788795160 988 6 2 300.000 90.465 7039.73 7841.29
1484788795164 989 6 2 300.000 71.114 7822.68 5195.80
1484788795168 990 6 2 300.000 54.182 8926.55 6227.59
1484788795171 991 6 2 300.000 38.702 10558.04 8125.04
1484788795175 992 6 2 300.000 24.672 12725.88 11061.10
1484788795179 993 6 2 300.000 12.094 15845.79 15466.60
1484788795183 994 6 2 300.000 0.968 20142.24 22740.33
1484788795188 995 6 2 300.000 -0.484 27665.59 41403.20
1484788795192 996 6 2 300.000 -0.484 36527.39 69887.14
1484788795196 997 6 2 300.000 -0.484 47594.52 107951.05
1484788795200 998 6 2 300.000 0.000 61819.16 143376.15
1484788795204 999 6 2 300.000 -0.484 74838.06 175097.01
1484788795208 1000 6 2 300.000 -0.484 82313.51 206397.47
1484788795212 1001 6 2 300.000 -0.484 87356.09 229530.00
1484788795216 1002 6 2 300.000 0.000 96672.86 289530.00
1484788795220 1003 6 2 300.000 -0.484 107951.05 322863.33
1484788795224 1004 6 2 300.000 -0.484 119026.40 372508.72
1484788795228 1005 6 2 300.000 0.000 125893.64 398620.91
1484788795232 1006 6 2 300.000 -0.484 135871.46 428554.39
1484788795236 1007 6 2 300.000 -0.484 142072.37 476016.49
1484788795239 1008 6 2 300.000 0.000 153166.36 534984.55
1484788795243 1009 6 2 300.000 0.000 160958.57 534984.55
1484788795248 1010 6 2 300.000 0.000 169530.00 570175.16
1484788795252 1011 6 2 300.000 -0.484 181019.36 656196.67
1484788795256 1012 6 2 300.000 0.000 189530.00 632387.14
1484788795261 1013 6 2 300.000 -0.484 196426.55 709530.00
1484788795264 1014 6 2 300.000 0.000 203815.71 709530.00
1484788795268 1015 6 2 300.000 -0.484 206397.47 772138.70
1484788795272 1016 6 2 300.000 -0.484 209042.20 739530.00
1484788795277 1017 6 2 300.000 0.000 209042.20 846672.86
1484788795281 1018 6 2 300.000 -0.484 211752.22 846672.86
1484788795284 1019 6 2 300.000 -0.484 217378.10 846672.86
1484788795288 1020 6 2 300.000 0.000 217378.10 807711.82
1484788795292 1021 6 2 300.000 0.000 223296.23 846672.86
1484788795296 1022 6 2 300.000 -0.484 226372.11 846672.86
1484788795300 1023 6 2 300.000 -0.484 232773.24 936898.42
1484788795320 1024 7 2 300.000 0.000 246672.86 989530.00
1484788795328 1025 7 1 300.000 0.000 243051.13 1048353.53
1484788795336 1026 7 1 300.000 -0.484 246672.86 1048353.53
1484788795345 1027 7 1 300.000 0.000 243051.13 989530.00
1484788795354 1028 7 1 300.000 0.000 250399.57 989530.00
1484788795363 1029 7 1 300.000 1.935 270780.00 989530.00
1484788795370 1030 7 1 300.000 52.247 258186.72 772138.70
1484788795380 1031 7 1 300.000 35.799 258186.72 807711.82
1484788795384 1032 7 1 300.000 14.513 262257.27 807711.82
1484788795389 1033 7 1 300.000 0.000 258186.72 936898.42
1484788795393 1034 7 1 300.000 -0.484 262257.27 1048353.53
1484788795397 1035 7 1 300.000 0.000 262257.27 1275244.29
1484788795400 1036 7 1 300.000 0.000 258186.72 1275244.29
1484788795405 1037 7 1 300.000 -0.484 262257.27 1275244.29
1484788795409 1038 7 1 300.000 -0.484 258186.72 1374145.38
1484788795413 1039 7 1 300.000 -0.484 266453.08 1275244.29
1484788795417 1040 7 1 300.000 0.000 266453.08 1275244.29
1484788795421 1041 7 1 300.000 0.000 270780.00 1114530.00
1484788795424 1042 7 1 300.000 0.968 270780.00 1189530.00
1484788795428 1043 7 1 300.000 -0.484 275244.29 1189530.00
1484788795432 1044 7 1 300.000 29.026 270780.00 1114530.00
1484788795437 1045 7 1 300.000 0.968 279852.58 1114530.00
1484788795441 1046 7 1 300.000 3.386 275244.29 1189530.00
1484788795445 1047 7 1 300.000 -0.484 279852.58 1114530.00
1484788795449 1048 7 1 300.000 -0.484 284611.97 1275244.29
1484788795453 1049 7 1 300.000 -0.484 294614.75 1275244.29
1484788795457 1050 7 1 300.000 0.000 294614.75 1374145.38
1484788795461 1051 7 1 300.000 -0.484 299874.83 1374145.38
1484788795465 1052 7 1 300.000 -0.484 299874.83 1374145.38
1484788795470 1053 7 1 300.000 -0.484 299874.83 1374145.38
1484788795474 1054 7 1 300.000 0.000 305319.47 1374145.38
1484788795477 1055 7 1 300.000 -0.484 310958.57 1489530.00
1484788795481 1056 7 1 300.000 -0.484 316802.73 1789530.00
1484788795485 1057 7 1 300.000 -0.484 310958.57 1789530.00
1484788795489 1058 7 1 300.000 0.000 329152.64 2560958.57
1484788795493 1059 7 1 300.000 -0.484 342471.18 5989530.00
1484788795496 1060 7 1 300.000 -0.484 389530.00 inf
1484788795501 1061 7 1 300.000 -0.484 342471.18 8989530.00
1484788795505 1062 7 1 300.000 -0.484 144702.41 50963.45
1484788795510 1063 7 1 300.000 0.000 38178.65 18101.43
1484788795514 1064 7 1 300.000 31.445 27909.53 15884.32
1484788795518 1065 7 1 300.000 47.893 24755.05 14775.44
1484788795522 1066 7 1 300.000 58.052 20834.35 11973.89
1484788795526 1067 7 1 300.000 82.241 16315.71 8801.95
1484788795530 1068 7 1 300.000 102.559 13920.24 7090.98
1484788795534 1069 7 1 300.000 116.105 12086.39 5687.99
1484788795538 1070 7 1 300.000 128.199 10315.22 4406.03
1484788795542 1071 7 1 300.000 140.777 8989.46 4344.81
1484788795545 1072 7 1 300.000 156.741 8378.17 3872.63
1484788795549 1073 7 1 300.000 173.673 7878.62 4580.17
1484788795553 1074 7 1 300.000 190.605 7440.45 2982.91
1484788795558 1075 7 1 300.000 211.407 6887.76 2659.10
1484788795562 1076 7 1 300.000 226.404 6591.61 3614.51
1484788795566 1077 7 1 300.000 239.950 6305.40 2479.64
1484788795570 1078 7 1 300.000 251.560 5953.36 2223.94
1484788795574 1079 7 1 300.000 265.589 5630.18 4296.20
1484788795578 1080 7 1 300.000 278.651 5319.47 3804.39
1484788795582 1081 7 1 300.000 292.681 5100.93 8358.45
1484788795586 1082 7 1 300.000 308.161 4914.62 4940.96
1484788795591 1083 7 1 300.000 321.223 4810.14 3976.23
1484788795595 1084 7 1 300.000 330.415 4656.05 5544.23
1484788795598 1085 7 1 300.000 340.090 4492.59 4308.33
1484788795602 1086 7 1 300.000 349.765 4344.81 4128.54
1484788795606 1087 7 1 300.000 359.441 4199.93 2470.33
1484788795610 1088 7 1 300.000 370.567 4069.58 3166.36
1484788795614 1089 7 1 300.000 379.759 3976.23 2461.03
1484788795617 1090 7 1 300.000 388.467 3872.63 2099.83
1484788795622 1091 7 1 300.000 399.594 3793.07 9463.55
1484788795626 1092 7 1 300.000 407.334 3703.23 3505.16
1484788795631 1093 7 1 300.000 416.042 3581.52 10907.67
1484788795635 1094 7 1 300.000 423.298 3526.89 6181.25
1484788795639 1095 7 1 300.000 431.522 3451.11 3187.06
1484788795643 1096 7 1 300.000 438.295 3386.81 2784.79
1484788795647 1097 7 1 300.000 446.519 3302.00 3218.21
1484788795651 1098 7 1 300.000 452.325 3239.06 4914.62
1484788795655 1099 7 1 300.000 458.130 3218.21 6689.20
1484788795659 1100 7 1 300.000 463.451 3176.70 3838.43
1484788795663 1101 7 1 300.000 468.773 3114.91 2414.75
1484788795667 1102 7 1 300.000 474.578 3074.02 2223.94
1484788795671 1103 7 1 300.000 479.416 3033.38 3354.88
1484788795674 1104 7 1 300.000 484.253 2962.84 1758.26
1484788795679 1105 7 1 300.000 489.575 2952.82 3197.43
1484788795683 1106 7 1 300.000 493.445 2912.90 1218.31
1484788795687 1107 7 1 300.000 497.315 2883.12 1708.62
1484788795692 1108 7 1 300.000 500.701 2863.33 1264.03
1484788795696 1109 7 1 300.000 504.572 2814.13 5834.35
1484788795700 1110 7 1 300.000 507.474 2814.13 1626.77
1484788795703 1111 7 1 300.000 510.861 2794.55 2223.94
1484788795708 1112 7 1 300.000 512.796 2765.29 1708.62
1484788795712 1113 7 1 300.000 514.731 2755.57 8125.04
1484788795716 1114 7 1 300.000 516.666 2726.48 1325.54
1484788795720 1115 7 1 300.000 518.117 2726.48 1325.54
1484788795723 1116 7 1 300.000 519.568 2716.81 3043.51
1484788795727 1117 7 1 300.000 521.020 2678.28 3736.79
1484788795731 1118 7 1 300.000 521.504 2687.89 3872.63
1484788795735 1119 7 1 300.000 522.955 2659.10 1969.53
1484788795740 1120 7 1 300.000 522.955 2649.53 1960.94
1484788795744 1121 7 1 300.000 522.955 2649.53 2295.96
1484788795748 1122 7 1 300.000 523.922 2630.44 2883.12
1484788795752 1123 7 1 300.000 524.890 2620.91 6013.52
1484788795756 1124 7 1 300.000 525.857 2611.40 5998.44
1484788795760 1125 7 1 300.000 526.825 2601.90 4034.43
1484788795764 1126 7 1 300.000 527.309 2601.90 4443.01
1484788795768 1127 7 1 300.000 527.793 2592.41 5908.53
1484788795772 1128 7 1 300.000 528.276 2582.94 5168.58
1484788795776 1129 7 1 300.000 529.728 2573.48 7387.14
1484788795780 1130 7 1 300.000 530.211 2573.48 7005.73
1484788795784 1131 7 1 300.000 530.695 2564.03 5572.78
1484788795788 1132 7 1 300.000 531.179 2554.60 7476.16
1484788795791 1133 7 1 300.000 531.179 2554.60 4393.75
1484788795795 1134 7 1 300.000 531.663 2554.60 3187.06
1484788795800 1135 7 1 300.000 532.146 2545.18 2630.44
1484788795804 1136 7 1 300.000 532.146 2545.18 2863.33
1484788795808 1137 7 1 300.000 531.663 2526.39 4104.90
1484788795813 1138 7 1 300.000 531.663 2517.01 3895.52
1484788795817 1139 7 1 300.000 531.663 2526.39 3548.69
1484788795820 1140 7 1 300.000 532.146 2526.39 7005.73
1484788795824 1141 7 1 300.000 531.663 2526.39 11061.10
1484788795829 1142 7 1 300.000 532.146 2526.39 7748.62
1484788795833 1143 7 2 300.000 532.146 2517.01 2573.48
1484788795837 1144 7 2 300.000 532.146 2517.01 2214.99
1484788795841 1145 7 2 300.000 532.146 2498.30 886.47
1484788795845 1146 7 2 300.000 532.146 2517.01 829.44
1484788795848 1147 7 2 300.000 532.146 2498.30 1372.11
1484788795852 1148 7 2 300.000 532.146 2498.30 2659.10
1484788795856 1149 7 2 300.000 531.179 2498.30 5333.34
1484788795861 1150 7 2 300.000 530.695 2488.96 3094.43
1484788795865 1151 7 2 300.000 530.695 2488.96 1725.12
1484788795869 1152 7 2 300.000 521.504 2488.96 1506.05
1484788795873 1153 7 2 300.000 498.766 2526.39 5938.39
1484788795877 1154 7 2 300.000 466.838 2620.91 5530.00
1484788795881 1155 7 2 300.000 439.263 2716.81 4823.12
1484788795885 1156 7 2 300.000 411.204 2833.77 6705.57
1484788795889 1157 7 2 300.000 383.145 3013.15 3440.36
1484788795894 1158 7 2 300.000 348.798 3176.70 1341.02
1484788795897 1159 7 2 300.000 320.739 3354.88 1075.86
1484788795901 1160 7 2 300.000 293.164 3548.69 1165.42
1484788795905 1161 7 2 300.000 267.041 3781.78 1098.12
1484788795909 1162 7 2 300.000 240.433 4034.43 1279.35
1484788795913 1163 7 2 300.000 216.245 4344.81 1442.64
1484788795916 1164 7 2 300.000 193.024 4694.28 2442.48
1484788795920 1165 7 2 300.000 170.287 5195.80 2554.60
1484788795925 1166 7 2 300.000 141.261 5687.99 6383.93
1484788795929 1167 7 2 300.000 119.975 6181.25 3976.23
1484788795933 1168 7 2 300.000 98.205 6921.30 4967.39
1484788795937 1169 7 2 300.000 74.984 7656.89 5417.03
1484788795941 1170 7 2 300.000 56.601 8719.77 6089.34
1484788795945 1171 7 2 300.000 40.637 10195.90 7841.29
1484788795949 1172 7 2 300.000 26.607 12906.62 11321.77
1484788795954 1173 7 2 300.000 11.127 16196.67 16196.67
1484788795958 1174 7 2 300.000 0.484 20780.00 24212.08
1484788795962 1175 7 2 300.000 0.000 26643.40 37917.10
1484788795965 1176 7 2 300.000 -0.484 34417.78 62110.65
1484788795969 1177 7 2 300.000 0.000 44075.45 97963.73
1484788795973 1178 7 2 300.000 0.000 56196.67 130155.00
1484788795977 1179 7 2 300.000 0.000 68825.15 156196.67
1484788795981 1180 7 2 300.000 0.000 81366.73 203815.71
1484788795986 1181 7 2 300.000 -0.484 86827.30 223296.23
1484788795990 1182 7 2 300.000 0.000 93576.24 279852.58
1484788795994 1183 7 2 300.000 0.000 104914.62 316802.73
1484788795998 1184 7 2 300.000 0.000 116290.56 364530.00
1484788796002 1185 7 2 300.000 0.000 126934.58 389530.00
1484788796006 1186 7 2 300.000 -0.484 135871.46 439530.00
1484788796011 1187 7 2 300.000 -0.484 144702.41 476016.49
1484788796015 1188 7 2 300.000 0.000 153166.36 489530.00
1484788796018 1189 7 2 300.000 -0.484 164287.28 534984.55
1484788796022 1190 7 2 300.000 -0.484 171348.18 552030.00
1484788796026 1191 7 2 300.000 0.000 177030.00 589530.00
1484788796030 1192 7 2 300.000 -0.484 185182.17 656196.67
1484788796034 1193 7 2 300.000 -0.484 189530.00 610219.66
1484788796038 1194 7 2 300.000 0.000 198832.33 709530.00
1484788796042 1195 7 2 300.000 -0.484 201294.71 739530.00
1484788796046 1196 7 2 300.000 -0.484 206397.47 807711.82
1484788796050 1197 7 2 300.000 -0.484 214530.00 807711.82
1484788796055 1198 7 2 300.000 -0.484 211752.22 846672.86
1484788796059 1199 7 2 300.000 -0.484 214530.00 807711.82
1484788796063 1200 7 2 300.000 -0.484 217378.10 846672.86
1484788796067 1201 7 2 300.000 -0.484 226372.11 846672.86
1484788796071 1202 7 2 300.000 -0.484 226372.11 846672.86
1484788796075 1203 7 2 300.000 -0.484 226372.11 889530.00
1484788796079 1204 7 2 300.000 0.000 232773.24 889530.00
1484788796083 1205 8 2 300.000 0.000 229530.00 936898.42
1484788796087 1206 8 1 300.000 0.000 239530.00 989530.00
1484788796091 1207 8 1 300.000 -0.484 239530.00 989530.00
1484788796094 1208 8 1 300.000 -0.484 239530.00 989530.00
1484788796098 1209 8 1 300.000 -0.484 250399.57 1048353.53
1484788796103 1210 8 1 300.000 -0.484 246672.86 1048353.53
1484788796107 1211 8 1 300.000 -0.484 243051.13 1048353.53
1484788796111 1212 8 1 300.000 -0.484 250399.57 1048353.53
1484788796116 1213 8 1 300.000 0.000 246672.86 1048353.53
1484788796120 1214 8 1 300.000 -0.484 246672.86 989530.00
1484788796124 1215 8 1 300.000 4.354 258186.72 889530.00
1484788796127 1216 8 1 300.000 89.497 262257.27 807711.82
1484788796132 1217 8 1 300.000 40.153 258186.72 807711.82
1484788796136 1218 8 1 300.000 37.250 250399.57 807711.82
1484788796140 1219 8 1 300.000 28.542 258186.72 772138.70
1484788796144 1220 8 1 300.000 10.643 254235.88 846672.86
1484788796147 1221 8 1 300.000 -0.484 254235.88 807711.82
1484788796151 1222 8 1 300.000 0.000 258186.72 1048353.53
1484788796155 1223 8 1 300.000 0.000 262257.27 1114530.00
1484788796159 1224 8 1 300.000 -0.484 258186.72 1275244.29
1484788796164 1225 8 1 300.000 0.000 254235.88 1189530.00
1484788796168 1226 8 1 300.000 -0.484 254235.88 1275244.29
1484788796172 1227 8 1 300.000 -0.484 254235.88 1374145.38
1484788796175 1228 8 1 300.000 -0.484 262257.27 1275244.29
1484788796180 1229 8 1 300.000 -0.484 262257.27 1275244.29
1484788796184 1230 8 1 300.000 0.968 266453.08 1275244.29
1484788796188 1231 8 1 300.000 -0.484 270780.00 1275244.29
1484788796192 1232 8 1 300.000 4.838 270780.00 1114530.00
1484788796196 1233 8 1 300.000 10.643 270780.00 1189530.00
1484788796200 1234 8 1 300.000 2.419 275244.29 1114530.00
1484788796204 1235 8 1 300.000 -0.484 270780.00 1189530.00
1484788796208 1236 8 1 300.000 -0.484 279852.58 1275244.29
1484788796211 1237 8 1 300.000 4.354 275244.29 1489530.00
1484788796215 1238 8 1 300.000 -0.484 289530.00 1625893.64
1484788796219 1239 8 1 300.000 0.000 284611.97 1789530.00
1484788796223 1240 8 1 300.000 0.000 299874.83 1989530.00
1484788796228 1241 8 1 300.000 0.000 305319.47 2239530.00
1484788796232 1242 8 1 300.000 0.000 305319.47 2560958.57
1484788796236 1243 8 1 300.000 0.000 322863.33 3589530.00
1484788796240 1244 8 1 300.000 -0.484 342471.18 17989530.00
1484788796244 1245 8 1 300.000 -0.484 380834.35 inf
1484788796248 1246 8 1 300.000 0.000 380834.35 inf
1484788796253 1247 8 1 300.000 -0.484 150244.29 57454.53
1484788796257 1248 8 1 300.000 8.224 44575.87 20618.08
1484788796260 1249 8 1 300.000 24.188 27424.74 14599.64
1484788796264 1250 8 1 300.000 40.153 22679.17 12906.62
1484788796268 1251 8 1 300.000 59.987 19232.97 10806.60
1484788796272 1252 8 1 300.000 79.338 16039.57 8517.34
1484788796276 1253 8 1 300.000 97.721 13498.04 6837.69
1484788796280 1254 8 1 300.000 115.621 11862.51 5702.51
1484788796285 1255 8 1 300.000 133.520 10031.14 4284.10
1484788796289 1256 8 1 300.000 149.001 8801.95 4430.66
1484788796292 1257 8 1 300.000 164.965 8086.70 6447.29
1484788796296 1258 8 1 300.000 180.930 7584.16 5673.50
1484788796301 1259 8 1 300.000 200.764 7073.86 3249.51
1484788796305 1260 8 1 300.000 217.696 6721.98 2461.03
1484788796309 1261 8 1 300.000 232.209 6399.73 2755.57
1484788796313 1262 8 1 300.000 245.755 6089.34 2517.01
1484788796317 1263 8 1 300.000 260.268 5834.35 1918.16
1484788796321 1264 8 1 300.000 272.362 5530.00 2687.89
1484788796325 1265 8 1 300.000 284.456 5250.52 2056.10
1484788796329 1266 8 1 300.000 297.518 5007.21 3197.43
1484788796333 1267 8 1 300.000 310.580 4862.20 2214.99
1484788796336 1268 8 1 300.000 322.674 4732.70 2170.45
1484788796340 1269 8 1 300.000 333.317 4643.35 3614.51
1484788796344 1270 8 1 300.000 342.509 4430.66 3323.10
1484788796349 1271 8 1 300.000 354.603 4296.20 1841.90
1484788796353 1272 8 1 300.000 364.762 4140.39 2314.09
1484788796357 1273 8 1 300.000 376.373 3999.45 5908.53
1484788796361 1274 8 1 300.000 386.532 3884.07 2697.52
1484788796365 1275 8 1 300.000 395.240 3804.39 2620.91
1484788796369 1276 8 1 300.000 403.948 3736.79 4940.96
1484788796374 1277 8 1 300.000 412.655 3625.54 6243.09
1484788796378 1278 8 1 300.000 420.396 3548.69 3104.66
1484788796382 1279 8 1 300.000 427.169 3472.68 5659.03
1484788796385 1280 8 1 300.000 434.425 3418.89 3581.52
1484788796389 1281 8 1 300.000 441.198 3354.88 1594.34
1484788796393 1282 8 1 300.000 448.454 3270.46 1426.89
1484788796397 1283 8 1 300.000 454.260 3228.63 3003.05
1484788796401 1284 8 1 300.000 460.065 3187.06 5804.86
1484788796405 1285 8 1 300.000 466.838 3145.73 2659.10
1484788796409 1286 8 1 300.000 471.192 3084.22 1450.53
1484788796413 1287 8 1 300.000 476.513 3033.38 8822.60
1484788796418 1288 8 1 300.000 482.802 2992.98 4199.93
1484788796422 1289 8 1 300.000 487.156 2962.84 5182.17
1484788796426 1290 8 1 300.000 491.510 2932.83 2804.34
1484788796429 1291 8 1 300.000 494.896 2902.96 3748.01
1484788796434 1292 8 1 300.000 498.766 2873.22 1634.91
1484788796438 1293 8 1 300.000 502.153 2843.61 980.38
1484788796442 1294 8 1 300.000 505.055 2804.34 879.31
1484788796446 1295 8 1 300.000 508.442 2794.55 1683.95
1484788796449 1296 8 1 300.000 510.861 2765.29 1271.68
1484788796453 1297 8 1 300.000 513.279 2755.57 1203.15
1484788796457 1298 8 1 300.000 515.215 2726.48 2099.83
1484788796461 1299 8 1 300.000 516.666 2707.16 1310.10
1484788796466 1300 8 1 300.000 518.117 2697.52 1053.69
1484788796470 1301 8 1 300.000 519.568 2687.89 1135.42
1484788796473 1302 8 1 300.000 521.020 2678.28 1038.95
1484788796477 1303 8 1 300.000 521.504 2659.10 1068.46
1484788796482 1304 8 1 300.000 522.955 2649.53 987.67
1484788796486 1305 8 1 300.000 522.955 2639.98 1411.19
1484788796489 1306 8 1 300.000 522.955 2630.44 1969.53
1484788796493 1307 8 1 300.000 523.439 2630.44 958.57
1484788796498 1308 8 1 300.000 524.890 2611.40 1403.35
1484788796502 1309 8 1 300.000 525.374 2592.41 3976.23
1484788796506 1310 8 1 300.000 526.825 2592.41 1808.31
1484788796510 1311 8 1 300.000 527.309 2582.94 1364.32
1484788796513 1312 8 1 300.000 528.276 2582.94 1442.64
1484788796517 1313 8 1 300.000 528.760 2573.48 2064.82
1484788796521 1314 8 1 300.000 529.728 2573.48 2982.91
1484788796525 1315 8 1 300.000 530.695 2573.48 1969.53
1484788796530 1316 8 1 300.000 531.179 2564.03 4081.33
1484788796534 1317 8 1 300.000 531.179 2545.18 1061.07
1484788796537 1318 8 1 300.000 531.663 2535.78 1969.53
1484788796542 1319 8 1 300.000 531.663 2545.18 2038.69
1484788796546 1320 8 1 300.000 531.663 2535.78 2161.58
1484788796550 1321 8 1 300.000 531.663 2535.78 936.84
1484788796554 1322 8 1 300.000 531.663 2517.01 1105.56
1484788796559 1323 8 1 300.000 531.179 2526.39 1150.40
1484788796563 1324 8 1 300.000 531.663 2517.01 1157.91
1484788796567 1325 8 1 300.000 531.663 2517.01 1434.76
1484788796571 1326 8 1 300.000 532.146 2507.65 1909.64
1484788796575 1327 8 1 300.000 532.146 2507.65 6352.43
1484788796578 1328 8 1 300.000 531.663 2507.65 3063.83
1484788796582 1329 8 1 300.000 532.146 2507.65 2893.03
1484788796586 1330 8 1 300.000 532.146 2507.65 3218.21
1484788796591 1331 8 2 300.000 532.146 2498.30 1875.68
1484788796595 1332 8 2 300.000 532.146 2488.96 3548.69
1484788796600 1333 8 2 300.000 532.630 2488.96 4011.09
1484788796604 1334 8 2 300.000 532.146 2488.96 6368.17
1484788796607 1335 8 2 300.000 532.146 2479.64 2433.23
1484788796611 1336 8 2 300.000 531.663 2488.96 2064.82
1484788796616 1337 8 2 300.000 530.695 2479.64 2143.88
1484788796620 1338 8 2 300.000 530.695 2470.33 2620.91
1484788796624 1339 8 2 300.000 530.211 2498.30 4259.95
1484788796628 1340 8 2 300.000 518.601 2488.96 7404.88
1484788796631 1341 8 2 300.000 494.412 2517.01 2332.28
1484788796635 1342 8 2 300.000 468.289 2582.94 5020.53
1484788796639 1343 8 2 300.000 442.165 2687.89 5141.45
1484788796643 1344 8 2 300.000 411.204 2814.13 2206.06
1484788796648 1345 8 2 300.000 376.373 2972.87 1808.31
1484788796652 1346 8 2 300.000 347.830 3156.04 1506.05
1484788796656 1347 8 2 300.000 320.739 3323.10 994.97
1484788796660 1348 8 2 300.000 294.132 3592.50 1038.95
1484788796664 1349 8 2 300.000 262.203 3815.71 1098.12
1484788796668 1350 8 2 300.000 237.047 4081.33 1157.91
1484788796672 1351 8 2 300.000 212.859 4393.75 1379.90
1484788796676 1352 8 2 300.000 189.638 4836.12 2082.30
1484788796681 1353 8 2 300.000 162.063 5223.11 2250.85
1484788796684 1354 8 2 300.000 139.326 5687.99 3907.00
1484788796688 1355 8 2 300.000 118.040 6181.25 5790.16
1484788796692 1356 8 2 300.000 97.721 6771.38 6119.86
1484788796696 1357 8 2 300.000 77.887 7458.29 9732.02
1484788796700 1358 8 2 300.000 60.471 8417.72 6383.93
1484788796704 1359 8 2 300.000 44.507 9800.27 7351.78
1484788796707 1360 8 2 300.000 29.994 12430.76 10607.28
1484788796712 1361 8 2 300.000 13.546 15541.56 15025.75
1484788796716 1362 8 2 300.000 1.935 19680.75 22197.88
1484788796721 1363 8 2 300.000 -0.484 26720.08 37787.37
1484788796725 1364 8 2 300.000 0.000 34756.13 63910.17
1484788796729 1365 8 2 300.000 -0.484 45257.55 99959.45
1484788796733 1366 8 2 300.000 0.000 56444.50 130155.00
1484788796737 1367 8 2 300.000 0.000 71721.78 166000.59
1484788796741 1368 8 2 300.000 -0.484 80439.09 198832.33
1484788796745 1369 8 2 300.000 -0.484 85786.68 220299.23
1484788796749 1370 8 2 300.000 0.000 94181.16 270780.00
1484788796752 1371 8 2 300.000 -0.484 102737.55 299874.83
1484788796756 1372 8 2 300.000 -0.484 111978.98 349530.00
1484788796760 1373 8 2 300.000 -0.484 122863.33 380834.35
1484788796764 1374 8 2 300.000 -0.484 132387.14 418101.43
1484788796769 1375 8 2 300.000 -0.484 139530.00 428554.39
1484788796773 1376 8 2 300.000 -0.484 151692.16 503815.71
1484788796776 1377 8 2 300.000 -0.484 159341.32 518941.76
1484788796780 1378 8 2 300.000 -0.484 169530.00 570175.16
1484788796785 1379 8 2 300.000 0.000 175097.01 610219.66
1484788796789 1380 8 2 300.000 -0.484 183078.39 589530.00
1484788796793 1381 8 2 300.000 -0.484 189530.00 681837.69
1484788796796 1382 8 2 300.000 -0.484 198832.33 709530.00
1484788796801 1383 8 2 300.000 -0.484 201294.71 709530.00
1484788796805 1384 8 2 300.000 -0.484 206397.47 772138.70
1484788796809 1385 8 2 300.000 0.000 206397.47 807711.82
1484788796813 1386 8 2 300.000 0.000 214530.00 807711.82
1484788796816 1387 8 2 300.000 0.000 214530.00 807711.82
1484788796820 1388 8 2 300.000 -0.484 217378.10 807711.82
1484788796824 1389 8 2 300.000 -0.484 223296.23 846672.86
1484788796828 1390 8 2 300.000 -0.484 229530.00 889530.00
1484788796833 1391 8 2 300.000 0.000 226372.11 846672.86
1484788796837 1392 8 2 300.000 -0.484 232773.24 889530.00
1484788796841 1393 9 2 300.000 0.000 236105.34 936898.42
1484788796846 1394 9 1 300.000 -0.484 232773.24 889530.00
1484788796849 1395 9 1 300.000 -0.484 239530.00 989530.00
1484788796853 1396 9 1 300.000 0.000 239530.00 989530.00
1484788796857 1397 9 1 300.000 0.000 239530.00 1048353.53
1484788796862 1398 9 1 300.000 -0.484 239530.00 989530.00
1484788796866 1399 9 1 300.000 -0.484 243051.13 1114530.00
1484788796870 1400 9 1 300.000 -0.484 246672.86 1048353.53
1484788796874 1401 9 1 300.000 -0.484 250399.57 936898.42
1484788796877 1402 9 1 300.000 0.000 239530.00 1114530.00
1484788796881 1403 9 1 300.000 2.903 246672.86 989530.00
1484788796885 1404 9 1 300.000 1.451 262257.27 846672.86
1484788796889 1405 9 1 300.000 28.542 258186.72 772138.70
1484788796894 1406 9 1 300.000 45.474 254235.88 739530.00
1484788796898 1407 9 1 300.000 30.477 258186.72 739530.00
1484788796902 1408 9 1 300.000 13.062 254235.88 846672.86
1484788796906 1409 9 1 300.000 -0.484 254235.88 936898.42
1484788796910 1410 9 1 300.000 -0.484 254235.88 989530.00
1484788796914 1411 9 1 300.000 0.000 258186.72 1114530.00
1484788796919 1412 9 1 300.000 -0.484 250399.57 1275244.29
1484788796923 1413 9 1 300.000 0.000 258186.72 1275244.29
1484788796926 1414 9 1 300.000 -0.484 258186.72 1275244.29
1484788796930 1415 9 1 300.000 0.000 258186.72 1275244.29
1484788796934 1416 9 1 300.000 0.000 266453.08 1275244.29
1484788796938 1417 9 1 300.000 -0.484 266453.08 1275244.29
1484788796942 1418 9 1 300.000 0.484 266453.08 1189530.00
1484788796945 1419 9 1 300.000 1.935 266453.08 1374145.38
1484788796950 1420 9 1 300.000 4.354 262257.27 1275244.29
1484788796954 1421 9 1 300.000 2.419 266453.08 1114530.00
1484788796958 1422 9 1 300.000 4.838 270780.00 1189530.00
1484788796963 1423 9 1 300.000 -0.484 266453.08 1275244.29
1484788796967 1424 9 1 300.000 -0.484 266453.08 1489530.00
1484788796970 1425 9 1 300.000 5.321 279852.58 1789530.00
1484788796974 1426 9 1 300.000 -0.484 284611.97 1625893.64
1484788796979 1427 9 1 300.000 0.000 279852.58 1989530.00
1484788796983 1428 9 1 300.000 -0.484 299874.83 1789530.00
1484788796987 1429 9 1 300.000 0.000 305319.47 2560958.57
1484788796990 1430 9 1 300.000 -0.484 305319.47 2560958.57
1484788796995 1431 9 1 300.000 -0.484 322863.33 4489530.00
1484788796998 1432 9 1 300.000 -0.484 329152.64 17989530.00
1484788797002 1433 9 1 300.000 0.000 372508.72 inf
1484788797006 1434 9 1 300.000 0.000 356876.94 656196.67
1484788797011 1435 9 1 300.000 -0.484 104914.62 44914.62
1484788797015 1436 9 1 300.000 0.000 38845.07 18798.29
1484788797019 1437 9 1 300.000 20.318 26041.16 14086.62
1484788797024 1438 9 1 300.000 49.828 20564.48 11862.51
1484788797028 1439 9 1 300.000 67.728 17480.31 9619.29
1484788797032 1440 9 1 300.000 89.497 14599.64 7656.89
1484788797035 1441 9 1 300.000 107.397 12518.51 6196.67
1484788797040 1442 9 1 300.000 125.780 10806.60 4967.39
1484788797044 1443 9 1 300.000 140.293 9463.55 3907.00
1484788797048 1444 9 1 300.000 155.774 8437.56 3312.54
1484788797052 1445 9 1 300.000 171.738 7859.94 3333.68
1484788797055 1446 9 1 300.000 186.735 7440.45 2863.33
1484788797059 1447 9 1 300.000 203.667 6988.78 2649.53
1484788797063 1448 9 1 300.000 219.631 6640.27 2942.82
1484788797067 1449 9 1 300.000 234.144 6336.72 2082.30
1484788797072 1450 9 1 300.000 250.593 6013.52 2341.39
1484788797076 1451 9 1 300.000 262.687 5746.22 1692.16
1484788797080 1452 9 1 300.000 274.781 5459.20 2047.39
1484788797084 1453 9 1 300.000 289.294 5114.42 3815.71
1484788797088 1454 9 1 300.000 303.323 4914.62 1841.90
1484788797092 1455 9 1 300.000 316.385 4784.24 1458.43
1484788797096 1456 9 1 300.000 327.512 4681.52 1522.01
1484788797101 1457 9 1 300.000 339.122 4530.00 1570.13
1484788797105 1458 9 1 300.000 349.282 4344.81 4656.05
1484788797108 1459 9 1 300.000 358.473 4223.88 1858.77
1484788797112 1460 9 1 300.000 368.149 4057.85 1618.65
1484788797116 1461 9 1 300.000 377.824 3953.08 4849.15
1484788797120 1462 9 1 300.000 387.499 3849.81 2687.89
1484788797124 1463 9 1 300.000 396.207 3781.78 4927.78
1484788797128 1464 9 1 300.000 404.431 3714.40 5953.36
1484788797132 1465 9 1 300.000 414.107 3603.49 9686.77
1484788797136 1466 9 1 300.000 421.363 3516.01 4455.37
1484788797140 1467 9 1 300.000 428.620 3451.11 4875.27
1484788797145 1468 9 1 300.000 436.844 3386.81 1562.09
1484788797149 1469 9 1 300.000 444.100 3302.00 3125.17
1484788797153 1470 9 1 300.000 450.389 3239.06 2268.85
1484788797157 1471 9 1 300.000 456.678 3197.43 2922.86
1484788797161 1472 9 1 300.000 463.451 3145.73 2314.09
1484788797165 1473 9 1 300.000 468.289 3104.66 1791.58
1484788797169 1474 9 1 300.000 473.127 3053.67 1241.13
1484788797173 1475 9 1 300.000 478.448 3013.15 1774.90
1484788797177 1476 9 1 300.000 483.286 2972.87 2668.69
1484788797181 1477 9 1 300.000 487.640 2942.82 2064.82
1484788797184 1478 9 1 300.000 491.510 2912.90 1142.90
1484788797188 1479 9 1 300.000 494.896 2883.12 1248.75
1484788797193 1480 9 1 300.000 499.250 2853.46 3013.15
1484788797197 1481 9 1 300.000 503.120 2814.13 4199.93
1484788797201 1482 9 1 300.000 506.023 2794.55 4430.66
1484788797206 1483 9 1 300.000 509.409 2765.29 1210.73
1484788797210 1484 9 1 300.000 511.828 2745.86 1466.34
1484788797214 1485 9 1 300.000 514.247 2726.48 1098.12
1484788797217 1486 9 1 300.000 516.182 2716.81 1188.03
1484788797222 1487 9 1 300.000 518.117 2678.28 2241.86
1484788797226 1488 9 1 300.000 519.085 2678.28 2135.04
1484788797230 1489 9 1 300.000 520.052 2659.10 5236.81
1484788797234 1490 9 1 300.000 521.504 2659.10 3429.61
1484788797237 1491 9 1 300.000 522.955 2639.98 4443.01
1484788797241 1492 9 1 300.000 523.439 2630.44 3987.83
1484788797245 1493 9 1 300.000 523.922 2620.91 2922.86
1484788797249 1494 9 1 300.000 523.439 2620.91 2823.94
1484788797254 1495 9 1 300.000 524.406 2601.90 3053.67
1484788797258 1496 9 1 300.000 524.890 2592.41 3703.23
1484788797262 1497 9 1 300.000 526.341 2592.41 2152.72
1484788797266 1498 9 1 300.000 527.309 2573.48 1978.13
1484788797270 1499 9 1 300.000 527.793 2582.94 1264.03
1484788797274 1500 9 1 300.000 528.276 2564.03 2021.33
1484788797278 1501 9 1 300.000 528.760 2573.48 1403.35
1484788797282 1502 9 1 300.000 530.211 2545.18 1716.87
1484788797286 1503 9 1 300.000 530.695 2535.78 1935.24
1484788797290 1504 9 1 300.000 531.179 2526.39 2250.85
1484788797294 1505 9 1 300.000 531.663 2526.39 2232.89
1484788797298 1506 9 1 300.000 532.146 2526.39 3570.56
1484788797302 1507 9 1 300.000 532.146 2517.01 3748.01
1484788797306 1508 9 1 300.000 532.146 2535.78 9868.98
1484788797310 1509 9 1 300.000 532.146 2517.01 5587.09
1484788797315 1510 9 1 300.000 531.663 2507.65 5878.77
1484788797319 1511 9 1 300.000 531.663 2498.30 5630.18
1484788797323 1512 9 1 300.000 531.663 2507.65 4011.09
1484788797327 1513 9 1 300.000 532.146 2488.96 3197.43
1484788797331 1514 9 1 300.000 532.146 2498.30 3526.89
1484788797335 1515 9 1 300.000 531.663 2488.96 7229.12
1484788797339 1516 9 1 300.000 532.146 2498.30 3770.51
1484788797343 1517 9 1 300.000 532.146 2488.96 5127.92
1484788797347 1518 9 1 300.000 532.146 2488.96 3472.68
1484788797351 1519 9 2 300.000 532.146 2488.96 2152.72
1484788797355 1520 9 2 300.000 532.146 2488.96 3429.61
1484788797359 1521 9 2 300.000 532.630 2470.33 2232.89
1484788797363 1522 9 2 300.000 532.146 2479.64 3603.49
1484788797366 1523 9 2 300.000 532.146 2479.64 3302.00
1484788797370 1524 9 2 300.000 531.663 2479.64 3114.91
1484788797375 1525 9 2 300.000 531.179 2461.03 1716.87
1484788797379 1526 9 2 300.000 530.695 2470.33 1233.51
1484788797383 1527 9 2 300.000 530.211 2479.64 1195.59
1484788797388 1528 9 2 300.000 518.117 2470.33 1442.64
1484788797391 1529 9 2 300.000 493.929 2517.01 1372.11
1484788797395 1530 9 2 300.000 466.838 2582.94 2517.01
1484788797399 1531 9 2 300.000 440.714 2678.28 7767.08
1484788797404 1532 9 2 300.000 407.334 2823.94 5804.86
1484788797408 1533 9 2 300.000 379.275 2972.87 1570.13
1484788797412 1534 9 2 300.000 351.700 3114.91 1113.01
1484788797415 1535 9 2 300.000 324.126 3270.46 915.20
1484788797419 1536 9 2 300.000 298.486 3472.68 965.83
1484788797423 1537 9 2 300.000 272.362 3703.23 1024.25
1484788797427 1538 9 2 300.000 247.206 3941.53 1341.02
1484788797431 1539 9 2 300.000 223.502 4235.88 2188.23
1484788797436 1540 9 2 300.000 193.508 4681.52 2047.39
1484788797440 1541 9 2 300.000 169.803 5060.63 2323.18
1484788797443 1542 9 2 300.000 147.550 5501.61 2775.03
1484788797448 1543 9 2 300.000 121.910 6074.12 5223.11
1484788797452 1544 9 2 300.000 101.108 6624.02 4223.88
1484788797456 1545 9 2 300.000 80.790 7334.15 6705.57
1484788797460 1546 9 2 300.000 62.890 8260.49 5644.59
1484788797464 1547 9 2 300.000 43.539 9984.55 7512.02
1484788797468 1548 9 2 300.000 28.542 12086.39 10054.52
1484788797472 1549 9 2 300.000 15.964 14846.46 14019.80
1484788797476 1550 9 2 300.000 3.870 18703.42 20351.92
1484788797480 1551 9 2 300.000 -0.484 23750.53 30162.05
1484788797484 1552 9 2 300.000 -0.484 29979.44 48740.53
1484788797487 1553 9 2 300.000 -0.484 39116.78 79530.00
1484788797491 1554 9 2 300.000 0.000 50754.49 113667.93
1484788797496 1555 9 2 300.000 0.000 66125.74 153166.36
1484788797500 1556 9 2 300.000 0.000 78199.95 185182.17
1484788797504 1557 9 2 300.000 -0.484 84266.84 214530.00
1484788797508 1558 9 2 300.000 0.000 91224.92 266453.08
1484788797512 1559 9 2 300.000 -0.484 99959.45 299874.83
1484788797516 1560 9 2 300.000 -0.484 110335.37 335683.85
1484788797520 1561 9 2 300.000 -0.484 120916.86 372508.72
1484788797525 1562 9 2 300.000 0.000 132387.14 408134.65
1484788797529 1563 9 2 300.000 0.000 142072.37 439530.00
1484788797532 1564 9 2 300.000 0.000 147424.74 489530.00
1484788797536 1565 9 2 300.000 0.000 157754.30 503815.71
1484788797540 1566 9 2 300.000 0.000 167747.82 552030.00
1484788797544 1567 9 2 300.000 0.000 173203.47 589530.00
1484788797548 1568 9 2 300.000 -0.484 185182.17 632387.14
1484788797551 1569 9 2 300.000 -0.484 185182.17 656196.67
1484788797556 1570 9 2 300.000 -0.484 194075.45 681837.69
1484788797560 1571 9 2 300.000 -0.484 201294.71 709530.00
1484788797564 1572 9 2 300.000 0.000 206397.47 807711.82
1484788797568 1573 9 2 300.000 -0.484 211752.22 807711.82
1484788797573 1574 9 2 300.000 0.000 211752.22 772138.70
1484788797576 1575 9 2 300.000 0.000 214530.00 807711.82
1484788797580 1576 9 2 300.000 -0.484 217378.10 807711.82
1484788797584 1577 9 2 300.000 -0.484 226372.11 846672.86
1484788797589 1578 9 2 300.000 -0.484 229530.00 846672.86
1484788797593 1579 9 2 300.000 -0.484 226372.11 846672.86
1484788797596 1580 9 2 300.000 0.000 229530.00 846672.86
1484788797600 1581 9 2 300.000 0.000 236105.34 989530.00
1484788797604 1582 10 2 300.000 0.000 236105.34 989530.00
1484788797608 1583 10 1 300.000 0.000 236105.34 936898.42
1484788797612 1584 10 1 300.000 -0.484 250399.57 989530.00
1484788797616 1585 10 1 300.000 0.000 243051.13 936898.42
1484788797621 1586 10 1 300.000 -0.484 236105.34 936898.42
1484788797625 1587 10 1 300.000 -0.484 239530.00 989530.00
1484788797629 1588 10 1 300.000 -0.484 243051.13 1114530.00
1484788797633 1589 10 1 300.000 0.000 239530.00 1048353.53
1484788797637 1590 10 1 300.000 -0.484 239530.00 989530.00
1484788797641 1591 10 1 300.000 -0.484 250399.57 936898.42
1484788797645 1592 10 1 300.000 4.838 254235.88 889530.00
1484788797649 1593 10 1 300.000 4.354 258186.72 889530.00
1484788797653 1594 10 1 300.000 43.539 250399.57 772138.70
1484788797657 1595 10 1 300.000 36.766 246672.86 772138.70
1484788797661 1596 10 1 300.000 25.156 246672.86 772138.70
1484788797665 1597 10 1 300.000 10.643 258186.72 846672.86
1484788797669 1598 10 1 300.000 -0.484 254235.88 889530.00
1484788797673 1599 10 1 300.000 6.289 254235.88 1114530.00
1484788797678 1600 10 1 300.000 -0.484 262257.27 1275244.29
1484788797682 1601 10 1 300.000 0.000 262257.27 1275244.29
1484788797687 1602 10 1 300.000 -0.484 258186.72 1374145.38
1484788797691 1603 10 1 300.000 0.000 254235.88 1374145.38
1484788797695 1604 10 1 300.000 -0.484 262257.27 1374145.38
1484788797699 1605 10 1 300.000 -0.484 266453.08 1189530.00
1484788797704 1606 10 1 300.000 0.968 262257.27 1275244.29
1484788797708 1607 10 1 300.000 19.351 270780.00 1275244.29
1484788797712 1608 10 1 300.000 9.675 270780.00 1048353.53
1484788797717 1609 10 1 300.000 2.903 266453.08 1189530.00
1484788797721 1610 10 1 300.000 2.903 270780.00 1048353.53
1484788797725 1611 10 1 300.000 -0.484 279852.58 1189530.00
1484788797729 1612 10 1 300.000 -0.484 275244.29 1374145.38
1484788797733 1613 10 1 300.000 -0.484 275244.29 1374145.38
1484788797736 1614 10 1 300.000 0.000 284611.97 1789530.00
1484788797740 1615 10 1 300.000 -0.484 289530.00 1789530.00
1484788797744 1616 10 1 300.000 -0.484 284611.97 1789530.00
1484788797749 1617 10 1 300.000 0.000 294614.75 1989530.00
1484788797753 1618 10 1 300.000 -0.484 310958.57 2560958.57
1484788797757 1619 10 1 300.000 -0.484 310958.57 2989530.00
1484788797762 1620 10 1 300.000 -0.484 329152.64 5989530.00
1484788797766 1621 10 1 300.000 0.000 372508.72 inf
1484788797770 1622 10 1 300.000 0.000 418101.43 inf
1484788797774 1623 10 1 300.000 0.000 250399.57 147424.74
1484788797778 1624 10 1 300.000 -0.484 51813.74 23750.53
1484788797782 1625 10 1 300.000 0.484 29090.44 14989.69
1484788797786 1626 10 1 300.000 26.124 23492.26 13214.21
1484788797790 1627 10 1 300.000 51.763 20090.27 11588.82
1484788797794 1628 10 1 300.000 75.952 16844.11 9223.65
1484788797797 1629 10 1 300.000 94.335 14187.53 7351.78
1484788797801 1630 10 1 300.000 111.267 12257.27 6058.93
1484788797805 1631 10 1 300.000 126.264 10831.78 5007.21
1484788797810 1632 10 1 300.000 143.196 9095.22 3680.94
1484788797814 1633 10 1 300.000 159.160 8221.59 3386.81
1484788797818 1634 10 1 300.000 175.125 7711.82 2932.83
1484788797822 1635 10 1 300.000 194.959 7177.06 2498.30
1484788797827 1636 10 1 300.000 212.375 6738.41 3736.79
1484788797830 1637 10 1 300.000 226.888 6447.29 2755.57
1484788797834 1638 10 1 300.000 240.917 6165.86 2161.58
1484788797839 1639 10 1 300.000 255.430 5849.13 1969.53
1484788797843 1640 10 1 300.000 267.041 5587.09 1643.06
1484788797847 1641 10 1 300.000 279.619 5291.82 2277.88
1484788797850 1642 10 1 300.000 292.681 5033.88 3526.89
1484788797854 1643 10 1 300.000 305.259 4862.20 2064.82
1484788797858 1644 10 1 300.000 319.288 4719.87 3537.78
1484788797862 1645 10 1 300.000 328.963 4630.67 5893.64
1484788797866 1646 10 1 300.000 338.155 4505.04 4967.39
1484788797870 1647 10 1 300.000 350.249 4272.01 3884.07
1484788797874 1648 10 1 300.000 359.925 4128.54 11427.81
1484788797878 1649 10 1 300.000 369.600 3999.45 4954.16
1484788797883 1650 10 1 300.000 381.694 3872.63 4187.98
1484788797887 1651 10 1 300.000 390.886 3793.07 2932.83
1484788797891 1652 10 1 300.000 399.594 3714.40 3725.58
1484788797895 1653 10 1 300.000 407.818 3625.54 3930.00
1484788797899 1654 10 1 300.000 416.042 3526.89 5587.09
1484788797903 1655 10 1 300.000 423.782 3461.89 2286.91
1484788797907 1656 10 1 300.000 431.039 3386.81 4393.75
1484788797911 1657 10 1 300.000 438.295 3312.54 1450.53
1484788797915 1658 10 1 300.000 445.068 3259.98 1808.31
1484788797919 1659 10 1 300.000 451.357 3197.43 2286.91
1484788797922 1660 10 1 300.000 457.162 3166.36 4199.93
1484788797926 1661 10 1 300.000 462.484 3125.17 6904.52
1484788797931 1662 10 1 300.000 469.256 3074.02 3365.51
1484788797935 1663 10 1 300.000 474.094 3013.15 8260.49
1484788797939 1664 10 1 300.000 479.416 2972.87 5630.18
1484788797943 1665 10 1 300.000 484.253 2922.86 3714.40
1484788797947 1666 10 1 300.000 489.091 2902.96 5195.80
1484788797951 1667 10 1 300.000 492.961 2883.12 3918.49
1484788797955 1668 10 1 300.000 496.831 2863.33 5195.80
1484788797959 1669 10 1 300.000 500.218 2823.94 6104.59
1484788797964 1670 10 1 300.000 504.088 2794.55 2863.33
1484788797967 1671 10 1 300.000 506.990 2755.57 1926.69
1484788797971 1672 10 1 300.000 509.409 2726.48 2082.30
1484788797975 1673 10 1 300.000 511.828 2716.81 2188.23
1484788797979 1674 10 1 300.000 514.247 2697.52 4199.93
1484788797983 1675 10 1 300.000 516.182 2678.28 2707.16
1484788797987 1676 10 1 300.000 518.117 2668.69 3838.43
1484788797990 1677 10 1 300.000 519.568 2659.10 3270.46
1484788797996 1678 10 1 300.000 521.020 2639.98 1850.33
1484788798000 1679 10 1 300.000 522.471 2620.91 1791.58
1484788798004 1680 10 1 300.000 522.955 2611.40 2377.97
1484788798008 1681 10 1 300.000 523.439 2592.41 2442.48
1484788798012 1682 10 1 300.000 523.922 2592.41 3804.39
1484788798016 1683 10 1 300.000 524.406 2582.94 3770.51
1484788798020 1684 10 1 300.000 524.890 2582.94 2564.03
1484788798024 1685 10 1 300.000 525.374 2564.03 2470.33
1484788798028 1686 10 1 300.000 526.825 2554.60 3781.78
1484788798032 1687 10 1 300.000 527.309 2554.60 5445.12
1484788798036 1688 10 1 300.000 527.793 2554.60 4719.87
1484788798040 1689 10 1 300.000 528.276 2545.18 6013.52
1484788798044 1690 10 1 300.000 528.760 2545.18 2161.58
1484788798048 1691 10 1 300.000 530.211 2517.01 5060.63
1484788798053 1692 10 1 300.000 530.695 2498.30 1901.13
1484788798057 1693 10 1 300.000 531.179 2517.01 1901.13
1484788798061 1694 10 1 300.000 531.663 2507.65 1901.13
1484788798065 1695 10 1 300.000 531.663 2507.65 3386.81
1484788798069 1696 10 1 300.000 532.146 2498.30 2765.29
1484788798073 1697 10 1 300.000 532.146 2498.30 2843.61
1484788798077 1698 10 1 300.000 532.146 2498.30 3176.70
1484788798081 1699 10 1 300.000 531.663 2488.96 4069.58
1484788798085 1700 10 1 300.000 531.663 2479.64 3669.83
1484788798089 1701 10 1 300.000 531.663 2479.64 3625.54
1484788798093 1702 10 1 300.000 532.146 2479.64 4505.04
1484788798097 1703 10 1 300.000 531.663 2479.64 4187.98
1484788798101 1704 10 1 300.000 531.663 2470.33 4771.32
1484788798104 1705 10 1 300.000 531.663 2470.33 5804.86
1484788798108 1706 10 1 300.000 531.663 2470.33 4235.88
1484788798113 1707 10 2 300.000 532.146 2461.03 3302.00
1484788798117 1708 10 2 300.000 532.146 2461.03 2873.22
1484788798121 1709 10 2 300.000 532.146 2461.03 2942.82
1484788798126 1710 10 2 300.000 531.663 2461.03 3270.46
1484788798130 1711 10 2 300.000 531.663 2470.33 1538.01
1484788798133 1712 10 2 300.000 531.179 2442.48 1098.12
1484788798137 1713 10 2 300.000 530.695 2451.75 1031.60
1484788798142 1714 10 2 300.000 530.211 2451.75 1009.59
1484788798146 1715 10 2 300.000 529.244 2433.23 1068.46
1484788798150 1716 10 2 300.000 516.182 2451.75 5473.31
1484788798154 1717 10 2 300.000 491.510 2488.96 8989.46
1484788798158 1718 10 2 300.000 464.903 2564.03 3748.01
1484788798161 1719 10 2 300.000 438.295 2659.10 3063.83
1484788798165 1720 10 2 300.000 411.204 2775.03 1287.02
1484788798169 1721 10 2 300.000 383.629 2912.90 1758.26
1484788798174 1722 10 2 300.000 347.830 3135.44 994.97
1484788798178 1723 10 2 300.000 318.804 3312.54 1009.59
1484788798182 1724 10 2 300.000 291.713 3505.16 944.08
1484788798186 1725 10 2 300.000 259.784 3815.71 1256.38
1484788798190 1726 10 2 300.000 233.661 4081.33 1708.62
1484788798194 1727 10 2 300.000 209.472 4406.03 1841.90
1484788798198 1728 10 2 300.000 186.251 4771.32 2775.03
1484788798202 1729 10 2 300.000 158.193 5278.03 4732.70
1484788798206 1730 10 2 300.000 134.972 5746.22 3033.38
1484788798210 1731 10 2 300.000 113.202 6305.40 3625.54
1484788798214 1732 10 2 300.000 92.884 6887.76 5908.53
1484788798218 1733 10 2 300.000 74.017 7638.65 4993.92
1484788798222 1734 10 2 300.000 56.117 8678.94 6058.93
1484788798226 1735 10 2 300.000 40.637 10124.97 7711.82
1484788798229 1736 10 2 300.000 26.607 12257.27 10291.25
1484788798234 1737 10 2 300.000 10.159 16557.03 16638.43
1484788798238 1738 10 2 300.000 -0.484 21332.12 25386.57
1484788798242 1739 10 2 300.000 0.000 27345.13 39669.28
1484788798247 1740 10 2 300.000 -0.484 37658.34 74435.66
1484788798251 1741 10 2 300.000 0.000 48546.39 110335.37
1484788798255 1742 10 2 300.000 -0.484 59842.50 138290.33
1484788798258 1743 10 2 300.000 0.000 73250.93 167747.82
1484788798263 1744 10 2 300.000 0.000 82794.25 201294.71
1484788798267 1745 10 2 300.000 0.000 87356.09 232773.24
1484788798271 1746 10 2 300.000 -0.484 95412.35 270780.00
1484788798275 1747 10 2 300.000 0.000 104914.62 316802.73
1484788798279 1748 10 2 300.000 0.000 113667.93 349530.00
1484788798282 1749 10 2 300.000 -0.484 124868.35 389530.00
1484788798286 1750 10 2 300.000 -0.484 137070.98 408134.65
1484788798290 1751 10 2 300.000 0.000 140790.50 451068.46
1484788798295 1752 10 2 300.000 0.000 154667.61 503815.71
1484788798299 1753 10 2 300.000 0.000 164287.28 518941.76
1484788798303 1754 10 2 300.000 -0.484 169530.00 534984.55
1484788798307 1755 10 2 300.000 -0.484 181019.36 610219.66
1484788798311 1756 10 2 300.000 -0.484 185182.17 610219.66
1484788798315 1757 10 2 300.000 0.000 189530.00 681837.69
1484788798319 1758 10 2 300.000 0.000 194075.45 681837.69
1484788798324 1759 10 2 300.000 -0.484 203815.71 739530.00
1484788798327 1760 10 2 300.000 -0.484 209042.20 739530.00
1484788798331 1761 10 2 300.000 -0.484 214530.00 846672.86
1484788798335 1762 10 2 300.000 -0.484 220299.23 807711.82
1484788798339 1763 10 2 300.000 -0.484 214530.00 846672.86
1484788798343 1764 10 2 300.000 -0.484 223296.23 807711.82
1484788798347 1765 10 2 300.000 -0.484 223296.23 807711.82
1484788798351 1766 10 2 300.000 -0.484 229530.00 807711.82
1484788798356 1767 10 2 300.000 -0.484 232773.24 846672.86
1484788798361 1768 10 2 300.000 0.000 232773.24 936898.42
1484788798365 1769 11 2 300.000 0.000 236105.34 989530.00
