Serial_number: 0 
Time Data_Count Cycle State Desired_force_(psi) Measured_force_(psi) Toe_sensor Heel_Sensor
1484787205571 0 0 0 300.000 0.000 226372.11 889530.00
1484787205613 1 0 1 300.000 0.000 223296.23 889530.00
1484787205624 2 0 1 300.000 0.000 226372.11 889530.00
1484787205632 3 0 1 300.000 0.000 223296.23 889530.00
1484787205644 4 0 1 300.000 0.000 223296.23 846672.86
1484787205662 5 0 1 300.000 0.000 223296.23 846672.86
1484787205669 6 0 1 300.000 0.000 223296.23 846672.86
1484787205680 7 0 1 300.000 0.000 226372.11 846672.86
1484787205688 8 0 1 300.000 0.000 220299.23 936898.42
1484787205693 9 0 1 300.000 0.484 223296.23 936898.42
1484787205703 10 0 1 300.000 0.000 220299.23 889530.00
1484787205710 11 0 1 300.000 0.000 223296.23 846672.86
1484787205715 12 0 1 300.000 0.484 226372.11 846672.86
1484787205723 13 0 1 300.000 0.000 223296.23 846672.86
1484787205729 14 0 1 300.000 0.000 223296.23 889530.00
1484787205737 15 0 1 300.000 0.000 220299.23 889530.00
1484787205743 16 0 1 300.000 0.000 223296.23 936898.42
1484787205749 17 0 1 300.000 0.000 226372.11 889530.00
1484787205755 18 0 1 300.000 0.000 223296.23 889530.00
1484787205760 19 0 1 300.000 0.000 223296.23 936898.42
1484787205767 20 0 1 300.000 0.000 223296.23 889530.00
1484787205773 21 0 1 300.000 0.000 226372.11 889530.00
1484787205778 22 0 1 300.000 0.000 226372.11 846672.86
1484787205784 23 0 1 300.000 0.000 229530.00 846672.86
1484787205789 24 0 1 300.000 0.000 229530.00 889530.00
1484787205798 25 0 1 300.000 -0.484 239530.00 889530.00
1484787205803 26 0 1 300.000 0.000 246672.86 889530.00
1484787205809 27 0 1 300.000 0.000 239530.00 846672.86
1484787205816 28 0 1 300.000 0.484 239530.00 1048353.53
1484787205824 29 0 1 300.000 18.867 239530.00 936898.42
1484787205831 30 0 1 300.000 30.961 236105.34 889530.00
1484787205837 31 0 1 300.000 18.867 239530.00 889530.00
1484787205842 32 0 1 300.000 -0.484 236105.34 889530.00
1484787205849 33 0 1 300.000 0.000 239530.00 989530.00
1484787205854 34 0 1 300.000 -0.484 243051.13 1789530.00
1484787205863 35 0 1 300.000 0.000 250399.57 1789530.00
1484787205868 36 0 1 300.000 0.000 250399.57 1989530.00
1484787205874 37 0 1 300.000 -0.484 254235.88 1275244.29
1484787205881 38 0 1 300.000 0.000 266453.08 936898.42
1484787205887 39 0 1 300.000 116.105 246672.86 681837.69
1484787205896 40 0 1 300.000 44.991 299874.83 846672.86
1484787205902 41 0 1 300.000 3.386 266453.08 936898.42
1484787205907 42 0 1 300.000 -0.484 262257.27 989530.00
1484787205914 43 0 1 300.000 -0.484 258186.72 1275244.29
1484787205919 44 0 1 300.000 0.000 258186.72 1374145.38
1484787205927 45 0 1 300.000 0.000 262257.27 1189530.00
1484787205933 46 0 1 300.000 0.000 254235.88 989530.00
1484787205939 47 0 1 300.000 -0.484 254235.88 1114530.00
1484787205946 48 0 1 300.000 0.484 254235.88 989530.00
1484787205954 49 0 1 300.000 -0.484 266453.08 989530.00
1484787205963 50 0 1 300.000 0.968 262257.27 936898.42
1484787205971 51 0 1 300.000 0.000 262257.27 989530.00
1484787205977 52 0 1 300.000 0.000 258186.72 989530.00
1484787205986 53 0 1 300.000 0.000 254235.88 989530.00
1484787205994 54 0 1 300.000 -0.484 246672.86 989530.00
1484787206000 55 0 1 300.000 -0.484 250399.57 936898.42
1484787206007 56 0 1 300.000 -0.484 250399.57 989530.00
1484787206013 57 0 1 300.000 -0.484 246672.86 989530.00
1484787206020 58 0 1 300.000 0.000 246672.86 989530.00
1484787206025 59 0 1 300.000 0.000 250399.57 989530.00
1484787206031 60 0 1 300.000 0.000 250399.57 989530.00
1484787206036 61 0 1 300.000 0.000 250399.57 1048353.53
1484787206042 62 0 1 300.000 -0.484 254235.88 1048353.53
1484787206047 63 0 1 300.000 -0.484 254235.88 1189530.00
1484787206056 64 0 1 300.000 -0.484 254235.88 1374145.38
1484787206060 65 0 1 300.000 -0.484 266453.08 2239530.00
1484787206064 66 0 1 300.000 -0.484 279852.58 4489530.00
1484787206069 67 0 1 300.000 0.000 185182.17 846672.86
1484787206073 68 0 1 300.000 -0.484 131262.28 90653.60
1484787206076 69 0 1 300.000 0.000 94181.16 35921.75
1484787206080 70 0 1 300.000 58.536 62999.39 24078.94
1484787206086 71 0 1 300.000 59.504 40521.50 22376.72
1484787206090 72 0 1 300.000 71.598 30070.54 12489.18
1484787206094 73 0 2 300.000 82.725 22257.27 9052.78
1484787206098 74 0 2 300.000 98.205 17699.01 7512.02
1484787206101 75 0 2 300.000 114.170 14810.90 6672.86
1484787206105 76 0 2 300.000 129.650 12577.38 21730.36
1484787206109 77 0 2 300.000 144.647 11009.71 10756.42
1484787206113 78 0 2 300.000 159.644 10077.95 9073.97
1484787206118 79 0 2 300.000 176.576 9331.98 24212.08
1484787206122 80 0 2 300.000 163.514 9073.97 25458.14
1484787206126 81 0 2 300.000 138.842 9202.13 19580.08
1484787206130 82 0 2 300.000 115.621 10054.52 10387.47
1484787206134 83 0 2 300.000 89.981 11112.73 7108.12
1484787206138 84 0 2 300.000 68.695 12696.02 8067.59
1484787206142 85 0 2 300.000 47.893 14495.33 9530.00
1484787206146 86 0 2 300.000 28.059 17436.98 12228.61
1484787206150 87 0 2 300.000 7.257 21444.89 17222.31
1484787206154 88 0 2 300.000 -0.484 28660.43 28156.61
1484787206158 89 0 2 300.000 -0.484 42784.44 63604.07
1484787206162 90 0 2 300.000 0.000 59842.50 104914.62
1484787206166 91 0 2 300.000 0.000 77765.29 144702.41
1484787206170 92 0 2 300.000 0.000 97314.43 206397.47
1484787206174 93 0 2 300.000 0.000 107951.05 258186.72
1484787206178 94 0 2 300.000 0.000 119026.40 316802.73
1484787206183 95 0 2 300.000 0.000 133530.00 389530.00
1484787206186 96 0 2 300.000 -0.484 144702.41 439530.00
1484787206191 97 0 2 300.000 0.000 157754.30 489530.00
1484787206195 98 0 2 300.000 44.991 160958.57 489530.00
1484787206200 99 0 2 300.000 29.026 164287.28 552030.00
1484787206203 100 0 2 300.000 43.055 169530.00 570175.16
1484787206208 101 0 2 300.000 61.439 179003.68 610219.66
1484787206212 102 0 2 300.000 38.702 198832.33 1189530.00
1484787206216 103 0 2 300.000 12.578 223296.23 inf
1484787206220 104 0 2 300.000 0.000 43101.43 81837.69
1484787206224 105 0 2 300.000 -0.484 18750.78 8989.46
1484787206228 106 0 2 300.000 0.484 17052.94 10831.78
1484787206232 107 0 2 300.000 10.643 23620.91 23364.59
1484787206236 108 0 2 300.000 0.000 25244.29 21962.43
1484787206242 109 0 2 300.000 0.000 28660.43 47222.31
1484787206246 110 0 2 300.000 -0.484 47222.31 76908.64
1484787206251 111 0 2 300.000 -0.484 83280.00 131262.28
1484787206255 112 0 2 300.000 -0.484 104179.68 214530.00
1484787206259 113 0 2 300.000 -0.484 116290.56 266453.08
1484787206263 114 0 2 300.000 -0.484 129064.88 335683.85
1484787206267 115 0 2 300.000 -0.484 143376.15 389530.00
1484787206271 116 0 2 300.000 -0.484 153166.36 428554.39
1484787206275 117 0 2 300.000 3.386 157754.30 476016.49
1484787206280 118 0 2 300.000 40.153 156196.67 489530.00
1484787206283 119 0 2 300.000 59.504 160958.57 552030.00
1484787206287 120 0 2 300.000 58.052 167747.82 656196.67
1484787206291 121 0 2 300.000 47.409 187332.20 1048353.53
1484787206295 122 0 2 300.000 28.542 162606.92 inf
1484787206300 123 0 2 300.000 -0.484 35215.28 13498.04
1484787206304 124 0 2 300.000 4.838 14669.66 7125.31
1484787206309 125 0 2 300.000 36.766 20142.24 17350.71
1484787206313 126 0 2 300.000 50.312 20038.47 12876.30
1484787206317 127 0 2 300.000 30.477 16236.23 9777.47
1484787206321 128 0 2 300.000 16.932 17480.31 16435.83
1484787206326 129 0 2 300.000 4.354 32083.19 36898.42
1484787206329 130 0 2 300.000 -0.484 51598.97 78638.91
1484787206334 131 0 2 300.000 -0.484 72479.31 120916.86
1484787206338 132 0 2 300.000 0.000 90653.60 183078.39
1484787206341 133 0 2 300.000 -0.484 110335.37 236105.34
1484787206345 134 0 2 300.000 -0.484 115404.13 270780.00
1484787206349 135 0 2 300.000 -0.484 125893.64 342471.18
1484787206353 136 0 2 300.000 0.000 140790.50 418101.43
1484787206358 137 0 2 300.000 0.000 148822.04 463214.21
1484787206362 138 0 2 300.000 -0.484 156196.67 534984.55
1484787206366 139 0 2 300.000 -0.484 166000.59 552030.00
1484787206369 140 0 2 300.000 5.805 164287.28 489530.00
1484787206375 141 0 2 300.000 26.607 166000.59 534984.55
1484787206379 142 0 2 300.000 40.637 169530.00 570175.16
1484787206382 143 0 2 300.000 45.474 185182.17 632387.14
1484787206387 144 0 2 300.000 52.731 187332.20 739530.00
1484787206391 145 0 2 300.000 24.188 201294.71 2239530.00
1484787206395 146 0 2 300.000 -0.484 266453.08 inf
1484787206399 147 0 2 300.000 0.000 39116.78 24012.76
1484787206403 148 0 2 300.000 -0.484 16196.67 7878.62
1484787206407 149 0 2 300.000 -0.484 19038.20 15281.07
1484787206411 150 0 2 300.000 -0.484 28660.43 31684.57
1484787206415 151 0 2 300.000 0.000 41254.14 53359.79
1484787206420 152 0 2 300.000 -0.484 62404.49 103454.05
1484787206423 153 0 2 300.000 -0.484 87356.09 144702.41
1484787206427 154 0 2 300.000 -0.484 119964.78 196426.55
1484787206432 155 0 2 300.000 1.451 127991.54 262257.27
1484787206437 156 0 2 300.000 32.413 134691.29 372508.72
1484787206441 157 0 2 300.000 40.637 162606.92 489530.00
1484787206444 158 0 2 300.000 44.991 191777.19 1275244.29
1484787206449 159 0 2 300.000 42.088 88431.10 164287.28
1484787206453 160 0 2 300.000 27.091 29888.74 13402.68
1484787206457 161 0 2 300.000 24.672 14460.75 16078.67
1484787206461 162 0 2 300.000 41.604 14019.80 10077.95
1484787206465 163 0 2 300.000 60.471 15616.96 8989.46
1484787206468 164 0 2 300.000 75.952 12906.62 7281.48
1484787206472 165 0 2 300.000 76.919 11508.02 10831.78
1484787206476 166 0 2 300.000 61.923 13090.21 10387.47
1484787206481 167 0 2 300.000 39.185 20246.72 15098.18
1484787206485 168 0 2 300.000 22.737 26339.82 23492.26
1484787206489 169 0 2 300.000 3.870 32387.14 41403.20
1484787206493 170 0 2 300.000 0.000 37787.37 81837.69
1484787206497 171 0 2 300.000 0.000 46492.03 125893.64
1484787206501 172 0 2 300.000 -0.484 57711.82 196426.55
1484787206505 173 0 2 300.000 -0.484 72479.31 220299.23
1484787206509 174 0 2 300.000 0.000 99286.10 275244.29
1484787206514 175 0 2 300.000 -0.484 104179.68 310958.57
1484787206518 176 0 2 300.000 -0.484 113667.93 380834.35
1484787206521 177 0 2 300.000 -0.484 127991.54 451068.46
1484787206525 178 0 2 300.000 -0.484 137070.98 489530.00
1484787206529 179 0 2 300.000 1.451 153166.36 489530.00
1484787206534 180 0 2 300.000 7.257 160958.57 518941.76
1484787206537 181 0 2 300.000 33.864 156196.67 552030.00
1484787206542 182 0 2 300.000 67.244 154667.61 534984.55
1484787206546 183 0 2 300.000 50.796 162606.92 570175.16
1484787206550 184 0 2 300.000 32.413 183078.39 709530.00
1484787206555 185 0 2 300.000 14.997 206397.47 17989530.00
1484787206559 186 0 2 300.000 0.000 206397.47 inf
1484787206563 187 0 2 300.000 0.000 32184.03 18330.00
1484787206567 188 0 2 300.000 0.000 19232.97 11508.02
1484787206572 189 0 2 300.000 -0.484 32184.03 46312.33
1484787206576 190 0 2 300.000 -0.484 64530.00 113667.93
1484787206586 191 0 2 300.000 -0.484 124868.35 279852.58
1484787206595 192 1 2 300.000 0.968 140790.50 335683.85
1484787206608 193 1 1 300.000 50.312 181019.36 610219.66
1484787206617 194 1 1 300.000 34.348 52910.28 35565.81
1484787206625 195 1 1 300.000 0.000 15504.03 17480.31
1484787206637 196 1 1 300.000 39.669 12401.66 8319.14
1484787206651 197 1 1 300.000 34.348 37023.40 41254.14
1484787206658 198 1 1 300.000 0.000 38980.55 45085.56
1484787206662 199 1 1 300.000 0.000 37787.37 54511.95
1484787206666 200 1 1 300.000 0.000 51598.97 183078.39
1484787206671 201 1 1 300.000 0.000 70247.49 157754.30
1484787206675 202 1 1 300.000 0.000 86827.30 239530.00
1484787206679 203 1 1 300.000 -0.484 103454.05 266453.08
1484787206683 204 1 1 300.000 -0.484 113667.93 305319.47
1484787206687 205 1 1 300.000 -0.484 123858.36 356876.94
1484787206691 206 1 1 300.000 19.351 133530.00 408134.65
1484787206696 207 1 1 300.000 43.539 147424.74 476016.49
1484787206700 208 1 1 300.000 42.572 157754.30 534984.55
1484787206704 209 1 1 300.000 44.023 166000.59 709530.00
1484787206708 210 1 1 300.000 35.799 175097.01 1189530.00
1484787206712 211 1 1 300.000 22.737 209042.20 inf
1484787206716 212 1 1 300.000 5.321 39809.33 35215.28
1484787206719 213 1 1 300.000 -0.484 15061.91 9116.51
1484787206724 214 1 1 300.000 16.932 13498.04 11973.89
1484787206729 215 1 1 300.000 49.344 16885.62 12489.18
1484787206733 216 1 1 300.000 37.734 15730.87 9823.12
1484787206737 217 1 1 300.000 24.672 17876.46 19630.33
1484787206742 218 1 1 300.000 13.546 30162.05 79082.24
1484787206746 219 1 1 300.000 0.000 48740.53 82313.51
1484787206750 220 1 1 300.000 0.000 69176.02 126934.58
1484787206754 221 1 1 300.000 0.000 86827.30 194075.45
1484787206758 222 1 1 300.000 0.000 102030.00 229530.00
1484787206762 223 1 1 300.000 0.000 116290.56 294614.75
1484787206766 224 1 1 300.000 -0.484 121882.94 329152.64
1484787206770 225 1 1 300.000 -0.484 129064.88 476016.49
1484787206774 226 1 1 300.000 0.000 140790.50 503815.71
1484787206778 227 1 1 300.000 0.000 151692.16 709530.00
1484787206781 228 1 1 300.000 0.000 157754.30 681837.69
1484787206785 229 1 1 300.000 6.289 167747.82 552030.00
1484787206791 230 1 1 300.000 39.185 159341.32 610219.66
1484787206795 231 1 1 300.000 53.698 162606.92 534984.55
1484787206799 232 1 1 300.000 74.017 171348.18 589530.00
1484787206803 233 1 1 300.000 45.958 185182.17 772138.70
1484787206807 234 1 1 300.000 24.188 201294.71 2560958.57
1484787206811 235 1 1 300.000 0.000 266453.08 inf
1484787206816 236 1 1 300.000 -0.484 25315.29 13308.07
1484787206820 237 1 1 300.000 -0.484 15025.75 51173.84
1484787206824 238 1 1 300.000 -0.484 21164.45 32903.49
1484787206828 239 1 1 300.000 0.484 32903.49 39669.28
1484787206832 240 1 1 300.000 -0.484 43910.66 62700.73
1484787206836 241 1 1 300.000 -0.484 60958.57 113667.93
1484787206840 242 1 1 300.000 0.000 87890.66 167747.82
1484787206845 243 1 1 300.000 0.000 113667.93 239530.00
1484787206850 244 1 1 300.000 -0.484 129064.88 262257.27
1484787206854 245 1 1 300.000 -0.484 140790.50 356876.94
1484787206857 246 1 1 300.000 -0.484 157754.30 418101.43
1484787206862 247 1 1 300.000 2.903 160958.57 451068.46
1484787206867 248 1 1 300.000 37.250 164287.28 451068.46
1484787206870 249 1 1 300.000 62.890 169530.00 518941.76
1484787206875 250 1 1 300.000 44.023 179003.68 681837.69
1484787206879 251 1 1 300.000 37.734 198832.33 1048353.53
1484787206883 252 1 1 300.000 20.318 246672.86 inf
1484787206887 253 1 1 300.000 0.000 35099.62 59297.44
1484787206891 254 1 1 300.000 0.000 12998.06 18056.15
1484787206895 255 1 1 300.000 -0.484 13498.04 8781.34
1484787206899 256 1 1 300.000 41.120 18515.51 17010.92
1484787206903 257 1 1 300.000 34.348 19986.85 13339.52
1484787206908 258 1 1 300.000 10.643 20299.23 17921.17
1484787206912 259 1 1 300.000 1.935 29090.44 39809.33
1484787206916 260 1 1 300.000 -0.484 47594.52 102030.00
1484787206921 261 1 1 300.000 0.000 71348.18 153166.36
1484787206925 262 1 1 300.000 0.000 90088.66 189530.00
1484787206929 263 1 1 300.000 0.000 109530.00 236105.34
1484787206932 264 1 1 300.000 -0.484 118101.43 632387.14
1484787206937 265 1 1 300.000 -0.484 126934.58 316802.73
1484787206941 266 1 1 300.000 -0.484 142072.37 552030.00
1484787206945 267 1 1 300.000 -0.484 150244.29 489530.00
1484787206949 268 1 1 300.000 -0.484 160958.57 656196.67
1484787206953 269 1 1 300.000 0.000 166000.59 632387.14
1484787206956 270 1 1 300.000 68.695 164287.28 518941.76
1484787206961 271 1 1 300.000 29.026 167747.82 518941.76
1484787206965 272 1 1 300.000 49.828 166000.59 534984.55
1484787206970 273 1 1 300.000 64.341 181019.36 589530.00
1484787206974 274 1 1 300.000 37.734 196426.55 772138.70
1484787206978 275 1 1 300.000 15.481 209042.20 2989530.00
1484787206982 276 1 1 300.000 -0.484 209042.20 2560958.57
1484787206987 277 1 1 300.000 -0.484 29619.09 13028.69
1484787206991 278 1 1 300.000 -0.484 15807.37 9010.52
1484787206994 279 1 1 300.000 -0.484 20194.40 30253.98
1484787206999 280 1 1 300.000 -0.484 34642.78 57971.06
1484787207003 281 1 1 300.000 -0.484 47971.56 92978.28
1484787207007 282 1 1 300.000 0.000 66125.74 120916.86
1484787207011 283 1 1 300.000 -0.484 91224.92 167747.82
1484787207015 284 1 1 300.000 -0.484 115404.13 196426.55
1484787207019 285 1 1 300.000 -0.484 121882.94 246672.86
1484787207022 286 1 1 300.000 36.766 133530.00 305319.47
1484787207027 287 1 1 300.000 70.147 160958.57 451068.46
1484787207032 288 1 1 300.000 42.088 185182.17 656196.67
1484787207036 289 1 1 300.000 40.153 232773.24 4489530.00
1484787207040 290 1 1 300.000 30.961 43746.87 34306.12
1484787207044 291 1 1 300.000 20.318 16157.22 10933.09
1484787207048 292 1 1 300.000 31.445 12815.90 11242.91
1484787207052 293 1 1 300.000 49.344 15429.28 10731.41
1484787207057 294 1 1 300.000 68.695 12785.81 14019.80
1484787207061 295 1 1 300.000 91.916 10731.41 10681.59
1484787207065 296 1 1 300.000 74.501 11973.89 7675.16
1484787207068 297 1 1 300.000 58.052 16516.51 11670.22
1484787207072 298 1 1 300.000 41.120 22376.72 18330.00
1484787207076 299 1 1 300.000 19.835 26264.69 26041.16
1484787207080 300 1 1 300.000 -0.484 28323.10 40666.36
1484787207084 301 1 1 300.000 10.643 30253.98 53359.79
1484787207090 302 1 1 300.000 0.000 43261.34 99959.45
1484787207094 303 1 1 300.000 -0.484 60118.24 137070.98
1484787207098 304 1 1 300.000 0.000 85274.68 217378.10
1484787207102 305 1 1 300.000 -0.484 93576.24 250399.57
1484787207106 306 1 1 300.000 0.000 104914.62 289530.00
1484787207110 307 1 2 300.000 0.000 115404.13 372508.72
1484787207114 308 1 2 300.000 -0.484 132387.14 451068.46
1484787207119 309 1 2 300.000 -0.484 147424.74 489530.00
1484787207123 310 1 2 300.000 0.000 156196.67 570175.16
1484787207127 311 1 2 300.000 -0.484 160958.57 570175.16
1484787207130 312 1 2 300.000 0.000 164287.28 610219.66
1484787207134 313 1 2 300.000 -0.484 167747.82 656196.67
1484787207138 314 1 2 300.000 -0.484 171348.18 709530.00
1484787207142 315 1 2 300.000 -0.484 179003.68 772138.70
1484787207146 316 1 2 300.000 0.000 185182.17 846672.86
1484787207151 317 1 2 300.000 -0.484 189530.00 936898.42
1484787207154 318 1 2 300.000 -0.484 194075.45 989530.00
1484787207159 319 1 2 300.000 -0.484 198832.33 989530.00
1484787207163 320 1 2 300.000 -0.484 206397.47 989530.00
1484787207167 321 1 2 300.000 0.000 206397.47 1114530.00
1484787207170 322 1 2 300.000 -0.484 209042.20 936898.42
1484787207175 323 1 2 300.000 -0.484 217378.10 1114530.00
1484787207179 324 1 2 300.000 -0.484 217378.10 989530.00
1484787207183 325 1 2 300.000 0.000 217378.10 989530.00
1484787207187 326 1 2 300.000 -0.484 220299.23 1048353.53
1484787207190 327 1 2 300.000 -0.484 220299.23 1114530.00
1484787207194 328 1 2 300.000 0.000 226372.11 1048353.53
1484787207198 329 1 2 300.000 -0.484 226372.11 989530.00
1484787207202 330 1 2 300.000 -0.484 226372.11 1114530.00
1484787207207 331 1 2 300.000 -0.484 226372.11 1048353.53
1484787207211 332 1 2 300.000 0.000 232773.24 1189530.00
1484787207215 333 1 2 300.000 -0.484 229530.00 1114530.00
1484787207219 334 1 2 300.000 -0.484 232773.24 1189530.00
1484787207223 335 1 2 300.000 0.000 232773.24 1114530.00
1484787207227 336 1 2 300.000 0.000 236105.34 1189530.00
1484787207231 337 1 2 300.000 0.000 232773.24 1275244.29
1484787207235 338 1 2 300.000 -0.484 236105.34 1275244.29
1484787207239 339 1 2 300.000 -0.484 232773.24 1189530.00
1484787207243 340 1 2 300.000 -0.484 229530.00 1114530.00
1484787207247 341 1 2 300.000 0.000 232773.24 1114530.00
1484787207251 342 1 2 300.000 -0.484 236105.34 1114530.00
1484787207254 343 1 2 300.000 -0.484 236105.34 1114530.00
1484787207258 344 1 2 300.000 -0.484 236105.34 1114530.00
1484787207262 345 1 2 300.000 -0.484 236105.34 1189530.00
1484787207267 346 1 2 300.000 -0.484 236105.34 1048353.53
1484787207271 347 1 2 300.000 -0.484 239530.00 1048353.53
1484787207275 348 1 2 300.000 0.000 236105.34 1048353.53
1484787207279 349 1 2 300.000 -0.484 239530.00 936898.42
1484787207283 350 1 2 300.000 0.000 236105.34 1114530.00
1484787207287 351 1 2 300.000 -0.484 246672.86 1114530.00
1484787207291 352 1 2 300.000 0.000 246672.86 1114530.00
1484787207295 353 1 2 300.000 0.000 243051.13 1114530.00
1484787207299 354 1 2 300.000 0.000 236105.34 1114530.00
1484787207303 355 1 2 300.000 0.000 239530.00 1114530.00
1484787207307 356 1 2 300.000 0.000 236105.34 989530.00
1484787207311 357 1 2 300.000 0.000 239530.00 1189530.00
1484787207315 358 1 2 300.000 0.000 236105.34 1048353.53
1484787207318 359 1 2 300.000 0.000 239530.00 1114530.00
1484787207322 360 1 2 300.000 0.000 239530.00 989530.00
1484787207326 361 1 2 300.000 0.000 236105.34 989530.00
1484787207331 362 1 2 300.000 0.000 236105.34 1114530.00
1484787207335 363 1 2 300.000 0.000 236105.34 1048353.53
1484787207340 364 1 2 300.000 0.000 236105.34 1048353.53
1484787207344 365 1 2 300.000 0.000 246672.86 1189530.00
1484787207348 366 1 2 300.000 0.000 243051.13 1114530.00
1484787207351 367 1 2 300.000 0.000 250399.57 1114530.00
1484787207356 368 1 2 300.000 0.000 250399.57 1114530.00
1484787207360 369 1 2 300.000 0.000 250399.57 989530.00
1484787207364 370 1 2 300.000 0.000 239530.00 1114530.00
1484787207368 371 1 2 300.000 0.000 250399.57 1048353.53
1484787207371 372 1 2 300.000 0.000 239530.00 1114530.00
1484787207375 373 1 2 300.000 0.000 239530.00 1189530.00
1484787207379 374 1 2 300.000 0.000 239530.00 1114530.00
1484787207383 375 1 2 300.000 0.000 243051.13 989530.00
1484787207388 376 1 2 300.000 0.000 239530.00 1114530.00
1484787207392 377 1 2 300.000 0.000 232773.24 1048353.53
1484787207396 378 1 2 300.000 0.000 239530.00 1189530.00
1484787207400 379 1 2 300.000 0.000 239530.00 1114530.00
1484787207404 380 1 2 300.000 0.000 236105.34 1048353.53
1484787207408 381 1 2 300.000 0.000 239530.00 1048353.53
1484787207412 382 1 2 300.000 0.000 236105.34 1114530.00
1484787207417 383 1 2 300.000 0.000 236105.34 1048353.53
1484787207421 384 1 2 300.000 0.000 239530.00 1114530.00
1484787207424 385 1 2 300.000 0.000 232773.24 1114530.00
1484787207428 386 1 2 300.000 0.000 239530.00 1114530.00
1484787207432 387 1 2 300.000 0.000 236105.34 1114530.00
1484787207436 388 1 2 300.000 0.000 236105.34 1114530.00
1484787207440 389 1 2 300.000 0.000 239530.00 1114530.00
1484787207443 390 1 2 300.000 0.000 232773.24 1114530.00
1484787207448 391 1 2 300.000 0.000 239530.00 1114530.00
1484787207452 392 1 2 300.000 0.000 232773.24 1189530.00
1484787207456 393 1 2 300.000 0.000 236105.34 1189530.00
1484787207460 394 1 2 300.000 0.000 232773.24 1189530.00
1484787207464 395 1 2 300.000 0.484 236105.34 1048353.53
1484787207469 396 1 2 300.000 0.000 232773.24 1189530.00
1484787207473 397 1 2 300.000 0.000 236105.34 1189530.00
1484787207478 398 1 2 300.000 0.000 229530.00 1048353.53
1484787207482 399 1 2 300.000 0.000 232773.24 1114530.00
1484787207486 400 1 2 300.000 0.000 236105.34 1189530.00
1484787207490 401 1 2 300.000 0.000 232773.24 1189530.00
1484787207493 402 1 2 300.000 0.000 236105.34 1114530.00
1484787207497 403 1 2 300.000 0.000 236105.34 1275244.29
1484787207501 404 1 2 300.000 0.000 232773.24 1048353.53
1484787207505 405 1 2 300.000 0.000 229530.00 1114530.00
1484787207510 406 1 2 300.000 0.000 232773.24 1275244.29
1484787207514 407 1 2 300.000 0.000 236105.34 1114530.00
1484787207518 408 1 2 300.000 0.000 239530.00 1114530.00
1484787207522 409 1 2 300.000 0.000 239530.00 1189530.00
1484787207526 410 1 2 300.000 0.000 239530.00 1048353.53
1484787207530 411 1 2 300.000 0.000 243051.13 1114530.00
1484787207534 412 1 2 300.000 -0.484 239530.00 1189530.00
1484787207538 413 1 2 300.000 0.000 246672.86 1114530.00
1484787207542 414 1 2 300.000 -0.484 243051.13 1048353.53
1484787207546 415 1 2 300.000 0.000 254235.88 1114530.00
1484787207550 416 1 2 300.000 0.000 246672.86 989530.00
1484787207554 417 1 2 300.000 0.000 243051.13 1114530.00
1484787207557 418 1 2 300.000 -0.484 246672.86 936898.42
1484787207561 419 1 2 300.000 -0.484 246672.86 989530.00
1484787207565 420 1 2 300.000 -0.484 239530.00 989530.00
1484787207570 421 1 2 300.000 21.770 246672.86 936898.42
1484787207575 422 1 2 300.000 8.708 246672.86 989530.00
1484787207578 423 1 2 300.000 17.416 239530.00 889530.00
1484787207584 424 1 2 300.000 9.192 239530.00 889530.00
1484787207588 425 1 2 300.000 3.870 239530.00 936898.42
1484787207591 426 1 2 300.000 -0.484 239530.00 889530.00
1484787207596 427 1 2 300.000 -0.484 239530.00 989530.00
1484787207600 428 1 2 300.000 -0.484 239530.00 936898.42
1484787207604 429 1 2 300.000 -0.484 239530.00 1048353.53
1484787207608 430 1 2 300.000 0.000 243051.13 1275244.29
1484787207612 431 2 2 300.000 -0.484 254235.88 1275244.29
1484787207616 432 2 1 300.000 0.000 250399.57 1489530.00
1484787207620 433 2 1 300.000 -0.484 250399.57 1374145.38
1484787207624 434 2 1 300.000 -0.484 250399.57 1275244.29
1484787207627 435 2 1 300.000 -0.484 250399.57 989530.00
1484787207632 436 2 1 300.000 119.491 250399.57 807711.82
1484787207637 437 2 1 300.000 36.766 266453.08 889530.00
1484787207642 438 2 1 300.000 68.695 270780.00 846672.86
1484787207646 439 2 1 300.000 50.796 270780.00 807711.82
1484787207650 440 2 1 300.000 27.091 266453.08 846672.86
1484787207654 441 2 1 300.000 0.000 258186.72 989530.00
1484787207659 442 2 1 300.000 -0.484 266453.08 936898.42
1484787207662 443 2 1 300.000 -0.484 254235.88 1275244.29
1484787207666 444 2 1 300.000 0.000 254235.88 1275244.29
1484787207670 445 2 1 300.000 0.000 258186.72 1489530.00
1484787207674 446 2 1 300.000 0.000 254235.88 1489530.00
1484787207678 447 2 1 300.000 0.000 258186.72 1789530.00
1484787207682 448 2 1 300.000 0.000 266453.08 1489530.00
1484787207685 449 2 1 300.000 0.000 258186.72 1374145.38
1484787207690 450 2 1 300.000 0.000 262257.27 1189530.00
1484787207694 451 2 1 300.000 3.386 254235.88 989530.00
1484787207699 452 2 1 300.000 93.851 266453.08 807711.82
1484787207703 453 2 1 300.000 47.893 270780.00 889530.00
1484787207707 454 2 1 300.000 55.150 266453.08 807711.82
1484787207711 455 2 1 300.000 50.312 266453.08 739530.00
1484787207715 456 2 1 300.000 32.896 262257.27 807711.82
1484787207720 457 2 1 300.000 4.838 262257.27 889530.00
1484787207723 458 2 1 300.000 0.000 270780.00 1189530.00
1484787207728 459 2 1 300.000 0.000 275244.29 1189530.00
1484787207731 460 2 1 300.000 0.000 266453.08 1489530.00
1484787207735 461 2 1 300.000 -0.484 262257.27 2239530.00
1484787207739 462 2 1 300.000 0.000 254235.88 2239530.00
1484787207743 463 2 1 300.000 0.000 254235.88 2239530.00
1484787207747 464 2 1 300.000 0.000 250399.57 2560958.57
1484787207752 465 2 1 300.000 0.000 262257.27 1789530.00
1484787207756 466 2 1 300.000 0.000 262257.27 1789530.00
1484787207760 467 2 1 300.000 -0.484 266453.08 1275244.29
1484787207764 468 2 1 300.000 12.578 284611.97 846672.86
1484787207769 469 2 1 300.000 132.069 275244.29 681837.69
1484787207773 470 2 1 300.000 124.813 289530.00 739530.00
1484787207776 471 2 1 300.000 92.884 284611.97 681837.69
1484787207781 472 2 1 300.000 89.981 275244.29 709530.00
1484787207785 473 2 1 300.000 41.120 270780.00 807711.82
1484787207789 474 2 1 300.000 -0.484 279852.58 989530.00
1484787207793 475 2 1 300.000 0.000 275244.29 1489530.00
1484787207797 476 2 1 300.000 -0.484 266453.08 1789530.00
1484787207801 477 2 1 300.000 0.000 266453.08 2560958.57
1484787207805 478 2 1 300.000 0.000 262257.27 3589530.00
1484787207808 479 2 1 300.000 0.000 262257.27 2560958.57
1484787207813 480 2 1 300.000 -0.484 250399.57 2239530.00
1484787207817 481 2 1 300.000 -0.484 254235.88 1989530.00
1484787207821 482 2 1 300.000 -0.484 266453.08 5989530.00
1484787207826 483 2 1 300.000 -0.484 275244.29 1489530.00
1484787207830 484 2 1 300.000 27.091 284611.97 1114530.00
1484787207834 485 2 1 300.000 152.387 275244.29 709530.00
1484787207838 486 2 1 300.000 156.741 279852.58 772138.70
1484787207843 487 2 1 300.000 118.524 275244.29 681837.69
1484787207847 488 2 1 300.000 104.010 284611.97 807711.82
1484787207851 489 2 1 300.000 59.504 275244.29 846672.86
1484787207855 490 2 1 300.000 0.000 294614.75 1189530.00
1484787207859 491 2 1 300.000 -0.484 299874.83 2560958.57
1484787207863 492 2 1 300.000 0.000 305319.47 8989530.00
1484787207866 493 2 1 300.000 -0.484 299874.83 inf
1484787207870 494 2 1 300.000 0.000 275244.29 5989530.00
1484787207875 495 2 1 300.000 0.000 243051.13 1489530.00
1484787207879 496 2 1 300.000 -0.484 229530.00 1275244.29
1484787207883 497 2 1 300.000 0.000 239530.00 1374145.38
1484787207887 498 2 1 300.000 0.000 254235.88 1489530.00
1484787207891 499 2 1 300.000 1.935 270780.00 1989530.00
1484787207896 500 2 1 300.000 130.134 262257.27 772138.70
1484787207900 501 2 1 300.000 133.520 289530.00 772138.70
1484787207904 502 2 1 300.000 146.582 275244.29 739530.00
1484787207908 503 2 1 300.000 150.936 284611.97 681837.69
1484787207912 504 2 1 300.000 112.235 289530.00 772138.70
1484787207916 505 2 1 300.000 60.471 289530.00 1489530.00
1484787207920 506 2 1 300.000 10.159 322863.33 2989530.00
1484787207924 507 2 1 300.000 0.000 418101.43 inf
1484787207928 508 2 1 300.000 0.000 72479.31 156196.67
1484787207932 509 2 1 300.000 0.000 52687.89 23815.71
1484787207937 510 2 1 300.000 0.000 214530.00 349530.00
1484787207941 511 2 1 300.000 0.000 220299.23 270780.00
1484787207945 512 2 1 300.000 0.000 214530.00 428554.39
1484787207950 513 2 1 300.000 0.000 254235.88 489530.00
1484787207954 514 2 1 300.000 1.935 310958.57 17989530.00
1484787207958 515 2 1 300.000 92.400 316802.73 610219.66
1484787207962 516 2 1 300.000 89.497 299874.83 489530.00
1484787207967 517 2 1 300.000 78.854 310958.57 552030.00
1484787207971 518 2 1 300.000 103.043 335683.85 589530.00
1484787207975 519 2 1 300.000 90.949 329152.64 632387.14
1484787207979 520 2 1 300.000 60.471 310958.57 739530.00
1484787207982 521 2 1 300.000 22.737 322863.33 1189530.00
1484787207986 522 2 1 300.000 -0.484 398620.91 inf
1484787207990 523 2 1 300.000 -0.484 120916.86 1275244.29
1484787207994 524 2 1 300.000 -0.484 50340.81 24012.76
1484787207999 525 2 1 300.000 0.000 69530.00 107951.05
1484787208003 526 2 1 300.000 0.000 181019.36 198832.33
1484787208007 527 2 1 300.000 0.000 173203.47 254235.88
1484787208012 528 2 1 300.000 -0.484 185182.17 335683.85
1484787208015 529 2 1 300.000 -0.484 211752.22 428554.39
1484787208019 530 2 1 300.000 3.386 246672.86 428554.39
1484787208024 531 2 1 300.000 27.575 258186.72 389530.00
1484787208029 532 2 1 300.000 132.069 232773.24 428554.39
1484787208033 533 2 1 300.000 112.235 246672.86 439530.00
1484787208037 534 2 1 300.000 95.303 262257.27 489530.00
1484787208040 535 2 1 300.000 70.147 262257.27 570175.16
1484787208044 536 2 1 300.000 41.604 254235.88 739530.00
1484787208048 537 2 1 300.000 7.740 284611.97 2560958.57
1484787208052 538 2 1 300.000 5.321 408134.65 inf
1484787208056 539 2 1 300.000 -0.484 45956.33 18056.15
1484787208061 540 2 1 300.000 -0.484 25315.29 18146.85
1484787208065 541 2 1 300.000 0.000 59028.07 147424.74
1484787208070 542 2 1 300.000 -0.484 140790.50 179003.68
1484787208075 543 2 1 300.000 -0.484 150244.29 236105.34
1484787208079 544 2 1 300.000 -0.484 162606.92 305319.47
1484787208083 545 2 1 300.000 1.451 185182.17 329152.64
1484787208088 546 2 1 300.000 46.926 198832.33 372508.72
1484787208092 547 2 1 300.000 66.760 209042.20 408134.65
1484787208096 548 2 1 300.000 61.439 226372.11 489530.00
1484787208101 549 2 1 300.000 56.117 226372.11 489530.00
1484787208105 550 2 1 300.000 58.052 223296.23 489530.00
1484787208110 551 2 1 300.000 40.637 223296.23 610219.66
1484787208114 552 2 1 300.000 17.416 236105.34 772138.70
1484787208121 553 2 1 300.000 -0.484 349530.00 inf
1484787208125 554 2 2 300.000 -0.484 105659.03 518941.76
1484787208130 555 2 2 300.000 -0.484 147424.74 489530.00
1484787208135 556 2 2 300.000 0.000 181019.36 299874.83
1484787208141 557 2 2 300.000 0.000 153166.36 398620.91
1484787208145 558 2 2 300.000 -0.484 175097.01 610219.66
1484787208155 559 2 2 300.000 12.094 232773.24 534984.55
1484787208164 560 2 2 300.000 104.494 198832.33 534984.55
1484787208171 561 2 2 300.000 89.497 211752.22 552030.00
1484787208178 562 2 2 300.000 39.185 279852.58 inf
1484787208194 563 2 2 300.000 0.000 29441.31 25244.29
1484787208203 564 2 2 300.000 -0.484 92387.14 198832.33
1484787208208 565 2 2 300.000 0.000 133530.00 175097.01
1484787208212 566 2 2 300.000 0.000 144702.41 243051.13
1484787208217 567 2 2 300.000 -0.484 164287.28 349530.00
1484787208222 568 2 2 300.000 -0.484 177030.00 372508.72
1484787208226 569 2 2 300.000 1.451 189530.00 380834.35
1484787208231 570 2 2 300.000 24.188 196426.55 451068.46
1484787208234 571 2 2 300.000 21.770 209042.20 489530.00
1484787208238 572 2 2 300.000 30.961 217378.10 503815.71
1484787208242 573 2 2 300.000 54.182 209042.20 534984.55
1484787208247 574 2 2 300.000 57.569 203815.71 503815.71
1484787208251 575 2 2 300.000 44.991 206397.47 552030.00
1484787208255 576 2 2 300.000 28.059 206397.47 656196.67
1484787208259 577 2 2 300.000 8.708 246672.86 1048353.53
1484787208264 578 2 2 300.000 -0.484 279852.58 inf
1484787208268 579 2 2 300.000 0.000 254235.88 inf
1484787208272 580 2 2 300.000 0.000 217378.10 8989530.00
1484787208276 581 2 2 300.000 0.000 201294.71 632387.14
1484787208280 582 2 2 300.000 -0.484 175097.01 518941.76
1484787208284 583 2 2 300.000 -0.484 187332.20 681837.69
1484787208288 584 2 2 300.000 -0.484 201294.71 889530.00
1484787208292 585 2 2 300.000 -0.484 211752.22 807711.82
1484787208296 586 2 2 300.000 1.935 229530.00 846672.86
1484787208301 587 2 2 300.000 84.176 239530.00 681837.69
1484787208304 588 2 2 300.000 104.978 229530.00 610219.66
1484787208309 589 2 2 300.000 110.783 214530.00 570175.16
1484787208313 590 2 2 300.000 119.975 220299.23 589530.00
1484787208317 591 2 2 300.000 91.916 232773.24 610219.66
1484787208321 592 2 2 300.000 55.150 246672.86 936898.42
1484787208326 593 2 2 300.000 0.968 262257.27 1374145.38
1484787208330 594 2 2 300.000 -0.484 322863.33 inf
1484787208334 595 2 2 300.000 -0.484 129064.88 inf
1484787208338 596 2 2 300.000 0.000 95412.35 67790.87
1484787208342 597 2 2 300.000 0.000 162606.92 476016.49
1484787208346 598 2 2 300.000 -0.484 185182.17 250399.57
1484787208350 599 2 2 300.000 0.000 150244.29 364530.00
1484787208354 600 2 2 300.000 0.000 171348.18 489530.00
1484787208358 601 2 2 300.000 0.000 198832.33 503815.71
1484787208362 602 2 2 300.000 1.451 232773.24 589530.00
1484787208366 603 2 2 300.000 98.205 239530.00 518941.76
1484787208371 604 2 2 300.000 122.394 211752.22 489530.00
1484787208375 605 2 2 300.000 134.004 220299.23 632387.14
1484787208379 606 2 2 300.000 119.491 223296.23 476016.49
1484787208383 607 2 2 300.000 87.079 226372.11 632387.14
1484787208387 608 2 2 300.000 47.409 223296.23 681837.69
1484787208391 609 2 2 300.000 0.484 246672.86 1374145.38
1484787208395 610 2 2 300.000 0.000 329152.64 inf
1484787208402 611 2 2 300.000 0.000 49330.66 21672.86
1484787208406 612 2 2 300.000 -0.484 44408.05 42627.35
1484787208410 613 2 2 300.000 -0.484 97314.43 189530.00
1484787208414 614 2 2 300.000 0.000 137070.98 191777.19
1484787208417 615 2 2 300.000 -0.484 143376.15 294614.75
1484787208421 616 2 2 300.000 0.000 157754.30 342471.18
1484787208425 617 2 2 300.000 0.968 183078.39 372508.72
1484787208430 618 2 2 300.000 7.257 203815.71 398620.91
1484787208435 619 2 2 300.000 88.046 189530.00 380834.35
1484787208439 620 2 2 300.000 69.179 194075.45 418101.43
1484787208443 621 2 2 300.000 116.588 206397.47 428554.39
1484787208447 622 2 2 300.000 96.270 211752.22 451068.46
1484787208451 623 2 2 300.000 65.793 194075.45 518941.76
1484787208455 624 2 2 300.000 29.994 203815.71 709530.00
1484787208460 625 2 2 300.000 -0.484 250399.57 2560958.57
1484787208464 626 2 2 300.000 -0.484 349530.00 inf
1484787208469 627 2 2 300.000 -0.484 146051.74 349530.00
1484787208473 628 2 2 300.000 0.000 148822.04 534984.55
1484787208477 629 2 2 300.000 0.000 169530.00 316802.73
1484787208481 630 2 2 300.000 0.000 146051.74 439530.00
1484787208485 631 2 2 300.000 0.000 162606.92 503815.71
1484787208489 632 2 2 300.000 0.000 185182.17 610219.66
1484787208494 633 2 2 300.000 5.321 211752.22 610219.66
1484787208498 634 2 2 300.000 53.698 214530.00 503815.71
1484787208503 635 2 2 300.000 93.368 191777.19 451068.46
1484787208507 636 2 2 300.000 103.043 191777.19 503815.71
1484787208511 637 2 2 300.000 103.527 201294.71 476016.49
1484787208514 638 2 2 300.000 83.692 206397.47 534984.55
1484787208519 639 2 2 300.000 36.283 214530.00 772138.70
1484787208523 640 2 2 300.000 -0.484 239530.00 2560958.57
1484787208527 641 2 2 300.000 0.000 389530.00 inf
1484787208531 642 2 2 300.000 0.000 47222.31 31100.44
1484787208535 643 2 2 300.000 -0.484 29177.58 16844.11
1484787208539 644 2 2 300.000 -0.484 55223.43 162606.92
1484787208543 645 2 2 300.000 0.000 115404.13 144702.41
1484787208546 646 2 2 300.000 0.000 119026.40 262257.27
1484787208552 647 2 2 300.000 -0.484 142072.37 316802.73
1484787208556 648 2 2 300.000 0.000 175097.01 380834.35
1484787208559 649 2 2 300.000 24.188 196426.55 364530.00
1484787208565 650 2 2 300.000 82.241 175097.01 342471.18
1484787208569 651 2 2 300.000 90.949 179003.68 364530.00
1484787208572 652 2 2 300.000 95.786 191777.19 380834.35
1484787208576 653 2 2 300.000 82.241 206397.47 451068.46
1484787208581 654 2 2 300.000 38.702 206397.47 656196.67
1484787208585 655 2 2 300.000 -0.484 250399.57 inf
1484787208591 656 2 2 300.000 -0.484 32285.34 20246.72
1484787208595 657 2 2 300.000 0.000 14917.87 5849.13
1484787208599 658 2 2 300.000 0.000 23556.47 26264.69
1484787208603 659 2 2 300.000 0.000 52467.06 109530.00
1484787208607 660 2 2 300.000 -0.484 83770.84 127991.54
1484787208612 661 2 2 300.000 0.000 112817.67 220299.23
1484787208616 662 2 2 300.000 -0.484 133530.00 380834.35
1484787208620 663 2 2 300.000 -0.484 139530.00 294614.75
1484787208623 664 2 2 300.000 3.386 148822.04 275244.29
1484787208629 665 3 2 300.000 107.397 153166.36 322863.33
