Serial_number: 1 
Time Data_Count Cycle State Desired_force_(psi) Measured_force_(psi) Toe_sensor Heel_Sensor
1484787866825 0 0 0 200.000 0.000 inf inf
1484787866853 1 0 1 200.000 0.000 inf inf
1484787866857 2 0 1 200.000 0.000 inf inf
1484787866865 3 0 1 200.000 0.000 inf inf
1484787866876 4 0 1 200.000 0.000 inf inf
1484787866879 5 0 1 200.000 0.000 inf inf
1484787866879 6 0 1 200.000 0.000 inf inf
1484787866880 7 0 1 200.000 0.000 inf inf
1484787866882 8 0 1 200.000 0.000 inf inf
1484787866884 9 0 1 200.000 0.000 inf inf
1484787866886 10 0 1 200.000 0.000 inf inf
1484787866890 11 0 1 200.000 0.000 inf inf
1484787866892 12 0 1 200.000 0.000 inf inf
1484787866902 13 0 1 200.000 0.000 inf inf
1484787866902 14 0 1 200.000 0.000 inf inf
1484787866903 15 0 1 200.000 0.000 inf inf
1484787866903 16 0 1 200.000 0.000 inf inf
1484787866904 17 0 1 200.000 0.000 inf inf
1484787866906 18 0 1 200.000 0.000 inf inf
1484787866910 19 0 1 200.000 0.000 inf inf
1484787866911 20 0 1 200.000 0.000 inf inf
1484787866916 21 0 1 200.000 0.000 inf inf
1484787866917 22 0 1 200.000 0.000 inf inf
1484787866918 23 0 1 200.000 0.000 inf inf
1484787866919 24 0 1 200.000 0.000 inf inf
1484787866919 25 0 1 200.000 0.000 inf inf
1484787866920 26 0 1 200.000 0.000 inf inf
1484787866924 27 0 1 200.000 0.000 inf inf
1484787866924 28 0 1 200.000 0.000 inf inf
1484787866925 29 0 1 200.000 0.000 inf inf
1484787866927 30 0 1 200.000 0.000 inf inf
1484787866928 31 0 1 200.000 0.000 inf inf
1484787866928 32 0 1 200.000 0.000 inf inf
1484787866929 33 0 1 200.000 0.000 inf inf
1484787866933 34 0 1 200.000 0.000 inf inf
1484787866935 35 0 1 200.000 0.000 inf inf
1484787866935 36 0 1 200.000 0.000 inf inf
1484787866936 37 0 1 200.000 0.000 inf inf
1484787866937 38 0 1 200.000 0.000 inf inf
1484787866939 39 0 1 200.000 0.000 inf inf
1484787866941 40 0 1 200.000 0.000 inf inf
1484787866942 41 0 1 200.000 0.000 inf inf
1484787866945 42 0 1 200.000 0.000 inf inf
1484787866955 43 0 1 200.000 0.000 inf inf
1484787866955 44 0 1 200.000 0.000 inf inf
1484787866957 45 0 1 200.000 0.000 inf inf
1484787866957 46 0 1 200.000 0.000 inf inf
1484787866957 47 0 1 200.000 0.000 inf inf
1484787866958 48 0 1 200.000 0.000 inf inf
1484787866964 49 0 1 200.000 0.000 inf inf
1484787866966 50 0 1 200.000 0.000 inf inf
1484787866967 51 0 1 200.000 0.000 inf inf
1484787866967 52 0 1 200.000 0.000 inf inf
1484787866967 53 0 1 200.000 0.000 inf inf
1484787866968 54 0 1 200.000 0.000 inf inf
1484787866970 55 0 1 200.000 0.000 inf inf
1484787866974 56 0 1 200.000 0.000 inf inf
1484787866975 57 0 1 200.000 0.000 inf inf
1484787866976 58 0 1 200.000 0.000 inf inf
1484787866978 59 0 1 200.000 0.000 inf inf
1484787866980 60 0 1 200.000 0.000 inf inf
1484787866982 61 0 1 200.000 0.000 inf inf
1484787866984 62 0 1 200.000 0.000 inf inf
1484787866984 63 0 1 200.000 0.000 inf inf
1484787866988 64 0 1 200.000 0.000 inf inf
1484787866990 65 0 1 200.000 0.000 inf inf
1484787866992 66 0 1 200.000 0.000 inf inf
1484787866992 67 0 1 200.000 0.000 inf inf
1484787866992 68 0 1 200.000 0.000 inf inf
1484787866992 69 0 1 200.000 0.000 inf inf
1484787866994 70 0 1 200.000 0.000 inf inf
1484787866996 71 0 1 200.000 0.000 inf inf
1484787866998 72 0 1 200.000 0.000 inf inf
1484787867004 73 0 1 200.000 0.000 inf inf
1484787867007 74 0 1 200.000 0.000 inf inf
1484787867011 75 0 1 200.000 0.000 inf inf
1484787867012 76 0 1 200.000 0.000 inf inf
1484787867014 77 0 1 200.000 0.000 inf inf
1484787867017 78 0 1 200.000 0.000 inf inf
1484787867018 79 0 1 200.000 0.000 inf inf
1484787867019 80 0 1 200.000 0.000 inf inf
1484787867023 81 0 1 200.000 0.000 inf inf
1484787867023 82 0 1 200.000 0.000 inf inf
1484787867027 83 0 1 200.000 0.000 inf inf
1484787867027 84 0 1 200.000 0.000 inf inf
1484787867028 85 0 1 200.000 0.000 inf inf
1484787867028 86 0 1 200.000 0.000 inf inf
1484787867031 87 0 1 200.000 0.000 inf inf
1484787867033 88 0 1 200.000 0.000 inf inf
1484787867035 89 0 1 200.000 0.000 inf inf
1484787867035 90 0 1 200.000 0.000 inf inf
1484787867035 91 0 1 200.000 0.000 inf inf
1484787867036 92 0 1 200.000 0.000 inf inf
1484787867037 93 0 1 200.000 0.000 inf inf
1484787867043 94 0 1 200.000 0.000 inf inf
1484787867043 95 0 1 200.000 0.000 inf inf
1484787867043 96 0 1 200.000 0.000 inf inf
1484787867044 97 0 1 200.000 0.000 inf inf
1484787867045 98 0 1 200.000 0.000 inf inf
1484787867045 99 0 1 200.000 0.000 inf inf
1484787867048 100 0 1 200.000 0.000 inf inf
1484787867051 101 0 1 200.000 0.000 inf inf
1484787867051 102 0 1 200.000 0.000 inf inf
1484787867052 103 0 1 200.000 0.000 inf inf
1484787867052 104 0 1 200.000 0.000 inf inf
1484787867054 105 0 1 200.000 0.000 inf inf
1484787867058 106 0 1 200.000 0.000 inf inf
1484787867059 107 0 1 200.000 0.000 inf inf
1484787867059 108 0 1 200.000 0.000 inf inf
1484787867060 109 0 1 200.000 0.000 inf inf
1484787867060 110 0 1 200.000 0.000 inf inf
1484787867064 111 0 1 200.000 0.000 inf inf
1484787867066 112 0 1 200.000 0.000 inf inf
1484787867066 113 0 1 200.000 0.000 inf inf
1484787867068 114 0 1 200.000 0.000 inf inf
1484787867068 115 0 1 200.000 0.000 inf inf
1484787867069 116 0 1 200.000 0.000 inf inf
1484787867072 117 0 1 200.000 0.000 inf inf
1484787867076 118 0 1 200.000 0.000 inf inf
1484787867076 119 0 1 200.000 0.000 inf inf
1484787867076 120 0 1 200.000 0.000 inf inf
1484787867077 121 0 1 200.000 0.000 inf inf
1484787867077 122 0 1 200.000 0.000 inf inf
1484787867078 123 0 1 200.000 0.000 inf inf
1484787867082 124 0 1 200.000 0.000 inf inf
1484787867084 125 0 1 200.000 0.000 inf inf
1484787867084 126 0 1 200.000 0.000 inf inf
1484787867085 127 0 1 200.000 0.000 inf inf
1484787867087 128 0 1 200.000 0.000 inf inf
1484787867087 129 0 1 200.000 0.000 inf inf
1484787867093 130 0 1 200.000 0.000 inf inf
1484787867094 131 0 1 200.000 0.000 inf inf
1484787867094 132 0 1 200.000 0.000 inf inf
1484787867094 133 0 1 200.000 0.000 inf inf
1484787867094 134 0 1 200.000 0.000 inf inf
1484787867095 135 0 1 200.000 0.000 inf inf
1484787867095 136 0 1 200.000 0.000 inf inf
1484787867100 137 0 1 200.000 0.000 inf inf
1484787867101 138 0 1 200.000 0.000 inf inf
1484787867101 139 0 1 200.000 0.000 inf inf
1484787867102 140 0 1 200.000 0.000 inf inf
1484787867103 141 0 1 200.000 0.000 inf inf
1484787867105 142 0 1 200.000 0.000 inf inf
1484787867106 143 0 1 200.000 0.000 inf inf
1484787867107 144 0 1 200.000 0.000 inf inf
1484787867109 145 0 1 200.000 0.000 inf inf
1484787867110 146 0 1 200.000 0.000 inf inf
1484787867111 147 0 1 200.000 0.000 inf inf
1484787867111 148 0 1 200.000 0.000 inf inf
1484787867115 149 0 1 200.000 0.000 inf inf
1484787867115 150 0 1 200.000 0.000 inf inf
1484787867115 151 0 1 200.000 0.000 inf inf
1484787867116 152 0 1 200.000 0.000 inf inf
1484787867117 153 0 1 200.000 0.000 inf inf
1484787867117 154 0 1 200.000 0.000 inf inf
1484787867119 155 0 1 200.000 0.000 inf inf
1484787867120 156 0 1 200.000 0.000 inf inf
1484787867120 157 0 1 200.000 0.000 inf inf
1484787867123 158 0 1 200.000 0.000 inf inf
1484787867125 159 0 1 200.000 0.000 inf inf
1484787867125 160 0 1 200.000 0.000 inf inf
1484787867125 161 0 1 200.000 0.000 inf inf
1484787867125 162 0 1 200.000 0.000 inf inf
1484787867126 163 0 1 200.000 0.000 inf inf
1484787867126 164 0 1 200.000 0.000 inf inf
1484787867129 165 0 1 200.000 0.000 inf inf
1484787867130 166 0 1 200.000 0.000 inf inf
1484787867132 167 0 1 200.000 0.000 inf inf
1484787867133 168 0 1 200.000 0.000 inf inf
1484787867133 169 0 1 200.000 0.000 inf inf
1484787867133 170 0 1 200.000 0.000 inf inf
1484787867134 171 0 1 200.000 0.000 inf inf
1484787867135 172 0 1 200.000 0.000 inf inf
1484787867136 173 0 1 200.000 0.000 inf inf
1484787867138 174 0 1 200.000 0.000 inf inf
1484787867139 175 0 1 200.000 0.000 inf inf
1484787867140 176 0 1 200.000 0.000 inf inf
1484787867141 177 0 1 200.000 0.000 inf inf
1484787867142 178 0 1 200.000 0.000 inf inf
1484787867144 179 0 1 200.000 0.000 inf inf
1484787867144 180 0 1 200.000 0.000 inf inf
1484787867145 181 0 1 200.000 0.000 inf inf
1484787867146 182 0 1 200.000 0.000 inf inf
1484787867147 183 0 1 200.000 0.000 inf inf
1484787867148 184 0 1 200.000 0.000 inf inf
1484787867149 185 0 1 200.000 0.000 inf inf
1484787867152 186 0 1 200.000 0.000 inf inf
1484787867154 187 0 1 200.000 0.000 inf inf
1484787867156 188 0 1 200.000 0.000 inf inf
1484787867158 189 0 1 200.000 0.000 inf inf
1484787867160 190 0 1 200.000 0.000 inf inf
1484787867161 191 0 1 200.000 0.000 inf inf
1484787867164 192 0 1 200.000 0.000 inf inf
1484787867165 193 0 1 200.000 0.000 inf inf
1484787867168 194 0 1 200.000 0.000 inf inf
1484787867168 195 0 1 200.000 0.000 inf inf
1484787867169 196 0 1 200.000 0.000 inf inf
1484787867170 197 0 1 200.000 0.000 inf inf
1484787867170 198 0 1 200.000 0.000 inf inf
1484787867170 199 0 1 200.000 0.000 inf inf
1484787867171 200 0 1 200.000 0.000 inf inf
1484787867173 201 0 1 200.000 0.000 inf inf
1484787867175 202 0 1 200.000 0.000 inf inf
1484787867176 203 0 1 200.000 0.000 inf inf
1484787867176 204 0 1 200.000 0.000 inf inf
1484787867176 205 0 1 200.000 0.000 inf inf
1484787867176 206 0 1 200.000 0.000 inf inf
1484787867177 207 0 1 200.000 0.000 inf inf
1484787867179 208 0 1 200.000 0.000 inf inf
1484787867181 209 0 1 200.000 0.000 inf inf
1484787867181 210 0 1 200.000 0.000 inf inf
1484787867182 211 0 1 200.000 0.000 inf inf
1484787867183 212 0 1 200.000 0.000 inf inf
1484787867185 213 0 1 200.000 0.000 inf inf
1484787867185 214 0 1 200.000 0.000 inf inf
1484787867186 215 0 1 200.000 0.000 inf inf
1484787867187 216 0 1 200.000 0.000 inf inf
1484787867187 217 0 1 200.000 0.000 inf inf
1484787867189 218 0 1 200.000 0.000 inf inf
1484787867191 219 0 1 200.000 0.000 inf inf
1484787867191 220 0 1 200.000 0.000 inf inf
1484787867192 221 0 1 200.000 0.000 inf inf
1484787867193 222 0 1 200.000 0.000 inf inf
1484787867195 223 0 1 200.000 0.000 inf inf
1484787867197 224 0 1 200.000 0.000 inf inf
1484787867197 225 0 1 200.000 0.000 inf inf
1484787867197 226 0 1 200.000 0.000 inf inf
1484787867198 227 0 1 200.000 0.000 inf inf
1484787867199 228 0 1 200.000 0.000 inf inf
1484787867202 229 0 1 200.000 0.000 inf inf
1484787867202 230 0 1 200.000 0.000 inf inf
1484787867205 231 0 1 200.000 0.000 inf inf
1484787867205 232 0 1 200.000 0.000 inf inf
1484787867207 233 0 1 200.000 0.000 inf inf
1484787867207 234 0 1 200.000 0.000 inf inf
1484787867207 235 0 1 200.000 0.000 inf inf
1484787867207 236 0 1 200.000 0.000 inf inf
1484787867208 237 0 1 200.000 0.000 inf inf
1484787867211 238 0 1 200.000 0.000 inf inf
1484787867211 239 0 1 200.000 0.000 inf inf
1484787867213 240 0 1 200.000 0.000 inf inf
1484787867213 241 0 1 200.000 0.000 inf inf
1484787867215 242 0 1 200.000 0.000 inf inf
1484787867216 243 0 1 200.000 0.000 inf inf
1484787867217 244 0 1 200.000 0.000 inf inf
1484787867218 245 0 1 200.000 0.000 inf inf
1484787867219 246 0 1 200.000 0.000 inf inf
1484787867220 247 0 1 200.000 0.000 inf inf
1484787867221 248 0 1 200.000 0.000 inf inf
1484787867222 249 0 1 200.000 0.000 inf inf
1484787867222 250 0 1 200.000 0.000 inf inf
1484787867226 251 0 1 200.000 0.000 inf inf
1484787867226 252 0 1 200.000 0.000 inf inf
1484787867227 253 0 1 200.000 0.000 inf inf
1484787867227 254 0 1 200.000 0.000 inf inf
1484787867227 255 0 1 200.000 0.000 inf inf
1484787867227 256 0 1 200.000 0.000 inf inf
1484787867230 257 0 1 200.000 0.000 inf inf
1484787867232 258 0 1 200.000 0.000 inf inf
1484787867232 259 0 1 200.000 0.000 inf inf
1484787867232 260 0 1 200.000 0.000 inf inf
1484787867234 261 0 1 200.000 0.000 inf inf
1484787867234 262 0 1 200.000 0.000 inf inf
1484787867235 263 0 1 200.000 0.000 inf inf
1484787867236 264 0 1 200.000 0.000 inf inf
1484787867238 265 0 1 200.000 0.000 inf inf
1484787867240 266 0 1 200.000 0.000 inf inf
1484787867240 267 0 1 200.000 0.000 inf inf
1484787867240 268 0 1 200.000 0.000 inf inf
1484787867240 269 0 1 200.000 0.000 inf inf
1484787867241 270 0 1 200.000 0.000 inf inf
1484787867242 271 0 1 200.000 0.000 inf inf
1484787867244 272 0 1 200.000 0.000 inf inf
1484787867246 273 0 1 200.000 0.000 inf inf
1484787867246 274 0 1 200.000 0.000 inf inf
1484787867246 275 0 1 200.000 0.000 inf inf
1484787867247 276 0 1 200.000 0.000 inf inf
1484787867250 277 0 1 200.000 0.000 inf inf
1484787867251 278 0 1 200.000 0.000 inf inf
1484787867252 279 0 1 200.000 0.000 inf inf
1484787867252 280 0 1 200.000 0.000 inf inf
1484787867253 281 0 1 200.000 0.000 inf inf
1484787867253 282 0 1 200.000 0.000 inf inf
1484787867255 283 0 1 200.000 0.000 inf inf
1484787867257 284 0 1 200.000 0.000 inf inf
1484787867258 285 0 1 200.000 0.000 inf inf
1484787867258 286 0 1 200.000 0.000 inf inf
1484787867258 287 0 1 200.000 0.000 inf inf
1484787867259 288 0 1 200.000 0.000 inf inf
1484787867260 289 0 1 200.000 0.000 inf inf
1484787867262 290 0 1 200.000 0.000 inf inf
1484787867263 291 0 1 200.000 0.000 inf inf
1484787867263 292 0 1 200.000 0.000 inf inf
1484787867265 293 0 1 200.000 0.000 inf inf
1484787867267 294 0 1 200.000 0.000 inf inf
1484787867268 295 0 1 200.000 0.000 inf inf
1484787867268 296 0 1 200.000 0.000 inf inf
1484787867268 297 0 1 200.000 0.000 inf inf
1484787867269 298 0 1 200.000 0.000 inf inf
1484787867271 299 0 1 200.000 0.000 inf inf
1484787867272 300 0 1 200.000 0.000 inf inf
1484787867272 301 0 1 200.000 0.000 inf inf
1484787867272 302 0 1 200.000 0.000 inf inf
1484787867272 303 0 1 200.000 0.000 inf inf
1484787867275 304 0 1 200.000 0.000 inf inf
1484787867275 305 0 1 200.000 0.000 inf inf
1484787867276 306 0 1 200.000 0.000 inf inf
1484787867276 307 0 1 200.000 0.000 inf inf
1484787867276 308 0 1 200.000 0.000 inf inf
1484787867276 309 0 1 200.000 0.000 inf inf
1484787867277 310 0 1 200.000 0.000 inf inf
1484787867277 311 0 1 200.000 0.000 inf inf
1484787867283 312 0 1 200.000 0.000 inf inf
1484787867283 313 0 1 200.000 0.000 inf inf
1484787867285 314 0 1 200.000 0.000 inf inf
1484787867287 315 0 1 200.000 0.000 inf inf
1484787867287 316 0 1 200.000 0.000 inf inf
1484787867287 317 0 1 200.000 0.000 inf inf
1484787867288 318 0 1 200.000 0.000 inf inf
1484787867289 319 0 1 200.000 0.000 inf inf
1484787867289 320 0 1 200.000 0.000 inf inf
1484787867293 321 0 1 200.000 0.000 inf inf
1484787867293 322 0 1 200.000 0.000 inf inf
1484787867293 323 0 1 200.000 0.000 inf inf
1484787867293 324 0 1 200.000 0.000 inf inf
1484787867294 325 0 1 200.000 0.000 inf inf
1484787867295 326 0 1 200.000 0.000 inf inf
1484787867296 327 0 1 200.000 0.000 inf inf
1484787867298 328 0 1 200.000 0.000 inf inf
1484787867299 329 0 1 200.000 0.000 inf inf
1484787867299 330 0 1 200.000 0.000 inf inf
1484787867300 331 0 1 200.000 0.000 inf inf
1484787867302 332 0 1 200.000 0.000 inf inf
1484787867304 333 0 1 200.000 0.000 inf inf
1484787867305 334 0 1 200.000 0.000 inf inf
1484787867305 335 0 1 200.000 0.000 inf inf
1484787867305 336 0 1 200.000 0.000 inf inf
1484787867306 337 0 1 200.000 0.000 inf inf
1484787867307 338 0 1 200.000 0.000 inf inf
1484787867308 339 0 1 200.000 0.000 inf inf
1484787867310 340 0 1 200.000 0.000 inf inf
1484787867310 341 0 1 200.000 0.000 inf inf
1484787867311 342 0 1 200.000 0.000 inf inf
1484787867311 343 0 1 200.000 0.000 inf inf
1484787867311 344 0 1 200.000 0.000 inf inf
1484787867311 345 0 1 200.000 0.000 inf inf
1484787867313 346 0 1 200.000 0.000 inf inf
1484787867313 347 0 1 200.000 0.000 inf inf
1484787867313 348 0 1 200.000 0.000 inf inf
1484787867314 349 0 1 200.000 0.000 inf inf
1484787867316 350 0 1 200.000 0.000 inf inf
1484787867316 351 0 1 200.000 0.000 inf inf
1484787867317 352 0 1 200.000 0.000 inf inf
1484787867317 353 0 1 200.000 0.000 inf inf
1484787867317 354 0 1 200.000 0.000 inf inf
1484787867317 355 0 1 200.000 0.000 inf inf
1484787867318 356 0 1 200.000 0.000 inf inf
1484787867320 357 0 1 200.000 0.000 inf inf
1484787867320 358 0 1 200.000 0.000 inf inf
1484787867321 359 0 1 200.000 0.000 inf inf
1484787867321 360 0 1 200.000 0.000 inf inf
1484787867321 361 0 1 200.000 0.000 inf inf
1484787867321 362 0 1 200.000 0.000 inf inf
1484787867322 363 0 1 200.000 0.000 inf inf
1484787867323 364 0 1 200.000 0.000 inf inf
1484787867324 365 0 1 200.000 0.000 inf inf
1484787867332 366 0 1 200.000 0.000 inf inf
1484787867332 367 0 1 200.000 0.000 inf inf
1484787867333 368 0 1 200.000 0.000 inf inf
1484787867334 369 0 1 200.000 0.000 inf inf
1484787867335 370 0 1 200.000 0.000 inf inf
1484787867336 371 0 1 200.000 0.000 inf inf
1484787867336 372 0 1 200.000 0.000 inf inf
1484787867336 373 0 1 200.000 0.000 inf inf
1484787867337 374 0 1 200.000 0.000 inf inf
1484787867337 375 0 1 200.000 0.000 inf inf
1484787867339 376 0 1 200.000 0.000 inf inf
1484787867340 377 0 2 200.000 0.000 inf inf
1484787867340 378 0 2 200.000 0.000 inf inf
1484787867341 379 0 2 200.000 0.000 inf inf
1484787867342 380 0 2 200.000 0.000 inf inf
1484787867342 381 0 2 200.000 0.000 inf inf
1484787867345 382 0 2 200.000 0.000 inf inf
1484787867346 383 0 2 200.000 0.000 inf inf
1484787867346 384 0 2 200.000 0.000 inf inf
1484787867347 385 0 2 200.000 0.000 inf inf
1484787867348 386 0 2 200.000 0.000 inf inf
1484787867349 387 0 2 200.000 0.000 inf inf
1484787867351 388 0 2 200.000 0.000 inf inf
1484787867351 389 0 2 200.000 0.000 inf inf
1484787867353 390 0 2 200.000 0.000 inf inf
1484787867354 391 0 2 200.000 0.000 inf inf
1484787867355 392 0 2 200.000 0.000 inf inf
1484787867357 393 0 2 200.000 0.000 inf inf
1484787867357 394 0 2 200.000 0.000 inf inf
1484787867358 395 0 2 200.000 0.000 inf inf
1484787867358 396 0 2 200.000 0.000 inf inf
1484787867358 397 0 2 200.000 0.000 inf inf
1484787867358 398 0 2 200.000 0.000 inf inf
1484787867359 399 0 2 200.000 0.000 inf inf
1484787867361 400 0 2 200.000 0.000 inf inf
1484787867361 401 0 2 200.000 0.000 inf inf
1484787867361 402 0 2 200.000 0.000 inf inf
1484787867362 403 0 2 200.000 0.000 inf inf
1484787867362 404 0 2 200.000 0.000 inf inf
1484787867362 405 0 2 200.000 0.000 inf inf
1484787867363 406 0 2 200.000 0.000 inf inf
1484787867364 407 0 2 200.000 0.000 inf inf
1484787867364 408 0 2 200.000 0.000 inf inf
1484787867365 409 0 2 200.000 0.000 inf inf
1484787867367 410 0 2 200.000 0.000 inf inf
1484787867367 411 0 2 200.000 0.000 inf inf
1484787867367 412 0 2 200.000 0.000 inf inf
1484787867368 413 0 2 200.000 0.000 inf inf
1484787867368 414 0 2 200.000 0.000 inf inf
1484787867368 415 0 2 200.000 0.000 inf inf
1484787867370 416 0 2 200.000 0.000 inf inf
1484787867371 417 0 2 200.000 0.000 inf inf
1484787867371 418 0 2 200.000 0.000 inf inf
1484787867371 419 0 2 200.000 0.000 inf inf
1484787867372 420 0 2 200.000 0.000 inf inf
1484787867372 421 0 2 200.000 0.000 inf inf
1484787867372 422 0 2 200.000 0.000 inf inf
1484787867372 423 0 2 200.000 0.000 inf inf
1484787867373 424 0 2 200.000 0.000 inf inf
1484787867374 425 0 2 200.000 0.000 inf inf
1484787867376 426 0 2 200.000 0.000 inf inf
1484787867377 427 0 2 200.000 0.000 inf inf
1484787867377 428 0 2 200.000 0.000 inf inf
1484787867377 429 0 2 200.000 0.000 inf inf
1484787867378 430 0 2 200.000 0.000 inf inf
1484787867378 431 0 2 200.000 0.000 inf inf
1484787867378 432 0 2 200.000 0.000 inf inf
1484787867379 433 0 2 200.000 0.000 inf inf
1484787867384 434 0 2 200.000 0.000 inf inf
1484787867384 435 0 2 200.000 0.000 inf inf
1484787867385 436 0 2 200.000 0.000 inf inf
1484787867388 437 0 2 200.000 0.000 inf inf
1484787867389 438 0 2 200.000 0.000 inf inf
1484787867389 439 0 2 200.000 0.000 inf inf
1484787867389 440 0 2 200.000 0.000 inf inf
1484787867390 441 0 2 200.000 0.000 inf inf
1484787867390 442 0 2 200.000 0.000 inf inf
1484787867392 443 0 2 200.000 0.000 inf inf
1484787867394 444 0 2 200.000 0.000 inf inf
1484787867394 445 0 2 200.000 0.000 inf inf
1484787867395 446 0 2 200.000 0.000 inf inf
1484787867395 447 0 2 200.000 0.000 inf inf
1484787867396 448 0 2 200.000 0.000 inf inf
1484787867396 449 0 2 200.000 0.000 inf inf
1484787867398 450 0 2 200.000 0.000 inf inf
1484787867400 451 0 2 200.000 0.000 inf inf
1484787867400 452 0 2 200.000 0.000 inf inf
1484787867402 453 0 2 200.000 0.000 inf inf
1484787867402 454 0 2 200.000 0.000 inf inf
1484787867404 455 0 2 200.000 0.000 inf inf
1484787867406 456 0 2 200.000 0.000 inf inf
1484787867406 457 0 2 200.000 0.000 inf inf
1484787867408 458 0 2 200.000 0.000 inf inf
1484787867410 459 0 2 200.000 0.000 inf inf
1484787867410 460 0 2 200.000 0.000 inf inf
1484787867412 461 0 2 200.000 0.000 inf inf
1484787867412 462 0 2 200.000 0.000 inf inf
1484787867413 463 0 2 200.000 0.000 inf inf
1484787867414 464 0 2 200.000 0.000 inf inf
1484787867415 465 0 2 200.000 0.000 inf inf
1484787867416 466 0 2 200.000 0.000 inf inf
1484787867418 467 0 2 200.000 0.000 inf inf
1484787867418 468 0 2 200.000 0.000 inf inf
1484787867418 469 0 2 200.000 0.000 inf inf
1484787867418 470 0 2 200.000 0.000 inf inf
1484787867419 471 0 2 200.000 0.000 inf inf
1484787867419 472 0 2 200.000 0.000 inf inf
1484787867420 473 0 2 200.000 0.000 inf inf
1484787867421 474 0 2 200.000 0.000 inf inf
1484787867422 475 0 2 200.000 0.000 inf inf
1484787867422 476 0 2 200.000 0.000 inf inf
1484787867422 477 0 2 200.000 0.000 inf inf
1484787867422 478 0 2 200.000 0.000 inf inf
1484787867423 479 0 2 200.000 0.000 inf inf
1484787867425 480 0 2 200.000 0.000 inf inf
1484787867425 481 0 2 200.000 0.000 inf inf
1484787867425 482 0 2 200.000 0.000 inf inf
1484787867425 483 0 2 200.000 0.000 inf inf
1484787867427 484 0 2 200.000 0.000 inf inf
1484787867428 485 0 2 200.000 0.000 inf inf
1484787867428 486 0 2 200.000 0.000 inf inf
1484787867428 487 0 2 200.000 0.000 inf inf
1484787867428 488 0 2 200.000 0.000 inf inf
1484787867429 489 0 2 200.000 0.000 inf inf
1484787867430 490 0 2 200.000 0.000 inf inf
1484787867431 491 0 2 200.000 0.000 inf inf
1484787867432 492 0 2 200.000 0.000 inf inf
1484787867432 493 0 2 200.000 0.000 inf inf
1484787867432 494 0 2 200.000 0.000 inf inf
1484787867433 495 0 2 200.000 0.000 inf inf
1484787867434 496 0 2 200.000 0.000 inf inf
1484787867435 497 0 2 200.000 0.000 inf inf
1484787867435 498 0 2 200.000 0.000 inf inf
1484787867443 499 0 2 200.000 0.000 inf inf
1484787867445 500 0 2 200.000 0.000 inf inf
1484787867445 501 0 2 200.000 0.000 inf inf
1484787867445 502 0 2 200.000 0.000 inf inf
1484787867446 503 0 2 200.000 0.000 inf inf
1484787867446 504 0 2 200.000 0.000 inf inf
1484787867446 505 0 2 200.000 0.000 inf inf
1484787867447 506 0 2 200.000 0.000 inf inf
1484787867449 507 0 2 200.000 0.000 inf inf
1484787867449 508 0 2 200.000 0.000 inf inf
1484787867449 509 0 2 200.000 0.000 inf inf
1484787867450 510 0 2 200.000 0.000 inf inf
1484787867450 511 0 2 200.000 0.000 inf inf
1484787867451 512 0 2 200.000 0.000 inf inf
1484787867453 513 0 2 200.000 0.000 inf inf
1484787867455 514 0 2 200.000 0.000 inf inf
1484787867455 515 0 2 200.000 0.000 inf inf
1484787867455 516 0 2 200.000 0.000 inf inf
1484787867455 517 0 2 200.000 0.000 inf inf
1484787867459 518 0 2 200.000 0.000 inf inf
1484787867461 519 0 2 200.000 0.000 inf inf
1484787867461 520 0 2 200.000 0.000 inf inf
1484787867461 521 0 2 200.000 0.000 inf inf
1484787867461 522 0 2 200.000 0.000 inf inf
1484787867462 523 0 2 200.000 0.000 inf inf
1484787867462 524 0 2 200.000 0.000 inf inf
1484787867465 525 0 2 200.000 0.000 inf inf
1484787867466 526 0 2 200.000 0.000 inf inf
1484787867466 527 0 2 200.000 0.000 inf inf
1484787867468 528 0 2 200.000 0.000 inf inf
1484787867470 529 0 2 200.000 0.000 inf inf
1484787867471 530 0 2 200.000 0.000 inf inf
1484787867471 531 0 2 200.000 0.000 inf inf
1484787867471 532 0 2 200.000 0.000 inf inf
1484787867471 533 0 2 200.000 0.000 inf inf
1484787867472 534 0 2 200.000 0.000 inf inf
1484787867472 535 0 2 200.000 0.000 inf inf
1484787867472 536 0 2 200.000 0.000 inf inf
1484787867474 537 0 2 200.000 0.000 inf inf
1484787867474 538 0 2 200.000 0.000 inf inf
1484787867475 539 0 2 200.000 0.000 inf inf
1484787867475 540 0 2 200.000 0.000 inf inf
1484787867475 541 0 2 200.000 0.000 inf inf
1484787867476 542 0 2 200.000 0.000 inf inf
1484787867478 543 0 2 200.000 0.000 inf inf
1484787867479 544 0 2 200.000 0.000 inf inf
1484787867479 545 0 2 200.000 0.000 inf inf
1484787867479 546 0 2 200.000 0.000 inf inf
1484787867479 547 0 2 200.000 0.000 inf inf
1484787867480 548 0 2 200.000 0.000 inf inf
1484787867480 549 0 2 200.000 0.000 inf inf
1484787867482 550 0 2 200.000 0.000 inf inf
1484787867482 551 0 2 200.000 0.000 inf inf
1484787867483 552 0 2 200.000 0.000 inf inf
1484787867483 553 0 2 200.000 0.000 inf inf
1484787867483 554 0 2 200.000 0.000 inf inf
1484787867483 555 0 2 200.000 0.000 inf inf
1484787867483 556 0 2 200.000 0.000 inf inf
1484787867486 557 0 2 200.000 0.000 inf inf
1484787867486 558 0 2 200.000 0.000 inf inf
1484787867487 559 0 2 200.000 0.000 inf inf
1484787867487 560 0 2 200.000 0.000 inf inf
1484787867488 561 0 2 200.000 0.000 inf inf
1484787867490 562 0 2 200.000 0.000 inf inf
1484787867490 563 0 2 200.000 0.000 inf inf
1484787867490 564 0 2 200.000 0.000 inf inf
1484787867491 565 0 2 200.000 0.000 inf inf
1484787867491 566 0 2 200.000 0.000 inf inf
1484787867491 567 0 2 200.000 0.000 inf inf
1484787867496 568 0 2 200.000 0.000 inf inf
1484787867498 569 0 2 200.000 0.000 inf inf
1484787867499 570 0 2 200.000 0.000 inf inf
1484787867500 571 0 2 200.000 0.000 inf inf
1484787867500 572 0 2 200.000 0.000 inf inf
1484787867501 573 0 2 200.000 0.000 inf inf
1484787867502 574 0 2 200.000 0.000 inf inf
1484787867502 575 0 2 200.000 0.000 inf inf
1484787867503 576 0 2 200.000 0.000 inf inf
1484787867506 577 0 2 200.000 0.000 inf inf
1484787867506 578 0 2 200.000 0.000 inf inf
1484787867507 579 0 2 200.000 0.000 inf inf
1484787867508 580 0 2 200.000 0.000 inf inf
1484787867508 581 0 2 200.000 0.000 inf inf
1484787867511 582 0 2 200.000 0.000 inf inf
1484787867512 583 0 2 200.000 0.000 inf inf
1484787867512 584 0 2 200.000 0.000 inf inf
1484787867513 585 0 2 200.000 0.000 inf inf
1484787867514 586 0 2 200.000 0.000 inf inf
1484787867515 587 0 2 200.000 0.000 inf inf
1484787867517 588 0 2 200.000 0.000 inf inf
1484787867518 589 0 2 200.000 0.000 inf inf
1484787867519 590 0 2 200.000 0.000 inf inf
1484787867521 591 0 2 200.000 0.000 inf inf
1484787867521 592 0 2 200.000 0.000 inf inf
1484787867522 593 0 2 200.000 0.000 inf inf
1484787867523 594 0 2 200.000 0.000 inf inf
1484787867523 595 0 2 200.000 0.000 inf inf
1484787867525 596 0 2 200.000 0.000 inf inf
1484787867526 597 0 2 200.000 0.000 inf inf
1484787867526 598 0 2 200.000 0.000 inf inf
1484787867529 599 0 2 200.000 0.000 inf inf
1484787867530 600 0 2 200.000 0.000 inf inf
1484787867530 601 0 2 200.000 0.000 inf inf
1484787867530 602 0 2 200.000 0.000 inf inf
1484787867530 603 0 2 200.000 0.000 inf inf
1484787867531 604 0 2 200.000 0.000 inf inf
1484787867531 605 0 2 200.000 0.000 inf inf
1484787867533 606 0 2 200.000 0.000 inf inf
1484787867533 607 0 2 200.000 0.000 inf inf
1484787867533 608 0 2 200.000 0.000 inf inf
1484787867534 609 0 2 200.000 0.000 inf inf
1484787867534 610 0 2 200.000 0.000 inf inf
1484787867535 611 0 2 200.000 0.000 inf inf
1484787867536 612 0 2 200.000 0.000 inf inf
1484787867537 613 0 2 200.000 0.000 inf inf
1484787867537 614 0 2 200.000 0.000 inf inf
1484787867537 615 0 2 200.000 0.000 inf inf
1484787867537 616 0 2 200.000 0.000 inf inf
1484787867539 617 0 2 200.000 0.000 inf inf
1484787867539 618 0 2 200.000 0.000 inf inf
1484787867541 619 0 2 200.000 0.000 inf inf
1484787867541 620 0 2 200.000 0.000 inf inf
1484787867541 621 0 2 200.000 0.000 inf inf
1484787867541 622 0 2 200.000 0.000 inf inf
1484787867542 623 0 2 200.000 0.000 inf inf
1484787867542 624 0 2 200.000 0.000 inf inf
1484787867543 625 0 2 200.000 0.000 inf inf
1484787867545 626 0 2 200.000 0.000 inf inf
1484787867545 627 0 2 200.000 0.000 inf inf
1484787867545 628 0 2 200.000 0.000 inf inf
1484787867545 629 0 2 200.000 0.000 inf inf
1484787867546 630 0 2 200.000 0.000 inf inf
1484787867546 631 0 2 200.000 0.000 inf inf
1484787867548 632 0 2 200.000 0.000 inf inf
1484787867549 633 0 2 200.000 0.000 inf inf
1484787867549 634 0 2 200.000 0.000 inf inf
1484787867549 635 0 2 200.000 0.000 inf inf
1484787867550 636 0 2 200.000 0.000 inf inf
1484787867556 637 0 2 200.000 0.000 inf inf
1484787867558 638 0 2 200.000 0.000 inf inf
1484787867559 639 0 2 200.000 0.000 inf inf
1484787867559 640 0 2 200.000 0.000 inf inf
1484787867559 641 0 2 200.000 0.000 inf inf
1484787867559 642 0 2 200.000 0.000 inf inf
1484787867560 643 0 2 200.000 0.000 inf inf
1484787867562 644 0 2 200.000 0.000 inf inf
1484787867563 645 0 2 200.000 0.000 inf inf
1484787867564 646 0 2 200.000 0.000 inf inf
1484787867564 647 0 2 200.000 0.000 inf inf
1484787867566 648 0 2 200.000 0.000 inf inf
1484787867567 649 0 2 200.000 0.000 inf inf
1484787867568 650 0 2 200.000 0.000 inf inf
1484787867568 651 0 2 200.000 0.000 inf inf
1484787867570 652 0 2 200.000 0.000 inf inf
1484787867572 653 0 2 200.000 0.000 inf inf
1484787867572 654 0 2 200.000 0.000 inf inf
1484787867572 655 0 2 200.000 0.000 inf inf
1484787867574 656 0 2 200.000 0.000 inf inf
1484787867576 657 0 2 200.000 0.000 inf inf
1484787867576 658 0 2 200.000 0.000 inf inf
1484787867577 659 0 2 200.000 0.000 inf inf
1484787867578 660 0 2 200.000 0.000 inf inf
1484787867580 661 0 2 200.000 0.000 inf inf
1484787867582 662 0 2 200.000 0.000 inf inf
1484787867582 663 0 2 200.000 0.000 inf inf
1484787867582 664 0 2 200.000 0.000 inf inf
1484787867582 665 0 2 200.000 0.000 inf inf
1484787867584 666 0 2 200.000 0.000 inf inf
1484787867584 667 0 2 200.000 0.000 inf inf
1484787867585 668 0 2 200.000 0.000 inf inf
1484787867586 669 0 2 200.000 0.000 inf inf
1484787867587 670 0 2 200.000 0.000 inf inf
1484787867588 671 0 2 200.000 0.000 inf inf
1484787867588 672 0 2 200.000 0.000 inf inf
1484787867589 673 0 2 200.000 0.000 inf inf
1484787867590 674 1 2 200.000 0.000 inf inf
1484787867590 675 1 1 200.000 0.000 inf inf
1484787867590 676 1 1 200.000 0.000 inf inf
1484787867591 677 1 1 200.000 0.000 inf inf
1484787867591 678 1 1 200.000 0.000 inf inf
1484787867593 679 1 1 200.000 0.000 inf inf
1484787867594 680 1 1 200.000 0.000 inf inf
1484787867594 681 1 1 200.000 0.000 inf inf
1484787867594 682 1 1 200.000 0.000 inf inf
1484787867594 683 1 1 200.000 0.000 inf inf
1484787867595 684 1 1 200.000 0.000 inf inf
1484787867595 685 1 1 200.000 0.000 inf inf
1484787867597 686 1 1 200.000 0.000 inf inf
1484787867598 687 1 1 200.000 0.000 inf inf
1484787867598 688 1 1 200.000 0.000 inf inf
1484787867598 689 1 1 200.000 0.000 inf inf
1484787867598 690 1 1 200.000 0.000 inf inf
1484787867599 691 1 1 200.000 0.000 inf inf
1484787867599 692 1 1 200.000 0.000 inf inf
1484787867601 693 1 1 200.000 0.000 inf inf
1484787867602 694 1 1 200.000 0.000 inf inf
1484787867602 695 1 1 200.000 0.000 inf inf
1484787867602 696 1 1 200.000 0.000 inf inf
1484787867602 697 1 1 200.000 0.000 inf inf
1484787867603 698 1 1 200.000 0.000 inf inf
1484787867611 699 1 1 200.000 0.000 inf inf
1484787867611 700 1 1 200.000 0.000 inf inf
1484787867612 701 1 1 200.000 0.000 inf inf
1484787867612 702 1 1 200.000 0.000 inf inf
1484787867613 703 1 1 200.000 0.000 inf inf
1484787867615 704 1 1 200.000 0.000 inf inf
1484787867615 705 1 1 200.000 0.000 inf inf
1484787867616 706 1 1 200.000 0.000 inf inf
1484787867616 707 1 1 200.000 0.000 inf inf
1484787867616 708 1 1 200.000 0.000 inf inf
1484787867617 709 1 1 200.000 0.000 inf inf
1484787867619 710 1 1 200.000 0.000 inf inf
1484787867619 711 1 1 200.000 0.000 inf inf
1484787867623 712 1 1 200.000 0.000 inf inf
1484787867623 713 1 1 200.000 0.000 inf inf
1484787867623 714 1 1 200.000 0.000 inf inf
1484787867624 715 1 1 200.000 0.000 inf inf
1484787867624 716 1 1 200.000 0.000 inf inf
1484787867625 717 1 1 200.000 0.000 inf inf
1484787867626 718 1 1 200.000 0.000 inf inf
1484787867628 719 1 1 200.000 0.000 inf inf
1484787867628 720 1 1 200.000 0.000 inf inf
1484787867630 721 1 1 200.000 0.000 inf inf
1484787867632 722 1 1 200.000 0.000 inf inf
1484787867633 723 1 1 200.000 0.000 inf inf
1484787867633 724 1 1 200.000 0.000 inf inf
1484787867633 725 1 1 200.000 0.000 inf inf
1484787867633 726 1 1 200.000 0.000 inf inf
1484787867634 727 1 1 200.000 0.000 inf inf
1484787867636 728 1 1 200.000 0.000 inf inf
1484787867637 729 1 1 200.000 0.000 inf inf
1484787867637 730 1 1 200.000 0.000 inf inf
1484787867637 731 1 1 200.000 0.000 inf inf
1484787867637 732 1 1 200.000 0.000 inf inf
1484787867638 733 1 1 200.000 0.000 inf inf
1484787867638 734 1 1 200.000 0.000 inf inf
1484787867640 735 1 1 200.000 0.000 inf inf
1484787867641 736 1 1 200.000 0.000 inf inf
1484787867641 737 1 1 200.000 0.000 inf inf
1484787867641 738 1 1 200.000 0.000 inf inf
1484787867641 739 1 1 200.000 0.000 inf inf
1484787867642 740 1 1 200.000 0.000 inf inf
1484787867644 741 1 1 200.000 0.000 inf inf
1484787867645 742 1 1 200.000 0.000 inf inf
1484787867645 743 1 1 200.000 0.000 inf inf
1484787867645 744 1 1 200.000 0.000 inf inf
1484787867645 745 1 1 200.000 0.000 inf inf
1484787867646 746 1 1 200.000 0.000 inf inf
1484787867646 747 1 1 200.000 0.000 inf inf
1484787867648 748 1 1 200.000 0.000 inf inf
1484787867648 749 1 1 200.000 0.000 inf inf
1484787867649 750 1 1 200.000 0.000 inf inf
1484787867649 751 1 1 200.000 0.000 inf inf
1484787867649 752 1 1 200.000 0.000 inf inf
1484787867650 753 1 1 200.000 0.000 inf inf
1484787867652 754 1 1 200.000 0.000 inf inf
1484787867652 755 1 1 200.000 0.000 inf inf
1484787867652 756 1 1 200.000 0.000 inf inf
1484787867653 757 1 1 200.000 0.000 inf inf
1484787867653 758 1 1 200.000 0.000 inf inf
1484787867653 759 1 1 200.000 0.000 inf inf
1484787867653 760 1 1 200.000 0.000 inf inf
1484787867656 761 1 1 200.000 0.000 inf inf
1484787867656 762 1 1 200.000 0.000 inf inf
1484787867657 763 1 1 200.000 0.000 inf inf
1484787867657 764 1 1 200.000 0.000 inf inf
1484787867657 765 1 1 200.000 0.000 inf inf
1484787867657 766 1 1 200.000 0.000 inf inf
1484787867658 767 1 1 200.000 0.000 inf inf
1484787867660 768 1 1 200.000 0.000 inf inf
1484787867660 769 1 1 200.000 0.000 inf inf
1484787867660 770 1 1 200.000 0.000 inf inf
1484787867661 771 1 1 200.000 0.000 inf inf
1484787867661 772 1 1 200.000 0.000 inf inf
1484787867661 773 1 1 200.000 0.000 inf inf
1484787867667 774 1 1 200.000 0.000 inf inf
1484787867670 775 1 1 200.000 0.000 inf inf
1484787867670 776 1 1 200.000 0.000 inf inf
1484787867670 777 1 1 200.000 0.000 inf inf
1484787867670 778 1 1 200.000 0.000 inf inf
1484787867671 779 1 1 200.000 0.000 inf inf
1484787867672 780 1 1 200.000 0.000 inf inf
1484787867673 781 1 1 200.000 0.000 inf inf
1484787867675 782 1 1 200.000 0.000 inf inf
1484787867676 783 1 1 200.000 0.000 inf inf
1484787867677 784 1 1 200.000 0.000 inf inf
1484787867678 785 1 1 200.000 0.000 inf inf
1484787867678 786 1 1 200.000 0.000 inf inf
1484787867679 787 1 1 200.000 0.000 inf inf
1484787867683 788 1 1 200.000 0.000 inf inf
1484787867683 789 1 1 200.000 0.000 inf inf
1484787867684 790 1 1 200.000 0.000 inf inf
1484787867684 791 1 1 200.000 0.000 inf inf
1484787867684 792 1 1 200.000 0.000 inf inf
1484787867685 793 1 1 200.000 0.000 inf inf
1484787867685 794 1 1 200.000 0.000 inf inf
1484787867687 795 1 1 200.000 0.000 inf inf
1484787867689 796 1 1 200.000 0.000 inf inf
1484787867689 797 1 1 200.000 0.000 inf inf
1484787867689 798 1 1 200.000 0.000 inf inf
1484787867693 799 1 1 200.000 0.000 inf inf
1484787867693 800 1 1 200.000 0.000 inf inf
1484787867694 801 1 1 200.000 0.000 inf inf
1484787867694 802 1 1 200.000 0.000 inf inf
1484787867695 803 1 1 200.000 0.000 inf inf
1484787867695 804 1 1 200.000 0.000 inf inf
1484787867699 805 1 1 200.000 0.000 inf inf
1484787867699 806 1 1 200.000 0.000 inf inf
1484787867699 807 1 1 200.000 0.000 inf inf
1484787867700 808 1 1 200.000 0.000 inf inf
1484787867700 809 1 1 200.000 0.000 inf inf
1484787867700 810 1 1 200.000 0.000 inf inf
1484787867701 811 1 1 200.000 0.000 inf inf
1484787867701 812 1 1 200.000 0.000 inf inf
1484787867703 813 1 1 200.000 0.000 inf inf
1484787867703 814 1 1 200.000 0.000 inf inf
1484787867703 815 1 1 200.000 0.000 inf inf
1484787867703 816 1 1 200.000 0.000 inf inf
1484787867704 817 1 1 200.000 0.000 inf inf
1484787867704 818 1 1 200.000 0.000 inf inf
1484787867705 819 1 1 200.000 0.000 inf inf
1484787867707 820 1 1 200.000 0.000 inf inf
1484787867707 821 1 1 200.000 0.000 inf inf
1484787867707 822 1 1 200.000 0.000 inf inf
1484787867707 823 1 1 200.000 0.000 inf inf
1484787867708 824 1 1 200.000 0.000 inf inf
1484787867708 825 1 1 200.000 0.000 inf inf
1484787867708 826 1 1 200.000 0.000 inf inf
1484787867710 827 1 1 200.000 0.000 inf inf
1484787867711 828 1 1 200.000 0.000 inf inf
1484787867711 829 1 1 200.000 0.000 inf inf
1484787867711 830 1 1 200.000 0.000 inf inf
1484787867712 831 1 1 200.000 0.000 inf inf
1484787867712 832 1 1 200.000 0.000 inf inf
1484787867713 833 1 1 200.000 0.000 inf inf
1484787867715 834 1 1 200.000 0.000 inf inf
1484787867715 835 1 1 200.000 0.000 inf inf
1484787867715 836 1 1 200.000 0.000 inf inf
1484787867715 837 1 1 200.000 0.000 inf inf
1484787867716 838 1 1 200.000 0.000 inf inf
1484787867724 839 1 1 200.000 0.000 inf inf
1484787867726 840 1 1 200.000 0.000 inf inf
1484787867727 841 1 1 200.000 0.000 inf inf
1484787867727 842 1 1 200.000 0.000 inf inf
1484787867727 843 1 1 200.000 0.000 inf inf
1484787867728 844 1 1 200.000 0.000 inf inf
1484787867728 845 1 1 200.000 0.000 inf inf
1484787867729 846 1 1 200.000 0.000 inf inf
1484787867730 847 1 1 200.000 0.000 inf inf
1484787867732 848 1 1 200.000 0.000 inf inf
1484787867732 849 1 1 200.000 0.000 inf inf
1484787867734 850 1 1 200.000 0.000 inf inf
1484787867734 851 1 1 200.000 0.000 inf inf
1484787867734 852 1 1 200.000 0.000 inf inf
1484787867736 853 1 1 200.000 0.000 inf inf
1484787867737 854 1 1 200.000 0.000 inf inf
1484787867737 855 1 1 200.000 0.000 inf inf
1484787867738 856 1 1 200.000 0.000 inf inf
1484787867739 857 1 1 200.000 0.000 inf inf
1484787867740 858 1 1 200.000 0.000 inf inf
1484787867740 859 1 1 200.000 0.000 inf inf
1484787867740 860 1 1 200.000 0.000 inf inf
1484787867740 861 1 1 200.000 0.000 inf inf
1484787867742 862 1 1 200.000 0.000 inf inf
1484787867742 863 1 1 200.000 0.000 inf inf
1484787867742 864 1 1 200.000 0.000 inf inf
1484787867744 865 1 1 200.000 0.000 inf inf
1484787867744 866 1 1 200.000 0.000 inf inf
1484787867744 867 1 1 200.000 0.000 inf inf
1484787867744 868 1 1 200.000 0.000 inf inf
1484787867746 869 1 1 200.000 0.000 inf inf
1484787867746 870 1 1 200.000 0.000 inf inf
1484787867746 871 1 1 200.000 0.000 inf inf
1484787867748 872 1 1 200.000 0.000 inf inf
1484787867748 873 1 1 200.000 0.000 inf inf
1484787867748 874 1 1 200.000 0.000 inf inf
1484787867748 875 1 1 200.000 0.000 inf inf
1484787867749 876 1 1 200.000 0.000 inf inf
1484787867750 877 1 1 200.000 0.000 inf inf
1484787867750 878 1 1 200.000 0.000 inf inf
1484787867751 879 1 1 200.000 0.000 inf inf
1484787867752 880 1 1 200.000 0.000 inf inf
1484787867752 881 1 1 200.000 0.000 inf inf
1484787867752 882 1 1 200.000 0.000 inf inf
1484787867754 883 1 1 200.000 0.000 inf inf
1484787867754 884 1 1 200.000 0.000 inf inf
1484787867754 885 1 1 200.000 0.000 inf inf
1484787867755 886 1 1 200.000 0.000 inf inf
1484787867756 887 1 1 200.000 0.000 inf inf
1484787867756 888 1 1 200.000 0.000 inf inf
1484787867757 889 1 1 200.000 0.000 inf inf
1484787867758 890 1 1 200.000 0.000 inf inf
1484787867758 891 1 1 200.000 0.000 inf inf
1484787867758 892 1 1 200.000 0.000 inf inf
1484787867759 893 1 1 200.000 0.000 inf inf
1484787867760 894 1 1 200.000 0.000 inf inf
1484787867760 895 1 1 200.000 0.000 inf inf
1484787867761 896 1 1 200.000 0.000 inf inf
1484787867761 897 1 1 200.000 0.000 inf inf
1484787867762 898 1 1 200.000 0.000 inf inf
1484787867763 899 1 1 200.000 0.000 inf inf
1484787867763 900 1 1 200.000 0.000 inf inf
1484787867764 901 1 1 200.000 0.000 inf inf
1484787867764 902 1 1 200.000 0.000 inf inf
1484787867765 903 1 1 200.000 0.000 inf inf
1484787867766 904 1 1 200.000 0.000 inf inf
1484787867766 905 1 1 200.000 0.000 inf inf
1484787867767 906 1 1 200.000 0.000 inf inf
1484787867768 907 1 1 200.000 0.000 inf inf
1484787867769 908 1 1 200.000 0.000 inf inf
1484787867769 909 1 1 200.000 0.000 inf inf
1484787867770 910 1 1 200.000 0.000 inf inf
1484787867770 911 1 1 200.000 0.000 inf inf
1484787867773 912 1 1 200.000 0.000 inf inf
1484787867773 913 1 1 200.000 0.000 inf inf
1484787867773 914 1 1 200.000 0.000 inf inf
1484787867774 915 1 1 200.000 0.000 inf inf
1484787867774 916 1 1 200.000 0.000 inf inf
1484787867774 917 1 1 200.000 0.000 inf inf
1484787867774 918 1 1 200.000 0.000 inf inf
1484787867775 919 1 1 200.000 0.000 inf inf
1484787867777 920 1 1 200.000 0.000 inf inf
1484787867777 921 1 1 200.000 0.000 inf inf
1484787867778 922 1 1 200.000 0.000 inf inf
1484787867778 923 1 1 200.000 0.000 inf inf
1484787867778 924 1 1 200.000 0.000 inf inf
1484787867778 925 1 1 200.000 0.000 inf inf
1484787867780 926 1 1 200.000 0.000 inf inf
1484787867781 927 1 1 200.000 0.000 inf inf
1484787867781 928 1 1 200.000 0.000 inf inf
1484787867783 929 1 1 200.000 0.000 inf inf
1484787867783 930 1 1 200.000 0.000 inf inf
1484787867784 931 1 1 200.000 0.000 inf inf
1484787867784 932 1 1 200.000 0.000 inf inf
1484787867785 933 1 1 200.000 0.000 inf inf
1484787867787 934 1 1 200.000 0.000 inf inf
1484787867787 935 1 1 200.000 0.000 inf inf
1484787867787 936 1 1 200.000 0.000 inf inf
1484787867787 937 1 1 200.000 0.000 inf inf
1484787867788 938 1 1 200.000 0.000 inf inf
1484787867788 939 1 1 200.000 0.000 inf inf
1484787867788 940 1 1 200.000 0.000 inf inf
1484787867790 941 1 1 200.000 0.000 inf inf
1484787867791 942 1 1 200.000 0.000 inf inf
1484787867791 943 1 1 200.000 0.000 inf inf
1484787867791 944 1 1 200.000 0.000 inf inf
1484787867791 945 1 1 200.000 0.000 inf inf
1484787867792 946 1 1 200.000 0.000 inf inf
1484787867792 947 1 1 200.000 0.000 inf inf
1484787867794 948 1 1 200.000 0.000 inf inf
1484787867795 949 1 1 200.000 0.000 inf inf
1484787867795 950 1 1 200.000 0.000 inf inf
1484787867795 951 1 1 200.000 0.000 inf inf
1484787867796 952 1 1 200.000 0.000 inf inf
1484787867796 953 1 1 200.000 0.000 inf inf
1484787867798 954 1 1 200.000 0.000 inf inf
1484787867799 955 1 1 200.000 0.000 inf inf
1484787867799 956 1 1 200.000 0.000 inf inf
1484787867799 957 1 1 200.000 0.000 inf inf
1484787867799 958 1 1 200.000 0.000 inf inf
1484787867800 959 1 1 200.000 0.000 inf inf
1484787867800 960 1 1 200.000 0.000 inf inf
1484787867800 961 1 1 200.000 0.000 inf inf
1484787867802 962 1 1 200.000 0.000 inf inf
1484787867803 963 1 1 200.000 0.000 inf inf
1484787867803 964 1 1 200.000 0.000 inf inf
1484787867803 965 1 1 200.000 0.000 inf inf
1484787867803 966 1 1 200.000 0.000 inf inf
1484787867804 967 1 1 200.000 0.000 inf inf
1484787867804 968 1 1 200.000 0.000 inf inf
1484787867806 969 1 1 200.000 0.000 inf inf
1484787867807 970 1 1 200.000 0.000 inf inf
1484787867807 971 1 1 200.000 0.000 inf inf
1484787867807 972 1 1 200.000 0.000 inf inf
1484787867807 973 1 1 200.000 0.000 inf inf
1484787867808 974 1 1 200.000 0.000 inf inf
1484787867810 975 1 1 200.000 0.000 inf inf
1484787867811 976 1 1 200.000 0.000 inf inf
1484787867811 977 1 1 200.000 0.000 inf inf
1484787867811 978 1 1 200.000 0.000 inf inf
1484787867811 979 1 1 200.000 0.000 inf inf
1484787867812 980 1 1 200.000 0.000 inf inf
1484787867812 981 1 1 200.000 0.000 inf inf
1484787867814 982 1 1 200.000 0.000 inf inf
1484787867814 983 1 1 200.000 0.000 inf inf
1484787867814 984 1 1 200.000 0.000 inf inf
1484787867815 985 1 1 200.000 0.000 inf inf
1484787867815 986 1 1 200.000 0.000 inf inf
1484787867815 987 1 1 200.000 0.000 inf inf
1484787867816 988 1 1 200.000 0.000 inf inf
1484787867818 989 1 1 200.000 0.000 inf inf
1484787867818 990 1 1 200.000 0.000 inf inf
1484787867818 991 1 1 200.000 0.000 inf inf
1484787867819 992 1 1 200.000 0.000 inf inf
1484787867819 993 1 1 200.000 0.000 inf inf
1484787867819 994 1 1 200.000 0.000 inf inf
1484787867820 995 1 1 200.000 0.000 inf inf
1484787867821 996 1 1 200.000 0.000 inf inf
1484787867821 997 1 1 200.000 0.000 inf inf
1484787867822 998 1 1 200.000 0.000 inf inf
1484787867822 999 1 1 200.000 0.000 inf inf
1484787867824 1000 1 1 200.000 0.000 inf inf
1484787867824 1001 1 1 200.000 0.000 inf inf
1484787867824 1002 1 1 200.000 0.000 inf inf
1484787867824 1003 1 1 200.000 0.000 inf inf
1484787867825 1004 1 1 200.000 0.000 inf inf
1484787867826 1005 1 1 200.000 0.000 inf inf
1484787867826 1006 1 1 200.000 0.000 inf inf
1484787867828 1007 1 1 200.000 0.000 inf inf
1484787867828 1008 1 1 200.000 0.000 inf inf
1484787867828 1009 1 1 200.000 0.000 inf inf
1484787867829 1010 1 1 200.000 0.000 inf inf
1484787867830 1011 1 1 200.000 0.000 inf inf
1484787867830 1012 1 1 200.000 0.000 inf inf
1484787867831 1013 1 1 200.000 0.000 inf inf
1484787867832 1014 1 1 200.000 0.000 inf inf
1484787867834 1015 1 1 200.000 0.000 inf inf
1484787867834 1016 1 1 200.000 0.000 inf inf
1484787867834 1017 1 1 200.000 0.000 inf inf
1484787867834 1018 1 1 200.000 0.000 inf inf
1484787867835 1019 1 1 200.000 0.000 inf inf
1484787867835 1020 1 1 200.000 0.000 inf inf
1484787867836 1021 1 1 200.000 0.000 inf inf
1484787867837 1022 1 1 200.000 0.000 inf inf
1484787867838 1023 1 1 200.000 0.000 inf inf
1484787867838 1024 1 1 200.000 0.000 inf inf
1484787867838 1025 1 1 200.000 0.000 inf inf
1484787867839 1026 1 1 200.000 0.000 inf inf
1484787867840 1027 1 1 200.000 0.000 inf inf
1484787867841 1028 1 1 200.000 0.000 inf inf
1484787867841 1029 1 1 200.000 0.000 inf inf
1484787867842 1030 1 1 200.000 0.000 inf inf
1484787867843 1031 1 1 200.000 0.000 inf inf
1484787867844 1032 1 1 200.000 0.000 inf inf
1484787867844 1033 1 1 200.000 0.000 inf inf
1484787867844 1034 1 1 200.000 0.000 inf inf
1484787867844 1035 1 1 200.000 0.000 inf inf
1484787867845 1036 1 1 200.000 0.000 inf inf
1484787867845 1037 1 1 200.000 0.000 inf inf
1484787867847 1038 1 1 200.000 0.000 inf inf
1484787867848 1039 1 1 200.000 0.000 inf inf
1484787867848 1040 1 1 200.000 0.000 inf inf
1484787867848 1041 1 1 200.000 0.000 inf inf
1484787867848 1042 1 1 200.000 0.000 inf inf
1484787867849 1043 1 1 200.000 0.000 inf inf
1484787867851 1044 1 1 200.000 0.000 inf inf
1484787867852 1045 1 1 200.000 0.000 inf inf
1484787867852 1046 1 1 200.000 0.000 inf inf
1484787867852 1047 1 1 200.000 0.000 inf inf
1484787867852 1048 1 1 200.000 0.000 inf inf
1484787867853 1049 1 1 200.000 0.000 inf inf
1484787867855 1050 1 1 200.000 0.000 inf inf
1484787867856 1051 1 1 200.000 0.000 inf inf
1484787867856 1052 1 1 200.000 0.000 inf inf
1484787867856 1053 1 1 200.000 0.000 inf inf
1484787867856 1054 1 1 200.000 0.000 inf inf
1484787867857 1055 1 1 200.000 0.000 inf inf
1484787867857 1056 1 1 200.000 0.000 inf inf
1484787867859 1057 1 1 200.000 0.000 inf inf
1484787867859 1058 1 1 200.000 0.000 inf inf
1484787867860 1059 1 1 200.000 0.000 inf inf
1484787867860 1060 1 1 200.000 0.000 inf inf
1484787867860 1061 1 1 200.000 0.000 inf inf
1484787867860 1062 1 1 200.000 0.000 inf inf
1484787867861 1063 1 1 200.000 0.000 inf inf
1484787867863 1064 1 1 200.000 0.000 inf inf
1484787867863 1065 1 1 200.000 0.000 inf inf
1484787867863 1066 1 1 200.000 0.000 inf inf
1484787867863 1067 1 1 200.000 0.000 inf inf
1484787867864 1068 1 1 200.000 0.000 inf inf
1484787867865 1069 1 1 200.000 0.000 inf inf
1484787867865 1070 1 1 200.000 0.000 inf inf
1484787867867 1071 1 1 200.000 0.000 inf inf
1484787867867 1072 1 1 200.000 0.000 inf inf
1484787867867 1073 1 1 200.000 0.000 inf inf
1484787867867 1074 1 1 200.000 0.000 inf inf
1484787867868 1075 1 1 200.000 0.000 inf inf
1484787867868 1076 1 1 200.000 0.000 inf inf
1484787867869 1077 1 1 200.000 0.000 inf inf
1484787867871 1078 1 1 200.000 0.000 inf inf
1484787867920 1079 1 1 200.000 0.000 inf inf
1484787867921 1080 1 1 200.000 0.000 inf inf
1484787867922 1081 1 1 200.000 0.000 inf inf
1484787867922 1082 1 1 200.000 0.000 inf inf
1484787867923 1083 1 1 200.000 0.000 inf inf
1484787867924 1084 1 1 200.000 0.000 inf inf
1484787867924 1085 1 1 200.000 0.000 inf inf
1484787867925 1086 1 1 200.000 0.000 inf inf
1484787867925 1087 1 1 200.000 0.000 inf inf
1484787867926 1088 1 1 200.000 0.000 inf inf
1484787867926 1089 1 1 200.000 0.000 inf inf
1484787867929 1090 1 1 200.000 0.000 inf inf
1484787867930 1091 1 1 200.000 0.000 inf inf
1484787867930 1092 1 1 200.000 0.000 inf inf
1484787867931 1093 1 1 200.000 0.000 inf inf
1484787867931 1094 1 1 200.000 0.000 inf inf
1484787867932 1095 1 1 200.000 0.000 inf inf
1484787867932 1096 1 1 200.000 0.000 inf inf
1484787867935 1097 1 1 200.000 0.000 inf inf
1484787867937 1098 1 1 200.000 0.000 inf inf
1484787867937 1099 1 1 200.000 0.000 inf inf
1484787867938 1100 1 1 200.000 0.000 inf inf
1484787867938 1101 1 1 200.000 0.000 inf inf
1484787867941 1102 1 1 200.000 0.000 inf inf
1484787867941 1103 1 1 200.000 0.000 inf inf
1484787867942 1104 1 1 200.000 0.000 inf inf
1484787867945 1105 1 1 200.000 0.000 inf inf
1484787867945 1106 1 1 200.000 0.000 inf inf
1484787867945 1107 1 1 200.000 0.000 inf inf
1484787867945 1108 1 1 200.000 0.000 inf inf
1484787867947 1109 1 1 200.000 0.000 inf inf
1484787867947 1110 1 1 200.000 0.000 inf inf
1484787867948 1111 1 1 200.000 0.000 inf inf
1484787867948 1112 1 1 200.000 0.000 inf inf
1484787867951 1113 1 1 200.000 0.000 inf inf
1484787867952 1114 1 1 200.000 0.000 inf inf
1484787867953 1115 1 1 200.000 0.000 inf inf
1484787867953 1116 1 1 200.000 0.000 inf inf
1484787867954 1117 1 1 200.000 0.000 inf inf
1484787867955 1118 1 1 200.000 0.000 inf inf
1484787867955 1119 1 1 200.000 0.000 inf inf
1484787867955 1120 1 1 200.000 0.000 inf inf
1484787867956 1121 1 1 200.000 0.000 inf inf
1484787867957 1122 1 1 200.000 0.000 inf inf
1484787867957 1123 1 1 200.000 0.000 inf inf
1484787867957 1124 1 1 200.000 0.000 inf inf
1484787867958 1125 1 1 200.000 0.000 inf inf
1484787867959 1126 1 1 200.000 0.000 inf inf
1484787867959 1127 1 1 200.000 0.000 inf inf
1484787867960 1128 1 1 200.000 0.000 inf inf
1484787867961 1129 1 1 200.000 0.000 inf inf
1484787867961 1130 1 1 200.000 0.000 inf inf
1484787867961 1131 1 1 200.000 0.000 inf inf
1484787867962 1132 1 1 200.000 0.000 inf inf
1484787867963 1133 1 1 200.000 0.000 inf inf
1484787867963 1134 1 1 200.000 0.000 inf inf
1484787867963 1135 1 1 200.000 0.000 inf inf
1484787867964 1136 1 1 200.000 0.000 inf inf
1484787867964 1137 1 1 200.000 0.000 inf inf
1484787867965 1138 1 1 200.000 0.000 inf inf
1484787867965 1139 1 1 200.000 0.000 inf inf
1484787867966 1140 1 1 200.000 0.000 inf inf
1484787867966 1141 1 1 200.000 0.000 inf inf
1484787867967 1142 1 1 200.000 0.000 inf inf
1484787867968 1143 1 1 200.000 0.000 inf inf
1484787867968 1144 1 1 200.000 0.000 inf inf
1484787867969 1145 1 1 200.000 0.000 inf inf
1484787867969 1146 1 1 200.000 0.000 inf inf
1484787867969 1147 1 1 200.000 0.000 inf inf
1484787867970 1148 1 1 200.000 0.000 inf inf
1484787867970 1149 1 1 200.000 0.000 inf inf
1484787867971 1150 1 1 200.000 0.000 inf inf
1484787867972 1151 1 1 200.000 0.000 inf inf
1484787867972 1152 1 1 200.000 0.000 inf inf
1484787867973 1153 1 1 200.000 0.000 inf inf
1484787867973 1154 1 1 200.000 0.000 inf inf
1484787867974 1155 1 1 200.000 0.000 inf inf
1484787867974 1156 1 1 200.000 0.000 inf inf
1484787867976 1157 1 1 200.000 0.000 inf inf
1484787867976 1158 1 1 200.000 0.000 inf inf
1484787867976 1159 1 1 200.000 0.000 inf inf
1484787867977 1160 1 1 200.000 0.000 inf inf
1484787867977 1161 1 1 200.000 0.000 inf inf
1484787867977 1162 1 1 200.000 0.000 inf inf
1484787867978 1163 1 1 200.000 0.000 inf inf
1484787867980 1164 1 1 200.000 0.000 inf inf
1484787867980 1165 1 1 200.000 0.000 inf inf
1484787867981 1166 1 1 200.000 0.000 inf inf
1484787867981 1167 1 1 200.000 0.000 inf inf
1484787867981 1168 1 1 200.000 0.000 inf inf
1484787867981 1169 1 1 200.000 0.000 inf inf
1484787867983 1170 1 1 200.000 0.000 inf inf
1484787867983 1171 1 1 200.000 0.000 inf inf
1484787867984 1172 1 1 200.000 0.000 inf inf
1484787867984 1173 1 1 200.000 0.000 inf inf
1484787867992 1174 1 1 200.000 0.000 inf inf
1484787867992 1175 1 1 200.000 0.000 inf inf
1484787867993 1176 1 1 200.000 0.000 inf inf
1484787867994 1177 1 1 200.000 0.000 inf inf
1484787867994 1178 1 1 200.000 0.000 inf inf
1484787867996 1179 1 1 200.000 0.000 inf inf
1484787867996 1180 1 1 200.000 0.000 inf inf
1484787867996 1181 1 1 200.000 0.000 inf inf
1484787867996 1182 1 1 200.000 0.000 inf inf
1484787867997 1183 1 1 200.000 0.000 inf inf
1484787867997 1184 1 1 200.000 0.000 inf inf
1484787867998 1185 1 1 200.000 0.000 inf inf
1484787867999 1186 1 1 200.000 0.000 inf inf
1484787868002 1187 1 1 200.000 0.000 inf inf
1484787868002 1188 1 1 200.000 0.000 inf inf
1484787868002 1189 1 1 200.000 0.000 inf inf
1484787868002 1190 1 1 200.000 0.000 inf inf
1484787868003 1191 1 1 200.000 0.000 inf inf
1484787868004 1192 1 1 200.000 0.000 inf inf
1484787868005 1193 1 1 200.000 0.000 inf inf
1484787868007 1194 1 1 200.000 0.000 inf inf
1484787868008 1195 1 1 200.000 0.000 inf inf
1484787868008 1196 1 1 200.000 0.000 inf inf
1484787868008 1197 1 1 200.000 0.000 inf inf
1484787868009 1198 1 1 200.000 0.000 inf inf
1484787868011 1199 1 1 200.000 0.000 inf inf
1484787868011 1200 1 1 200.000 0.000 inf inf
1484787868013 1201 1 1 200.000 0.000 inf inf
1484787868014 1202 1 1 200.000 0.000 inf inf
1484787868014 1203 1 1 200.000 0.000 inf inf
1484787868015 1204 1 1 200.000 0.000 inf inf
1484787868017 1205 1 1 200.000 0.000 inf inf
1484787868019 1206 1 1 200.000 0.000 inf inf
1484787868020 1207 1 1 200.000 0.000 inf inf
1484787868020 1208 1 1 200.000 0.000 inf inf
1484787868021 1209 1 1 200.000 0.000 inf inf
1484787868023 1210 1 1 200.000 0.000 inf inf
1484787868024 1211 1 1 200.000 0.000 inf inf
1484787868025 1212 1 1 200.000 0.000 inf inf
1484787868025 1213 1 1 200.000 0.000 inf inf
1484787868029 1214 1 1 200.000 0.000 inf inf
1484787868029 1215 1 1 200.000 0.000 inf inf
1484787868030 1216 1 1 200.000 0.000 inf inf
1484787868030 1217 1 1 200.000 0.000 inf inf
1484787868031 1218 1 1 200.000 0.000 inf inf
1484787868031 1219 1 1 200.000 0.000 inf inf
1484787868033 1220 1 1 200.000 0.000 inf inf
1484787868034 1221 1 1 200.000 0.000 inf inf
1484787868035 1222 1 1 200.000 0.000 inf inf
1484787868039 1223 1 1 200.000 0.000 inf inf
1484787868039 1224 1 1 200.000 0.000 inf inf
1484787868039 1225 1 1 200.000 0.000 inf inf
1484787868040 1226 1 1 200.000 0.000 inf inf
1484787868040 1227 1 1 200.000 0.000 inf inf
1484787868040 1228 1 1 200.000 0.000 inf inf
1484787868042 1229 1 1 200.000 0.000 inf inf
1484787868043 1230 1 1 200.000 0.000 inf inf
1484787868044 1231 1 1 200.000 0.000 inf inf
1484787868046 1232 1 1 200.000 0.000 inf inf
1484787868047 1233 1 1 200.000 0.000 inf inf
1484787868048 1234 1 1 200.000 0.000 inf inf
1484787868049 1235 1 1 200.000 0.000 inf inf
1484787868049 1236 1 1 200.000 0.000 inf inf
1484787868049 1237 1 1 200.000 0.000 inf inf
1484787868049 1238 1 1 200.000 0.000 inf inf
1484787868050 1239 1 1 200.000 0.000 inf inf
1484787868052 1240 1 1 200.000 0.000 inf inf
1484787868054 1241 1 1 200.000 0.000 inf inf
1484787868055 1242 1 1 200.000 0.000 inf inf
1484787868055 1243 1 1 200.000 0.000 inf inf
1484787868055 1244 1 1 200.000 0.000 inf inf
1484787868056 1245 1 1 200.000 0.000 inf inf
1484787868058 1246 1 1 200.000 0.000 inf inf
1484787868060 1247 1 1 200.000 0.000 inf inf
1484787868060 1248 1 1 200.000 0.000 inf inf
1484787868061 1249 1 1 200.000 0.000 inf inf
1484787868062 1250 1 1 200.000 0.000 inf inf
1484787868064 1251 1 1 200.000 0.000 inf inf
1484787868064 1252 1 1 200.000 0.000 inf inf
1484787868066 1253 1 1 200.000 0.000 inf inf
1484787868066 1254 1 1 200.000 0.000 inf inf
1484787868066 1255 1 1 200.000 0.000 inf inf
1484787868068 1256 1 1 200.000 0.000 inf inf
1484787868070 1257 1 1 200.000 0.000 inf inf
1484787868070 1258 1 1 200.000 0.000 inf inf
1484787868072 1259 1 1 200.000 0.000 inf inf
1484787868072 1260 1 1 200.000 0.000 inf inf
1484787868074 1261 1 1 200.000 0.000 inf inf
1484787868074 1262 1 1 200.000 0.000 inf inf
1484787868076 1263 1 1 200.000 0.000 inf inf
1484787868076 1264 1 1 200.000 0.000 inf inf
1484787868078 1265 1 1 200.000 0.000 inf inf
1484787868080 1266 1 1 200.000 0.000 inf inf
1484787868080 1267 1 1 200.000 0.000 inf inf
1484787868080 1268 1 1 200.000 0.000 inf inf
1484787868081 1269 1 1 200.000 0.000 inf inf
1484787868082 1270 1 1 200.000 0.000 inf inf
1484787868084 1271 1 1 200.000 0.000 inf inf
1484787868085 1272 1 1 200.000 0.000 inf inf
1484787868085 1273 1 1 200.000 0.000 inf inf
1484787868088 1274 1 1 200.000 0.000 inf inf
1484787868089 1275 1 1 200.000 0.000 inf inf
1484787868089 1276 1 1 200.000 0.000 inf inf
1484787868090 1277 1 1 200.000 0.000 inf inf
1484787868092 1278 1 2 200.000 0.000 inf inf
1484787868093 1279 1 2 200.000 0.000 inf inf
1484787868097 1280 1 2 200.000 0.000 inf inf
1484787868097 1281 1 2 200.000 0.000 inf inf
1484787868098 1282 1 2 200.000 0.000 inf inf
1484787868100 1283 1 2 200.000 0.000 inf inf
1484787868100 1284 1 2 200.000 0.000 inf inf
1484787868100 1285 1 2 200.000 0.000 inf inf
1484787868100 1286 1 2 200.000 0.000 inf inf
1484787868103 1287 1 2 200.000 0.000 inf inf
1484787868105 1288 1 2 200.000 0.000 inf inf
1484787868105 1289 1 2 200.000 0.000 inf inf
1484787868106 1290 1 2 200.000 0.000 inf inf
1484787868106 1291 1 2 200.000 0.000 inf inf
1484787868106 1292 1 2 200.000 0.000 inf inf
1484787868107 1293 1 2 200.000 0.000 inf inf
1484787868107 1294 1 2 200.000 0.000 inf inf
1484787868111 1295 1 2 200.000 0.000 inf inf
1484787868111 1296 1 2 200.000 0.000 inf inf
1484787868112 1297 1 2 200.000 0.000 inf inf
1484787868112 1298 1 2 200.000 0.000 inf inf
1484787868113 1299 1 2 200.000 0.000 inf inf
1484787868115 1300 1 2 200.000 0.000 inf inf
1484787868117 1301 1 2 200.000 0.000 inf inf
1484787868117 1302 1 2 200.000 0.000 inf inf
1484787868117 1303 1 2 200.000 0.000 inf inf
1484787868118 1304 1 2 200.000 0.000 inf inf
1484787868118 1305 1 2 200.000 0.000 inf inf
1484787868121 1306 1 2 200.000 0.000 inf inf
1484787868123 1307 1 2 200.000 0.000 inf inf
1484787868123 1308 1 2 200.000 0.000 inf inf
1484787868123 1309 1 2 200.000 0.000 inf inf
1484787868123 1310 1 2 200.000 0.000 inf inf
1484787868124 1311 1 2 200.000 0.000 inf inf
1484787868124 1312 1 2 200.000 0.000 inf inf
1484787868127 1313 1 2 200.000 0.000 inf inf
1484787868129 1314 1 2 200.000 0.000 inf inf
1484787868129 1315 1 2 200.000 0.000 inf inf
1484787868130 1316 1 2 200.000 0.000 inf inf
1484787868131 1317 1 2 200.000 0.000 inf inf
1484787868132 1318 1 2 200.000 0.000 inf inf
1484787868133 1319 1 2 200.000 0.000 inf inf
1484787868134 1320 1 2 200.000 0.000 inf inf
1484787868135 1321 1 2 200.000 0.000 inf inf
1484787868135 1322 1 2 200.000 0.000 inf inf
1484787868136 1323 1 2 200.000 0.000 inf inf
1484787868136 1324 1 2 200.000 0.000 inf inf
1484787868138 1325 1 2 200.000 0.000 inf inf
1484787868140 1326 1 2 200.000 0.000 inf inf
1484787868141 1327 1 2 200.000 0.000 inf inf
1484787868141 1328 1 2 200.000 0.000 inf inf
1484787868142 1329 1 2 200.000 0.000 inf inf
1484787868142 1330 1 2 200.000 0.000 inf inf
1484787868144 1331 1 2 200.000 0.000 inf inf
1484787868146 1332 1 2 200.000 0.000 inf inf
1484787868148 1333 1 2 200.000 0.000 inf inf
1484787868150 1334 1 2 200.000 0.000 inf inf
1484787868150 1335 1 2 200.000 0.000 inf inf
1484787868151 1336 1 2 200.000 0.000 inf inf
1484787868151 1337 1 2 200.000 0.000 inf inf
1484787868152 1338 1 2 200.000 0.000 inf inf
1484787868154 1339 1 2 200.000 0.000 inf inf
1484787868155 1340 1 2 200.000 0.000 inf inf
1484787868156 1341 1 2 200.000 0.000 inf inf
1484787868156 1342 1 2 200.000 0.000 inf inf
1484787868158 1343 1 2 200.000 0.000 inf inf
1484787868159 1344 1 2 200.000 0.000 inf inf
1484787868159 1345 1 2 200.000 0.000 inf inf
1484787868160 1346 1 2 200.000 0.000 inf inf
1484787868162 1347 1 2 200.000 0.000 inf inf
1484787868162 1348 1 2 200.000 0.000 inf inf
1484787868163 1349 1 2 200.000 0.000 inf inf
1484787868164 1350 1 2 200.000 0.000 inf inf
1484787868166 1351 1 2 200.000 0.000 inf inf
1484787868166 1352 1 2 200.000 0.000 inf inf
1484787868167 1353 1 2 200.000 0.000 inf inf
1484787868167 1354 1 2 200.000 0.000 inf inf
1484787868170 1355 1 2 200.000 0.000 inf inf
1484787868170 1356 1 2 200.000 0.000 inf inf
1484787868171 1357 1 2 200.000 0.000 inf inf
1484787868172 1358 1 2 200.000 0.000 inf inf
1484787868174 1359 1 2 200.000 0.000 inf inf
1484787868174 1360 1 2 200.000 0.000 inf inf
1484787868175 1361 1 2 200.000 0.000 inf inf
1484787868176 1362 1 2 200.000 0.000 inf inf
1484787868177 1363 1 2 200.000 0.000 inf inf
1484787868180 1364 1 2 200.000 0.000 inf inf
1484787868180 1365 1 2 200.000 0.000 inf inf
1484787868181 1366 1 2 200.000 0.000 inf inf
1484787868183 1367 1 2 200.000 0.000 inf inf
1484787868185 1368 1 2 200.000 0.000 inf inf
1484787868185 1369 1 2 200.000 0.000 inf inf
1484787868186 1370 1 2 200.000 0.000 inf inf
1484787868186 1371 1 2 200.000 0.000 inf inf
1484787868187 1372 1 2 200.000 0.000 inf inf
1484787868191 1373 1 2 200.000 0.000 inf inf
1484787868191 1374 1 2 200.000 0.000 inf inf
1484787868192 1375 1 2 200.000 0.000 inf inf
1484787868192 1376 1 2 200.000 0.000 inf inf
1484787868192 1377 1 2 200.000 0.000 inf inf
1484787868192 1378 1 2 200.000 0.000 inf inf
1484787868195 1379 1 2 200.000 0.000 inf inf
1484787868196 1380 1 2 200.000 0.000 inf inf
1484787868197 1381 1 2 200.000 0.000 inf inf
1484787868197 1382 1 2 200.000 0.000 inf inf
1484787868197 1383 1 2 200.000 0.000 inf inf
1484787868199 1384 1 2 200.000 0.000 inf inf
1484787868199 1385 1 2 200.000 0.000 inf inf
1484787868201 1386 1 2 200.000 0.000 inf inf
1484787868203 1387 1 2 200.000 0.000 inf inf
1484787868203 1388 1 2 200.000 0.000 inf inf
1484787868205 1389 1 2 200.000 0.000 inf inf
1484787868205 1390 1 2 200.000 0.000 inf inf
1484787868207 1391 1 2 200.000 0.000 inf inf
1484787868209 1392 1 2 200.000 0.000 inf inf
1484787868209 1393 1 2 200.000 0.000 inf inf
1484787868209 1394 1 2 200.000 0.000 inf inf
1484787868210 1395 1 2 200.000 0.000 inf inf
1484787868211 1396 1 2 200.000 0.000 inf inf
1484787868212 1397 1 2 200.000 0.000 inf inf
1484787868214 1398 1 2 200.000 0.000 inf inf
1484787868215 1399 1 2 200.000 0.000 inf inf
1484787868216 1400 1 2 200.000 0.000 inf inf
1484787868217 1401 1 2 200.000 0.000 inf inf
1484787868219 1402 1 2 200.000 0.000 inf inf
1484787868220 1403 1 2 200.000 0.000 inf inf
1484787868222 1404 1 2 200.000 0.000 inf inf
1484787868224 1405 1 2 200.000 0.000 inf inf
1484787868226 1406 1 2 200.000 0.000 inf inf
1484787868226 1407 1 2 200.000 0.000 inf inf
1484787868227 1408 1 2 200.000 0.000 inf inf
1484787868227 1409 1 2 200.000 0.000 inf inf
1484787868228 1410 1 2 200.000 0.000 inf inf
1484787868228 1411 1 2 200.000 0.000 inf inf
1484787868232 1412 1 2 200.000 0.000 inf inf
1484787868232 1413 1 2 200.000 0.000 inf inf
1484787868233 1414 1 2 200.000 0.000 inf inf
1484787868233 1415 1 2 200.000 0.000 inf inf
1484787868233 1416 1 2 200.000 0.000 inf inf
1484787868234 1417 1 2 200.000 0.000 inf inf
1484787868236 1418 1 2 200.000 0.000 inf inf
1484787868237 1419 1 2 200.000 0.000 inf inf
1484787868238 1420 1 2 200.000 0.000 inf inf
1484787868240 1421 1 2 200.000 0.000 inf inf
1484787868242 1422 1 2 200.000 0.000 inf inf
1484787868242 1423 1 2 200.000 0.000 inf inf
1484787868242 1424 1 2 200.000 0.000 inf inf
1484787868242 1425 1 2 200.000 0.000 inf inf
1484787868243 1426 1 2 200.000 0.000 inf inf
1484787868244 1427 1 2 200.000 0.000 inf inf
1484787868247 1428 1 2 200.000 0.000 inf inf
1484787868248 1429 1 2 200.000 0.000 inf inf
1484787868248 1430 1 2 200.000 0.000 inf inf
1484787868248 1431 1 2 200.000 0.000 inf inf
1484787868249 1432 1 2 200.000 0.000 inf inf
1484787868249 1433 1 2 200.000 0.000 inf inf
1484787868252 1434 1 2 200.000 0.000 inf inf
1484787868254 1435 1 2 200.000 0.000 inf inf
1484787868254 1436 1 2 200.000 0.000 inf inf
1484787868254 1437 1 2 200.000 0.000 inf inf
1484787868254 1438 1 2 200.000 0.000 inf inf
1484787868255 1439 1 2 200.000 0.000 inf inf
1484787868255 1440 1 2 200.000 0.000 inf inf
1484787868259 1441 1 2 200.000 0.000 inf inf
1484787868259 1442 1 2 200.000 0.000 inf inf
1484787868260 1443 1 2 200.000 0.000 inf inf
1484787868260 1444 1 2 200.000 0.000 inf inf
1484787868261 1445 1 2 200.000 0.000 inf inf
1484787868263 1446 1 2 200.000 0.000 inf inf
1484787868264 1447 1 2 200.000 0.000 inf inf
1484787868265 1448 1 2 200.000 0.000 inf inf
1484787868265 1449 1 2 200.000 0.000 inf inf
1484787868266 1450 1 2 200.000 0.000 inf inf
1484787868267 1451 1 2 200.000 0.000 inf inf
1484787868269 1452 1 2 200.000 0.000 inf inf
1484787868269 1453 1 2 200.000 0.000 inf inf
1484787868270 1454 1 2 200.000 0.000 inf inf
1484787868271 1455 1 2 200.000 0.000 inf inf
1484787868271 1456 1 2 200.000 0.000 inf inf
1484787868273 1457 1 2 200.000 0.000 inf inf
1484787868275 1458 1 2 200.000 0.000 inf inf
1484787868275 1459 1 2 200.000 0.000 inf inf
1484787868276 1460 1 2 200.000 0.000 inf inf
1484787868277 1461 1 2 200.000 0.000 inf inf
1484787868277 1462 1 2 200.000 0.000 inf inf
1484787868279 1463 1 2 200.000 0.000 inf inf
1484787868281 1464 1 2 200.000 0.000 inf inf
1484787868281 1465 1 2 200.000 0.000 inf inf
1484787868281 1466 1 2 200.000 0.000 inf inf
1484787868283 1467 1 2 200.000 0.000 inf inf
1484787868283 1468 1 2 200.000 0.000 inf inf
1484787868285 1469 1 2 200.000 0.000 inf inf
1484787868287 1470 1 2 200.000 0.000 inf inf
1484787868287 1471 1 2 200.000 0.000 inf inf
1484787868288 1472 1 2 200.000 0.000 inf inf
1484787868289 1473 1 2 200.000 0.000 inf inf
1484787868293 1474 1 2 200.000 0.000 inf inf
1484787868293 1475 1 2 200.000 0.000 inf inf
1484787868293 1476 1 2 200.000 0.000 inf inf
1484787868293 1477 1 2 200.000 0.000 inf inf
1484787868294 1478 1 2 200.000 0.000 inf inf
1484787868294 1479 1 2 200.000 0.000 inf inf
1484787868296 1480 1 2 200.000 0.000 inf inf
1484787868298 1481 1 2 200.000 0.000 inf inf
1484787868301 1482 1 2 200.000 0.000 inf inf
1484787868301 1483 1 2 200.000 0.000 inf inf
1484787868302 1484 1 2 200.000 0.000 inf inf
1484787868302 1485 1 2 200.000 0.000 inf inf
1484787868303 1486 1 2 200.000 0.000 inf inf
1484787868303 1487 1 2 200.000 0.000 inf inf
1484787868304 1488 1 2 200.000 0.000 inf inf
1484787868306 1489 1 2 200.000 0.000 inf inf
1484787868308 1490 1 2 200.000 0.000 inf inf
1484787868309 1491 1 2 200.000 0.000 inf inf
1484787868309 1492 1 2 200.000 0.000 inf inf
1484787868309 1493 1 2 200.000 0.000 inf inf
1484787868310 1494 1 2 200.000 0.000 inf inf
1484787868312 1495 1 2 200.000 0.000 inf inf
1484787868314 1496 1 2 200.000 0.000 inf inf
1484787868314 1497 1 2 200.000 0.000 inf inf
1484787868315 1498 1 2 200.000 0.000 inf inf
1484787868315 1499 1 2 200.000 0.000 inf inf
1484787868316 1500 1 2 200.000 0.000 inf inf
1484787868318 1501 1 2 200.000 0.000 inf inf
1484787868319 1502 1 2 200.000 0.000 inf inf
1484787868320 1503 1 2 200.000 0.000 inf inf
1484787868322 1504 1 2 200.000 0.000 inf inf
1484787868322 1505 1 2 200.000 0.000 inf inf
1484787868324 1506 1 2 200.000 0.000 inf inf
1484787868324 1507 1 2 200.000 0.000 inf inf
1484787868324 1508 1 2 200.000 0.000 inf inf
1484787868325 1509 1 2 200.000 0.000 inf inf
1484787868328 1510 1 2 200.000 0.000 inf inf
1484787868330 1511 1 2 200.000 0.000 inf inf
1484787868330 1512 1 2 200.000 0.000 inf inf
1484787868330 1513 1 2 200.000 0.000 inf inf
1484787868330 1514 1 2 200.000 0.000 inf inf
1484787868331 1515 1 2 200.000 0.000 inf inf
1484787868332 1516 1 2 200.000 0.000 inf inf
1484787868334 1517 1 2 200.000 0.000 inf inf
1484787868335 1518 1 2 200.000 0.000 inf inf
1484787868336 1519 1 2 200.000 0.000 inf inf
1484787868337 1520 1 2 200.000 0.000 inf inf
1484787868339 1521 1 2 200.000 0.000 inf inf
1484787868339 1522 1 2 200.000 0.000 inf inf
1484787868342 1523 2 2 200.000 0.000 inf inf
