Serial_number: 0 
Time Data_Count Cycle State Desired_force_(psi) Measured_force_(psi) Toe_sensor Heel_Sensor
1475714704298 0 0 0 196.000 0.000 0.00 0.00
1475714704311 1 0 1 196.000 0.000 0.00 0.00
1475714704316 2 0 1 196.000 0.000 0.00 0.00
1475714704317 3 0 1 196.000 0.000 0.00 0.00
1475714704318 4 0 1 196.000 0.000 0.00 0.00
1475714704319 5 0 1 196.000 0.000 0.00 0.00
1475714704324 6 0 1 196.000 0.000 0.00 0.00
1475714704324 7 0 1 196.000 0.000 0.00 0.00
1475714704327 8 0 1 196.000 0.000 0.00 0.00
1475714704333 9 0 1 196.000 0.000 0.00 0.00
1475714704338 10 0 1 196.000 0.000 0.00 0.00
1475714704339 11 0 1 196.000 0.000 0.00 0.00
1475714704343 12 0 1 196.000 0.000 0.00 0.00
1475714704344 13 0 1 196.000 0.000 0.00 0.00
1475714704345 14 0 1 196.000 0.000 0.00 0.00
1475714704347 15 0 1 196.000 0.000 0.00 0.00
1475714704351 16 0 1 196.000 0.000 0.00 0.00
1475714704355 17 0 1 196.000 0.000 0.00 0.00
1475714704358 18 0 1 196.000 0.000 0.00 0.00
1475714704359 19 0 1 196.000 0.000 0.00 0.00
1475714704360 20 0 1 196.000 0.000 0.00 0.00
1475714704368 21 0 1 196.000 0.000 0.00 0.00
1475714704369 22 0 1 196.000 0.000 0.00 0.00
1475714704370 23 0 1 196.000 0.000 0.00 0.00
1475714704376 24 0 1 196.000 0.000 0.00 0.00
1475714704377 25 0 1 196.000 0.000 0.00 0.00
1475714704378 26 0 1 196.000 0.000 0.00 0.00
1475714704384 27 0 1 196.000 0.000 0.00 0.00
1475714704385 28 0 1 196.000 0.000 0.00 0.00
1475714704386 29 0 1 196.000 0.000 0.00 0.00
1475714704389 30 0 1 196.000 0.000 0.00 0.00
1475714704393 31 0 1 196.000 0.000 0.00 0.00
1475714704399 32 0 1 196.000 0.000 0.00 0.00
1475714704400 33 0 1 196.000 0.000 0.00 0.00
1475714704401 34 0 1 196.000 0.000 0.00 0.00
1475714704408 35 0 1 196.000 0.000 0.00 0.00
1475714704415 36 0 1 196.000 0.000 0.00 0.00
1475714704416 37 0 1 196.000 0.000 0.00 0.00
1475714704417 38 0 1 196.000 0.000 0.00 0.00
1475714704418 39 0 1 196.000 0.000 0.00 0.00
1475714704419 40 0 1 196.000 0.000 0.00 0.00
1475714704427 41 0 1 196.000 0.000 0.00 0.00
1475714704428 42 0 1 196.000 0.000 0.00 0.00
1475714704429 43 0 1 196.000 0.000 0.00 0.00
1475714704430 44 0 1 196.000 0.000 0.00 0.00
1475714704431 45 0 1 196.000 0.000 0.00 0.00
1475714704435 46 0 1 196.000 0.000 0.00 0.00
1475714704439 47 0 1 196.000 0.000 0.00 0.00
1475714704440 48 0 1 196.000 0.000 0.00 0.00
1475714704441 49 0 1 196.000 0.000 0.00 0.00
1475714704442 50 0 1 196.000 0.000 0.00 0.00
1475714704447 51 0 1 196.000 0.000 0.00 0.00
1475714704448 52 0 1 196.000 0.000 0.00 0.00
1475714704450 53 0 1 196.000 0.000 0.00 0.00
1475714704451 54 0 1 196.000 0.000 0.00 0.00
1475714704455 55 0 1 196.000 0.000 0.00 0.00
1475714704456 56 0 1 196.000 0.000 0.00 0.00
1475714704457 57 0 1 196.000 0.000 0.00 0.00
1475714704460 58 0 1 196.000 0.000 0.00 0.00
1475714704461 59 0 1 196.000 0.000 0.00 0.00
1475714704464 60 0 1 196.000 0.000 0.00 0.00
1475714704465 61 0 1 196.000 0.000 0.00 0.00
1475714704466 62 0 1 196.000 0.000 0.00 0.00
1475714704471 63 0 1 196.000 0.000 0.00 0.00
1475714704471 64 0 1 196.000 0.000 0.00 0.00
1475714704476 65 0 1 196.000 0.000 0.00 0.00
1475714704477 66 0 1 196.000 0.000 0.00 0.00
1475714704478 67 0 1 196.000 0.000 0.00 0.00
1475714704479 68 0 1 196.000 0.000 0.00 0.00
1475714704481 69 0 1 196.000 0.000 0.00 0.00
1475714704482 70 0 1 196.000 0.000 0.00 0.00
1475714704489 71 0 1 196.000 0.000 0.00 0.00
1475714704490 72 0 1 196.000 0.000 0.00 0.00
1475714704491 73 0 1 196.000 0.000 0.00 0.00
1475714704492 74 0 1 196.000 0.000 0.00 0.00
1475714704493 75 0 1 196.000 0.000 0.00 0.00
1475714704497 76 0 1 196.000 0.000 0.00 0.00
1475714704501 77 0 1 196.000 0.000 0.00 0.00
1475714704502 78 0 1 196.000 0.000 0.00 0.00
1475714704503 79 0 1 196.000 0.000 0.00 0.00
1475714704504 80 0 1 196.000 0.000 0.00 0.00
1475714704505 81 0 1 196.000 0.000 0.00 0.00
1475714704509 82 0 1 196.000 0.000 0.00 0.00
1475714704511 83 0 1 196.000 0.000 0.00 0.00
1475714704512 84 0 1 196.000 0.000 0.00 0.00
1475714704513 85 0 1 196.000 0.000 0.00 0.00
1475714704517 86 0 1 196.000 0.000 0.00 0.00
1475714704518 87 0 1 196.000 0.000 0.00 0.00
1475714704519 88 0 1 196.000 0.000 0.00 0.00
1475714704522 89 0 1 196.000 0.000 0.00 0.00
1475714704523 90 0 1 196.000 0.000 0.00 0.00
1475714704531 91 0 1 196.000 0.000 0.00 0.00
1475714704532 92 0 1 196.000 0.000 0.00 0.00
1475714704533 93 0 1 196.000 0.000 0.00 0.00
1475714704534 94 0 1 196.000 0.000 0.00 0.00
1475714704535 95 0 1 196.000 0.000 0.00 0.00
1475714704538 96 0 1 196.000 0.000 0.00 0.00
1475714704539 97 0 1 196.000 0.000 0.00 0.00
1475714704542 98 0 1 196.000 0.000 0.00 0.00
1475714704543 99 0 1 196.000 0.000 0.00 0.00
1475714704543 100 0 1 196.000 0.000 0.00 0.00
1475714704548 101 0 1 196.000 0.000 0.00 0.00
1475714704553 102 0 1 196.000 0.000 0.00 0.00
1475714704553 103 0 1 196.000 0.000 0.00 0.00
1475714704554 104 0 1 196.000 0.000 0.00 0.00
1475714704555 105 0 1 196.000 0.000 0.00 0.00
1475714704556 106 0 1 196.000 0.000 0.00 0.00
1475714704560 107 0 1 196.000 0.000 0.00 0.00
1475714704562 108 0 1 196.000 0.000 0.00 0.00
1475714704598 109 0 1 196.000 0.000 0.00 0.00
1475714704599 110 0 1 196.000 0.000 0.00 0.00
1475714704600 111 0 1 196.000 0.000 0.00 0.00
1475714704601 112 0 1 196.000 0.000 0.00 0.00
1475714704601 113 0 1 196.000 0.000 0.00 0.00
1475714704602 114 0 1 196.000 0.000 0.00 0.00
1475714704604 115 0 1 196.000 0.000 0.00 0.00
1475714704605 116 0 1 196.000 0.000 0.00 0.00
1475714704606 117 0 1 196.000 0.000 0.00 0.00
1475714704607 118 0 1 196.000 0.000 0.00 0.00
1475714704608 119 0 1 196.000 0.000 0.00 0.00
1475714704609 120 0 1 196.000 0.000 0.00 0.00
1475714704613 121 0 1 196.000 0.000 0.00 0.00
1475714704620 122 0 1 196.000 0.000 0.00 0.00
1475714704621 123 0 1 196.000 0.000 0.00 0.00
1475714704622 124 0 1 196.000 0.000 0.00 0.00
1475714704623 125 0 1 196.000 0.000 0.00 0.00
1475714704624 126 0 1 196.000 0.000 0.00 0.00
1475714704632 127 0 1 196.000 0.000 0.00 0.00
1475714704634 128 0 1 196.000 0.000 0.00 0.00
1475714704634 129 0 1 196.000 0.000 0.00 0.00
1475714704635 130 0 1 196.000 0.000 0.00 0.00
1475714704636 131 0 1 196.000 0.000 0.00 0.00
1475714704637 132 0 1 196.000 0.000 0.00 0.00
1475714704643 133 0 1 196.000 0.000 0.00 0.00
1475714704645 134 0 1 196.000 0.000 0.00 0.00
1475714704649 135 0 1 196.000 0.000 0.00 0.00
1475714704651 136 0 1 196.000 0.000 0.00 0.00
1475714704652 137 0 1 196.000 0.000 0.00 0.00
1475714704652 138 0 1 196.000 0.000 0.00 0.00
1475714704652 139 0 1 196.000 0.000 0.00 0.00
1475714704653 140 0 1 196.000 0.000 0.00 0.00
1475714704653 141 0 1 196.000 0.000 0.00 0.00
1475714704653 142 0 1 196.000 0.000 0.00 0.00
1475714704653 143 0 1 196.000 0.000 0.00 0.00
1475714704654 144 0 1 196.000 0.000 0.00 0.00
1475714704654 145 0 1 196.000 0.000 0.00 0.00
1475714704656 146 0 1 196.000 0.000 0.00 0.00
1475714704656 147 0 1 196.000 0.000 0.00 0.00
1475714704656 148 0 1 196.000 0.000 0.00 0.00
1475714704657 149 0 1 196.000 0.000 0.00 0.00
1475714704661 150 0 1 196.000 0.000 0.00 0.00
1475714704661 151 0 1 196.000 0.000 0.00 0.00
1475714704664 152 0 1 196.000 0.000 0.00 0.00
1475714704665 153 0 1 196.000 0.000 0.00 0.00
1475714704665 154 0 1 196.000 0.000 0.00 0.00
1475714704665 155 0 1 196.000 0.000 0.00 0.00
1475714704665 156 0 1 196.000 0.000 0.00 0.00
1475714704666 157 0 1 196.000 0.000 0.00 0.00
1475714704666 158 0 1 196.000 0.000 0.00 0.00
1475714704666 159 0 1 196.000 0.000 0.00 0.00
1475714704667 160 0 1 196.000 0.000 0.00 0.00
1475714704667 161 0 1 196.000 0.000 0.00 0.00
1475714704667 162 0 1 196.000 0.000 0.00 0.00
1475714704667 163 0 1 196.000 0.000 0.00 0.00
1475714704668 164 0 1 196.000 0.000 0.00 0.00
1475714704668 165 0 1 196.000 0.000 0.00 0.00
1475714704668 166 0 1 196.000 0.000 0.00 0.00
1475714704668 167 0 1 196.000 0.000 0.00 0.00
1475714704673 168 0 1 196.000 0.000 0.00 0.00
1475714704673 169 0 1 196.000 0.000 0.00 0.00
1475714704673 170 0 1 196.000 0.000 0.00 0.00
1475714704674 171 0 1 196.000 0.000 0.00 0.00
1475714704674 172 0 1 196.000 0.000 0.00 0.00
1475714704674 173 0 1 196.000 0.000 0.00 0.00
1475714704674 174 0 1 196.000 0.000 0.00 0.00
1475714704679 175 0 1 196.000 0.000 0.00 0.00
1475714704679 176 0 1 196.000 0.000 0.00 0.00
1475714704679 177 0 1 196.000 0.000 0.00 0.00
1475714704679 178 0 1 196.000 0.000 0.00 0.00
1475714704680 179 0 1 196.000 0.000 0.00 0.00
1475714704680 180 0 1 196.000 0.000 0.00 0.00
1475714704680 181 0 1 196.000 0.000 0.00 0.00
1475714704681 182 0 1 196.000 0.000 0.00 0.00
1475714704681 183 0 1 196.000 0.000 0.00 0.00
1475714704681 184 0 1 196.000 0.000 0.00 0.00
1475714704681 185 0 1 196.000 0.000 0.00 0.00
1475714704682 186 0 1 196.000 0.000 0.00 0.00
1475714704682 187 0 1 196.000 0.000 0.00 0.00
1475714704682 188 0 1 196.000 0.000 0.00 0.00
1475714704683 189 0 1 196.000 0.000 0.00 0.00
1475714704683 190 0 1 196.000 0.000 0.00 0.00
1475714704683 191 0 1 196.000 0.000 0.00 0.00
1475714704683 192 0 1 196.000 0.000 0.00 0.00
1475714704684 193 0 1 196.000 0.000 0.00 0.00
1475714704684 194 0 1 196.000 0.000 0.00 0.00
1475714704685 195 0 1 196.000 0.000 0.00 0.00
1475714704686 196 0 1 196.000 0.000 0.00 0.00
1475714704686 197 0 1 196.000 0.000 0.00 0.00
1475714704690 198 0 1 196.000 0.000 0.00 0.00
1475714704694 199 0 1 196.000 0.000 0.00 0.00
1475714704695 200 0 1 196.000 0.000 0.00 0.00
1475714704724 201 0 1 196.000 0.000 0.00 0.00
1475714704724 202 0 1 196.000 0.000 0.00 0.00
1475714704725 203 0 1 196.000 0.000 0.00 0.00
1475714704725 204 0 1 196.000 0.000 0.00 0.00
1475714704725 205 0 1 196.000 0.000 0.00 0.00
1475714704726 206 0 1 196.000 0.000 0.00 0.00
1475714704726 207 0 1 196.000 0.000 0.00 0.00
1475714704726 208 0 1 196.000 0.000 0.00 0.00
1475714704726 209 0 1 196.000 0.000 0.00 0.00
1475714704727 210 0 1 196.000 0.000 0.00 0.00
1475714704727 211 0 1 196.000 0.000 0.00 0.00
1475714704727 212 0 1 196.000 0.000 0.00 0.00
1475714704727 213 0 1 196.000 0.000 0.00 0.00
1475714704728 214 0 1 196.000 0.000 0.00 0.00
1475714704728 215 0 1 196.000 0.000 0.00 0.00
1475714704728 216 0 1 196.000 0.000 0.00 0.00
1475714704729 217 0 1 196.000 0.000 0.00 0.00
1475714704729 218 0 1 196.000 0.000 0.00 0.00
1475714704729 219 0 1 196.000 0.000 0.00 0.00
1475714704729 220 0 1 196.000 0.000 0.00 0.00
1475714704730 221 0 1 196.000 0.000 0.00 0.00
1475714704734 222 0 1 196.000 0.000 0.00 0.00
1475714704734 223 0 1 196.000 0.000 0.00 0.00
1475714704734 224 0 1 196.000 0.000 0.00 0.00
1475714704735 225 0 1 196.000 0.000 0.00 0.00
1475714704735 226 0 1 196.000 0.000 0.00 0.00
1475714704735 227 0 1 196.000 0.000 0.00 0.00
1475714704736 228 0 1 196.000 0.000 0.00 0.00
1475714704736 229 0 1 196.000 0.000 0.00 0.00
1475714704736 230 0 1 196.000 0.000 0.00 0.00
1475714704736 231 0 1 196.000 0.000 0.00 0.00
1475714704737 232 0 1 196.000 0.000 0.00 0.00
1475714704737 233 0 1 196.000 0.000 0.00 0.00
1475714704737 234 0 1 196.000 0.000 0.00 0.00
1475714704737 235 0 1 196.000 0.000 0.00 0.00
1475714704738 236 0 1 196.000 0.000 0.00 0.00
1475714704738 237 0 1 196.000 0.000 0.00 0.00
1475714704738 238 0 1 196.000 0.000 0.00 0.00
1475714704744 239 0 1 196.000 0.000 0.00 0.00
1475714704744 240 0 1 196.000 0.000 0.00 0.00
1475714704744 241 0 1 196.000 0.000 0.00 0.00
1475714704744 242 0 1 196.000 0.000 0.00 0.00
1475714704745 243 0 1 196.000 0.000 0.00 0.00
1475714704745 244 0 1 196.000 0.000 0.00 0.00
1475714704745 245 0 1 196.000 0.000 0.00 0.00
1475714704746 246 0 1 196.000 0.000 0.00 0.00
1475714704746 247 0 1 196.000 0.000 0.00 0.00
1475714704746 248 0 1 196.000 0.000 0.00 0.00
1475714704746 249 0 1 196.000 0.000 0.00 0.00
1475714704747 250 0 1 196.000 0.000 0.00 0.00
1475714704747 251 0 1 196.000 0.000 0.00 0.00
1475714704747 252 0 1 196.000 0.000 0.00 0.00
1475714704747 253 0 1 196.000 0.000 0.00 0.00
1475714704748 254 0 1 196.000 0.000 0.00 0.00
1475714704748 255 0 1 196.000 0.000 0.00 0.00
1475714704782 256 0 1 196.000 0.000 0.00 0.00
1475714704783 257 0 1 196.000 0.000 0.00 0.00
1475714704783 258 0 1 196.000 0.000 0.00 0.00
1475714704783 259 0 1 196.000 0.000 0.00 0.00
1475714704784 260 0 1 196.000 0.000 0.00 0.00
1475714704784 261 0 1 196.000 0.000 0.00 0.00
1475714704784 262 0 1 196.000 0.000 0.00 0.00
1475714704784 263 0 1 196.000 0.000 0.00 0.00
1475714704785 264 0 1 196.000 0.000 0.00 0.00
1475714704785 265 0 1 196.000 0.000 0.00 0.00
1475714704785 266 0 1 196.000 0.000 0.00 0.00
1475714704785 267 0 1 196.000 0.000 0.00 0.00
1475714704786 268 0 1 196.000 0.000 0.00 0.00
1475714704786 269 0 1 196.000 0.000 0.00 0.00
1475714704786 270 0 1 196.000 0.000 0.00 0.00
1475714704787 271 0 1 196.000 0.000 0.00 0.00
1475714704787 272 0 1 196.000 0.000 0.00 0.00
1475714704787 273 0 1 196.000 0.000 0.00 0.00
1475714704787 274 0 1 196.000 0.000 0.00 0.00
1475714704788 275 0 1 196.000 0.000 0.00 0.00
1475714704788 276 0 1 196.000 0.000 0.00 0.00
1475714704789 277 0 1 196.000 0.000 0.00 0.00
1475714704789 278 0 1 196.000 0.000 0.00 0.00
1475714704789 279 0 1 196.000 0.000 0.00 0.00
1475714704789 280 0 1 196.000 0.000 0.00 0.00
1475714704790 281 0 1 196.000 0.000 0.00 0.00
1475714704790 282 0 1 196.000 0.000 0.00 0.00
1475714704790 283 0 1 196.000 0.000 0.00 0.00
1475714704791 284 0 1 196.000 0.000 0.00 0.00
1475714704791 285 0 1 196.000 0.000 0.00 0.00
1475714704791 286 0 1 196.000 0.000 0.00 0.00
1475714704791 287 0 1 196.000 0.000 0.00 0.00
1475714704792 288 0 1 196.000 0.000 0.00 0.00
1475714704792 289 0 1 196.000 0.000 0.00 0.00
1475714704792 290 0 1 196.000 0.000 0.00 0.00
1475714704792 291 0 1 196.000 0.000 0.00 0.00
1475714704796 292 0 1 196.000 0.000 0.00 0.00
1475714704797 293 0 1 196.000 0.000 0.00 0.00
1475714704797 294 0 1 196.000 0.000 0.00 0.00
1475714704797 295 0 1 196.000 0.000 0.00 0.00
1475714704798 296 0 1 196.000 0.000 0.00 0.00
1475714704798 297 0 1 196.000 0.000 0.00 0.00
1475714704798 298 0 1 196.000 0.000 0.00 0.00
1475714704798 299 0 1 196.000 0.000 0.00 0.00
1475714704799 300 0 1 196.000 0.000 0.00 0.00
1475714704799 301 0 2 196.000 0.000 0.00 0.00
1475714704799 302 0 2 196.000 0.000 0.00 0.00
1475714704799 303 0 2 196.000 0.000 0.00 0.00
1475714704800 304 0 2 196.000 0.000 0.00 0.00
1475714704800 305 0 2 196.000 0.000 0.00 0.00
1475714704800 306 0 2 196.000 0.000 0.00 0.00
1475714704801 307 0 2 196.000 0.000 0.00 0.00
1475714704801 308 0 2 196.000 0.000 0.00 0.00
1475714704801 309 0 2 196.000 0.000 0.00 0.00
1475714704804 310 0 2 196.000 0.000 0.00 0.00
1475714704813 311 0 2 196.000 0.000 0.00 0.00
1475714704814 312 0 2 196.000 0.000 0.00 0.00
1475714704814 313 0 2 196.000 0.000 0.00 0.00
1475714704814 314 0 2 196.000 0.000 0.00 0.00
1475714704814 315 0 2 196.000 0.000 0.00 0.00
1475714704815 316 0 2 196.000 0.000 0.00 0.00
1475714704815 317 0 2 196.000 0.000 0.00 0.00
1475714704815 318 0 2 196.000 0.000 0.00 0.00
1475714704816 319 0 2 196.000 0.000 0.00 0.00
1475714704816 320 0 2 196.000 0.000 0.00 0.00
1475714704816 321 0 2 196.000 0.000 0.00 0.00
1475714704816 322 0 2 196.000 0.000 0.00 0.00
1475714704817 323 0 2 196.000 0.000 0.00 0.00
1475714704821 324 0 2 196.000 0.000 0.00 0.00
1475714704821 325 0 2 196.000 0.000 0.00 0.00
1475714704822 326 0 2 196.000 0.000 0.00 0.00
1475714704822 327 0 2 196.000 0.000 0.00 0.00
1475714704822 328 0 2 196.000 0.000 0.00 0.00
1475714704822 329 0 2 196.000 0.000 0.00 0.00
1475714704823 330 0 2 196.000 0.000 0.00 0.00
1475714704823 331 0 2 196.000 0.000 0.00 0.00
1475714704823 332 0 2 196.000 0.000 0.00 0.00
1475714704823 333 0 2 196.000 0.000 0.00 0.00
1475714704824 334 0 2 196.000 0.000 0.00 0.00
1475714704824 335 0 2 196.000 0.000 0.00 0.00
1475714704824 336 0 2 196.000 0.000 0.00 0.00
1475714704824 337 0 2 196.000 0.000 0.00 0.00
1475714704825 338 0 2 196.000 0.000 0.00 0.00
1475714704825 339 0 2 196.000 0.000 0.00 0.00
1475714704825 340 0 2 196.000 0.000 0.00 0.00
1475714704825 341 0 2 196.000 0.000 0.00 0.00
1475714704826 342 0 2 196.000 0.000 0.00 0.00
1475714704826 343 0 2 196.000 0.000 0.00 0.00
1475714704826 344 0 2 196.000 0.000 0.00 0.00
1475714704827 345 0 2 196.000 0.000 0.00 0.00
1475714704827 346 0 2 196.000 0.000 0.00 0.00
1475714704827 347 0 2 196.000 0.000 0.00 0.00
1475714704827 348 0 2 196.000 0.000 0.00 0.00
1475714704828 349 0 2 196.000 0.000 0.00 0.00
1475714704828 350 0 2 196.000 0.000 0.00 0.00
1475714704828 351 0 2 196.000 0.000 0.00 0.00
1475714704829 352 0 2 196.000 0.000 0.00 0.00
1475714704833 353 0 2 196.000 0.000 0.00 0.00
1475714704833 354 0 2 196.000 0.000 0.00 0.00
1475714704833 355 0 2 196.000 0.000 0.00 0.00
1475714704834 356 0 2 196.000 0.000 0.00 0.00
1475714704834 357 0 2 196.000 0.000 0.00 0.00
1475714704834 358 0 2 196.000 0.000 0.00 0.00
1475714704835 359 0 2 196.000 0.000 0.00 0.00
1475714704835 360 0 2 196.000 0.000 0.00 0.00
1475714704835 361 0 2 196.000 0.000 0.00 0.00
1475714704835 362 0 2 196.000 0.000 0.00 0.00
1475714704836 363 0 2 196.000 0.000 0.00 0.00
1475714704836 364 0 2 196.000 0.000 0.00 0.00
1475714704836 365 0 2 196.000 0.000 0.00 0.00
1475714704836 366 0 2 196.000 0.000 0.00 0.00
1475714704837 367 0 2 196.000 0.000 0.00 0.00
1475714704870 368 0 2 196.000 0.000 0.00 0.00
1475714704871 369 0 2 196.000 0.000 0.00 0.00
1475714704871 370 0 2 196.000 0.000 0.00 0.00
1475714704871 371 0 2 196.000 0.000 0.00 0.00
1475714704872 372 0 2 196.000 0.000 0.00 0.00
1475714704872 373 0 2 196.000 0.000 0.00 0.00
1475714704872 374 0 2 196.000 0.000 0.00 0.00
1475714704872 375 0 2 196.000 0.000 0.00 0.00
1475714704873 376 0 2 196.000 0.000 0.00 0.00
1475714704873 377 0 2 196.000 0.000 0.00 0.00
1475714704873 378 0 2 196.000 0.000 0.00 0.00
1475714704873 379 0 2 196.000 0.000 0.00 0.00
1475714704874 380 0 2 196.000 0.000 0.00 0.00
1475714704874 381 0 2 196.000 0.000 0.00 0.00
1475714704874 382 0 2 196.000 0.000 0.00 0.00
1475714704875 383 0 2 196.000 0.000 0.00 0.00
1475714704875 384 0 2 196.000 0.000 0.00 0.00
1475714704875 385 0 2 196.000 0.000 0.00 0.00
1475714704875 386 0 2 196.000 0.000 0.00 0.00
1475714704877 387 0 2 196.000 0.000 0.00 0.00
1475714704877 388 0 2 196.000 0.000 0.00 0.00
1475714704877 389 0 2 196.000 0.000 0.00 0.00
1475714704878 390 0 2 196.000 0.000 0.00 0.00
1475714704878 391 0 2 196.000 0.000 0.00 0.00
1475714704878 392 0 2 196.000 0.000 0.00 0.00
1475714704879 393 0 2 196.000 0.000 0.00 0.00
1475714704882 394 0 2 196.000 0.000 0.00 0.00
1475714704882 395 0 2 196.000 0.000 0.00 0.00
1475714704882 396 0 2 196.000 0.000 0.00 0.00
1475714704883 397 0 2 196.000 0.000 0.00 0.00
1475714704883 398 0 2 196.000 0.000 0.00 0.00
1475714704883 399 0 2 196.000 0.000 0.00 0.00
1475714704883 400 0 2 196.000 0.000 0.00 0.00
1475714704884 401 0 2 196.000 0.000 0.00 0.00
1475714704884 402 0 2 196.000 0.000 0.00 0.00
1475714704884 403 0 2 196.000 0.000 0.00 0.00
1475714704884 404 0 2 196.000 0.000 0.00 0.00
1475714704885 405 0 2 196.000 0.000 0.00 0.00
1475714704885 406 0 2 196.000 0.000 0.00 0.00
1475714704885 407 0 2 196.000 0.000 0.00 0.00
1475714704885 408 0 2 196.000 0.000 0.00 0.00
1475714704886 409 0 2 196.000 0.000 0.00 0.00
1475714704886 410 0 2 196.000 0.000 0.00 0.00
1475714704887 411 0 2 196.000 0.000 0.00 0.00
1475714704892 412 0 2 196.000 0.000 0.00 0.00
1475714704895 413 0 2 196.000 0.000 0.00 0.00
1475714704896 414 0 2 196.000 0.000 0.00 0.00
1475714704896 415 0 2 196.000 0.000 0.00 0.00
1475714704896 416 0 2 196.000 0.000 0.00 0.00
1475714704897 417 0 2 196.000 0.000 0.00 0.00
1475714704897 418 0 2 196.000 0.000 0.00 0.00
1475714704897 419 0 2 196.000 0.000 0.00 0.00
1475714704897 420 0 2 196.000 0.000 0.00 0.00
1475714704898 421 0 2 196.000 0.000 0.00 0.00
1475714704898 422 0 2 196.000 0.000 0.00 0.00
1475714704898 423 0 2 196.000 0.000 0.00 0.00
1475714704927 424 0 2 196.000 0.000 0.00 0.00
1475714704927 425 0 2 196.000 0.000 0.00 0.00
1475714704928 426 0 2 196.000 0.000 0.00 0.00
1475714704928 427 0 2 196.000 0.000 0.00 0.00
1475714704928 428 0 2 196.000 0.000 0.00 0.00
1475714704928 429 0 2 196.000 0.000 0.00 0.00
1475714704929 430 0 2 196.000 0.000 0.00 0.00
1475714704929 431 0 2 196.000 0.000 0.00 0.00
1475714704929 432 0 2 196.000 0.000 0.00 0.00
1475714704930 433 0 2 196.000 0.000 0.00 0.00
1475714704930 434 0 2 196.000 0.000 0.00 0.00
1475714704930 435 0 2 196.000 0.000 0.00 0.00
1475714704930 436 0 2 196.000 0.000 0.00 0.00
1475714704934 437 0 2 196.000 0.000 0.00 0.00
1475714704935 438 0 2 196.000 0.000 0.00 0.00
1475714704935 439 0 2 196.000 0.000 0.00 0.00
1475714704935 440 0 2 196.000 0.000 0.00 0.00
1475714704935 441 0 2 196.000 0.000 0.00 0.00
1475714704936 442 0 2 196.000 0.000 0.00 0.00
1475714704936 443 0 2 196.000 0.000 0.00 0.00
1475714704938 444 0 2 196.000 0.000 0.00 0.00
1475714704938 445 0 2 196.000 0.000 0.00 0.00
1475714704939 446 0 2 196.000 0.000 0.00 0.00
1475714704939 447 0 2 196.000 0.000 0.00 0.00
1475714704939 448 0 2 196.000 0.000 0.00 0.00
1475714704939 449 0 2 196.000 0.000 0.00 0.00
1475714704942 450 0 2 196.000 0.000 0.00 0.00
1475714704943 451 0 2 196.000 0.000 0.00 0.00
1475714704943 452 0 2 196.000 0.000 0.00 0.00
1475714704943 453 0 2 196.000 0.000 0.00 0.00
1475714704943 454 0 2 196.000 0.000 0.00 0.00
1475714704944 455 0 2 196.000 0.000 0.00 0.00
1475714704944 456 0 2 196.000 0.000 0.00 0.00
1475714704948 457 0 2 196.000 0.000 0.00 0.00
1475714704948 458 0 2 196.000 0.000 0.00 0.00
1475714704948 459 0 2 196.000 0.000 0.00 0.00
1475714704949 460 0 2 196.000 0.000 0.00 0.00
1475714704949 461 0 2 196.000 0.000 0.00 0.00
1475714704949 462 0 2 196.000 0.000 0.00 0.00
1475714704950 463 0 2 196.000 0.000 0.00 0.00
1475714704950 464 0 2 196.000 0.000 0.00 0.00
1475714704954 465 0 2 196.000 0.000 0.00 0.00
1475714704954 466 0 2 196.000 0.000 0.00 0.00
1475714704955 467 0 2 196.000 0.000 0.00 0.00
1475714704955 468 0 2 196.000 0.000 0.00 0.00
1475714704955 469 0 2 196.000 0.000 0.00 0.00
1475714704955 470 0 2 196.000 0.000 0.00 0.00
1475714704956 471 0 2 196.000 0.000 0.00 0.00
1475714704956 472 0 2 196.000 0.000 0.00 0.00
1475714704956 473 0 2 196.000 0.000 0.00 0.00
1475714704957 474 0 2 196.000 0.000 0.00 0.00
1475714704957 475 0 2 196.000 0.000 0.00 0.00
1475714704957 476 0 2 196.000 0.000 0.00 0.00
1475714704957 477 0 2 196.000 0.000 0.00 0.00
1475714704958 478 0 2 196.000 0.000 0.00 0.00
1475714704962 479 0 2 196.000 0.000 0.00 0.00
1475714704962 480 0 2 196.000 0.000 0.00 0.00
1475714704962 481 0 2 196.000 0.000 0.00 0.00
1475714704963 482 0 2 196.000 0.000 0.00 0.00
1475714704963 483 0 2 196.000 0.000 0.00 0.00
1475714704963 484 0 2 196.000 0.000 0.00 0.00
1475714704963 485 0 2 196.000 0.000 0.00 0.00
1475714704964 486 0 2 196.000 0.000 0.00 0.00
1475714704964 487 0 2 196.000 0.000 0.00 0.00
1475714704964 488 0 2 196.000 0.000 0.00 0.00
1475714704964 489 0 2 196.000 0.000 0.00 0.00
1475714704968 490 0 2 196.000 0.000 0.00 0.00
1475714704968 491 0 2 196.000 0.000 0.00 0.00
1475714704968 492 0 2 196.000 0.000 0.00 0.00
1475714704969 493 0 2 196.000 0.000 0.00 0.00
1475714704969 494 0 2 196.000 0.000 0.00 0.00
1475714704969 495 0 2 196.000 0.000 0.00 0.00
1475714704970 496 0 2 196.000 0.000 0.00 0.00
1475714704970 497 0 2 196.000 0.000 0.00 0.00
1475714704970 498 0 2 196.000 0.000 0.00 0.00
1475714704970 499 0 2 196.000 0.000 0.00 0.00
1475714704971 500 0 2 196.000 0.000 0.00 0.00
1475714704971 501 0 2 196.000 0.000 0.00 0.00
1475714704971 502 0 2 196.000 0.000 0.00 0.00
1475714704971 503 0 2 196.000 0.000 0.00 0.00
1475714704975 504 0 2 196.000 0.000 0.00 0.00
1475714704976 505 0 2 196.000 0.000 0.00 0.00
1475714704976 506 0 2 196.000 0.000 0.00 0.00
1475714704976 507 0 2 196.000 0.000 0.00 0.00
1475714704976 508 0 2 196.000 0.000 0.00 0.00
1475714704978 509 0 2 196.000 0.000 0.00 0.00
1475714704979 510 0 2 196.000 0.000 0.00 0.00
1475714704979 511 0 2 196.000 0.000 0.00 0.00
1475714704979 512 0 2 196.000 0.000 0.00 0.00
1475714704980 513 0 2 196.000 0.000 0.00 0.00
1475714704980 514 0 2 196.000 0.000 0.00 0.00
1475714704980 515 0 2 196.000 0.000 0.00 0.00
1475714704980 516 0 2 196.000 0.000 0.00 0.00
1475714704981 517 0 2 196.000 0.000 0.00 0.00
1475714705009 518 0 2 196.000 0.000 0.00 0.00
1475714705010 519 0 2 196.000 0.000 0.00 0.00
1475714705010 520 0 2 196.000 0.000 0.00 0.00
1475714705010 521 0 2 196.000 0.000 0.00 0.00
1475714705010 522 0 2 196.000 0.000 0.00 0.00
1475714705011 523 0 2 196.000 0.000 0.00 0.00
1475714705011 524 0 2 196.000 0.000 0.00 0.00
1475714705011 525 0 2 196.000 0.000 0.00 0.00
1475714705011 526 0 2 196.000 0.000 0.00 0.00
1475714705012 527 0 2 196.000 0.000 0.00 0.00
1475714705012 528 0 2 196.000 0.000 0.00 0.00
1475714705012 529 0 2 196.000 0.000 0.00 0.00
1475714705012 530 0 2 196.000 0.000 0.00 0.00
1475714705013 531 0 2 196.000 0.000 0.00 0.00
1475714705013 532 0 2 196.000 0.000 0.00 0.00
1475714705013 533 0 2 196.000 0.000 0.00 0.00
1475714705016 534 0 2 196.000 0.000 0.00 0.00
1475714705017 535 0 2 196.000 0.000 0.00 0.00
1475714705017 536 0 2 196.000 0.000 0.00 0.00
1475714705017 537 0 2 196.000 0.000 0.00 0.00
1475714705018 538 0 2 196.000 0.000 0.00 0.00
1475714705018 539 0 2 196.000 0.000 0.00 0.00
1475714705018 540 0 2 196.000 0.000 0.00 0.00
1475714705019 541 0 2 196.000 0.000 0.00 0.00
1475714705019 542 0 2 196.000 0.000 0.00 0.00
1475714705019 543 0 2 196.000 0.000 0.00 0.00
1475714705019 544 0 2 196.000 0.000 0.00 0.00
1475714705020 545 0 2 196.000 0.000 0.00 0.00
1475714705020 546 0 2 196.000 0.000 0.00 0.00
1475714705020 547 0 2 196.000 0.000 0.00 0.00
1475714705020 548 0 2 196.000 0.000 0.00 0.00
1475714705021 549 0 2 196.000 0.000 0.00 0.00
1475714705024 550 0 2 196.000 0.000 0.00 0.00
1475714705025 551 0 2 196.000 0.000 0.00 0.00
1475714705028 552 0 2 196.000 0.000 0.00 0.00
1475714705029 553 0 2 196.000 0.000 0.00 0.00
1475714705029 554 0 2 196.000 0.000 0.00 0.00
1475714705029 555 0 2 196.000 0.000 0.00 0.00
1475714705029 556 0 2 196.000 0.000 0.00 0.00
1475714705030 557 0 2 196.000 0.000 0.00 0.00
1475714705030 558 0 2 196.000 0.000 0.00 0.00
1475714705030 559 0 2 196.000 0.000 0.00 0.00
1475714705030 560 0 2 196.000 0.000 0.00 0.00
1475714705031 561 0 2 196.000 0.000 0.00 0.00
1475714705031 562 0 2 196.000 0.000 0.00 0.00
1475714705031 563 0 2 196.000 0.000 0.00 0.00
1475714705032 564 0 2 196.000 0.000 0.00 0.00
1475714705032 565 0 2 196.000 0.000 0.00 0.00
1475714705032 566 0 2 196.000 0.000 0.00 0.00
1475714705032 567 0 2 196.000 0.000 0.00 0.00
1475714705033 568 0 2 196.000 0.000 0.00 0.00
1475714705033 569 0 2 196.000 0.000 0.00 0.00
1475714705033 570 0 2 196.000 0.000 0.00 0.00
1475714705033 571 0 2 196.000 0.000 0.00 0.00
1475714705036 572 0 2 196.000 0.000 0.00 0.00
1475714705036 573 0 2 196.000 0.000 0.00 0.00
1475714705070 574 0 2 196.000 0.000 0.00 0.00
1475714705070 575 0 2 196.000 0.000 0.00 0.00
1475714705070 576 0 2 196.000 0.000 0.00 0.00
1475714705070 577 0 2 196.000 0.000 0.00 0.00
1475714705071 578 0 2 196.000 0.000 0.00 0.00
1475714705071 579 0 2 196.000 0.000 0.00 0.00
1475714705071 580 0 2 196.000 0.000 0.00 0.00
1475714705071 581 0 2 196.000 0.000 0.00 0.00
1475714705072 582 0 2 196.000 0.000 0.00 0.00
1475714705072 583 0 2 196.000 0.000 0.00 0.00
1475714705072 584 0 2 196.000 0.000 0.00 0.00
1475714705073 585 0 2 196.000 0.000 0.00 0.00
1475714705073 586 0 2 196.000 0.000 0.00 0.00
1475714705073 587 0 2 196.000 0.000 0.00 0.00
1475714705073 588 0 2 196.000 0.000 0.00 0.00
1475714705074 589 0 2 196.000 0.000 0.00 0.00
1475714705074 590 0 2 196.000 0.000 0.00 0.00
1475714705075 591 0 2 196.000 0.000 0.00 0.00
1475714705075 592 0 2 196.000 0.000 0.00 0.00
1475714705077 593 0 2 196.000 0.000 0.00 0.00
1475714705077 594 0 2 196.000 0.000 0.00 0.00
1475714705078 595 0 2 196.000 0.000 0.00 0.00
1475714705078 596 0 2 196.000 0.000 0.00 0.00
1475714705078 597 0 2 196.000 0.000 0.00 0.00
1475714705078 598 0 2 196.000 0.000 0.00 0.00
1475714705079 599 0 2 196.000 0.000 0.00 0.00
1475714705079 600 0 2 196.000 0.000 0.00 0.00
1475714705079 601 0 2 196.000 0.000 0.00 0.00
1475714705080 602 0 2 196.000 0.000 0.00 0.00
1475714705080 603 0 2 196.000 0.000 0.00 0.00
1475714705080 604 0 2 196.000 0.000 0.00 0.00
1475714705083 605 0 2 196.000 0.000 0.00 0.00
1475714705083 606 0 2 196.000 0.000 0.00 0.00
1475714705084 607 0 2 196.000 0.000 0.00 0.00
1475714705084 608 0 2 196.000 0.000 0.00 0.00
1475714705084 609 0 2 196.000 0.000 0.00 0.00
1475714705084 610 0 2 196.000 0.000 0.00 0.00
1475714705085 611 0 2 196.000 0.000 0.00 0.00
1475714705085 612 0 2 196.000 0.000 0.00 0.00
1475714705085 613 0 2 196.000 0.000 0.00 0.00
1475714705085 614 0 2 196.000 0.000 0.00 0.00
1475714705086 615 0 2 196.000 0.000 0.00 0.00
1475714705086 616 0 2 196.000 0.000 0.00 0.00
1475714705086 617 0 2 196.000 0.000 0.00 0.00
1475714705087 618 0 2 196.000 0.000 0.00 0.00
1475714705087 619 0 2 196.000 0.000 0.00 0.00
1475714705090 620 0 2 196.000 0.000 0.00 0.00
1475714705093 621 0 2 196.000 0.000 0.00 0.00
1475714705093 622 0 2 196.000 0.000 0.00 0.00
1475714705093 623 0 2 196.000 0.000 0.00 0.00
1475714705094 624 0 2 196.000 0.000 0.00 0.00
1475714705094 625 0 2 196.000 0.000 0.00 0.00
1475714705094 626 0 2 196.000 0.000 0.00 0.00
1475714705094 627 0 2 196.000 0.000 0.00 0.00
1475714705095 628 0 2 196.000 0.000 0.00 0.00
1475714705095 629 0 2 196.000 0.000 0.00 0.00
1475714705095 630 0 2 196.000 0.000 0.00 0.00
1475714705096 631 0 2 196.000 0.000 0.00 0.00
1475714705096 632 0 2 196.000 0.000 0.00 0.00
1475714705096 633 0 2 196.000 0.000 0.00 0.00
1475714705096 634 0 2 196.000 0.000 0.00 0.00
1475714705097 635 0 2 196.000 0.000 0.00 0.00
1475714705100 636 0 2 196.000 0.000 0.00 0.00
1475714705103 637 0 2 196.000 0.000 0.00 0.00
1475714705103 638 0 2 196.000 0.000 0.00 0.00
1475714705103 639 0 2 196.000 0.000 0.00 0.00
1475714705103 640 0 2 196.000 0.000 0.00 0.00
1475714705104 641 0 2 196.000 0.000 0.00 0.00
1475714705104 642 0 2 196.000 0.000 0.00 0.00
1475714705104 643 0 2 196.000 0.000 0.00 0.00
1475714705105 644 0 2 196.000 0.000 0.00 0.00
1475714705105 645 0 2 196.000 0.000 0.00 0.00
1475714705105 646 0 2 196.000 0.000 0.00 0.00
1475714705105 647 0 2 196.000 0.000 0.00 0.00
1475714705106 648 0 2 196.000 0.000 0.00 0.00
1475714705106 649 0 2 196.000 0.000 0.00 0.00
1475714705108 650 0 2 196.000 0.000 0.00 0.00
1475714705109 651 0 2 196.000 0.000 0.00 0.00
1475714705109 652 0 2 196.000 0.000 0.00 0.00
1475714705109 653 0 2 196.000 0.000 0.00 0.00
1475714705110 654 0 2 196.000 0.000 0.00 0.00
1475714705110 655 0 2 196.000 0.000 0.00 0.00
1475714705114 656 0 2 196.000 0.000 0.00 0.00
1475714705114 657 0 2 196.000 0.000 0.00 0.00
1475714705115 658 0 2 196.000 0.000 0.00 0.00
1475714705115 659 0 2 196.000 0.000 0.00 0.00
1475714705115 660 0 2 196.000 0.000 0.00 0.00
1475714705115 661 0 2 196.000 0.000 0.00 0.00
1475714705116 662 0 2 196.000 0.000 0.00 0.00
1475714705116 663 0 2 196.000 0.000 0.00 0.00
1475714705120 664 0 2 196.000 0.000 0.00 0.00
1475714705121 665 0 2 196.000 0.000 0.00 0.00
1475714705121 666 0 2 196.000 0.000 0.00 0.00
1475714705121 667 0 2 196.000 0.000 0.00 0.00
1475714705121 668 0 2 196.000 0.000 0.00 0.00
1475714705122 669 0 2 196.000 0.000 0.00 0.00
1475714705122 670 0 2 196.000 0.000 0.00 0.00
1475714705150 671 0 2 196.000 0.000 0.00 0.00
1475714705150 672 0 2 196.000 0.000 0.00 0.00
1475714705150 673 0 2 196.000 0.000 0.00 0.00
1475714705151 674 0 2 196.000 0.000 0.00 0.00
1475714705151 675 0 2 196.000 0.000 0.00 0.00
1475714705151 676 0 2 196.000 0.000 0.00 0.00
1475714705152 677 0 2 196.000 0.000 0.00 0.00
1475714705152 678 0 2 196.000 0.000 0.00 0.00
1475714705152 679 0 2 196.000 0.000 0.00 0.00
1475714705152 680 0 2 196.000 0.000 0.00 0.00
1475714705153 681 0 2 196.000 0.000 0.00 0.00
1475714705155 682 0 2 196.000 0.000 0.00 0.00
1475714705155 683 0 2 196.000 0.000 0.00 0.00
1475714705156 684 0 2 196.000 0.000 0.00 0.00
1475714705156 685 0 2 196.000 0.000 0.00 0.00
1475714705156 686 0 2 196.000 0.000 0.00 0.00
1475714705156 687 0 2 196.000 0.000 0.00 0.00
1475714705157 688 0 2 196.000 0.000 0.00 0.00
1475714705157 689 0 2 196.000 0.000 0.00 0.00
1475714705157 690 0 2 196.000 0.000 0.00 0.00
1475714705161 691 0 2 196.000 0.000 0.00 0.00
1475714705161 692 0 2 196.000 0.000 0.00 0.00
1475714705162 693 0 2 196.000 0.000 0.00 0.00
1475714705162 694 0 2 196.000 0.000 0.00 0.00
1475714705162 695 0 2 196.000 0.000 0.00 0.00
1475714705165 696 0 2 196.000 0.000 0.00 0.00
1475714705165 697 0 2 196.000 0.000 0.00 0.00
1475714705165 698 0 2 196.000 0.000 0.00 0.00
1475714705166 699 0 2 196.000 0.000 0.00 0.00
1475714705166 700 0 2 196.000 0.000 0.00 0.00
1475714705166 701 0 2 196.000 0.000 0.00 0.00
1475714705166 702 0 2 196.000 0.000 0.00 0.00
1475714705167 703 0 2 196.000 0.000 0.00 0.00
1475714705167 704 0 2 196.000 0.000 0.00 0.00
1475714705167 705 0 2 196.000 0.000 0.00 0.00
1475714705167 706 0 2 196.000 0.000 0.00 0.00
1475714705168 707 0 2 196.000 0.000 0.00 0.00
1475714705168 708 0 2 196.000 0.000 0.00 0.00
1475714705168 709 0 2 196.000 0.000 0.00 0.00
1475714705168 710 0 2 196.000 0.000 0.00 0.00
1475714705169 711 0 2 196.000 0.000 0.00 0.00
1475714705169 712 0 2 196.000 0.000 0.00 0.00
1475714705175 713 0 2 196.000 0.000 0.00 0.00
1475714705175 714 0 2 196.000 0.000 0.00 0.00
1475714705176 715 0 2 196.000 0.000 0.00 0.00
1475714705176 716 0 2 196.000 0.000 0.00 0.00
1475714705176 717 0 2 196.000 0.000 0.00 0.00
1475714705176 718 0 2 196.000 0.000 0.00 0.00
1475714705177 719 0 2 196.000 0.000 0.00 0.00
1475714705177 720 0 2 196.000 0.000 0.00 0.00
1475714705177 721 0 2 196.000 0.000 0.00 0.00
1475714705177 722 0 2 196.000 0.000 0.00 0.00
1475714705181 723 0 2 196.000 0.000 0.00 0.00
1475714705181 724 0 2 196.000 0.000 0.00 0.00
1475714705181 725 0 2 196.000 0.000 0.00 0.00
1475714705182 726 0 2 196.000 0.000 0.00 0.00
1475714705182 727 0 2 196.000 0.000 0.00 0.00
1475714705212 728 0 2 196.000 0.000 0.00 0.00
1475714705213 729 0 2 196.000 0.000 0.00 0.00
1475714705213 730 0 2 196.000 0.000 0.00 0.00
1475714705213 731 0 2 196.000 0.000 0.00 0.00
1475714705213 732 0 2 196.000 0.000 0.00 0.00
1475714705214 733 0 2 196.000 0.000 0.00 0.00
1475714705214 734 0 2 196.000 0.000 0.00 0.00
1475714705214 735 0 2 196.000 0.000 0.00 0.00
1475714705214 736 0 2 196.000 0.000 0.00 0.00
1475714705215 737 0 2 196.000 0.000 0.00 0.00
1475714705215 738 0 2 196.000 0.000 0.00 0.00
1475714705215 739 0 2 196.000 0.000 0.00 0.00
1475714705215 740 0 2 196.000 0.000 0.00 0.00
1475714705216 741 0 2 196.000 0.000 0.00 0.00
1475714705216 742 0 2 196.000 0.000 0.00 0.00
1475714705216 743 0 2 196.000 0.000 0.00 0.00
1475714705217 744 0 2 196.000 0.000 0.00 0.00
1475714705217 745 0 2 196.000 0.000 0.00 0.00
1475714705217 746 0 2 196.000 0.000 0.00 0.00
1475714705218 747 0 2 196.000 0.000 0.00 0.00
1475714705221 748 0 2 196.000 0.000 0.00 0.00
1475714705222 749 0 2 196.000 0.000 0.00 0.00
1475714705222 750 0 2 196.000 0.000 0.00 0.00
1475714705222 751 0 2 196.000 0.000 0.00 0.00
1475714705223 752 0 2 196.000 0.000 0.00 0.00
1475714705223 753 0 2 196.000 0.000 0.00 0.00
1475714705223 754 0 2 196.000 0.000 0.00 0.00
1475714705224 755 0 2 196.000 0.000 0.00 0.00
1475714705224 756 0 2 196.000 0.000 0.00 0.00
1475714705224 757 0 2 196.000 0.000 0.00 0.00
1475714705224 758 0 2 196.000 0.000 0.00 0.00
1475714705225 759 0 2 196.000 0.000 0.00 0.00
1475714705225 760 0 2 196.000 0.000 0.00 0.00
1475714705225 761 0 2 196.000 0.000 0.00 0.00
1475714705225 762 0 2 196.000 0.000 0.00 0.00
1475714705226 763 0 2 196.000 0.000 0.00 0.00
1475714705226 764 0 2 196.000 0.000 0.00 0.00
1475714705226 765 0 2 196.000 0.000 0.00 0.00
1475714705227 766 0 2 196.000 0.000 0.00 0.00
1475714705227 767 0 2 196.000 0.000 0.00 0.00
1475714705227 768 0 2 196.000 0.000 0.00 0.00
1475714705227 769 0 2 196.000 0.000 0.00 0.00
1475714705228 770 0 2 196.000 0.000 0.00 0.00
1475714705228 771 0 2 196.000 0.000 0.00 0.00
1475714705228 772 0 2 196.000 0.000 0.00 0.00
1475714705231 773 0 2 196.000 0.000 0.00 0.00
1475714705232 774 0 2 196.000 0.000 0.00 0.00
1475714705233 775 0 2 196.000 0.000 0.00 0.00
1475714705235 776 0 2 196.000 0.000 0.00 0.00
1475714705236 777 0 2 196.000 0.000 0.00 0.00
1475714705236 778 0 2 196.000 0.000 0.00 0.00
1475714705236 779 0 2 196.000 0.000 0.00 0.00
1475714705236 780 0 2 196.000 0.000 0.00 0.00
1475714705237 781 0 2 196.000 0.000 0.00 0.00
1475714705237 782 0 2 196.000 0.000 0.00 0.00
1475714705237 783 0 2 196.000 0.000 0.00 0.00
1475714705237 784 0 2 196.000 0.000 0.00 0.00
1475714705238 785 0 2 196.000 0.000 0.00 0.00
1475714705238 786 0 2 196.000 0.000 0.00 0.00
1475714705238 787 0 2 196.000 0.000 0.00 0.00
1475714705238 788 0 2 196.000 0.000 0.00 0.00
1475714705239 789 0 2 196.000 0.000 0.00 0.00
1475714705239 790 0 2 196.000 0.000 0.00 0.00
1475714705242 791 0 2 196.000 0.000 0.00 0.00
1475714705245 792 0 2 196.000 0.000 0.00 0.00
1475714705246 793 0 2 196.000 0.000 0.00 0.00
1475714705246 794 0 2 196.000 0.000 0.00 0.00
1475714705246 795 0 2 196.000 0.000 0.00 0.00
1475714705246 796 0 2 196.000 0.000 0.00 0.00
1475714705247 797 0 2 196.000 0.000 0.00 0.00
1475714705247 798 0 2 196.000 0.000 0.00 0.00
1475714705247 799 0 2 196.000 0.000 0.00 0.00
1475714705248 800 0 2 196.000 0.000 0.00 0.00
1475714705248 801 0 2 196.000 0.000 0.00 0.00
1475714705248 802 0 2 196.000 0.000 0.00 0.00
1475714705249 803 0 2 196.000 0.000 0.00 0.00
1475714705249 804 0 2 196.000 0.000 0.00 0.00
1475714705249 805 0 2 196.000 0.000 0.00 0.00
1475714705249 806 0 2 196.000 0.000 0.00 0.00
1475714705252 807 0 2 196.000 0.000 0.00 0.00
1475714705253 808 0 2 196.000 0.000 0.00 0.00
1475714705253 809 0 2 196.000 0.000 0.00 0.00
1475714705257 810 0 2 196.000 0.000 0.00 0.00
1475714705257 811 0 2 196.000 0.000 0.00 0.00
1475714705258 812 0 2 196.000 0.000 0.00 0.00
1475714705258 813 0 2 196.000 0.000 0.00 0.00
1475714705261 814 0 2 196.000 0.000 0.00 0.00
1475714705261 815 0 2 196.000 0.000 0.00 0.00
1475714705261 816 0 2 196.000 0.000 0.00 0.00
1475714705261 817 0 2 196.000 0.000 0.00 0.00
1475714705262 818 0 2 196.000 0.000 0.00 0.00
1475714705262 819 0 2 196.000 0.000 0.00 0.00
1475714705262 820 0 2 196.000 0.000 0.00 0.00
1475714705263 821 0 2 196.000 0.000 0.00 0.00
1475714705263 822 0 2 196.000 0.000 0.00 0.00
1475714705263 823 0 2 196.000 0.000 0.00 0.00
1475714705263 824 0 2 196.000 0.000 0.00 0.00
1475714705264 825 0 2 196.000 0.000 0.00 0.00
1475714705264 826 0 2 196.000 0.000 0.00 0.00
1475714705264 827 0 2 196.000 0.000 0.00 0.00
1475714705298 828 0 2 196.000 0.000 0.00 0.00
1475714705299 829 1 2 196.000 0.000 0.00 0.00
1475714705299 830 1 1 196.000 0.000 0.00 0.00
1475714705299 831 1 1 196.000 0.000 0.00 0.00
1475714705299 832 1 1 196.000 0.000 0.00 0.00
1475714705300 833 1 1 196.000 0.000 0.00 0.00
1475714705300 834 1 1 196.000 0.000 0.00 0.00
1475714705300 835 1 1 196.000 0.000 0.00 0.00
1475714705301 836 1 1 196.000 0.000 0.00 0.00
1475714705301 837 1 1 196.000 0.000 0.00 0.00
1475714705301 838 1 1 196.000 0.000 0.00 0.00
1475714705301 839 1 1 196.000 0.000 0.00 0.00
1475714705302 840 1 1 196.000 0.000 0.00 0.00
1475714705302 841 1 1 196.000 0.000 0.00 0.00
1475714705302 842 1 1 196.000 0.000 0.00 0.00
1475714705302 843 1 1 196.000 0.000 0.00 0.00
1475714705303 844 1 1 196.000 0.000 0.00 0.00
1475714705303 845 1 1 196.000 0.000 0.00 0.00
1475714705303 846 1 1 196.000 0.000 0.00 0.00
1475714705304 847 1 1 196.000 0.000 0.00 0.00
1475714705308 848 1 1 196.000 0.000 0.00 0.00
1475714705308 849 1 1 196.000 0.000 0.00 0.00
1475714705308 850 1 1 196.000 0.000 0.00 0.00
1475714705308 851 1 1 196.000 0.000 0.00 0.00
1475714705309 852 1 1 196.000 0.000 0.00 0.00
1475714705309 853 1 1 196.000 0.000 0.00 0.00
1475714705309 854 1 1 196.000 0.000 0.00 0.00
1475714705309 855 1 1 196.000 0.000 0.00 0.00
1475714705310 856 1 1 196.000 0.000 0.00 0.00
1475714705310 857 1 1 196.000 0.000 0.00 0.00
1475714705310 858 1 1 196.000 0.000 0.00 0.00
1475714705311 859 1 1 196.000 0.000 0.00 0.00
1475714705311 860 1 1 196.000 0.000 0.00 0.00
1475714705311 861 1 1 196.000 0.000 0.00 0.00
1475714705311 862 1 1 196.000 0.000 0.00 0.00
1475714705312 863 1 1 196.000 0.000 0.00 0.00
1475714705312 864 1 1 196.000 0.000 0.00 0.00
1475714705312 865 1 1 196.000 0.000 0.00 0.00
1475714705312 866 1 1 196.000 0.000 0.00 0.00
1475714705313 867 1 1 196.000 0.000 0.00 0.00
1475714705313 868 1 1 196.000 0.000 0.00 0.00
1475714705313 869 1 1 196.000 0.000 0.00 0.00
1475714705313 870 1 1 196.000 0.000 0.00 0.00
1475714705314 871 1 1 196.000 0.000 0.00 0.00
1475714705314 872 1 1 196.000 0.000 0.00 0.00
1475714705317 873 1 1 196.000 0.000 0.00 0.00
1475714705317 874 1 1 196.000 0.000 0.00 0.00
1475714705318 875 1 1 196.000 0.000 0.00 0.00
1475714705318 876 1 1 196.000 0.000 0.00 0.00
1475714705318 877 1 1 196.000 0.000 0.00 0.00
1475714705318 878 1 1 196.000 0.000 0.00 0.00
1475714705319 879 1 1 196.000 0.000 0.00 0.00
1475714705319 880 1 1 196.000 0.000 0.00 0.00
1475714705323 881 1 1 196.000 0.000 0.00 0.00
1475714705324 882 1 1 196.000 0.000 0.00 0.00
1475714705324 883 1 1 196.000 0.000 0.00 0.00
1475714705353 884 1 1 196.000 0.000 0.00 0.00
1475714705353 885 1 1 196.000 0.000 0.00 0.00
1475714705353 886 1 1 196.000 0.000 0.00 0.00
1475714705354 887 1 1 196.000 0.000 0.00 0.00
1475714705354 888 1 1 196.000 0.000 0.00 0.00
1475714705354 889 1 1 196.000 0.000 0.00 0.00
1475714705355 890 1 1 196.000 0.000 0.00 0.00
1475714705355 891 1 1 196.000 0.000 0.00 0.00
1475714705356 892 1 1 196.000 0.000 0.00 0.00
1475714705358 893 1 1 196.000 0.000 0.00 0.00
1475714705359 894 1 1 196.000 0.000 0.00 0.00
1475714705359 895 1 1 196.000 0.000 0.00 0.00
1475714705359 896 1 1 196.000 0.000 0.00 0.00
1475714705359 897 1 1 196.000 0.000 0.00 0.00
1475714705360 898 1 1 196.000 0.000 0.00 0.00
1475714705360 899 1 1 196.000 0.000 0.00 0.00
1475714705360 900 1 1 196.000 0.000 0.00 0.00
1475714705361 901 1 1 196.000 0.000 0.00 0.00
1475714705361 902 1 1 196.000 0.000 0.00 0.00
1475714705364 903 1 1 196.000 0.000 0.00 0.00
1475714705365 904 1 1 196.000 0.000 0.00 0.00
1475714705365 905 1 1 196.000 0.000 0.00 0.00
1475714705365 906 1 1 196.000 0.000 0.00 0.00
1475714705365 907 1 1 196.000 0.000 0.00 0.00
1475714705366 908 1 1 196.000 0.000 0.00 0.00
1475714705368 909 1 1 196.000 0.000 0.00 0.00
1475714705368 910 1 1 196.000 0.000 0.00 0.00
1475714705369 911 1 1 196.000 0.000 0.00 0.00
1475714705369 912 1 1 196.000 0.000 0.00 0.00
1475714705369 913 1 1 196.000 0.000 0.00 0.00
1475714705369 914 1 1 196.000 0.000 0.00 0.00
1475714705370 915 1 1 196.000 0.000 0.00 0.00
1475714705370 916 1 1 196.000 0.000 0.00 0.00
1475714705370 917 1 1 196.000 0.000 0.00 0.00
1475714705371 918 1 1 196.000 0.000 0.00 0.00
1475714705371 919 1 1 196.000 0.000 0.00 0.00
1475714705371 920 1 1 196.000 0.000 0.00 0.00
1475714705371 921 1 1 196.000 0.000 0.00 0.00
1475714705374 922 1 1 196.000 0.000 0.00 0.00
1475714705378 923 1 1 196.000 0.000 0.00 0.00
1475714705378 924 1 1 196.000 0.000 0.00 0.00
1475714705378 925 1 1 196.000 0.000 0.00 0.00
1475714705379 926 1 1 196.000 0.000 0.00 0.00
1475714705379 927 1 1 196.000 0.000 0.00 0.00
1475714705379 928 1 1 196.000 0.000 0.00 0.00
1475714705379 929 1 1 196.000 0.000 0.00 0.00
1475714705380 930 1 1 196.000 0.000 0.00 0.00
1475714705380 931 1 1 196.000 0.000 0.00 0.00
1475714705380 932 1 1 196.000 0.000 0.00 0.00
1475714705381 933 1 1 196.000 0.000 0.00 0.00
1475714705381 934 1 1 196.000 0.000 0.00 0.00
1475714705381 935 1 1 196.000 0.000 0.00 0.00
1475714705381 936 1 1 196.000 0.000 0.00 0.00
1475714705384 937 1 1 196.000 0.000 0.00 0.00
1475714705384 938 1 1 196.000 0.000 0.00 0.00
1475714705385 939 1 1 196.000 0.000 0.00 0.00
1475714705385 940 1 1 196.000 0.000 0.00 0.00
1475714705385 941 1 1 196.000 0.000 0.00 0.00
1475714705385 942 1 1 196.000 0.000 0.00 0.00
1475714705386 943 1 1 196.000 0.000 0.00 0.00
1475714705386 944 1 1 196.000 0.000 0.00 0.00
1475714705390 945 1 1 196.000 0.000 0.00 0.00
1475714705390 946 1 1 196.000 0.000 0.00 0.00
1475714705390 947 1 1 196.000 0.000 0.00 0.00
1475714705390 948 1 1 196.000 0.000 0.00 0.00
1475714705391 949 1 1 196.000 0.000 0.00 0.00
1475714705394 950 1 1 196.000 0.000 0.00 0.00
1475714705394 951 1 1 196.000 0.000 0.00 0.00
1475714705394 952 1 1 196.000 0.000 0.00 0.00
1475714705394 953 1 1 196.000 0.000 0.00 0.00
1475714705395 954 1 1 196.000 0.000 0.00 0.00
1475714705395 955 1 1 196.000 0.000 0.00 0.00
1475714705395 956 1 1 196.000 0.000 0.00 0.00
1475714705396 957 1 1 196.000 0.000 0.00 0.00
1475714705396 958 1 1 196.000 0.000 0.00 0.00
1475714705396 959 1 1 196.000 0.000 0.00 0.00
1475714705396 960 1 1 196.000 0.000 0.00 0.00
1475714705397 961 1 1 196.000 0.000 0.00 0.00
1475714705397 962 1 1 196.000 0.000 0.00 0.00
1475714705397 963 1 1 196.000 0.000 0.00 0.00
1475714705397 964 1 1 196.000 0.000 0.00 0.00
1475714705398 965 1 1 196.000 0.000 0.00 0.00
1475714705398 966 1 1 196.000 0.000 0.00 0.00
1475714705405 967 1 1 196.000 0.000 0.00 0.00
1475714705405 968 1 1 196.000 0.000 0.00 0.00
1475714705405 969 1 1 196.000 0.000 0.00 0.00
1475714705406 970 1 1 196.000 0.000 0.00 0.00
1475714705431 971 1 1 196.000 0.000 0.00 0.00
1475714705431 972 1 1 196.000 0.000 0.00 0.00
1475714705432 973 1 1 196.000 0.000 0.00 0.00
1475714705432 974 1 1 196.000 0.000 0.00 0.00
1475714705432 975 1 1 196.000 0.000 0.00 0.00
1475714705432 976 1 1 196.000 0.000 0.00 0.00
1475714705433 977 1 1 196.000 0.000 0.00 0.00
1475714705433 978 1 1 196.000 0.000 0.00 0.00
1475714705433 979 1 1 196.000 0.000 0.00 0.00
1475714705434 980 1 1 196.000 0.000 0.00 0.00
1475714705434 981 1 1 196.000 0.000 0.00 0.00
1475714705434 982 1 1 196.000 0.000 0.00 0.00
1475714705435 983 1 1 196.000 0.000 0.00 0.00
1475714705435 984 1 1 196.000 0.000 0.00 0.00
1475714705438 985 1 1 196.000 0.000 0.00 0.00
1475714705439 986 1 1 196.000 0.000 0.00 0.00
1475714705439 987 1 1 196.000 0.000 0.00 0.00
1475714705439 988 1 1 196.000 0.000 0.00 0.00
1475714705442 989 1 1 196.000 0.000 0.00 0.00
1475714705443 990 1 1 196.000 0.000 0.00 0.00
1475714705443 991 1 1 196.000 0.000 0.00 0.00
1475714705443 992 1 1 196.000 0.000 0.00 0.00
1475714705443 993 1 1 196.000 0.000 0.00 0.00
1475714705444 994 1 1 196.000 0.000 0.00 0.00
1475714705444 995 1 1 196.000 0.000 0.00 0.00
1475714705444 996 1 1 196.000 0.000 0.00 0.00
1475714705444 997 1 1 196.000 0.000 0.00 0.00
1475714705445 998 1 1 196.000 0.000 0.00 0.00
1475714705445 999 1 1 196.000 0.000 0.00 0.00
1475714705445 1000 1 1 196.000 0.000 0.00 0.00
1475714705446 1001 1 1 196.000 0.000 0.00 0.00
1475714705446 1002 1 1 196.000 0.000 0.00 0.00
1475714705450 1003 1 1 196.000 0.000 0.00 0.00
1475714705450 1004 1 1 196.000 0.000 0.00 0.00
1475714705451 1005 1 1 196.000 0.000 0.00 0.00
1475714705451 1006 1 1 196.000 0.000 0.00 0.00
1475714705451 1007 1 1 196.000 0.000 0.00 0.00
1475714705454 1008 1 1 196.000 0.000 0.00 0.00
1475714705454 1009 1 1 196.000 0.000 0.00 0.00
1475714705455 1010 1 1 196.000 0.000 0.00 0.00
1475714705455 1011 1 1 196.000 0.000 0.00 0.00
1475714705455 1012 1 1 196.000 0.000 0.00 0.00
1475714705456 1013 1 1 196.000 0.000 0.00 0.00
1475714705456 1014 1 1 196.000 0.000 0.00 0.00
1475714705456 1015 1 1 196.000 0.000 0.00 0.00
1475714705456 1016 1 1 196.000 0.000 0.00 0.00
1475714705457 1017 1 1 196.000 0.000 0.00 0.00
1475714705457 1018 1 1 196.000 0.000 0.00 0.00
1475714705457 1019 1 1 196.000 0.000 0.00 0.00
1475714705457 1020 1 1 196.000 0.000 0.00 0.00
1475714705458 1021 1 1 196.000 0.000 0.00 0.00
1475714705458 1022 1 1 196.000 0.000 0.00 0.00
1475714705458 1023 1 1 196.000 0.000 0.00 0.00
1475714705458 1024 1 1 196.000 0.000 0.00 0.00
1475714705462 1025 1 1 196.000 0.000 0.00 0.00
1475714705462 1026 1 1 196.000 0.000 0.00 0.00
1475714705463 1027 1 1 196.000 0.000 0.00 0.00
1475714705490 1028 1 1 196.000 0.000 0.00 0.00
1475714705490 1029 1 1 196.000 0.000 0.00 0.00
1475714705490 1030 1 1 196.000 0.000 0.00 0.00
1475714705490 1031 1 1 196.000 0.000 0.00 0.00
1475714705491 1032 1 1 196.000 0.000 0.00 0.00
1475714705491 1033 1 1 196.000 0.000 0.00 0.00
1475714705491 1034 1 1 196.000 0.000 0.00 0.00
1475714705492 1035 1 1 196.000 0.000 0.00 0.00
1475714705492 1036 1 1 196.000 0.000 0.00 0.00
1475714705492 1037 1 1 196.000 0.000 0.00 0.00
1475714705492 1038 1 1 196.000 0.000 0.00 0.00
1475714705493 1039 1 1 196.000 0.000 0.00 0.00
1475714705496 1040 1 1 196.000 0.000 0.00 0.00
1475714705496 1041 1 1 196.000 0.000 0.00 0.00
1475714705496 1042 1 1 196.000 0.000 0.00 0.00
1475714705497 1043 1 1 196.000 0.000 0.00 0.00
1475714705497 1044 1 1 196.000 0.000 0.00 0.00
1475714705497 1045 1 1 196.000 0.000 0.00 0.00
1475714705498 1046 1 1 196.000 0.000 0.00 0.00
1475714705498 1047 1 1 196.000 0.000 0.00 0.00
1475714705501 1048 1 1 196.000 0.000 0.00 0.00
1475714705501 1049 1 1 196.000 0.000 0.00 0.00
1475714705502 1050 1 1 196.000 0.000 0.00 0.00
1475714705502 1051 1 1 196.000 0.000 0.00 0.00
1475714705502 1052 1 1 196.000 0.000 0.00 0.00
1475714705502 1053 1 1 196.000 0.000 0.00 0.00
1475714705503 1054 1 1 196.000 0.000 0.00 0.00
1475714705503 1055 1 1 196.000 0.000 0.00 0.00
1475714705506 1056 1 1 196.000 0.000 0.00 0.00
1475714705506 1057 1 1 196.000 0.000 0.00 0.00
1475714705507 1058 1 1 196.000 0.000 0.00 0.00
1475714705507 1059 1 1 196.000 0.000 0.00 0.00
1475714705507 1060 1 1 196.000 0.000 0.00 0.00
1475714705507 1061 1 1 196.000 0.000 0.00 0.00
1475714705508 1062 1 1 196.000 0.000 0.00 0.00
1475714705508 1063 1 1 196.000 0.000 0.00 0.00
1475714705508 1064 1 1 196.000 0.000 0.00 0.00
1475714705509 1065 1 1 196.000 0.000 0.00 0.00
1475714705513 1066 1 1 196.000 0.000 0.00 0.00
1475714705513 1067 1 1 196.000 0.000 0.00 0.00
1475714705513 1068 1 1 196.000 0.000 0.00 0.00
1475714705514 1069 1 1 196.000 0.000 0.00 0.00
1475714705514 1070 1 1 196.000 0.000 0.00 0.00
1475714705516 1071 1 1 196.000 0.000 0.00 0.00
1475714705516 1072 1 1 196.000 0.000 0.00 0.00
1475714705517 1073 1 1 196.000 0.000 0.00 0.00
1475714705517 1074 1 1 196.000 0.000 0.00 0.00
1475714705517 1075 1 1 196.000 0.000 0.00 0.00
1475714705518 1076 1 1 196.000 0.000 0.00 0.00
1475714705518 1077 1 1 196.000 0.000 0.00 0.00
1475714705518 1078 1 1 196.000 0.000 0.00 0.00
1475714705518 1079 1 1 196.000 0.000 0.00 0.00
1475714705519 1080 1 1 196.000 0.000 0.00 0.00
1475714705519 1081 1 1 196.000 0.000 0.00 0.00
1475714705519 1082 1 1 196.000 0.000 0.00 0.00
1475714705522 1083 1 1 196.000 0.000 0.00 0.00
1475714705523 1084 1 1 196.000 0.000 0.00 0.00
1475714705523 1085 1 1 196.000 0.000 0.00 0.00
1475714705523 1086 1 1 196.000 0.000 0.00 0.00
1475714705523 1087 1 1 196.000 0.000 0.00 0.00
1475714705524 1088 1 1 196.000 0.000 0.00 0.00
1475714705524 1089 1 1 196.000 0.000 0.00 0.00
1475714705527 1090 1 1 196.000 0.000 0.00 0.00
1475714705527 1091 1 1 196.000 0.000 0.00 0.00
1475714705527 1092 1 1 196.000 0.000 0.00 0.00
1475714705527 1093 1 1 196.000 0.000 0.00 0.00
1475714705528 1094 1 1 196.000 0.000 0.00 0.00
1475714705528 1095 1 1 196.000 0.000 0.00 0.00
1475714705528 1096 1 1 196.000 0.000 0.00 0.00
1475714705528 1097 1 1 196.000 0.000 0.00 0.00
1475714705529 1098 1 1 196.000 0.000 0.00 0.00
1475714705529 1099 1 1 196.000 0.000 0.00 0.00
1475714705529 1100 1 1 196.000 0.000 0.00 0.00
1475714705530 1101 1 1 196.000 0.000 0.00 0.00
1475714705532 1102 1 1 196.000 0.000 0.00 0.00
1475714705536 1103 1 1 196.000 0.000 0.00 0.00
1475714705537 1104 1 1 196.000 0.000 0.00 0.00
1475714705537 1105 1 1 196.000 0.000 0.00 0.00
1475714705537 1106 1 1 196.000 0.000 0.00 0.00
1475714705537 1107 1 1 196.000 0.000 0.00 0.00
1475714705538 1108 1 1 196.000 0.000 0.00 0.00
1475714705538 1109 1 1 196.000 0.000 0.00 0.00
1475714705538 1110 1 1 196.000 0.000 0.00 0.00
1475714705538 1111 1 1 196.000 0.000 0.00 0.00
1475714705539 1112 1 1 196.000 0.000 0.00 0.00
1475714705539 1113 1 1 196.000 0.000 0.00 0.00
1475714705539 1114 1 1 196.000 0.000 0.00 0.00
1475714705540 1115 1 1 196.000 0.000 0.00 0.00
1475714705544 1116 1 1 196.000 0.000 0.00 0.00
1475714705544 1117 1 1 196.000 0.000 0.00 0.00
1475714705544 1118 1 1 196.000 0.000 0.00 0.00
1475714705572 1119 1 1 196.000 0.000 0.00 0.00
1475714705572 1120 1 1 196.000 0.000 0.00 0.00
1475714705572 1121 1 1 196.000 0.000 0.00 0.00
1475714705573 1122 1 1 196.000 0.000 0.00 0.00
1475714705573 1123 1 1 196.000 0.000 0.00 0.00
1475714705577 1124 1 1 196.000 0.000 0.00 0.00
1475714705577 1125 1 1 196.000 0.000 0.00 0.00
1475714705578 1126 1 1 196.000 0.000 0.00 0.00
1475714705578 1127 1 1 196.000 0.000 0.00 0.00
1475714705578 1128 1 1 196.000 0.000 0.00 0.00
1475714705578 1129 1 1 196.000 0.000 0.00 0.00
1475714705579 1130 1 1 196.000 0.000 0.00 0.00
1475714705579 1131 1 1 196.000 0.000 0.00 0.00
1475714705579 1132 1 1 196.000 0.000 0.00 0.00
1475714705580 1133 1 1 196.000 0.000 0.00 0.00
1475714705580 1134 1 1 196.000 0.000 0.00 0.00
1475714705580 1135 1 1 196.000 0.000 0.00 0.00
1475714705580 1136 1 1 196.000 0.000 0.00 0.00
1475714705581 1137 1 1 196.000 0.000 0.00 0.00
1475714705581 1138 1 1 196.000 0.000 0.00 0.00
1475714705585 1139 1 1 196.000 0.000 0.00 0.00
1475714705585 1140 1 1 196.000 0.000 0.00 0.00
1475714705586 1141 1 1 196.000 0.000 0.00 0.00
1475714705586 1142 1 1 196.000 0.000 0.00 0.00
1475714705586 1143 1 1 196.000 0.000 0.00 0.00
1475714705586 1144 1 1 196.000 0.000 0.00 0.00
1475714705587 1145 1 1 196.000 0.000 0.00 0.00
1475714705587 1146 1 1 196.000 0.000 0.00 0.00
1475714705587 1147 1 1 196.000 0.000 0.00 0.00
1475714705588 1148 1 1 196.000 0.000 0.00 0.00
1475714705591 1149 1 1 196.000 0.000 0.00 0.00
1475714705591 1150 1 1 196.000 0.000 0.00 0.00
1475714705591 1151 1 1 196.000 0.000 0.00 0.00
1475714705591 1152 1 1 196.000 0.000 0.00 0.00
1475714705592 1153 1 1 196.000 0.000 0.00 0.00
1475714705592 1154 1 1 196.000 0.000 0.00 0.00
1475714705592 1155 1 1 196.000 0.000 0.00 0.00
1475714705593 1156 1 1 196.000 0.000 0.00 0.00
1475714705593 1157 1 1 196.000 0.000 0.00 0.00
1475714705593 1158 1 1 196.000 0.000 0.00 0.00
1475714705593 1159 1 1 196.000 0.000 0.00 0.00
1475714705594 1160 1 1 196.000 0.000 0.00 0.00
1475714705594 1161 1 1 196.000 0.000 0.00 0.00
1475714705594 1162 1 1 196.000 0.000 0.00 0.00
1475714705597 1163 1 1 196.000 0.000 0.00 0.00
1475714705597 1164 1 1 196.000 0.000 0.00 0.00
1475714705597 1165 1 1 196.000 0.000 0.00 0.00
1475714705598 1166 1 1 196.000 0.000 0.00 0.00
1475714705600 1167 1 1 196.000 0.000 0.00 0.00
1475714705601 1168 1 1 196.000 0.000 0.00 0.00
1475714705601 1169 1 1 196.000 0.000 0.00 0.00
1475714705601 1170 1 1 196.000 0.000 0.00 0.00
1475714705602 1171 1 1 196.000 0.000 0.00 0.00
1475714705602 1172 1 1 196.000 0.000 0.00 0.00
1475714705602 1173 1 1 196.000 0.000 0.00 0.00
1475714705632 1174 1 1 196.000 0.000 0.00 0.00
1475714705632 1175 1 1 196.000 0.000 0.00 0.00
1475714705633 1176 1 1 196.000 0.000 0.00 0.00
1475714705633 1177 1 1 196.000 0.000 0.00 0.00
1475714705633 1178 1 1 196.000 0.000 0.00 0.00
1475714705633 1179 1 1 196.000 0.000 0.00 0.00
1475714705634 1180 1 1 196.000 0.000 0.00 0.00
1475714705634 1181 1 1 196.000 0.000 0.00 0.00
1475714705634 1182 1 1 196.000 0.000 0.00 0.00
1475714705634 1183 1 1 196.000 0.000 0.00 0.00
1475714705635 1184 1 1 196.000 0.000 0.00 0.00
1475714705635 1185 1 1 196.000 0.000 0.00 0.00
1475714705635 1186 1 1 196.000 0.000 0.00 0.00
1475714705635 1187 1 1 196.000 0.000 0.00 0.00
1475714705636 1188 1 1 196.000 0.000 0.00 0.00
1475714705636 1189 1 1 196.000 0.000 0.00 0.00
1475714705636 1190 1 1 196.000 0.000 0.00 0.00
1475714705637 1191 1 1 196.000 0.000 0.00 0.00
1475714705638 1192 1 1 196.000 0.000 0.00 0.00
1475714705638 1193 1 1 196.000 0.000 0.00 0.00
1475714705638 1194 1 1 196.000 0.000 0.00 0.00
1475714705639 1195 1 1 196.000 0.000 0.00 0.00
1475714705639 1196 1 1 196.000 0.000 0.00 0.00
1475714705642 1197 1 1 196.000 0.000 0.00 0.00
1475714705642 1198 1 1 196.000 0.000 0.00 0.00
1475714705642 1199 1 1 196.000 0.000 0.00 0.00
1475714705642 1200 1 1 196.000 0.000 0.00 0.00
1475714705643 1201 1 1 196.000 0.000 0.00 0.00
1475714705643 1202 1 1 196.000 0.000 0.00 0.00
1475714705643 1203 1 1 196.000 0.000 0.00 0.00
1475714705643 1204 1 1 196.000 0.000 0.00 0.00
1475714705644 1205 1 1 196.000 0.000 0.00 0.00
1475714705644 1206 1 1 196.000 0.000 0.00 0.00
1475714705644 1207 1 1 196.000 0.000 0.00 0.00
1475714705645 1208 1 1 196.000 0.000 0.00 0.00
1475714705645 1209 1 1 196.000 0.000 0.00 0.00
1475714705645 1210 1 1 196.000 0.000 0.00 0.00
1475714705645 1211 1 1 196.000 0.000 0.00 0.00
1475714705648 1212 1 1 196.000 0.000 0.00 0.00
1475714705648 1213 1 1 196.000 0.000 0.00 0.00
1475714705649 1214 1 1 196.000 0.000 0.00 0.00
1475714705649 1215 1 1 196.000 0.000 0.00 0.00
1475714705649 1216 1 1 196.000 0.000 0.00 0.00
1475714705650 1217 1 1 196.000 0.000 0.00 0.00
1475714705650 1218 1 1 196.000 0.000 0.00 0.00
1475714705650 1219 1 1 196.000 0.000 0.00 0.00
1475714705653 1220 1 1 196.000 0.000 0.00 0.00
1475714705654 1221 1 1 196.000 0.000 0.00 0.00
1475714705654 1222 1 1 196.000 0.000 0.00 0.00
1475714705654 1223 1 1 196.000 0.000 0.00 0.00
1475714705654 1224 1 1 196.000 0.000 0.00 0.00
1475714705655 1225 1 1 196.000 0.000 0.00 0.00
1475714705655 1226 1 1 196.000 0.000 0.00 0.00
1475714705658 1227 1 1 196.000 0.000 0.00 0.00
1475714705658 1228 1 1 196.000 0.000 0.00 0.00
1475714705659 1229 1 1 196.000 0.000 0.00 0.00
1475714705659 1230 1 1 196.000 0.000 0.00 0.00
1475714705659 1231 1 1 196.000 0.000 0.00 0.00
1475714705659 1232 1 1 196.000 0.000 0.00 0.00
1475714705660 1233 1 1 196.000 0.000 0.00 0.00
1475714705660 1234 1 1 196.000 0.000 0.00 0.00
1475714705660 1235 1 1 196.000 0.000 0.00 0.00
1475714705660 1236 1 1 196.000 0.000 0.00 0.00
1475714705661 1237 1 1 196.000 0.000 0.00 0.00
1475714705661 1238 1 1 196.000 0.000 0.00 0.00
1475714705665 1239 1 1 196.000 0.000 0.00 0.00
1475714705665 1240 1 1 196.000 0.000 0.00 0.00
1475714705666 1241 1 1 196.000 0.000 0.00 0.00
1475714705666 1242 1 1 196.000 0.000 0.00 0.00
1475714705666 1243 1 1 196.000 0.000 0.00 0.00
1475714705668 1244 1 1 196.000 0.000 0.00 0.00
1475714705669 1245 1 1 196.000 0.000 0.00 0.00
1475714705669 1246 1 1 196.000 0.000 0.00 0.00
1475714705669 1247 1 1 196.000 0.000 0.00 0.00
1475714705669 1248 1 1 196.000 0.000 0.00 0.00
1475714705670 1249 1 1 196.000 0.000 0.00 0.00
1475714705670 1250 1 1 196.000 0.000 0.00 0.00
1475714705670 1251 1 1 196.000 0.000 0.00 0.00
1475714705671 1252 1 1 196.000 0.000 0.00 0.00
1475714705671 1253 1 1 196.000 0.000 0.00 0.00
1475714705671 1254 1 1 196.000 0.000 0.00 0.00
1475714705673 1255 1 1 196.000 0.000 0.00 0.00
1475714705673 1256 1 1 196.000 0.000 0.00 0.00
1475714705673 1257 1 1 196.000 0.000 0.00 0.00
1475714705674 1258 1 1 196.000 0.000 0.00 0.00
1475714705674 1259 1 1 196.000 0.000 0.00 0.00
1475714705674 1260 1 1 196.000 0.000 0.00 0.00
1475714705677 1261 1 1 196.000 0.000 0.00 0.00
1475714705678 1262 1 1 196.000 0.000 0.00 0.00
1475714705679 1263 1 1 196.000 0.000 0.00 0.00
1475714705682 1264 1 1 196.000 0.000 0.00 0.00
1475714705683 1265 1 1 196.000 0.000 0.00 0.00
1475714705683 1266 1 1 196.000 0.000 0.00 0.00
1475714705683 1267 1 1 196.000 0.000 0.00 0.00
1475714705683 1268 1 1 196.000 0.000 0.00 0.00
1475714705684 1269 1 1 196.000 0.000 0.00 0.00
1475714705684 1270 1 1 196.000 0.000 0.00 0.00
1475714705714 1271 1 1 196.000 0.000 0.00 0.00
1475714705715 1272 1 1 196.000 0.000 0.00 0.00
1475714705715 1273 1 1 196.000 0.000 0.00 0.00
1475714705715 1274 1 1 196.000 0.000 0.00 0.00
1475714705715 1275 1 1 196.000 0.000 0.00 0.00
1475714705716 1276 1 1 196.000 0.000 0.00 0.00
1475714705716 1277 1 1 196.000 0.000 0.00 0.00
1475714705716 1278 1 1 196.000 0.000 0.00 0.00
1475714705716 1279 1 1 196.000 0.000 0.00 0.00
1475714705717 1280 1 1 196.000 0.000 0.00 0.00
1475714705717 1281 1 1 196.000 0.000 0.00 0.00
1475714705717 1282 1 1 196.000 0.000 0.00 0.00
1475714705719 1283 1 1 196.000 0.000 0.00 0.00
1475714705719 1284 1 1 196.000 0.000 0.00 0.00
1475714705720 1285 1 1 196.000 0.000 0.00 0.00
1475714705720 1286 1 1 196.000 0.000 0.00 0.00
1475714705720 1287 1 1 196.000 0.000 0.00 0.00
1475714705721 1288 1 1 196.000 0.000 0.00 0.00
1475714705721 1289 1 1 196.000 0.000 0.00 0.00
1475714705721 1290 1 1 196.000 0.000 0.00 0.00
1475714705724 1291 1 1 196.000 0.000 0.00 0.00
1475714705727 1292 1 1 196.000 0.000 0.00 0.00
1475714705728 1293 1 1 196.000 0.000 0.00 0.00
1475714705728 1294 1 1 196.000 0.000 0.00 0.00
1475714705728 1295 1 1 196.000 0.000 0.00 0.00
1475714705728 1296 1 1 196.000 0.000 0.00 0.00
1475714705729 1297 1 1 196.000 0.000 0.00 0.00
1475714705729 1298 1 1 196.000 0.000 0.00 0.00
1475714705729 1299 1 1 196.000 0.000 0.00 0.00
1475714705730 1300 1 1 196.000 0.000 0.00 0.00
1475714705730 1301 1 1 196.000 0.000 0.00 0.00
1475714705730 1302 1 1 196.000 0.000 0.00 0.00
1475714705730 1303 1 1 196.000 0.000 0.00 0.00
1475714705731 1304 1 1 196.000 0.000 0.00 0.00
1475714705733 1305 1 1 196.000 0.000 0.00 0.00
1475714705734 1306 1 1 196.000 0.000 0.00 0.00
1475714705734 1307 1 1 196.000 0.000 0.00 0.00
1475714705734 1308 1 1 196.000 0.000 0.00 0.00
1475714705734 1309 1 1 196.000 0.000 0.00 0.00
1475714705735 1310 1 1 196.000 0.000 0.00 0.00
1475714705735 1311 1 1 196.000 0.000 0.00 0.00
1475714705735 1312 1 1 196.000 0.000 0.00 0.00
1475714705735 1313 1 1 196.000 0.000 0.00 0.00
1475714705736 1314 1 1 196.000 0.000 0.00 0.00
1475714705739 1315 1 1 196.000 0.000 0.00 0.00
1475714705740 1316 1 1 196.000 0.000 0.00 0.00
1475714705740 1317 1 1 196.000 0.000 0.00 0.00
1475714705740 1318 1 1 196.000 0.000 0.00 0.00
1475714705740 1319 1 1 196.000 0.000 0.00 0.00
1475714705743 1320 1 1 196.000 0.000 0.00 0.00
1475714705744 1321 1 1 196.000 0.000 0.00 0.00
1475714705744 1322 1 1 196.000 0.000 0.00 0.00
1475714705744 1323 1 1 196.000 0.000 0.00 0.00
1475714705744 1324 1 1 196.000 0.000 0.00 0.00
1475714705745 1325 1 1 196.000 0.000 0.00 0.00
1475714705775 1326 1 1 196.000 0.000 0.00 0.00
1475714705778 1327 1 1 196.000 0.000 0.00 0.00
1475714705779 1328 1 1 196.000 0.000 0.00 0.00
1475714705779 1329 1 1 196.000 0.000 0.00 0.00
1475714705779 1330 1 1 196.000 0.000 0.00 0.00
1475714705780 1331 1 1 196.000 0.000 0.00 0.00
1475714705780 1332 1 1 196.000 0.000 0.00 0.00
1475714705780 1333 1 1 196.000 0.000 0.00 0.00
1475714705781 1334 1 1 196.000 0.000 0.00 0.00
1475714705781 1335 1 1 196.000 0.000 0.00 0.00
1475714705781 1336 1 1 196.000 0.000 0.00 0.00
1475714705781 1337 1 1 196.000 0.000 0.00 0.00
1475714705782 1338 1 1 196.000 0.000 0.00 0.00
1475714705782 1339 1 1 196.000 0.000 0.00 0.00
1475714705782 1340 1 1 196.000 0.000 0.00 0.00
1475714705783 1341 1 1 196.000 0.000 0.00 0.00
1475714705783 1342 1 1 196.000 0.000 0.00 0.00
1475714705783 1343 1 1 196.000 0.000 0.00 0.00
1475714705786 1344 1 1 196.000 0.000 0.00 0.00
1475714705790 1345 1 1 196.000 0.000 0.00 0.00
1475714705790 1346 1 1 196.000 0.000 0.00 0.00
1475714705791 1347 1 1 196.000 0.000 0.00 0.00
1475714705791 1348 1 1 196.000 0.000 0.00 0.00
1475714705791 1349 1 1 196.000 0.000 0.00 0.00
1475714705791 1350 1 1 196.000 0.000 0.00 0.00
1475714705792 1351 1 1 196.000 0.000 0.00 0.00
1475714705792 1352 1 1 196.000 0.000 0.00 0.00
1475714705792 1353 1 1 196.000 0.000 0.00 0.00
1475714705793 1354 1 1 196.000 0.000 0.00 0.00
1475714705793 1355 1 1 196.000 0.000 0.00 0.00
1475714705793 1356 1 1 196.000 0.000 0.00 0.00
1475714705793 1357 1 1 196.000 0.000 0.00 0.00
1475714705794 1358 1 1 196.000 0.000 0.00 0.00
1475714705794 1359 1 1 196.000 0.000 0.00 0.00
1475714705794 1360 1 1 196.000 0.000 0.00 0.00
1475714705798 1361 1 1 196.000 0.000 0.00 0.00
1475714705798 1362 1 1 196.000 0.000 0.00 0.00
1475714705799 1363 1 1 196.000 0.000 0.00 0.00
1475714705799 1364 1 2 196.000 0.000 0.00 0.00
1475714705799 1365 1 2 196.000 0.000 0.00 0.00
1475714705799 1366 1 2 196.000 0.000 0.00 0.00
1475714705800 1367 1 2 196.000 0.000 0.00 0.00
1475714705800 1368 1 2 196.000 0.000 0.00 0.00
1475714705804 1369 1 2 196.000 0.000 0.00 0.00
1475714705804 1370 1 2 196.000 0.000 0.00 0.00
1475714705804 1371 1 2 196.000 0.000 0.00 0.00
1475714705804 1372 1 2 196.000 0.000 0.00 0.00
1475714705805 1373 1 2 196.000 0.000 0.00 0.00
1475714705805 1374 1 2 196.000 0.000 0.00 0.00
1475714705805 1375 1 2 196.000 0.000 0.00 0.00
1475714705806 1376 1 2 196.000 0.000 0.00 0.00
1475714705806 1377 1 2 196.000 0.000 0.00 0.00
1475714705806 1378 1 2 196.000 0.000 0.00 0.00
1475714705806 1379 1 2 196.000 0.000 0.00 0.00
1475714705807 1380 1 2 196.000 0.000 0.00 0.00
1475714705807 1381 1 2 196.000 0.000 0.00 0.00
1475714705807 1382 1 2 196.000 0.000 0.00 0.00
1475714705810 1383 1 2 196.000 0.000 0.00 0.00
1475714705810 1384 1 2 196.000 0.000 0.00 0.00
1475714705810 1385 1 2 196.000 0.000 0.00 0.00
1475714705811 1386 1 2 196.000 0.000 0.00 0.00
1475714705811 1387 1 2 196.000 0.000 0.00 0.00
1475714705811 1388 1 2 196.000 0.000 0.00 0.00
1475714705815 1389 1 2 196.000 0.000 0.00 0.00
1475714705816 1390 1 2 196.000 0.000 0.00 0.00
1475714705816 1391 1 2 196.000 0.000 0.00 0.00
1475714705816 1392 1 2 196.000 0.000 0.00 0.00
1475714705816 1393 1 2 196.000 0.000 0.00 0.00
1475714705817 1394 1 2 196.000 0.000 0.00 0.00
1475714705817 1395 1 2 196.000 0.000 0.00 0.00
1475714705817 1396 1 2 196.000 0.000 0.00 0.00
1475714705821 1397 1 2 196.000 0.000 0.00 0.00
1475714705821 1398 1 2 196.000 0.000 0.00 0.00
1475714705821 1399 1 2 196.000 0.000 0.00 0.00
1475714705822 1400 1 2 196.000 0.000 0.00 0.00
1475714705822 1401 1 2 196.000 0.000 0.00 0.00
1475714705822 1402 1 2 196.000 0.000 0.00 0.00
1475714705822 1403 1 2 196.000 0.000 0.00 0.00
1475714705823 1404 1 2 196.000 0.000 0.00 0.00
1475714705823 1405 1 2 196.000 0.000 0.00 0.00
1475714705847 1406 1 2 196.000 0.000 0.00 0.00
1475714705847 1407 1 2 196.000 0.000 0.00 0.00
1475714705848 1408 1 2 196.000 0.000 0.00 0.00
1475714705848 1409 1 2 196.000 0.000 0.00 0.00
1475714705848 1410 1 2 196.000 0.000 0.00 0.00
1475714705848 1411 1 2 196.000 0.000 0.00 0.00
1475714705849 1412 1 2 196.000 0.000 0.00 0.00
1475714705849 1413 1 2 196.000 0.000 0.00 0.00
1475714705849 1414 1 2 196.000 0.000 0.00 0.00
1475714705849 1415 1 2 196.000 0.000 0.00 0.00
1475714705850 1416 1 2 196.000 0.000 0.00 0.00
1475714705850 1417 1 2 196.000 0.000 0.00 0.00
1475714705854 1418 1 2 196.000 0.000 0.00 0.00
1475714705855 1419 1 2 196.000 0.000 0.00 0.00
1475714705855 1420 1 2 196.000 0.000 0.00 0.00
1475714705855 1421 1 2 196.000 0.000 0.00 0.00
1475714705855 1422 1 2 196.000 0.000 0.00 0.00
1475714705856 1423 1 2 196.000 0.000 0.00 0.00
1475714705858 1424 1 2 196.000 0.000 0.00 0.00
1475714705859 1425 1 2 196.000 0.000 0.00 0.00
1475714705859 1426 1 2 196.000 0.000 0.00 0.00
1475714705859 1427 1 2 196.000 0.000 0.00 0.00
1475714705859 1428 1 2 196.000 0.000 0.00 0.00
1475714705860 1429 1 2 196.000 0.000 0.00 0.00
1475714705860 1430 1 2 196.000 0.000 0.00 0.00
1475714705860 1431 1 2 196.000 0.000 0.00 0.00
1475714705860 1432 1 2 196.000 0.000 0.00 0.00
1475714705861 1433 1 2 196.000 0.000 0.00 0.00
1475714705861 1434 1 2 196.000 0.000 0.00 0.00
1475714705861 1435 1 2 196.000 0.000 0.00 0.00
1475714705862 1436 1 2 196.000 0.000 0.00 0.00
1475714705862 1437 1 2 196.000 0.000 0.00 0.00
1475714705862 1438 1 2 196.000 0.000 0.00 0.00
1475714705862 1439 1 2 196.000 0.000 0.00 0.00
1475714705866 1440 1 2 196.000 0.000 0.00 0.00
1475714705870 1441 1 2 196.000 0.000 0.00 0.00
1475714705870 1442 1 2 196.000 0.000 0.00 0.00
1475714705871 1443 1 2 196.000 0.000 0.00 0.00
1475714705871 1444 1 2 196.000 0.000 0.00 0.00
1475714705871 1445 1 2 196.000 0.000 0.00 0.00
1475714705871 1446 1 2 196.000 0.000 0.00 0.00
1475714705872 1447 1 2 196.000 0.000 0.00 0.00
1475714705872 1448 1 2 196.000 0.000 0.00 0.00
1475714705872 1449 1 2 196.000 0.000 0.00 0.00
1475714705873 1450 1 2 196.000 0.000 0.00 0.00
1475714705873 1451 1 2 196.000 0.000 0.00 0.00
1475714705873 1452 1 2 196.000 0.000 0.00 0.00
1475714705873 1453 1 2 196.000 0.000 0.00 0.00
1475714705874 1454 1 2 196.000 0.000 0.00 0.00
1475714705874 1455 1 2 196.000 0.000 0.00 0.00
1475714705874 1456 1 2 196.000 0.000 0.00 0.00
1475714705874 1457 1 2 196.000 0.000 0.00 0.00
1475714705875 1458 1 2 196.000 0.000 0.00 0.00
1475714705875 1459 1 2 196.000 0.000 0.00 0.00
1475714705875 1460 1 2 196.000 0.000 0.00 0.00
1475714705875 1461 1 2 196.000 0.000 0.00 0.00
1475714705876 1462 1 2 196.000 0.000 0.00 0.00
1475714705935 1463 1 2 196.000 0.000 0.00 0.00
1475714705937 1464 1 2 196.000 0.000 0.00 0.00
1475714705937 1465 1 2 196.000 0.000 0.00 0.00
1475714705937 1466 1 2 196.000 0.000 0.00 0.00
1475714705937 1467 1 2 196.000 0.000 0.00 0.00
1475714705938 1468 1 2 196.000 0.000 0.00 0.00
1475714705938 1469 1 2 196.000 0.000 0.00 0.00
1475714705938 1470 1 2 196.000 0.000 0.00 0.00
1475714705941 1471 1 2 196.000 0.000 0.00 0.00
1475714705941 1472 1 2 196.000 0.000 0.00 0.00
1475714705942 1473 1 2 196.000 0.000 0.00 0.00
1475714705942 1474 1 2 196.000 0.000 0.00 0.00
1475714705943 1475 1 2 196.000 0.000 0.00 0.00
1475714705944 1476 1 2 196.000 0.000 0.00 0.00
1475714705948 1477 1 2 196.000 0.000 0.00 0.00
1475714705949 1478 1 2 196.000 0.000 0.00 0.00
1475714705952 1479 1 2 196.000 0.000 0.00 0.00
1475714705956 1480 1 2 196.000 0.000 0.00 0.00
1475714705956 1481 1 2 196.000 0.000 0.00 0.00
1475714705957 1482 1 2 196.000 0.000 0.00 0.00
1475714705957 1483 1 2 196.000 0.000 0.00 0.00
1475714705957 1484 1 2 196.000 0.000 0.00 0.00
1475714705958 1485 1 2 196.000 0.000 0.00 0.00
1475714705966 1486 1 2 196.000 0.000 0.00 0.00
1475714705970 1487 1 2 196.000 0.000 0.00 0.00
1475714705970 1488 1 2 196.000 0.000 0.00 0.00
1475714705970 1489 1 2 196.000 0.000 0.00 0.00
1475714705971 1490 1 2 196.000 0.000 0.00 0.00
1475714705971 1491 1 2 196.000 0.000 0.00 0.00
1475714705971 1492 1 2 196.000 0.000 0.00 0.00
1475714705971 1493 1 2 196.000 0.000 0.00 0.00
1475714705972 1494 1 2 196.000 0.000 0.00 0.00
1475714705972 1495 1 2 196.000 0.000 0.00 0.00
1475714705972 1496 1 2 196.000 0.000 0.00 0.00
1475714705973 1497 1 2 196.000 0.000 0.00 0.00
1475714705973 1498 1 2 196.000 0.000 0.00 0.00
1475714705973 1499 1 2 196.000 0.000 0.00 0.00
1475714705973 1500 1 2 196.000 0.000 0.00 0.00
1475714705974 1501 1 2 196.000 0.000 0.00 0.00
1475714705974 1502 1 2 196.000 0.000 0.00 0.00
1475714705974 1503 1 2 196.000 0.000 0.00 0.00
1475714705977 1504 1 2 196.000 0.000 0.00 0.00
1475714705978 1505 1 2 196.000 0.000 0.00 0.00
1475714705978 1506 1 2 196.000 0.000 0.00 0.00
1475714705978 1507 1 2 196.000 0.000 0.00 0.00
1475714705979 1508 1 2 196.000 0.000 0.00 0.00
1475714705979 1509 1 2 196.000 0.000 0.00 0.00
1475714705982 1510 1 2 196.000 0.000 0.00 0.00
1475714705982 1511 1 2 196.000 0.000 0.00 0.00
1475714705982 1512 1 2 196.000 0.000 0.00 0.00
1475714705982 1513 1 2 196.000 0.000 0.00 0.00
1475714705983 1514 1 2 196.000 0.000 0.00 0.00
1475714705983 1515 1 2 196.000 0.000 0.00 0.00
1475714705983 1516 1 2 196.000 0.000 0.00 0.00
1475714705984 1517 1 2 196.000 0.000 0.00 0.00
1475714705984 1518 1 2 196.000 0.000 0.00 0.00
1475714705984 1519 1 2 196.000 0.000 0.00 0.00
1475714705987 1520 1 2 196.000 0.000 0.00 0.00
1475714705987 1521 1 2 196.000 0.000 0.00 0.00
1475714705988 1522 1 2 196.000 0.000 0.00 0.00
1475714705988 1523 1 2 196.000 0.000 0.00 0.00
1475714705988 1524 1 2 196.000 0.000 0.00 0.00
1475714705991 1525 1 2 196.000 0.000 0.00 0.00
1475714705992 1526 1 2 196.000 0.000 0.00 0.00
1475714705992 1527 1 2 196.000 0.000 0.00 0.00
1475714705992 1528 1 2 196.000 0.000 0.00 0.00
1475714705992 1529 1 2 196.000 0.000 0.00 0.00
1475714705993 1530 1 2 196.000 0.000 0.00 0.00
1475714705993 1531 1 2 196.000 0.000 0.00 0.00
1475714705993 1532 1 2 196.000 0.000 0.00 0.00
1475714705993 1533 1 2 196.000 0.000 0.00 0.00
1475714705994 1534 1 2 196.000 0.000 0.00 0.00
1475714705994 1535 1 2 196.000 0.000 0.00 0.00
1475714705994 1536 1 2 196.000 0.000 0.00 0.00
1475714705995 1537 1 2 196.000 0.000 0.00 0.00
1475714705999 1538 1 2 196.000 0.000 0.00 0.00
1475714705999 1539 1 2 196.000 0.000 0.00 0.00
1475714705999 1540 1 2 196.000 0.000 0.00 0.00
1475714706000 1541 1 2 196.000 0.000 0.00 0.00
1475714706003 1542 1 2 196.000 0.000 0.00 0.00
1475714706003 1543 1 2 196.000 0.000 0.00 0.00
1475714706003 1544 1 2 196.000 0.000 0.00 0.00
1475714706004 1545 1 2 196.000 0.000 0.00 0.00
1475714706004 1546 1 2 196.000 0.000 0.00 0.00
1475714706004 1547 1 2 196.000 0.000 0.00 0.00
1475714706005 1548 1 2 196.000 0.000 0.00 0.00
1475714706005 1549 1 2 196.000 0.000 0.00 0.00
1475714706005 1550 1 2 196.000 0.000 0.00 0.00
1475714706005 1551 1 2 196.000 0.000 0.00 0.00
1475714706006 1552 1 2 196.000 0.000 0.00 0.00
1475714706031 1553 1 2 196.000 0.000 0.00 0.00
1475714706031 1554 1 2 196.000 0.000 0.00 0.00
1475714706031 1555 1 2 196.000 0.000 0.00 0.00
1475714706032 1556 1 2 196.000 0.000 0.00 0.00
1475714706032 1557 1 2 196.000 0.000 0.00 0.00
1475714706032 1558 1 2 196.000 0.000 0.00 0.00
1475714706032 1559 1 2 196.000 0.000 0.00 0.00
1475714706033 1560 1 2 196.000 0.000 0.00 0.00
1475714706033 1561 1 2 196.000 0.000 0.00 0.00
1475714706033 1562 1 2 196.000 0.000 0.00 0.00
1475714706033 1563 1 2 196.000 0.000 0.00 0.00
1475714706035 1564 1 2 196.000 0.000 0.00 0.00
1475714706035 1565 1 2 196.000 0.000 0.00 0.00
1475714706035 1566 1 2 196.000 0.000 0.00 0.00
1475714706036 1567 1 2 196.000 0.000 0.00 0.00
1475714706036 1568 1 2 196.000 0.000 0.00 0.00
1475714706036 1569 1 2 196.000 0.000 0.00 0.00
1475714706036 1570 1 2 196.000 0.000 0.00 0.00
1475714706040 1571 1 2 196.000 0.000 0.00 0.00
1475714706040 1572 1 2 196.000 0.000 0.00 0.00
1475714706044 1573 1 2 196.000 0.000 0.00 0.00
1475714706044 1574 1 2 196.000 0.000 0.00 0.00
1475714706045 1575 1 2 196.000 0.000 0.00 0.00
1475714706045 1576 1 2 196.000 0.000 0.00 0.00
1475714706045 1577 1 2 196.000 0.000 0.00 0.00
1475714706045 1578 1 2 196.000 0.000 0.00 0.00
1475714706046 1579 1 2 196.000 0.000 0.00 0.00
1475714706046 1580 1 2 196.000 0.000 0.00 0.00
1475714706046 1581 1 2 196.000 0.000 0.00 0.00
1475714706047 1582 1 2 196.000 0.000 0.00 0.00
1475714706047 1583 1 2 196.000 0.000 0.00 0.00
1475714706047 1584 1 2 196.000 0.000 0.00 0.00
1475714706047 1585 1 2 196.000 0.000 0.00 0.00
1475714706048 1586 1 2 196.000 0.000 0.00 0.00
1475714706048 1587 1 2 196.000 0.000 0.00 0.00
1475714706048 1588 1 2 196.000 0.000 0.00 0.00
1475714706048 1589 1 2 196.000 0.000 0.00 0.00
1475714706049 1590 1 2 196.000 0.000 0.00 0.00
1475714706052 1591 1 2 196.000 0.000 0.00 0.00
1475714706052 1592 1 2 196.000 0.000 0.00 0.00
1475714706052 1593 1 2 196.000 0.000 0.00 0.00
1475714706055 1594 1 2 196.000 0.000 0.00 0.00
1475714706056 1595 1 2 196.000 0.000 0.00 0.00
1475714706056 1596 1 2 196.000 0.000 0.00 0.00
1475714706056 1597 1 2 196.000 0.000 0.00 0.00
1475714706056 1598 1 2 196.000 0.000 0.00 0.00
1475714706057 1599 1 2 196.000 0.000 0.00 0.00
1475714706057 1600 1 2 196.000 0.000 0.00 0.00
1475714706057 1601 1 2 196.000 0.000 0.00 0.00
1475714706058 1602 1 2 196.000 0.000 0.00 0.00
1475714706058 1603 1 2 196.000 0.000 0.00 0.00
1475714706058 1604 1 2 196.000 0.000 0.00 0.00
1475714706058 1605 1 2 196.000 0.000 0.00 0.00
1475714706059 1606 1 2 196.000 0.000 0.00 0.00
1475714706061 1607 1 2 196.000 0.000 0.00 0.00
1475714706062 1608 1 2 196.000 0.000 0.00 0.00
1475714706089 1609 1 2 196.000 0.000 0.00 0.00
1475714706089 1610 1 2 196.000 0.000 0.00 0.00
1475714706090 1611 1 2 196.000 0.000 0.00 0.00
1475714706090 1612 1 2 196.000 0.000 0.00 0.00
1475714706090 1613 1 2 196.000 0.000 0.00 0.00
1475714706090 1614 1 2 196.000 0.000 0.00 0.00
1475714706091 1615 1 2 196.000 0.000 0.00 0.00
1475714706091 1616 1 2 196.000 0.000 0.00 0.00
1475714706091 1617 1 2 196.000 0.000 0.00 0.00
1475714706092 1618 1 2 196.000 0.000 0.00 0.00
1475714706092 1619 1 2 196.000 0.000 0.00 0.00
1475714706095 1620 1 2 196.000 0.000 0.00 0.00
1475714706095 1621 1 2 196.000 0.000 0.00 0.00
1475714706095 1622 1 2 196.000 0.000 0.00 0.00
1475714706095 1623 1 2 196.000 0.000 0.00 0.00
1475714706096 1624 1 2 196.000 0.000 0.00 0.00
1475714706096 1625 1 2 196.000 0.000 0.00 0.00
1475714706096 1626 1 2 196.000 0.000 0.00 0.00
1475714706097 1627 1 2 196.000 0.000 0.00 0.00
1475714706097 1628 1 2 196.000 0.000 0.00 0.00
1475714706101 1629 1 2 196.000 0.000 0.00 0.00
1475714706101 1630 1 2 196.000 0.000 0.00 0.00
1475714706101 1631 1 2 196.000 0.000 0.00 0.00
1475714706102 1632 1 2 196.000 0.000 0.00 0.00
1475714706102 1633 1 2 196.000 0.000 0.00 0.00
1475714706104 1634 1 2 196.000 0.000 0.00 0.00
1475714706105 1635 1 2 196.000 0.000 0.00 0.00
1475714706105 1636 1 2 196.000 0.000 0.00 0.00
1475714706105 1637 1 2 196.000 0.000 0.00 0.00
1475714706106 1638 1 2 196.000 0.000 0.00 0.00
1475714706106 1639 1 2 196.000 0.000 0.00 0.00
1475714706106 1640 1 2 196.000 0.000 0.00 0.00
1475714706106 1641 1 2 196.000 0.000 0.00 0.00
1475714706107 1642 1 2 196.000 0.000 0.00 0.00
1475714706107 1643 1 2 196.000 0.000 0.00 0.00
1475714706107 1644 1 2 196.000 0.000 0.00 0.00
1475714706108 1645 1 2 196.000 0.000 0.00 0.00
1475714706108 1646 1 2 196.000 0.000 0.00 0.00
1475714706108 1647 1 2 196.000 0.000 0.00 0.00
1475714706108 1648 1 2 196.000 0.000 0.00 0.00
1475714706112 1649 1 2 196.000 0.000 0.00 0.00
1475714706112 1650 1 2 196.000 0.000 0.00 0.00
1475714706116 1651 1 2 196.000 0.000 0.00 0.00
1475714706117 1652 1 2 196.000 0.000 0.00 0.00
1475714706117 1653 1 2 196.000 0.000 0.00 0.00
1475714706117 1654 1 2 196.000 0.000 0.00 0.00
1475714706117 1655 1 2 196.000 0.000 0.00 0.00
1475714706118 1656 1 2 196.000 0.000 0.00 0.00
1475714706118 1657 1 2 196.000 0.000 0.00 0.00
1475714706118 1658 1 2 196.000 0.000 0.00 0.00
1475714706119 1659 1 2 196.000 0.000 0.00 0.00
1475714706119 1660 1 2 196.000 0.000 0.00 0.00
1475714706119 1661 1 2 196.000 0.000 0.00 0.00
1475714706119 1662 1 2 196.000 0.000 0.00 0.00
1475714706120 1663 1 2 196.000 0.000 0.00 0.00
1475714706120 1664 1 2 196.000 0.000 0.00 0.00
1475714706120 1665 1 2 196.000 0.000 0.00 0.00
1475714706120 1666 1 2 196.000 0.000 0.00 0.00
1475714706121 1667 1 2 196.000 0.000 0.00 0.00
1475714706121 1668 1 2 196.000 0.000 0.00 0.00
1475714706121 1669 1 2 196.000 0.000 0.00 0.00
1475714706121 1670 1 2 196.000 0.000 0.00 0.00
1475714706122 1671 1 2 196.000 0.000 0.00 0.00
1475714706126 1672 1 2 196.000 0.000 0.00 0.00
1475714706126 1673 1 2 196.000 0.000 0.00 0.00
1475714706130 1674 1 2 196.000 0.000 0.00 0.00
1475714706130 1675 1 2 196.000 0.000 0.00 0.00
1475714706130 1676 1 2 196.000 0.000 0.00 0.00
1475714706131 1677 1 2 196.000 0.000 0.00 0.00
1475714706131 1678 1 2 196.000 0.000 0.00 0.00
1475714706131 1679 1 2 196.000 0.000 0.00 0.00
1475714706132 1680 1 2 196.000 0.000 0.00 0.00
1475714706132 1681 1 2 196.000 0.000 0.00 0.00
1475714706132 1682 1 2 196.000 0.000 0.00 0.00
1475714706133 1683 1 2 196.000 0.000 0.00 0.00
1475714706133 1684 1 2 196.000 0.000 0.00 0.00
1475714706133 1685 1 2 196.000 0.000 0.00 0.00
1475714706133 1686 1 2 196.000 0.000 0.00 0.00
1475714706134 1687 1 2 196.000 0.000 0.00 0.00
1475714706134 1688 1 2 196.000 0.000 0.00 0.00
1475714706134 1689 1 2 196.000 0.000 0.00 0.00
1475714706134 1690 1 2 196.000 0.000 0.00 0.00
1475714706135 1691 1 2 196.000 0.000 0.00 0.00
1475714706135 1692 1 2 196.000 0.000 0.00 0.00
1475714706135 1693 1 2 196.000 0.000 0.00 0.00
1475714706136 1694 1 2 196.000 0.000 0.00 0.00
1475714706137 1695 1 2 196.000 0.000 0.00 0.00
1475714706143 1696 1 2 196.000 0.000 0.00 0.00
1475714706144 1697 1 2 196.000 0.000 0.00 0.00
1475714706144 1698 1 2 196.000 0.000 0.00 0.00
1475714706171 1699 1 2 196.000 0.000 0.00 0.00
1475714706171 1700 1 2 196.000 0.000 0.00 0.00
1475714706172 1701 1 2 196.000 0.000 0.00 0.00
1475714706172 1702 1 2 196.000 0.000 0.00 0.00
1475714706172 1703 1 2 196.000 0.000 0.00 0.00
1475714706173 1704 1 2 196.000 0.000 0.00 0.00
1475714706173 1705 1 2 196.000 0.000 0.00 0.00
1475714706173 1706 1 2 196.000 0.000 0.00 0.00
1475714706173 1707 1 2 196.000 0.000 0.00 0.00
1475714706174 1708 1 2 196.000 0.000 0.00 0.00
1475714706174 1709 1 2 196.000 0.000 0.00 0.00
1475714706174 1710 1 2 196.000 0.000 0.00 0.00
1475714706174 1711 1 2 196.000 0.000 0.00 0.00
1475714706175 1712 1 2 196.000 0.000 0.00 0.00
1475714706175 1713 1 2 196.000 0.000 0.00 0.00
1475714706175 1714 1 2 196.000 0.000 0.00 0.00
1475714706177 1715 1 2 196.000 0.000 0.00 0.00
1475714706177 1716 1 2 196.000 0.000 0.00 0.00
1475714706178 1717 1 2 196.000 0.000 0.00 0.00
1475714706178 1718 1 2 196.000 0.000 0.00 0.00
1475714706178 1719 1 2 196.000 0.000 0.00 0.00
1475714706178 1720 1 2 196.000 0.000 0.00 0.00
1475714706179 1721 1 2 196.000 0.000 0.00 0.00
1475714706179 1722 1 2 196.000 0.000 0.00 0.00
1475714706179 1723 1 2 196.000 0.000 0.00 0.00
1475714706180 1724 1 2 196.000 0.000 0.00 0.00
1475714706181 1725 1 2 196.000 0.000 0.00 0.00
1475714706181 1726 1 2 196.000 0.000 0.00 0.00
1475714706181 1727 1 2 196.000 0.000 0.00 0.00
1475714706181 1728 1 2 196.000 0.000 0.00 0.00
1475714706182 1729 1 2 196.000 0.000 0.00 0.00
1475714706183 1730 1 2 196.000 0.000 0.00 0.00
1475714706183 1731 1 2 196.000 0.000 0.00 0.00
1475714706183 1732 1 2 196.000 0.000 0.00 0.00
1475714706183 1733 1 2 196.000 0.000 0.00 0.00
1475714706184 1734 1 2 196.000 0.000 0.00 0.00
1475714706185 1735 1 2 196.000 0.000 0.00 0.00
1475714706185 1736 1 2 196.000 0.000 0.00 0.00
1475714706185 1737 1 2 196.000 0.000 0.00 0.00
1475714706185 1738 1 2 196.000 0.000 0.00 0.00
1475714706187 1739 1 2 196.000 0.000 0.00 0.00
1475714706187 1740 1 2 196.000 0.000 0.00 0.00
1475714706188 1741 1 2 196.000 0.000 0.00 0.00
1475714706188 1742 1 2 196.000 0.000 0.00 0.00
1475714706188 1743 1 2 196.000 0.000 0.00 0.00
1475714706189 1744 1 2 196.000 0.000 0.00 0.00
1475714706190 1745 1 2 196.000 0.000 0.00 0.00
1475714706191 1746 1 2 196.000 0.000 0.00 0.00
1475714706194 1747 1 2 196.000 0.000 0.00 0.00
1475714706194 1748 1 2 196.000 0.000 0.00 0.00
1475714706195 1749 1 2 196.000 0.000 0.00 0.00
1475714706195 1750 1 2 196.000 0.000 0.00 0.00
1475714706195 1751 1 2 196.000 0.000 0.00 0.00
1475714706195 1752 1 2 196.000 0.000 0.00 0.00
1475714706196 1753 1 2 196.000 0.000 0.00 0.00
1475714706197 1754 1 2 196.000 0.000 0.00 0.00
1475714706198 1755 1 2 196.000 0.000 0.00 0.00
1475714706228 1756 1 2 196.000 0.000 0.00 0.00
1475714706228 1757 1 2 196.000 0.000 0.00 0.00
1475714706229 1758 1 2 196.000 0.000 0.00 0.00
1475714706229 1759 1 2 196.000 0.000 0.00 0.00
1475714706229 1760 1 2 196.000 0.000 0.00 0.00
1475714706230 1761 1 2 196.000 0.000 0.00 0.00
1475714706230 1762 1 2 196.000 0.000 0.00 0.00
1475714706230 1763 1 2 196.000 0.000 0.00 0.00
1475714706230 1764 1 2 196.000 0.000 0.00 0.00
1475714706231 1765 1 2 196.000 0.000 0.00 0.00
1475714706231 1766 1 2 196.000 0.000 0.00 0.00
1475714706231 1767 1 2 196.000 0.000 0.00 0.00
1475714706232 1768 1 2 196.000 0.000 0.00 0.00
1475714706232 1769 1 2 196.000 0.000 0.00 0.00
1475714706232 1770 1 2 196.000 0.000 0.00 0.00
1475714706232 1771 1 2 196.000 0.000 0.00 0.00
1475714706233 1772 1 2 196.000 0.000 0.00 0.00
1475714706233 1773 1 2 196.000 0.000 0.00 0.00
1475714706233 1774 1 2 196.000 0.000 0.00 0.00
1475714706234 1775 1 2 196.000 0.000 0.00 0.00
1475714706237 1776 1 2 196.000 0.000 0.00 0.00
1475714706237 1777 1 2 196.000 0.000 0.00 0.00
1475714706238 1778 1 2 196.000 0.000 0.00 0.00
1475714706238 1779 1 2 196.000 0.000 0.00 0.00
1475714706238 1780 1 2 196.000 0.000 0.00 0.00
1475714706239 1781 1 2 196.000 0.000 0.00 0.00
1475714706239 1782 1 2 196.000 0.000 0.00 0.00
1475714706239 1783 1 2 196.000 0.000 0.00 0.00
1475714706239 1784 1 2 196.000 0.000 0.00 0.00
1475714706240 1785 1 2 196.000 0.000 0.00 0.00
1475714706240 1786 1 2 196.000 0.000 0.00 0.00
1475714706240 1787 1 2 196.000 0.000 0.00 0.00
1475714706240 1788 1 2 196.000 0.000 0.00 0.00
1475714706241 1789 1 2 196.000 0.000 0.00 0.00
1475714706245 1790 1 2 196.000 0.000 0.00 0.00
1475714706245 1791 1 2 196.000 0.000 0.00 0.00
1475714706246 1792 1 2 196.000 0.000 0.00 0.00
1475714706246 1793 1 2 196.000 0.000 0.00 0.00
1475714706246 1794 1 2 196.000 0.000 0.00 0.00
1475714706248 1795 1 2 196.000 0.000 0.00 0.00
1475714706248 1796 1 2 196.000 0.000 0.00 0.00
1475714706249 1797 1 2 196.000 0.000 0.00 0.00
1475714706249 1798 1 2 196.000 0.000 0.00 0.00
1475714706249 1799 1 2 196.000 0.000 0.00 0.00
1475714706249 1800 1 2 196.000 0.000 0.00 0.00
1475714706250 1801 1 2 196.000 0.000 0.00 0.00
1475714706250 1802 1 2 196.000 0.000 0.00 0.00
1475714706250 1803 1 2 196.000 0.000 0.00 0.00
1475714706251 1804 1 2 196.000 0.000 0.00 0.00
1475714706255 1805 1 2 196.000 0.000 0.00 0.00
1475714706255 1806 1 2 196.000 0.000 0.00 0.00
1475714706255 1807 1 2 196.000 0.000 0.00 0.00
1475714706256 1808 1 2 196.000 0.000 0.00 0.00
1475714706256 1809 1 2 196.000 0.000 0.00 0.00
1475714706256 1810 1 2 196.000 0.000 0.00 0.00
1475714706256 1811 1 2 196.000 0.000 0.00 0.00
1475714706257 1812 1 2 196.000 0.000 0.00 0.00
1475714706257 1813 1 2 196.000 0.000 0.00 0.00
1475714706257 1814 1 2 196.000 0.000 0.00 0.00
1475714706257 1815 1 2 196.000 0.000 0.00 0.00
1475714706258 1816 1 2 196.000 0.000 0.00 0.00
1475714706259 1817 1 2 196.000 0.000 0.00 0.00
1475714706259 1818 1 2 196.000 0.000 0.00 0.00
1475714706263 1819 1 2 196.000 0.000 0.00 0.00
1475714706263 1820 1 2 196.000 0.000 0.00 0.00
1475714706263 1821 1 2 196.000 0.000 0.00 0.00
1475714706264 1822 1 2 196.000 0.000 0.00 0.00
1475714706264 1823 1 2 196.000 0.000 0.00 0.00
1475714706264 1824 1 2 196.000 0.000 0.00 0.00
1475714706264 1825 1 2 196.000 0.000 0.00 0.00
1475714706265 1826 1 2 196.000 0.000 0.00 0.00
1475714706265 1827 1 2 196.000 0.000 0.00 0.00
1475714706265 1828 1 2 196.000 0.000 0.00 0.00
1475714706265 1829 1 2 196.000 0.000 0.00 0.00
1475714706266 1830 1 2 196.000 0.000 0.00 0.00
1475714706269 1831 1 2 196.000 0.000 0.00 0.00
1475714706269 1832 1 2 196.000 0.000 0.00 0.00
1475714706269 1833 1 2 196.000 0.000 0.00 0.00
1475714706269 1834 1 2 196.000 0.000 0.00 0.00
1475714706270 1835 1 2 196.000 0.000 0.00 0.00
1475714706270 1836 1 2 196.000 0.000 0.00 0.00
1475714706270 1837 1 2 196.000 0.000 0.00 0.00
1475714706270 1838 1 2 196.000 0.000 0.00 0.00
1475714706271 1839 1 2 196.000 0.000 0.00 0.00
1475714706271 1840 1 2 196.000 0.000 0.00 0.00
1475714706274 1841 1 2 196.000 0.000 0.00 0.00
1475714706275 1842 1 2 196.000 0.000 0.00 0.00
1475714706275 1843 1 2 196.000 0.000 0.00 0.00
1475714706275 1844 1 2 196.000 0.000 0.00 0.00
1475714706276 1845 1 2 196.000 0.000 0.00 0.00
1475714706276 1846 1 2 196.000 0.000 0.00 0.00
1475714706278 1847 1 2 196.000 0.000 0.00 0.00
1475714706279 1848 1 2 196.000 0.000 0.00 0.00
1475714706279 1849 1 2 196.000 0.000 0.00 0.00
1475714706279 1850 1 2 196.000 0.000 0.00 0.00
1475714706279 1851 