Serial_number: -1717986918 
Time Data_Count Cycle State Desired_force_(psi) Measured_force_(psi) Toe_sensor Heel_Sensor
1484787850734 0 0 0 200.000 0.000 inf inf
1484787850750 1 0 1 200.000 0.000 inf inf
1484787850754 2 0 1 200.000 0.000 inf inf
1484787850756 3 0 1 200.000 0.000 inf inf
1484787850758 4 0 1 200.000 0.000 inf inf
1484787850762 5 0 1 200.000 0.000 inf inf
1484787850766 6 0 1 200.000 0.000 inf inf
1484787850768 7 0 1 200.000 0.000 inf inf
1484787850769 8 0 1 200.000 0.000 inf inf
1484787850773 9 0 1 200.000 0.000 inf inf
1484787850775 10 0 1 200.000 0.000 inf inf
1484787850779 11 0 1 200.000 0.000 inf inf
1484787850785 12 0 1 200.000 0.000 inf inf
1484787850786 13 0 1 200.000 0.000 inf inf
1484787850789 14 0 1 200.000 0.000 inf inf
1484787850791 15 0 1 200.000 0.000 inf inf
1484787850801 16 0 1 200.000 0.000 inf inf
1484787850803 17 0 1 200.000 0.000 inf inf
1484787850810 18 0 1 200.000 0.000 inf inf
1484787850811 19 0 1 200.000 0.000 inf inf
1484787850814 20 0 1 200.000 0.000 inf inf
1484787850818 21 0 1 200.000 0.000 inf inf
1484787850820 22 0 1 200.000 0.000 inf inf
1484787850821 23 0 1 200.000 0.000 inf inf
1484787850828 24 0 1 200.000 0.000 inf inf
1484787850830 25 0 1 200.000 0.000 inf inf
1484787850832 26 0 1 200.000 0.000 inf inf
1484787850834 27 0 1 200.000 0.000 inf inf
1484787850842 28 0 1 200.000 0.000 inf inf
1484787850846 29 0 1 200.000 0.000 inf inf
1484787850848 30 0 1 200.000 0.000 inf inf
1484787850854 31 0 1 200.000 0.000 inf inf
1484787850855 32 0 1 200.000 0.000 inf inf
1484787850862 33 0 1 200.000 0.000 inf inf
1484787850863 34 0 1 200.000 0.000 inf inf
1484787850865 35 0 1 200.000 0.000 inf inf
1484787850867 36 0 1 200.000 0.000 inf inf
1484787850872 37 0 1 200.000 0.000 inf inf
1484787850874 38 0 1 200.000 0.000 inf inf
1484787850881 39 0 1 200.000 0.000 inf inf
1484787850882 40 0 1 200.000 0.000 inf inf
1484787850885 41 0 1 200.000 0.000 inf inf
1484787850887 42 0 1 200.000 0.000 inf inf
1484787850891 43 0 1 200.000 0.000 inf inf
1484787850892 44 0 1 200.000 0.000 inf inf
1484787850896 45 0 1 200.000 0.000 inf inf
1484787850898 46 0 1 200.000 0.000 inf inf
1484787850900 47 0 1 200.000 0.000 inf inf
1484787850908 48 0 1 200.000 0.000 inf inf
1484787850909 49 0 1 200.000 0.000 inf inf
1484787850914 50 0 1 200.000 0.000 inf inf
1484787850914 51 0 1 200.000 0.000 inf inf
1484787850915 52 0 1 200.000 0.000 inf inf
1484787850915 53 0 1 200.000 0.000 inf inf
1484787850918 54 0 1 200.000 0.000 inf inf
1484787850923 55 0 1 200.000 0.000 inf inf
1484787850924 56 0 1 200.000 0.000 inf inf
1484787850924 57 0 1 200.000 0.000 inf inf
1484787850925 58 0 1 200.000 0.000 inf inf
1484787850931 59 0 1 200.000 0.000 inf inf
1484787850932 60 0 1 200.000 0.000 inf inf
1484787850933 61 0 1 200.000 0.000 inf inf
1484787850933 62 0 1 200.000 0.000 inf inf
1484787850934 63 0 1 200.000 0.000 inf inf
1484787850935 64 0 1 200.000 0.000 inf inf
1484787850937 65 0 1 200.000 0.000 inf inf
1484787850939 66 0 1 200.000 0.000 inf inf
1484787850939 67 0 1 200.000 0.000 inf inf
1484787850940 68 0 1 200.000 0.000 inf inf
1484787850941 69 0 1 200.000 0.000 inf inf
1484787850943 70 0 1 200.000 0.000 inf inf
1484787850945 71 0 1 200.000 0.000 inf inf
1484787850945 72 0 1 200.000 0.000 inf inf
1484787850946 73 0 1 200.000 0.000 inf inf
1484787850946 74 0 1 200.000 0.000 inf inf
1484787850947 75 0 1 200.000 0.000 inf inf
1484787850950 76 0 1 200.000 0.000 inf inf
1484787850955 77 0 1 200.000 0.000 inf inf
1484787850957 78 0 1 200.000 0.000 inf inf
1484787850957 79 0 1 200.000 0.000 inf inf
1484787850957 80 0 1 200.000 0.000 inf inf
1484787850959 81 0 1 200.000 0.000 inf inf
1484787850960 82 0 1 200.000 0.000 inf inf
1484787850963 83 0 1 200.000 0.000 inf inf
1484787850963 84 0 1 200.000 0.000 inf inf
1484787850964 85 0 1 200.000 0.000 inf inf
1484787850965 86 0 1 200.000 0.000 inf inf
1484787850965 87 0 1 200.000 0.000 inf inf
1484787850966 88 0 1 200.000 0.000 inf inf
1484787850970 89 0 1 200.000 0.000 inf inf
1484787850971 90 0 1 200.000 0.000 inf inf
1484787850971 91 0 1 200.000 0.000 inf inf
1484787850971 92 0 1 200.000 0.000 inf inf
1484787850972 93 0 1 200.000 0.000 inf inf
1484787850976 94 0 1 200.000 0.000 inf inf
1484787850976 95 0 1 200.000 0.000 inf inf
1484787850976 96 0 1 200.000 0.000 inf inf
1484787850977 97 0 1 200.000 0.000 inf inf
1484787850977 98 0 1 200.000 0.000 inf inf
1484787850980 99 0 1 200.000 0.000 inf inf
1484787850982 100 0 1 200.000 0.000 inf inf
1484787850982 101 0 1 200.000 0.000 inf inf
1484787850983 102 0 1 200.000 0.000 inf inf
1484787850988 103 0 1 200.000 0.000 inf inf
1484787850990 104 0 1 200.000 0.000 inf inf
1484787850994 105 0 1 200.000 0.000 inf inf
1484787850994 106 0 1 200.000 0.000 inf inf
1484787850994 107 0 1 200.000 0.000 inf inf
1484787850996 108 0 1 200.000 0.000 inf inf
1484787850997 109 0 1 200.000 0.000 inf inf
1484787850998 110 0 1 200.000 0.000 inf inf
1484787851002 111 0 1 200.000 0.000 inf inf
1484787851002 112 0 1 200.000 0.000 inf inf
1484787851002 113 0 1 200.000 0.000 inf inf
1484787851003 114 0 1 200.000 0.000 inf inf
1484787851004 115 0 1 200.000 0.000 inf inf
1484787851004 116 0 1 200.000 0.000 inf inf
1484787851005 117 0 1 200.000 0.000 inf inf
1484787851009 118 0 1 200.000 0.000 inf inf
1484787851011 119 0 1 200.000 0.000 inf inf
1484787851015 120 0 1 200.000 0.000 inf inf
1484787851016 121 0 1 200.000 0.000 inf inf
1484787851017 122 0 1 200.000 0.000 inf inf
1484787851019 123 0 1 200.000 0.000 inf inf
1484787851021 124 0 1 200.000 0.000 inf inf
1484787851023 125 0 1 200.000 0.000 inf inf
1484787851025 126 0 1 200.000 0.000 inf inf
1484787851025 127 0 1 200.000 0.000 inf inf
1484787851026 128 0 1 200.000 0.000 inf inf
1484787851031 129 0 1 200.000 0.000 inf inf
1484787851031 130 0 1 200.000 0.000 inf inf
1484787851033 131 0 1 200.000 0.000 inf inf
1484787851035 132 0 1 200.000 0.000 inf inf
1484787851036 133 0 1 200.000 0.000 inf inf
1484787851036 134 0 1 200.000 0.000 inf inf
1484787851039 135 0 1 200.000 0.000 inf inf
1484787851041 136 0 1 200.000 0.000 inf inf
1484787851042 137 0 1 200.000 0.000 inf inf
1484787851043 138 0 1 200.000 0.000 inf inf
1484787851047 139 0 1 200.000 0.000 inf inf
1484787851047 140 0 1 200.000 0.000 inf inf
1484787851047 141 0 1 200.000 0.000 inf inf
1484787851047 142 0 1 200.000 0.000 inf inf
1484787851048 143 0 1 200.000 0.000 inf inf
1484787851049 144 0 1 200.000 0.000 inf inf
1484787851050 145 0 1 200.000 0.000 inf inf
1484787851051 146 0 1 200.000 0.000 inf inf
1484787851052 147 0 1 200.000 0.000 inf inf
1484787851052 148 0 1 200.000 0.000 inf inf
1484787851054 149 0 1 200.000 0.000 inf inf
1484787851055 150 0 1 200.000 0.000 inf inf
1484787851056 151 0 1 200.000 0.000 inf inf
1484787851056 152 0 1 200.000 0.000 inf inf
1484787851058 153 0 1 200.000 0.000 inf inf
1484787851059 154 0 1 200.000 0.000 inf inf
1484787851060 155 0 1 200.000 0.000 inf inf
1484787851062 156 0 1 200.000 0.000 inf inf
1484787851062 157 0 1 200.000 0.000 inf inf
1484787851064 158 0 1 200.000 0.000 inf inf
1484787851064 159 0 1 200.000 0.000 inf inf
1484787851066 160 0 1 200.000 0.000 inf inf
1484787851067 161 0 1 200.000 0.000 inf inf
1484787851067 162 0 1 200.000 0.000 inf inf
1484787851068 163 0 1 200.000 0.000 inf inf
1484787851070 164 0 1 200.000 0.000 inf inf
1484787851071 165 0 1 200.000 0.000 inf inf
1484787851071 166 0 1 200.000 0.000 inf inf
1484787851072 167 0 1 200.000 0.000 inf inf
1484787851076 168 0 1 200.000 0.000 inf inf
1484787851077 169 0 1 200.000 0.000 inf inf
1484787851078 170 0 1 200.000 0.000 inf inf
1484787851079 171 0 1 200.000 0.000 inf inf
1484787851080 172 0 1 200.000 0.000 inf inf
1484787851080 173 0 1 200.000 0.000 inf inf
1484787851080 174 0 1 200.000 0.000 inf inf
1484787851081 175 0 1 200.000 0.000 inf inf
1484787851081 176 0 1 200.000 0.000 inf inf
1484787851082 177 0 1 200.000 0.000 inf inf
1484787851082 178 0 1 200.000 0.000 inf inf
1484787851083 179 0 1 200.000 0.000 inf inf
1484787851083 180 0 1 200.000 0.000 inf inf
1484787851084 181 0 1 200.000 0.000 inf inf
1484787851084 182 0 1 200.000 0.000 inf inf
1484787851085 183 0 1 200.000 0.000 inf inf
1484787851085 184 0 1 200.000 0.000 inf inf
1484787851086 185 0 1 200.000 0.000 inf inf
1484787851087 186 0 1 200.000 0.000 inf inf
1484787851088 187 0 1 200.000 0.000 inf inf
1484787851089 188 0 1 200.000 0.000 inf inf
1484787851090 189 0 1 200.000 0.000 inf inf
1484787851090 190 0 1 200.000 0.000 inf inf
1484787851091 191 0 1 200.000 0.000 inf inf
1484787851092 192 0 1 200.000 0.000 inf inf
1484787851092 193 0 1 200.000 0.000 inf inf
1484787851093 194 0 1 200.000 0.000 inf inf
1484787851093 195 0 1 200.000 0.000 inf inf
1484787851094 196 0 1 200.000 0.000 inf inf
1484787851094 197 0 1 200.000 0.000 inf inf
1484787851095 198 0 1 200.000 0.000 inf inf
1484787851096 199 0 1 200.000 0.000 inf inf
1484787851096 200 0 1 200.000 0.000 inf inf
1484787851097 201 0 1 200.000 0.000 inf inf
1484787851097 202 0 1 200.000 0.000 inf inf
1484787851098 203 0 1 200.000 0.000 inf inf
1484787851098 204 0 1 200.000 0.000 inf inf
1484787851099 205 0 1 200.000 0.000 inf inf
1484787851100 206 0 1 200.000 0.000 inf inf
1484787851100 207 0 1 200.000 0.000 inf inf
1484787851101 208 0 1 200.000 0.000 inf inf
1484787851101 209 0 1 200.000 0.000 inf inf
1484787851102 210 0 1 200.000 0.000 inf inf
1484787851102 211 0 1 200.000 0.000 inf inf
1484787851103 212 0 1 200.000 0.000 inf inf
1484787851103 213 0 1 200.000 0.000 inf inf
1484787851104 214 0 1 200.000 0.000 inf inf
1484787851104 215 0 1 200.000 0.000 inf inf
1484787851105 216 0 1 200.000 0.000 inf inf
1484787851105 217 0 1 200.000 0.000 inf inf
1484787851106 218 0 1 200.000 0.000 inf inf
1484787851106 219 0 1 200.000 0.000 inf inf
1484787851107 220 0 1 200.000 0.000 inf inf
1484787851108 221 0 1 200.000 0.000 inf inf
1484787851111 222 0 1 200.000 0.000 inf inf
1484787851111 223 0 1 200.000 0.000 inf inf
1484787851111 224 0 1 200.000 0.000 inf inf
1484787851112 225 0 1 200.000 0.000 inf inf
1484787851112 226 0 1 200.000 0.000 inf inf
1484787851112 227 0 1 200.000 0.000 inf inf
1484787851112 228 0 1 200.000 0.000 inf inf
1484787851113 229 0 1 200.000 0.000 inf inf
1484787851115 230 0 1 200.000 0.000 inf inf
1484787851115 231 0 1 200.000 0.000 inf inf
1484787851115 232 0 1 200.000 0.000 inf inf
1484787851115 233 0 1 200.000 0.000 inf inf
1484787851116 234 0 1 200.000 0.000 inf inf
1484787851116 235 0 1 200.000 0.000 inf inf
1484787851116 236 0 1 200.000 0.000 inf inf
1484787851117 237 0 1 200.000 0.000 inf inf
1484787851118 238 0 1 200.000 0.000 inf inf
1484787851119 239 0 1 200.000 0.000 inf inf
1484787851120 240 0 1 200.000 0.000 inf inf
1484787851120 241 0 1 200.000 0.000 inf inf
1484787851121 242 0 1 200.000 0.000 inf inf
1484787851122 243 0 1 200.000 0.000 inf inf
1484787851122 244 0 1 200.000 0.000 inf inf
1484787851123 245 0 1 200.000 0.000 inf inf
1484787851123 246 0 1 200.000 0.000 inf inf
1484787851124 247 0 1 200.000 0.000 inf inf
1484787851124 248 0 1 200.000 0.000 inf inf
1484787851125 249 0 1 200.000 0.000 inf inf
1484787851125 250 0 1 200.000 0.000 inf inf
1484787851126 251 0 1 200.000 0.000 inf inf
1484787851126 252 0 1 200.000 0.000 inf inf
1484787851127 253 0 1 200.000 0.000 inf inf
1484787851127 254 0 1 200.000 0.000 inf inf
1484787851128 255 0 1 200.000 0.000 inf inf
1484787851129 256 0 1 200.000 0.000 inf inf
1484787851129 257 0 1 200.000 0.000 inf inf
1484787851130 258 0 1 200.000 0.000 inf inf
1484787851131 259 0 1 200.000 0.000 inf inf
1484787851132 260 0 1 200.000 0.000 inf inf
1484787851132 261 0 1 200.000 0.000 inf inf
1484787851133 262 0 1 200.000 0.000 inf inf
1484787851133 263 0 1 200.000 0.000 inf inf
1484787851133 264 0 1 200.000 0.000 inf inf
1484787851133 265 0 1 200.000 0.000 inf inf
1484787851134 266 0 1 200.000 0.000 inf inf
1484787851134 267 0 1 200.000 0.000 inf inf
1484787851136 268 0 1 200.000 0.000 inf inf
1484787851136 269 0 1 200.000 0.000 inf inf
1484787851137 270 0 1 200.000 0.000 inf inf
1484787851137 271 0 1 200.000 0.000 inf inf
1484787851138 272 0 1 200.000 0.000 inf inf
1484787851138 273 0 1 200.000 0.000 inf inf
1484787851139 274 0 1 200.000 0.000 inf inf
1484787851139 275 0 1 200.000 0.000 inf inf
1484787851140 276 0 1 200.000 0.000 inf inf
1484787851140 277 0 1 200.000 0.000 inf inf
1484787851141 278 0 1 200.000 0.000 inf inf
1484787851141 279 0 1 200.000 0.000 inf inf
1484787851142 280 0 1 200.000 0.000 inf inf
1484787851143 281 0 1 200.000 0.000 inf inf
1484787851143 282 0 1 200.000 0.000 inf inf
1484787851144 283 0 1 200.000 0.000 inf inf
1484787851144 284 0 1 200.000 0.000 inf inf
1484787851145 285 0 1 200.000 0.000 inf inf
1484787851146 286 0 1 200.000 0.000 inf inf
1484787851146 287 0 1 200.000 0.000 inf inf
1484787851148 288 0 1 200.000 0.000 inf inf
1484787851148 289 0 1 200.000 0.000 inf inf
1484787851148 290 0 1 200.000 0.000 inf inf
1484787851148 291 0 1 200.000 0.000 inf inf
1484787851149 292 0 1 200.000 0.000 inf inf
1484787851150 293 0 1 200.000 0.000 inf inf
1484787851150 294 0 1 200.000 0.000 inf inf
1484787851150 295 0 1 200.000 0.000 inf inf
1484787851151 296 0 1 200.000 0.000 inf inf
1484787851152 297 0 1 200.000 0.000 inf inf
1484787851152 298 0 1 200.000 0.000 inf inf
1484787851153 299 0 1 200.000 0.000 inf inf
1484787851153 300 0 1 200.000 0.000 inf inf
1484787851154 301 0 1 200.000 0.000 inf inf
1484787851154 302 0 1 200.000 0.000 inf inf
1484787851155 303 0 1 200.000 0.000 inf inf
1484787851155 304 0 1 200.000 0.000 inf inf
1484787851156 305 0 1 200.000 0.000 inf inf
1484787851156 306 0 1 200.000 0.000 inf inf
1484787851157 307 0 1 200.000 0.000 inf inf
1484787851158 308 0 1 200.000 0.000 inf inf
1484787851159 309 0 1 200.000 0.000 inf inf
1484787851160 310 0 1 200.000 0.000 inf inf
1484787851160 311 0 1 200.000 0.000 inf inf
1484787851161 312 0 1 200.000 0.000 inf inf
1484787851162 313 0 1 200.000 0.000 inf inf
1484787851162 314 0 1 200.000 0.000 inf inf
1484787851163 315 0 1 200.000 0.000 inf inf
1484787851163 316 0 1 200.000 0.000 inf inf
1484787851164 317 0 1 200.000 0.000 inf inf
1484787851164 318 0 1 200.000 0.000 inf inf
1484787851165 319 0 1 200.000 0.000 inf inf
1484787851165 320 0 1 200.000 0.000 inf inf
1484787851166 321 0 1 200.000 0.000 inf inf
1484787851166 322 0 1 200.000 0.000 inf inf
1484787851167 323 0 1 200.000 0.000 inf inf
1484787851167 324 0 1 200.000 0.000 inf inf
1484787851168 325 0 1 200.000 0.000 inf inf
1484787851169 326 0 1 200.000 0.000 inf inf
1484787851169 327 0 1 200.000 0.000 inf inf
1484787851170 328 0 1 200.000 0.000 inf inf
1484787851170 329 0 1 200.000 0.000 inf inf
1484787851171 330 0 1 200.000 0.000 inf inf
1484787851171 331 0 1 200.000 0.000 inf inf
1484787851172 332 0 1 200.000 0.000 inf inf
1484787851172 333 0 1 200.000 0.000 inf inf
1484787851173 334 0 1 200.000 0.000 inf inf
1484787851173 335 0 1 200.000 0.000 inf inf
1484787851174 336 0 1 200.000 0.000 inf inf
1484787851174 337 0 1 200.000 0.000 inf inf
1484787851175 338 0 1 200.000 0.000 inf inf
1484787851176 339 0 1 200.000 0.000 inf inf
1484787851176 340 0 1 200.000 0.000 inf inf
1484787851177 341 0 1 200.000 0.000 inf inf
1484787851177 342 0 1 200.000 0.000 inf inf
1484787851178 343 0 1 200.000 0.000 inf inf
1484787851179 344 0 1 200.000 0.000 inf inf
1484787851181 345 0 1 200.000 0.000 inf inf
1484787851181 346 0 1 200.000 0.000 inf inf
1484787851182 347 0 1 200.000 0.000 inf inf
1484787851182 348 0 1 200.000 0.000 inf inf
1484787851182 349 0 1 200.000 0.000 inf inf
1484787851182 350 0 1 200.000 0.000 inf inf
1484787851183 351 0 1 200.000 0.000 inf inf
1484787851185 352 0 1 200.000 0.000 inf inf
1484787851185 353 0 1 200.000 0.000 inf inf
1484787851185 354 0 1 200.000 0.000 inf inf
1484787851186 355 0 1 200.000 0.000 inf inf
1484787851186 356 0 1 200.000 0.000 inf inf
1484787851186 357 0 1 200.000 0.000 inf inf
1484787851186 358 0 1 200.000 0.000 inf inf
1484787851187 359 0 1 200.000 0.000 inf inf
1484787851188 360 0 1 200.000 0.000 inf inf
1484787851188 361 0 1 200.000 0.000 inf inf
1484787851189 362 0 1 200.000 0.000 inf inf
1484787851190 363 0 1 200.000 0.000 inf inf
1484787851190 364 0 1 200.000 0.000 inf inf
1484787851191 365 0 1 200.000 0.000 inf inf
1484787851191 366 0 1 200.000 0.000 inf inf
1484787851192 367 0 1 200.000 0.000 inf inf
1484787851192 368 0 1 200.000 0.000 inf inf
1484787851193 369 0 1 200.000 0.000 inf inf
1484787851193 370 0 1 200.000 0.000 inf inf
1484787851194 371 0 1 200.000 0.000 inf inf
1484787851195 372 0 1 200.000 0.000 inf inf
1484787851195 373 0 1 200.000 0.000 inf inf
1484787851196 374 0 1 200.000 0.000 inf inf
1484787851197 375 0 1 200.000 0.000 inf inf
1484787851197 376 0 1 200.000 0.000 inf inf
1484787851198 377 0 1 200.000 0.000 inf inf
1484787851198 378 0 1 200.000 0.000 inf inf
1484787851199 379 0 1 200.000 0.000 inf inf
1484787851200 380 0 1 200.000 0.000 inf inf
1484787851201 381 0 1 200.000 0.000 inf inf
1484787851201 382 0 1 200.000 0.000 inf inf
1484787851203 383 0 1 200.000 0.000 inf inf
1484787851203 384 0 1 200.000 0.000 inf inf
1484787851203 385 0 1 200.000 0.000 inf inf
1484787851203 386 0 1 200.000 0.000 inf inf
1484787851204 387 0 1 200.000 0.000 inf inf
1484787851204 388 0 1 200.000 0.000 inf inf
1484787851204 389 0 1 200.000 0.000 inf inf
1484787851205 390 0 1 200.000 0.000 inf inf
1484787851206 391 0 1 200.000 0.000 inf inf
1484787851206 392 0 1 200.000 0.000 inf inf
1484787851207 393 0 1 200.000 0.000 inf inf
1484787851207 394 0 1 200.000 0.000 inf inf
1484787851209 395 0 1 200.000 0.000 inf inf
1484787851209 396 0 1 200.000 0.000 inf inf
1484787851210 397 0 1 200.000 0.000 inf inf
1484787851210 398 0 1 200.000 0.000 inf inf
1484787851211 399 0 1 200.000 0.000 inf inf
1484787851212 400 0 1 200.000 0.000 inf inf
1484787851212 401 0 1 200.000 0.000 inf inf
1484787851213 402 0 1 200.000 0.000 inf inf
1484787851213 403 0 1 200.000 0.000 inf inf
1484787851214 404 0 1 200.000 0.000 inf inf
1484787851214 405 0 1 200.000 0.000 inf inf
1484787851215 406 0 1 200.000 0.000 inf inf
1484787851216 407 0 1 200.000 0.000 inf inf
1484787851216 408 0 1 200.000 0.000 inf inf
1484787851217 409 0 1 200.000 0.000 inf inf
1484787851217 410 0 1 200.000 0.000 inf inf
1484787851220 411 0 1 200.000 0.000 inf inf
1484787851220 412 0 1 200.000 0.000 inf inf
1484787851221 413 0 1 200.000 0.000 inf inf
1484787851221 414 0 1 200.000 0.000 inf inf
1484787851221 415 0 1 200.000 0.000 inf inf
1484787851221 416 0 1 200.000 0.000 inf inf
1484787851222 417 0 1 200.000 0.000 inf inf
1484787851223 418 0 1 200.000 0.000 inf inf
1484787851223 419 0 1 200.000 0.000 inf inf
1484787851224 420 0 1 200.000 0.000 inf inf
1484787851224 421 0 1 200.000 0.000 inf inf
1484787851225 422 0 1 200.000 0.000 inf inf
1484787851225 423 0 1 200.000 0.000 inf inf
1484787851226 424 0 1 200.000 0.000 inf inf
1484787851226 425 0 1 200.000 0.000 inf inf
1484787851227 426 0 1 200.000 0.000 inf inf
1484787851229 427 0 1 200.000 0.000 inf inf
1484787851229 428 0 1 200.000 0.000 inf inf
1484787851230 429 0 1 200.000 0.000 inf inf
1484787851231 430 0 1 200.000 0.000 inf inf
1484787851231 431 0 1 200.000 0.000 inf inf
1484787851232 432 0 1 200.000 0.000 inf inf
1484787851232 433 0 1 200.000 0.000 inf inf
1484787851233 434 0 1 200.000 0.000 inf inf
1484787851233 435 0 1 200.000 0.000 inf inf
1484787851234 436 0 1 200.000 0.000 inf inf
1484787851235 437 0 1 200.000 0.000 inf inf
1484787851235 438 0 1 200.000 0.000 inf inf
1484787851236 439 0 1 200.000 0.000 inf inf
1484787851236 440 0 1 200.000 0.000 inf inf
1484787851237 441 0 1 200.000 0.000 inf inf
1484787851237 442 0 1 200.000 0.000 inf inf
1484787851238 443 0 1 200.000 0.000 inf inf
1484787851238 444 0 2 200.000 0.000 inf inf
1484787851239 445 0 2 200.000 0.000 inf inf
1484787851240 446 0 2 200.000 0.000 inf inf
1484787851240 447 0 2 200.000 0.000 inf inf
1484787851241 448 0 2 200.000 0.000 inf inf
1484787851241 449 0 2 200.000 0.000 inf inf
1484787851242 450 0 2 200.000 0.000 inf inf
1484787851242 451 0 2 200.000 0.000 inf inf
1484787851243 452 0 2 200.000 0.000 inf inf
1484787851243 453 0 2 200.000 0.000 inf inf
1484787851244 454 0 2 200.000 0.000 inf inf
1484787851244 455 0 2 200.000 0.000 inf inf
1484787851245 456 0 2 200.000 0.000 inf inf
1484787851245 457 0 2 200.000 0.000 inf inf
1484787851246 458 0 2 200.000 0.000 inf inf
1484787851246 459 0 2 200.000 0.000 inf inf
1484787851247 460 0 2 200.000 0.000 inf inf
1484787851248 461 0 2 200.000 0.000 inf inf
1484787851249 462 0 2 200.000 0.000 inf inf
1484787851250 463 0 2 200.000 0.000 inf inf
1484787851251 464 0 2 200.000 0.000 inf inf
1484787851252 465 0 2 200.000 0.000 inf inf
1484787851252 466 0 2 200.000 0.000 inf inf
1484787851252 467 0 2 200.000 0.000 inf inf
1484787851253 468 0 2 200.000 0.000 inf inf
1484787851253 469 0 2 200.000 0.000 inf inf
1484787851255 470 0 2 200.000 0.000 inf inf
1484787851256 471 0 2 200.000 0.000 inf inf
1484787851256 472 0 2 200.000 0.000 inf inf
1484787851256 473 0 2 200.000 0.000 inf inf
1484787851256 474 0 2 200.000 0.000 inf inf
1484787851256 475 0 2 200.000 0.000 inf inf
1484787851257 476 0 2 200.000 0.000 inf inf
1484787851259 477 0 2 200.000 0.000 inf inf
1484787851259 478 0 2 200.000 0.000 inf inf
1484787851259 479 0 2 200.000 0.000 inf inf
1484787851260 480 0 2 200.000 0.000 inf inf
1484787851260 481 0 2 200.000 0.000 inf inf
1484787851260 482 0 2 200.000 0.000 inf inf
1484787851261 483 0 2 200.000 0.000 inf inf
1484787851261 484 0 2 200.000 0.000 inf inf
1484787851262 485 0 2 200.000 0.000 inf inf
1484787851262 486 0 2 200.000 0.000 inf inf
1484787851263 487 0 2 200.000 0.000 inf inf
1484787851263 488 0 2 200.000 0.000 inf inf
1484787851264 489 0 2 200.000 0.000 inf inf
1484787851265 490 0 2 200.000 0.000 inf inf
1484787851265 491 0 2 200.000 0.000 inf inf
1484787851266 492 0 2 200.000 0.000 inf inf
1484787851266 493 0 2 200.000 0.000 inf inf
1484787851267 494 0 2 200.000 0.000 inf inf
1484787851267 495 0 2 200.000 0.000 inf inf
1484787851268 496 0 2 200.000 0.000 inf inf
1484787851268 497 0 2 200.000 0.000 inf inf
1484787851269 498 0 2 200.000 0.000 inf inf
1484787851271 499 0 2 200.000 0.000 inf inf
1484787851271 500 0 2 200.000 0.000 inf inf
1484787851271 501 0 2 200.000 0.000 inf inf
1484787851272 502 0 2 200.000 0.000 inf inf
1484787851272 503 0 2 200.000 0.000 inf inf
1484787851272 504 0 2 200.000 0.000 inf inf
1484787851272 505 0 2 200.000 0.000 inf inf
1484787851274 506 0 2 200.000 0.000 inf inf
1484787851274 507 0 2 200.000 0.000 inf inf
1484787851274 508 0 2 200.000 0.000 inf inf
1484787851275 509 0 2 200.000 0.000 inf inf
1484787851275 510 0 2 200.000 0.000 inf inf
1484787851276 511 0 2 200.000 0.000 inf inf
1484787851276 512 0 2 200.000 0.000 inf inf
1484787851277 513 0 2 200.000 0.000 inf inf
1484787851277 514 0 2 200.000 0.000 inf inf
1484787851278 515 0 2 200.000 0.000 inf inf
1484787851279 516 0 2 200.000 0.000 inf inf
1484787851279 517 0 2 200.000 0.000 inf inf
1484787851280 518 0 2 200.000 0.000 inf inf
1484787851280 519 0 2 200.000 0.000 inf inf
1484787851281 520 0 2 200.000 0.000 inf inf
1484787851281 521 0 2 200.000 0.000 inf inf
1484787851282 522 0 2 200.000 0.000 inf inf
1484787851282 523 0 2 200.000 0.000 inf inf
1484787851283 524 0 2 200.000 0.000 inf inf
1484787851284 525 0 2 200.000 0.000 inf inf
1484787851285 526 0 2 200.000 0.000 inf inf
1484787851285 527 0 2 200.000 0.000 inf inf
1484787851285 528 0 2 200.000 0.000 inf inf
1484787851287 529 0 2 200.000 0.000 inf inf
1484787851287 530 0 2 200.000 0.000 inf inf
1484787851287 531 0 2 200.000 0.000 inf inf
1484787851287 532 0 2 200.000 0.000 inf inf
1484787851289 533 0 2 200.000 0.000 inf inf
1484787851289 534 0 2 200.000 0.000 inf inf
1484787851289 535 0 2 200.000 0.000 inf inf
1484787851289 536 0 2 200.000 0.000 inf inf
1484787851290 537 0 2 200.000 0.000 inf inf
1484787851290 538 0 2 200.000 0.000 inf inf
1484787851291 539 0 2 200.000 0.000 inf inf
1484787851292 540 0 2 200.000 0.000 inf inf
1484787851292 541 0 2 200.000 0.000 inf inf
1484787851293 542 0 2 200.000 0.000 inf inf
1484787851293 543 0 2 200.000 0.000 inf inf
1484787851294 544 0 2 200.000 0.000 inf inf
1484787851294 545 0 2 200.000 0.000 inf inf
1484787851295 546 0 2 200.000 0.000 inf inf
1484787851295 547 0 2 200.000 0.000 inf inf
1484787851296 548 0 2 200.000 0.000 inf inf
1484787851296 549 0 2 200.000 0.000 inf inf
1484787851297 550 0 2 200.000 0.000 inf inf
1484787851297 551 0 2 200.000 0.000 inf inf
1484787851298 552 0 2 200.000 0.000 inf inf
1484787851298 553 0 2 200.000 0.000 inf inf
1484787851299 554 0 2 200.000 0.000 inf inf
1484787851299 555 0 2 200.000 0.000 inf inf
1484787851300 556 0 2 200.000 0.000 inf inf
1484787851301 557 0 2 200.000 0.000 inf inf
1484787851301 558 0 2 200.000 0.000 inf inf
1484787851302 559 0 2 200.000 0.000 inf inf
1484787851303 560 0 2 200.000 0.000 inf inf
1484787851303 561 0 2 200.000 0.000 inf inf
1484787851304 562 0 2 200.000 0.000 inf inf
1484787851304 563 0 2 200.000 0.000 inf inf
1484787851305 564 0 2 200.000 0.000 inf inf
1484787851305 565 0 2 200.000 0.000 inf inf
1484787851306 566 0 2 200.000 0.000 inf inf
1484787851306 567 0 2 200.000 0.000 inf inf
1484787851307 568 0 2 200.000 0.000 inf inf
1484787851308 569 0 2 200.000 0.000 inf inf
1484787851308 570 0 2 200.000 0.000 inf inf
1484787851309 571 0 2 200.000 0.000 inf inf
1484787851309 572 0 2 200.000 0.000 inf inf
1484787851310 573 0 2 200.000 0.000 inf inf
1484787851310 574 0 2 200.000 0.000 inf inf
1484787851311 575 0 2 200.000 0.000 inf inf
1484787851311 576 0 2 200.000 0.000 inf inf
1484787851312 577 0 2 200.000 0.000 inf inf
1484787851312 578 0 2 200.000 0.000 inf inf
1484787851313 579 0 2 200.000 0.000 inf inf
1484787851313 580 0 2 200.000 0.000 inf inf
1484787851314 581 0 2 200.000 0.000 inf inf
1484787851314 582 0 2 200.000 0.000 inf inf
1484787851315 583 0 2 200.000 0.000 inf inf
1484787851316 584 0 2 200.000 0.000 inf inf
1484787851316 585 0 2 200.000 0.000 inf inf
1484787851317 586 0 2 200.000 0.000 inf inf
1484787851317 587 0 2 200.000 0.000 inf inf
1484787851318 588 0 2 200.000 0.000 inf inf
1484787851318 589 0 2 200.000 0.000 inf inf
1484787851320 590 0 2 200.000 0.000 inf inf
1484787851320 591 0 2 200.000 0.000 inf inf
1484787851320 592 0 2 200.000 0.000 inf inf
1484787851321 593 0 2 200.000 0.000 inf inf
1484787851322 594 0 2 200.000 0.000 inf inf
1484787851322 595 0 2 200.000 0.000 inf inf
1484787851322 596 0 2 200.000 0.000 inf inf
1484787851322 597 0 2 200.000 0.000 inf inf
1484787851324 598 0 2 200.000 0.000 inf inf
1484787851324 599 0 2 200.000 0.000 inf inf
1484787851324 600 0 2 200.000 0.000 inf inf
1484787851324 601 0 2 200.000 0.000 inf inf
1484787851326 602 0 2 200.000 0.000 inf inf
1484787851326 603 0 2 200.000 0.000 inf inf
1484787851326 604 0 2 200.000 0.000 inf inf
1484787851326 605 0 2 200.000 0.000 inf inf
1484787851327 606 0 2 200.000 0.000 inf inf
1484787851328 607 0 2 200.000 0.000 inf inf
1484787851328 608 0 2 200.000 0.000 inf inf
1484787851328 609 0 2 200.000 0.000 inf inf
1484787851329 610 0 2 200.000 0.000 inf inf
1484787851330 611 0 2 200.000 0.000 inf inf
1484787851330 612 0 2 200.000 0.000 inf inf
1484787851331 613 0 2 200.000 0.000 inf inf
1484787851331 614 0 2 200.000 0.000 inf inf
1484787851332 615 0 2 200.000 0.000 inf inf
1484787851332 616 0 2 200.000 0.000 inf inf
1484787851333 617 0 2 200.000 0.000 inf inf
1484787851333 618 0 2 200.000 0.000 inf inf
1484787851334 619 0 2 200.000 0.000 inf inf
1484787851335 620 0 2 200.000 0.000 inf inf
1484787851335 621 0 2 200.000 0.000 inf inf
1484787851336 622 0 2 200.000 0.000 inf inf
1484787851336 623 0 2 200.000 0.000 inf inf
1484787851337 624 0 2 200.000 0.000 inf inf
1484787851337 625 0 2 200.000 0.000 inf inf
1484787851338 626 0 2 200.000 0.000 inf inf
1484787851338 627 0 2 200.000 0.000 inf inf
1484787851339 628 0 2 200.000 0.000 inf inf
1484787851340 629 0 2 200.000 0.000 inf inf
1484787851340 630 0 2 200.000 0.000 inf inf
1484787851341 631 0 2 200.000 0.000 inf inf
1484787851341 632 0 2 200.000 0.000 inf inf
1484787851341 633 0 2 200.000 0.000 inf inf
1484787851343 634 0 2 200.000 0.000 inf inf
1484787851343 635 0 2 200.000 0.000 inf inf
1484787851344 636 0 2 200.000 0.000 inf inf
1484787851344 637 0 2 200.000 0.000 inf inf
1484787851344 638 0 2 200.000 0.000 inf inf
1484787851344 639 0 2 200.000 0.000 inf inf
1484787851345 640 0 2 200.000 0.000 inf inf
1484787851346 641 0 2 200.000 0.000 inf inf
1484787851346 642 0 2 200.000 0.000 inf inf
1484787851347 643 0 2 200.000 0.000 inf inf
1484787851348 644 0 2 200.000 0.000 inf inf
1484787851348 645 0 2 200.000 0.000 inf inf
1484787851349 646 0 2 200.000 0.000 inf inf
1484787851350 647 0 2 200.000 0.000 inf inf
1484787851350 648 0 2 200.000 0.000 inf inf
1484787851351 649 0 2 200.000 0.000 inf inf
1484787851351 650 0 2 200.000 0.000 inf inf
1484787851352 651 0 2 200.000 0.000 inf inf
1484787851353 652 0 2 200.000 0.000 inf inf
1484787851353 653 0 2 200.000 0.000 inf inf
1484787851354 654 0 2 200.000 0.000 inf inf
1484787851355 655 0 2 200.000 0.000 inf inf
1484787851357 656 0 2 200.000 0.000 inf inf
1484787851357 657 0 2 200.000 0.000 inf inf
1484787851357 658 0 2 200.000 0.000 inf inf
1484787851358 659 0 2 200.000 0.000 inf inf
1484787851358 660 0 2 200.000 0.000 inf inf
1484787851358 661 0 2 200.000 0.000 inf inf
1484787851358 662 0 2 200.000 0.000 inf inf
1484787851359 663 0 2 200.000 0.000 inf inf
1484787851359 664 0 2 200.000 0.000 inf inf
1484787851360 665 0 2 200.000 0.000 inf inf
1484787851361 666 0 2 200.000 0.000 inf inf
1484787851361 667 0 2 200.000 0.000 inf inf
1484787851362 668 0 2 200.000 0.000 inf inf
1484787851362 669 0 2 200.000 0.000 inf inf
1484787851363 670 0 2 200.000 0.000 inf inf
1484787851364 671 0 2 200.000 0.000 inf inf
1484787851364 672 0 2 200.000 0.000 inf inf
1484787851365 673 0 2 200.000 0.000 inf inf
1484787851365 674 0 2 200.000 0.000 inf inf
1484787851366 675 0 2 200.000 0.000 inf inf
1484787851366 676 0 2 200.000 0.000 inf inf
1484787851367 677 0 2 200.000 0.000 inf inf
1484787851367 678 0 2 200.000 0.000 inf inf
1484787851368 679 0 2 200.000 0.000 inf inf
1484787851368 680 0 2 200.000 0.000 inf inf
1484787851369 681 0 2 200.000 0.000 inf inf
1484787851369 682 0 2 200.000 0.000 inf inf
1484787851370 683 0 2 200.000 0.000 inf inf
1484787851371 684 0 2 200.000 0.000 inf inf
1484787851371 685 0 2 200.000 0.000 inf inf
1484787851372 686 0 2 200.000 0.000 inf inf
1484787851372 687 0 2 200.000 0.000 inf inf
1484787851373 688 0 2 200.000 0.000 inf inf
1484787851373 689 0 2 200.000 0.000 inf inf
1484787851374 690 0 2 200.000 0.000 inf inf
1484787851374 691 0 2 200.000 0.000 inf inf
1484787851375 692 0 2 200.000 0.000 inf inf
1484787851375 693 0 2 200.000 0.000 inf inf
1484787851376 694 0 2 200.000 0.000 inf inf
1484787851376 695 0 2 200.000 0.000 inf inf
1484787851377 696 0 2 200.000 0.000 inf inf
1484787851377 697 0 2 200.000 0.000 inf inf
1484787851378 698 0 2 200.000 0.000 inf inf
1484787851379 699 0 2 200.000 0.000 inf inf
1484787851379 700 0 2 200.000 0.000 inf inf
1484787851380 701 0 2 200.000 0.000 inf inf
1484787851380 702 0 2 200.000 0.000 inf inf
1484787851381 703 0 2 200.000 0.000 inf inf
1484787851381 704 0 2 200.000 0.000 inf inf
1484787851382 705 0 2 200.000 0.000 inf inf
1484787851382 706 0 2 200.000 0.000 inf inf
1484787851383 707 0 2 200.000 0.000 inf inf
1484787851383 708 0 2 200.000 0.000 inf inf
1484787851384 709 0 2 200.000 0.000 inf inf
1484787851385 710 0 2 200.000 0.000 inf inf
1484787851385 711 0 2 200.000 0.000 inf inf
1484787851385 712 0 2 200.000 0.000 inf inf
1484787851386 713 0 2 200.000 0.000 inf inf
1484787851387 714 0 2 200.000 0.000 inf inf
1484787851387 715 0 2 200.000 0.000 inf inf
1484787851388 716 0 2 200.000 0.000 inf inf
1484787851388 717 0 2 200.000 0.000 inf inf
1484787851389 718 0 2 200.000 0.000 inf inf
1484787851390 719 0 2 200.000 0.000 inf inf
1484787851390 720 0 2 200.000 0.000 inf inf
1484787851391 721 0 2 200.000 0.000 inf inf
1484787851391 722 0 2 200.000 0.000 inf inf
1484787851392 723 0 2 200.000 0.000 inf inf
1484787851392 724 0 2 200.000 0.000 inf inf
1484787851392 725 0 2 200.000 0.000 inf inf
1484787851394 726 0 2 200.000 0.000 inf inf
1484787851394 727 0 2 200.000 0.000 inf inf
1484787851394 728 0 2 200.000 0.000 inf inf
1484787851395 729 0 2 200.000 0.000 inf inf
1484787851395 730 0 2 200.000 0.000 inf inf
1484787851396 731 0 2 200.000 0.000 inf inf
1484787851396 732 0 2 200.000 0.000 inf inf
1484787851396 733 0 2 200.000 0.000 inf inf
1484787851398 734 0 2 200.000 0.000 inf inf
1484787851398 735 0 2 200.000 0.000 inf inf
1484787851398 736 0 2 200.000 0.000 inf inf
1484787851399 737 0 2 200.000 0.000 inf inf
1484787851399 738 0 2 200.000 0.000 inf inf
1484787851400 739 0 2 200.000 0.000 inf inf
1484787851400 740 0 2 200.000 0.000 inf inf
1484787851401 741 0 2 200.000 0.000 inf inf
1484787851401 742 0 2 200.000 0.000 inf inf
1484787851402 743 0 2 200.000 0.000 inf inf
1484787851403 744 0 2 200.000 0.000 inf inf
1484787851403 745 0 2 200.000 0.000 inf inf
1484787851404 746 0 2 200.000 0.000 inf inf
1484787851405 747 0 2 200.000 0.000 inf inf
1484787851405 748 0 2 200.000 0.000 inf inf
1484787851406 749 0 2 200.000 0.000 inf inf
1484787851406 750 0 2 200.000 0.000 inf inf
1484787851407 751 0 2 200.000 0.000 inf inf
1484787851408 752 0 2 200.000 0.000 inf inf
1484787851408 753 0 2 200.000 0.000 inf inf
1484787851409 754 0 2 200.000 0.000 inf inf
1484787851409 755 0 2 200.000 0.000 inf inf
1484787851410 756 0 2 200.000 0.000 inf inf
1484787851410 757 0 2 200.000 0.000 inf inf
1484787851411 758 0 2 200.000 0.000 inf inf
1484787851411 759 0 2 200.000 0.000 inf inf
1484787851413 760 0 2 200.000 0.000 inf inf
1484787851414 761 0 2 200.000 0.000 inf inf
1484787851414 762 0 2 200.000 0.000 inf inf
1484787851414 763 0 2 200.000 0.000 inf inf
1484787851414 764 0 2 200.000 0.000 inf inf
1484787851415 765 0 2 200.000 0.000 inf inf
1484787851415 766 0 2 200.000 0.000 inf inf
1484787851417 767 0 2 200.000 0.000 inf inf
1484787851417 768 0 2 200.000 0.000 inf inf
1484787851418 769 0 2 200.000 0.000 inf inf
1484787851418 770 0 2 200.000 0.000 inf inf
1484787851418 771 0 2 200.000 0.000 inf inf
1484787851418 772 0 2 200.000 0.000 inf inf
1484787851419 773 0 2 200.000 0.000 inf inf
1484787851419 774 0 2 200.000 0.000 inf inf
1484787851420 775 0 2 200.000 0.000 inf inf
1484787851420 776 0 2 200.000 0.000 inf inf
1484787851421 777 0 2 200.000 0.000 inf inf
1484787851422 778 0 2 200.000 0.000 inf inf
1484787851422 779 0 2 200.000 0.000 inf inf
1484787851423 780 0 2 200.000 0.000 inf inf
1484787851423 781 0 2 200.000 0.000 inf inf
1484787851424 782 0 2 200.000 0.000 inf inf
1484787851424 783 0 2 200.000 0.000 inf inf
1484787851425 784 0 2 200.000 0.000 inf inf
1484787851425 785 0 2 200.000 0.000 inf inf
1484787851426 786 0 2 200.000 0.000 inf inf
1484787851426 787 0 2 200.000 0.000 inf inf
1484787851427 788 0 2 200.000 0.000 inf inf
1484787851429 789 0 2 200.000 0.000 inf inf
1484787851429 790 0 2 200.000 0.000 inf inf
1484787851430 791 0 2 200.000 0.000 inf inf
1484787851430 792 0 2 200.000 0.000 inf inf
1484787851430 793 0 2 200.000 0.000 inf inf
1484787851430 794 0 2 200.000 0.000 inf inf
1484787851431 795 0 2 200.000 0.000 inf inf
1484787851431 796 0 2 200.000 0.000 inf inf
1484787851432 797 0 2 200.000 0.000 inf inf
1484787851432 798 0 2 200.000 0.000 inf inf
1484787851433 799 0 2 200.000 0.000 inf inf
1484787851433 800 0 2 200.000 0.000 inf inf
1484787851434 801 0 2 200.000 0.000 inf inf
1484787851435 802 0 2 200.000 0.000 inf inf
1484787851435 803 0 2 200.000 0.000 inf inf
1484787851436 804 0 2 200.000 0.000 inf inf
1484787851436 805 0 2 200.000 0.000 inf inf
1484787851437 806 0 2 200.000 0.000 inf inf
1484787851437 807 0 2 200.000 0.000 inf inf
1484787851438 808 0 2 200.000 0.000 inf inf
1484787851438 809 0 2 200.000 0.000 inf inf
1484787851439 810 0 2 200.000 0.000 inf inf
1484787851439 811 0 2 200.000 0.000 inf inf
1484787851440 812 0 2 200.000 0.000 inf inf
1484787851440 813 0 2 200.000 0.000 inf inf
1484787851441 814 0 2 200.000 0.000 inf inf
1484787851442 815 0 2 200.000 0.000 inf inf
1484787851442 816 0 2 200.000 0.000 inf inf
1484787851442 817 0 2 200.000 0.000 inf inf
1484787851443 818 0 2 200.000 0.000 inf inf
1484787851444 819 0 2 200.000 0.000 inf inf
1484787851444 820 0 2 200.000 0.000 inf inf
1484787851445 821 0 2 200.000 0.000 inf inf
1484787851445 822 0 2 200.000 0.000 inf inf
1484787851446 823 0 2 200.000 0.000 inf inf
1484787851446 824 0 2 200.000 0.000 inf inf
1484787851447 825 0 2 200.000 0.000 inf inf
1484787851447 826 0 2 200.000 0.000 inf inf
1484787851448 827 0 2 200.000 0.000 inf inf
1484787851448 828 0 2 200.000 0.000 inf inf
1484787851449 829 0 2 200.000 0.000 inf inf
1484787851450 830 0 2 200.000 0.000 inf inf
1484787851450 831 0 2 200.000 0.000 inf inf
1484787851450 832 0 2 200.000 0.000 inf inf
1484787851451 833 0 2 200.000 0.000 inf inf
1484787851452 834 0 2 200.000 0.000 inf inf
1484787851452 835 0 2 200.000 0.000 inf inf
1484787851453 836 0 2 200.000 0.000 inf inf
1484787851453 837 0 2 200.000 0.000 inf inf
1484787851454 838 0 2 200.000 0.000 inf inf
1484787851455 839 0 2 200.000 0.000 inf inf
1484787851455 840 0 2 200.000 0.000 inf inf
1484787851456 841 0 2 200.000 0.000 inf inf
1484787851456 842 0 2 200.000 0.000 inf inf
1484787851457 843 0 2 200.000 0.000 inf inf
1484787851457 844 0 2 200.000 0.000 inf inf
1484787851458 845 0 2 200.000 0.000 inf inf
1484787851458 846 0 2 200.000 0.000 inf inf
1484787851459 847 0 2 200.000 0.000 inf inf
1484787851460 848 0 2 200.000 0.000 inf inf
1484787851460 849 0 2 200.000 0.000 inf inf
1484787851461 850 0 2 200.000 0.000 inf inf
1484787851461 851 0 2 200.000 0.000 inf inf
1484787851462 852 0 2 200.000 0.000 inf inf
1484787851463 853 0 2 200.000 0.000 inf inf
1484787851464 854 0 2 200.000 0.000 inf inf
1484787851465 855 0 2 200.000 0.000 inf inf
1484787851465 856 0 2 200.000 0.000 inf inf
1484787851465 857 0 2 200.000 0.000 inf inf
1484787851465 858 0 2 200.000 0.000 inf inf
1484787851466 859 0 2 200.000 0.000 inf inf
1484787851466 860 0 2 200.000 0.000 inf inf
1484787851467 861 0 2 200.000 0.000 inf inf
1484787851468 862 0 2 200.000 0.000 inf inf
1484787851468 863 0 2 200.000 0.000 inf inf
1484787851469 864 0 2 200.000 0.000 inf inf
1484787851469 865 0 2 200.000 0.000 inf inf
1484787851470 866 0 2 200.000 0.000 inf inf
1484787851470 867 0 2 200.000 0.000 inf inf
1484787851471 868 0 2 200.000 0.000 inf inf
1484787851471 869 0 2 200.000 0.000 inf inf
1484787851471 870 0 2 200.000 0.000 inf inf
1484787851472 871 0 2 200.000 0.000 inf inf
1484787851473 872 0 2 200.000 0.000 inf inf
1484787851474 873 0 2 200.000 0.000 inf inf
1484787851474 874 0 2 200.000 0.000 inf inf
1484787851474 875 0 2 200.000 0.000 inf inf
1484787851475 876 0 2 200.000 0.000 inf inf
1484787851475 877 0 2 200.000 0.000 inf inf
1484787851476 878 0 2 200.000 0.000 inf inf
1484787851477 879 0 2 200.000 0.000 inf inf
1484787851477 880 0 2 200.000 0.000 inf inf
1484787851478 881 0 2 200.000 0.000 inf inf
1484787851478 882 0 2 200.000 0.000 inf inf
1484787851479 883 0 2 200.000 0.000 inf inf
1484787851479 884 0 2 200.000 0.000 inf inf
1484787851480 885 0 2 200.000 0.000 inf inf
1484787851480 886 0 2 200.000 0.000 inf inf
1484787851481 887 0 2 200.000 0.000 inf inf
1484787851481 888 0 2 200.000 0.000 inf inf
1484787851482 889 0 2 200.000 0.000 inf inf
1484787851483 890 0 2 200.000 0.000 inf inf
1484787851483 891 0 2 200.000 0.000 inf inf
1484787851484 892 0 2 200.000 0.000 inf inf
1484787851486 893 0 2 200.000 0.000 inf inf
1484787851486 894 0 2 200.000 0.000 inf inf
1484787851486 895 0 2 200.000 0.000 inf inf
1484787851487 896 0 2 200.000 0.000 inf inf
1484787851487 897 0 2 200.000 0.000 inf inf
1484787851487 898 0 2 200.000 0.000 inf inf
1484787851487 899 0 2 200.000 0.000 inf inf
1484787851488 900 1 2 200.000 0.000 inf inf
1484787851490 901 1 1 200.000 0.000 inf inf
1484787851490 902 1 1 200.000 0.000 inf inf
1484787851490 903 1 1 200.000 0.000 inf inf
1484787851490 904 1 1 200.000 0.000 inf inf
1484787851491 905 1 1 200.000 0.000 inf inf
1484787851491 906 1 1 200.000 0.000 inf inf
1484787851492 907 1 1 200.000 0.000 inf inf
1484787851492 908 1 1 200.000 0.000 inf inf
1484787851493 909 1 1 200.000 0.000 inf inf
1484787851494 910 1 1 200.000 0.000 inf inf
1484787851494 911 1 1 200.000 0.000 inf inf
1484787851495 912 1 1 200.000 0.000 inf inf
1484787851495 913 1 1 200.000 0.000 inf inf
1484787851496 914 1 1 200.000 0.000 inf inf
1484787851497 915 1 1 200.000 0.000 inf inf
1484787851497 916 1 1 200.000 0.000 inf inf
1484787851499 917 1 1 200.000 0.000 inf inf
1484787851500 918 1 1 200.000 0.000 inf inf
1484787851501 919 1 1 200.000 0.000 inf inf
1484787851502 920 1 1 200.000 0.000 inf inf
1484787851502 921 1 1 200.000 0.000 inf inf
1484787851502 922 1 1 200.000 0.000 inf inf
1484787851502 923 1 1 200.000 0.000 inf inf
1484787851503 924 1 1 200.000 0.000 inf inf
1484787851504 925 1 1 200.000 0.000 inf inf
1484787851504 926 1 1 200.000 0.000 inf inf
1484787851505 927 1 1 200.000 0.000 inf inf
1484787851505 928 1 1 200.000 0.000 inf inf
1484787851506 929 1 1 200.000 0.000 inf inf
1484787851506 930 1 1 200.000 0.000 inf inf
1484787851507 931 1 1 200.000 0.000 inf inf
1484787851508 932 1 1 200.000 0.000 inf inf
1484787851508 933 1 1 200.000 0.000 inf inf
1484787851509 934 1 1 200.000 0.000 inf inf
1484787851509 935 1 1 200.000 0.000 inf inf
1484787851510 936 1 1 200.000 0.000 inf inf
1484787851511 937 1 1 200.000 0.000 inf inf
1484787851511 938 1 1 200.000 0.000 inf inf
1484787851512 939 1 1 200.000 0.000 inf inf
1484787851512 940 1 1 200.000 0.000 inf inf
1484787851513 941 1 1 200.000 0.000 inf inf
1484787851514 942 1 1 200.000 0.000 inf inf
1484787851514 943 1 1 200.000 0.000 inf inf
1484787851515 944 1 1 200.000 0.000 inf inf
1484787851515 945 1 1 200.000 0.000 inf inf
1484787851516 946 1 1 200.000 0.000 inf inf
1484787851516 947 1 1 200.000 0.000 inf inf
1484787851517 948 1 1 200.000 0.000 inf inf
1484787851517 949 1 1 200.000 0.000 inf inf
1484787851518 950 1 1 200.000 0.000 inf inf
1484787851518 951 1 1 200.000 0.000 inf inf
1484787851519 952 1 1 200.000 0.000 inf inf
1484787851519 953 1 1 200.000 0.000 inf inf
1484787851520 954 1 1 200.000 0.000 inf inf
1484787851521 955 1 1 200.000 0.000 inf inf
1484787851522 956 1 1 200.000 0.000 inf inf
1484787851523 957 1 1 200.000 0.000 inf inf
1484787851523 958 1 1 200.000 0.000 inf inf
1484787851524 959 1 1 200.000 0.000 inf inf
1484787851524 960 1 1 200.000 0.000 inf inf
1484787851525 961 1 1 200.000 0.000 inf inf
1484787851526 962 1 1 200.000 0.000 inf inf
1484787851526 963 1 1 200.000 0.000 inf inf
1484787851527 964 1 1 200.000 0.000 inf inf
1484787851527 965 1 1 200.000 0.000 inf inf
1484787851528 966 1 1 200.000 0.000 inf inf
1484787851528 967 1 1 200.000 0.000 inf inf
1484787851529 968 1 1 200.000 0.000 inf inf
1484787851529 969 1 1 200.000 0.000 inf inf
1484787851530 970 1 1 200.000 0.000 inf inf
1484787851530 971 1 1 200.000 0.000 inf inf
1484787851531 972 1 1 200.000 0.000 inf inf
1484787851531 973 1 1 200.000 0.000 inf inf
1484787851532 974 1 1 200.000 0.000 inf inf
1484787851533 975 1 1 200.000 0.000 inf inf
1484787851533 976 1 1 200.000 0.000 inf inf
1484787851533 977 1 1 200.000 0.000 inf inf
1484787851535 978 1 1 200.000 0.000 inf inf
1484787851535 979 1 1 200.000 0.000 inf inf
1484787851537 980 1 1 200.000 0.000 inf inf
1484787851537 981 1 1 200.000 0.000 inf inf
1484787851537 982 1 1 200.000 0.000 inf inf
1484787851537 983 1 1 200.000 0.000 inf inf
1484787851538 984 1 1 200.000 0.000 inf inf
1484787851538 985 1 1 200.000 0.000 inf inf
1484787851538 986 1 1 200.000 0.000 inf inf
1484787851539 987 1 1 200.000 0.000 inf inf
1484787851540 988 1 1 200.000 0.000 inf inf
1484787851541 989 1 1 200.000 0.000 inf inf
1484787851541 990 1 1 200.000 0.000 inf inf
1484787851541 991 1 1 200.000 0.000 inf inf
1484787851541 992 1 1 200.000 0.000 inf inf
1484787851542 993 1 1 200.000 0.000 inf inf
1484787851542 994 1 1 200.000 0.000 inf inf
1484787851544 995 1 1 200.000 0.000 inf inf
1484787851544 996 1 1 200.000 0.000 inf inf
1484787851545 997 1 1 200.000 0.000 inf inf
1484787851545 998 1 1 200.000 0.000 inf inf
1484787851545 999 1 1 200.000 0.000 inf inf
1484787851546 1000 1 1 200.000 0.000 inf inf
1484787851546 1001 1 1 200.000 0.000 inf inf
1484787851547 1002 1 1 200.000 0.000 inf inf
1484787851547 1003 1 1 200.000 0.000 inf inf
1484787851548 1004 1 1 200.000 0.000 inf inf
1484787851549 1005 1 1 200.000 0.000 inf inf
1484787851549 1006 1 1 200.000 0.000 inf inf
1484787851550 1007 1 1 200.000 0.000 inf inf
1484787851550 1008 1 1 200.000 0.000 inf inf
1484787851551 1009 1 1 200.000 0.000 inf inf
1484787851551 1010 1 1 200.000 0.000 inf inf
1484787851552 1011 1 1 200.000 0.000 inf inf
1484787851552 1012 1 1 200.000 0.000 inf inf
1484787851553 1013 1 1 200.000 0.000 inf inf
1484787851556 1014 1 1 200.000 0.000 inf inf
1484787851557 1015 1 1 200.000 0.000 inf inf
1484787851557 1016 1 1 200.000 0.000 inf inf
1484787851559 1017 1 1 200.000 0.000 inf inf
1484787851560 1018 1 1 200.000 0.000 inf inf
1484787851562 1019 1 1 200.000 0.000 inf inf
1484787851562 1020 1 1 200.000 0.000 inf inf
1484787851563 1021 1 1 200.000 0.000 inf inf
1484787851563 1022 1 1 200.000 0.000 inf inf
1484787851563 1023 1 1 200.000 0.000 inf inf
1484787851564 1024 1 1 200.000 0.000 inf inf
1484787851565 1025 1 1 200.000 0.000 inf inf
1484787851566 1026 1 1 200.000 0.000 inf inf
1484787851567 1027 1 1 200.000 0.000 inf inf
1484787851567 1028 1 1 200.000 0.000 inf inf
1484787851568 1029 1 1 200.000 0.000 inf inf
1484787851568 1030 1 1 200.000 0.000 inf inf
1484787851569 1031 1 1 200.000 0.000 inf inf
1484787851570 1032 1 1 200.000 0.000 inf inf
1484787851570 1033 1 1 200.000 0.000 inf inf
1484787851572 1034 1 1 200.000 0.000 inf inf
1484787851572 1035 1 1 200.000 0.000 inf inf
1484787851572 1036 1 1 200.000 0.000 inf inf
1484787851573 1037 1 1 200.000 0.000 inf inf
1484787851574 1038 1 1 200.000 0.000 inf inf
1484787851574 1039 1 1 200.000 0.000 inf inf
1484787851575 1040 1 1 200.000 0.000 inf inf
1484787851576 1041 1 1 200.000 0.000 inf inf
1484787851576 1042 1 1 200.000 0.000 inf inf
1484787851577 1043 1 1 200.000 0.000 inf inf
1484787851578 1044 1 1 200.000 0.000 inf inf
1484787851578 1045 1 1 200.000 0.000 inf inf
1484787851579 1046 1 1 200.000 0.000 inf inf
1484787851586 1047 1 1 200.000 0.000 inf inf
1484787851591 1048 1 1 200.000 0.000 inf inf
1484787851594 1049 1 1 200.000 0.000 inf inf
1484787851598 1050 1 1 200.000 0.000 inf inf
1484787851601 1051 1 1 200.000 0.000 inf inf
1484787851602 1052 1 1 200.000 0.000 inf inf
1484787851605 1053 1 1 200.000 0.000 inf inf
1484787851609 1054 1 1 200.000 0.000 inf inf
1484787851613 1055 1 1 200.000 0.000 inf inf
1484787851614 1056 1 1 200.000 0.000 inf inf
1484787851615 1057 1 1 200.000 0.000 inf inf
1484787851615 1058 1 1 200.000 0.000 inf inf
1484787851617 1059 1 1 200.000 0.000 inf inf
1484787851619 1060 1 1 200.000 0.000 inf inf
1484787851621 1061 1 1 200.000 0.000 inf inf
1484787851623 1062 1 1 200.000 0.000 inf inf
1484787851625 1063 1 1 200.000 0.000 inf inf
1484787851627 1064 1 1 200.000 0.000 inf inf
1484787851633 1065 1 1 200.000 0.000 inf inf
1484787851633 1066 1 1 200.000 0.000 inf inf
1484787851636 1067 1 1 200.000 0.000 inf inf
1484787851636 1068 1 1 200.000 0.000 inf inf
1484787851637 1069 1 1 200.000 0.000 inf inf
1484787851640 1070 1 1 200.000 0.000 inf inf
1484787851642 1071 1 1 200.000 0.000 inf inf
1484787851644 1072 1 1 200.000 0.000 inf inf
1484787851651 1073 1 1 200.000 0.000 inf inf
1484787851652 1074 1 1 200.000 0.000 inf inf
1484787851654 1075 1 1 200.000 0.000 inf inf
1484787851655 1076 1 1 200.000 0.000 inf inf
1484787851660 1077 1 1 200.000 0.000 inf inf
1484787851660 1078 1 1 200.000 0.000 inf inf
1484787851661 1079 1 1 200.000 0.000 inf inf
1484787851662 1080 1 1 200.000 0.000 inf inf
1484787851662 1081 1 1 200.000 0.000 inf inf
1484787851663 1082 1 1 200.000 0.000 inf inf
1484787851663 1083 1 1 200.000 0.000 inf inf
1484787851664 1084 1 1 200.000 0.000 inf inf
1484787851664 1085 1 1 200.000 0.000 inf inf
1484787851665 1086 1 1 200.000 0.000 inf inf
1484787851666 1087 1 1 200.000 0.000 inf inf
1484787851666 1088 1 1 200.000 0.000 inf inf
1484787851667 1089 1 1 200.000 0.000 inf inf
1484787851668 1090 1 1 200.000 0.000 inf inf
1484787851669 1091 1 1 200.000 0.000 inf inf
1484787851670 1092 1 1 200.000 0.000 inf inf
1484787851670 1093 1 1 200.000 0.000 inf inf
1484787851671 1094 1 1 200.000 0.000 inf inf
1484787851671 1095 1 1 200.000 0.000 inf inf
1484787851672 1096 1 1 200.000 0.000 inf inf
1484787851672 1097 1 1 200.000 0.000 inf inf
1484787851673 1098 1 1 200.000 0.000 inf inf
1484787851673 1099 1 1 200.000 0.000 inf inf
1484787851674 1100 1 1 200.000 0.000 inf inf
1484787851675 1101 1 1 200.000 0.000 inf inf
1484787851675 1102 1 1 200.000 0.000 inf inf
1484787851676 1103 1 1 200.000 0.000 inf inf
1484787851676 1104 1 1 200.000 0.000 inf inf
1484787851677 1105 1 1 200.000 0.000 inf inf
1484787851677 1106 1 1 200.000 0.000 inf inf
1484787851679 1107 1 1 200.000 0.000 inf inf
1484787851679 1108 1 1 200.000 0.000 inf inf
1484787851680 1109 1 1 200.000 0.000 inf inf
1484787851680 1110 1 1 200.000 0.000 inf inf
1484787851680 1111 1 1 200.000 0.000 inf inf
1484787851680 1112 1 1 200.000 0.000 inf inf
1484787851681 1113 1 1 200.000 0.000 inf inf
1484787851681 1114 1 1 200.000 0.000 inf inf
1484787851683 1115 1 1 200.000 0.000 inf inf
1484787851684 1116 1 1 200.000 0.000 inf inf
1484787851684 1117 1 1 200.000 0.000 inf inf
1484787851684 1118 1 1 200.000 0.000 inf inf
1484787851684 1119 1 1 200.000 0.000 inf inf
1484787851685 1120 1 1 200.000 0.000 inf inf
1484787851686 1121 1 1 200.000 0.000 inf inf
1484787851686 1122 1 1 200.000 0.000 inf inf
1484787851687 1123 1 1 200.000 0.000 inf inf
1484787851688 1124 1 1 200.000 0.000 inf inf
1484787851689 1125 1 1 200.000 0.000 inf inf
1484787851690 1126 1 1 200.000 0.000 inf inf
1484787851690 1127 1 1 200.000 0.000 inf inf
1484787851691 1128 1 1 200.000 0.000 inf inf
1484787851691 1129 1 1 200.000 0.000 inf inf
1484787851692 1130 1 1 200.000 0.000 inf inf
1484787851693 1131 1 1 200.000 0.000 inf inf
1484787851695 1132 1 1 200.000 0.000 inf inf
1484787851695 1133 1 1 200.000 0.000 inf inf
1484787851695 1134 1 1 200.000 0.000 inf inf
1484787851696 1135 1 1 200.000 0.000 inf inf
1484787851696 1136 1 1 200.000 0.000 inf inf
1484787851696 1137 1 1 200.000 0.000 inf inf
1484787851697 1138 1 1 200.000 0.000 inf inf
1484787851697 1139 1 1 200.000 0.000 inf inf
1484787851698 1140 1 1 200.000 0.000 inf inf
1484787851698 1141 1 1 200.000 0.000 inf inf
1484787851699 1142 1 1 200.000 0.000 inf inf
1484787851699 1143 1 1 200.000 0.000 inf inf
1484787851700 1144 1 1 200.000 0.000 inf inf
1484787851701 1145 1 1 200.000 0.000 inf inf
1484787851701 1146 1 1 200.000 0.000 inf inf
1484787851702 1147 1 1 200.000 0.000 inf inf
1484787851702 1148 1 1 200.000 0.000 inf inf
1484787851703 1149 1 1 200.000 0.000 inf inf
1484787851704 1150 1 1 200.000 0.000 inf inf
1484787851704 1151 1 1 200.000 0.000 inf inf
1484787851705 1152 1 1 200.000 0.000 inf inf
1484787851705 1153 1 1 200.000 0.000 inf inf
1484787851706 1154 1 1 200.000 0.000 inf inf
1484787851706 1155 1 1 200.000 0.000 inf inf
1484787851707 1156 1 1 200.000 0.000 inf inf
1484787851707 1157 1 1 200.000 0.000 inf inf
1484787851708 1158 1 1 200.000 0.000 inf inf
1484787851710 1159 1 1 200.000 0.000 inf inf
1484787851711 1160 1 1 200.000 0.000 inf inf
1484787851711 1161 1 1 200.000 0.000 inf inf
1484787851711 1162 1 1 200.000 0.000 inf inf
1484787851711 1163 1 1 200.000 0.000 inf inf
1484787851712 1164 1 1 200.000 0.000 inf inf
1484787851712 1165 1 1 200.000 0.000 inf inf
1484787851712 1166 1 1 200.000 0.000 inf inf
1484787851712 1167 1 1 200.000 0.000 inf inf
1484787851713 1168 1 1 200.000 0.000 inf inf
1484787851714 1169 1 1 200.000 0.000 inf inf
1484787851714 1170 1 1 200.000 0.000 inf inf
1484787851715 1171 1 1 200.000 0.000 inf inf
1484787851715 1172 1 1 200.000 0.000 inf inf
1484787851716 1173 1 1 200.000 0.000 inf inf
1484787851717 1174 1 1 200.000 0.000 inf inf
1484787851717 1175 1 1 200.000 0.000 inf inf
1484787851718 1176 1 1 200.000 0.000 inf inf
1484787851718 1177 1 1 200.000 0.000 inf inf
1484787851719 1178 1 1 200.000 0.000 inf inf
1484787851719 1179 1 1 200.000 0.000 inf inf
1484787851720 1180 1 1 200.000 0.000 inf inf
1484787851720 1181 1 1 200.000 0.000 inf inf
1484787851721 1182 1 1 200.000 0.000 inf inf
1484787851721 1183 1 1 200.000 0.000 inf inf
1484787851722 1184 1 1 200.000 0.000 inf inf
1484787851722 1185 1 1 200.000 0.000 inf inf
1484787851723 1186 1 1 200.000 0.000 inf inf
1484787851723 1187 1 1 200.000 0.000 inf inf
1484787851724 1188 1 1 200.000 0.000 inf inf
1484787851724 1189 1 1 200.000 0.000 inf inf
1484787851725 1190 1 1 200.000 0.000 inf inf
1484787851726 1191 1 1 200.000 0.000 inf inf
1484787851726 1192 1 1 200.000 0.000 inf inf
1484787851727 1193 1 1 200.000 0.000 inf inf
1484787851727 1194 1 1 200.000 0.000 inf inf
1484787851728 1195 1 1 200.000 0.000 inf inf
1484787851728 1196 1 1 200.000 0.000 inf inf
1484787851729 1197 1 1 200.000 0.000 inf inf
1484787851729 1198 1 1 200.000 0.000 inf inf
1484787851730 1199 1 1 200.000 0.000 inf inf
1484787851730 1200 1 1 200.000 0.000 inf inf
1484787851731 1201 1 1 200.000 0.000 inf inf
1484787851731 1202 1 1 200.000 0.000 inf inf
1484787851732 1203 1 1 200.000 0.000 inf inf
1484787851733 1204 1 1 200.000 0.000 inf inf
1484787851733 1205 1 1 200.000 0.000 inf inf
1484787851734 1206 1 1 200.000 0.000 inf inf
1484787851734 1207 1 1 200.000 0.000 inf inf
1484787851735 1208 1 1 200.000 0.000 inf inf
1484787851736 1209 1 1 200.000 0.000 inf inf
1484787851736 1210 1 1 200.000 0.000 inf inf
1484787851737 1211 1 1 200.000 0.000 inf inf
1484787851738 1212 1 1 200.000 0.000 inf inf
1484787851739 1213 1 1 200.000 0.000 inf inf
1484787851740 1214 1 1 200.000 0.000 inf inf
1484787851740 1215 1 1 200.000 0.000 inf inf
1484787851741 1216 1 1 200.000 0.000 inf inf
1484787851741 1217 1 1 200.000 0.000 inf inf
1484787851742 1218 1 1 200.000 0.000 inf inf
1484787851743 1219 1 1 200.000 0.000 inf inf
1484787851743 1220 1 1 200.000 0.000 inf inf
1484787851745 1221 1 1 200.000 0.000 inf inf
1484787851746 1222 1 1 200.000 0.000 inf inf
1484787851746 1223 1 1 200.000 0.000 inf inf
1484787851746 1224 1 1 200.000 0.000 inf inf
1484787851746 1225 1 1 200.000 0.000 inf inf
1484787851747 1226 1 1 200.000 0.000 inf inf
1484787851747 1227 1 1 200.000 0.000 inf inf
1484787851747 1228 1 1 200.000 0.000 inf inf
1484787851749 1229 1 1 200.000 0.000 inf inf
1484787851750 1230 1 1 200.000 0.000 inf inf
1484787851750 1231 1 1 200.000 0.000 inf inf
1484787851750 1232 1 1 200.000 0.000 inf inf
1484787851750 1233 1 1 200.000 0.000 inf inf
1484787851751 1234 1 1 200.000 0.000 inf inf
1484787851751 1235 1 1 200.000 0.000 inf inf
1484787851751 1236 1 1 200.000 0.000 inf inf
1484787851753 1237 1 1 200.000 0.000 inf inf
1484787851754 1238 1 1 200.000 0.000 inf inf
1484787851754 1239 1 1 200.000 0.000 inf inf
1484787851754 1240 1 1 200.000 0.000 inf inf
1484787851754 1241 1 1 200.000 0.000 inf inf
1484787851755 1242 1 1 200.000 0.000 inf inf
1484787851755 1243 1 1 200.000 0.000 inf inf
1484787851756 1244 1 1 200.000 0.000 inf inf
1484787851756 1245 1 1 200.000 0.000 inf inf
1484787851757 1246 1 1 200.000 0.000 inf inf
1484787851758 1247 1 1 200.000 0.000 inf inf
1484787851758 1248 1 1 200.000 0.000 inf inf
1484787851759 1249 1 1 200.000 0.000 inf inf
1484787851759 1250 1 1 200.000 0.000 inf inf
1484787851760 1251 1 1 200.000 0.000 inf inf
1484787851760 1252 1 1 200.000 0.000 inf inf
1484787851761 1253 1 1 200.000 0.000 inf inf
1484787851761 1254 1 1 200.000 0.000 inf inf
1484787851762 1255 1 1 200.000 0.000 inf inf
1484787851762 1256 1 1 200.000 0.000 inf inf
1484787851763 1257 1 1 200.000 0.000 inf inf
1484787851765 1258 1 1 200.000 0.000 inf inf
1484787851765 1259 1 1 200.000 0.000 inf inf
1484787851766 1260 1 1 200.000 0.000 inf inf
1484787851766 1261 1 1 200.000 0.000 inf inf
1484787851766 1262 1 1 200.000 0.000 inf inf
1484787851766 1263 1 1 200.000 0.000 inf inf
1484787851767 1264 1 1 200.000 0.000 inf inf
1484787851769 1265 1 1 200.000 0.000 inf inf
1484787851769 1266 1 1 200.000 0.000 inf inf
1484787851769 1267 1 1 200.000 0.000 inf inf
1484787851769 1268 1 1 200.000 0.000 inf inf
1484787851770 1269 1 1 200.000 0.000 inf inf
1484787851770 1270 1 1 200.000 0.000 inf inf
1484787851770 1271 1 1 200.000 0.000 inf inf
1484787851771 1272 1 1 200.000 0.000 inf inf
1484787851772 1273 1 1 200.000 0.000 inf inf
1484787851772 1274 1 1 200.000 0.000 inf inf
1484787851773 1275 1 1 200.000 0.000 inf inf
1484787851773 1276 1 1 200.000 0.000 inf inf
1484787851774 1277 1 1 200.000 0.000 inf inf
1484787851774 1278 1 1 200.000 0.000 inf inf
1484787851775 1279 1 1 200.000 0.000 inf inf
1484787851775 1280 1 1 200.000 0.000 inf inf
1484787851776 1281 1 1 200.000 0.000 inf inf
1484787851777 1282 1 1 200.000 0.000 inf inf
1484787851777 1283 1 1 200.000 0.000 inf inf
1484787851778 1284 1 1 200.000 0.000 inf inf
1484787851778 1285 1 1 200.000 0.000 inf inf
1484787851779 1286 1 1 200.000 0.000 inf inf
1484787851781 1287 1 1 200.000 0.000 inf inf
1484787851781 1288 1 1 200.000 0.000 inf inf
1484787851781 1289 1 1 200.000 0.000 inf inf
1484787851781 1290 1 1 200.000 0.000 inf inf
1484787851782 1291 1 1 200.000 0.000 inf inf
1484787851782 1292 1 1 200.000 0.000 inf inf
1484787851782 1293 1 1 200.000 0.000 inf inf
1484787851783 1294 1 1 200.000 0.000 inf inf
1484787851784 1295 1 1 200.000 0.000 inf inf
1484787851784 1296 1 1 200.000 0.000 inf inf
1484787851785 1297 1 1 200.000 0.000 inf inf
1484787851785 1298 1 1 200.000 0.000 inf inf
1484787851786 1299 1 1 200.000 0.000 inf inf
1484787851787 1300 1 1 200.000 0.000 inf inf
1484787851787 1301 1 1 200.000 0.000 inf inf
1484787851788 1302 1 1 200.000 0.000 inf inf
1484787851788 1303 1 1 200.000 0.000 inf inf
1484787851789 1304 1 1 200.000 0.000 inf inf
1484787851790 1305 1 1 200.000 0.000 inf inf
1484787851790 1306 1 1 200.000 0.000 inf inf
1484787851791 1307 1 1 200.000 0.000 inf inf
1484787851791 1308 1 1 200.000 0.000 inf inf
1484787851792 1309 1 1 200.000 0.000 inf inf
1484787851792 1310 1 1 200.000 0.000 inf inf
1484787851793 1311 1 1 200.000 0.000 inf inf
1484787851793 1312 1 1 200.000 0.000 inf inf
1484787851794 1313 1 1 200.000 0.000 inf inf
1484787851795 1314 1 1 200.000 0.000 inf inf
1484787851795 1315 1 1 200.000 0.000 inf inf
1484787851796 1316 1 1 200.000 0.000 inf inf
1484787851796 1317 1 1 200.000 0.000 inf inf
1484787851797 1318 1 1 200.000 0.000 inf inf
1484787851797 1319 1 1 200.000 0.000 inf inf
1484787851798 1320 1 1 200.000 0.000 inf inf
1484787851798 1321 1 1 200.000 0.000 inf inf
1484787851799 1322 1 1 200.000 0.000 inf inf
1484787851799 1323 1 1 200.000 0.000 inf inf
1484787851800 1324 1 1 200.000 0.000 inf inf
1484787851800 1325 1 1 200.000 0.000 inf inf
1484787851801 1326 1 1 200.000 0.000 inf inf
1484787851801 1327 1 1 200.000 0.000 inf inf
1484787851802 1328 1 1 200.000 0.000 inf inf
1484787851803 1329 1 1 200.000 0.000 inf inf
1484787851803 1330 1 1 200.000 0.000 inf inf
1484787851804 1331 1 1 200.000 0.000 inf inf
1484787851804 1332 1 1 200.000 0.000 inf inf
1484787851805 1333 1 1 200.000 0.000 inf inf
1484787851805 1334 1 1 200.000 0.000 inf inf
1484787851806 1335 1 1 200.000 0.000 inf inf
1484787851806 1336 1 1 200.000 0.000 inf inf
1484787851807 1337 1 1 200.000 0.000 inf inf
1484787851807 1338 1 1 200.000 0.000 inf inf
1484787851808 1339 1 1 200.000 0.000 inf inf
1484787851808 1340 1 1 200.000 0.000 inf inf
1484787851809 1341 1 1 200.000 0.000 inf inf
1484787851810 1342 1 1 200.000 0.000 inf inf
1484787851810 1343 1 1 200.000 0.000 inf inf
1484787851811 1344 1 1 200.000 0.000 inf inf
1484787851811 1345 1 1 200.000 0.000 inf inf
1484787851812 1346 1 1 200.000 0.000 inf inf
1484787851812 1347 1 1 200.000 0.000 inf inf
1484787851813 1348 1 1 200.000 0.000 inf inf
1484787851814 1349 1 1 200.000 0.000 inf inf
1484787851814 1350 1 1 200.000 0.000 inf inf
1484787851814 1351 1 1 200.000 0.000 inf inf
1484787851816 1352 1 1 200.000 0.000 inf inf
1484787851816 1353 1 1 200.000 0.000 inf inf
1484787851816 1354 1 1 200.000 0.000 inf inf
1484787851817 1355 1 1 200.000 0.000 inf inf
1484787851818 1356 1 1 200.000 0.000 inf inf
1484787851818 1357 1 1 200.000 0.000 inf inf
1484787851818 1358 1 1 200.000 0.000 inf inf
1484787851818 1359 1 1 200.000 0.000 inf inf
1484787851820 1360 1 1 200.000 0.000 inf inf
1484787851820 1361 1 1 200.000 0.000 inf inf
1484787851820 1362 1 1 200.000 0.000 inf inf
1484787851820 1363 1 1 200.000 0.000 inf inf
1484787851822 1364 1 1 200.000 0.000 inf inf
1484787851822 1365 1 1 200.000 0.000 inf inf
1484787851822 1366 1 1 200.000 0.000 inf inf
1484787851824 1367 1 1 200.000 0.000 inf inf
1484787851824 1368 1 1 200.000 0.000 inf inf
1484787851824 1369 1 1 200.000 0.000 inf inf
1484787851824 1370 1 1 200.000 0.000 inf inf
1484787851825 1371 1 1 200.000 0.000 inf inf
1484787851825 1372 1 1 200.000 0.000 inf inf
1484787851826 1373 1 1 200.000 0.000 inf inf
1484787851827 1374 1 1 200.000 0.000 inf inf
1484787851827 1375 1 1 200.000 0.000 inf inf
1484787851828 1376 1 1 200.000 0.000 inf inf
1484787851828 1377 1 1 200.000 0.000 inf inf
1484787851829 1378 1 1 200.000 0.000 inf inf
1484787851829 1379 1 1 200.000 0.000 inf inf
1484787851830 1380 1 1 200.000 0.000 inf inf
1484787851830 1381 1 1 200.000 0.000 inf inf
1484787851831 1382 1 1 200.000 0.000 inf inf
1484787851832 1383 1 1 200.000 0.000 inf inf
1484787851832 1384 1 1 200.000 0.000 inf inf
1484787851833 1385 1 1 200.000 0.000 inf inf
1484787851833 1386 1 1 200.000 0.000 inf inf
1484787851835 1387 1 1 200.000 0.000 inf inf
1484787851836 1388 1 1 200.000 0.000 inf inf
1484787851836 1389 1 1 200.000 0.000 inf inf
1484787851836 1390 1 1 200.000 0.000 inf inf
1484787851837 1391 1 1 200.000 0.000 inf inf
1484787851837 1392 1 1 200.000 0.000 inf inf
1484787851837 1393 1 1 200.000 0.000 inf inf
1484787851839 1394 1 1 200.000 0.000 inf inf
1484787851840 1395 1 1 200.000 0.000 inf inf
1484787851840 1396 1 1 200.000 0.000 inf inf
1484787851841 1397 1 1 200.000 0.000 inf inf
1484787851841 1398 1 1 200.000 0.000 inf inf
1484787851842 1399 1 1 200.000 0.000 inf inf
1484787851843 1400 1 1 200.000 0.000 inf inf
1484787851843 1401 1 1 200.000 0.000 inf inf
1484787851844 1402 1 1 200.000 0.000 inf inf
1484787851844 1403 1 1 200.000 0.000 inf inf
1484787851845 1404 1 1 200.000 0.000 inf inf
1484787851845 1405 1 1 200.000 0.000 inf inf
1484787851846 1406 1 1 200.000 0.000 inf inf
1484787851846 1407 1 1 200.000 0.000 inf inf
1484787851847 1408 1 1 200.000 0.000 inf inf
1484787851848 1409 1 1 200.000 0.000 inf inf
1484787851848 1410 1 1 200.000 0.000 inf inf
1484787851848 1411 1 1 200.000 0.000 inf inf
1484787851851 1412 1 1 200.000 0.000 inf inf
1484787851851 1413 1 1 200.000 0.000 inf inf
1484787851852 1414 1 1 200.000 0.000 inf inf
1484787851852 1415 1 1 200.000 0.000 inf inf
1484787851852 1416 1 1 200.000 0.000 inf inf
1484787851852 1417 1 1 200.000 0.000 inf inf
1484787851853 1418 1 1 200.000 0.000 inf inf
1484787851853 1419 1 1 200.000 0.000 inf inf
1484787851853 1420 1 1 200.000 0.000 inf inf
1484787851854 1421 1 1 200.000 0.000 inf inf
1484787851854 1422 1 1 200.000 0.000 inf inf
1484787851855 1423 1 1 200.000 0.000 inf inf
1484787851855 1424 1 1 200.000 0.000 inf inf
1484787851856 1425 1 1 200.000 0.000 inf inf
1484787851856 1426 1 1 200.000 0.000 inf inf
1484787851857 1427 1 1 200.000 0.000 inf inf
1484787851858 1428 1 1 200.000 0.000 inf inf
1484787851858 1429 1 1 200.000 0.000 inf inf
1484787851859 1430 1 1 200.000 0.000 inf inf
1484787851859 1431 1 1 200.000 0.000 inf inf
1484787851860 1432 1 1 200.000 0.000 inf inf
1484787851860 1433 1 1 200.000 0.000 inf inf
1484787851861 1434 1 1 200.000 0.000 inf inf
1484787851861 1435 1 1 200.000 0.000 inf inf
1484787851862 1436 1 1 200.000 0.000 inf inf
1484787851862 1437 1 1 200.000 0.000 inf inf
1484787851863 1438 1 1 200.000 0.000 inf inf
1484787851863 1439 1 1 200.000 0.000 inf inf
1484787851864 1440 1 1 200.000 0.000 inf inf
1484787851864 1441 1 1 200.000 0.000 inf inf
1484787851865 1442 1 1 200.000 0.000 inf inf
1484787851866 1443 1 1 200.000 0.000 inf inf
1484787851866 1444 1 1 200.000 0.000 inf inf
1484787851867 1445 1 1 200.000 0.000 inf inf
1484787851867 1446 1 1 200.000 0.000 inf inf
1484787851868 1447 1 1 200.000 0.000 inf inf
1484787851868 1448 1 1 200.000 0.000 inf inf
1484787851869 1449 1 1 200.000 0.000 inf inf
1484787851869 1450 1 1 200.000 0.000 inf inf
1484787851870 1451 1 1 200.000 0.000 inf inf
1484787851870 1452 1 1 200.000 0.000 inf inf
1484787851871 1453 1 1 200.000 0.000 inf inf
1484787851871 1454 1 1 200.000 0.000 inf inf
1484787851872 1455 1 1 200.000 0.000 inf inf
1484787851872 1456 1 1 200.000 0.000 inf inf
1484787851873 1457 1 1 200.000 0.000 inf inf
1484787851874 1458 1 1 200.000 0.000 inf inf
1484787851874 1459 1 1 200.000 0.000 inf inf
1484787851875 1460 1 1 200.000 0.000 inf inf
1484787851875 1461 1 1 200.000 0.000 inf inf
1484787851876 1462 1 1 200.000 0.000 inf inf
1484787851876 1463 1 1 200.000 0.000 inf inf
1484787851877 1464 1 1 200.000 0.000 inf inf
1484787851877 1465 1 1 200.000 0.000 inf inf
1484787851878 1466 1 1 200.000 0.000 inf inf
1484787851879 1467 1 1 200.000 0.000 inf inf
1484787851879 1468 1 1 200.000 0.000 inf inf
1484787851880 1469 1 1 200.000 0.000 inf inf
1484787851880 1470 1 1 200.000 0.000 inf inf
1484787851881 1471 1 1 200.000 0.000 inf inf
1484787851881 1472 1 1 200.000 0.000 inf inf
1484787851882 1473 1 1 200.000 0.000 inf inf
1484787851882 1474 1 1 200.000 0.000 inf inf
1484787851883 1475 1 1 200.000 0.000 inf inf
1484787851883 1476 1 1 200.000 0.000 inf inf
1484787851884 1477 1 1 200.000 0.000 inf inf
1484787851884 1478 1 1 200.000 0.000 inf inf
1484787851886 1479 1 1 200.000 0.000 inf inf
1484787851887 1480 1 1 200.000 0.000 inf inf
1484787851887 1481 1 1 200.000 0.000 inf inf
1484787851887 1482 1 1 200.000 0.000 inf inf
1484787851887 1483 1 1 200.000 0.000 inf inf
1484787851888 1484 1 1 200.000 0.000 inf inf
1484787851888 1485 1 1 200.000 0.000 inf inf
1484787851890 1486 1 1 200.000 0.000 inf inf
1484787851890 1487 1 1 200.000 0.000 inf inf
1484787851891 1488 1 1 200.000 0.000 inf inf
1484787851891 1489 1 1 200.000 0.000 inf inf
1484787851891 1490 1 1 200.000 0.000 inf inf
1484787851891 1491 1 1 200.000 0.000 inf inf
1484787851892 1492 1 1 200.000 0.000 inf inf
1484787851892 1493 1 1 200.000 0.000 inf inf
1484787851894 1494 1 1 200.000 0.000 inf inf
1484787851894 1495 1 1 200.000 0.000 inf inf
1484787851895 1496 1 1 200.000 0.000 inf inf
1484787851895 1497 1 1 200.000 0.000 inf inf
1484787851895 1498 1 1 200.000 0.000 inf inf
1484787851895 1499 1 1 200.000 0.000 inf inf
1484787851896 1500 1 1 200.000 0.000 inf inf
1484787851897 1501 1 1 200.000 0.000 inf inf
1484787851897 1502 1 1 200.000 0.000 inf inf
1484787851898 1503 1 1 200.000 0.000 inf inf
1484787851898 1504 1 1 200.000 0.000 inf inf
1484787851899 1505 1 1 200.000 0.000 inf inf
1484787851899 1506 1 1 200.000 0.000 inf inf
1484787851900 1507 1 1 200.000 0.000 inf inf
1484787851900 1508 1 1 200.000 0.000 inf inf
1484787851901 1509 1 1 200.000 0.000 inf inf
1484787851901 1510 1 1 200.000 0.000 inf inf
1484787851902 1511 1 1 200.000 0.000 inf inf
1484787851903 1512 1 1 200.000 0.000 inf inf
1484787851903 1513 1 1 200.000 0.000 inf inf
1484787851906 1514 1 1 200.000 0.000 inf inf
1484787851906 1515 1 1 200.000 0.000 inf inf
1484787851906 1516 1 1 200.000 0.000 inf inf
1484787851906 1517 1 1 200.000 0.000 inf inf
1484787851907 1518 1 1 200.000 0.000 inf inf
1484787851907 1519 1 1 200.000 0.000 inf inf
1484787851907 1520 1 1 200.000 0.000 inf inf
1484787851907 1521 1 1 200.000 0.000 inf inf
1484787851908 1522 1 1 200.000 0.000 inf inf
1484787851910 1523 1 1 200.000 0.000 inf inf
1484787851910 1524 1 1 200.000 0.000 inf inf
1484787851910 1525 1 1 200.000 0.000 inf inf
1484787851910 1526 1 1 200.000 0.000 inf inf
1484787851911 1527 1 1 200.000 0.000 inf inf
1484787851911 1528 1 1 200.000 0.000 inf inf
1484787851912 1529 1 1 200.000 0.000 inf inf
1484787851912 1530 1 1 200.000 0.000 inf inf
1484787851913 1531 1 1 200.000 0.000 inf inf
1484787851914 1532 1 1 200.000 0.000 inf inf
1484787851914 1533 1 1 200.000 0.000 inf inf
1484787851915 1534 1 1 200.000 0.000 inf inf
1484787851915 1535 1 1 200.000 0.000 inf inf
1484787851916 1536 1 1 200.000 0.000 inf inf
1484787851916 1537 1 1 200.000 0.000 inf inf
1484787851917 1538 1 1 200.000 0.000 inf inf
1484787851919 1539 1 1 200.000 0.000 inf inf
1484787851919 1540 1 1 200.000 0.000 inf inf
1484787851921 1541 1 1 200.000 0.000 inf inf
1484787851922 1542 1 1 200.000 0.000 inf inf
1484787851922 1543 1 1 200.000 0.000 inf inf
1484787851922 1544 1 1 200.000 0.000 inf inf
1484787851922 1545 1 1 200.000 0.000 inf inf
1484787851923 1546 1 1 200.000 0.000 inf inf
1484787851923 1547 1 1 200.000 0.000 inf inf
1484787851924 1548 1 1 200.000 0.000 inf inf
1484787851924 1549 1 1 200.000 0.000 inf inf
1484787851925 1550 1 1 200.000 0.000 inf inf
1484787851925 1551 1 1 200.000 0.000 inf inf
1484787851926 1552 1 1 200.000 0.000 inf inf
1484787851927 1553 1 1 200.000 0.000 inf inf
1484787851927 1554 1 1 200.000 0.000 inf inf
1484787851928 1555 1 1 200.000 0.000 inf inf
1484787851928 1556 1 1 200.000 0.000 inf inf
1484787851929 1557 1 1 200.000 0.000 inf inf
1484787851929 1558 1 1 200.000 0.000 inf inf
1484787851930 1559 1 1 200.000 0.000 inf inf
1484787851931 1560 1 1 200.000 0.000 inf inf
1484787851931 1561 1 1 200.000 0.000 inf inf
1484787851932 1562 1 1 200.000 0.000 inf inf
1484787851932 1563 1 1 200.000 0.000 inf inf
1484787851932 1564 1 1 200.000 0.000 inf inf
1484787851933 1565 1 1 200.000 0.000 inf inf
1484787851934 1566 1 1 200.000 0.000 inf inf
1484787851934 1567 1 1 200.000 0.000 inf inf
1484787851935 1568 1 1 200.000 0.000 inf inf
1484787851936 1569 1 1 200.000 0.000 inf inf
1484787851937 1570 1 1 200.000 0.000 inf inf
1484787851938 1571 1 1 200.000 0.000 inf inf
1484787851938 1572 1 1 200.000 0.000 inf inf
1484787851939 1573 1 1 200.000 0.000 inf inf
1484787851939 1574 1 1 200.000 0.000 inf inf
1484787851940 1575 1 1 200.000 0.000 inf inf
1484787851940 1576 1 1 200.000 0.000 inf inf
1484787851941 1577 1 1 200.000 0.000 inf inf
1484787851942 1578 1 1 200.000 0.000 inf inf
1484787851942 1579 1 1 200.000 0.000 inf inf
1484787851943 1580 1 1 200.000 0.000 inf inf
1484787851943 1581 1 1 200.000 0.000 inf inf
1484787851944 1582 1 1 200.000 0.000 inf inf
1484787851944 1583 1 1 200.000 0.000 inf inf
1484787851945 1584 1 1 200.000 0.000 inf inf
1484787851945 1585 1 1 200.000 0.000 inf inf
1484787851946 1586 1 1 200.000 0.000 inf inf
1484787851946 1587 1 1 200.000 0.000 inf inf
1484787851947 1588 1 1 200.000 0.000 inf inf
1484787851947 1589 1 1 200.000 0.000 inf inf
1484787851948 1590 1 1 200.000 0.000 inf inf
1484787851949 1591 1 1 200.000 0.000 inf inf
1484787851949 1592 1 1 200.000 0.000 inf inf
1484787851950 1593 1 1 200.000 0.000 inf inf
1484787851950 1594 1 1 200.000 0.000 inf inf
1484787851951 1595 1 1 200.000 0.000 inf inf
1484787851951 1596 1 1 200.000 0.000 inf inf
1484787851952 1597 1 1 200.000 0.000 inf inf
1484787851952 1598 1 1 200.000 0.000 inf inf
1484787851953 1599 1 1 200.000 0.000 inf inf
1484787851953 1600 1 1 200.000 0.000 inf inf
1484787851954 1601 1 1 200.000 0.000 inf inf
1484787851955 1602 1 1 200.000 0.000 inf inf
1484787851955 1603 1 1 200.000 0.000 inf inf
1484787851956 1604 1 1 200.000 0.000 inf inf
1484787851957 1605 1 1 200.000 0.000 inf inf
1484787851957 1606 1 1 200.000 0.000 inf inf
1484787851957 1607 1 1 200.000 0.000 inf inf
1484787851958 1608 1 1 200.000 0.000 inf inf
1484787851958 1609 1 1 200.000 0.000 inf inf
1484787851959 1610 1 1 200.000 0.000 inf inf
1484787851960 1611 1 1 200.000 0.000 inf inf
1484787851961 1612 1 1 200.000 0.000 inf inf
1484787851961 1613 1 1 200.000 0.000 inf inf
1484787851961 1614 1 1 200.000 0.000 inf inf
1484787851961 1615 1 1 200.000 0.000 inf inf
1484787851962 1616 1 1 200.000 0.000 inf inf
1484787851962 1617 1 1 200.000 0.000 inf inf
1484787851963 1618 1 1 200.000 0.000 inf inf
1484787851964 1619 1 1 200.000 0.000 inf inf
1484787851965 1620 1 1 200.000 0.000 inf inf
1484787851965 1621 1 1 200.000 0.000 inf inf
1484787851965 1622 1 1 200.000 0.000 inf inf
1484787851965 1623 1 1 200.000 0.000 inf inf
1484787851966 1624 1 1 200.000 0.000 inf inf
1484787851967 1625 1 1 200.000 0.000 inf inf
1484787851967 1626 1 1 200.000 0.000 inf inf
1484787851968 1627 1 1 200.000 0.000 inf inf
1484787851968 1628 1 1 200.000 0.000 inf inf
1484787851969 1629 1 1 200.000 0.000 inf inf
1484787851969 1630 1 1 200.000 0.000 inf inf
1484787851970 1631 1 1 200.000 0.000 inf inf
1484787851971 1632 1 1 200.000 0.000 inf inf
1484787851971 1633 1 1 200.000 0.000 inf inf
1484787851972 1634 1 1 200.000 0.000 inf inf
1484787851972 1635 1 1 200.000 0.000 inf inf
1484787851973 1636 1 1 200.000 0.000 inf inf
1484787851973 1637 1 1 200.000 0.000 inf inf
1484787851974 1638 1 1 200.000 0.000 inf inf
1484787851976 1639 1 1 200.000 0.000 inf inf
1484787851976 1640 1 1 200.000 0.000 inf inf
1484787851977 1641 1 1 200.000 0.000 inf inf
1484787851977 1642 1 1 200.000 0.000 inf inf
1484787851977 1643 1 1 200.000 0.000 inf inf
1484787851977 1644 1 1 200.000 0.000 inf inf
1484787851978 1645 1 1 200.000 0.000 inf inf
1484787851978 1646 1 1 200.000 0.000 inf inf
1484787851980 1647 1 1 200.000 0.000 inf inf
1484787851980 1648 1 1 200.000 0.000 inf inf
1484787851980 1649 1 1 200.000 0.000 inf inf
1484787851980 1650 1 1 200.000 0.000 inf inf
1484787851981 1651 1 1 200.000 0.000 inf inf
1484787851981 1652 1 1 200.000 0.000 inf inf
1484787851982 1653 1 1 200.000 0.000 inf inf
1484787851982 1654 1 1 200.000 0.000 inf inf
1484787851983 1655 1 1 200.000 0.000 inf inf
1484787851983 1656 1 1 200.000 0.000 inf inf
1484787851984 1657 1 1 200.000 0.000 inf inf
1484787851984 1658 1 1 200.000 0.000 inf inf
1484787851985 1659 1 1 200.000 0.000 inf inf
1484787851986 1660 1 1 200.000 0.000 inf inf
1484787851986 1661 1 1 200.000 0.000 inf inf
1484787851987 1662 1 1 200.000 0.000 inf inf
1484787851987 1663 1 1 200.000 0.000 inf inf
1484787851988 1664 1 1 200.000 0.000 inf inf
1484787851989 1665 1 1 200.000 0.000 inf inf
1484787851989 1666 1 2 200.000 0.000 inf inf
1484787851992 1667 1 2 200.000 0.000 inf inf
1484787851992 1668 1 2 200.000 0.000 inf inf
1484787851992 1669 1 2 200.000 0.000 inf inf
1484787851992 1670 1 2 200.000 0.000 inf inf
1484787851993 1671 1 2 200.000 0.000 inf inf
1484787851993 1672 1 2 200.000 0.000 inf inf
1484787851993 1673 1 2 200.000 0.000 inf inf
1484787851994 1674 1 2 200.000 0.000 inf inf
1484787851994 1675 1 2 200.000 0.000 inf inf
1484787851995 1676 1 2 200.000 0.000 inf inf
1484787851995 1677 1 2 200.000 0.000 inf inf
1484787851996 1678 1 2 200.000 0.000 inf inf
1484787851996 1679 1 2 200.000 0.000 inf inf
1484787851997 1680 1 2 200.000 0.000 inf inf
1484787851998 1681 1 2 200.000 0.000 inf inf
1484787851998 1682 1 2 200.000 0.000 inf inf
1484787851999 1683 1 2 200.000 0.000 inf inf
1484787851999 1684 1 2 200.000 0.000 inf inf
1484787852000 1685 1 2 200.000 0.000 inf inf
1484787852000 1686 1 2 200.000 0.000 inf inf
1484787852001 1687 1 2 200.000 0.000 inf inf
1484787852001 1688 1 2 200.000 0.000 inf inf
1484787852002 1689 1 2 200.000 0.000 inf inf
1484787852002 1690 1 2 200.000 0.000 inf inf
1484787852003 1691 1 2 200.000 0.000 inf inf
1484787852003 1692 1 2 200.000 0.000 inf inf
1484787852004 1693 1 2 200.000 0.000 inf inf
1484787852004 1694 1 2 200.000 0.000 inf inf
1484787852005 1695 1 2 200.000 0.000 inf inf
1484787852006 1696 1 2 200.000 0.000 inf inf
1484787852006 1697 1 2 200.000 0.000 inf inf
1484787852007 1698 1 2 200.000 0.000 inf inf
1484787852007 1699 1 2 200.000 0.000 inf inf
1484787852008 1700 1 2 200.000 0.000 inf inf
1484787852008 1701 1 2 200.000 0.000 inf inf
1484787852009 1702 1 2 200.000 0.000 inf inf
1484787852009 1703 1 2 200.000 0.000 inf inf
1484787852010 1704 1 2 200.000 0.000 inf inf
1484787852011 1705 1 2 200.000 0.000 inf inf
1484787852011 1706 1 2 200.000 0.000 inf inf
1484787852012 1707 1 2 200.000 0.000 inf inf
1484787852012 1708 1 2 200.000 0.000 inf inf
1484787852013 1709 1 2 200.000 0.000 inf inf
1484787852013 1710 1 2 200.000 0.000 inf inf
1484787852014 1711 1 2 200.000 0.000 inf inf
1484787852014 1712 1 2 200.000 0.000 inf inf
1484787852015 1713 1 2 200.000 0.000 inf inf
1484787852015 1714 1 2 200.000 0.000 inf inf
1484787852016 1715 1 2 200.000 0.000 inf inf
1484787852016 1716 1 2 200.000 0.000 inf inf
1484787852017 1717 1 2 200.000 0.000 inf inf
1484787852017 1718 1 2 200.000 0.000 inf inf
1484787852018 1719 1 2 200.000 0.000 inf inf
1484787852019 1720 1 2 200.000 0.000 inf inf
1484787852019 1721 1 2 200.000 0.000 inf inf
1484787852020 1722 1 2 200.000 0.000 inf inf
1484787852020 1723 1 2 200.000 0.000 inf inf
1484787852021 1724 1 2 200.000 0.000 inf inf
1484787852021 1725 1 2 200.000 0.000 inf inf
1484787852022 1726 1 2 200.000 0.000 inf inf
1484787852022 1727 1 2 200.000 0.000 inf inf
1484787852023 1728 1 2 200.000 0.000 inf inf
1484787852023 1729 1 2 200.000 0.000 inf inf
1484787852024 1730 1 2 200.000 0.000 inf inf
1484787852025 1731 1 2 200.000 0.000 inf inf
1484787852025 1732 1 2 200.000 0.000 inf inf
1484787852027 1733 1 2 200.000 0.000 inf inf
1484787852027 1734 1 2 200.000 0.000 inf inf
1484787852027 1735 1 2 200.000 0.000 inf inf
1484787852028 1736 1 2 200.000 0.000 inf inf
1484787852028 1737 1 2 200.000 0.000 inf inf
1484787852028 1738 1 2 200.000 0.000 inf inf
1484787852029 1739 1 2 200.000 0.000 inf inf
1484787852031 1740 1 2 200.000 0.000 inf inf
1484787852031 1741 1 2 200.000 0.000 inf inf
1484787852031 1742 1 2 200.000 0.000 inf inf
1484787852031 1743 1 2 200.000 0.000 inf inf
1484787852032 1744 1 2 200.000 0.000 inf inf
1484787852032 1745 1 2 200.000 0.000 inf inf
1484787852032 1746 1 2 200.000 0.000 inf inf
1484787852035 1747 1 2 200.000 0.000 inf inf
1484787852035 1748 1 2 200.000 0.000 inf inf
1484787852035 1749 1 2 200.000 0.000 inf inf
1484787852035 1750 1 2 200.000 0.000 inf inf
1484787852036 1751 1 2 200.000 0.000 inf inf
1484787852036 1752 1 2 200.000 0.000 inf inf
1484787852036 1753 1 2 200.000 0.000 inf inf
1484787852037 1754 1 2 200.000 0.000 inf inf
1484787852037 1755 1 2 200.000 0.000 inf inf
1484787852038 1756 1 2 200.000 0.000 inf inf
1484787852039 1757 1 2 200.000 0.000 inf inf
1484787852039 1758 1 2 200.000 0.000 inf inf
1484787852040 1759 1 2 200.000 0.000 inf inf
1484787852040 1760 1 2 200.000 0.000 inf inf
1484787852041 1761 1 2 200.000 0.000 inf inf
1484787852041 1762 1 2 200.000 0.000 inf inf
1484787852042 1763 1 2 200.000 0.000 inf inf
1484787852042 1764 1 2 200.000 0.000 inf inf
1484787852043 1765 1 2 200.000 0.000 inf inf
1484787852043 1766 1 2 200.000 0.000 inf inf
1484787852044 1767 1 2 200.000 0.000 inf inf
1484787852046 1768 1 2 200.000 0.000 inf inf
1484787852047 1769 1 2 200.000 0.000 inf inf
1484787852047 1770 1 2 200.000 0.000 inf inf
1484787852047 1771 1 2 200.000 0.000 inf inf
1484787852047 1772 1 2 200.000 0.000 inf inf
1484787852048 1773 1 2 200.000 0.000 inf inf
1484787852048 1774 1 2 200.000 0.000 inf inf
1484787852048 1775 1 2 200.000 0.000 inf inf
1484787852050 1776 1 2 200.000 0.000 inf inf
1484787852050 1777 1 2 200.000 0.000 inf inf
1484787852050 1778 1 2 200.000 0.000 inf inf
1484787852051 1779 1 2 200.000 0.000 inf inf
1484787852051 1780 1 2 200.000 0.000 inf inf
1484787852051 1781 1 2 200.000 0.000 inf inf
1484787852052 1782 1 2 200.000 0.000 inf inf
1484787852053 1783 1 2 200.000 0.000 inf inf
1484787852053 1784 1 2 200.000 0.000 inf inf
1484787852054 1785 1 2 200.000 0.000 inf inf
1484787852054 1786 1 2 200.000 0.000 inf inf
1484787852055 1787 1 2 200.000 0.000 inf inf
1484787852055 1788 1 2 200.000 0.000 inf inf
1484787852056 1789 1 2 200.000 0.000 inf inf
1484787852056 1790 1 2 200.000 0.000 inf inf
1484787852057 1791 1 2 200.000 0.000 inf inf
1484787852057 1792 1 2 200.000 0.000 inf inf
1484787852058 1793 1 2 200.000 0.000 inf inf
1484787852059 1794 1 2 200.000 0.000 inf inf
1484787852059 1795 1 2 200.000 0.000 inf inf
1484787852060 1796 1 2 200.000 0.000 inf inf
1484787852062 1797 1 2 200.000 0.000 inf inf
1484787852062 1798 1 2 200.000 0.000 inf inf
1484787852062 1799 1 2 200.000 0.000 inf inf
1484787852063 1800 1 2 200.000 0.000 inf inf
1484787852063 1801 1 2 200.000 0.000 inf inf
1484787852063 1802 1 2 200.000 0.000 inf inf
1484787852063 1803 1 2 200.000 0.000 inf inf
1484787852064 1804 1 2 200.000 0.000 inf inf
1484787852065 1805 1 2 200.000 0.000 inf inf
1484787852065 1806 1 2 200.000 0.000 inf inf
1484787852065 1807 1 2 200.000 0.000 inf inf
1484787852066 1808 1 2 200.000 0.000 inf inf
1484787852066 1809 1 2 200.000 0.000 inf inf
1484787852067 1810 1 2 200.000 0.000 inf inf
1484787852068 1811 1 2 200.000 0.000 inf inf
1484787852068 1812 1 2 200.000 0.000 inf inf
1484787852069 1813 1 2 200.000 0.000 inf inf
1484787852069 1814 1 2 200.000 0.000 inf inf
1484787852070 1815 1 2 200.000 0.000 inf inf
1484787852070 1816 1 2 200.000 0.000 inf inf
1484787852071 1817 1 2 200.000 0.000 inf inf
1484787852072 1818 1 2 200.000 0.000 inf inf
1484787852072 1819 1 2 200.000 0.000 inf inf
1484787852073 1820 1 2 200.000 0.000 inf inf
1484787852073 1821 1 2 200.000 0.000 inf inf
1484787852074 1822 1 2 200.000 0.000 inf inf
1484787852074 1823 1 2 200.000 0.000 inf inf
1484787852075 1824 1 2 200.000 0.000 inf inf
1484787852075 1825 1 2 200.000 0.000 inf inf
1484787852076 1826 1 2 200.000 0.000 inf inf
1484787852076 1827 1 2 200.000 0.000 inf inf
1484787852077 1828 1 2 200.000 0.000 inf inf
1484787852078 1829 1 2 200.000 0.000 inf inf
1484787852079 1830 1 2 200.000 0.000 inf inf
1484787852080 1831 1 2 200.000 0.000 inf inf
1484787852080 1832 1 2 200.000 0.000 inf inf
1484787852081 1833 1 2 200.000 0.000 inf inf
1484787852082 1834 1 2 200.000 0.000 inf inf
1484787852082 1835 1 2 200.000 0.000 inf inf
1484787852083 1836 1 2 200.000 0.000 inf inf
1484787852083 1837 1 2 200.000 0.000 inf inf
1484787852084 1838 1 2 200.000 0.000 inf inf
1484787852084 1839 1 2 200.000 0.000 inf inf
1484787852085 1840 1 2 200.000 0.000 inf inf
1484787852085 1841 1 2 200.000 0.000 inf inf
1484787852086 1842 1 2 200.000 0.000 inf inf
1484787852086 1843 1 2 200.000 0.000 inf inf
1484787852087 1844 1 2 200.000 0.000 inf inf
1484787852088 1845 1 2 200.000 0.000 inf inf
1484787852088 1846 1 2 200.000 0.000 inf inf
1484787852089 1847 1 2 200.000 0.000 inf inf
1484787852090 1848 1 2 200.000 0.000 inf inf
1484787852090 1849 1 2 200.000 0.000 inf inf
1484787852091 1850 1 2 200.000 0.000 inf inf
1484787852091 1851 1 2 200.000 0.000 inf inf
1484787852092 1852 1 2 200.000 0.000 inf inf
1484787852092 1853 1 2 200.000 0.000 inf inf
1484787852093 1854 1 2 200.000 0.000 inf inf
1484787852093 1855 1 2 200.000 0.000 inf inf
1484787852094 1856 1 2 200.000 0.000 inf inf
1484787852095 1857 1 2 200.000 0.000 inf inf
1484787852095 1858 1 2 200.000 0.000 inf inf
1484787852097 1859 1 2 200.000 0.000 inf inf
1484787852097 1860 1 2 200.000 0.000 inf inf
1484787852098 1861 1 2 200.000 0.000 inf inf
1484787852098 1862 1 2 200.000 0.000 inf inf
1484787852098 1863 1 2 200.000 0.000 inf inf
1484787852098 1864 1 2 200.000 0.000 inf inf
1484787852099 1865 1 2 200.000 0.000 inf inf
1484787852101 1866 1 2 200.000 0.000 inf inf
1484787852101 1867 1 2 200.000 0.000 inf inf
1484787852101 1868 1 2 200.000 0.000 inf inf
1484787852102 1869 1 2 200.000 0.000 inf inf
1484787852102 1870 1 2 200.000 0.000 inf inf
1484787852102 1871 1 2 200.000 0.000 inf inf
1484787852102 1872 1 2 200.000 0.000 inf inf
1484787852103 1873 1 2 200.000 0.000 inf inf
1484787852104 1874 1 2 200.000 0.000 inf inf
1484787852104 1875 1 2 200.000 0.000 inf inf
1484787852105 1876 1 2 200.000 0.000 inf inf
1484787852105 1877 1 2 200.000 0.000 inf inf
1484787852105 1878 1 2 200.000 0.000 inf inf
1484787852106 1879 1 2 200.000 0.000 inf inf
1484787852107 1880 1 2 200.000 0.000 inf inf
1484787852107 1881 1 2 200.000 0.000 inf inf
1484787852108 1882 1 2 200.000 0.000 inf inf
1484787852108 1883 1 2 200.000 0.000 inf inf
1484787852109 1884 1 2 200.000 0.000 inf inf
1484787852110 1885 1 2 200.000 0.000 inf inf
1484787852110 1886 1 2 200.000 0.000 inf inf
1484787852111 1887 1 2 200.000 0.000 inf inf
1484787852111 1888 1 2 200.000 0.000 inf inf
1484787852112 1889 1 2 200.000 0.000 inf inf
1484787852113 1890 1 2 200.000 0.000 inf inf
1484787852113 1891 1 2 200.000 0.000 inf inf
1484787852114 1892 1 2 200.000 0.000 inf inf
1484787852115 1893 1 2 200.000 0.000 inf inf
1484787852115 1894 1 2 200.000 0.000 inf inf
1484787852117 1895 1 2 200.000 0.000 inf inf
1484787852117 1896 1 2 200.000 0.000 inf inf
1484787852117 1897 1 2 200.000 0.000 inf inf
1484787852117 1898 1 2 200.000 0.000 inf inf
1484787852118 1899 1 2 200.000 0.000 inf inf
1484787852118 1900 1 2 200.000 0.000 inf inf
1484787852119 1901 1 2 200.000 0.000 inf inf
1484787852119 1902 1 2 200.000 0.000 inf inf
1484787852119 1903 1 2 200.000 0.000 inf inf
1484787852121 1904 1 2 200.000 0.000 inf inf
1484787852121 1905 1 2 200.000 0.000 inf inf
1484787852121 1906 1 2 200.000 0.000 inf inf
1484787852122 1907 1 2 200.000 0.000 inf inf
1484787852122 1908 1 2 200.000 0.000 inf inf
1484787852123 1909 1 2 200.000 0.000 inf inf
1484787852124 1910 1 2 200.000 0.000 inf inf
1484787852124 1911 1 2 200.000 0.000 inf inf
1484787852125 1912 1 2 200.000 0.000 inf inf
1484787852125 1913 1 2 200.000 0.000 inf inf
1484787852126 1914 1 2 200.000 0.000 inf inf
1484787852126 1915 1 2 200.000 0.000 inf inf
1484787852127 1916 1 2 200.000 0.000 inf inf
1484787852127 1917 1 2 200.000 0.000 inf inf
1484787852128 1918 1 2 200.000 0.000 inf inf
1484787852128 1919 1 2 200.000 0.000 inf inf
1484787852129 1920 1 2 200.000 0.000 inf inf
1484787852130 1921 1 2 200.000 0.000 inf inf
1484787852131 1922 1 2 200.000 0.000 inf inf
1484787852131 1923 1 2 200.000 0.000 inf inf
1484787852131 1924 1 2 200.000 0.000 inf inf
1484787852132 1925 1 2 200.000 0.000 inf inf
1484787852132 1926 1 2 200.000 0.000 inf inf
1484787852133 1927 1 2 200.000 0.000 inf inf
1484787852133 1928 1 2 200.000 0.000 inf inf
1484787852134 1929 1 2 200.000 0.000 inf inf
1484787852135 1930 1 2 200.000 0.000 inf inf
1484787852135 1931 1 2 200.000 0.000 inf inf
1484787852135 1932 1 2 200.000 0.000 inf inf
1484787852136 1933 1 2 200.000 0.000 inf inf
1484787852136 1934 1 2 200.000 0.000 inf inf
1484787852137 1935 1 2 200.000 0.000 inf inf
1484787852137 1936 1 2 200.000 0.000 inf inf
1484787852138 1937 1 2 200.000 0.000 inf inf
1484787852139 1938 1 2 200.000 0.000 inf inf
1484787852139 1939 1 2 200.000 0.000 inf inf
1484787852140 1940 1 2 200.000 0.000 inf inf
1484787852141 1941 1 2 200.000 0.000 inf inf
1484787852141 1942 1 2 200.000 0.000 inf inf
1484787852142 1943 1 2 200.000 0.000 inf inf
1484787852142 1944 1 2 200.000 0.000 inf inf
1484787852143 1945 1 2 200.000 0.000 inf inf
1484787852143 1946 1 2 200.000 0.000 inf inf
1484787852144 1947 1 2 200.000 0.000 inf inf
1484787852144 1948 1 2 200.000 0.000 inf inf
1484787852145 1949 1 2 200.000 0.000 inf inf
1484787852145 1950 1 2 200.000 0.000 inf inf
1484787852146 1951 1 2 200.000 0.000 inf inf
1484787852146 1952 1 2 200.000 0.000 inf inf
1484787852147 1953 1 2 200.000 0.000 inf inf
1484787852147 1954 1 2 200.000 0.000 inf inf
1484787852148 1955 1 2 200.000 0.000 inf inf
1484787852148 1956 1 2 200.000 0.000 inf inf
1484787852149 1957 1 2 200.000 0.000 inf inf
1484787852150 1958 1 2 200.000 0.000 inf inf
1484787852150 1959 1 2 200.000 0.000 inf inf
1484787852151 1960 1 2 200.000 0.000 inf inf
1484787852151 1961 1 2 200.000 0.000 inf inf
1484787852152 1962 1 2 200.000 0.000 inf inf
1484787852152 1963 1 2 200.000 0.000 inf inf
1484787852153 1964 1 2 200.000 0.000 inf inf
1484787852153 1965 1 2 200.000 0.000 inf inf
1484787852154 1966 1 2 200.000 0.000 inf inf
1484787852154 1967 1 2 200.000 0.000 inf inf
1484787852155 1968 1 2 200.000 0.000 inf inf
1484787852155 1969 1 2 200.000 0.000 inf inf
1484787852156 1970 1 2 200.000 0.000 inf inf
1484787852156 1971 1 2 200.000 0.000 inf inf
1484787852157 1972 1 2 200.000 0.000 inf inf
1484787852157 1973 1 2 200.000 0.000 inf inf
1484787852158 1974 1 2 200.000 0.000 inf inf
1484787852159 1975 1 2 200.000 0.000 inf inf
1484787852159 1976 1 2 200.000 0.000 inf inf
1484787852160 1977 1 2 200.000 0.000 inf inf
1484787852160 1978 1 2 200.000 0.000 inf inf
1484787852161 1979 1 2 200.000 0.000 inf inf
1484787852161 1980 1 2 200.000 0.000 inf inf
1484787852162 1981 1 2 200.000 0.000 inf inf
1484787852162 1982 1 2 200.000 0.000 inf inf
1484787852163 1983 1 2 200.000 0.000 inf inf
1484787852163 1984 1 2 200.000 0.000 inf inf
1484787852164 1985 1 2 200.000 0.000 inf inf
1484787852165 1986 1 2 200.000 0.000 inf inf
1484787852166 1987 1 2 200.000 0.000 inf inf
1484787852166 1988 1 2 200.000 0.000 inf inf
1484787852166 1989 1 2 200.000 0.000 inf inf
1484787852166 1990 1 2 200.000 0.000 inf inf
1484787852167 1991 1 2 200.000 0.000 inf inf
1484787852168 1992 1 2 200.000 0.000 inf inf
1484787852168 1993 1 2 200.000 0.000 inf inf
1484787852169 1994 1 2 200.000 0.000 inf inf
1484787852170 1995 1 2 200.000 0.000 inf inf
1484787852170 1996 1 2 200.000 0.000 inf inf
1484787852170 1997 1 2 200.000 0.000 inf inf
1484787852171 1998 1 2 200.000 0.000 inf inf
1484787852172 1999 1 2 200.000 0.000 inf inf
1484787852172 2000 1 2 200.000 0.000 inf inf
1484787852172 2001 1 2 200.000 0.000 inf inf
1484787852173 2002 1 2 200.000 0.000 inf inf
1484787852173 2003 1 2 200.000 0.000 inf inf
1484787852174 2004 1 2 200.000 0.000 inf inf
1484787852174 2005 1 2 200.000 0.000 inf inf
1484787852175 2006 1 2 200.000 0.000 inf inf
1484787852175 2007 1 2 200.000 0.000 inf inf
1484787852176 2008 1 2 200.000 0.000 inf inf
1484787852176 2009 1 2 200.000 0.000 inf inf
1484787852177 2010 1 2 200.000 0.000 inf inf
1484787852178 2011 1 2 200.000 0.000 inf inf
1484787852178 2012 1 2 200.000 0.000 inf inf
1484787852179 2013 1 2 200.000 0.000 inf inf
1484787852179 2014 1 2 200.000 0.000 inf inf
1484787852180 2015 1 2 200.000 0.000 inf inf
1484787852180 2016 1 2 200.000 0.000 inf inf
1484787852181 2017 1 2 200.000 0.000 inf inf
1484787852181 2018 1 2 200.000 0.000 inf inf
1484787852182 2019 1 2 200.000 0.000 inf inf
1484787852183 2020 1 2 200.000 0.000 inf inf
1484787852183 2021 1 2 200.000 0.000 inf inf
1484787852184 2022 1 2 200.000 0.000 inf inf
1484787852184 2023 1 2 200.000 0.000 inf inf
1484787852185 2024 1 2 200.000 0.000 inf inf
1484787852187 2025 1 2 200.000 0.000 inf inf
1484787852187 2026 1 2 200.000 0.000 inf inf
1484787852188 2027 1 2 200.000 0.000 inf inf
1484787852188 2028 1 2 200.000 0.000 inf inf
1484787852188 2029 1 2 200.000 0.000 inf inf
1484787852188 2030 1 2 200.000 0.000 inf inf
1484787852189 2031 1 2 200.000 0.000 inf inf
1484787852189 2032 1 2 200.000 0.000 inf inf
1484787852190 2033 1 2 200.000 0.000 inf inf
1484787852190 2034 1 2 200.000 0.000 inf inf
1484787852191 2035 1 2 200.000 0.000 inf inf
1484787852192 2036 1 2 200.000 0.000 inf inf
1484787852192 2037 1 2 200.000 0.000 inf inf
1484787852192 2038 1 2 200.000 0.000 inf inf
1484787852193 2039 1 2 200.000 0.000 inf inf
1484787852194 2040 1 2 200.000 0.000 inf inf
1484787852194 2041 1 2 200.000 0.000 inf inf
1484787852195 2042 1 2 200.000 0.000 inf inf
1484787852195 2043 1 2 200.000 0.000 inf inf
1484787852196 2044 1 2 200.000 0.000 inf inf
1484787852196 2045 1 2 200.000 0.000 inf inf
1484787852197 2046 1 2 200.000 0.000 inf inf
1484787852197 2047 1 2 200.000 0.000 inf inf
1484787852198 2048 1 2 200.000 0.000 inf inf
1484787852198 2049 1 2 200.000 0.000 inf inf
1484787852199 2050 1 2 200.000 0.000 inf inf
1484787852199 2051 1 2 200.000 0.000 inf inf
1484787852200 2052 1 2 200.000 0.000 inf inf
1484787852201 2053 1 2 200.000 0.000 inf inf
1484787852203 2054 1 2 200.000 0.000 inf inf
1484787852203 2055 1 2 200.000 0.000 inf inf
1484787852203 2056 1 2 200.000 0.000 inf inf
1484787852203 2057 1 2 200.000 0.000 inf inf
1484787852204 2058 1 2 200.000 0.000 inf inf
1484787852204 2059 1 2 200.000 0.000 inf inf
1484787852204 2060 1 2 200.000 0.000 inf inf
1484787852204 2061 1 2 200.000 0.000 inf inf
1484787852205 2062 1 2 200.000 0.000 inf inf
1484787852206 2063 1 2 200.000 0.000 inf inf
1484787852206 2064 1 2 200.000 0.000 inf inf
1484787852207 2065 1 2 200.000 0.000 inf inf
1484787852207 2066 1 2 200.000 0.000 inf inf
1484787852208 2067 1 2 200.000 0.000 inf inf
1484787852209 2068 1 2 200.000 0.000 inf inf
1484787852209 2069 1 2 200.000 0.000 inf inf
1484787852210 2070 1 2 200.000 0.000 inf inf
1484787852210 2071 1 2 200.000 0.000 inf inf
1484787852211 2072 1 2 200.000 0.000 inf inf
1484787852211 2073 1 2 200.000 0.000 inf inf
1484787852212 2074 1 2 200.000 0.000 inf inf
1484787852212 2075 1 2 200.000 0.000 inf inf
1484787852213 2076 1 2 200.000 0.000 inf inf
1484787852213 2077 1 2 200.000 0.000 inf inf
1484787852214 2078 1 2 200.000 0.000 inf inf
1484787852215 2079 1 2 200.000 0.000 inf inf
1484787852215 2080 1 2 200.000 0.000 inf inf
1484787852216 2081 1 2 200.000 0.000 inf inf
1484787852216 2082 1 2 200.000 0.000 inf inf
1484787852217 2083 1 2 200.000 0.000 inf inf
1484787852217 2084 1 2 200.000 0.000 inf inf
1484787852218 2085 1 2 200.000 0.000 inf inf
1484787852218 2086 1 2 200.000 0.000 inf inf
1484787852219 2087 1 2 200.000 0.000 inf inf
1484787852219 2088 1 2 200.000 0.000 inf inf
1484787852220 2089 1 2 200.000 0.000 inf inf
1484787852221 2090 1 2 200.000 0.000 inf inf
1484787852221 2091 1 2 200.000 0.000 inf inf
1484787852222 2092 1 2 200.000 0.000 inf inf
1484787852222 2093 1 2 200.000 0.000 inf inf
1484787852223 2094 1 2 200.000 0.000 inf inf
1484787852223 2095 1 2 200.000 0.000 inf inf
1484787852224 2096 1 2 200.000 0.000 inf inf
1484787852224 2097 1 2 200.000 0.000 inf inf
1484787852225 2098 1 2 200.000 0.000 inf inf
1484787852225 2099 1 2 200.000 0.000 inf inf
1484787852226 2100 1 2 200.000 0.000 inf inf
1484787852226 2101 1 2 200.000 0.000 inf inf
1484787852227 2102 1 2 200.000 0.000 inf inf
1484787852229 2103 1 2 200.000 0.000 inf inf
1484787852229 2104 1 2 200.000 0.000 inf inf
1484787852230 2105 1 2 200.000 0.000 inf inf
1484787852230 2106 1 2 200.000 0.000 inf inf
1484787852231 2107 1 2 200.000 0.000 inf inf
1484787852232 2108 1 2 200.000 0.000 inf inf
1484787852232 2109 1 2 200.000 0.000 inf inf
1484787852233 2110 1 2 200.000 0.000 inf inf
1484787852233 2111 1 2 200.000 0.000 inf inf
1484787852234 2112 1 2 200.000 0.000 inf inf
1484787852234 2113 1 2 200.000 0.000 inf inf
1484787852235 2114 1 2 200.000 0.000 inf inf
1484787852236 2115 1 2 200.000 0.000 inf inf
1484787852236 2116 1 2 200.000 0.000 inf inf
1484787852238 2117 1 2 200.000 0.000 inf inf
1484787852238 2118 1 2 200.000 0.000 inf inf
1484787852238 2119 1 2 200.000 0.000 inf inf
1484787852238 2120 1 2 200.000 0.000 inf inf
1484787852239 2121 2 2 200.000 0.000 inf inf
