Serial_number: 0 
Time Data_Count Cycle State Desired_force_(psi) Measured_force_(psi) Toe_sensor Heel_Sensor
1484942452348 0 0 0 196.000 0.000 42008.13 34417.78
1484942452379 1 0 1 196.000 0.000 41855.58 34417.78
1484942452386 2 0 1 196.000 -0.484 42161.58 34530.00
1484942452400 3 0 1 196.000 -0.484 41855.58 34417.78
1484942452412 4 0 1 196.000 0.000 42008.13 34417.78
1484942452420 5 0 1 196.000 -0.484 41703.91 34530.00
1484942452432 6 0 1 196.000 -0.484 45780.00 79082.24
1484942452444 7 0 1 196.000 -0.484 102737.55 220299.23
1484942452458 8 0 1 196.000 -0.968 175097.01 610219.66
1484942452471 9 0 1 196.000 -0.968 196426.55 846672.86
1484942452483 10 0 1 196.000 -0.484 196426.55 989530.00
1484942452495 11 0 1 196.000 -0.968 217378.10 989530.00
1484942452510 12 0 1 196.000 -0.484 226372.11 1114530.00
1484942452516 13 0 1 196.000 -0.484 226372.11 1114530.00
1484942452527 14 0 1 196.000 -0.484 226372.11 1048353.53
1484942452539 15 0 1 196.000 -0.968 229530.00 1189530.00
1484942452553 16 0 1 196.000 -0.484 232773.24 1189530.00
1484942452557 17 0 1 196.000 -0.484 232773.24 1275244.29
1484942452562 18 0 1 196.000 -0.484 229530.00 1048353.53
1484942452571 19 0 1 196.000 -0.484 229530.00 1189530.00
1484942452576 20 0 1 196.000 -0.484 236105.34 1275244.29
1484942452581 21 0 1 196.000 -0.968 232773.24 1275244.29
1484942452586 22 0 1 196.000 -0.484 232773.24 1374145.38
1484942452589 23 0 1 196.000 -0.968 232773.24 1189530.00
1484942452593 24 0 1 196.000 -0.968 239530.00 1275244.29
1484942452596 25 0 1 196.000 -0.484 232773.24 1275244.29
1484942452600 26 0 1 196.000 -0.968 229530.00 1275244.29
1484942452603 27 0 1 196.000 -0.968 236105.34 1275244.29
1484942452606 28 0 1 196.000 -0.484 232773.24 1275244.29
1484942452610 29 0 1 196.000 -0.968 236105.34 1275244.29
1484942452613 30 0 1 196.000 -0.484 236105.34 1374145.38
1484942452617 31 0 1 196.000 -0.968 232773.24 1275244.29
1484942452620 32 0 1 196.000 -0.968 236105.34 1275244.29
1484942452623 33 0 1 196.000 -0.968 236105.34 1275244.29
1484942452627 34 0 1 196.000 -0.968 236105.34 1275244.29
1484942452630 35 0 1 196.000 -0.968 236105.34 1189530.00
1484942452633 36 0 1 196.000 -0.484 236105.34 1189530.00
1484942452637 37 0 1 196.000 -0.968 236105.34 1275244.29
1484942452640 38 0 1 196.000 -0.968 239530.00 1374145.38
1484942452644 39 0 1 196.000 -0.484 239530.00 1275244.29
1484942452647 40 0 1 196.000 -0.484 236105.34 1275244.29
1484942452650 41 0 1 196.000 -0.484 236105.34 1275244.29
1484942452654 42 0 1 196.000 -0.968 236105.34 1374145.38
1484942452657 43 0 1 196.000 -0.968 236105.34 1374145.38
1484942452661 44 0 1 196.000 -0.484 239530.00 1275244.29
1484942452664 45 0 1 196.000 -0.968 239530.00 1374145.38
1484942452667 46 0 1 196.000 -0.484 239530.00 1374145.38
1484942452671 47 0 1 196.000 -0.484 236105.34 1489530.00
1484942452674 48 0 1 196.000 -0.484 236105.34 1275244.29
1484942452678 49 0 1 196.000 -0.968 239530.00 1114530.00
1484942452681 50 0 1 196.000 -0.484 236105.34 1374145.38
1484942452684 51 0 1 196.000 -0.968 232773.24 1275244.29
1484942452688 52 0 1 196.000 -0.968 232773.24 1275244.29
1484942452691 53 0 1 196.000 -0.968 236105.34 1275244.29
1484942452695 54 0 1 196.000 -0.968 232773.24 1189530.00
1484942452698 55 0 1 196.000 -0.484 232773.24 1275244.29
1484942452701 56 0 1 196.000 -0.968 239530.00 1275244.29
1484942452705 57 0 1 196.000 -0.968 239530.00 1625893.64
1484942452708 58 0 1 196.000 -0.484 236105.34 1374145.38
1484942452711 59 0 1 196.000 -0.484 232773.24 1374145.38
1484942452715 60 0 1 196.000 -0.968 236105.34 1374145.38
1484942452718 61 0 1 196.000 -0.968 239530.00 1374145.38
1484942452722 62 0 1 196.000 -0.484 239530.00 1489530.00
1484942452725 63 0 1 196.000 -0.484 236105.34 1374145.38
1484942452728 64 0 1 196.000 -0.968 236105.34 1374145.38
1484942452732 65 0 1 196.000 -0.968 236105.34 1374145.38
1484942452735 66 0 1 196.000 -0.484 236105.34 1114530.00
1484942452739 67 0 1 196.000 -0.484 239530.00 1275244.29
1484942452742 68 0 1 196.000 -0.968 239530.00 1189530.00
1484942452746 69 0 1 196.000 -0.484 239530.00 1114530.00
1484942452749 70 0 1 196.000 -0.968 243051.13 1189530.00
1484942452753 71 0 1 196.000 -0.484 243051.13 1189530.00
1484942452756 72 0 1 196.000 -0.484 246672.86 1275244.29
1484942452760 73 0 1 196.000 -0.968 239530.00 1275244.29
1484942452763 74 0 1 196.000 -0.968 243051.13 1275244.29
1484942452767 75 0 1 196.000 -0.484 246672.86 1275244.29
1484942452770 76 0 1 196.000 -0.484 243051.13 1374145.38
1484942452773 77 0 1 196.000 -0.484 243051.13 1374145.38
1484942452777 78 0 1 196.000 -0.484 243051.13 1275244.29
1484942452780 79 0 1 196.000 -0.968 236105.34 1275244.29
1484942452784 80 0 1 196.000 -0.484 239530.00 1374145.38
1484942452787 81 0 1 196.000 -0.484 236105.34 1189530.00
1484942452790 82 0 1 196.000 -0.484 239530.00 1374145.38
1484942452794 83 0 1 196.000 -0.484 239530.00 1275244.29
1484942452797 84 0 1 196.000 -0.484 239530.00 1275244.29
1484942452801 85 0 1 196.000 -0.484 239530.00 1374145.38
1484942452804 86 0 1 196.000 -0.968 243051.13 1275244.29
1484942452807 87 0 1 196.000 -0.484 239530.00 1275244.29
1484942452811 88 0 1 196.000 -0.484 239530.00 1275244.29
1484942452814 89 0 1 196.000 -0.968 239530.00 1275244.29
1484942452818 90 0 1 196.000 -0.484 239530.00 1374145.38
1484942452821 91 0 1 196.000 -0.484 243051.13 1275244.29
1484942452824 92 0 1 196.000 -0.484 239530.00 1275244.29
1484942452828 93 0 1 196.000 -0.484 239530.00 1275244.29
1484942452831 94 0 1 196.000 -0.484 239530.00 1275244.29
1484942452835 95 0 1 196.000 -0.968 243051.13 1374145.38
1484942452838 96 0 1 196.000 -0.484 243051.13 1374145.38
1484942452841 97 0 1 196.000 -0.968 243051.13 1275244.29
1484942452845 98 0 1 196.000 -0.484 239530.00 1374145.38
1484942452848 99 0 1 196.000 -0.484 246672.86 1275244.29
1484942452852 100 0 1 196.000 -0.484 239530.00 1275244.29
1484942452855 101 0 1 196.000 -0.968 239530.00 1275244.29
1484942452858 102 0 1 196.000 -0.968 243051.13 1275244.29
1484942452862 103 0 1 196.000 -0.484 250399.57 1189530.00
1484942452865 104 0 1 196.000 -0.484 239530.00 1489530.00
1484942452869 105 0 1 196.000 -0.484 243051.13 1275244.29
1484942452872 106 0 1 196.000 -0.968 239530.00 1275244.29
1484942452875 107 0 1 196.000 -0.484 239530.00 1489530.00
1484942452879 108 0 1 196.000 -0.484 239530.00 1374145.38
1484942452882 109 0 1 196.000 -0.484 239530.00 1275244.29
1484942452885 110 0 1 196.000 -0.484 243051.13 1374145.38
1484942452889 111 0 1 196.000 -0.484 239530.00 1374145.38
1484942452892 112 0 1 196.000 -0.484 239530.00 1374145.38
1484942452896 113 0 1 196.000 -0.484 243051.13 1374145.38
1484942452899 114 0 1 196.000 -0.968 239530.00 1275244.29
1484942452902 115 0 1 196.000 -0.484 239530.00 1275244.29
1484942452906 116 0 1 196.000 -0.484 243051.13 1374145.38
1484942452909 117 0 1 196.000 -0.484 239530.00 1374145.38
1484942452913 118 0 1 196.000 -0.968 239530.00 1275244.29
1484942452916 119 0 1 196.000 -0.484 243051.13 1275244.29
1484942452919 120 0 1 196.000 -0.484 239530.00 1275244.29
1484942452923 121 0 1 196.000 -0.484 236105.34 1275244.29
1484942452926 122 0 1 196.000 -0.484 243051.13 1489530.00
1484942452930 123 0 1 196.000 -0.484 243051.13 1275244.29
1484942452933 124 0 1 196.000 -0.484 243051.13 1275244.29
1484942452936 125 0 1 196.000 -0.484 239530.00 1374145.38
1484942452940 126 0 1 196.000 -0.484 243051.13 1275244.29
1484942452943 127 0 1 196.000 -0.484 239530.00 1275244.29
1484942452947 128 0 1 196.000 -0.968 243051.13 1275244.29
1484942452950 129 0 1 196.000 -0.484 239530.00 1275244.29
1484942452953 130 0 1 196.000 -0.484 239530.00 1374145.38
1484942452957 131 0 1 196.000 -0.968 239530.00 1275244.29
1484942452960 132 0 1 196.000 -0.484 239530.00 1275244.29
1484942452963 133 0 1 196.000 -0.484 239530.00 1275244.29
1484942452967 134 0 1 196.000 -0.484 243051.13 1374145.38
1484942452970 135 0 1 196.000 -0.484 239530.00 1114530.00
1484942452974 136 0 1 196.000 -0.484 236105.34 1275244.29
1484942452977 137 0 1 196.000 -0.484 239530.00 1275244.29
1484942452980 138 0 1 196.000 -0.484 243051.13 1374145.38
1484942452984 139 0 1 196.000 -0.968 239530.00 1275244.29
1484942452987 140 0 1 196.000 -0.484 246672.86 1275244.29
1484942452991 141 0 1 196.000 -0.484 239530.00 1275244.29
1484942452994 142 0 1 196.000 -0.484 239530.00 1275244.29
1484942452998 143 0 1 196.000 -0.484 239530.00 1275244.29
1484942453001 144 0 1 196.000 -0.484 239530.00 1275244.29
1484942453004 145 0 1 196.000 -0.484 246672.86 1275244.29
1484942453008 146 0 1 196.000 -0.484 239530.00 1374145.38
1484942453011 147 0 1 196.000 -0.484 243051.13 1275244.29
1484942453015 148 0 1 196.000 -0.484 239530.00 1489530.00
1484942453018 149 0 1 196.000 -0.484 239530.00 1189530.00
1484942453021 150 0 1 196.000 -0.484 239530.00 1374145.38
1484942453025 151 0 1 196.000 -0.968 239530.00 1189530.00
1484942453028 152 0 1 196.000 -0.484 243051.13 1189530.00
1484942453031 153 0 1 196.000 -0.484 236105.34 1275244.29
1484942453035 154 0 1 196.000 -0.484 243051.13 1374145.38
1484942453038 155 0 1 196.000 -0.484 236105.34 1275244.29
1484942453042 156 0 1 196.000 -0.484 239530.00 1189530.00
1484942453045 157 0 1 196.000 -0.484 239530.00 1489530.00
1484942453048 158 0 1 196.000 -0.484 236105.34 1275244.29
1484942453052 159 0 1 196.000 -0.484 239530.00 1275244.29
1484942453055 160 0 1 196.000 -0.968 232773.24 1275244.29
1484942453059 161 0 1 196.000 -0.484 239530.00 1275244.29
1484942453062 162 0 1 196.000 -0.484 243051.13 1275244.29
1484942453065 163 0 1 196.000 -0.484 239530.00 1275244.29
1484942453069 164 0 1 196.000 -0.484 239530.00 1275244.29
1484942453072 165 0 1 196.000 -0.484 239530.00 1275244.29
1484942453075 166 0 1 196.000 -0.484 239530.00 1275244.29
1484942453079 167 0 1 196.000 -0.484 239530.00 1189530.00
1484942453082 168 0 1 196.000 -0.484 239530.00 1275244.29
1484942453086 169 0 1 196.000 -0.484 243051.13 1189530.00
1484942453089 170 0 1 196.000 -0.484 246672.86 1275244.29
1484942453092 171 0 1 196.000 -0.484 243051.13 1275244.29
1484942453096 172 0 1 196.000 -0.484 236105.34 1275244.29
1484942453099 173 0 1 196.000 -0.484 243051.13 1275244.29
1484942453103 174 0 1 196.000 -0.484 239530.00 1114530.00
1484942453106 175 0 1 196.000 -0.484 239530.00 1189530.00
1484942453109 176 0 1 196.000 -0.968 243051.13 1275244.29
1484942453113 177 0 1 196.000 -0.484 239530.00 1275244.29
1484942453116 178 0 1 196.000 -0.484 239530.00 1189530.00
1484942453120 179 0 1 196.000 -0.484 239530.00 1275244.29
1484942453123 180 0 1 196.000 -0.484 243051.13 1275244.29
1484942453126 181 0 1 196.000 -0.484 239530.00 1275244.29
1484942453130 182 0 1 196.000 -0.484 239530.00 1189530.00
1484942453133 183 0 1 196.000 -0.484 239530.00 1275244.29
1484942453136 184 0 1 196.000 -0.484 246672.86 1114530.00
1484942453140 185 0 1 196.000 -0.484 239530.00 1189530.00
1484942453143 186 0 1 196.000 -0.484 243051.13 1275244.29
1484942453147 187 0 1 196.000 -0.484 243051.13 1189530.00
1484942453150 188 0 1 196.000 -0.484 239530.00 1275244.29
1484942453153 189 0 1 196.000 -0.484 243051.13 1275244.29
1484942453157 190 0 1 196.000 -0.484 239530.00 1189530.00
1484942453160 191 0 1 196.000 -0.484 239530.00 1189530.00
1484942453164 192 0 1 196.000 -0.484 239530.00 1275244.29
1484942453167 193 0 1 196.000 -0.968 232773.24 1189530.00
1484942453170 194 0 1 196.000 -0.484 239530.00 1189530.00
1484942453174 195 0 1 196.000 -0.484 239530.00 1374145.38
1484942453177 196 0 1 196.000 -0.484 239530.00 1189530.00
1484942453181 197 0 1 196.000 -0.484 239530.00 1275244.29
1484942453184 198 0 1 196.000 -0.484 239530.00 1114530.00
1484942453187 199 0 1 196.000 -0.484 239530.00 1189530.00
1484942453191 200 0 1 196.000 -0.484 243051.13 1189530.00
1484942453194 201 0 1 196.000 -0.484 239530.00 1114530.00
1484942453197 202 0 1 196.000 -0.484 236105.34 1189530.00
1484942453201 203 0 1 196.000 -0.968 243051.13 1275244.29
1484942453204 204 0 1 196.000 -0.484 239530.00 1189530.00
1484942453208 205 0 1 196.000 -0.968 239530.00 1189530.00
1484942453211 206 0 1 196.000 -0.968 239530.00 1114530.00
1484942453214 207 0 1 196.000 -0.484 239530.00 1114530.00
1484942453218 208 0 1 196.000 -0.484 239530.00 1114530.00
1484942453221 209 0 1 196.000 -0.484 239530.00 1114530.00
1484942453225 210 0 1 196.000 -0.484 243051.13 1189530.00
1484942453228 211 0 1 196.000 -0.484 239530.00 1189530.00
1484942453232 212 0 1 196.000 -0.484 239530.00 1114530.00
1484942453235 213 0 1 196.000 -0.484 239530.00 1114530.00
1484942453238 214 0 1 196.000 -0.484 239530.00 1048353.53
1484942453242 215 0 1 196.000 -0.484 239530.00 1114530.00
1484942453245 216 0 1 196.000 -0.484 239530.00 1189530.00
1484942453249 217 0 1 196.000 -0.968 236105.34 1114530.00
1484942453252 218 0 1 196.000 -0.484 236105.34 1114530.00
1484942453256 219 0 1 196.000 -0.484 239530.00 1048353.53
1484942453259 220 0 1 196.000 -0.484 236105.34 1189530.00
1484942453262 221 0 1 196.000 -0.484 236105.34 1114530.00
1484942453266 222 0 1 196.000 -0.484 239530.00 1114530.00
1484942453269 223 0 1 196.000 -0.968 236105.34 1189530.00
1484942453272 224 0 1 196.000 -0.484 236105.34 1048353.53
1484942453276 225 0 1 196.000 -0.484 243051.13 1189530.00
1484942453279 226 0 1 196.000 -0.484 239530.00 1114530.00
1484942453283 227 0 1 196.000 -0.484 239530.00 1189530.00
1484942453286 228 0 1 196.000 -0.484 239530.00 1048353.53
1484942453289 229 0 1 196.000 -0.484 239530.00 1114530.00
1484942453293 230 0 1 196.000 -0.484 239530.00 1114530.00
1484942453297 231 0 1 196.000 -0.484 246672.86 1189530.00
1484942453300 232 0 1 196.000 -0.484 236105.34 1114530.00
1484942453303 233 0 1 196.000 -0.484 236105.34 1189530.00
1484942453307 234 0 1 196.000 -0.484 239530.00 1114530.00
1484942453310 235 0 1 196.000 -0.484 239530.00 1189530.00
1484942453313 236 0 1 196.000 -0.484 239530.00 1114530.00
1484942453317 237 0 1 196.000 -0.484 239530.00 1048353.53
1484942453320 238 0 1 196.000 -0.484 236105.34 1114530.00
1484942453324 239 0 1 196.000 -0.484 239530.00 1048353.53
1484942453327 240 0 1 196.000 -0.484 243051.13 1048353.53
1484942453330 241 0 1 196.000 -0.484 236105.34 1189530.00
1484942453334 242 0 1 196.000 -0.484 236105.34 1189530.00
1484942453337 243 0 1 196.000 -0.484 239530.00 1114530.00
1484942453341 244 0 1 196.000 -0.484 243051.13 1114530.00
1484942453344 245 0 1 196.000 -0.484 239530.00 1114530.00
1484942453347 246 0 1 196.000 -0.484 236105.34 1048353.53
1484942453351 247 0 1 196.000 -0.484 239530.00 1048353.53
1484942453354 248 0 1 196.000 -0.484 232773.24 1189530.00
1484942453358 249 0 1 196.000 -0.484 239530.00 1114530.00
1484942453361 250 0 1 196.000 -0.484 243051.13 1048353.53
1484942453364 251 0 2 196.000 -0.484 239530.00 1114530.00
1484942453368 252 0 2 196.000 -0.484 232773.24 1114530.00
1484942453371 253 0 2 196.000 -0.968 239530.00 1189530.00
1484942453374 254 0 2 196.000 -0.484 239530.00 1114530.00
1484942453378 255 0 2 196.000 -0.484 239530.00 1114530.00
1484942453381 256 0 2 196.000 -0.484 239530.00 1114530.00
1484942453385 257 0 2 196.000 -0.484 239530.00 1114530.00
1484942453388 258 0 2 196.000 -0.484 239530.00 1114530.00
1484942453391 259 0 2 196.000 -0.484 239530.00 1114530.00
1484942453395 260 0 2 196.000 -0.484 239530.00 1114530.00
1484942453399 261 0 2 196.000 -0.484 243051.13 1114530.00
1484942453402 262 0 2 196.000 -0.484 236105.34 1114530.00
1484942453406 263 0 2 196.000 -0.484 239530.00 1048353.53
1484942453409 264 0 2 196.000 -0.484 236105.34 1189530.00
1484942453412 265 0 2 196.000 -0.484 239530.00 989530.00
1484942453416 266 0 2 196.000 -0.968 239530.00 1189530.00
1484942453419 267 0 2 196.000 -0.484 239530.00 989530.00
1484942453423 268 0 2 196.000 -0.484 239530.00 1189530.00
1484942453426 269 0 2 196.000 -0.484 239530.00 1114530.00
1484942453429 270 0 2 196.000 -0.484 232773.24 1189530.00
1484942453433 271 0 2 196.000 -0.484 236105.34 1189530.00
1484942453436 272 0 2 196.000 -0.484 239530.00 1114530.00
1484942453439 273 0 2 196.000 -0.484 236105.34 1189530.00
1484942453443 274 0 2 196.000 -0.484 239530.00 1189530.00
1484942453446 275 0 2 196.000 -0.484 239530.00 1114530.00
1484942453450 276 0 2 196.000 -0.484 239530.00 1048353.53
1484942453453 277 0 2 196.000 -0.968 239530.00 989530.00
1484942453456 278 0 2 196.000 -0.484 236105.34 1114530.00
1484942453460 279 0 2 196.000 -0.484 246672.86 1114530.00
1484942453463 280 0 2 196.000 -0.484 239530.00 989530.00
1484942453467 281 0 2 196.000 -0.484 239530.00 1048353.53
1484942453470 282 0 2 196.000 -0.484 236105.34 1048353.53
1484942453473 283 0 2 196.000 -0.484 239530.00 1189530.00
1484942453477 284 0 2 196.000 -0.484 239530.00 989530.00
1484942453480 285 0 2 196.000 -0.484 239530.00 1048353.53
1484942453484 286 0 2 196.000 -0.484 239530.00 1114530.00
1484942453487 287 0 2 196.000 -0.484 239530.00 1048353.53
1484942453491 288 0 2 196.000 -0.484 243051.13 1189530.00
1484942453494 289 0 2 196.000 -0.484 239530.00 1114530.00
1484942453497 290 0 2 196.000 -0.484 243051.13 1114530.00
1484942453501 291 0 2 196.000 -0.968 236105.34 1189530.00
1484942453504 292 0 2 196.000 -0.484 239530.00 1048353.53
1484942453508 293 0 2 196.000 -0.484 239530.00 1189530.00
1484942453511 294 0 2 196.000 -0.484 239530.00 1048353.53
1484942453514 295 0 2 196.000 -0.484 239530.00 1189530.00
1484942453518 296 0 2 196.000 -0.484 239530.00 1275244.29
1484942453521 297 0 2 196.000 -0.484 239530.00 1114530.00
1484942453525 298 0 2 196.000 -0.484 236105.34 1114530.00
1484942453528 299 0 2 196.000 -0.484 239530.00 1114530.00
1484942453531 300 0 2 196.000 -0.484 239530.00 1114530.00
1484942453535 301 0 2 196.000 -0.484 243051.13 1048353.53
1484942453538 302 0 2 196.000 -0.484 239530.00 1114530.00
1484942453541 303 0 2 196.000 -0.484 239530.00 1048353.53
1484942453545 304 0 2 196.000 -0.484 239530.00 989530.00
1484942453548 305 0 2 196.000 -0.484 239530.00 989530.00
1484942453552 306 0 2 196.000 -0.484 239530.00 1114530.00
1484942453555 307 0 2 196.000 -0.484 239530.00 1114530.00
1484942453558 308 0 2 196.000 -0.484 239530.00 1048353.53
1484942453562 309 0 2 196.000 -0.484 239530.00 936898.42
1484942453565 310 0 2 196.000 -0.484 239530.00 1114530.00
1484942453569 311 0 2 196.000 -0.484 239530.00 1048353.53
1484942453572 312 0 2 196.000 -0.484 239530.00 989530.00
1484942453575 313 0 2 196.000 -0.484 239530.00 1114530.00
1484942453579 314 0 2 196.000 -0.484 239530.00 1114530.00
1484942453582 315 0 2 196.000 -0.484 239530.00 989530.00
1484942453585 316 0 2 196.000 -0.484 239530.00 1048353.53
1484942453589 317 0 2 196.000 -0.484 236105.34 1048353.53
1484942453592 318 0 2 196.000 -0.484 236105.34 1114530.00
1484942453596 319 0 2 196.000 -0.484 239530.00 1048353.53
1484942453599 320 0 2 196.000 -0.484 239530.00 1114530.00
1484942453602 321 0 2 196.000 -0.484 236105.34 1048353.53
1484942453606 322 0 2 196.000 -0.484 239530.00 1114530.00
1484942453609 323 0 2 196.000 -0.484 239530.00 989530.00
1484942453613 324 0 2 196.000 -0.968 239530.00 1114530.00
1484942453616 325 0 2 196.000 -0.484 239530.00 989530.00
1484942453619 326 0 2 196.000 -0.968 236105.34 1048353.53
1484942453623 327 0 2 196.000 -0.484 239530.00 1114530.00
1484942453626 328 0 2 196.000 -0.484 239530.00 989530.00
1484942453630 329 0 2 196.000 -0.484 232773.24 989530.00
1484942453633 330 0 2 196.000 -0.968 239530.00 1114530.00
1484942453636 331 0 2 196.000 -0.484 239530.00 1114530.00
1484942453640 332 0 2 196.000 -0.968 236105.34 989530.00
1484942453643 333 0 2 196.000 -0.484 232773.24 1114530.00
1484942453646 334 0 2 196.000 -0.484 236105.34 1048353.53
1484942453650 335 0 2 196.000 -0.484 239530.00 989530.00
1484942453653 336 0 2 196.000 -0.484 239530.00 1189530.00
1484942453657 337 0 2 196.000 -0.484 239530.00 989530.00
1484942453660 338 0 2 196.000 -0.968 239530.00 1048353.53
1484942453663 339 0 2 196.000 -0.484 239530.00 1048353.53
1484942453667 340 0 2 196.000 -0.484 236105.34 1048353.53
1484942453670 341 0 2 196.000 -0.484 239530.00 989530.00
1484942453674 342 0 2 196.000 -0.484 239530.00 1275244.29
1484942453677 343 0 2 196.000 -0.484 236105.34 936898.42
1484942453680 344 0 2 196.000 -0.484 239530.00 936898.42
1484942453684 345 0 2 196.000 -0.968 236105.34 1048353.53
1484942453687 346 0 2 196.000 -0.484 236105.34 1048353.53
1484942453691 347 0 2 196.000 -0.484 236105.34 1048353.53
1484942453694 348 0 2 196.000 -0.484 239530.00 1189530.00
1484942453697 349 0 2 196.000 -0.484 236105.34 1048353.53
1484942453701 350 0 2 196.000 -0.484 236105.34 1114530.00
1484942453704 351 0 2 196.000 -0.484 239530.00 989530.00
1484942453707 352 0 2 196.000 -0.484 236105.34 1114530.00
1484942453711 353 0 2 196.000 -0.484 236105.34 1048353.53
1484942453714 354 0 2 196.000 -0.484 232773.24 1048353.53
1484942453718 355 0 2 196.000 -0.484 239530.00 1114530.00
1484942453721 356 0 2 196.000 -0.484 232773.24 1048353.53
1484942453725 357 0 2 196.000 -0.484 239530.00 1048353.53
1484942453728 358 0 2 196.000 -0.968 236105.34 1048353.53
1484942453731 359 0 2 196.000 -0.484 236105.34 1189530.00
1484942453735 360 0 2 196.000 -0.484 236105.34 1048353.53
1484942453738 361 0 2 196.000 -0.484 236105.34 936898.42
1484942453741 362 0 2 196.000 -0.484 239530.00 1048353.53
1484942453745 363 0 2 196.000 -0.484 239530.00 1114530.00
1484942453748 364 0 2 196.000 -0.484 236105.34 1048353.53
1484942453752 365 0 2 196.000 -0.484 239530.00 989530.00
1484942453755 366 0 2 196.000 -0.484 236105.34 989530.00
1484942453759 367 0 2 196.000 -0.484 236105.34 1114530.00
1484942453762 368 0 2 196.000 -0.484 232773.24 1114530.00
1484942453765 369 0 2 196.000 -0.484 239530.00 1048353.53
1484942453769 370 0 2 196.000 -0.968 232773.24 1048353.53
1484942453772 371 0 2 196.000 -0.484 236105.34 1048353.53
1484942453775 372 0 2 196.000 -0.484 236105.34 1048353.53
1484942453779 373 0 2 196.000 -0.484 236105.34 989530.00
1484942453782 374 0 2 196.000 -0.484 236105.34 1048353.53
1484942453786 375 0 2 196.000 -0.484 232773.24 1048353.53
1484942453789 376 0 2 196.000 -0.484 239530.00 1048353.53
1484942453792 377 0 2 196.000 -0.484 239530.00 936898.42
1484942453796 378 0 2 196.000 -0.484 239530.00 1114530.00
1484942453799 379 0 2 196.000 -0.484 236105.34 989530.00
1484942453803 380 0 2 196.000 -0.484 239530.00 1048353.53
1484942453806 381 0 2 196.000 -0.484 239530.00 989530.00
1484942453810 382 0 2 196.000 -0.484 239530.00 1048353.53
1484942453813 383 0 2 196.000 -0.484 236105.34 1048353.53
1484942453816 384 0 2 196.000 -0.484 239530.00 1048353.53
1484942453820 385 0 2 196.000 -0.484 236105.34 936898.42
1484942453823 386 0 2 196.000 -0.484 236105.34 1114530.00
1484942453826 387 0 2 196.000 -0.484 239530.00 1048353.53
1484942453830 388 0 2 196.000 -0.484 232773.24 1048353.53
1484942453833 389 0 2 196.000 -0.484 236105.34 1048353.53
1484942453837 390 0 2 196.000 -0.484 236105.34 1048353.53
1484942453840 391 0 2 196.000 -0.484 236105.34 1048353.53
1484942453843 392 0 2 196.000 -0.484 239530.00 1114530.00
1484942453847 393 0 2 196.000 -0.968 236105.34 1114530.00
1484942453850 394 0 2 196.000 -0.484 239530.00 989530.00
1484942453854 395 0 2 196.000 -0.484 236105.34 1048353.53
1484942453857 396 0 2 196.000 -0.484 239530.00 989530.00
1484942453860 397 0 2 196.000 -0.484 236105.34 1048353.53
1484942453864 398 1 2 196.000 -0.484 236105.34 989530.00
1484942453868 399 1 1 196.000 -0.484 236105.34 1048353.53
1484942453871 400 1 1 196.000 -0.484 239530.00 1048353.53
1484942453875 401 1 1 196.000 -0.484 239530.00 1114530.00
1484942453885 402 1 1 196.000 -0.484 236105.34 1114530.00
1484942453889 403 1 1 196.000 -0.484 236105.34 1048353.53
1484942453892 404 1 1 196.000 -0.484 236105.34 1048353.53
1484942453898 405 1 1 196.000 -0.484 232773.24 989530.00
1484942453912 406 1 1 196.000 -0.968 243051.13 989530.00
1484942453915 407 1 1 196.000 -0.968 236105.34 989530.00
1484942453922 408 1 1 196.000 -0.484 246672.86 1048353.53
1484942453927 409 1 1 196.000 -0.484 246672.86 989530.00
1484942453933 410 1 1 196.000 -0.484 246672.86 936898.42
1484942453936 411 1 1 196.000 -0.968 243051.13 989530.00
1484942453940 412 1 1 196.000 -0.968 239530.00 989530.00
1484942453943 413 1 1 196.000 -0.484 243051.13 989530.00
1484942453947 414 1 1 196.000 -0.968 236105.34 989530.00
1484942453950 415 1 1 196.000 -0.968 239530.00 989530.00
1484942453953 416 1 1 196.000 -0.484 239530.00 936898.42
1484942453957 417 1 1 196.000 -0.484 236105.34 889530.00
1484942453960 418 1 1 196.000 -0.968 232773.24 989530.00
1484942453963 419 1 1 196.000 -0.484 239530.00 989530.00
1484942453967 420 1 1 196.000 0.000 239530.00 989530.00
1484942453970 421 1 1 196.000 20.318 239530.00 989530.00
1484942453984 422 1 1 196.000 5.805 239530.00 936898.42
1484942453995 423 1 1 196.000 -0.484 239530.00 936898.42
1484942454018 424 1 1 196.000 -0.484 243051.13 989530.00
1484942454023 425 1 1 196.000 -0.484 232773.24 989530.00
1484942454032 426 1 1 196.000 -0.968 239530.00 936898.42
1484942454038 427 1 1 196.000 -0.484 239530.00 936898.42
1484942454043 428 1 1 196.000 -0.968 236105.34 936898.42
1484942454046 429 1 1 196.000 -0.484 239530.00 936898.42
1484942454052 430 1 1 196.000 -0.968 232773.24 936898.42
1484942454066 431 1 1 196.000 -0.484 229530.00 889530.00
1484942454072 432 1 1 196.000 -0.484 232773.24 936898.42
1484942454078 433 1 1 196.000 -0.968 229530.00 889530.00
1484942454087 434 1 1 196.000 -0.968 232773.24 889530.00
1484942454092 435 1 1 196.000 -0.484 239530.00 846672.86
1484942454095 436 1 1 196.000 -0.484 232773.24 889530.00
1484942454099 437 1 1 196.000 -0.484 232773.24 889530.00
1484942454102 438 1 1 196.000 -0.484 232773.24 889530.00
1484942454106 439 1 1 196.000 -0.968 232773.24 889530.00
1484942454109 440 1 1 196.000 -0.484 236105.34 889530.00
1484942454112 441 1 1 196.000 -0.968 232773.24 889530.00
1484942454116 442 1 1 196.000 -0.968 236105.34 846672.86
1484942454119 443 1 1 196.000 -0.484 232773.24 889530.00
1484942454123 444 1 1 196.000 -0.968 236105.34 846672.86
1484942454126 445 1 1 196.000 -0.968 232773.24 846672.86
1484942454129 446 1 1 196.000 -0.968 236105.34 846672.86
1484942454133 447 1 1 196.000 -0.968 223296.23 846672.86
1484942454136 448 1 1 196.000 -0.968 232773.24 889530.00
1484942454140 449 1 1 196.000 -0.484 236105.34 846672.86
1484942454143 450 1 1 196.000 -0.484 229530.00 846672.86
1484942454147 451 1 1 196.000 -0.968 226372.11 846672.86
1484942454150 452 1 1 196.000 -0.968 229530.00 846672.86
1484942454154 453 1 1 196.000 -0.484 229530.00 889530.00
1484942454157 454 1 1 196.000 -0.484 229530.00 889530.00
1484942454161 455 1 1 196.000 -0.484 229530.00 889530.00
1484942454164 456 1 1 196.000 -0.968 229530.00 846672.86
1484942454167 457 1 1 196.000 -0.968 229530.00 846672.86
1484942454171 458 1 1 196.000 -0.968 236105.34 846672.86
1484942454174 459 1 1 196.000 -0.968 226372.11 889530.00
1484942454178 460 1 1 196.000 -0.968 229530.00 889530.00
1484942454181 461 1 1 196.000 -0.968 229530.00 846672.86
1484942454184 462 1 1 196.000 -0.484 229530.00 846672.86
1484942454188 463 1 1 196.000 -0.968 229530.00 846672.86
1484942454191 464 1 1 196.000 -0.484 232773.24 846672.86
1484942454195 465 1 1 196.000 -0.968 226372.11 846672.86
1484942454198 466 1 1 196.000 -0.484 226372.11 846672.86
1484942454201 467 1 1 196.000 -0.484 229530.00 846672.86
1484942454205 468 1 1 196.000 -0.968 229530.00 846672.86
1484942454208 469 1 1 196.000 -0.968 229530.00 846672.86
1484942454211 470 1 1 196.000 -0.968 229530.00 846672.86
1484942454215 471 1 1 196.000 -0.968 226372.11 807711.82
1484942454218 472 1 1 196.000 -0.968 226372.11 846672.86
1484942454222 473 1 1 196.000 -0.968 226372.11 739530.00
1484942454225 474 1 1 196.000 -0.484 226372.11 772138.70
1484942454228 475 1 1 196.000 -0.968 226372.11 739530.00
1484942454232 476 1 1 196.000 -0.968 226372.11 846672.86
1484942454235 477 1 1 196.000 -0.968 181019.36 610219.66
1484942454239 478 1 1 196.000 -0.968 140790.50 65801.19
1484942454242 479 1 1 196.000 -0.968 102737.55 27186.90
1484942454245 480 1 1 196.000 -0.484 62700.73 19986.85
1484942454249 481 1 1 196.000 33.864 51173.84 18283.99
1484942454255 482 1 1 196.000 39.669 38178.65 16196.67
1484942454258 483 1 1 196.000 54.182 31982.83 13821.50
1484942454262 484 1 1 196.000 66.276 20671.87 18515.51
1484942454272 485 1 1 196.000 89.981 17137.36 29530.00
1484942454276 486 1 1 196.000 97.238 14846.46 19038.20
1484942454279 487 1 1 196.000 119.007 12518.51 24279.03
1484942454290 488 1 1 196.000 129.650 11269.13 21788.06
1484942454299 489 1 1 196.000 125.296 10857.01 24481.46
1484942454305 490 1 1 196.000 125.296 10756.42 19430.33
1484942454310 491 1 1 196.000 132.553 10339.25 12171.51
1484942454313 492 1 1 196.000 147.066 10124.97 11427.81
1484942454317 493 1 1 196.000 139.326 10054.52 8338.78
1484942454320 494 1 1 196.000 126.748 10124.97 9641.73
1484942454324 495 1 1 196.000 115.621 10148.56 8125.04
1484942454327 496 1 1 196.000 116.105 10101.43 7142.52
1484942454331 497 1 1 196.000 126.264 9984.55 6607.80
1484942454334 498 1 1 196.000 136.907 9868.98 6837.69
1484942454338 499 1 1 196.000 136.423 9846.03 7056.78
1484942454341 500 1 1 196.000 127.715 9868.98 7246.54
1484942454345 501 1 1 196.000 119.007 9868.98 7494.07
1484942454348 502 1 1 196.000 116.105 9868.98 7878.62
1484942454351 503 1 1 196.000 121.426 9800.27 8105.85
1484942454355 504 1 1 196.000 127.715 9732.02 8437.56
1484942454358 505 1 1 196.000 131.102 9686.77 7159.77
1484942454361 506 1 1 196.000 129.650 9664.23 7211.73
1484942454365 507 1 1 196.000 124.329 9709.37 7638.65
1484942454368 508 1 1 196.000 119.975 9686.77 9137.84
1484942454372 509 1 1 196.000 119.491 9664.23 11164.62
1484942454375 510 1 1 196.000 120.459 9619.29 9530.00
1484942454378 511 1 1 196.000 124.813 9596.89 8280.00
1484942454382 512 1 1 196.000 127.231 9552.25 9375.64
1484942454385 513 1 1 196.000 125.780 9530.00 9266.84
1484942454389 514 1 1 196.000 122.394 9530.00 9732.02
1484942454392 515 1 1 196.000 119.007 9552.25 11295.42
1484942454395 516 1 1 196.000 118.524 9552.25 13059.41
1484942454399 517 1 1 196.000 120.459 9530.00 11295.42
1484942454402 518 1 1 196.000 124.813 9507.80 9664.23
1484942454406 519 1 1 196.000 126.264 9463.55 9116.51
1484942454409 520 1 1 196.000 125.296 9463.55 9137.84
1484942454412 521 1 1 196.000 119.975 9485.65 9846.03
1484942454416 522 1 1 196.000 117.072 9507.80 9868.98
1484942454419 523 1 1 196.000 117.072 9507.80 12755.81
1484942454423 524 1 1 196.000 120.942 9463.55 11401.20
1484942454426 525 1 1 196.000 125.780 9419.50 12286.01
1484942454429 526 1 1 196.000 126.264 9375.64 11862.51
1484942454433 527 1 1 196.000 122.394 9419.50 15207.60
1484942454436 528 1 1 196.000 116.588 9419.50 11348.18
1484942454439 529 1 1 196.000 115.137 9419.50 9868.98
1484942454443 530 1 1 196.000 117.072 9397.55 9116.51
1484942454446 531 1 1 196.000 122.394 9375.64 8719.77
1484942454450 532 1 1 196.000 125.780 9331.98 8822.60
1484942454453 533 1 1 196.000 123.845 9331.98 8781.34
1484942454456 534 1 1 196.000 119.007 9375.64 9052.78
1484942454460 535 1 1 196.000 115.137 9397.55 9353.79
1484942454463 536 1 1 196.000 115.621 9353.79 9709.37
1484942454467 537 1 1 196.000 119.491 9331.98 9846.03
1484942454470 538 1 1 196.000 122.877 9310.22 12606.92
1484942454473 539 1 1 196.000 124.813 9310.22 9984.55
1484942454477 540 1 1 196.000 119.491 9310.22 10124.97
1484942454480 541 1 1 196.000 116.105 9310.22 10831.78
1484942454483 542 1 1 196.000 113.686 9288.51 10243.46
1484942454487 543 1 1 196.000 118.524 9288.51 9800.27
1484942454490 544 1 1 196.000 123.361 9288.51 10315.22
1484942454494 545 1 1 196.000 122.394 9288.51 8760.77
1484942454497 546 1 1 196.000 118.040 9310.22 8597.80
1484942454500 547 1 1 196.000 117.072 9266.84 8182.85
1484942454504 548 1 1 196.000 116.588 9288.51 8067.59
1484942454507 549 1 1 196.000 117.072 9266.84 7991.54
1484942454511 550 1 1 196.000 120.459 9245.22 8202.20
1484942454514 551 1 1 196.000 120.942 9223.65 8010.49
1484942454517 552 1 1 196.000 119.975 9223.65 8125.04
1484942454521 553 1 1 196.000 118.040 9223.65 8397.92
1484942454524 554 1 1 196.000 116.588 9223.65 8280.00
1484942454528 555 1 1 196.000 117.556 9223.65 8397.92
1484942454531 556 1 1 196.000 118.524 9245.22 8221.59
1484942454534 557 1 1 196.000 118.040 9202.13 8397.92
1484942454538 558 1 1 196.000 119.007 9202.13 8338.78
1484942454541 559 1 1 196.000 119.007 9223.65 8517.34
1484942454544 560 1 1 196.000 119.007 9202.13 8537.39
1484942454548 561 1 1 196.000 118.040 9202.13 8618.02
1484942454551 562 1 1 196.000 118.040 9202.13 8638.28
1484942454555 563 1 1 196.000 117.556 9223.65 8864.05
1484942454558 564 1 1 196.000 118.040 9180.66 8781.34
1484942454561 565 1 1 196.000 119.007 9180.66 8947.48
1484942454565 566 1 1 196.000 119.007 9159.23 9010.52
1484942454568 567 1 1 196.000 118.524 9180.66 9180.66
1484942454572 568 1 1 196.000 116.105 9202.13 9180.66
1484942454575 569 1 1 196.000 115.621 9159.23 9664.23
1484942454578 570 1 1 196.000 116.588 9137.84 9596.89
1484942454582 571 1 1 196.000 119.491 9159.23 9397.55
1484942454585 572 1 1 196.000 119.975 9137.84 9288.51
1484942454589 573 1 1 196.000 119.007 9137.84 9310.22
1484942454592 574 1 1 196.000 116.105 9159.23 8905.67
1484942454596 575 1 1 196.000 115.137 9137.84 8781.34
1484942454599 576 1 1 196.000 115.621 9137.84 8221.59
1484942454603 577 1 1 196.000 118.040 9137.84 8260.49
1484942454606 578 1 1 196.000 119.975 9137.84 8241.02
1484942454609 579 1 1 196.000 119.007 9137.84 8144.27
1484942454613 580 1 1 196.000 116.588 9116.51 8241.02
1484942454616 581 1 1 196.000 115.621 9137.84 8241.02
1484942454620 582 1 1 196.000 115.621 9095.22 8221.59
1484942454623 583 1 1 196.000 116.588 9116.51 8417.72
1484942454627 584 1 1 196.000 117.556 9116.51 8437.56
1484942454630 585 1 1 196.000 117.556 9095.22 8517.34
1484942454633 586 1 1 196.000 117.072 9116.51 8926.55
1484942454637 587 1 1 196.000 116.588 9137.84 8638.28
1484942454640 588 1 1 196.000 116.588 9095.22 8577.62
1484942454644 589 1 1 196.000 117.556 9073.97 8699.33
1484942454647 590 1 1 196.000 117.072 9073.97 8843.30
1484942454650 591 1 1 196.000 117.072 9073.97 8781.34
1484942454654 592 1 1 196.000 117.072 9073.97 8760.77
1484942454657 593 1 1 196.000 116.588 9073.97 8182.85
1484942454661 594 1 1 196.000 116.588 9073.97 8048.52
1484942454664 595 1 1 196.000 117.072 9073.97 8378.17
1484942454667 596 1 1 196.000 117.072 9073.97 8397.92
1484942454671 597 1 1 196.000 117.072 9073.97 8260.49
1484942454674 598 1 1 196.000 117.072 9073.97 8843.30
1484942454677 599 1 1 196.000 116.588 9073.97 8926.55
1484942454681 600 1 1 196.000 116.588 9073.97 9010.52
1484942454684 601 1 1 196.000 116.588 9073.97 9159.23
1484942454688 602 1 1 196.000 116.588 9073.97 9137.84
1484942454691 603 1 1 196.000 117.072 9052.78 9223.65
1484942454694 604 1 1 196.000 117.072 9052.78 9095.22
1484942454698 605 1 1 196.000 117.072 9073.97 9266.84
1484942454701 606 1 1 196.000 116.588 9052.78 9288.51
1484942454705 607 1 1 196.000 116.588 9052.78 9052.78
1484942454708 608 1 1 196.000 116.588 9031.63 9202.13
1484942454711 609 1 1 196.000 117.072 9052.78 9223.65
1484942454715 610 1 1 196.000 117.072 9031.63 9223.65
1484942454718 611 1 1 196.000 117.072 9031.63 9245.22
1484942454722 612 1 1 196.000 117.072 9031.63 9223.65
1484942454725 613 1 1 196.000 116.588 9052.78 9397.55
1484942454728 614 1 1 196.000 116.105 9031.63 9507.80
1484942454732 615 1 1 196.000 116.588 9031.63 9732.02
1484942454735 616 1 1 196.000 116.588 9031.63 9664.23
1484942454739 617 1 1 196.000 117.072 9010.52 9732.02
1484942454742 618 1 1 196.000 116.588 9031.63 9823.12
1484942454745 619 1 1 196.000 116.105 9031.63 9846.03
1484942454749 620 1 1 196.000 115.621 9031.63 9732.02
1484942454753 621 1 1 196.000 115.621 9010.52 10031.14
1484942454756 622 1 1 196.000 116.105 9010.52 9823.12
1484942454759 623 1 1 196.000 116.105 9010.52 9868.98
1484942454763 624 1 1 196.000 116.105 9010.52 9800.27
1484942454766 625 1 1 196.000 116.105 9010.52 9868.98
1484942454770 626 1 1 196.000 115.621 8989.46 9961.33
1484942454773 627 1 1 196.000 116.105 9010.52 9754.72
1484942454776 628 1 1 196.000 116.105 9010.52 9353.79
1484942454780 629 1 1 196.000 115.621 9010.52 9485.65
1484942454783 630 1 1 196.000 116.105 8989.46 9202.13
1484942454787 631 1 1 196.000 116.105 9010.52 9463.55
1484942454790 632 1 1 196.000 115.621 8989.46 9137.84
1484942454793 633 1 1 196.000 116.105 9010.52 9116.51
1484942454797 634 1 1 196.000 116.105 8989.46 9288.51
1484942454800 635 1 1 196.000 116.105 9010.52 8719.77
1484942454804 636 1 1 196.000 115.621 9010.52 8719.77
1484942454807 637 1 1 196.000 115.621 8989.46 8989.46
1484942454810 638 1 1 196.000 116.105 8989.46 8618.02
1484942454814 639 1 1 196.000 115.621 8989.46 8822.60
1484942454817 640 1 1 196.000 115.621 8989.46 8760.77
1484942454821 641 1 1 196.000 116.105 9010.52 8618.02
1484942454824 642 1 1 196.000 115.621 8989.46 8699.33
1484942454827 643 1 1 196.000 115.621 8968.44 8557.48
1484942454831 644 1 1 196.000 115.621 8989.46 8280.00
1484942454834 645 1 1 196.000 116.105 8989.46 8781.34
1484942454837 646 1 1 196.000 115.621 8989.46 7934.91
1484942454841 647 1 1 196.000 115.621 8968.44 7878.62
1484942454844 648 1 1 196.000 116.105 8989.46 7878.62
1484942454848 649 1 1 196.000 115.621 8968.44 7972.62
1484942454851 650 1 1 196.000 115.621 8968.44 7841.29
1484942454855 651 1 1 196.000 116.105 8968.44 7916.11
1484942454858 652 1 1 196.000 115.621 8989.46 7675.16
1484942454861 653 1 1 196.000 115.621 8968.44 7841.29
1484942454865 654 1 1 196.000 115.621 8968.44 7841.29
1484942454868 655 1 1 196.000 115.621 8989.46 7859.94
1484942454872 656 1 2 196.000 115.621 8968.44 7656.89
1484942454875 657 1 2 196.000 115.621 8968.44 7693.47
1484942454878 658 1 2 196.000 115.621 8989.46 7548.02
1484942454882 659 1 2 196.000 115.621 8968.44 7656.89
1484942454885 660 1 2 196.000 115.621 8968.44 7602.29
1484942454889 661 1 2 196.000 115.621 8947.48 7566.07
1484942454892 662 1 2 196.000 115.621 8947.48 7584.16
1484942454896 663 1 2 196.000 115.621 8947.48 7584.16
1484942454899 664 1 2 196.000 115.621 8947.48 7422.64
1484942454903 665 1 2 196.000 115.621 8968.44 7387.14
1484942454906 666 1 2 196.000 114.653 8926.55 7299.00
1484942454909 667 1 2 196.000 113.686 8905.67 7334.15
1484942454913 668 1 2 196.000 113.202 8947.48 7263.99
1484942454916 669 1 2 196.000 112.235 8947.48 7351.78
1484942454920 670 1 2 196.000 112.235 8968.44 7056.78
1484942454923 671 1 2 196.000 109.816 8968.44 8125.04
1484942454926 672 1 2 196.000 104.494 9073.97 9073.97
1484942454930 673 1 2 196.000 83.692 9619.29 16720.33
1484942454933 674 1 2 196.000 68.695 10533.50 16638.43
1484942454937 675 1 2 196.000 54.666 11724.82 15466.60
1484942454940 676 1 2 196.000 41.604 13276.70 47222.31
1484942454943 677 1 2 196.000 29.994 15466.60 29530.00
1484942454947 678 1 2 196.000 18.867 18703.42 42471.18
1484942454950 679 1 2 196.000 9.192 22679.17 49530.00
1484942454953 680 1 2 196.000 0.484 27424.74 97963.73
1484942454960 681 1 2 196.000 -0.484 38443.04 54984.55
1484942454963 682 1 2 196.000 -0.484 47222.31 57711.82
1484942454966 683 1 2 196.000 -0.968 81366.73 275244.29
1484942454977 684 1 2 196.000 -0.968 99959.45 372508.72
1484942454980 685 1 2 196.000 -0.484 118101.43 398620.91
1484942454984 686 1 2 196.000 -0.484 138290.33 552030.00
1484942454995 687 1 2 196.000 -0.484 153166.36 570175.16
1484942455002 688 1 2 196.000 -0.968 167747.82 610219.66
1484942455010 689 1 2 196.000 -0.968 185182.17 681837.69
1484942455014 690 1 2 196.000 -0.968 194075.45 656196.67
1484942455018 691 1 2 196.000 -0.484 201294.71 739530.00
1484942455021 692 1 2 196.000 -0.484 209042.20 709530.00
1484942455025 693 1 2 196.000 -0.484 214530.00 681837.69
1484942455028 694 1 2 196.000 -0.484 220299.23 807711.82
1484942455032 695 1 2 196.000 -0.484 223296.23 772138.70
1484942455035 696 1 2 196.000 -0.968 226372.11 772138.70
1484942455038 697 1 2 196.000 -0.968 232773.24 846672.86
1484942455042 698 1 2 196.000 -0.484 232773.24 936898.42
1484942455045 699 1 2 196.000 -0.968 239530.00 989530.00
1484942455049 700 1 2 196.000 -0.968 243051.13 846672.86
1484942455052 701 1 2 196.000 -0.968 243051.13 989530.00
1484942455055 702 1 2 196.000 -0.968 246672.86 989530.00
1484942455059 703 1 2 196.000 -0.484 246672.86 936898.42
1484942455062 704 1 2 196.000 -0.968 254235.88 936898.42
1484942455066 705 1 2 196.000 -0.968 250399.57 936898.42
1484942455069 706 1 2 196.000 -0.484 254235.88 936898.42
1484942455072 707 1 2 196.000 -0.968 258186.72 889530.00
1484942455076 708 1 2 196.000 -0.968 262257.27 989530.00
1484942455079 709 1 2 196.000 -0.484 262257.27 889530.00
1484942455083 710 1 2 196.000 -0.484 262257.27 989530.00
1484942455086 711 1 2 196.000 -0.968 258186.72 936898.42
1484942455089 712 1 2 196.000 -0.484 262257.27 989530.00
1484942455093 713 1 2 196.000 -0.484 266453.08 989530.00
1484942455096 714 1 2 196.000 -0.968 270780.00 1048353.53
1484942455099 715 1 2 196.000 -0.968 270780.00 1048353.53
1484942455103 716 1 2 196.000 -0.968 270780.00 989530.00
1484942455106 717 1 2 196.000 -0.484 270780.00 1048353.53
1484942455110 718 1 2 196.000 -0.968 270780.00 1048353.53
1484942455113 719 1 2 196.000 -0.484 270780.00 1114530.00
1484942455116 720 1 2 196.000 -0.968 275244.29 889530.00
1484942455120 721 1 2 196.000 -0.968 275244.29 1114530.00
1484942455123 722 1 2 196.000 -0.968 284611.97 1114530.00
1484942455127 723 1 2 196.000 -0.968 279852.58 1114530.00
1484942455130 724 1 2 196.000 -0.484 284611.97 1189530.00
1484942455134 725 1 2 196.000 -0.968 284611.97 1275244.29
1484942455137 726 1 2 196.000 -0.484 289530.00 1189530.00
1484942455140 727 1 2 196.000 -0.968 294614.75 1189530.00
1484942455144 728 1 2 196.000 -0.968 284611.97 1189530.00
1484942455147 729 1 2 196.000 -0.968 289530.00 1114530.00
1484942455151 730 1 2 196.000 -0.968 294614.75 1189530.00
1484942455154 731 1 2 196.000 -0.968 299874.83 1114530.00
1484942455157 732 1 2 196.000 -0.484 299874.83 989530.00
1484942455161 733 1 2 196.000 -0.968 299874.83 989530.00
1484942455164 734 1 2 196.000 -0.968 299874.83 1048353.53
1484942455168 735 1 2 196.000 -0.484 299874.83 1114530.00
1484942455171 736 1 2 196.000 -0.484 299874.83 1189530.00
1484942455175 737 1 2 196.000 -0.968 299874.83 1189530.00
1484942455178 738 1 2 196.000 -0.968 299874.83 1275244.29
1484942455181 739 1 2 196.000 -0.968 299874.83 1114530.00
1484942455185 740 1 2 196.000 -0.484 299874.83 1275244.29
1484942455188 741 1 2 196.000 -0.968 305319.47 1189530.00
1484942455192 742 1 2 196.000 -0.484 305319.47 1189530.00
1484942455195 743 1 2 196.000 -0.968 294614.75 1048353.53
1484942455198 744 1 2 196.000 -0.484 299874.83 1189530.00
1484942455202 745 1 2 196.000 -0.968 299874.83 1275244.29
1484942455205 746 1 2 196.000 -0.968 289530.00 1275244.29
1484942455209 747 1 2 196.000 -0.484 299874.83 1275244.29
1484942455212 748 1 2 196.000 -0.968 299874.83 1275244.29
1484942455215 749 1 2 196.000 -0.484 299874.83 1189530.00
1484942455219 750 1 2 196.000 -0.484 299874.83 1275244.29
1484942455222 751 1 2 196.000 -0.484 294614.75 1275244.29
1484942455226 752 1 2 196.000 -0.968 294614.75 1275244.29
1484942455229 753 1 2 196.000 -0.968 289530.00 1275244.29
1484942455232 754 1 2 196.000 -0.968 289530.00 1275244.29
1484942455236 755 1 2 196.000 -0.484 299874.83 1114530.00
1484942455239 756 1 2 196.000 -0.968 289530.00 1275244.29
1484942455242 757 1 2 196.000 -0.484 284611.97 1275244.29
1484942455246 758 1 2 196.000 -0.968 289530.00 1114530.00
1484942455249 759 1 2 196.000 -0.968 284611.97 1114530.00
1484942455253 760 1 2 196.000 -0.968 284611.97 1114530.00
1484942455256 761 1 2 196.000 -0.968 294614.75 1189530.00
1484942455260 762 1 2 196.000 -0.484 294614.75 1275244.29
1484942455263 763 1 2 196.000 -0.968 289530.00 1189530.00
1484942455266 764 1 2 196.000 -0.968 284611.97 1275244.29
1484942455270 765 1 2 196.000 -0.484 289530.00 1275244.29
1484942455273 766 1 2 196.000 -0.968 284611.97 1114530.00
1484942455277 767 1 2 196.000 -0.968 279852.58 1275244.29
1484942455280 768 1 2 196.000 -0.968 289530.00 1048353.53
1484942455283 769 1 2 196.000 -0.968 284611.97 1189530.00
1484942455287 770 1 2 196.000 -0.484 284611.97 1114530.00
1484942455290 771 1 2 196.000 -0.484 289530.00 1114530.00
1484942455294 772 1 2 196.000 -0.968 284611.97 989530.00
1484942455297 773 1 2 196.000 -0.968 279852.58 1114530.00
1484942455300 774 1 2 196.000 -0.968 284611.97 1114530.00
1484942455304 775 1 2 196.000 -0.484 279852.58 1048353.53
1484942455307 776 1 2 196.000 -0.968 284611.97 989530.00
1484942455310 777 1 2 196.000 -0.484 284611.97 1114530.00
1484942455314 778 1 2 196.000 -0.484 275244.29 989530.00
1484942455317 779 1 2 196.000 -0.484 279852.58 1048353.53
1484942455321 780 1 2 196.000 -0.968 289530.00 1189530.00
1484942455324 781 1 2 196.000 -0.484 284611.97 989530.00
1484942455327 782 1 2 196.000 -0.484 284611.97 1114530.00
1484942455331 783 1 2 196.000 -0.484 284611.97 989530.00
1484942455334 784 1 2 196.000 -0.484 284611.97 989530.00
1484942455338 785 1 2 196.000 -0.968 284611.97 1048353.53
1484942455341 786 1 2 196.000 -0.968 284611.97 1114530.00
1484942455344 787 1 2 196.000 -0.484 275244.29 989530.00
1484942455348 788 1 2 196.000 -0.968 275244.29 1114530.00
1484942455351 789 1 2 196.000 -0.968 275244.29 1048353.53
1484942455354 790 1 2 196.000 -0.968 275244.29 1048353.53
1484942455358 791 1 2 196.000 -0.484 275244.29 989530.00
1484942455361 792 1 2 196.000 -0.968 279852.58 1114530.00
1484942455365 793 1 2 196.000 -0.484 275244.29 1048353.53
1484942455368 794 1 2 196.000 -0.484 275244.29 1048353.53
1484942455372 795 2 2 196.000 -0.484 275244.29 1189530.00
1484942455376 796 2 1 196.000 -0.484 270780.00 1189530.00
1484942455379 797 2 1 196.000 -0.484 270780.00 1048353.53
1484942455382 798 2 1 196.000 -0.484 270780.00 1275244.29
1484942455392 799 2 1 196.000 -0.484 266453.08 1114530.00
1484942455396 800 2 1 196.000 -0.484 270780.00 1114530.00
1484942455400 801 2 1 196.000 -0.484 270780.00 1189530.00
1484942455411 802 2 1 196.000 -0.484 275244.29 1114530.00
1484942455416 803 2 1 196.000 -0.968 279852.58 1114530.00
1484942455421 804 2 1 196.000 -0.484 266453.08 1114530.00
1484942455429 805 2 1 196.000 -0.968 275244.29 1048353.53
1484942455434 806 2 1 196.000 -0.968 275244.29 1114530.00
1484942455438 807 2 1 196.000 -0.484 270780.00 1114530.00
1484942455441 808 2 1 196.000 -0.968 275244.29 1189530.00
1484942455444 809 2 1 196.000 -0.484 270780.00 1114530.00
1484942455448 810 2 1 196.000 -0.968 270780.00 989530.00
1484942455451 811 2 1 196.000 -0.968 266453.08 1114530.00
1484942455455 812 2 1 196.000 -0.484 275244.29 1189530.00
1484942455458 813 2 1 196.000 -0.484 270780.00 1114530.00
1484942455461 814 2 1 196.000 -0.484 270780.00 1114530.00
1484942455465 815 2 1 196.000 -0.484 266453.08 1114530.00
1484942455468 816 2 1 196.000 33.864 266453.08 1114530.00
1484942455475 817 2 1 196.000 1.935 275244.29 1114530.00
1484942455493 818 2 1 196.000 -0.968 266453.08 1114530.00
1484942455496 819 2 1 196.000 -0.968 275244.29 1114530.00
1484942455503 820 2 1 196.000 -0.968 266453.08 1189530.00
1484942455516 821 2 1 196.000 -0.968 262257.27 1189530.00
1484942455521 822 2 1 196.000 -0.484 266453.08 1275244.29
1484942455529 823 2 1 196.000 -0.484 266453.08 1275244.29
1484942455535 824 2 1 196.000 -0.484 262257.27 1275244.29
1484942455540 825 2 1 196.000 -0.484 262257.27 1189530.00
1484942455544 826 2 1 196.000 -0.484 258186.72 1189530.00
1484942455547 827 2 1 196.000 -0.484 262257.27 1114530.00
1484942455551 828 2 1 196.000 -0.968 266453.08 1189530.00
1484942455554 829 2 1 196.000 -0.968 258186.72 1114530.00
1484942455558 830 2 1 196.000 -0.968 262257.27 1114530.00
1484942455561 831 2 1 196.000 -0.968 258186.72 1114530.00
1484942455564 832 2 1 196.000 -0.968 258186.72 1189530.00
1484942455568 833 2 1 196.000 -0.968 258186.72 1189530.00
1484942455571 834 2 1 196.000 -0.968 266453.08 1189530.00
1484942455575 835 2 1 196.000 -0.968 258186.72 1275244.29
1484942455578 836 2 1 196.000 -0.968 254235.88 1114530.00
1484942455581 837 2 1 196.000 -0.968 266453.08 1189530.00
1484942455585 838 2 1 196.000 -0.484 266453.08 1189530.00
1484942455588 839 2 1 196.000 -0.968 258186.72 1275244.29
1484942455592 840 2 1 196.000 -0.968 262257.27 1189530.00
1484942455595 841 2 1 196.000 -0.484 258186.72 1189530.00
1484942455598 842 2 1 196.000 -0.484 262257.27 1275244.29
1484942455602 843 2 1 196.000 -0.968 258186.72 1114530.00
1484942455605 844 2 1 196.000 -0.484 258186.72 1189530.00
1484942455608 845 2 1 196.000 -0.968 266453.08 1189530.00
1484942455612 846 2 1 196.000 -0.968 258186.72 1114530.00
1484942455615 847 2 1 196.000 -0.484 258186.72 1275244.29
1484942455619 848 2 1 196.000 -0.484 258186.72 1189530.00
1484942455622 849 2 1 196.000 -0.484 262257.27 1189530.00
1484942455625 850 2 1 196.000 -0.484 254235.88 1189530.00
1484942455629 851 2 1 196.000 -0.968 254235.88 1189530.00
1484942455632 852 2 1 196.000 -0.968 262257.27 1189530.00
1484942455636 853 2 1 196.000 -0.968 258186.72 1114530.00
1484942455639 854 2 1 196.000 -0.484 258186.72 1275244.29
1484942455642 855 2 1 196.000 -0.968 258186.72 1114530.00
1484942455646 856 2 1 196.000 -0.968 262257.27 1189530.00
1484942455649 857 2 1 196.000 -0.484 258186.72 1189530.00
1484942455653 858 2 1 196.000 -0.484 258186.72 1048353.53
1484942455656 859 2 1 196.000 -0.484 258186.72 1189530.00
1484942455659 860 2 1 196.000 -0.968 262257.27 1275244.29
1484942455663 861 2 1 196.000 -0.968 262257.27 1189530.00
1484942455666 862 2 1 196.000 -0.968 262257.27 1048353.53
1484942455670 863 2 1 196.000 -0.484 254235.88 1189530.00
1484942455673 864 2 1 196.000 -0.968 262257.27 1114530.00
1484942455677 865 2 1 196.000 -0.968 262257.27 1189530.00
1484942455680 866 2 1 196.000 -0.968 262257.27 1114530.00
1484942455683 867 2 1 196.000 -0.484 254235.88 1114530.00
1484942455687 868 2 1 196.000 -0.968 258186.72 1189530.00
1484942455690 869 2 1 196.000 -0.484 254235.88 1114530.00
1484942455694 870 2 1 196.000 -0.484 254235.88 1189530.00
1484942455697 871 2 1 196.000 -0.968 254235.88 1275244.29
1484942455700 872 2 1 196.000 -0.968 254235.88 1114530.00
1484942455704 873 2 1 196.000 -0.484 250399.57 1189530.00
1484942455707 874 2 1 196.000 -0.968 250399.57 1275244.29
1484942455710 875 2 1 196.000 -0.484 243051.13 1114530.00
1484942455714 876 2 1 196.000 -0.968 243051.13 1048353.53
1484942455717 877 2 1 196.000 -0.968 226372.11 1189530.00
1484942455721 878 2 1 196.000 -0.968 206397.47 936898.42
1484942455724 879 2 1 196.000 -0.484 226372.11 989530.00
1484942455727 880 2 1 196.000 -0.484 175097.01 84768.10
1484942455731 881 2 1 196.000 -0.968 104914.62 36162.12
1484942455734 882 2 1 196.000 -0.484 57971.06 23750.53
1484942455738 883 2 1 196.000 51.280 46854.84 20888.89
1484942455745 884 2 1 196.000 54.182 32387.14 18468.91
1484942455748 885 2 1 196.000 65.309 27424.74 24279.03
1484942455752 886 2 1 196.000 72.082 17921.17 52467.06
1484942455762 887 2 1 196.000 92.400 14989.69 32799.23
1484942455766 888 2 1 196.000 101.108 13402.68 7656.89
1484942455778 889 2 1 196.000 129.166 11295.42 18515.51
1484942455781 890 2 1 196.000 135.455 10933.09 22497.03
1484942455790 891 2 1 196.000 112.235 10558.04 10219.66
1484942455794 892 2 1 196.000 120.459 10315.22 19282.07
1484942455798 893 2 1 196.000 128.199 10054.52 20090.27
1484942455801 894 2 1 196.000 143.680 9868.98 9530.00
1484942455805 895 2 1 196.000 135.939 9800.27 9619.29
1484942455809 896 2 1 196.000 123.361 9938.16 13821.50
1484942455812 897 2 1 196.000 110.783 9938.16 9485.65
1484942455816 898 2 1 196.000 111.751 9868.98 8781.34
1484942455819 899 2 1 196.000 123.361 9709.37 8319.14
1484942455822 900 2 1 196.000 134.488 9619.29 10267.33
1484942455826 901 2 1 196.000 134.972 9574.54 7512.02
1484942455829 902 2 1 196.000 124.329 9641.73 8843.30
1484942455833 903 2 1 196.000 115.137 9641.73 11561.82
1484942455836 904 2 1 196.000 113.202 9619.29 13339.52
1484942455839 905 2 1 196.000 119.007 9530.00 7785.58
1484942455843 906 2 1 196.000 125.296 9485.65 8202.20
1484942455846 907 2 1 196.000 129.166 9463.55 7530.00
1484942455850 908 2 1 196.000 127.231 9463.55 6971.86
1484942455853 909 2 1 196.000 120.459 9441.50 7125.31
1484942455856 910 2 1 196.000 117.072 9463.55 6447.29
1484942455860 911 2 1 196.000 116.588 9441.50 6368.17
1484942455863 912 2 1 196.000 118.040 9419.50 6196.67
1484942455867 913 2 1 196.000 122.877 9375.64 6119.86
1484942455870 914 2 1 196.000 124.813 9353.79 6352.43
1484942455873 915 2 1 196.000 124.329 9331.98 6321.04
1484942455877 916 2 1 196.000 119.491 9331.98 6274.19
1484942455880 917 2 1 196.000 117.072 9353.79 6181.25
1484942455883 918 2 1 196.000 116.105 9353.79 6043.76
1484942455887 919 2 1 196.000 118.524 9331.98 5998.44
1484942455890 920 2 1 196.000 122.394 9310.22 6013.52
1484942455894 921 2 1 196.000 124.813 9266.84 5998.44
1484942455897 922 2 1 196.000 123.361 9245.22 6043.76
1484942455900 923 2 1 196.000 118.040 9288.51 5998.44
1484942455904 924 2 1 196.000 113.686 9310.22 5968.36
1484942455907 925 2 1 196.000 113.686 9310.22 5790.16
1484942455911 926 2 1 196.000 119.491 9245.22 5644.59
1484942455914 927 2 1 196.000 124.329 9202.13 5601.43
1484942455917 928 2 1 196.000 125.296 9202.13 5630.18
1484942455921 929 2 1 196.000 119.975 9223.65 5702.51
1484942455924 930 2 1 196.000 113.686 9245.22 5893.64
1484942455928 931 2 1 196.000 111.751 9245.22 6089.34
1484942455931 932 2 1 196.000 116.105 9180.66 5968.36
1484942455934 933 2 1 196.000 121.910 9180.66 6013.52
1484942455938 934 2 1 196.000 124.813 9180.66 6058.93
1484942455941 935 2 1 196.000 121.910 9137.84 6135.17
1484942455944 936 2 1 196.000 116.588 9180.66 6165.86
1484942455948 937 2 1 196.000 112.718 9202.13 6511.13
1484942455951 938 2 1 196.000 113.202 9180.66 6738.41
1484942455955 939 2 1 196.000 118.040 9116.51 6640.27
1484942455958 940 2 1 196.000 122.394 9116.51 6738.41
1484942455962 941 2 1 196.000 122.394 9137.84 6705.57
1484942455965 942 2 1 196.000 119.007 9137.84 7022.71
1484942455969 943 2 1 196.000 114.653 9137.84 7584.16
1484942455972 944 2 1 196.000 113.686 9137.84 7159.77
1484942455975 945 2 1 196.000 115.137 9116.51 7125.31
1484942455979 946 2 1 196.000 118.524 9095.22 6921.30
1484942455982 947 2 1 196.000 120.942 9073.97 6988.78
1484942455985 948 2 1 196.000 120.459 9073.97 6938.12
1484942455989 949 2 1 196.000 117.072 9073.97 6854.35
1484942455992 950 2 1 196.000 114.653 9095.22 7022.71
1484942455996 951 2 1 196.000 115.137 9073.97 7090.98
1484942455999 952 2 1 196.000 116.105 9073.97 7299.00
1484942456002 953 2 1 196.000 118.524 9031.63 7246.54
1484942456006 954 2 1 196.000 119.007 9073.97 7246.54
1484942456009 955 2 1 196.000 118.040 9031.63 7512.02
1484942456013 956 2 1 196.000 116.588 9073.97 7841.29
1484942456016 957 2 1 196.000 115.137 9052.78 7804.11
1484942456019 958 2 1 196.000 115.621 9031.63 8163.54
1484942456023 959 2 1 196.000 116.105 9031.63 8699.33
1484942456026 960 2 1 196.000 117.556 9010.52 8760.77
1484942456030 961 2 1 196.000 117.556 9052.78 8740.25
1484942456033 962 2 1 196.000 116.588 9010.52 8597.80
1484942456036 963 2 1 196.000 116.105 9031.63 8638.28
1484942456040 964 2 1 196.000 115.621 9031.63 8477.37
1484942456043 965 2 1 196.000 115.621 9010.52 8319.14
1484942456047 966 2 1 196.000 116.588 9010.52 8202.20
1484942456050 967 2 1 196.000 117.072 9010.52 8202.20
1484942456053 968 2 1 196.000 116.588 9010.52 8144.27
1484942456057 969 2 1 196.000 116.105 9010.52 8048.52
1484942456060 970 2 1 196.000 115.621 9031.63 7841.29
1484942456064 971 2 1 196.000 115.621 8989.46 7804.11
1484942456067 972 2 1 196.000 116.105 8989.46 7693.47
1484942456070 973 2 1 196.000 117.072 8968.44 7748.62
1484942456074 974 2 1 196.000 117.072 8989.46 7693.47
1484942456077 975 2 1 196.000 115.621 8989.46 7748.62
1484942456081 976 2 1 196.000 115.137 8989.46 7730.20
1484942456084 977 2 1 196.000 114.653 8968.44 7730.20
1484942456087 978 2 1 196.000 115.137 8989.46 7711.82
1484942456091 979 2 1 196.000 117.072 8968.44 7656.89
1484942456094 980 2 1 196.000 117.072 8989.46 7656.89
1484942456097 981 2 1 196.000 116.588 8968.44 7748.62
1484942456101 982 2 1 196.000 114.653 8968.44 7711.82
1484942456104 983 2 1 196.000 114.170 8968.44 7711.82
1484942456108 984 2 1 196.000 115.137 8947.48 7767.08
1484942456111 985 2 1 196.000 115.621 8947.48 7767.08
1484942456114 986 2 1 196.000 116.588 8947.48 7748.62
1484942456118 987 2 1 196.000 116.105 8947.48 7767.08
1484942456121 988 2 1 196.000 115.621 8947.48 7711.82
1484942456125 989 2 1 196.000 114.653 8947.48 7638.65
1484942456128 990 2 1 196.000 114.653 8905.67 7638.65
1484942456131 991 2 1 196.000 115.621 8947.48 7602.29
1484942456135 992 2 1 196.000 115.621 8926.55 7638.65
1484942456138 993 2 1 196.000 115.621 8926.55 7602.29
1484942456141 994 2 1 196.000 115.137 8905.67 7566.07
1484942456145 995 2 1 196.000 114.653 8926.55 7334.15
1484942456156 996 2 1 196.000 115.137 8926.55 7229.12
1484942456167 997 2 1 196.000 115.137 8905.67 7177.06
1484942456170 998 2 1 196.000 115.137 8884.84 7194.38
1484942456179 999 2 1 196.000 115.137 8905.67 7229.12
1484942456183 1000 2 1 196.000 115.137 8884.84 7299.00
1484942456190 1001 2 1 196.000 114.653 8884.84 7351.78
1484942456195 1002 2 1 196.000 115.137 8905.67 7458.29
1484942456202 1003 2 1 196.000 115.137 8884.84 7602.29
1484942456209 1004 2 1 196.000 114.653 8864.05 7638.65
1484942456216 1005 2 1 196.000 114.653 8884.84 7584.16
1484942456224 1006 2 1 196.000 115.137 8884.84 7512.02
1484942456229 1007 2 1 196.000 114.653 8884.84 7548.02
1484942456232 1008 2 1 196.000 114.653 8884.84 7458.29
1484942456236 1009 2 1 196.000 114.170 8884.84 7494.07
1484942456239 1010 2 1 196.000 114.653 8864.05 7476.16
1484942456243 1011 2 1 196.000 115.137 8843.30 7440.45
1484942456246 1012 2 1 196.000 115.137 8864.05 7351.78
1484942456249 1013 2 1 196.000 114.653 8864.05 7299.00
1484942456253 1014 2 1 196.000 114.170 8884.84 7316.56
1484942456257 1015 2 1 196.000 114.653 8843.30 7281.48
1484942456260 1016 2 1 196.000 114.653 8843.30 7229.12
1484942456263 1017 2 1 196.000 114.653 8843.30 7125.31
1484942456267 1018 2 1 196.000 114.653 8843.30 7108.12
1484942456270 1019 2 1 196.000 114.653 8864.05 6887.76
1484942456274 1020 2 1 196.000 114.170 8843.30 6821.07
1484942456277 1021 2 1 196.000 114.653 8864.05 6705.57
1484942456280 1022 2 1 196.000 114.653 8843.30 6640.27
1484942456284 1023 2 1 196.000 114.653 8864.05 6495.13
1484942456287 1024 2 1 196.000 114.653 8843.30 6463.21
1484942456290 1025 2 1 196.000 114.653 8822.60 6431.41
1484942456294 1026 2 1 196.000 114.653 8843.30 6352.43
1484942456297 1027 2 1 196.000 114.653 8822.60 6258.62
1484942456301 1028 2 1 196.000 114.653 8843.30 6305.40
1484942456304 1029 2 1 196.000 114.170 8822.60 6119.86
1484942456307 1030 2 1 196.000 114.653 8843.30 6013.52
1484942456311 1031 2 1 196.000 114.170 8822.60 5923.44
1484942456314 1032 2 1 196.000 114.653 8822.60 5746.22
1484942456318 1033 2 1 196.000 114.653 8822.60 5644.59
1484942456321 1034 2 1 196.000 114.653 8822.60 5659.03
1484942456324 1035 2 1 196.000 114.653 8843.30 5587.09
1484942456328 1036 2 1 196.000 114.653 8822.60 5587.09
1484942456331 1037 2 1 196.000 114.653 8781.34 5587.09
1484942456334 1038 2 1 196.000 114.653 8843.30 5630.18
1484942456338 1039 2 1 196.000 114.653 8822.60 5746.22
1484942456341 1040 2 1 196.000 114.170 8801.95 5790.16
1484942456345 1041 2 1 196.000 114.653 8843.30 5746.22
1484942456348 1042 2 1 196.000 114.170 8801.95 5804.86
1484942456351 1043 2 1 196.000 114.653 8822.60 5819.59
1484942456355 1044 2 1 196.000 114.653 8822.60 5804.86
1484942456358 1045 2 1 196.000 114.170 8822.60 5923.44
1484942456362 1046 2 1 196.000 114.170 8801.95 6013.52
1484942456365 1047 2 1 196.000 114.170 8822.60 6028.63
1484942456368 1048 2 1 196.000 114.653 8822.60 5998.44
1484942456372 1049 2 1 196.000 114.170 8822.60 6089.34
1484942456375 1050 2 1 196.000 114.170 8801.95 6058.93
1484942456378 1051 2 2 196.000 114.170 8801.95 6135.17
1484942456382 1052 2 2 196.000 114.170 8822.60 6227.59
1484942456385 1053 2 2 196.000 114.170 8801.95 6243.09
1484942456389 1054 2 2 196.000 114.170 8801.95 6274.19
1484942456392 1055 2 2 196.000 114.170 8801.95 6243.09
1484942456395 1056 2 2 196.000 114.170 8801.95 6274.19
1484942456399 1057 2 2 196.000 114.170 8801.95 6321.04
1484942456402 1058 2 2 196.000 114.170 8801.95 6352.43
1484942456406 1059 2 2 196.000 114.170 8801.95 6463.21
1484942456409 1060 2 2 196.000 113.686 8781.34 6447.29
1484942456412 1061 2 2 196.000 113.202 8801.95 6511.13
1484942456416 1062 2 2 196.000 112.718 8801.95 6463.21
1484942456419 1063 2 2 196.000 111.751 8801.95 6543.23
1484942456422 1064 2 2 196.000 111.267 8781.34 6527.17
1484942456426 1065 2 2 196.000 110.299 8801.95 6656.55
1484942456429 1066 2 2 196.000 109.816 8822.60 7476.16
1484942456433 1067 2 2 196.000 105.462 8864.05 9891.99
1484942456436 1068 2 2 196.000 90.465 9137.84 9202.13
1484942456439 1069 2 2 196.000 73.533 9938.16 15845.79
1484942456443 1070 2 2 196.000 59.020 11009.71 12114.69
1484942456446 1071 2 2 196.000 46.442 12401.66 15504.03
1484942456450 1072 2 2 196.000 34.831 14187.53 14460.75
1484942456453 1073 2 2 196.000 23.705 16761.47 55950.66
1484942456456 1074 2 2 196.000 13.546 20351.92 85274.68
1484942456460 1075 2 2 196.000 4.354 24617.72 42471.18
1484942456463 1076 2 2 196.000 -0.484 29530.00 50963.45
1484942456471 1077 2 2 196.000 -0.968 47407.81 91224.92
1484942456475 1078 2 2 196.000 -0.968 57711.82 102737.55
1484942456485 1079 2 2 196.000 -0.968 99286.10 243051.13
1484942456489 1080 2 2 196.000 -0.968 116290.56 310958.57
1484942456492 1081 2 2 196.000 -0.484 124868.35 428554.39
1484942456503 1082 2 2 196.000 -0.968 150244.29 451068.46
1484942456508 1083 2 2 196.000 -0.968 169530.00 589530.00
1484942456516 1084 2 2 196.000 -0.968 175097.01 632387.14
1484942456521 1085 2 2 196.000 -0.968 189530.00 681837.69
1484942456524 1086 2 2 196.000 -0.968 196426.55 632387.14
1484942456528 1087 2 2 196.000 -0.968 206397.47 709530.00
1484942456532 1088 2 2 196.000 -0.968 209042.20 709530.00
1484942456535 1089 2 2 196.000 -0.968 214530.00 772138.70
1484942456538 1090 2 2 196.000 -0.484 217378.10 807711.82
1484942456542 1091 2 2 196.000 -0.968 220299.23 807711.82
1484942456545 1092 2 2 196.000 -0.968 226372.11 807711.82
1484942456549 1093 2 2 196.000 -0.968 232773.24 772138.70
1484942456552 1094 2 2 196.000 -0.968 232773.24 846672.86
1484942456555 1095 2 2 196.000 -0.968 236105.34 807711.82
1484942456559 1096 2 2 196.000 -0.484 243051.13 846672.86
1484942456562 1097 2 2 196.000 -0.484 243051.13 889530.00
1484942456566 1098 2 2 196.000 -0.968 246672.86 846672.86
1484942456569 1099 2 2 196.000 -0.484 246672.86 936898.42
1484942456572 1100 2 2 196.000 -0.484 246672.86 846672.86
1484942456576 1101 2 2 196.000 -0.968 246672.86 936898.42
1484942456579 1102 2 2 196.000 -0.968 243051.13 936898.42
1484942456583 1103 2 2 196.000 -0.484 254235.88 936898.42
1484942456586 1104 2 2 196.000 -0.484 262257.27 889530.00
1484942456589 1105 2 2 196.000 -0.968 258186.72 936898.42
1484942456593 1106 2 2 196.000 -0.484 258186.72 989530.00
1484942456596 1107 2 2 196.000 -0.968 262257.27 989530.00
1484942456600 1108 2 2 196.000 -0.484 266453.08 989530.00
1484942456603 1109 2 2 196.000 -0.484 266453.08 936898.42
1484942456607 1110 2 2 196.000 -0.968 266453.08 989530.00
1484942456610 1111 2 2 196.000 -0.968 266453.08 989530.00
1484942456613 1112 2 2 196.000 -0.968 266453.08 989530.00
1484942456617 1113 2 2 196.000 -0.968 262257.27 989530.00
1484942456620 1114 2 2 196.000 -0.484 270780.00 1048353.53
1484942456624 1115 2 2 196.000 -0.484 275244.29 989530.00
1484942456627 1116 2 2 196.000 -0.968 275244.29 989530.00
1484942456630 1117 2 2 196.000 -0.484 279852.58 989530.00
1484942456634 1118 2 2 196.000 -0.968 266453.08 989530.00
1484942456637 1119 2 2 196.000 -0.484 279852.58 989530.00
1484942456641 1120 2 2 196.000 -0.484 279852.58 989530.00
1484942456644 1121 2 2 196.000 -0.484 279852.58 1048353.53
1484942456647 1122 2 2 196.000 -0.484 284611.97 989530.00
1484942456651 1123 2 2 196.000 -0.968 289530.00 989530.00
1484942456654 1124 2 2 196.000 -0.968 289530.00 989530.00
1484942456658 1125 2 2 196.000 -0.484 294614.75 989530.00
1484942456661 1126 2 2 196.000 -0.484 299874.83 989530.00
1484942456664 1127 2 2 196.000 -0.484 299874.83 989530.00
1484942456668 1128 2 2 196.000 -0.484 299874.83 989530.00
1484942456671 1129 2 2 196.000 -0.968 299874.83 989530.00
1484942456675 1130 2 2 196.000 -0.968 299874.83 989530.00
1484942456678 1131 2 2 196.000 -0.484 299874.83 936898.42
1484942456681 1132 2 2 196.000 -0.968 299874.83 989530.00
1484942456685 1133 2 2 196.000 -0.968 299874.83 989530.00
1484942456688 1134 2 2 196.000 -0.484 289530.00 989530.00
1484942456691 1135 2 2 196.000 -0.968 294614.75 889530.00
1484942456695 1136 2 2 196.000 -0.968 299874.83 989530.00
1484942456698 1137 2 2 196.000 -0.484 289530.00 989530.00
1484942456702 1138 2 2 196.000 -0.968 294614.75 989530.00
1484942456705 1139 2 2 196.000 -0.484 294614.75 989530.00
1484942456708 1140 2 2 196.000 -0.484 299874.83 1048353.53
1484942456712 1141 2 2 196.000 -0.484 289530.00 1048353.53
1484942456715 1142 2 2 196.000 -0.968 294614.75 1048353.53
1484942456719 1143 2 2 196.000 -0.968 294614.75 1048353.53
1484942456722 1144 2 2 196.000 -0.484 294614.75 989530.00
1484942456725 1145 2 2 196.000 -0.968 299874.83 989530.00
1484942456729 1146 2 2 196.000 -0.484 294614.75 1048353.53
1484942456732 1147 2 2 196.000 -0.484 289530.00 1048353.53
1484942456736 1148 2 2 196.000 -0.484 294614.75 1048353.53
1484942456739 1149 2 2 196.000 -0.968 289530.00 1048353.53
1484942456742 1150 2 2 196.000 -0.484 294614.75 1048353.53
1484942456746 1151 2 2 196.000 -0.968 294614.75 1048353.53
1484942456749 1152 2 2 196.000 -0.968 289530.00 1048353.53
1484942456752 1153 2 2 196.000 -0.484 284611.97 1048353.53
1484942456756 1154 2 2 196.000 -0.484 289530.00 1048353.53
1484942456759 1155 2 2 196.000 -0.484 284611.97 1114530.00
1484942456763 1156 2 2 196.000 -0.484 284611.97 1114530.00
1484942456767 1157 2 2 196.000 -0.484 289530.00 1048353.53
1484942456770 1158 2 2 196.000 -0.484 289530.00 1114530.00
1484942456773 1159 2 2 196.000 -0.968 284611.97 1114530.00
1484942456777 1160 2 2 196.000 -0.968 289530.00 1114530.00
1484942456780 1161 2 2 196.000 -0.484 284611.97 1189530.00
1484942456784 1162 2 2 196.000 -0.968 284611.97 1048353.53
1484942456787 1163 2 2 196.000 -0.968 284611.97 1114530.00
1484942456790 1164 2 2 196.000 -0.968 294614.75 1114530.00
1484942456794 1165 2 2 196.000 -0.968 289530.00 1114530.00
1484942456797 1166 2 2 196.000 -0.484 284611.97 1189530.00
1484942456801 1167 2 2 196.000 -0.968 284611.97 1114530.00
1484942456804 1168 2 2 196.000 -0.968 284611.97 1048353.53
1484942456808 1169 2 2 196.000 -0.484 284611.97 1114530.00
1484942456811 1170 2 2 196.000 -0.968 279852.58 1114530.00
1484942456814 1171 2 2 196.000 -0.484 284611.97 989530.00
1484942456818 1172 2 2 196.000 -0.484 284611.97 989530.00
1484942456821 1173 2 2 196.000 -0.968 284611.97 989530.00
1484942456824 1174 2 2 196.000 -0.968 284611.97 1048353.53
1484942456828 1175 2 2 196.000 -0.484 289530.00 1048353.53
1484942456831 1176 2 2 196.000 -0.484 294614.75 1048353.53
1484942456835 1177 2 2 196.000 -0.484 289530.00 1189530.00
1484942456838 1178 2 2 196.000 -0.484 284611.97 1114530.00
1484942456841 1179 2 2 196.000 -0.484 279852.58 1048353.53
1484942456845 1180 2 2 196.000 -0.968 279852.58 1114530.00
1484942456848 1181 2 2 196.000 -0.484 279852.58 1114530.00
1484942456852 1182 2 2 196.000 -0.484 284611.97 1114530.00
1484942456855 1183 2 2 196.000 -0.484 279852.58 1189530.00
1484942456858 1184 2 2 196.000 -0.484 275244.29 1048353.53
1484942456862 1185 2 2 196.000 -0.484 279852.58 1048353.53
1484942456865 1186 2 2 196.000 -0.968 279852.58 1048353.53
1484942456868 1187 2 2 196.000 -0.968 279852.58 989530.00
1484942456872 1188 2 2 196.000 -0.484 284611.97 1114530.00
1484942456875 1189 2 2 196.000 -0.484 270780.00 1114530.00
1484942456879 1190 3 2 196.000 -0.484 275244.29 1114530.00
