1.000 -789.94 -2753.95
1.000 -789.94 -2753.95
1.000 -789.94 -2753.95
Serial_number: -1717986918 
Time Data_Count Cycle State Desired_force_(psi) Measured_force_(psi) Toe_sensor Heel_Sensor
1479772719206 0 0 0 196.000 1.000 -789.94 -2753.95
1.000 -789.92 inf
1.000 -789.79 19292.80
1479772719245 1 0 1 196.000 1.000 -789.79 19292.80
1.000 -789.51 inf
1479772719260 2 0 1 196.000 1.000 -789.51 inf
1.000 -788.72 19292.80
1479772719282 3 0 1 196.000 1.000 -788.72 19292.80
1.000 -782.00 -2535.78
1479772719307 4 0 1 196.000 1.000 -782.00 -2535.78
1.000 -765.35 -1664.96
1479772719342 5 0 1 196.000 1.000 -765.35 -1664.96
1.000 -752.87 -929.60
1479772719364 6 0 1 196.000 1.000 -752.87 -929.60
1.000 -740.48 383.54
1479772719395 7 0 1 196.000 1.000 -740.48 383.54
1.000 -731.39 -10.40
1479772719423 8 0 1 196.000 1.000 -731.39 -10.40
1.000 -727.60 -10.40
1479772719445 9 0 1 196.000 1.000 -727.60 -10.40
1.000 -721.75 -10.40
1479772719466 10 0 1 196.000 1.000 -721.75 -10.40
1.000 -721.75 383.54
1479772719486 11 0 1 196.000 1.000 -721.75 383.54
1.000 -720.11 1644.16
1479772719504 12 0 1 196.000 1.000 -720.11 1644.16
1.000 -716.60 383.54
1479772719522 13 0 1 196.000 1.000 -716.60 383.54
1.000 -710.65 383.54
1479772719537 14 0 1 196.000 1.000 -710.65 383.54
1.000 -712.74 383.54
1479772719551 15 0 1 196.000 1.000 -712.74 383.54
1.000 -714.72 383.54
1479772719557 16 0 1 196.000 1.000 -714.72 383.54
1.000 -712.74 -10.40
1479772719567 17 0 1 196.000 1.000 -712.74 -10.40
1.000 -712.74 -10.40
1479772719576 18 0 1 196.000 1.000 -712.74 -10.40
1.000 -712.74 908.80
1479772719584 19 0 1 196.000 1.000 -712.74 908.80
1.000 -712.74 383.54
1479772719594 20 0 1 196.000 1.000 -712.74 383.54
1.000 -710.65 -10.40
1479772719606 21 0 1 196.000 1.000 -710.65 -10.40
1.000 -708.45 -10.40
1479772719613 22 0 1 196.000 1.000 -708.45 -10.40
1.000 -710.65 -316.80
1479772719620 23 0 1 196.000 1.000 -710.65 -316.80
1.000 -708.45 -561.92
1479772719629 24 0 1 196.000 1.000 -708.45 -561.92
1.000 -712.74 -10.40
1479772719638 25 0 1 196.000 1.000 -712.74 -10.40
1.000 -710.65 -561.92
1479772719642 26 0 1 196.000 1.000 -710.65 -561.92
1.000 -708.45 inf
1479772719650 27 0 1 196.000 1.000 -708.45 inf
1.000 -706.13 19292.80
1479772719661 28 0 1 196.000 1.000 -706.13 19292.80
1.000 -708.45 19292.80
1479772719668 29 0 1 196.000 1.000 -708.45 19292.80
1.000 -712.74 19292.80
1479772719680 30 0 1 196.000 1.000 -712.74 19292.80
1.000 -710.65 19292.80
1479772719690 31 0 1 196.000 1.000 -710.65 19292.80
1.000 -710.65 8262.40
1479772719699 32 0 1 196.000 1.000 -710.65 8262.40
1.000 -706.13 8262.40
1479772719707 33 0 1 196.000 1.000 -706.13 8262.40
1.000 -708.45 19292.80
1479772719719 34 0 1 196.000 1.000 -708.45 19292.80
1.000 -706.13 inf
1479772719723 35 0 1 196.000 1.000 -706.13 inf
1.000 -710.65 19292.80
1479772719735 36 0 2 196.000 1.000 -710.65 19292.80
1.000 -706.13 19292.80
1479772719747 37 0 2 196.000 1.000 -706.13 19292.80
1.000 -706.13 inf
1479772719757 38 0 2 196.000 1.000 -706.13 inf
1.000 -708.45 inf
1479772719766 39 0 2 196.000 1.000 -708.45 inf
1.000 -708.45 19292.80
1479772719774 40 0 2 196.000 1.000 -708.45 19292.80
1.000 -706.13 19292.80
1479772719785 41 0 2 196.000 1.000 -706.13 19292.80
1.000 -706.13 19292.80
1479772719797 42 0 2 196.000 1.000 -706.13 19292.80
1.000 -706.13 19292.80
1479772719804 43 0 2 196.000 1.000 -706.13 19292.80
1.000 -706.13 8262.40
1479772719811 44 0 2 196.000 1.000 -706.13 8262.40
1.000 -706.13 8262.40
1479772719824 45 0 2 196.000 1.000 -706.13 8262.40
1.000 -708.45 19292.80
1479772719830 46 0 2 196.000 1.000 -708.45 19292.80
1.000 -706.13 8262.40
1479772719842 47 0 2 196.000 1.000 -706.13 8262.40
1.000 -706.13 inf
1479772719848 48 0 2 196.000 1.000 -706.13 inf
1.000 -708.45 19292.80
1479772719858 49 0 2 196.000 1.000 -708.45 19292.80
1.000 -706.13 inf
1479772719864 50 0 2 196.000 1.000 -706.13 inf
1.000 -710.65 19292.80
1479772719874 51 0 2 196.000 1.000 -710.65 19292.80
1.000 -710.65 inf
1479772719881 52 0 2 196.000 1.000 -710.65 inf
1.000 -708.45 19292.80
1479772719889 53 0 2 196.000 1.000 -708.45 19292.80
1.000 -706.13 19292.80
1479772719898 54 0 2 196.000 1.000 -706.13 19292.80
1.000 -710.65 19292.80
1479772719911 55 0 2 196.000 1.000 -710.65 19292.80
1.000 -706.13 19292.80
1479772719920 56 0 2 196.000 1.000 -706.13 19292.80
1.000 -706.13 19292.80
1479772719932 57 0 2 196.000 1.000 -706.13 19292.80
1.000 -706.13 19292.80
1479772719943 58 0 2 196.000 1.000 -706.13 19292.80
1.000 -703.68 19292.80
1479772719954 59 0 2 196.000 1.000 -703.68 19292.80
1.000 -706.13 inf
1479772719966 60 0 2 196.000 1.000 -706.13 inf
1.000 -703.68 19292.80
1479772719979 61 0 2 196.000 1.000 -703.68 19292.80
1.000 -701.08 19292.80
1479772719983 62 0 2 196.000 1.000 -701.08 19292.80
1.000 -698.33 19292.80
1479772719991 63 0 2 196.000 1.000 -698.33 19292.80
1.000 -701.08 19292.80
1479772720000 64 0 2 196.000 1.000 -701.08 19292.80
1.000 -698.33 inf
1479772720010 65 0 2 196.000 1.000 -698.33 inf
1.000 -703.68 19292.80
1479772720019 66 0 2 196.000 1.000 -703.68 19292.80
1.000 -701.08 inf
1479772720027 67 0 2 196.000 1.000 -701.08 inf
1.000 -703.68 19292.80
1479772720033 68 0 2 196.000 1.000 -703.68 19292.80
1.000 -703.68 19292.80
1479772720041 69 0 2 196.000 1.000 -703.68 19292.80
1.000 -701.08 inf
1479772720053 70 0 2 196.000 1.000 -701.08 inf
1.000 -698.33 inf
1479772720062 71 0 2 196.000 1.000 -698.33 inf
1.000 -703.68 19292.80
1479772720068 72 0 2 196.000 1.000 -703.68 19292.80
1.000 -701.08 19292.80
1479772720075 73 0 2 196.000 1.000 -701.08 19292.80
1.000 -703.68 19292.80
1479772720083 74 0 2 196.000 1.000 -703.68 19292.80
1.000 -703.68 inf
1479772720092 75 0 2 196.000 1.000 -703.68 inf
1.000 -701.08 inf
1479772720102 76 0 2 196.000 1.000 -701.08 inf
1.000 -701.08 inf
1479772720111 77 0 2 196.000 1.000 -701.08 inf
1.000 -701.08 inf
1479772720118 78 0 2 196.000 1.000 -701.08 inf
1.000 -701.08 19292.80
1479772720124 79 0 2 196.000 1.000 -701.08 19292.80
1.000 -703.68 inf
1479772720133 80 0 2 196.000 1.000 -703.68 inf
1.000 -701.08 19292.80
1479772720139 81 0 2 196.000 1.000 -701.08 19292.80
1.000 -701.08 inf
1479772720146 82 0 2 196.000 1.000 -701.08 inf
1.000 -698.33 inf
1479772720156 83 0 2 196.000 1.000 -698.33 inf
1.000 -703.68 19292.80
1479772720167 84 0 2 196.000 1.000 -703.68 19292.80
1.000 -701.08 inf
1479772720174 85 0 2 196.000 1.000 -701.08 inf
1.000 -703.68 8262.40
1479772720183 86 0 2 196.000 1.000 -703.68 8262.40
1.000 -701.08 19292.80
1479772720190 87 0 2 196.000 1.000 -701.08 19292.80
1.000 -701.08 inf
1479772720197 88 0 2 196.000 1.000 -701.08 inf
1.000 -698.33 19292.80
1479772720204 89 0 2 196.000 1.000 -698.33 19292.80
1.000 -698.33 inf
1479772720215 90 0 2 196.000 1.000 -698.33 inf
1.000 -701.08 inf
1479772720221 91 0 2 196.000 1.000 -701.08 inf
1.000 -701.08 19292.80
1479772720229 92 0 2 196.000 1.000 -701.08 19292.80
1.000 -706.13 inf
1479772720236 93 1 2 196.000 1.000 -706.13 inf
1.000 -698.33 8262.40
1479772720244 94 1 1 196.000 1.000 -698.33 8262.40
1.000 -703.68 19292.80
1479772720250 95 1 1 196.000 1.000 -703.68 19292.80
1.000 -703.68 19292.80
1479772720257 96 1 1 196.000 1.000 -703.68 19292.80
1.000 -701.08 19292.80
1479772720263 97 1 1 196.000 1.000 -701.08 19292.80
1.000 -701.08 19292.80
1479772720269 98 1 1 196.000 1.000 -701.08 19292.80
1.000 -698.33 4585.60
1479772720277 99 1 1 196.000 1.000 -698.33 4585.60
1.000 -698.33 19292.80
1479772720283 100 1 1 196.000 1.000 -698.33 19292.80
1.000 -695.40 inf
1479772720293 101 1 1 196.000 1.000 -695.40 inf
1.000 -698.33 8262.40
1479772720300 102 1 1 196.000 1.000 -698.33 8262.40
1.000 -695.40 8262.40
1479772720309 103 1 1 196.000 1.000 -695.40 8262.40
1.000 -698.33 19292.80
1479772720316 104 1 1 196.000 1.000 -698.33 19292.80
1.000 -698.33 19292.80
1479772720325 105 1 1 196.000 1.000 -698.33 19292.80
1.000 -701.08 inf
1479772720331 106 1 1 196.000 1.000 -701.08 inf
1.000 -701.08 inf
1479772720338 107 1 1 196.000 1.000 -701.08 inf
1.000 -698.33 19292.80
1479772720345 108 1 1 196.000 1.000 -698.33 19292.80
1.000 -701.08 inf
1479772720352 109 1 1 196.000 1.000 -701.08 inf
1.000 -701.08 19292.80
1479772720364 110 1 1 196.000 1.000 -701.08 19292.80
1.000 -698.33 8262.40
1479772720371 111 1 1 196.000 1.000 -698.33 8262.40
1.000 -698.33 19292.80
1479772720387 112 1 1 196.000 1.000 -698.33 19292.80
1.000 -703.68 19292.80
1479772720399 113 1 1 196.000 1.000 -703.68 19292.80
1.000 -703.68 inf
1479772720414 114 1 1 196.000 1.000 -703.68 inf
1.000 -703.68 19292.80
1479772720423 115 1 1 196.000 1.000 -703.68 19292.80
1.000 -701.08 19292.80
1479772720436 116 1 1 196.000 1.000 -701.08 19292.80
1.000 -701.08 inf
1479772720448 117 1 1 196.000 1.000 -701.08 inf
1.000 -706.13 inf
1479772720459 118 1 1 196.000 1.000 -706.13 inf
1.000 -701.08 19292.80
1479772720469 119 1 1 196.000 1.000 -701.08 19292.80
1.000 -703.68 inf
1479772720487 120 1 1 196.000 1.000 -703.68 inf
1.000 -703.68 inf
1479772720494 121 1 1 196.000 1.000 -703.68 inf
1.000 -703.68 inf
1479772720512 122 1 1 196.000 1.000 -703.68 inf
1.000 -695.40 inf
1479772720521 123 1 1 196.000 1.000 -695.40 inf
1.000 -692.28 8262.40
1479772720531 124 1 1 196.000 1.000 -692.28 8262.40
1.000 -685.41 19292.80
1479772720541 125 1 1 196.000 1.000 -685.41 19292.80
1.000 -685.41 inf
1479772720549 126 1 1 196.000 1.000 -685.41 inf
1.000 -753.36 -2596.99
1479772720556 127 1 1 196.000 1.000 -753.36 -2596.99
1.000 -779.88 inf
1479772720562 128 1 1 196.000 1.000 -779.88 inf
1.000 -784.44 8262.40
1479772720570 129 1 1 196.000 1.000 -784.44 8262.40
1.000 -786.55 inf
1479772720576 130 1 1 196.000 1.000 -786.55 inf
1.000 -787.65 19292.80
1479772720583 131 1 1 196.000 1.000 -787.65 19292.80
1.000 -788.34 19292.80
1479772720590 132 1 1 196.000 1.000 -788.34 19292.80
1.000 -788.71 inf
1479772720599 133 1 1 196.000 1.000 -788.71 inf
1.000 -788.84 19292.80
1479772720605 134 1 1 196.000 1.000 -788.84 19292.80
1.000 -788.98 inf
1479772720612 135 1 1 196.000 1.000 -788.98 inf
1.000 -789.10 inf
1479772720619 136 1 1 196.000 1.000 -789.10 inf
1.000 -789.21 19292.80
1479772720625 137 1 1 196.000 1.000 -789.21 19292.80
1.000 -789.28 19292.80
1479772720632 138 1 1 196.000 1.000 -789.28 19292.80
1.000 -789.36 inf
1479772720642 139 1 1 196.000 1.000 -789.36 inf
1.000 -789.42 inf
1479772720649 140 1 1 196.000 1.000 -789.42 inf
1.000 -789.52 inf
1479772720667 141 1 1 196.000 1.000 -789.52 inf
1.000 -789.59 inf
1479772720678 142 1 1 196.000 1.000 -789.59 inf
1.000 -789.64 19292.80
1479772720690 143 1 1 196.000 1.000 -789.64 19292.80
1.000 -789.66 19292.80
1479772720704 144 1 1 196.000 1.000 -789.66 19292.80
1.000 -789.69 inf
1479772720718 145 1 1 196.000 1.000 -789.69 inf
1.000 -789.71 8262.40
1479772720730 146 1 1 196.000 1.000 -789.71 8262.40
1.000 -789.73 19292.80
1479772720744 147 1 1 196.000 1.000 -789.73 19292.80
1.000 -789.74 19292.80
1479772720759 148 1 2 196.000 1.000 -789.74 19292.80
1.000 -789.75 19292.80
1479772720770 149 1 2 196.000 1.000 -789.75 19292.80
1.000 -789.76 inf
1479772720784 150 1 2 196.000 1.000 -789.76 inf
1.000 -789.76 19292.80
1479772720793 151 1 2 196.000 1.000 -789.76 19292.80
1.000 -789.72 inf
1479772720807 152 1 2 196.000 1.000 -789.72 inf
1.000 -789.59 inf
1479772720819 153 1 2 196.000 1.000 -789.59 inf
1.000 -789.51 inf
1479772720826 154 1 2 196.000 1.000 -789.51 inf
1.000 -789.34 19292.80
1479772720835 155 1 2 196.000 1.000 -789.34 19292.80
1.000 -789.20 19292.80
1479772720842 156 1 2 196.000 1.000 -789.20 19292.80
1.000 -788.96 inf
1479772720848 157 1 2 196.000 1.000 -788.96 inf
1.000 -788.67 inf
1479772720855 158 1 2 196.000 1.000 -788.67 inf
1.000 -788.24 -2724.14
1479772720862 159 1 2 196.000 1.000 -788.24 -2724.14
1.000 -787.44 -2683.80
1479772720869 160 1 2 196.000 1.000 -787.44 -2683.80
1.000 -785.91 -2702.73
1479772720876 161 1 2 196.000 1.000 -785.91 -2702.73
1.000 -782.49 -2452.85
1479772720885 162 1 2 196.000 1.000 -782.49 -2452.85
1.000 -778.79 19292.80
1479772720890 163 1 2 196.000 1.000 -778.79 19292.80
1.000 -773.04 inf
1479772720897 164 1 2 196.000 1.000 -773.04 inf
1.000 -769.60 -2317.78
1479772720904 165 1 2 196.000 1.000 -769.60 -2317.78
1.000 -760.78 -1885.57
1479772720915 166 1 2 196.000 1.000 -760.78 -1885.57
1.000 -756.87 -1606.91
1479772720929 167 1 2 196.000 1.000 -756.87 -1606.91
1.000 -752.87 -1192.23
1479772720941 168 1 2 196.000 1.000 -752.87 -1192.23
1.000 -746.54 -1071.02
1479772720954 169 1 2 196.000 1.000 -746.54 -1071.02
1.000 -742.14 inf
1479772720971 170 1 2 196.000 1.000 -742.14 inf
1.000 -737.77 inf
1479772720984 171 1 2 196.000 1.000 -737.77 inf
1.000 -734.76 inf
1479772720999 172 1 2 196.000 1.000 -734.76 inf
1.000 -728.91 -1071.02
1479772721010 173 1 2 196.000 1.000 -728.91 -1071.02
1.000 -726.23 19292.80
1479772721025 174 1 2 196.000 1.000 -726.23 19292.80
1.000 -721.75 4585.60
1479772721040 175 1 2 196.000 1.000 -721.75 4585.60
1.000 -720.11 19292.80
1479772721052 176 1 2 196.000 1.000 -720.11 19292.80
1.000 -718.40 4585.60
1479772721062 177 1 2 196.000 1.000 -718.40 4585.60
1.000 -716.60 4585.60
1479772721070 178 1 2 196.000 1.000 -716.60 4585.60
1.000 -716.60 inf
1479772721079 179 1 2 196.000 1.000 -716.60 inf
1.000 -714.72 inf
1479772721087 180 1 2 196.000 1.000 -714.72 inf
1.000 -712.74 19292.80
1479772721096 181 1 2 196.000 1.000 -712.74 19292.80
1.000 -712.74 inf
1479772721105 182 1 2 196.000 1.000 -712.74 inf
1.000 -714.72 inf
1479772721111 183 1 2 196.000 1.000 -714.72 inf
1.000 -716.60 19292.80
1479772721120 184 1 2 196.000 1.000 -716.60 19292.80
1.000 -712.74 19292.80
1479772721127 185 1 2 196.000 1.000 -712.74 19292.80
1.000 -714.72 8262.40
1479772721133 186 1 2 196.000 1.000 -714.72 8262.40
1.000 -714.72 inf
1479772721140 187 1 2 196.000 1.000 -714.72 inf
1.000 -716.60 19292.80
1479772721147 188 1 2 196.000 1.000 -716.60 19292.80
1.000 -714.72 inf
1479772721155 189 1 2 196.000 1.000 -714.72 inf
1.000 -714.72 19292.80
1479772721162 190 1 2 196.000 1.000 -714.72 19292.80
1.000 -712.74 19292.80
1479772721171 191 1 2 196.000 1.000 -712.74 19292.80
1.000 -714.72 inf
1479772721178 192 1 2 196.000 1.000 -714.72 inf
1.000 -714.72 19292.80
1479772721186 193 1 2 196.000 1.000 -714.72 19292.80
1.000 -712.74 19292.80
1479772721193 194 1 2 196.000 1.000 -712.74 19292.80
1.000 -712.74 inf
1479772721199 195 1 2 196.000 1.000 -712.74 inf
1.000 -710.65 19292.80
1479772721206 196 1 2 196.000 1.000 -710.65 19292.80
1.000 -712.74 inf
1479772721213 197 1 2 196.000 1.000 -712.74 inf
1.000 -710.65 19292.80
1479772721222 198 1 2 196.000 1.000 -710.65 19292.80
1.000 -712.74 19292.80
1479772721231 199 1 2 196.000 1.000 -712.74 19292.80
1.000 -712.74 inf
1479772721238 200 1 2 196.000 1.000 -712.74 inf
1.000 -710.65 inf
1479772721244 201 1 2 196.000 1.000 -710.65 inf
1.000 -710.65 inf
1479772721252 202 1 2 196.000 1.000 -710.65 inf
1.000 -710.65 inf
1479772721258 203 2 2 196.000 1.000 -710.65 inf
1.000 -710.65 19292.80
1479772721264 204 2 1 196.000 1.000 -710.65 19292.80
1.000 -712.74 inf
1479772721271 205 2 1 196.000 1.000 -712.74 inf
1.000 -712.74 19292.80
1479772721280 206 2 1 196.000 1.000 -712.74 19292.80
1.000 -712.74 inf
1479772721285 207 2 1 196.000 1.000 -712.74 inf
1.000 -710.65 19292.80
1479772721292 208 2 1 196.000 1.000 -710.65 19292.80
1.000 -708.45 19292.80
1479772721300 209 2 1 196.000 1.000 -708.45 19292.80
1.000 -710.65 inf
1479772721306 210 2 1 196.000 1.000 -710.65 inf
1.000 -712.74 inf
1479772721313 211 2 1 196.000 1.000 -712.74 inf
1.000 -703.68 8262.40
1479772721320 212 2 1 196.000 1.000 -703.68 8262.40
1.000 -698.33 inf
1479772721327 213 2 1 196.000 1.000 -698.33 inf
1.000 -706.13 19292.80
1479772721334 214 2 1 196.000 1.000 -706.13 19292.80
1.000 -706.13 inf
1479772721341 215 2 1 196.000 1.000 -706.13 inf
1.000 -708.45 19292.80
1479772721349 216 2 1 196.000 1.000 -708.45 19292.80
1.000 -708.45 8262.40
1479772721355 217 2 1 196.000 1.000 -708.45 8262.40
1.000 -708.45 19292.80
1479772721362 218 2 1 196.000 1.000 -708.45 19292.80
1.000 -706.13 19292.80
1479772721369 219 2 1 196.000 1.000 -706.13 19292.80
1.000 -706.13 inf
1479772721375 220 2 1 196.000 1.000 -706.13 inf
1.000 -708.45 inf
1479772721383 221 2 1 196.000 1.000 -708.45 inf
1.000 -706.13 19292.80
1479772721388 222 2 1 196.000 1.000 -706.13 19292.80
1.000 -706.13 inf
1479772721396 223 2 1 196.000 1.000 -706.13 inf
1.000 -708.45 8262.40
1479772721403 224 2 1 196.000 1.000 -708.45 8262.40
1.000 -706.13 inf
1479772721414 225 2 1 196.000 1.000 -706.13 inf
1.000 -710.65 19292.80
1479772721421 226 2 1 196.000 1.000 -710.65 19292.80
1.000 -706.13 19292.80
1479772721429 227 2 1 196.000 1.000 -706.13 19292.80
1.000 -708.45 19292.80
1479772721439 228 2 1 196.000 1.000 -708.45 19292.80
1.000 -706.13 19292.80
1479772721445 229 2 1 196.000 1.000 -706.13 19292.80
1.000 -706.13 19292.80
1479772721453 230 2 1 196.000 1.000 -706.13 19292.80
1.000 -708.45 19292.80
1479772721462 231 2 1 196.000 1.000 -708.45 19292.80
1.000 -706.13 19292.80
1479772721471 232 2 1 196.000 1.000 -706.13 19292.80
1.000 -708.45 inf
1479772721477 233 2 1 196.000 1.000 -708.45 inf
1.000 -701.08 19292.80
1479772721486 234 2 1 196.000 1.000 -701.08 19292.80
1.000 -706.13 inf
1479772721492 235 2 1 196.000 1.000 -706.13 inf
1.000 -706.13 19292.80
1479772721498 236 2 1 196.000 1.000 -706.13 19292.80
1.000 -703.68 19292.80
1479772721507 237 2 1 196.000 1.000 -703.68 19292.80
1.000 -706.13 inf
1479772721515 238 2 1 196.000 1.000 -706.13 inf
1.000 -706.13 inf
1479772721523 239 2 1 196.000 1.000 -706.13 inf
1.000 -703.68 19292.80
1479772721533 240 2 1 196.000 1.000 -703.68 19292.80
1.000 -703.68 19292.80
1479772721541 241 2 1 196.000 1.000 -703.68 19292.80
1.000 -695.40 19292.80
1479772721549 242 2 1 196.000 1.000 -695.40 19292.80
1.000 -695.40 inf
1479772721558 243 2 1 196.000 1.000 -695.40 inf
1.000 -770.23 -2633.48
1479772721566 244 2 1 196.000 1.000 -770.23 -2633.48
1.000 -782.85 -2718.98
1479772721574 245 2 1 196.000 1.000 -782.85 -2718.98
1.000 -786.23 -2721.94
1479772721582 246 2 1 196.000 1.000 -786.23 -2721.94
1.000 -787.60 inf
1479772721591 247 2 1 196.000 1.000 -787.60 inf
1.000 -788.42 19292.80
1479772721600 248 2 1 196.000 1.000 -788.42 19292.80
1.000 -788.75 8262.40
1479772721609 249 2 1 196.000 1.000 -788.75 8262.40
1.000 -788.95 8262.40
1479772721618 250 2 1 196.000 1.000 -788.95 8262.40
1.000 -789.08 19292.80
1479772721624 251 2 1 196.000 1.000 -789.08 19292.80
1.000 -789.22 19292.80
1479772721633 252 2 1 196.000 1.000 -789.22 19292.80
1.000 -789.30 inf
1479772721642 253 2 1 196.000 1.000 -789.30 inf
1.000 -789.37 8262.40
1479772721651 254 2 1 196.000 1.000 -789.37 8262.40
1.000 -789.42 19292.80
1479772721658 255 2 1 196.000 1.000 -789.42 19292.80
1.000 -789.47 19292.80
1479772721665 256 2 1 196.000 1.000 -789.47 19292.80
1.000 -789.51 inf
1479772721671 257 2 1 196.000 1.000 -789.51 inf
1.000 -789.55 8262.40
1479772721681 258 2 1 196.000 1.000 -789.55 8262.40
1.000 -789.59 inf
1479772721690 259 2 1 196.000 1.000 -789.59 inf
1.000 -789.62 inf
1479772721699 260 2 1 196.000 1.000 -789.62 inf
1.000 -789.65 19292.80
1479772721709 261 2 1 196.000 1.000 -789.65 19292.80
1.000 -789.67 19292.80
1479772721719 262 2 1 196.000 1.000 -789.67 19292.80
1.000 -789.69 19292.80
1479772721728 263 2 1 196.000 1.000 -789.69 19292.80
1.000 -789.70 19292.80
1479772721734 264 2 1 196.000 1.000 -789.70 19292.80
1.000 -789.71 inf
1479772721743 265 2 1 196.000 1.000 -789.71 inf
1.000 -789.72 8262.40
1479772721749 266 2 1 196.000 1.000 -789.72 8262.40
1.000 -789.73 inf
1479772721756 267 2 1 196.000 1.000 -789.73 inf
1.000 -789.74 19292.80
1479772721763 268 2 1 196.000 1.000 -789.74 19292.80
1.000 -789.75 19292.80
1479772721769 269 2 1 196.000 1.000 -789.75 19292.80
1.000 -789.75 -561.92
1479772721777 270 2 2 196.000 1.000 -789.75 -561.92
1.000 -789.76 -1470.31
1479772721786 271 2 2 196.000 1.000 -789.76 -1470.31
1.000 -789.76 19292.80
1479772721793 272 2 2 196.000 1.000 -789.76 19292.80
1.000 -789.76 4585.60
1479772721799 273 2 2 196.000 1.000 -789.76 4585.60
1.000 -789.77 -2657.70
1479772721806 274 2 2 196.000 1.000 -789.77 -2657.70
1.000 -789.77 1644.16
1479772721813 275 2 2 196.000 1.000 -789.77 1644.16
1.000 -789.75 19292.80
1479772721822 276 2 2 196.000 1.000 -789.75 19292.80
1.000 -789.72 -2746.48
1479772721828 277 2 2 196.000 1.000 -789.72 -2746.48
1.000 -789.66 -2742.11
1479772721834 278 2 2 196.000 1.000 -789.66 -2742.11
1.000 -789.58 -1542.40
1479772721841 279 2 2 196.000 1.000 -789.58 -1542.40
1.000 -789.47 -2731.05
1479772721849 280 2 2 196.000 1.000 -789.47 -2731.05
1.000 -789.35 inf
1479772721855 281 2 2 196.000 1.000 -789.35 inf
1.000 -789.22 inf
1479772721861 282 2 2 196.000 1.000 -789.22 inf
1.000 -789.03 19292.80
1479772721867 283 2 2 196.000 1.000 -789.03 19292.80
1.000 -788.75 19292.80
1479772721874 284 2 2 196.000 1.000 -788.75 19292.80
1.000 -788.16 19292.80
1479772721884 285 2 2 196.000 1.000 -788.16 19292.80
1.000 -787.25 19292.80
1479772721890 286 2 2 196.000 1.000 -787.25 19292.80
1.000 -784.71 19292.80
1479772721899 287 2 2 196.000 1.000 -784.71 19292.80
1.000 -780.84 19292.80
1479772721907 288 2 2 196.000 1.000 -780.84 19292.80
1.000 -776.07 inf
1479772721914 289 2 2 196.000 1.000 -776.07 inf
1.000 -771.53 19292.80
1479772721923 290 2 2 196.000 1.000 -771.53 19292.80
1.000 -767.07 inf
1479772721932 291 2 2 196.000 1.000 -767.07 inf
1.000 -762.56 inf
1479772721941 292 2 2 196.000 1.000 -762.56 inf
1.000 -757.65 19292.80
1479772721949 293 2 2 196.000 1.000 -757.65 19292.80
1.000 -754.30 19292.80
1479772721959 294 2 2 196.000 1.000 -754.30 19292.80
1.000 -751.33 inf
1479772721968 295 2 2 196.000 1.000 -751.33 inf
1.000 -747.20 inf
1479772721978 296 2 2 196.000 1.000 -747.20 inf
1.000 -746.54 inf
1479772721986 297 2 2 196.000 1.000 -746.54 inf
1.000 -742.93 8262.40
1479772721994 298 2 2 196.000 1.000 -742.93 8262.40
1.000 -741.32 inf
1479772722002 299 2 2 196.000 1.000 -741.32 inf
1.000 -738.70 19292.80
1479772722011 300 2 2 196.000 1.000 -738.70 19292.80
1.000 -734.76 inf
1479772722020 301 2 2 196.000 1.000 -734.76 inf
1.000 -730.18 8262.40
1479772722038 302 2 2 196.000 1.000 -730.18 8262.40
1.000 -726.23 inf
1479772722047 303 2 2 196.000 1.000 -726.23 inf
1.000 -724.80 inf
1479772722056 304 2 2 196.000 1.000 -724.80 inf
1.000 -723.31 inf
1479772722063 305 2 2 196.000 1.000 -723.31 inf
1.000 -720.11 19292.80
1479772722073 306 2 2 196.000 1.000 -720.11 19292.80
1.000 -720.11 inf
1479772722083 307 2 2 196.000 1.000 -720.11 inf
1.000 -720.11 inf
1479772722090 308 2 2 196.000 1.000 -720.11 inf
1.000 -716.60 inf
1479772722098 309 2 2 196.000 1.000 -716.60 inf
1.000 -714.72 19292.80
1479772722107 310 2 2 196.000 1.000 -714.72 19292.80
1.000 -712.74 19292.80
1479772722115 311 2 2 196.000 1.000 -712.74 19292.80
1.000 -710.65 19292.80
1479772722123 312 2 2 196.000 1.000 -710.65 19292.80
1.000 -714.72 19292.80
1479772722132 313 2 2 196.000 1.000 -714.72 19292.80
1.000 -714.72 inf
1479772722139 314 2 2 196.000 1.000 -714.72 inf
1.000 -714.72 19292.80
1479772722148 315 2 2 196.000 1.000 -714.72 19292.80
1.000 -716.60 19292.80
1479772722154 316 2 2 196.000 1.000 -716.60 19292.80
1.000 -714.72 19292.80
1479772722160 317 2 2 196.000 1.000 -714.72 19292.80
1.000 -716.60 19292.80
1479772722166 318 2 2 196.000 1.000 -716.60 19292.80
1.000 -714.72 19292.80
1479772722173 319 2 2 196.000 1.000 -714.72 19292.80
1.000 -712.74 inf
1479772722181 320 2 2 196.000 1.000 -712.74 inf
1.000 -714.72 4585.60
1479772722187 321 2 2 196.000 1.000 -714.72 4585.60
1.000 -712.74 inf
1479772722194 322 2 2 196.000 1.000 -712.74 inf
1.000 -712.74 8262.40
1479772722201 323 2 2 196.000 1.000 -712.74 8262.40
1.000 -714.72 19292.80
1479772722207 324 2 2 196.000 1.000 -714.72 19292.80
1.000 -714.72 19292.80
1479772722215 325 2 2 196.000 1.000 -714.72 19292.80
1.000 -712.74 inf
1479772722221 326 2 2 196.000 1.000 -712.74 inf
1.000 -710.65 19292.80
1479772722230 327 2 2 196.000 1.000 -710.65 19292.80
1.000 -712.74 19292.80
1479772722238 328 2 2 196.000 1.000 -712.74 19292.80
1.000 -710.65 inf
1479772722249 329 2 2 196.000 1.000 -710.65 inf
1.000 -708.45 19292.80
1479772722258 330 2 2 196.000 1.000 -708.45 19292.80
1.000 -714.72 19292.80
1479772722271 331 2 2 196.000 1.000 -714.72 19292.80
1.000 -710.65 19292.80
1479772722280 332 3 2 196.000 1.000 -710.65 19292.80
