Time	Data_Count	Cycle	State	Desired_force_(psi)	Measured_force_(psi)	Toe_sensor	Heel_Sensor					
1484793015083	0	0	0	500	0.484	38310.49	71721.78		25		485	500
1484793015108	1	0	1	500	0	38310.49	71721.78		20		500	507
1484793015128	2	0	1	500	0	38178.65	72479.31		16			
1484793015144	3	0	1	500	0	40958.57	85786.68		5			
1484793015149	4	0	1	500	0	76486.52	262257.27		19			
1484793015168	5	0	1	500	0	142072.37	389530		15			
1484793015183	6	0	1	500	0	175097.01	589530		17			
1484793015200	7	0	1	500	0	201294.71	846672.86		13			
1484793015213	8	0	1	500	0	223296.23	1048353.53		25			
1484793015238	9	0	1	500	0	239530	1114530		13			
1484793015251	10	0	1	500	-0.484	250399.57	1048353.53		20			
1484793015271	11	0	1	500	-0.484	258186.72	1275244.29		11			
1484793015282	12	0	1	500	0	258186.72	1275244.29		10			
1484793015292	13	0	1	500	-0.484	262257.27	1275244.29		6			
1484793015298	14	0	1	500	0	266453.08	1275244.29		16			
1484793015314	15	0	1	500	0	258186.72	1275244.29		6			
1484793015320	16	0	1	500	-0.484	258186.72	1275244.29		11			
1484793015331	17	0	1	500	0	258186.72	1114530		16			
1484793015347	18	0	1	500	-0.484	262257.27	989530		13			
1484793015360	19	0	1	500	0	262257.27	1114530		10			
1484793015370	20	0	1	500	0	258186.72	1275244.29		8			
1484793015378	21	0	1	500	0	262257.27	1189530		12			
1484793015390	22	0	1	500	-0.484	254235.88	1275244.29		13			
1484793015403	23	0	1	500	0	258186.72	1189530		11			
1484793015414	24	0	1	500	0	258186.72	1189530		10			
1484793015424	25	0	1	500	0	266453.08	1189530		9			
1484793015433	26	0	1	500	0	258186.72	1275244.29		13			
1484793015446	27	0	1	500	0	258186.72	1275244.29		7			
1484793015453	28	0	1	500	0	254235.88	1048353.53		21			
1484793015474	29	0	1	500	0	258186.72	1275244.29		6			
1484793015480	30	0	1	500	0	250399.57	1189530		4			
1484793015484	31	0	1	500	0	254235.88	1048353.53		5			
1484793015489	32	0	1	500	0	262257.27	1275244.29		4			
1484793015493	33	0	1	500	0	254235.88	1275244.29		5			
1484793015498	34	0	1	500	0	258186.72	1189530		4			
1484793015502	35	0	1	500	0	254235.88	1275244.29		10			
1484793015512	36	0	1	500	0	262257.27	1189530		11			
1484793015523	37	0	1	500	0	254235.88	1048353.53		8			
1484793015531	38	0	1	500	0	258186.72	1275244.29		4			
1484793015535	39	0	1	500	0	254235.88	1275244.29		6			
1484793015541	40	0	1	500	0	254235.88	1374145.38		9			
1484793015550	41	0	1	500	0	262257.27	1189530		8			
1484793015558	42	0	1	500	0	254235.88	1114530		8			
1484793015566	43	0	1	500	0	258186.72	1189530		6			
1484793015572	44	0	1	500	0	254235.88	1189530		4			
1484793015576	45	0	1	500	0	258186.72	1275244.29		7			
1484793015583	46	0	1	500	0	250399.57	1114530		6			
1484793015589	47	0	1	500	0	258186.72	1189530		4			
1484793015593	48	0	1	500	0	262257.27	1189530		6			
1484793015599	49	0	2	500	0	258186.72	1374145.38		12			
1484793015611	50	0	2	500	0	258186.72	1275244.29		6			
1484793015617	51	0	2	500	0	258186.72	1189530		6			
1484793015623	52	0	2	500	0	258186.72	1189530		6			
1484793015629	53	0	2	500	0	258186.72	1189530		12			
1484793015641	54	0	2	500	0	254235.88	1275244.29		6			
1484793015647	55	0	2	500	0	254235.88	1189530		6			
1484793015653	56	0	2	500	0	254235.88	1189530		7			
1484793015660	57	0	2	500	0	254235.88	1114530		4			
1484793015664	58	0	2	500	0	254235.88	1048353.53		6			
1484793015670	59	0	2	500	0	254235.88	1189530		4			
1484793015674	60	0	2	500	0	262257.27	1275244.29		12			
1484793015686	61	0	2	500	0	254235.88	1048353.53		7			
1484793015693	62	0	2	500	0	250399.57	1275244.29		8			
1484793015701	63	0	2	500	0	254235.88	1114530		4			
1484793015705	64	0	2	500	0	254235.88	1275244.29		10			
1484793015715	65	0	2	500	0	250399.57	1189530		10			
1484793015725	66	0	2	500	0	254235.88	1114530		7			
1484793015732	67	0	2	500	0	254235.88	1189530		4			
1484793015736	68	0	2	500	0	250399.57	1189530		7			
1484793015743	69	0	2	500	0	254235.88	1189530		6			
1484793015749	70	0	2	500	0	258186.72	1189530		4			
1484793015753	71	0	2	500	0	254235.88	1275244.29		7			
1484793015760	72	0	2	500	0	254235.88	1114530		12			
1484793015772	73	0	2	500	0	250399.57	1189530		11			
1484793015783	74	0	2	500	0	250399.57	1275244.29		6			
1484793015789	75	0	2	500	0	254235.88	1114530		4			
1484793015793	76	0	2	500	0	250399.57	1114530		12			
1484793015805	77	0	2	500	0	254235.88	1189530		8			
1484793015813	78	0	2	500	0	250399.57	1114530		9			
1484793015822	79	0	2	500	0	246672.86	1114530		4			
1484793015826	80	0	2	500	0	254235.88	1114530		6			
1484793015832	81	0	2	500	0	250399.57	1114530		4			
1484793015836	82	0	2	500	0	250399.57	1114530		6			
1484793015842	83	0	2	500	0	246672.86	1048353.53		4			
1484793015846	84	0	2	500	0	254235.88	1114530		11			
1484793015857	85	0	2	500	0	246672.86	1114530		9			
1484793015866	86	0	2	500	0	250399.57	989530		6			
1484793015872	87	0	2	500	0	250399.57	1114530		9			
1484793015881	88	0	2	500	0	250399.57	989530		9			
1484793015890	89	0	2	500	0	250399.57	1048353.53		5			
1484793015895	90	0	2	500	0	250399.57	989530		7			
1484793015902	91	0	2	500	0	254235.88	1048353.53		4			
1484793015906	92	0	2	500	0	250399.57	989530		10			
1484793015916	93	0	2	500	0	250399.57	989530		16			
1484793015932	94	0	2	500	0	246672.86	1048353.53		12			
1484793015944	95	0	2	500	0	246672.86	989530		6			
1484793015950	96	0	2	500	0	250399.57	989530		8			
1484793015958	97	0	2	500	0	243051.13	989530		24			
1484793015982	98	0	2	500	0	243051.13	936898.42		4			
1484793015986	99	0	2	500	0	243051.13	989530		7			
1484793015993	100	0	2	500	0	246672.86	936898.42		7			
1484793016000	101	0	2	500	0	250399.57	936898.42		15			
1484793016015	102	0	2	500	0	250399.57	936898.42		17			
1484793016032	103	0	2	500	0	243051.13	936898.42		11			
1484793016043	104	0	2	500	0	246672.86	1048353.53		4			
1484793016047	105	0	2	500	0	246672.86	846672.86		16			
1484793016063	106	0	2	500	0	243051.13	989530		5			
1484793016068	107	0	2	500	0	250399.57	889530		18			
1484793016086	108	0	2	500	0	254235.88	989530		7			
1484793016093	109	0	2	500	0	239530	989530		6			
1484793016099	110	1	2	500	0	243051.13	889530		9			
1484793016108	111	1	1	500	0	250399.57	889530		4			
1484793016112	112	1	1	500	0	243051.13	936898.42		4			
1484793016116	113	1	1	500	0	250399.57	989530		5			
1484793016121	114	1	1	500	0	246672.86	889530		13			
1484793016134	115	1	1	500	0	250399.57	936898.42		6			
1484793016140	116	1	1	500	0	246672.86	936898.42		4			
1484793016144	117	1	1	500	0	246672.86	989530		14			
1484793016158	118	1	1	500	0	243051.13	989530		11			
1484793016169	119	1	1	500	0	254235.88	846672.86		4			
1484793016173	120	1	1	500	0	262257.27	889530		9			
1484793016182	121	1	1	500	0	254235.88	889530		4			
1484793016186	122	1	1	500	-0.484	250399.57	889530		6			
1484793016192	123	1	1	500	-0.484	250399.57	889530		12			
1484793016204	124	1	1	500	4.354	254235.88	889530		6			
1484793016210	125	1	1	500	14.029	246672.86	889530		4			
1484793016214	126	1	1	500	22.253	246672.86	846672.86		7			
1484793016221	127	1	1	500	14.029	250399.57	846672.86		5			
1484793016226	128	1	1	500	4.838	250399.57	846672.86		6			
1484793016232	129	1	1	500	-0.484	254235.88	989530		12			
1484793016244	130	1	1	500	-0.484	254235.88	936898.42		6			
1484793016250	131	1	1	500	0	250399.57	936898.42		6			
1484793016256	132	1	1	500	0	243051.13	889530		6			
1484793016262	133	1	1	500	-0.484	250399.57	936898.42		4			
1484793016266	134	1	1	500	-0.484	250399.57	936898.42		11			
1484793016277	135	1	1	500	-0.484	243051.13	846672.86		4			
1484793016281	136	1	1	500	0	243051.13	936898.42		4			
1484793016285	137	1	1	500	-0.484	239530	936898.42		10			
1484793016295	138	1	1	500	-0.484	243051.13	889530		8			
1484793016303	139	1	1	500	-0.484	239530	936898.42		6			
1484793016309	140	1	1	500	0	243051.13	846672.86		7			
1484793016316	141	1	1	500	-0.484	243051.13	846672.86		4			
1484793016320	142	1	1	500	-0.484	243051.13	936898.42		4			
1484793016324	143	1	1	500	0	243051.13	936898.42		4			
1484793016328	144	1	1	500	0	246672.86	936898.42		4			
1484793016332	145	1	1	500	-0.484	243051.13	889530		4			
1484793016336	146	1	1	500	-0.484	239530	936898.42		4			
1484793016340	147	1	1	500	-0.484	239530	889530		9			
1484793016349	148	1	1	500	-0.484	239530	889530		8			
1484793016357	149	1	1	500	-0.484	239530	889530		4			
1484793016361	150	1	1	500	-0.484	239530	989530		4			
1484793016365	151	1	1	500	0	239530	989530		9			
1484793016374	152	1	1	500	0	236105.34	1189530		7			
1484793016381	153	1	1	500	0	236105.34	2989530		6			
1484793016387	154	1	1	500	0	226372.11	5989530		4			
1484793016391	155	1	1	500	-0.484	169530	503815.71		4			
1484793016395	156	1	1	500	-0.484	120916.86	67116.21		4			
1484793016399	157	1	1	500	0	67116.21	46672.86		4			
1484793016403	158	1	1	500	17.899	47222.31	35565.81		4			
1484793016407	159	1	1	500	35.799	37023.4	27584.97		4			
1484793016411	160	1	1	500	52.731	28917.31	22987.25		3			
1484793016414	161	1	1	500	71.114	17350.71	9073.97		9			
1484793016423	162	1	1	500	106.429	12666.25	57454.53		8			
1484793016431	163	1	1	500	132.069	10781.48	33756.04		4			
1484793016435	164	1	1	500	148.517	9891.99	10077.95		8			
1484793016443	165	1	1	500	177.06	8182.85	8843.3		8			
1484793016451	166	1	1	500	206.086	7711.82	5893.64		6			
1484793016457	167	1	1	500	223.502	6656.55	13059.41		10			
1484793016467	168	1	1	500	250.593	6305.4	29619.09		4			
1484793016471	169	1	1	500	263.171	6089.34	589530		4			
1484793016475	170	1	1	500	274.781	5908.53	35921.75		4			
1484793016479	171	1	1	500	283.973	5804.86	8864.05		4			
1484793016483	172	1	1	500	292.681	5630.18	56444.5		4			
1484793016487	173	1	1	500	300.905	5431.06	8989530		7			
1484793016494	174	1	1	500	316.869	4980.64	17989530		9			
1484793016503	175	1	1	500	336.22	4849.15	17989530		4			
1484793016507	176	1	1	500	343.96	4771.32	17989530		4			
1484793016511	177	1	1	500	351.217	4656.05	inf		12			
1484793016523	178	1	1	500	370.084	4381.49	inf		4			
1484793016527	179	1	1	500	376.373	4296.2	17989530		6			
1484793016533	180	1	1	500	385.564	4187.98	17989530		4			
1484793016537	181	1	1	500	391.37	4116.71	inf		4			
1484793016541	182	1	1	500	395.723	4046.13	8989530		4			
1484793016545	183	1	1	500	400.077	4011.09	inf		4			
1484793016549	184	1	1	500	404.431	3953.08	17989530		4			
1484793016553	185	1	1	500	408.301	3895.52	17989530		3			
1484793016556	186	1	1	500	412.655	3827.06	17989530		4			
1484793016560	187	1	1	500	417.009	3748.01	8989530		9			
1484793016569	188	1	1	500	425.233	3658.73	inf		8			
1484793016577	189	1	1	500	431.522	3625.54	17989530		4			
1484793016581	190	1	1	500	434.425	3570.56	17989530		10			
1484793016591	191	1	1	500	441.198	3505.16	17989530		7			
1484793016598	192	1	1	500	445.068	3440.36	17989530		6			
1484793016604	193	1	1	500	447.003	3429.61	17989530		4			
1484793016608	194	1	1	500	447.971	3397.49	17989530		4			
1484793016612	195	1	2	500	449.422	3408.18	17989530		4			
1484793016616	196	1	2	500	451.357	3365.51	17989530		4			
1484793016620	197	1	2	500	452.325	3333.68	1789530		3			
1484793016623	198	1	2	500	454.26	3323.1	1789530		4			
1484793016627	199	1	2	500	454.743	3312.54	739530		4			
1484793016631	200	1	2	500	455.227	3280.95	1189530		12			
1484793016643	201	1	2	500	456.195	3249.51	5989530		4			
1484793016647	202	1	2	500	442.165	3249.51	1189530		4			
1484793016651	203	1	2	500	417.977	3312.54	3589530		4			
1484793016655	204	1	2	500	392.821	3748.01	656196.67		12			
1484793016667	205	1	2	500	307.677	3999.45	2239530		4			
1484793016671	206	1	2	500	278.651	4707.07	8989530		12			
1484793016683	207	1	2	500	200.281	4993.92	8989530		4			
1484793016687	208	1	2	500	175.125	5417.03	46133.77		4			
1484793016691	209	1	2	500	150.936	5878.77	9288.51		4			
1484793016695	210	1	2	500	128.199	6431.41	67452.08		4			
1484793016699	211	1	2	500	107.397	7125.31	709530		4			
1484793016703	212	1	2	500	87.079	7972.62	6887.76		8			
1484793016711	213	1	2	500	44.507	11973.89	9777.47		8			
1484793016719	214	1	2	500	14.029	14882.11	14187.53		4			
1484793016723	215	1	2	500	1.935	18941.76	20457.84		4			
1484793016727	216	1	2	500	0	24824.12	92387.14		12			
1484793016739	217	1	2	500	0	56196.67	129064.88		4			
1484793016743	218	1	2	500	-0.484	72098.81	187332.2		6			
1484793016749	219	1	2	500	-0.484	87890.66	329152.64		4			
1484793016753	220	1	2	500	-0.484	93576.24	398620.91		4			
1484793016757	221	1	2	500	0	100641.11	418101.43		4			
1484793016761	222	1	2	500	0	111151.62	428554.39		4			
1484793016765	223	1	2	500	0	120916.86	439530		3			
1484793016768	224	1	2	500	0	132387.14	428554.39		4			
1484793016772	225	1	2	500	-0.484	143376.15	451068.46		4			
1484793016776	226	1	2	500	0	162606.92	518941.76		9			
1484793016785	227	1	2	500	-0.484	177030	570175.16		8			
1484793016793	228	1	2	500	0	189530	589530		4			
1484793016797	229	1	2	500	0	194075.45	681837.69		5			
1484793016802	230	1	2	500	0	211752.22	739530		11			
1484793016813	231	1	2	500	-0.484	217378.1	772138.7		4			
1484793016817	232	1	2	500	0	226372.11	807711.82		9			
1484793016826	233	1	2	500	-0.484	226372.11	936898.42		8			
1484793016834	234	1	2	500	0	236105.34	936898.42		4			
1484793016838	235	1	2	500	-0.484	239530	936898.42		4			
1484793016842	236	1	2	500	-0.484	236105.34	889530		4			
1484793016846	237	1	2	500	-0.484	243051.13	936898.42		3			
1484793016849	238	1	2	500	-0.484	239530	989530		9			
1484793016858	239	1	2	500	0	246672.86	989530		8			
1484793016866	240	1	2	500	-0.484	246672.86	1114530		4			
1484793016870	241	1	2	500	-0.484	250399.57	1048353.53		12			
1484793016882	242	1	2	500	-0.484	254235.88	1048353.53		4			
1484793016886	243	1	2	500	0	254235.88	1114530		11			
1484793016897	244	1	2	500	-0.484	258186.72	1048353.53		5			
1484793016902	245	1	2	500	0	254235.88	1189530		4			
1484793016906	246	1	2	500	0	258186.72	1189530		3			
1484793016909	247	1	2	500	-0.484	254235.88	1048353.53		4			
1484793016913	248	1	2	500	-0.484	270780	1189530		4			
1484793016917	249	1	2	500	0	270780	989530		4			
1484793016921	250	1	2	500	-0.484	284611.97	1114530		10			
1484793016931	251	1	2	500	0	289530	1114530		7			
1484793016938	252	1	2	500	-0.484	294614.75	1114530		4			
1484793016942	253	1	2	500	-0.484	294614.75	989530		11			
1484793016953	254	1	2	500	-0.484	310958.57	1048353.53		4			
1484793016957	255	1	2	500	0	289530	1114530		7			
1484793016964	256	1	2	500	0	289530	1048353.53		6			
1484793016970	257	1	2	500	-0.484	294614.75	989530		8			
1484793016978	258	1	2	500	-0.484	294614.75	1048353.53		4			
1484793016982	259	1	2	500	0	294614.75	1048353.53		4			
1484793016986	260	1	2	500	0	294614.75	1114530		4			
1484793016990	261	1	2	500	0	294614.75	1114530		10			
1484793017000	262	1	2	500	0	294614.75	989530		4			
1484793017004	263	1	2	500	0	294614.75	1114530		10			
1484793017014	264	1	2	500	0	289530	1048353.53		7			
1484793017021	265	1	2	500	0	299874.83	1275244.29		10			
1484793017031	266	1	2	500	0	299874.83	1048353.53		5			
1484793017036	267	1	2	500	0	299874.83	1114530		10			
1484793017046	268	1	2	500	0	299874.83	1114530		6			
1484793017052	269	1	2	500	0	305319.47	1114530		4			
1484793017056	270	1	2	500	0	299874.83	1189530		7			
1484793017063	271	1	2	500	0	289530	1114530		6			
1484793017069	272	1	2	500	0	289530	1048353.53		4			
1484793017073	273	1	2	500	0	289530	1114530		9			
1484793017082	274	1	2	500	0	294614.75	1114530		11			
1484793017093	275	1	2	500	0	289530	1048353.53		5			
1484793017098	276	1	2	500	0	294614.75	1114530		6			
1484793017104	277	1	2	500	0	289530	1048353.53		6			
1484793017110	278	1	2	500	0	284611.97	1189530		14			
1484793017124	279	2	2	500	0	284611.97	1114530		5			
1484793017129	280	2	1	500	0	289530	1114530		5			
1484793017134	281	2	1	500	0	284611.97	1114530		6			
1484793017140	282	2	1	500	0	284611.97	1189530		5			
1484793017145	283	2	1	500	0	284611.97	1048353.53		6			
1484793017151	284	2	1	500	0	279852.58	1114530		4			
1484793017155	285	2	1	500	0	284611.97	1189530		6			
1484793017161	286	2	1	500	0	275244.29	1114530		4			
1484793017165	287	2	1	500	0	284611.97	1189530		11			
1484793017176	288	2	1	500	0	284611.97	1189530		10			
1484793017186	289	2	1	500	0	289530	1114530		7			
1484793017193	290	2	1	500	0	284611.97	1189530		9			
1484793017202	291	2	1	500	-0.484	279852.58	1189530		10			
1484793017212	292	2	1	500	0	279852.58	1048353.53		8			
1484793017220	293	2	1	500	0	279852.58	1114530		5			
1484793017225	294	2	1	500	0	270780	1114530		6			
1484793017231	295	2	1	500	28.542	275244.29	1114530		4			
1484793017235	296	2	1	500	22.737	266453.08	1114530		7			
1484793017242	297	2	1	500	12.094	266453.08	1048353.53		8			
1484793017250	298	2	1	500	0	270780	1048353.53		8			
1484793017258	299	2	1	500	-0.484	275244.29	1275244.29		10			
1484793017268	300	2	1	500	-0.484	266453.08	1374145.38		5			
1484793017273	301	2	1	500	0	266453.08	1189530		6			
1484793017279	302	2	1	500	-0.484	266453.08	1189530		13			
1484793017292	303	2	1	500	-0.484	262257.27	1275244.29		9			
1484793017301	304	2	1	500	-0.484	266453.08	1114530		3			
1484793017304	305	2	1	500	0	258186.72	1189530		11			
1484793017315	306	2	1	500	0	266453.08	1189530		5			
1484793017320	307	2	1	500	0	262257.27	1275244.29		4			
1484793017324	308	2	1	500	-0.484	266453.08	1189530		11			
1484793017335	309	2	1	500	0	266453.08	1189530		9			
1484793017344	310	2	1	500	0	258186.72	1275244.29		6			
1484793017350	311	2	1	500	-0.484	258186.72	1114530		5			
1484793017355	312	2	1	500	-0.484	262257.27	1374145.38		14			
1484793017369	313	2	1	500	0	262257.27	1275244.29		4			
1484793017373	314	2	1	500	-0.484	266453.08	1275244.29		6			
1484793017379	315	2	1	500	0	266453.08	1275244.29		4			
1484793017383	316	2	1	500	-0.484	266453.08	1275244.29		7			
1484793017390	317	2	1	500	-0.484	258186.72	1489530		4			
1484793017394	318	2	1	500	0	254235.88	1625893.64		6			
1484793017400	319	2	1	500	-0.484	262257.27	2239530		9			
1484793017409	320	2	1	500	-0.484	270780	inf		10			
1484793017419	321	2	1	500	0	226372.11	inf		4			
1484793017423	322	2	1	500	0	162606.92	335683.85		6			
1484793017429	323	2	1	500	0	39950.17	29090.44		9			
1484793017438	324	2	1	500	60.471	24893.46	19731.34		7			
1484793017445	325	2	1	500	84.66	17264.98	17264.98		7			
1484793017452	326	2	1	500	102.075	14426.27	13152.05		4			
1484793017456	327	2	1	500	114.17	12171.51	15207.6		3			
1484793017459	328	2	1	500	130.134	10582.63	8319.14		4			
1484793017463	329	2	1	500	145.615	9619.29	27746.56		4			
1484793017467	330	2	1	500	160.128	9031.63	42315.92		4			
1484793017471	331	2	1	500	174.157	8477.37	9754.72		4			
1484793017475	332	2	1	500	188.67	7972.62	8477.37		4			
1484793017479	333	2	1	500	202.699	6871.04	3472.68		12			
1484793017491	334	2	1	500	238.982	6527.17	6181.25		8			
1484793017499	335	2	1	500	263.171	5908.53	12876.3		4			
1484793017503	336	2	1	500	276.232	5717.05	11242.91		10			
1484793017513	337	2	1	500	300.421	5127.92	7090.98		9			
1484793017522	338	2	1	500	320.739	4505.04	17989530		23			
1484793017545	339	2	1	500	368.632	4164.15	17989530		17			
1484793017562	340	2	1	500	395.24	3849.81	17989530		20			
1484793017582	341	2	1	500	419.428	3581.52	inf		26			
1484793017608	342	2	1	500	444.584	3397.49	17989530		4			
1484793017612	343	2	1	500	447.003	3376.15	17989530		4			
1484793017616	344	2	1	500	449.906	3333.68	17989530		10			
1484793017626	345	2	1	500	454.743	3270.46	17989530		9			
1484793017635	346	2	1	500	458.13	3228.63	inf		7			
1484793017642	347	2	2	500	461.032	3207.81	17989530		10			
1484793017652	348	2	2	500	465.386	3156.04	8989530		6			
1484793017658	349	2	2	500	466.838	3135.44	17989530		4			
1484793017662	350	2	2	500	467.805	3094.43	17989530		8			
1484793017670	351	2	2	500	468.773	3074.02	17989530		11			
1484793017681	352	2	2	500	428.62	3145.73	17989530		5			
1484793017686	353	2	2	500	401.529	3312.54	17989530		5			
1484793017691	354	2	2	500	363.795	3472.68	1989530		4			
1484793017695	355	2	2	500	335.252	3703.23	3589530		5			
1484793017700	356	2	2	500	298.486	3918.49	5989530		4			
1484793017704	357	2	2	500	269.943	4164.15	5989530		5			
1484793017709	358	2	2	500	233.177	4745.55	5989530		13			
1484793017722	359	2	2	500	152.871	5775.49	8781.34		4			
1484793017726	360	2	2	500	128.683	6543.23	13756.11		6			
1484793017732	361	2	2	500	98.205	7334.15	6787.91		12			
1484793017744	362	2	2	500	38.702	10933.09	9507.8		4			
1484793017748	363	2	2	500	21.286	13691.07	14357.59		5			
1484793017753	364	2	2	500	5.321	17179.77	34756.13		4			
1484793017757	365	2	2	500	-0.484	22740.33	33113.54		4			
1484793017761	366	2	2	500	-0.484	30439.09	48353.53		4			
1484793017765	367	2	2	500	0	40812.05	80900.56		3			
1484793017768	368	2	2	500	-0.484	52687.89	116290.56		4			
1484793017772	369	2	2	500	-0.484	64218.8	147424.74		4			
1484793017776	370	2	2	500	0	77765.29	232773.24		4			
1484793017780	371	2	2	500	-0.484	99286.1	310958.57		12			
1484793017792	372	2	2	500	-0.484	109530	372508.72		4			
1484793017796	373	2	2	500	-0.484	124868.35	389530		5			
1484793017801	374	2	2	500	0	137070.98	503815.71		13			
1484793017814	375	2	2	500	-0.484	162606.92	552030		5			
1484793017819	376	2	2	500	-0.484	181019.36	610219.66		5			
1484793017824	377	2	2	500	-0.484	187332.2	656196.67		5			
1484793017829	378	2	2	500	-0.484	196426.55	681837.69		4			
1484793017833	379	2	2	500	0	198832.33	709530		5			
1484793017838	380	2	2	500	-0.484	206397.47	772138.7		5			
1484793017843	381	2	2	500	-0.484	211752.22	807711.82		5			
1484793017848	382	2	2	500	0	217378.1	846672.86		12			
1484793017860	383	2	2	500	0	226372.11	846672.86		4			
1484793017864	384	2	2	500	-0.484	229530	889530		5			
1484793017869	385	2	2	500	-0.484	229530	846672.86		9			
1484793017878	386	2	2	500	0	239530	989530		8			
1484793017886	387	2	2	500	-0.484	243051.13	936898.42		6			
1484793017892	388	2	2	500	-0.484	243051.13	1048353.53		4			
1484793017896	389	2	2	500	-0.484	246672.86	1114530		5			
1484793017901	390	2	2	500	-0.484	246672.86	1189530		4			
1484793017905	391	2	2	500	0	250399.57	989530		6			
1484793017911	392	2	2	500	0	254235.88	1189530		4			
1484793017915	393	2	2	500	-0.484	254235.88	1114530		5			
1484793017920	394	2	2	500	0	250399.57	989530		13			
1484793017933	395	2	2	500	-0.484	258186.72	1189530		12			
1484793017945	396	2	2	500	-0.484	275244.29	1114530		15			
1484793017960	397	2	2	500	0	284611.97	1114530		6			
1484793017966	398	2	2	500	-0.484	284611.97	1048353.53		7			
1484793017973	399	2	2	500	0	284611.97	1048353.53		6			
1484793017979	400	2	2	500	-0.484	294614.75	1048353.53		4			
1484793017983	401	2	2	500	-0.484	299874.83	989530		4			
1484793017987	402	2	2	500	-0.484	299874.83	1048353.53		4			
1484793017991	403	2	2	500	0	289530	1114530		4			
1484793017995	404	2	2	500	-0.484	299874.83	1114530		13			
1484793018008	405	2	2	500	0	294614.75	1114530		6			
1484793018014	406	2	2	500	0	294614.75	1114530		6			
1484793018020	407	2	2	500	0	299874.83	1114530		12			
1484793018032	408	2	2	500	0	294614.75	1114530		7			
1484793018039	409	2	2	500	0	294614.75	1114530		6			
1484793018045	410	2	2	500	0	294614.75	1048353.53		7			
1484793018052	411	2	2	500	0	294614.75	1048353.53		4			
1484793018056	412	2	2	500	0	299874.83	1189530		6			
1484793018062	413	2	2	500	0	294614.75	1189530		4			
1484793018066	414	2	2	500	0	299874.83	1114530		7			
1484793018073	415	2	2	500	0	299874.83	1114530		13			
1484793018086	416	2	2	500	0	289530	989530		7			
1484793018093	417	2	2	500	0	284611.97	1114530		8			
1484793018101	418	2	2	500	0	294614.75	1114530		7			
1484793018108	419	2	2	500	0	284611.97	1189530		12			
1484793018120	420	2	2	500	0	284611.97	1114530		4			
1484793018124	421	2	2	500	0	284611.97	1048353.53		12			
1484793018136	422	2	2	500	0	284611.97	1114530		4			
1484793018140	423	2	2	500	0	284611.97	1189530		9			
1484793018149	424	3	2	500	0	284611.97	1048353.53			7	26	
