Serial_number: 140 
Time Data_Count Cycle State Desired_force_(psi) Measured_force_(psi) Toe_sensor Heel_Sensor
1487880841544 0 0 0 196.000 0.484 31100.44 70611.08
1487880841575 1 0 1 196.000 0.968 31100.44 70977.96
1487880841585 2 0 1 196.000 0.968 31100.44 70247.49
1487880841592 3 0 1 196.000 0.484 31100.44 70611.08
1487880841604 4 0 1 196.000 0.484 31196.67 70611.08
1487880841622 5 0 1 196.000 0.000 31100.44 70977.96
1487880841634 6 0 1 196.000 0.000 31100.44 70247.49
1487880841643 7 0 1 196.000 0.000 31100.44 70977.96
1487880841649 8 0 1 196.000 0.000 31100.44 72479.31
1487880841665 9 0 1 196.000 -0.484 36162.12 94793.16
1487880841675 10 0 1 196.000 -0.484 45085.56 229530.00
1487880841683 11 0 1 196.000 -0.484 77334.88 398620.91
1487880841696 12 0 1 196.000 -0.484 119964.78 476016.49
1487880841710 13 0 1 196.000 0.000 173203.47 772138.70
1487880841715 14 0 1 196.000 0.000 181019.36 772138.70
1487880841728 15 0 1 196.000 0.000 198832.33 846672.86
1487880841736 16 0 1 196.000 0.000 209042.20 846672.86
1487880841743 17 0 1 196.000 0.000 220299.23 936898.42
1487880841755 18 0 1 196.000 0.000 236105.34 936898.42
1487880841763 19 0 1 196.000 0.000 239530.00 989530.00
1487880841771 20 0 1 196.000 0.000 250399.57 936898.42
1487880841779 21 0 1 196.000 0.000 246672.86 889530.00
1487880841787 22 0 1 196.000 0.000 250399.57 889530.00
1487880841792 23 0 1 196.000 0.000 250399.57 889530.00
1487880841801 24 0 1 196.000 0.000 258186.72 936898.42
1487880841805 25 0 1 196.000 0.000 254235.88 989530.00
1487880841817 26 0 1 196.000 0.000 254235.88 989530.00
1487880841823 27 0 1 196.000 0.000 254235.88 989530.00
1487880841829 28 0 1 196.000 0.000 258186.72 989530.00
1487880841836 29 0 1 196.000 0.000 254235.88 936898.42
1487880841846 30 0 1 196.000 -0.484 258186.72 846672.86
1487880841852 31 0 1 196.000 0.000 254235.88 989530.00
1487880841863 32 0 1 196.000 -0.484 262257.27 936898.42
1487880841868 33 0 1 196.000 0.000 258186.72 989530.00
1487880841878 34 0 1 196.000 0.000 262257.27 1048353.53
1487880841882 35 0 1 196.000 0.000 254235.88 989530.00
1487880841890 36 0 1 196.000 0.000 254235.88 989530.00
1487880841898 37 0 1 196.000 0.000 254235.88 989530.00
1487880841902 38 0 1 196.000 0.000 254235.88 989530.00
1487880841906 39 0 1 196.000 0.000 254235.88 1048353.53
1487880841910 40 0 1 196.000 -0.484 254235.88 1114530.00
1487880841914 41 0 1 196.000 0.000 254235.88 1048353.53
1487880841918 42 0 1 196.000 0.000 254235.88 1048353.53
1487880841922 43 0 1 196.000 0.000 254235.88 1048353.53
1487880841926 44 0 1 196.000 -0.484 258186.72 1114530.00
1487880841930 45 0 1 196.000 0.000 254235.88 1114530.00
1487880841934 46 0 1 196.000 -0.484 254235.88 1048353.53
1487880841937 47 0 1 196.000 0.000 250399.57 1048353.53
1487880841944 48 0 1 196.000 0.000 254235.88 1114530.00
1487880841948 49 0 1 196.000 0.000 250399.57 1114530.00
1487880841951 50 0 1 196.000 0.000 254235.88 1114530.00
1487880841954 51 0 1 196.000 0.000 250399.57 1048353.53
1487880841958 52 0 1 196.000 -0.484 262257.27 1114530.00
1487880841961 53 0 1 196.000 0.000 254235.88 989530.00
1487880841964 54 0 1 196.000 -0.484 258186.72 1189530.00
1487880841968 55 0 1 196.000 0.000 254235.88 1048353.53
1487880841971 56 0 1 196.000 0.000 254235.88 1114530.00
1487880841975 57 0 1 196.000 0.000 254235.88 1189530.00
1487880841978 58 0 1 196.000 0.000 258186.72 1048353.53
1487880841982 59 0 1 196.000 0.000 254235.88 1048353.53
1487880841985 60 0 1 196.000 0.000 250399.57 1048353.53
1487880841988 61 0 1 196.000 0.000 254235.88 989530.00
1487880841992 62 0 1 196.000 0.000 254235.88 989530.00
1487880841995 63 0 1 196.000 0.000 254235.88 1048353.53
1487880841998 64 0 1 196.000 -0.484 254235.88 1189530.00
1487880842002 65 0 1 196.000 0.000 254235.88 1189530.00
1487880842005 66 0 1 196.000 0.000 250399.57 1114530.00
1487880842009 67 0 1 196.000 0.000 254235.88 1189530.00
1487880842012 68 0 1 196.000 -0.484 262257.27 1114530.00
1487880842015 69 0 1 196.000 0.000 246672.86 1048353.53
1487880842019 70 0 1 196.000 0.000 250399.57 1114530.00
1487880842022 71 0 1 196.000 0.000 254235.88 1114530.00
1487880842026 72 0 1 196.000 0.000 246672.86 1114530.00
1487880842029 73 0 1 196.000 0.000 254235.88 1114530.00
1487880842033 74 0 1 196.000 -0.484 254235.88 1189530.00
1487880842036 75 0 1 196.000 0.000 254235.88 1114530.00
1487880842039 76 0 1 196.000 0.000 239530.00 1048353.53
1487880842043 77 0 1 196.000 0.000 250399.57 1189530.00
1487880842046 78 0 1 196.000 0.000 254235.88 1114530.00
1487880842050 79 0 1 196.000 0.000 254235.88 1114530.00
1487880842053 80 0 1 196.000 -0.484 254235.88 1048353.53
1487880842056 81 0 1 196.000 0.000 254235.88 1189530.00
1487880842060 82 0 1 196.000 0.000 254235.88 1189530.00
1487880842063 83 0 2 196.000 -0.484 254235.88 1114530.00
1487880842067 84 0 2 196.000 0.000 254235.88 1189530.00
1487880842070 85 0 2 196.000 0.000 250399.57 1189530.00
1487880842073 86 0 2 196.000 0.000 254235.88 1114530.00
1487880842077 87 0 2 196.000 0.000 246672.86 1114530.00
1487880842080 88 0 2 196.000 0.000 254235.88 1189530.00
1487880842083 89 0 2 196.000 0.000 250399.57 1114530.00
1487880842087 90 0 2 196.000 0.000 258186.72 1114530.00
1487880842090 91 0 2 196.000 0.000 254235.88 1114530.00
1487880842094 92 0 2 196.000 0.000 250399.57 1048353.53
1487880842097 93 0 2 196.000 -0.484 254235.88 1189530.00
1487880842100 94 0 2 196.000 0.000 250399.57 1189530.00
1487880842104 95 0 2 196.000 0.000 250399.57 1048353.53
1487880842107 96 0 2 196.000 0.000 262257.27 1114530.00
1487880842111 97 0 2 196.000 0.000 254235.88 1048353.53
1487880842114 98 0 2 196.000 0.000 254235.88 1189530.00
1487880842117 99 0 2 196.000 0.000 258186.72 1048353.53
1487880842121 100 0 2 196.000 0.000 250399.57 1114530.00
1487880842125 101 0 2 196.000 0.000 258186.72 989530.00
1487880842128 102 0 2 196.000 -0.484 250399.57 1189530.00
1487880842132 103 0 2 196.000 0.000 254235.88 989530.00
1487880842135 104 0 2 196.000 0.000 254235.88 1189530.00
1487880842138 105 0 2 196.000 0.000 254235.88 1189530.00
1487880842142 106 0 2 196.000 0.000 254235.88 1114530.00
1487880842145 107 0 2 196.000 0.000 254235.88 1114530.00
1487880842149 108 0 2 196.000 0.000 254235.88 1114530.00
1487880842152 109 0 2 196.000 0.000 254235.88 1114530.00
1487880842155 110 0 2 196.000 0.000 254235.88 1048353.53
1487880842159 111 0 2 196.000 0.000 250399.57 1114530.00
1487880842162 112 0 2 196.000 0.000 243051.13 1189530.00
1487880842166 113 0 2 196.000 -0.484 254235.88 1114530.00
1487880842169 114 0 2 196.000 0.000 254235.88 1048353.53
1487880842172 115 0 2 196.000 0.000 258186.72 1048353.53
1487880842176 116 0 2 196.000 -0.484 254235.88 1114530.00
1487880842179 117 0 2 196.000 0.000 254235.88 1189530.00
1487880842182 118 0 2 196.000 0.000 254235.88 1189530.00
1487880842186 119 0 2 196.000 0.000 246672.86 1114530.00
1487880842189 120 0 2 196.000 0.000 254235.88 1048353.53
1487880842193 121 0 2 196.000 -0.484 246672.86 1114530.00
1487880842196 122 0 2 196.000 0.000 250399.57 1114530.00
1487880842199 123 0 2 196.000 0.000 254235.88 1189530.00
1487880842203 124 0 2 196.000 0.000 250399.57 1048353.53
1487880842206 125 0 2 196.000 -0.484 254235.88 1048353.53
1487880842210 126 0 2 196.000 -0.484 258186.72 1114530.00
1487880842213 127 0 2 196.000 -0.484 258186.72 1114530.00
1487880842216 128 0 2 196.000 0.000 254235.88 1048353.53
1487880842220 129 0 2 196.000 0.000 250399.57 936898.42
1487880842223 130 0 2 196.000 0.000 254235.88 1189530.00
1487880842227 131 0 2 196.000 0.000 254235.88 1114530.00
1487880842230 132 0 2 196.000 0.000 254235.88 1114530.00
1487880842233 133 0 2 196.000 0.000 258186.72 989530.00
1487880842237 134 0 2 196.000 0.000 250399.57 1048353.53
1487880842240 135 0 2 196.000 0.000 258186.72 1114530.00
1487880842243 136 0 2 196.000 0.000 258186.72 1114530.00
1487880842247 137 0 2 196.000 0.000 254235.88 1114530.00
1487880842250 138 0 2 196.000 0.000 254235.88 1048353.53
1487880842254 139 0 2 196.000 0.000 250399.57 1048353.53
1487880842257 140 0 2 196.000 0.000 246672.86 1114530.00
1487880842260 141 0 2 196.000 0.000 254235.88 936898.42
1487880842264 142 0 2 196.000 -0.484 258186.72 1189530.00
1487880842267 143 0 2 196.000 0.000 254235.88 1114530.00
1487880842271 144 0 2 196.000 -0.484 254235.88 1048353.53
1487880842274 145 0 2 196.000 0.000 254235.88 1114530.00
1487880842278 146 0 2 196.000 0.000 254235.88 1189530.00
1487880842281 147 0 2 196.000 -0.484 254235.88 1048353.53
1487880842284 148 0 2 196.000 0.000 254235.88 989530.00
1487880842288 149 0 2 196.000 0.000 254235.88 1048353.53
1487880842291 150 0 2 196.000 0.000 246672.86 1048353.53
1487880842295 151 0 2 196.000 0.000 250399.57 1048353.53
1487880842298 152 0 2 196.000 0.000 284611.97 1114530.00
1487880842301 153 0 2 196.000 0.000 262257.27 1048353.53
1487880842305 154 0 2 196.000 0.000 262257.27 1048353.53
1487880842308 155 0 2 196.000 0.000 250399.57 1189530.00
1487880842311 156 0 2 196.000 0.000 254235.88 1048353.53
1487880842315 157 0 2 196.000 0.000 258186.72 1048353.53
1487880842318 158 0 2 196.000 0.000 258186.72 1114530.00
1487880842322 159 0 2 196.000 0.000 250399.57 989530.00
1487880842325 160 0 2 196.000 0.000 254235.88 1048353.53
1487880842328 161 0 2 196.000 0.000 270780.00 1048353.53
1487880842332 162 0 2 196.000 -0.484 254235.88 1048353.53
1487880842335 163 0 2 196.000 0.000 254235.88 1048353.53
1487880842339 164 0 2 196.000 0.000 250399.57 1048353.53
1487880842342 165 0 2 196.000 0.000 258186.72 1048353.53
1487880842346 166 0 2 196.000 0.000 254235.88 1048353.53
1487880842349 167 0 2 196.000 0.000 254235.88 1048353.53
1487880842352 168 0 2 196.000 0.000 254235.88 1114530.00
1487880842356 169 0 2 196.000 0.000 254235.88 1048353.53
1487880842359 170 0 2 196.000 0.000 254235.88 1048353.53
1487880842363 171 0 2 196.000 0.000 254235.88 989530.00
1487880842366 172 0 2 196.000 0.000 254235.88 1114530.00
1487880842369 173 0 2 196.000 0.000 250399.57 1048353.53
1487880842373 174 0 2 196.000 -0.484 254235.88 1048353.53
1487880842376 175 0 2 196.000 0.000 250399.57 1048353.53
1487880842380 176 0 2 196.000 0.000 254235.88 1048353.53
1487880842383 177 0 2 196.000 0.000 250399.57 989530.00
1487880842386 178 0 2 196.000 0.000 250399.57 989530.00
1487880842390 179 0 2 196.000 0.000 254235.88 1114530.00
1487880842393 180 0 2 196.000 0.000 254235.88 1114530.00
1487880842396 181 0 2 196.000 0.000 254235.88 989530.00
1487880842400 182 0 2 196.000 0.000 258186.72 1048353.53
1487880842403 183 0 2 196.000 0.000 246672.86 1048353.53
1487880842407 184 0 2 196.000 0.000 246672.86 1048353.53
1487880842410 185 0 2 196.000 -0.484 250399.57 1114530.00
1487880842414 186 0 2 196.000 0.000 246672.86 1048353.53
1487880842417 187 0 2 196.000 -0.484 243051.13 989530.00
1487880842420 188 0 2 196.000 0.000 246672.86 989530.00
1487880842424 189 0 2 196.000 0.000 250399.57 989530.00
1487880842427 190 0 2 196.000 0.000 254235.88 1114530.00
1487880842430 191 0 2 196.000 0.000 254235.88 989530.00
1487880842434 192 0 2 196.000 0.000 254235.88 936898.42
1487880842437 193 0 2 196.000 0.000 254235.88 989530.00
1487880842441 194 0 2 196.000 0.000 250399.57 1114530.00
1487880842444 195 0 2 196.000 0.000 246672.86 1048353.53
1487880842447 196 0 2 196.000 0.000 250399.57 1048353.53
1487880842451 197 0 2 196.000 0.000 254235.88 1114530.00
1487880842454 198 0 2 196.000 -0.484 254235.88 989530.00
1487880842458 199 0 2 196.000 0.000 250399.57 989530.00
1487880842461 200 0 2 196.000 0.000 250399.57 989530.00
1487880842464 201 0 2 196.000 0.000 254235.88 1048353.53
1487880842468 202 0 2 196.000 0.000 254235.88 1048353.53
1487880842471 203 0 2 196.000 -0.484 254235.88 1048353.53
1487880842475 204 0 2 196.000 -0.484 250399.57 1048353.53
1487880842478 205 0 2 196.000 0.000 254235.88 1275244.29
1487880842481 206 0 2 196.000 0.000 254235.88 1114530.00
1487880842485 207 0 2 196.000 0.000 246672.86 1048353.53
1487880842488 208 0 2 196.000 0.000 254235.88 1114530.00
1487880842491 209 0 2 196.000 0.000 254235.88 1048353.53
1487880842495 210 0 2 196.000 0.000 250399.57 1114530.00
1487880842498 211 0 2 196.000 0.000 254235.88 1048353.53
1487880842502 212 0 2 196.000 0.000 250399.57 989530.00
1487880842505 213 0 2 196.000 0.000 254235.88 989530.00
1487880842508 214 0 2 196.000 0.000 246672.86 989530.00
1487880842512 215 0 2 196.000 0.000 254235.88 1048353.53
1487880842515 216 0 2 196.000 0.000 254235.88 1189530.00
1487880842519 217 0 2 196.000 0.000 250399.57 989530.00
1487880842522 218 0 2 196.000 0.000 250399.57 989530.00
1487880842526 219 0 2 196.000 0.000 246672.86 1048353.53
1487880842529 220 0 2 196.000 0.000 254235.88 1114530.00
1487880842533 221 0 2 196.000 0.000 250399.57 1114530.00
1487880842536 222 0 2 196.000 0.000 254235.88 989530.00
1487880842540 223 0 2 196.000 0.000 250399.57 989530.00
1487880842543 224 0 2 196.000 0.000 246672.86 1048353.53
1487880842547 225 0 2 196.000 0.000 243051.13 1048353.53
1487880842550 226 0 2 196.000 0.000 250399.57 1048353.53
1487880842553 227 0 2 196.000 0.000 250399.57 1048353.53
1487880842557 228 0 2 196.000 0.000 254235.88 989530.00
1487880842560 229 0 2 196.000 0.000 250399.57 1048353.53
1487880842564 230 1 2 196.000 0.000 250399.57 1114530.00
1487880842568 231 1 1 196.000 0.000 254235.88 1048353.53
1487880842571 232 1 1 196.000 0.000 246672.86 989530.00
1487880842574 233 1 1 196.000 0.000 250399.57 989530.00
1487880842584 234 1 1 196.000 0.000 250399.57 989530.00
1487880842588 235 1 1 196.000 0.000 243051.13 989530.00
1487880842592 236 1 1 196.000 0.000 250399.57 989530.00
1487880842605 237 1 1 196.000 0.000 246672.86 989530.00
1487880842608 238 1 1 196.000 0.000 246672.86 989530.00
1487880842614 239 1 1 196.000 0.000 258186.72 936898.42
1487880842620 240 1 1 196.000 0.000 258186.72 989530.00
1487880842628 241 1 1 196.000 0.000 262257.27 1048353.53
1487880842632 242 1 1 196.000 0.000 250399.57 989530.00
1487880842636 243 1 1 196.000 -0.484 258186.72 889530.00
1487880842639 244 1 1 196.000 0.000 254235.88 936898.42
1487880842643 245 1 1 196.000 0.000 246672.86 936898.42
1487880842646 246 1 1 196.000 -0.484 258186.72 989530.00
1487880842649 247 1 1 196.000 -0.484 254235.88 989530.00
1487880842653 248 1 1 196.000 -0.484 250399.57 989530.00
1487880842656 249 1 1 196.000 -0.484 246672.86 936898.42
1487880842660 250 1 1 196.000 0.484 250399.57 936898.42
1487880842663 251 1 1 196.000 0.000 250399.57 989530.00
1487880842666 252 1 1 196.000 -0.484 258186.72 1114530.00
1487880842670 253 1 1 196.000 1.935 258186.72 989530.00
1487880842674 254 1 1 196.000 5.321 254235.88 936898.42
1487880842677 255 1 1 196.000 3.870 254235.88 989530.00
1487880842680 256 1 1 196.000 2.903 250399.57 989530.00
1487880842684 257 1 1 196.000 0.968 254235.88 889530.00
1487880842687 258 1 1 196.000 -0.484 246672.86 807711.82
1487880842691 259 1 1 196.000 -0.484 243051.13 846672.86
1487880842694 260 1 1 196.000 -0.484 250399.57 989530.00
1487880842697 261 1 1 196.000 -0.484 254235.88 936898.42
1487880842701 262 1 1 196.000 0.000 254235.88 936898.42
1487880842704 263 1 1 196.000 -0.484 246672.86 989530.00
1487880842708 264 1 1 196.000 -0.484 243051.13 989530.00
1487880842711 265 1 1 196.000 -0.484 246672.86 1189530.00
1487880842714 266 1 1 196.000 0.000 243051.13 2239530.00
1487880842718 267 1 1 196.000 -0.484 181019.36 1789530.00
1487880842721 268 1 1 196.000 0.000 138290.33 656196.67
1487880842725 269 1 1 196.000 0.000 96038.88 131262.28
1487880842728 270 1 1 196.000 0.000 61819.16 73642.15
1487880842731 271 1 1 196.000 0.000 48546.39 57971.06
1487880842735 272 1 1 196.000 24.672 41855.58 53134.24
1487880842738 273 1 1 196.000 21.286 36650.42 47222.31
1487880842741 274 1 1 196.000 26.607 33432.44 45430.62
1487880842745 275 1 1 196.000 32.896 30625.89 44408.05
1487880842748 276 1 1 196.000 37.734 27108.29 42008.13
1487880842752 277 1 1 196.000 41.604 23301.11 35099.62
1487880842755 278 1 1 196.000 45.474 19282.07 32903.49
1487880842758 279 1 1 196.000 49.344 16117.89 26952.04
1487880842762 280 1 1 196.000 53.698 14221.36 23881.15
1487880842765 281 1 1 196.000 58.052 12967.50 24346.25
1487880842769 282 1 1 196.000 62.406 12001.91 22079.73
1487880842772 283 1 1 196.000 67.244 11348.18 19380.75
1487880842775 284 1 1 196.000 72.082 10933.09 18101.43
1487880842779 285 1 1 196.000 76.436 10533.50 17436.98
1487880842782 286 1 1 196.000 80.306 10148.56 17010.92
1487880842786 287 1 1 196.000 83.692 9664.23 16516.51
1487880842789 288 1 1 196.000 87.079 9245.22 16196.67
1487880842792 289 1 1 196.000 89.497 8801.95 19038.20
1487880842796 290 1 1 196.000 92.884 8299.55 17787.46
1487880842799 291 1 1 196.000 95.786 7916.11 13821.50
1487880842803 292 1 1 196.000 99.173 7548.02 13245.42
1487880842806 293 1 1 196.000 102.075 7387.14 13214.21
1487880842809 294 1 1 196.000 105.462 7229.12 12286.01
1487880842813 295 1 1 196.000 108.364 7142.52 11862.51
1487880842816 296 1 1 196.000 110.783 7056.78 11401.20
1487880842820 297 1 1 196.000 113.202 6921.30 10984.11
1487880842823 298 1 1 196.000 116.105 6804.47 10656.76
1487880842826 299 1 1 196.000 118.040 6591.61 10339.25
1487880842830 300 1 1 196.000 120.459 6559.33 10124.97
1487880842833 301 1 1 196.000 122.394 6463.21 9552.25
1487880842837 302 1 1 196.000 125.296 6368.17 9288.51
1487880842841 303 1 1 196.000 127.231 6258.62 9052.78
1487880842844 304 1 1 196.000 129.650 6181.25 8864.05
1487880842848 305 1 1 196.000 131.102 6119.86 8699.33
1487880842851 306 1 1 196.000 132.553 6074.12 8557.48
1487880842854 307 1 1 196.000 134.488 6074.12 8597.80
1487880842858 308 1 1 196.000 135.939 6104.59 8260.49
1487880842861 309 1 1 196.000 137.874 6028.63 8086.70
1487880842865 310 1 1 196.000 138.842 6104.59 8010.49
1487880842868 311 1 1 196.000 140.293 5878.77 8597.80
1487880842871 312 1 1 196.000 141.744 5908.53 9397.55
1487880842875 313 1 1 196.000 142.712 5893.64 8105.85
1487880842878 314 1 1 196.000 144.163 5908.53 7878.62
1487880842882 315 1 1 196.000 145.131 5878.77 7656.89
1487880842885 316 1 1 196.000 146.098 5819.59 9010.52
1487880842888 317 1 1 196.000 147.066 5819.59 7638.65
1487880842892 318 1 1 196.000 147.550 5790.16 7602.29
1487880842895 319 1 1 196.000 148.517 5760.84 10195.90
1487880842899 320 1 1 196.000 149.485 5775.49 17876.46
1487880842902 321 1 1 196.000 149.969 5515.79 13434.38
1487880842905 322 1 1 196.000 150.936 5333.34 16315.71
1487880842909 323 1 1 196.000 151.904 5278.03 12725.88
1487880842912 324 1 1 196.000 152.871 5558.50 12636.55
1487880842916 325 1 1 196.000 153.355 6089.34 10054.52
1487880842919 326 1 1 196.000 154.322 5983.38 9159.23
1487880842922 327 1 1 196.000 154.806 5849.13 11697.49
1487880842926 328 1 1 196.000 155.774 5938.39 9846.03
1487880842930 329 1 1 196.000 156.741 5804.86 7246.54
1487880842934 330 1 1 196.000 157.709 5601.43 6887.76
1487880842937 331 1 1 196.000 158.193 5473.31 7005.73
1487880842941 332 1 1 196.000 159.160 5445.12 7822.68
1487880842944 333 1 1 196.000 159.644 5319.47 9073.97
1487880842948 334 1 1 196.000 160.611 5278.03 7916.11
1487880842951 335 1 1 196.000 161.579 5305.64 8280.00
1487880842954 336 1 1 196.000 162.063 5319.47 8843.30
1487880842958 337 1 1 196.000 163.030 5278.03 11588.82
1487880842961 338 1 1 196.000 163.514 5236.81 10124.97
1487880842965 339 1 1 196.000 164.482 5155.00 8678.94
1487880842968 340 1 1 196.000 164.965 5182.17 8358.45
1487880842971 341 1 1 196.000 165.933 5182.17 7972.62
1487880842975 342 1 1 196.000 166.900 5209.44 10831.78
1487880842978 343 1 1 196.000 167.384 5182.17 7991.54
1487880842982 344 1 1 196.000 168.352 5100.93 8144.27
1487880842985 345 1 1 196.000 168.836 5007.21 8182.85
1487880842988 346 1 1 196.000 169.319 4797.18 13371.06
1487880842992 347 1 1 196.000 169.803 4875.27 12577.38
1487880842995 348 1 1 196.000 170.287 4849.15 11269.13
1487880842998 349 1 1 196.000 170.771 4823.12 15098.18
1487880843002 350 1 1 196.000 171.254 4797.18 15579.20
1487880843005 351 1 1 196.000 172.222 4745.55 10291.25
1487880843009 352 1 1 196.000 172.222 4668.77 9754.72
1487880843012 353 1 1 196.000 172.706 4605.38 14187.53
1487880843015 354 1 1 196.000 173.189 4592.76 10631.99
1487880843019 355 1 1 196.000 173.673 4542.51 10958.57
1487880843022 356 1 1 196.000 173.673 4530.00 8843.30
1487880843026 357 1 1 196.000 174.157 4530.00 7458.29
1487880843029 358 1 1 196.000 175.125 4517.51 7108.12
1487880843032 359 1 1 196.000 175.608 4480.17 7073.86
1487880843036 360 1 1 196.000 175.608 4492.59 7125.31
1487880843039 361 1 1 196.000 175.608 4480.17 7142.52
1487880843043 362 1 1 196.000 176.092 4455.37 7194.38
1487880843046 363 1 1 196.000 176.092 4443.01 7194.38
1487880843049 364 1 1 196.000 177.060 4418.34 7108.12
1487880843053 365 1 1 196.000 177.060 4418.34 7056.78
1487880843056 366 1 1 196.000 177.543 4381.49 7194.38
1487880843060 367 1 1 196.000 177.543 4393.75 7804.11
1487880843063 368 1 1 196.000 177.543 4381.49 8260.49
1487880843066 369 1 1 196.000 178.027 4381.49 8537.39
1487880843070 370 1 1 196.000 178.027 4369.24 8557.48
1487880843073 371 1 2 196.000 178.511 4357.02 8537.39
1487880843077 372 1 2 196.000 178.995 4357.02 8557.48
1487880843080 373 1 2 196.000 178.995 4332.63 8989.46
1487880843083 374 1 2 196.000 178.995 4344.81 10101.43
1487880843087 375 1 2 196.000 179.478 4320.47 14634.60
1487880843090 376 1 2 196.000 179.478 4320.47 13920.24
1487880843094 377 1 2 196.000 178.995 4320.47 11779.69
1487880843097 378 1 2 196.000 178.995 4308.33 10831.78
1487880843100 379 1 2 196.000 178.511 4308.33 10933.09
1487880843104 380 1 2 196.000 174.641 4284.10 10219.66
1487880843107 381 1 2 196.000 169.319 4296.20 9180.66
1487880843111 382 1 2 196.000 161.095 4284.10 11112.73
1487880843114 383 1 2 196.000 152.871 4332.63 13691.07
1487880843117 384 1 2 196.000 144.163 4430.66 8241.02
1487880843121 385 1 2 196.000 134.488 4823.12 11401.20
1487880843124 386 1 2 196.000 125.780 4732.70 12636.55
1487880843128 387 1 2 196.000 117.072 4993.92 13530.00
1487880843131 388 1 2 196.000 108.848 5195.80 7841.29
1487880843135 389 1 2 196.000 100.140 5319.47 9596.89
1487880843138 390 1 2 196.000 91.916 5375.07 9266.84
1487880843142 391 1 2 196.000 84.176 5644.59 10806.60
1487880843145 392 1 2 196.000 76.436 5893.64 10291.25
1487880843148 393 1 2 196.000 69.179 6181.25 9961.33
1487880843152 394 1 2 196.000 61.923 6804.47 10582.63
1487880843155 395 1 2 196.000 55.150 7316.56 13121.09
1487880843159 396 1 2 196.000 48.861 7953.75 11697.49
1487880843162 397 1 2 196.000 42.088 8699.33 15692.79
1487880843165 398 1 2 196.000 35.799 9310.22 16885.62
1487880843169 399 1 2 196.000 29.026 10267.33 18798.29
1487880843172 400 1 2 196.000 23.705 11216.75 17052.94
1487880843176 401 1 2 196.000 17.416 12314.81 19038.20
1487880843179 402 1 2 196.000 11.610 13530.00 22197.88
1487880843183 403 1 2 196.000 7.257 15098.18 25530.00
1487880843186 404 1 2 196.000 1.935 16969.02 29441.31
1487880843189 405 1 2 196.000 0.000 19530.00 33219.32
1487880843193 406 1 2 196.000 -0.484 22618.24 41403.20
1487880843196 407 1 2 196.000 2.419 26952.04 62999.39
1487880843200 408 1 2 196.000 -0.484 32592.20 90653.60
1487880843203 409 1 2 196.000 0.000 39809.33 131262.28
1487880843206 410 1 2 196.000 0.000 48546.39 196426.55
1487880843210 411 1 2 196.000 0.000 60118.24 258186.72
1487880843213 412 1 2 196.000 0.000 75244.29 342471.18
1487880843216 413 1 2 196.000 0.000 91224.92 476016.49
1487880843220 414 1 2 196.000 -0.484 108735.30 518941.76
1487880843223 415 1 2 196.000 0.000 120916.86 589530.00
1487880843227 416 1 2 196.000 -0.484 131262.28 632387.14
1487880843230 417 1 2 196.000 0.000 140790.50 709530.00
1487880843233 418 1 2 196.000 0.000 151692.16 709530.00
1487880843237 419 1 2 196.000 -0.484 160958.57 772138.70
1487880843240 420 1 2 196.000 0.000 173203.47 772138.70
1487880843244 421 1 2 196.000 0.000 187332.20 772138.70
1487880843247 422 1 2 196.000 -0.484 191777.19 846672.86
1487880843250 423 1 2 196.000 0.000 196426.55 807711.82
1487880843254 424 1 2 196.000 0.000 201294.71 846672.86
1487880843257 425 1 2 196.000 -0.484 203815.71 889530.00
1487880843261 426 1 2 196.000 -0.484 209042.20 846672.86
1487880843264 427 1 2 196.000 -0.484 211752.22 807711.82
1487880843267 428 1 2 196.000 -0.484 217378.10 739530.00
1487880843271 429 1 2 196.000 0.000 217378.10 739530.00
1487880843274 430 1 2 196.000 -0.484 223296.23 772138.70
1487880843277 431 1 2 196.000 0.000 223296.23 739530.00
1487880843281 432 1 2 196.000 -0.484 226372.11 846672.86
1487880843284 433 1 2 196.000 -0.484 243051.13 889530.00
1487880843288 434 1 2 196.000 0.000 243051.13 936898.42
1487880843291 435 1 2 196.000 0.000 243051.13 889530.00
1487880843294 436 1 2 196.000 -0.484 250399.57 936898.42
1487880843298 437 1 2 196.000 0.000 250399.57 846672.86
1487880843301 438 1 2 196.000 0.000 254235.88 989530.00
1487880843305 439 1 2 196.000 0.000 254235.88 936898.42
1487880843308 440 1 2 196.000 0.000 258186.72 936898.42
1487880843312 441 1 2 196.000 0.000 270780.00 989530.00
1487880843315 442 1 2 196.000 -0.484 266453.08 989530.00
1487880843318 443 1 2 196.000 0.000 266453.08 989530.00
1487880843322 444 1 2 196.000 -0.484 266453.08 989530.00
1487880843325 445 1 2 196.000 0.000 270780.00 989530.00
1487880843329 446 1 2 196.000 -0.484 270780.00 1114530.00
1487880843332 447 1 2 196.000 0.000 270780.00 989530.00
1487880843335 448 1 2 196.000 -0.484 279852.58 1114530.00
1487880843339 449 1 2 196.000 0.000 270780.00 1114530.00
1487880843342 450 1 2 196.000 0.000 279852.58 1114530.00
1487880843346 451 1 2 196.000 0.000 284611.97 1275244.29
1487880843349 452 1 2 196.000 0.000 279852.58 1114530.00
1487880843353 453 1 2 196.000 -0.484 284611.97 1114530.00
1487880843356 454 1 2 196.000 0.000 289530.00 1114530.00
1487880843359 455 1 2 196.000 0.000 279852.58 1048353.53
1487880843363 456 1 2 196.000 0.000 289530.00 1114530.00
1487880843366 457 1 2 196.000 0.000 299874.83 1048353.53
1487880843370 458 1 2 196.000 0.000 299874.83 1048353.53
1487880843373 459 1 2 196.000 0.000 294614.75 989530.00
1487880843376 460 1 2 196.000 0.000 299874.83 1114530.00
1487880843380 461 1 2 196.000 0.000 299874.83 1048353.53
1487880843383 462 1 2 196.000 0.000 310958.57 1048353.53
1487880843386 463 1 2 196.000 0.000 299874.83 1048353.53
1487880843390 464 1 2 196.000 0.000 299874.83 1189530.00
1487880843394 465 1 2 196.000 0.000 294614.75 1114530.00
1487880843397 466 1 2 196.000 0.000 305319.47 1114530.00
1487880843401 467 1 2 196.000 -0.484 299874.83 1114530.00
1487880843404 468 1 2 196.000 0.000 305319.47 1048353.53
1487880843408 469 1 2 196.000 0.000 299874.83 1114530.00
1487880843411 470 1 2 196.000 -0.484 310958.57 1275244.29
1487880843414 471 1 2 196.000 0.000 299874.83 889530.00
1487880843418 472 1 2 196.000 0.000 310958.57 989530.00
1487880843421 473 1 2 196.000 0.000 305319.47 1189530.00
1487880843425 474 1 2 196.000 -0.484 305319.47 1189530.00
1487880843428 475 1 2 196.000 0.000 305319.47 1189530.00
1487880843431 476 1 2 196.000 0.000 316802.73 1114530.00
1487880843435 477 1 2 196.000 0.000 305319.47 1189530.00
1487880843438 478 1 2 196.000 0.000 299874.83 1114530.00
1487880843441 479 1 2 196.000 0.000 299874.83 1114530.00
1487880843445 480 1 2 196.000 0.000 305319.47 1189530.00
1487880843448 481 1 2 196.000 0.000 305319.47 1189530.00
1487880843452 482 1 2 196.000 0.000 305319.47 1189530.00
1487880843455 483 1 2 196.000 0.000 316802.73 1275244.29
1487880843458 484 1 2 196.000 0.000 316802.73 1114530.00
1487880843462 485 1 2 196.000 0.000 305319.47 1189530.00
1487880843465 486 1 2 196.000 0.000 310958.57 1114530.00
1487880843469 487 1 2 196.000 0.000 310958.57 1114530.00
1487880843472 488 1 2 196.000 0.000 310958.57 1189530.00
1487880843475 489 1 2 196.000 0.000 310958.57 1114530.00
1487880843479 490 1 2 196.000 0.000 316802.73 1189530.00
1487880843482 491 1 2 196.000 0.000 310958.57 1275244.29
1487880843486 492 1 2 196.000 0.000 310958.57 1114530.00
1487880843489 493 1 2 196.000 0.000 299874.83 1048353.53
1487880843492 494 1 2 196.000 0.000 310958.57 1114530.00
1487880843496 495 1 2 196.000 0.000 310958.57 1114530.00
1487880843499 496 1 2 196.000 0.000 305319.47 1275244.29
1487880843503 497 1 2 196.000 0.000 299874.83 1114530.00
1487880843506 498 1 2 196.000 -0.484 305319.47 1275244.29
1487880843509 499 1 2 196.000 0.000 310958.57 1048353.53
1487880843513 500 1 2 196.000 0.000 305319.47 1275244.29
1487880843516 501 1 2 196.000 0.000 305319.47 1275244.29
1487880843519 502 1 2 196.000 0.000 305319.47 1275244.29
1487880843523 503 1 2 196.000 0.000 299874.83 1189530.00
1487880843526 504 1 2 196.000 0.000 299874.83 1189530.00
1487880843530 505 1 2 196.000 0.000 329152.64 1189530.00
1487880843533 506 1 2 196.000 0.000 299874.83 1275244.29
1487880843536 507 1 2 196.000 0.000 305319.47 1189530.00
1487880843540 508 1 2 196.000 0.000 305319.47 1275244.29
1487880843544 509 1 2 196.000 0.000 310958.57 1275244.29
1487880843547 510 1 2 196.000 0.000 310958.57 1275244.29
1487880843550 511 1 2 196.000 0.000 310958.57 1114530.00
1487880843554 512 1 2 196.000 0.000 299874.83 1114530.00
1487880843557 513 1 2 196.000 0.000 305319.47 1189530.00
1487880843561 514 1 2 196.000 0.000 305319.47 1275244.29
1487880843564 515 1 2 196.000 0.000 305319.47 1114530.00
1487880843568 516 1 2 196.000 0.000 299874.83 1189530.00
1487880843571 517 1 2 196.000 0.000 305319.47 1189530.00
1487880843574 518 2 2 196.000 0.000 299874.83 1275244.29
1487880843578 519 2 1 196.000 0.000 310958.57 1275244.29
1487880843582 520 2 1 196.000 0.000 294614.75 1275244.29
1487880843585 521 2 1 196.000 0.000 305319.47 1189530.00
1487880843595 522 2 1 196.000 0.000 310958.57 1374145.38
1487880843599 523 2 1 196.000 0.000 305319.47 1275244.29
1487880843603 524 2 1 196.000 0.000 284611.97 1275244.29
1487880843612 525 2 1 196.000 0.000 305319.47 1114530.00
1487880843621 526 2 1 196.000 0.000 305319.47 1275244.29
1487880843625 527 2 1 196.000 0.000 310958.57 1275244.29
1487880843632 528 2 1 196.000 0.000 305319.47 1189530.00
1487880843639 529 2 1 196.000 -0.484 305319.47 1114530.00
1487880843643 530 2 1 196.000 -0.484 305319.47 1189530.00
1487880843647 531 2 1 196.000 -0.484 316802.73 1275244.29
1487880843650 532 2 1 196.000 -0.484 299874.83 1189530.00
1487880843653 533 2 1 196.000 0.000 294614.75 1189530.00
1487880843657 534 2 1 196.000 0.000 289530.00 1114530.00
1487880843660 535 2 1 196.000 -0.484 294614.75 1275244.29
1487880843664 536 2 1 196.000 -0.484 299874.83 1189530.00
1487880843667 537 2 1 196.000 -0.484 299874.83 1114530.00
1487880843670 538 2 1 196.000 0.000 294614.75 1114530.00
1487880843674 539 2 1 196.000 0.000 294614.75 1275244.29
1487880843677 540 2 1 196.000 6.289 299874.83 1189530.00
1487880843681 541 2 1 196.000 1.935 305319.47 1114530.00
1487880843684 542 2 1 196.000 3.386 316802.73 1114530.00
1487880843687 543 2 1 196.000 5.321 299874.83 1114530.00
1487880843691 544 2 1 196.000 3.386 289530.00 1114530.00
1487880843694 545 2 1 196.000 1.935 289530.00 1048353.53
1487880843697 546 2 1 196.000 0.000 289530.00 1189530.00
1487880843701 547 2 1 196.000 -0.484 284611.97 1114530.00
1487880843704 548 2 1 196.000 -0.484 279852.58 1275244.29
1487880843708 549 2 1 196.000 0.000 284611.97 1114530.00
1487880843711 550 2 1 196.000 -0.484 289530.00 1275244.29
1487880843714 551 2 1 196.000 -0.484 284611.97 1275244.29
1487880843718 552 2 1 196.000 0.000 270780.00 1189530.00
1487880843721 553 2 1 196.000 0.000 236105.34 1275244.29
1487880843725 554 2 1 196.000 0.000 289530.00 1789530.00
1487880843728 555 2 1 196.000 0.000 258186.72 1789530.00
1487880843732 556 2 1 196.000 0.000 196426.55 739530.00
1487880843735 557 2 1 196.000 -0.484 107951.05 189530.00
1487880843739 558 2 1 196.000 0.000 61819.16 84768.10
1487880843742 559 2 1 196.000 0.000 46672.86 64530.00
1487880843745 560 2 1 196.000 20.318 39253.76 56196.67
1487880843749 561 2 1 196.000 20.318 34642.78 57711.82
1487880843752 562 2 1 196.000 27.091 31488.04 68477.37
1487880843756 563 2 1 196.000 33.380 28660.43 45956.33
1487880843759 564 2 1 196.000 37.250 25386.57 40234.23
1487880843762 565 2 1 196.000 42.088 21962.43 41403.20
1487880843766 566 2 1 196.000 45.474 18376.15 32387.14
1487880843769 567 2 1 196.000 49.828 15541.56 24963.07
1487880843773 568 2 1 196.000 54.182 13466.17 26264.69
1487880843776 569 2 1 196.000 58.536 12200.03 23174.86
1487880843779 570 2 1 196.000 63.374 11321.77 20038.47
1487880843783 571 2 1 196.000 68.695 10731.41 18941.76
1487880843786 572 2 1 196.000 73.533 10219.66 18146.85
1487880843790 573 2 1 196.000 77.887 9823.12 17655.00
1487880843793 574 2 1 196.000 82.241 9485.65 17095.08
1487880843796 575 2 1 196.000 85.627 9137.84 16516.51
1487880843800 576 2 1 196.000 89.014 8760.77 15769.07
1487880843803 577 2 1 196.000 91.916 8280.00 15730.87
1487880843807 578 2 1 196.000 94.819 7841.29 14530.00
1487880843810 579 2 1 196.000 98.205 7494.07 13245.42
1487880843813 580 2 1 196.000 101.108 7177.06 12696.02
1487880843817 581 2 1 196.000 104.494 6988.78 12171.51
1487880843820 582 2 1 196.000 107.397 6771.38 11834.83
1487880843824 583 2 1 196.000 110.783 6672.86 11427.81
1487880843827 584 2 1 196.000 113.686 6527.17 11009.71
1487880843831 585 2 1 196.000 116.588 6415.55 10558.04
1487880843834 586 2 1 196.000 119.491 6274.19 10148.56
1487880843838 587 2 1 196.000 121.426 6165.86 9823.12
1487880843841 588 2 1 196.000 123.845 6058.93 9574.54
1487880843845 589 2 1 196.000 125.780 6074.12 9800.27
1487880843848 590 2 1 196.000 128.199 5998.44 9800.27
1487880843851 591 2 1 196.000 130.134 5953.36 9619.29
1487880843855 592 2 1 196.000 132.069 5923.44 11973.89
1487880843858 593 2 1 196.000 133.520 5893.64 10339.25
1487880843862 594 2 1 196.000 134.972 5834.35 9073.97
1487880843865 595 2 1 196.000 136.907 5746.22 8740.25
1487880843868 596 2 1 196.000 138.358 5673.50 9331.98
1487880843872 597 2 1 196.000 139.326 5601.43 9507.80
1487880843875 598 2 1 196.000 141.261 5587.09 9159.23
1487880843878 599 2 1 196.000 142.228 5544.23 8989.46
1487880843882 600 2 1 196.000 143.196 5473.31 7897.35
1487880843885 601 2 1 196.000 144.163 5417.03 8182.85
1487880843889 602 2 1 196.000 145.615 5291.82 7804.11
1487880843892 603 2 1 196.000 146.582 5168.58 7387.14
1487880843895 604 2 1 196.000 148.033 5127.92 7316.56
1487880843899 605 2 1 196.000 149.001 5100.93 7229.12
1487880843902 606 2 1 196.000 149.969 5047.24 7108.12
1487880843906 607 2 1 196.000 150.936 4993.92 7878.62
1487880843909 608 2 1 196.000 152.387 4980.64 7159.77
1487880843912 609 2 1 196.000 153.355 4940.96 6988.78
1487880843916 610 2 1 196.000 154.322 4927.78 6787.91
1487880843919 611 2 1 196.000 155.290 4940.96 6887.76
1487880843923 612 2 1 196.000 156.258 4901.48 6771.38
1487880843926 613 2 1 196.000 157.225 4980.64 7039.73
1487880843929 614 2 1 196.000 157.709 5127.92 9137.84
1487880843933 615 2 1 196.000 158.193 5141.45 9732.02
1487880843936 616 2 1 196.000 159.644 4940.96 12967.50
1487880843940 617 2 1 196.000 160.128 5033.88 10731.41
1487880843943 618 2 1 196.000 161.095 4888.36 9159.23
1487880843946 619 2 1 196.000 161.579 4849.15 8843.30
1487880843950 620 2 1 196.000 162.547 4862.20 8658.59
1487880843953 621 2 1 196.000 163.514 4810.14 7177.06
1487880843957 622 2 1 196.000 163.998 4771.32 7125.31
1487880843960 623 2 1 196.000 164.965 4810.14 7194.38
1487880843963 624 2 1 196.000 165.933 4823.12 7620.45
1487880843967 625 2 1 196.000 166.900 4823.12 8397.92
1487880843970 626 2 1 196.000 167.384 4745.55 14669.66
1487880843974 627 2 1 196.000 168.352 4732.70 13152.05
1487880843977 628 2 1 196.000 169.319 4719.87 11973.89
1487880843980 629 2 1 196.000 169.803 4694.28 6415.55
1487880843984 630 2 1 196.000 170.287 4517.51 6415.55
1487880843987 631 2 1 196.000 170.771 4455.37 6165.86
1487880843990 632 2 1 196.000 171.738 4542.51 6135.17
1487880843994 633 2 1 196.000 172.222 4656.05 6289.78
1487880843997 634 2 1 196.000 172.706 4681.52 6212.11
1487880844001 635 2 1 196.000 173.189 4732.70 6274.19
1487880844004 636 2 1 196.000 173.673 4849.15 6415.55
1487880844007 637 2 1 196.000 174.157 4771.32 6463.21
1487880844011 638 2 1 196.000 175.125 4681.52 6591.61
1487880844014 639 2 1 196.000 175.608 4719.87 6771.38
1487880844018 640 2 1 196.000 175.608 4707.07 6904.52
1487880844021 641 2 1 196.000 176.576 4656.05 8202.20
1487880844024 642 2 1 196.000 177.060 4505.04 7090.98
1487880844028 643 2 1 196.000 177.543 4643.35 6368.17
1487880844031 644 2 1 196.000 177.543 4517.51 6227.59
1487880844034 645 2 1 196.000 178.027 4605.38 6119.86
1487880844038 646 2 1 196.000 178.511 4480.17 5819.59
1487880844041 647 2 1 196.000 178.995 4320.47 5659.03
1487880844045 648 2 1 196.000 179.478 4272.01 5923.44
1487880844048 649 2 1 196.000 179.962 4259.95 5775.49
1487880844051 650 2 1 196.000 180.446 4223.88 5630.18
1487880844055 651 2 1 196.000 180.930 4211.89 5487.45
1487880844058 652 2 1 196.000 180.930 4211.89 5530.00
1487880844062 653 2 1 196.000 181.414 4211.89 5459.20
1487880844065 654 2 1 196.000 181.414 4176.05 5403.02
1487880844068 655 2 1 196.000 181.897 4199.93 5431.06
1487880844072 656 2 1 196.000 182.381 4164.15 5431.06
1487880844075 657 2 1 196.000 182.381 4164.15 5487.45
1487880844079 658 2 1 196.000 182.381 4152.26 5530.00
1487880844082 659 2 2 196.000 182.865 4152.26 5687.99
1487880844085 660 2 2 196.000 182.381 4128.54 5834.35
1487880844089 661 2 2 196.000 183.349 4128.54 6479.15
1487880844092 662 2 2 196.000 183.349 4104.90 7934.91
1487880844096 663 2 2 196.000 183.832 4128.54 8378.17
1487880844099 664 2 2 196.000 183.349 4116.71 10631.99
1487880844102 665 2 2 196.000 183.349 4128.54 10756.42
1487880844106 666 2 2 196.000 183.349 4128.54 8843.30
1487880844109 667 2 2 196.000 182.381 4128.54 7422.64
1487880844113 668 2 2 196.000 179.478 4152.26 7229.12
1487880844116 669 2 2 196.000 173.673 4164.15 7440.45
1487880844120 670 2 2 196.000 163.998 4152.26 7822.68
1487880844123 671 2 2 196.000 155.290 4393.75 9245.22
1487880844127 672 2 2 196.000 146.582 4530.00 14599.64
1487880844131 673 2 2 196.000 135.939 4505.04 6305.40
1487880844134 674 2 2 196.000 127.231 4784.24 6787.91
1487880844137 675 2 2 196.000 118.040 4823.12 7159.77
1487880844141 676 2 2 196.000 109.816 4940.96 7675.16
1487880844144 677 2 2 196.000 101.108 5127.92 9095.22
1487880844148 678 2 2 196.000 92.400 5264.27 8260.49
1487880844151 679 2 2 196.000 84.660 5319.47 8801.95
1487880844154 680 2 2 196.000 76.919 5558.50 9052.78
1487880844158 681 2 2 196.000 69.179 5968.36 9397.55
1487880844161 682 2 2 196.000 61.923 6463.21 9961.33
1487880844165 683 2 2 196.000 55.150 7108.12 10882.31
1487880844168 684 2 2 196.000 48.377 7748.62 11945.94
1487880844171 685 2 2 196.000 41.604 8437.56 12606.92
1487880844175 686 2 2 196.000 35.315 9159.23 14255.27
1487880844178 687 2 2 196.000 29.026 10054.52 15098.18
1487880844181 688 2 2 196.000 22.737 11035.38 16157.22
1487880844185 689 2 2 196.000 16.932 12058.16 17921.17
1487880844188 690 2 2 196.000 10.643 13371.06 20090.27
1487880844192 691 2 2 196.000 5.805 14882.11 22987.25
1487880844195 692 2 2 196.000 1.451 17010.92 27186.90
1487880844198 693 2 2 196.000 -0.484 19630.33 33432.44
1487880844202 694 2 2 196.000 0.000 22740.33 42471.18
1487880844205 695 2 2 196.000 0.000 27265.85 60118.24
1487880844209 696 2 2 196.000 -0.484 33432.44 92387.14
1487880844212 697 2 2 196.000 0.000 41254.14 146051.74
1487880844215 698 2 2 196.000 -0.484 50546.95 206397.47
1487880844219 699 2 2 196.000 -0.484 62404.49 284611.97
1487880844222 700 2 2 196.000 0.000 78199.95 356876.94
1487880844226 701 2 2 196.000 -0.484 93576.24 463214.21
1487880844229 702 2 2 196.000 0.000 113667.93 552030.00
1487880844233 703 2 2 196.000 0.000 121882.94 610219.66
1487880844236 704 2 2 196.000 -0.484 130155.00 552030.00
1487880844239 705 2 2 196.000 0.000 140790.50 681837.69
1487880844243 706 2 2 196.000 0.000 150244.29 739530.00
1487880844246 707 2 2 196.000 0.000 162606.92 709530.00
1487880844250 708 2 2 196.000 0.000 171348.18 807711.82
1487880844253 709 2 2 196.000 -0.484 183078.39 772138.70
1487880844256 710 2 2 196.000 0.000 194075.45 739530.00
1487880844260 711 2 2 196.000 -0.484 196426.55 846672.86
1487880844263 712 2 2 196.000 -0.484 201294.71 807711.82
1487880844266 713 2 2 196.000 0.000 206397.47 846672.86
1487880844270 714 2 2 196.000 0.000 206397.47 846672.86
1487880844273 715 2 2 196.000 0.000 214530.00 807711.82
1487880844277 716 2 2 196.000 0.000 217378.10 772138.70
1487880844280 717 2 2 196.000 -0.484 217378.10 772138.70
1487880844283 718 2 2 196.000 -0.484 220299.23 772138.70
1487880844287 719 2 2 196.000 -0.484 226372.11 739530.00
1487880844290 720 2 2 196.000 0.000 239530.00 807711.82
1487880844294 721 2 2 196.000 0.000 246672.86 889530.00
1487880844297 722 2 2 196.000 -0.484 246672.86 889530.00
1487880844300 723 2 2 196.000 0.000 246672.86 889530.00
1487880844304 724 2 2 196.000 0.000 246672.86 889530.00
1487880844307 725 2 2 196.000 -0.484 250399.57 889530.00
1487880844311 726 2 2 196.000 0.000 254235.88 1048353.53
1487880844314 727 2 2 196.000 0.000 258186.72 889530.00
1487880844317 728 2 2 196.000 0.000 254235.88 989530.00
1487880844321 729 2 2 196.000 0.000 262257.27 889530.00
1487880844324 730 2 2 196.000 0.000 258186.72 989530.00
1487880844327 731 2 2 196.000 0.000 266453.08 989530.00
1487880844331 732 2 2 196.000 0.000 270780.00 936898.42
1487880844335 733 2 2 196.000 0.000 266453.08 989530.00
1487880844338 734 2 2 196.000 0.000 266453.08 936898.42
1487880844342 735 2 2 196.000 -0.484 275244.29 989530.00
1487880844345 736 2 2 196.000 0.000 279852.58 1114530.00
1487880844349 737 2 2 196.000 0.000 275244.29 989530.00
1487880844352 738 2 2 196.000 0.000 275244.29 989530.00
1487880844355 739 2 2 196.000 0.000 279852.58 1048353.53
1487880844359 740 2 2 196.000 0.000 284611.97 1048353.53
1487880844362 741 2 2 196.000 -0.484 284611.97 1114530.00
1487880844366 742 2 2 196.000 0.000 294614.75 989530.00
1487880844369 743 2 2 196.000 0.000 289530.00 1189530.00
1487880844372 744 2 2 196.000 -0.484 294614.75 1189530.00
1487880844376 745 2 2 196.000 0.000 299874.83 989530.00
1487880844379 746 2 2 196.000 -0.484 299874.83 1048353.53
1487880844383 747 2 2 196.000 0.000 299874.83 1048353.53
1487880844386 748 2 2 196.000 0.000 299874.83 1048353.53
1487880844389 749 2 2 196.000 0.000 299874.83 1048353.53
1487880844393 750 2 2 196.000 0.000 305319.47 1114530.00
1487880844396 751 2 2 196.000 0.000 299874.83 1114530.00
1487880844400 752 2 2 196.000 -0.484 299874.83 1114530.00
1487880844403 753 2 2 196.000 0.000 305319.47 989530.00
1487880844406 754 2 2 196.000 0.000 299874.83 1189530.00
1487880844410 755 2 2 196.000 0.000 310958.57 1114530.00
1487880844413 756 2 2 196.000 0.000 310958.57 1114530.00
1487880844416 757 2 2 196.000 0.000 299874.83 1048353.53
1487880844420 758 2 2 196.000 0.000 305319.47 989530.00
1487880844423 759 2 2 196.000 0.000 305319.47 1048353.53
1487880844427 760 2 2 196.000 0.000 310958.57 1114530.00
1487880844430 761 2 2 196.000 0.000 316802.73 1114530.00
1487880844433 762 2 2 196.000 0.000 310958.57 1114530.00
1487880844437 763 2 2 196.000 -0.484 316802.73 1048353.53
1487880844440 764 2 2 196.000 0.000 305319.47 1114530.00
1487880844444 765 2 2 196.000 0.000 316802.73 1114530.00
1487880844447 766 2 2 196.000 0.000 316802.73 1114530.00
1487880844450 767 2 2 196.000 -0.484 310958.57 1114530.00
1487880844454 768 2 2 196.000 -0.484 305319.47 1114530.00
1487880844457 769 2 2 196.000 0.000 316802.73 989530.00
1487880844460 770 2 2 196.000 0.000 322863.33 1189530.00
1487880844464 771 2 2 196.000 0.000 305319.47 1048353.53
1487880844467 772 2 2 196.000 -0.484 316802.73 1114530.00
1487880844471 773 2 2 196.000 0.000 305319.47 1114530.00
1487880844474 774 2 2 196.000 0.000 310958.57 1048353.53
1487880844477 775 2 2 196.000 0.000 322863.33 1189530.00
1487880844481 776 2 2 196.000 0.000 310958.57 1048353.53
1487880844484 777 2 2 196.000 0.000 316802.73 1189530.00
1487880844488 778 2 2 196.000 0.000 310958.57 1114530.00
1487880844491 779 2 2 196.000 0.000 310958.57 1114530.00
1487880844494 780 2 2 196.000 0.000 316802.73 1189530.00
1487880844498 781 2 2 196.000 0.000 329152.64 989530.00
1487880844501 782 2 2 196.000 0.000 322863.33 1189530.00
1487880844505 783 2 2 196.000 0.000 316802.73 1114530.00
1487880844508 784 2 2 196.000 0.000 316802.73 1275244.29
1487880844511 785 2 2 196.000 0.000 299874.83 1048353.53
1487880844515 786 2 2 196.000 0.000 322863.33 1114530.00
1487880844518 787 2 2 196.000 0.000 310958.57 1275244.29
1487880844522 788 2 2 196.000 0.000 310958.57 1114530.00
1487880844525 789 2 2 196.000 0.000 322863.33 1189530.00
1487880844529 790 2 2 196.000 0.000 310958.57 1114530.00
1487880844532 791 2 2 196.000 0.000 305319.47 1189530.00
1487880844536 792 2 2 196.000 0.000 310958.57 1275244.29
1487880844539 793 2 2 196.000 -0.484 322863.33 1114530.00
1487880844542 794 2 2 196.000 0.000 316802.73 1275244.29
1487880844546 795 2 2 196.000 0.000 310958.57 1275244.29
1487880844549 796 2 2 196.000 0.000 299874.83 1114530.00
1487880844552 797 2 2 196.000 0.000 305319.47 1114530.00
1487880844556 798 2 2 196.000 -0.484 310958.57 1189530.00
1487880844559 799 2 2 196.000 0.000 305319.47 1275244.29
1487880844563 800 2 2 196.000 0.000 310958.57 1189530.00
1487880844566 801 2 2 196.000 0.000 310958.57 1275244.29
1487880844569 802 2 2 196.000 0.000 305319.47 1189530.00
1487880844573 803 2 2 196.000 0.000 305319.47 1189530.00
1487880844576 804 2 2 196.000 0.000 310958.57 1275244.29
1487880844580 805 2 2 196.000 0.000 316802.73 1189530.00
1487880844583 806 3 2 196.000 0.000 305319.47 1048353.53
