Serial_number: 140 
Time Data_Count Cycle State Desired_force_(psi) Measured_force_(psi) Toe_sensor Heel_Sensor
1479776845022 0 0 0 196.000 520.000 -789.87 -2747.31
1479776845069 1 0 1 196.000 190.000 -789.43 -2737.74
1479776845087 2 0 1 196.000 79.000 -788.79 8262.40
1479776845106 3 0 1 196.000 4.000 -786.89 8262.40
1479776845129 4 0 1 196.000 -1.000 -774.34 -2443.58
1479776845157 5 0 1 196.000 -2.000 -759.11 -1542.40
1479776845183 6 0 1 196.000 -1.000 -750.23 -929.60
1479776845207 7 0 1 196.000 -2.000 -741.32 -10.40
1479776845229 8 0 1 196.000 -2.000 -735.80 -561.92
1479776845248 9 0 1 196.000 -2.000 -728.91 -561.92
1479776845272 10 0 1 196.000 -1.000 -726.23 -561.92
1479776845285 11 0 1 196.000 -1.000 -723.31 4585.60
1479776845300 12 0 1 196.000 -2.000 -720.11 4585.60
1479776845315 13 0 1 196.000 -2.000 -720.11 908.80
1479776845330 14 0 1 196.000 -2.000 -714.72 -561.92
1479776845340 15 0 1 196.000 -1.000 -716.60 -316.80
1479776845358 16 0 1 196.000 -1.000 -716.60 -316.80
1479776845371 17 0 1 196.000 -2.000 -718.40 -561.92
1479776845389 18 0 1 196.000 -1.000 -712.74 -316.80
1479776845401 19 0 1 196.000 -1.000 -714.72 -561.92
1479776845418 20 0 1 196.000 -1.000 -716.60 -316.80
1479776845431 21 0 1 196.000 -1.000 -708.45 -316.80
1479776845438 22 0 1 196.000 -1.000 -710.65 -316.80
1479776845448 23 0 1 196.000 -1.000 -710.65 -10.40
1479776845457 24 0 1 196.000 -1.000 -712.74 -316.80
1479776845475 25 0 1 196.000 -1.000 -712.74 -561.92
1479776845489 26 0 1 196.000 -1.000 -710.65 -316.80
1479776845500 27 0 1 196.000 -1.000 -708.45 -561.92
1479776845512 28 0 1 196.000 -1.000 -706.13 -10.40
1479776845527 29 0 1 196.000 -1.000 -703.68 -10.40
1479776845537 30 0 1 196.000 -1.000 -708.45 383.54
1479776845547 31 0 1 196.000 -1.000 -708.45 -10.40
1479776845557 32 0 1 196.000 -1.000 -708.45 383.54
1479776845573 33 0 1 196.000 -1.000 -706.13 -561.92
1479776845586 34 0 1 196.000 -1.000 -708.45 -561.92
1479776845595 35 0 1 196.000 -1.000 -708.45 -561.92
1479776845606 36 0 1 196.000 -1.000 -708.45 -762.47
1479776845623 37 0 1 196.000 -1.000 -706.13 -929.60
1479776845636 38 0 1 196.000 -1.000 -706.13 -762.47
1479776845643 39 0 1 196.000 -1.000 -712.74 -762.47
1479776845652 40 0 1 196.000 -1.000 -706.13 -762.47
1479776845662 41 0 1 196.000 -1.000 -703.68 -929.60
1479776845672 42 0 1 196.000 -1.000 -706.13 -762.47
1479776845692 43 0 1 196.000 -1.000 -708.45 -762.47
1479776845705 44 0 1 196.000 -1.000 -708.45 -929.60
1479776845710 45 0 1 196.000 -1.000 -706.13 -762.47
1479776845721 46 0 1 196.000 -1.000 -708.45 -762.47
1479776845731 47 0 1 196.000 -1.000 -710.65 -561.92
1479776845749 48 0 1 196.000 -1.000 -708.45 -762.47
1479776845762 49 0 1 196.000 -1.000 -708.45 -762.47
1479776845772 50 0 1 196.000 -1.000 -708.45 -929.60
1479776845781 51 0 1 196.000 -1.000 -703.68 -762.47
1479776845797 52 0 1 196.000 -1.000 -706.13 -762.47
1479776845811 53 0 1 196.000 -1.000 -701.08 -929.60
1479776845821 54 0 1 196.000 -1.000 -706.13 -929.60
1479776845830 55 0 1 196.000 -1.000 -706.13 -1071.02
1479776845848 56 0 1 196.000 -1.000 -703.68 -1071.02
1479776845862 57 0 1 196.000 -1.000 -706.13 -561.92
1479776845867 58 0 1 196.000 -1.000 -706.13 -762.47
1479776845877 59 0 1 196.000 -1.000 -701.08 -929.60
1479776845887 60 0 1 196.000 -1.000 -703.68 -929.60
1479776845903 61 0 1 196.000 -1.000 -703.68 -762.47
1479776845917 62 0 1 196.000 -1.000 -706.13 -762.47
1479776845928 63 0 1 196.000 -1.000 -706.13 -762.47
1479776845938 64 0 1 196.000 -1.000 -703.68 -561.92
1479776845947 65 0 1 196.000 -1.000 -708.45 -561.92
1479776845959 66 0 1 196.000 -1.000 -703.68 -762.47
1479776845977 67 0 1 196.000 -1.000 -692.28 -929.60
1479776845987 68 0 1 196.000 -1.000 -698.33 -1071.02
1479776846004 69 0 1 196.000 -1.000 -698.33 -929.60
1479776846016 70 0 1 196.000 -1.000 -698.33 -1071.02
1479776846027 71 0 1 196.000 -1.000 -701.08 -762.47
1479776846035 72 0 1 196.000 -1.000 -701.08 -929.60
1479776846043 73 0 1 196.000 -1.000 -701.08 -929.60
1479776846055 74 0 1 196.000 -1.000 -698.33 -929.60
1479776846070 75 0 2 196.000 -1.000 -701.08 -929.60
1479776846084 76 0 2 196.000 -1.000 -701.08 -1071.02
1479776846098 77 0 2 196.000 -1.000 -701.08 -762.47
1479776846106 78 0 2 196.000 -1.000 -706.13 -929.60
1479776846115 79 0 2 196.000 -1.000 -706.13 -929.60
1479776846125 80 0 2 196.000 -1.000 -706.13 -929.60
1479776846135 81 0 2 196.000 -1.000 -708.45 -1192.23
1479776846145 82 0 2 196.000 -1.000 -706.13 -929.60
1479776846157 83 0 2 196.000 -1.000 -710.65 -762.47
1479776846166 84 0 2 196.000 -1.000 -710.65 -762.47
1479776846176 85 0 2 196.000 -1.000 -708.45 -762.47
1479776846186 86 0 2 196.000 -1.000 -708.45 -929.60
1479776846198 87 0 2 196.000 -1.000 -710.65 -929.60
1479776846207 88 0 2 196.000 -1.000 -708.45 -929.60
1479776846216 89 0 2 196.000 -1.000 -712.74 -1071.02
1479776846226 90 0 2 196.000 -1.000 -710.65 -561.92
1479776846238 91 0 2 196.000 -1.000 -710.65 -316.80
1479776846247 92 0 2 196.000 -1.000 -710.65 -561.92
1479776846258 93 0 2 196.000 -1.000 -710.65 -762.47
1479776846264 94 0 2 196.000 -1.000 -712.74 -929.60
1479776846276 95 0 2 196.000 -1.000 -712.74 -929.60
1479776846285 96 0 2 196.000 -1.000 -712.74 -762.47
1479776846293 97 0 2 196.000 -1.000 -712.74 -561.92
1479776846305 98 0 2 196.000 -1.000 -712.74 -929.60
1479776846313 99 0 2 196.000 -1.000 -716.60 -929.60
1479776846323 100 0 2 196.000 -1.000 -714.72 -929.60
1479776846332 101 0 2 196.000 -1.000 -716.60 -561.92
1479776846342 102 0 2 196.000 -1.000 -718.40 -561.92
1479776846361 103 0 2 196.000 -1.000 -712.74 -762.47
1479776846369 104 0 2 196.000 -1.000 -716.60 -1071.02
1479776846379 105 0 2 196.000 -1.000 -718.40 -762.47
1479776846389 106 0 2 196.000 -1.000 -716.60 -929.60
1479776846404 107 0 2 196.000 -1.000 -716.60 -762.47
1479776846422 108 0 2 196.000 -1.000 -716.60 -762.47
1479776846459 109 0 2 196.000 -1.000 -720.11 -762.47
1479776846481 110 0 2 196.000 -1.000 -718.40 -929.60
1479776846510 111 0 2 196.000 -1.000 -718.40 -762.47
1479776846526 112 0 2 196.000 -1.000 -718.40 -762.47
1479776846541 113 0 2 196.000 -1.000 -718.40 -929.60
1479776846555 114 0 2 196.000 -1.000 -720.11 -929.60
1479776846569 115 0 2 196.000 -1.000 -716.60 -929.60
1479776846580 116 1 2 196.000 -1.000 -720.11 -929.60
1479776846594 117 1 1 196.000 -1.000 -720.11 -1071.02
1479776846608 118 1 1 196.000 -1.000 -718.40 -929.60
1479776846627 119 1 1 196.000 -1.000 -720.11 -929.60
1479776846638 120 1 1 196.000 -1.000 -718.40 -762.47
1479776846652 121 1 1 196.000 -1.000 -718.40 -762.47
1479776846666 122 1 1 196.000 -1.000 -714.72 -929.60
1479776846684 123 1 1 196.000 -2.000 -712.74 -1071.02
1479776846698 124 1 1 196.000 -2.000 -716.60 -1071.02
1479776846712 125 1 1 196.000 13.000 -718.40 -929.60
1479776846725 126 1 1 196.000 -2.000 -716.60 -929.60
1479776846735 127 1 1 196.000 -2.000 -720.11 -929.60
1479776846744 128 1 1 196.000 -2.000 -721.75 -929.60
1479776846764 129 1 1 196.000 -2.000 -723.31 -929.60
1479776846778 130 1 1 196.000 -1.000 -720.11 -1297.28
1479776846785 131 1 1 196.000 -1.000 -720.11 -929.60
1479776846795 132 1 1 196.000 -2.000 -721.75 -1071.02
1479776846815 133 1 1 196.000 -2.000 -721.75 -929.60
1479776846822 134 1 1 196.000 -2.000 -721.75 -1192.23
1479776846832 135 1 1 196.000 -1.000 -724.80 -762.47
1479776846842 136 1 1 196.000 -1.000 -720.11 -929.60
1479776846859 137 1 1 196.000 -2.000 -721.75 -762.47
1479776846871 138 1 1 196.000 -1.000 -720.11 -561.92
1479776846879 139 1 1 196.000 -2.000 -720.11 1644.16
1479776846889 140 1 1 196.000 -1.000 -737.77 inf
1479776846900 141 1 1 196.000 -2.000 -777.07 -2714.06
1479776846910 142 1 1 196.000 31.000 -783.55 -2723.61
1479776846928 143 1 1 196.000 117.000 -788.12 -2748.27
1479776846941 144 1 1 196.000 173.000 -788.67 -2750.21
1479776846948 145 1 1 196.000 201.000 -788.87 -2743.97
1479776846958 146 1 1 196.000 237.000 -789.07 8262.40
1479776846969 147 1 1 196.000 275.000 -789.21 19292.80
1479776846984 148 1 1 196.000 319.000 -789.34 4585.60
1479776846996 149 1 1 196.000 351.000 -789.44 19292.80
1479776847006 150 1 1 196.000 376.000 -789.50 19292.80
1479776847018 151 1 1 196.000 399.000 -789.55 8262.40
1479776847034 152 1 1 196.000 430.000 -789.61 4585.60
1479776847043 153 1 1 196.000 444.000 -789.63 -561.92
1479776847055 154 1 1 196.000 458.000 -789.66 2747.20
1479776847065 155 1 1 196.000 470.000 -789.68 1644.16
1479776847077 156 1 1 196.000 481.000 -789.69 1644.16
1479776847094 157 1 1 196.000 495.000 -789.71 19292.80
1479776847107 158 1 1 196.000 501.000 -789.73 inf
1479776847118 159 1 1 196.000 504.000 -789.73 19292.80
1479776847127 160 1 1 196.000 508.000 -789.74 4585.60
1479776847147 161 1 1 196.000 514.000 -789.75 8262.40
1479776847156 162 1 1 196.000 516.000 -789.76 19292.80
1479776847166 163 1 1 196.000 517.000 -789.76 -762.47
1479776847176 164 1 1 196.000 518.000 -789.76 19292.80
1479776847188 165 1 1 196.000 520.000 -789.76 19292.80
1479776847205 166 1 1 196.000 523.000 -789.77 19292.80
1479776847217 167 1 1 196.000 524.000 -789.78 19292.80
1479776847227 168 1 1 196.000 524.000 -789.78 19292.80
1479776847237 169 1 1 196.000 524.000 -789.78 19292.80
1479776847248 170 1 1 196.000 524.000 -789.78 4585.60
1479776847264 171 1 1 196.000 524.000 -789.78 8262.40
1479776847279 172 1 1 196.000 524.000 -789.78 908.80
1479776847285 173 1 1 196.000 524.000 -789.78 -929.60
1479776847297 174 1 1 196.000 523.000 -789.78 -1192.23
1479776847313 175 1 1 196.000 524.000 -789.79 -316.80
1479776847327 176 1 1 196.000 524.000 -789.79 383.54
1479776847338 177 1 1 196.000 525.000 -789.79 908.80
1479776847346 178 1 1 196.000 525.000 -789.79 2747.20
1479776847363 179 1 1 196.000 526.000 -789.79 1644.16
1479776847375 180 1 1 196.000 527.000 -789.80 4585.60
1479776847385 181 1 1 196.000 527.000 -789.80 8262.40
1479776847395 182 1 1 196.000 527.000 -789.80 19292.80
1479776847407 183 1 1 196.000 527.000 -789.80 19292.80
1479776847424 184 1 1 196.000 527.000 -789.80 8262.40
1479776847438 185 1 1 196.000 526.000 -789.80 8262.40
1479776847449 186 1 1 196.000 526.000 -789.80 8262.40
1479776847457 187 1 1 196.000 526.000 -789.80 19292.80
1479776847473 188 1 1 196.000 526.000 -789.80 19292.80
1479776847489 189 1 1 196.000 526.000 -789.80 8262.40
1479776847496 190 1 1 196.000 526.000 -789.80 19292.80
1479776847508 191 1 1 196.000 526.000 -789.80 8262.40
1479776847517 192 1 1 196.000 526.000 -789.80 19292.80
1479776847527 193 1 1 196.000 526.000 -789.80 8262.40
1479776847545 194 1 1 196.000 526.000 -789.81 8262.40
1479776847557 195 1 1 196.000 526.000 -789.81 19292.80
1479776847564 196 1 1 196.000 526.000 -789.81 8262.40
1479776847575 197 1 1 196.000 526.000 -789.81 19292.80
1479776847590 198 1 1 196.000 526.000 -789.81 8262.40
1479776847605 199 1 1 196.000 526.000 -789.81 8262.40
1479776847614 200 1 2 196.000 525.000 -789.81 8262.40
1479776847624 201 1 2 196.000 526.000 -789.81 8262.40
1479776847643 202 1 2 196.000 525.000 -789.81 8262.40
1479776847653 203 1 2 196.000 512.000 -789.81 -2007.28
1479776847662 204 1 2 196.000 449.000 -789.77 -762.47
1479776847674 205 1 2 196.000 357.000 -789.70 inf
1479776847692 206 1 2 196.000 229.000 -789.52 8262.40
1479776847704 207 1 2 196.000 153.000 -789.23 inf
1479776847713 208 1 2 196.000 96.000 -788.94 -2581.04
1479776847724 209 1 2 196.000 43.000 -788.28 -2715.60
1479776847734 210 1 2 196.000 6.000 -787.24 -2716.93
1479776847754 211 1 2 196.000 -2.000 -777.69 -2457.28
1479776847766 212 1 2 196.000 -1.000 -772.56 -2359.47
1479776847776 213 1 2 196.000 -2.000 -767.27 -2155.20
1479776847785 214 1 2 196.000 -2.000 -759.46 -1919.51
1479776847805 215 1 2 196.000 -1.000 -754.76 -1542.40
1479776847815 216 1 2 196.000 -2.000 -749.65 -1192.23
1479776847826 217 1 2 196.000 -2.000 -744.44 -10.40
1479776847836 218 1 2 196.000 -1.000 -742.93 -316.80
1479776847854 219 1 2 196.000 -1.000 -736.80 -762.47
1479776847866 220 1 2 196.000 -2.000 -734.76 -316.80
1479776847875 221 1 2 196.000 -2.000 -730.18 -561.92
1479776847885 222 1 2 196.000 -2.000 -727.60 -1071.02
1479776847903 223 1 2 196.000 -1.000 -727.60 -929.60
1479776847914 224 1 2 196.000 -1.000 -724.80 -762.47
1479776847925 225 1 2 196.000 -2.000 -720.11 -929.60
1479776847936 226 1 2 196.000 -2.000 -723.31 -1071.02
1479776847944 227 1 2 196.000 -2.000 -718.40 -762.47
1479776847953 228 1 2 196.000 -2.000 -716.60 -929.60
1479776847965 229 1 2 196.000 -2.000 -714.72 -762.47
1479776847975 230 1 2 196.000 -2.000 -714.72 -561.92
1479776847985 231 1 2 196.000 -1.000 -714.72 -1071.02
1479776847996 232 1 2 196.000 -1.000 -712.74 -929.60
1479776848008 233 1 2 196.000 -1.000 -712.74 -762.47
1479776848016 234 1 2 196.000 -1.000 -712.74 -929.60
1479776848028 235 1 2 196.000 -1.000 -708.45 -929.60
1479776848039 236 1 2 196.000 -1.000 -703.68 -929.60
1479776848047 237 1 2 196.000 -1.000 -703.68 -561.92
1479776848057 238 1 2 196.000 -1.000 -708.45 -929.60
1479776848068 239 1 2 196.000 -1.000 -708.45 -762.47
1479776848078 240 1 2 196.000 -1.000 -710.65 -929.60
1479776848089 241 1 2 196.000 -1.000 -712.74 -1071.02
1479776848096 242 1 2 196.000 -1.000 -710.65 -929.60
1479776848105 243 1 2 196.000 -1.000 -710.65 -929.60
1479776848115 244 2 2 196.000 -1.000 -712.74 -929.60
