Serial_number:	-1231536963								
Time	Data_Count	Cycle	State	Desired_force_(psi)	Measured_force_(psi)	Toe_sensor	Heel_Sensor		Desired 
1484787017248.0	0	0	0	196	0	35802.49	53134.24		
1484787017292.0	1	0	1	196	-0.484	36527.39	91224.92		
1484787017302.0	2	0	1	196	0	116290.56	236105.34		
1484787017320.0	3	0	1	196	-0.484	167747.82	709530		
1484787017334.0	4	0	1	196	0	189530	1114530		
1484787017351.0	5	0	1	196	2.419	217378.1	1114530		
1484787017370.0	6	0	1	196	23.705	206397.47	772138.7		
1484787017382.0	7	0	1	196	14.029	226372.11	1489530		
1484787017398.0	8	0	1	196	0	250399.57	1489530		
1484787017418.0	9	0	1	196	0	246672.86	1189530		
1484787017431.0	10	0	1	196	0	262257.27	1489530		
1484787017448.0	11	0	1	196	0	254235.88	1275244.29		
1484787017462.0	12	0	1	196	0	250399.57	1489530		
1484787017480.0	13	0	1	196	0	246672.86	1625893.64		
1484787017497.0	14	0	1	196	0	254235.88	1489530		
1484787017514.0	15	0	1	196	0	262257.27	1625893.64		
1484787017527.0	16	0	1	196	0	254235.88	1625893.64		
1484787017539.0	17	0	1	196	0	258186.72	1625893.64		
1484787017552.0	18	0	1	196	0	258186.72	1489530		
1484787017561.0	19	0	1	196	0	254235.88	1789530		
1484787017574.0	20	0	1	196	0	254235.88	1789530		
1484787017581.0	21	0	1	196	0	258186.72	1625893.64		
1484787017588.0	22	0	1	196	0	254235.88	1625893.64		
1484787017600.0	23	0	1	196	0	266453.08	1789530		
1484787017607.0	24	0	1	196	0	262257.27	1989530		
1484787017622.0	25	0	1	196	0	262257.27	1625893.64		
1484787017628.0	26	0	1	196	0	258186.72	1789530		
1484787017636.0	27	0	1	196	0	258186.72	1789530		
1484787017647.0	28	0	1	196	0	258186.72	1625893.64		
1484787017659.0	29	0	1	196	0	258186.72	1789530		
1484787017665.0	30	0	1	196	0	254235.88	1374145.38		
1484787017677.0	31	0	1	196	0	258186.72	1489530		
1484787017689.0	32	0	1	196	0	262257.27	1625893.64		
1484787017699.0	33	0	1	196	0	275244.29	1625893.64		
1484787017703.0	34	0	1	196	0	289530	1625893.64		
1484787017716.0	35	0	1	196	0	294614.75	1489530		
1484787017724.0	36	0	1	196	0	284611.97	1789530		
1484787017730.0	37	0	1	196	0	294614.75	1489530		
1484787017749.0	38	0	1	196	0	299874.83	1625893.64		
1484787017753.0	39	0	1	196	0	299874.83	1374145.38		
1484787017758.0	40	0	1	196	0	294614.75	1489530		
1484787017765.0	41	0	1	196	0	289530	1489530		
1484787017773.0	42	0	1	196	0	284611.97	1374145.38		
1484787017785.0	43	0	2	196	0	284611.97	1625893.64		
1484787017794.0	44	0	2	196	0	279852.58	1489530		
1484787017803.0	45	0	2	196	0	284611.97	1489530		
1484787017807.0	46	0	2	196	0	284611.97	1489530		
1484787017818.0	47	0	2	196	0	284611.97	1374145.38		
1484787017821.0	48	0	2	196	0	279852.58	1489530		
1484787017828.0	49	0	2	196	0	284611.97	1625893.64		
1484787017835.0	50	0	2	196	0	270780	1374145.38		
1484787017847.0	51	0	2	196	0	275244.29	1374145.38		
1484787017854.0	52	0	2	196	0	270780	1489530		
1484787017861.0	53	0	2	196	0	270780	1374145.38		
1484787017868.0	54	0	2	196	0	270780	1489530		
1484787017875.0	55	0	2	196	0	270780	1489530		
1484787017882.0	56	0	2	196	0	266453.08	1275244.29		
1484787017893.0	57	0	2	196	0	266453.08	1374145.38		
1484787017897.0	58	0	2	196	0	262257.27	1374145.38		
1484787017904.0	59	0	2	196	0	262257.27	1625893.64		
1484787017913.0	60	0	2	196	0	262257.27	1489530		
1484787017917.0	61	0	2	196	0	266453.08	1374145.38		
1484787017926.0	62	0	2	196	0	266453.08	1489530		
1484787017930.0	63	0	2	196	0	266453.08	1489530		
1484787017941.0	64	0	2	196	0	258186.72	1374145.38		
1484787017944.0	65	0	2	196	0	262257.27	1374145.38		
1484787017954.0	66	0	2	196	0	266453.08	1275244.29		
1484787017958.0	67	0	2	196	0	266453.08	1275244.29		
1484787017967.0	68	0	2	196	0	266453.08	1489530		
1484787017971.0	69	0	2	196	0.484	254235.88	1374145.38		
1484787017978.0	70	0	2	196	0	258186.72	1374145.38		
1484787017986.0	71	0	2	196	0	262257.27	1374145.38		
1484787017994.0	72	0	2	196	0	262257.27	1275244.29		
1484787018000.0	73	0	2	196	0.484	262257.27	1374145.38		
1484787018007.0	74	0	2	196	0	254235.88	1374145.38		
1484787018017.0	75	0	2	196	0	258186.72	1275244.29		
1484787018021.0	76	0	2	196	0	258186.72	1489530		
1484787018030.0	77	0	2	196	0	258186.72	1374145.38		
1484787018034.0	78	0	2	196	0	262257.27	1374145.38		
1484787018040.0	79	0	2	196	0	262257.27	1489530		
1484787018048.0	80	0	2	196	0	254235.88	1374145.38		
1484787018056.0	81	0	2	196	0	258186.72	1275244.29		
1484787018066.0	82	0	2	196	0	258186.72	1374145.38		
1484787018070.0	83	0	2	196	0	254235.88	1374145.38		
1484787018075.0	84	0	2	196	0	254235.88	1374145.38		
1484787018085.0	85	0	2	196	0	254235.88	1489530		
1484787018089.0	86	0	2	196	0	254235.88	1374145.38		
1484787018099.0	87	0	2	196	0	254235.88	1374145.38		
1484787018103.0	88	0	2	196	0	254235.88	1374145.38		
1484787018117.0	89	0	2	196	0	254235.88	1275244.29		
1484787018123.0	90	0	2	196	0	254235.88	1489530		
1484787018134.0	91	0	2	196	0	254235.88	1275244.29		
1484787018146.0	92	0	2	196	0	254235.88	1275244.29		
1484787018158.0	93	0	2	196	0	254235.88	1275244.29		
1484787018164.0	94	0	2	196	0	250399.57	1189530		
1484787018175.0	95	0	2	196	0	254235.88	1275244.29		
1484787018185.0	96	0	2	196	0	258186.72	1275244.29		
1484787018197.0	97	0	2	196	0	254235.88	1189530		
1484787018206.0	98	0	2	196	0	254235.88	1275244.29		
1484787018210.0	99	0	2	196	0	254235.88	1114530		
1484787018219.0	100	0	2	196	0	254235.88	1189530		
1484787018232.0	101	0	2	196	0	250399.57	1048353.53		
1484787018242.0	102	0	2	196	0	254235.88	1048353.53		
1484787018255.0	103	0	2	196	0	254235.88	1114530		
1484787018262.0	104	0	2	196	0	246672.86	1114530		
1484787018273.0	105	0	2	196	0	246672.86	1114530		
1484787018282.0	106	0	2	196	0	254235.88	1189530		
1484787018292.0	107	1	2	196	0	250399.57	1114530		
1484787018299.0	108	1	1	196	0	254235.88	1048353.53		
1484787018312.0	109	1	1	196	0	250399.57	1114530		
1484787018321.0	110	1	1	196	0	250399.57	989530		
1484787018328.0	111	1	1	196	0	254235.88	1114530		
1484787018335.0	112	1	1	196	0	246672.86	1114530		
1484787018349.0	113	1	1	196	0	250399.57	989530		
1484787018356.0	114	1	1	196	0	254235.88	989530		
1484787018362.0	115	1	1	196	0	254235.88	1048353.53		
1484787018372.0	116	1	1	196	0	266453.08	1114530		
1484787018383.0	117	1	1	196	-0.484	262257.27	989530		
1484787018393.0	118	1	1	196	-0.484	258186.72	989530		
1484787018398.0	119	1	1	196	-0.484	262257.27	989530		
1484787018412.0	120	1	1	196	1.935	254235.88	989530		
1484787018421.0	121	1	1	196	7.257	254235.88	989530		
1484787018426.0	122	1	1	196	0	258186.72	989530		
1484787018433.0	123	1	1	196	-0.484	250399.57	989530		
1484787018439.0	124	1	1	196	-0.484	246672.86	989530		
1484787018447.0	125	1	1	196	-0.484	250399.57	1048353.53		
1484787018454.0	126	1	1	196	-0.484	254235.88	936898.42		
1484787018463.0	127	1	1	196	-0.484	254235.88	846672.86		
1484787018467.0	128	1	1	196	-0.484	246672.86	989530		
1484787018482.0	129	1	1	196	-0.484	246672.86	936898.42		
1484787018489.0	130	1	1	196	0	243051.13	989530		
1484787018495.0	131	1	1	196	-0.484	246672.86	989530		
1484787018503.0	132	1	1	196	0	246672.86	1048353.53		
1484787018508.0	133	1	1	196	0	243051.13	989530		
1484787018519.0	134	1	1	196	-0.484	239530	989530		
1484787018523.0	135	1	1	196	-0.484	239530	989530		
1484787018529.0	136	1	1	196	-0.484	246672.86	1048353.53		
1484787018545.0	137	1	1	196	-0.484	246672.86	1048353.53		
1484787018554.0	138	1	1	196	-0.484	250399.57	1114530		
1484787018558.0	139	1	1	196	-0.484	250399.57	1114530		
1484787018566.0	140	1	1	196	-0.484	250399.57	1189530		
1484787018571.0	141	1	1	196	0	258186.72	1789530		
1484787018578.0	142	1	1	196	-0.484	316802.73	inf		
1484787018597.0	143	1	1	196	0	67790.87	24755.05		
1484787018601.0	144	1	1	196	37.25	51173.84	23881.15		
1484787018605.0	145	1	1	196	65.793	34870.05	13788.76		
1484787018612.0	146	1	1	196	77.403	22079.73	16927.26		
1484787018618.0	147	1	1	196	102.559	14810.9	12030		
1484787018626.0	148	1	1	196	137.874	11670.22	25602.14		
1484787018632.0	149	1	1	196	161.095	8577.62	1374145.38		
1484787018646.0	150	1	1	196	219.631	7767.08	22925.18		
1484787018659.0	151	1	1	196	263.171	6904.52	3589530		
1484787018663.0	152	1	1	196	275.265	6527.17	8989530		
1484787018672.0	153	1	1	196	305.742	6013.52	17989530		
1484787018676.0	154	1	1	196	316.385	5702.51	17989530		
1484787018683.0	155	1	1	196	335.252	5389.03	8989530		
1484787018697.0	156	1	1	196	368.632	4888.36	17989530		
1484787018706.0	157	1	1	196	391.853	4656.05	17989530		
1484787018714.0	158	1	1	196	411.204	4418.34	8989530		
1484787018720.0	159	1	1	196	417.977	4284.1	8989530		
1484787018728.0	160	1	1	196	432.974	4164.15	17989530		
1484787018734.0	161	1	1	196	443.617	4069.58	17989530		
1484787018749.0	162	1	1	196	465.386	3804.39	17989530		
1484787018755.0	163	1	1	196	472.643	3703.23	17989530		
1484787018764.0	164	1	1	196	482.802	3625.54	inf		
1484787018770.0	165	1	1	196	488.123	3570.56	17989530		
1484787018777.0	166	1	1	196	493.445	3494.31	inf		
1484787018785.0	167	1	1	196	500.218	3451.11	17989530		
1484787018790.0	168	1	1	196	503.604	3408.18	17989530		
1484787018798.0	169	1	1	196	507.474	3344.27	17989530		
1484787018811.0	170	1	2	196	511.828	3270.46	3589530		
1484787018822.0	171	1	2	196	514.731	3249.51	17989530		
1484787018827.0	172	1	2	196	515.215	3239.06	17989530		
1484787018837.0	173	1	2	196	516.182	3218.21	8989530		
1484787018841.0	174	1	2	196	516.182	3187.06	8989530		
1484787018846.0	175	1	2	196	513.763	3176.7	17989530		
1484787018853.0	176	1	2	196	472.159	3333.68	17989530		
1484787018860.0	177	1	2	196	417.977	3581.52	inf		
1484787018867.0	178	1	2	196	365.246	4140.39	846672.86		
1484787018884.0	179	1	2	196	240.433	4745.55	55950.66		
1484787018890.0	180	1	2	196	200.764	5487.45	inf		
1484787018898.0	181	1	2	196	153.355	6463.21	53815.71		
1484787018906.0	182	1	2	196	108.848	7476.16	41703.91		
1484787018915.0	183	1	2	196	57.569	9664.23	14221.36		
1484787018919.0	184	1	2	196	41.604	11269.13	11427.81		
1484787018931.0	185	1	2	196	1.451	25458.14	41553.12		
1484787018941.0	186	1	2	196	-0.484	50340.81	119964.78		
1484787018949.0	187	1	2	196	-0.484	69887.14	160958.57		
1484787018954.0	188	1	2	196	-0.484	89530	201294.71		
1484787018962.0	189	1	2	196	0	101331.24	310958.57		
1484787018972.0	190	1	2	196	0	125893.64	709530		
1484787018976.0	191	1	2	196	0	140790.5	408134.65		
1484787018982.0	192	1	2	196	-0.484	173203.47	681837.69		
1484787018996.0	193	1	2	196	-0.484	189530	1625893.64		
1484787019005.0	194	1	2	196	0	196426.55	1275244.29		
1484787019010.0	195	1	2	196	-0.484	206397.47	1489530		
1484787019016.0	196	1	2	196	-0.484	217378.1	1275244.29		
1484787019023.0	197	1	2	196	-0.484	226372.11	1275244.29		
1484787019029.0	198	1	2	196	0	232773.24	1048353.53		
1484787019045.0	199	1	2	196	-0.484	236105.34	1189530		
1484787019054.0	200	1	2	196	-0.484	239530	1989530		
1484787019058.0	201	1	2	196	-0.484	239530	1189530		
1484787019066.0	202	1	2	196	-0.484	243051.13	1275244.29		
1484787019071.0	203	1	2	196	-0.484	246672.86	1275244.29		
1484787019077.0	204	1	2	196	-0.968	250399.57	1374145.38		
1484787019085.0	205	1	2	196	-0.484	246672.86	1275244.29		
1484787019094.0	206	1	2	196	-0.484	254235.88	1275244.29		
1484787019107.0	207	1	2	196	-0.484	254235.88	1275244.29		
1484787019117.0	208	1	2	196	-0.484	254235.88	1275244.29		
1484787019120.0	209	1	2	196	0	258186.72	1625893.64		
1484787019126.0	210	1	2	196	-0.484	262257.27	1489530		
1484787019136.0	211	1	2	196	-0.484	275244.29	1489530		
1484787019140.0	212	1	2	196	-0.484	275244.29	1374145.38		
1484787019145.0	213	1	2	196	-0.484	284611.97	1374145.38		
1484787019160.0	214	1	2	196	-0.484	299874.83	1374145.38		
1484787019170.0	215	1	2	196	0	289530	1275244.29		
1484787019175.0	216	1	2	196	0	299874.83	1275244.29		
1484787019182.0	217	1	2	196	0	299874.83	1275244.29		
1484787019189.0	218	1	2	196	0	294614.75	1189530		
1484787019197.0	219	1	2	196	0	294614.75	1489530		
1484787019205.0	220	1	2	196	0	294614.75	1489530		
1484787019216.0	221	1	2	196	0	294614.75	1489530		
1484787019224.0	222	1	2	196	0	299874.83	1374145.38		
1484787019234.0	223	1	2	196	0	294614.75	1625893.64		
1484787019239.0	224	1	2	196	0	299874.83	1789530		
1484787019245.0	225	1	2	196	0	299874.83	1789530		
1484787019253.0	226	1	2	196	0	299874.83	1489530		
1484787019260.0	227	1	2	196	0	294614.75	1374145.38		
1484787019267.0	228	1	2	196	0	299874.83	1374145.38		
1484787019278.0	229	1	2	196	0	294614.75	2239530		
1484787019294.0	230	1	2	196	0	294614.75	1625893.64		
1484787019298.0	231	1	2	196	0	284611.97	1789530		
1484787019302.0	232	1	2	196	0	289530	1789530		
1484787019308.0	233	1	2	196	0	284611.97	1789530		
1484787019316.0	234	2	2	196	0	289530	1625893.64		
1484787019330.0	235	2	1	196	0	294614.75	1625893.64		
1484787019336.0	236	2	1	196	0	284611.97	1989530		
1484787019346.0	237	2	1	196	0	275244.29	1989530		
1484787019351.0	238	2	1	196	0	284611.97	1625893.64		
1484787019357.0	239	2	1	196	0	284611.97	1789530		
1484787019365.0	240	2	1	196	0	284611.97	1789530		
1484787019372.0	241	2	1	196	0	284611.97	1989530		
1484787019386.0	242	2	1	196	0	284611.97	1189530		
1484787019392.0	243	2	1	196	0	289530	1275244.29		
1484787019402.0	244	2	1	196	-0.484	284611.97	1275244.29		
1484787019408.0	245	2	1	196	0	284611.97	1625893.64		
1484787019415.0	246	2	1	196	-0.484	279852.58	1275244.29		
1484787019421.0	247	2	1	196	-0.484	279852.58	1374145.38		
1484787019429.0	248	2	1	196	-0.484	270780	1275244.29		
1484787019434.0	249	2	1	196	0	270780	1275244.29		
1484787019441.0	250	2	1	196	0	270780	1275244.29		
1484787019452.0	251	2	1	196	5.805	270780	1275244.29		
1484787019464.0	252	2	1	196	-0.484	266453.08	1275244.29		
1484787019472.0	253	2	1	196	-0.484	266453.08	1374145.38		
1484787019478.0	254	2	1	196	-0.484	266453.08	1489530		
1484787019487.0	255	2	1	196	-0.484	262257.27	1489530		
1484787019491.0	256	2	1	196	-0.484	266453.08	1789530		
1484787019497.0	257	2	1	196	-0.484	266453.08	2239530		
1484787019504.0	258	2	1	196	-0.484	266453.08	2560958.57		
1484787019519.0	259	2	1	196	-0.484	262257.27	2239530		
1484787019527.0	260	2	1	196	-0.484	262257.27	2239530		
1484787019534.0	261	2	1	196	-0.484	266453.08	1989530		
1484787019540.0	262	2	1	196	0	266453.08	2239530		
1484787019549.0	263	2	1	196	-0.484	258186.72	1625893.64		
1484787019563.0	264	2	1	196	-0.484	262257.27	1625893.64		
1484787019569.0	265	2	1	196	0	266453.08	1489530		
1484787019578.0	266	2	1	196	-0.484	262257.27	1789530		
1484787019583.0	267	2	1	196	-0.484	270780	1625893.64		
1484787019589.0	268	2	1	196	-0.484	262257.27	1989530		
1484787019603.0	269	2	1	196	-0.484	270780	5989530		
1484787019612.0	270	2	1	196	-0.484	289530	inf		
1484787019618.0	271	2	1	196	0	214530	2989530		
1484787019627.0	272	2	1	196	-0.484	134691.29	85786.68		
1484787019632.0	273	2	1	196	0	43422.22	23492.26		
1484787019639.0	274	2	1	196	22.737	30625.89	17179.77		
1484787019646.0	275	2	1	196	75.468	15579.2	8760.77		
1484787019658.0	276	2	1	196	124.329	11454.48	8477.37		
1484787019665.0	277	2	1	196	151.42	9754.72	36774.09		
1484787019670.0	278	2	1	196	174.157	8319.14	14187.53		
1484787019680.0	279	2	1	196	213.342	7897.35	21444.89		
1484787019685.0	280	2	1	196	232.693	7142.52	41105.93		
1484787019691.0	281	2	1	196	253.011	6640.27	75244.29		
1484787019699.0	282	2	1	196	277.2	6104.59	69176.02		
1484787019708.0	283	2	1	196	306.71	5731.62	30439.09		
1484787019712.0	284	2	1	196	320.255	5544.23	936898.42		
1484787019721.0	285	2	1	196	343.476	5100.93	17989530		
1484787019725.0	286	2	1	196	352.668	4888.36	8989530		
1484787019732.0	287	2	1	196	370.084	4656.05	inf		
1484787019740.0	288	2	1	196	388.467	4480.17	8989530		
1484787019750.0	289	2	1	196	408.301	4247.91	inf		
1484787019753.0	290	2	1	196	415.558	4152.26	17989530		
1484787019762.0	291	2	1	196	432.974	3953.08	17989530		
1484787019766.0	292	2	1	196	439.263	3861.21	inf		
1484787019773.0	293	2	1	196	449.906	3748.01	17989530		
1484787019781.0	294	2	1	196	460.549	3669.83	17989530		
1484787019790.0	295	2	1	196	473.127	3548.69	17989530		
1484787019794.0	296	2	1	196	477.964	3494.31	8989530		
1484787019803.0	297	2	1	196	487.156	3408.18	inf		
1484787019807.0	298	2	1	196	490.542	3354.88	17989530		
1484787019818.0	299	2	1	196	499.25	3302	inf		
1484787019822.0	300	2	1	196	502.153	3270.46	17989530		
1484787019831.0	301	2	1	196	507.474	3228.63	inf		
1484787019835.0	302	2	2	196	508.926	3197.43	8989530		
1484787019844.0	303	2	2	196	512.312	3156.04	5989530		
1484787019848.0	304	2	2	196	513.279	3135.44	8989530		
1484787019859.0	305	2	2	196	514.731	3094.43	8989530		
1484787019862.0	306	2	2	196	514.247	3084.22	1489530		
1484787019872.0	307	2	2	196	498.283	3084.22	681837.69		
1484787019876.0	308	2	2	196	473.61	3135.44	772138.7		
1484787019888.0	309	2	2	196	384.113	3625.54	21962.43		
1484787019904.0	310	2	2	196	266.073	4357.02	4489530		
1484787019908.0	311	2	2	196	239.466	5195.8	17989530		
1484787019919.0	312	2	2	196	162.547	5834.35	101331.24		
1484787019931.0	313	2	2	196	96.27	7767.08	6559.33		
1484787019941.0	314	2	2	196	47.409	11190.65	24549.46		
1484787019949.0	315	2	2	196	15.964	17655	48353.53		
1484787019960.0	316	2	2	196	-0.484	39116.78	116290.56		
1484787019974.0	317	2	2	196	-0.484	75244.29	246672.86		
1484787019978.0	318	2	2	196	-0.484	88977.51	254235.88		
1484787019986.0	319	2	2	196	-0.484	125893.64	418101.43		
1484787020000.0	320	2	2	196	0	139530	439530		
1484787020009.0	321	2	2	196	-0.484	160958.57	534984.55		
1484787020015.0	322	2	2	196	0	181019.36	656196.67		
1484787020029.0	323	2	2	196	-0.484	198832.33	772138.7		
1484787020037.0	324	2	2	196	-0.484	209042.2	807711.82		
1484787020044.0	325	2	2	196	-0.484	220299.23	889530		
1484787020059.0	326	2	2	196	0	226372.11	889530		
1484787020066.0	327	2	2	196	-0.484	232773.24	936898.42		
1484787020072.0	328	2	2	196	0	236105.34	1048353.53		
1484787020089.0	329	2	2	196	-0.484	243051.13	989530		
1484787020093.0	330	2	2	196	-0.484	243051.13	1189530		
1484787020101.0	331	2	2	196	0	246672.86	1114530		
1484787020113.0	332	2	2	196	-0.484	246672.86	1189530		
1484787020124.0	333	2	2	196	-0.484	246672.86	1189530		
1484787020130.0	334	2	2	196	-0.484	254235.88	1275244.29		
1484787020138.0	335	2	2	196	0	262257.27	1275244.29		
1484787020153.0	336	2	2	196	0	266453.08	1275244.29		
1484787020159.0	337	2	2	196	-0.484	266453.08	1374145.38		
1484787020169.0	338	2	2	196	0	289530	1189530		
1484787020178.0	339	2	2	196	0	284611.97	1275244.29		
1484787020188.0	340	2	2	196	-0.484	284611.97	1275244.29		
1484787020193.0	341	2	2	196	-0.484	299874.83	1275244.29		
1484787020201.0	342	2	2	196	0	289530	1189530		
1484787020215.0	343	2	2	196	0	294614.75	1275244.29		
1484787020224.0	344	2	2	196	0	294614.75	1275244.29		
1484787020229.0	345	2	2	196	0	294614.75	1275244.29		
1484787020236.0	346	2	2	196	0	299874.83	1275244.29		
1484787020244.0	347	2	2	196	0	284611.97	1374145.38		
1484787020249.0	348	2	2	196	0	299874.83	1275244.29		
1484787020257.0	349	2	2	196	0	299874.83	1374145.38		
1484787020268.0	350	2	2	196	0	299874.83	1275244.29		
1484787020279.0	351	2	2	196	0	305319.47	1489530		
1484787020287.0	352	2	2	196	0	299874.83	1275244.29		
1484787020293.0	353	2	2	196	0	294614.75	1374145.38		
1484787020300.0	354	2	2	196	0	294614.75	1275244.29		
1484787020306.0	355	2	2	196	0	289530	1189530		
1484787020314.0	356	2	2	196	0	299874.83	1189530		
1484787020328.0	357	2	2	196	0	284611.97	1275244.29		
1484787020338.0	358	3	2	196	0	284611.97	1374145.38		
