Serial_number: 0 
Time Data_Count Cycle State Desired_force_(psi) Measured_force_(psi) Toe_sensor Heel_Sensor
1487874972187 0 0 0 20.000 0.000 32184.03 70611.08
1487874972216 1 0 1 20.000 0.000 32083.19 71348.18
1487874972230 2 0 1 20.000 0.000 32083.19 70247.49
1487874972242 3 0 1 20.000 0.000 31982.83 70977.96
1487874972254 4 0 1 20.000 0.000 32083.19 70977.96
1487874972265 5 0 1 20.000 -0.484 31783.52 70977.96
1487874972279 6 0 1 20.000 -0.484 32903.49 76486.52
1487874972297 7 0 1 20.000 -0.484 43101.43 133530.00
1487874972304 8 0 1 20.000 -0.484 102737.55 570175.16
1487874972325 9 0 1 20.000 -0.484 167747.82 807711.82
1487874972338 10 0 1 20.000 -0.484 167747.82 846672.86
1487874972350 11 0 1 20.000 -0.484 189530.00 889530.00
1487874972359 12 0 1 20.000 -0.484 191777.19 889530.00
1487874972365 13 0 1 20.000 -0.484 217378.10 989530.00
1487874972374 14 0 1 20.000 -0.484 220299.23 1189530.00
1487874972385 15 0 1 20.000 -0.484 246672.86 1048353.53
1487874972394 16 0 1 20.000 -0.484 246672.86 846672.86
1487874972402 17 0 1 20.000 -0.484 254235.88 1048353.53
1487874972418 18 0 1 20.000 -0.484 246672.86 1189530.00
1487874972425 19 0 1 20.000 -0.484 254235.88 1189530.00
1487874972433 20 0 1 20.000 -0.484 254235.88 1275244.29
1487874972445 21 0 1 20.000 -0.484 262257.27 1048353.53
1487874972457 22 0 1 20.000 -0.484 246672.86 1114530.00
1487874972463 23 0 1 20.000 -0.484 254235.88 1275244.29
1487874972477 24 0 1 20.000 -0.484 266453.08 1275244.29
1487874972486 25 0 1 20.000 -0.484 258186.72 1275244.29
1487874972492 26 0 1 20.000 -0.484 266453.08 1275244.29
1487874972500 27 0 1 20.000 -0.484 258186.72 1189530.00
1487874972512 28 0 1 20.000 -0.484 262257.27 1275244.29
1487874972521 29 0 1 20.000 -0.484 262257.27 1489530.00
1487874972527 30 0 1 20.000 -0.484 262257.27 1275244.29
1487874972538 31 0 1 20.000 0.000 262257.27 1374145.38
1487874972550 32 0 1 20.000 -0.484 270780.00 1374145.38
1487874972556 33 0 1 20.000 -0.484 262257.27 1189530.00
1487874972562 34 0 1 20.000 -0.484 254235.88 1374145.38
1487874972577 35 0 1 20.000 -0.484 262257.27 1275244.29
1487874972584 36 0 1 20.000 -0.484 254235.88 1275244.29
1487874972594 37 0 1 20.000 -0.484 270780.00 1275244.29
1487874972597 38 0 1 20.000 -0.484 258186.72 1275244.29
1487874972607 39 0 1 20.000 -0.484 279852.58 1189530.00
1487874972611 40 0 1 20.000 -0.484 275244.29 1275244.29
1487874972619 41 0 1 20.000 -0.484 270780.00 1275244.29
1487874972629 42 0 1 20.000 -0.484 262257.27 1275244.29
1487874972641 43 0 1 20.000 -0.484 270780.00 1489530.00
1487874972650 44 0 1 20.000 -0.484 266453.08 1489530.00
1487874972653 45 0 1 20.000 -0.484 266453.08 1189530.00
1487874972660 46 0 1 20.000 -0.484 275244.29 1114530.00
1487874972668 47 0 1 20.000 -0.484 262257.27 1189530.00
1487874972680 48 0 1 20.000 0.000 262257.27 1275244.29
1487874972685 49 0 1 20.000 -0.484 266453.08 1489530.00
1487874972695 50 0 1 20.000 -0.484 266453.08 1374145.38
1487874972703 51 0 1 20.000 -0.484 258186.72 1489530.00
1487874972712 52 0 1 20.000 0.000 266453.08 1275244.29
1487874972715 53 0 1 20.000 -0.484 266453.08 1275244.29
1487874972723 54 0 1 20.000 -0.484 258186.72 1625893.64
1487874972740 55 0 1 20.000 0.000 262257.27 1489530.00
1487874972744 56 0 1 20.000 -0.484 258186.72 1275244.29
1487874972751 57 0 1 20.000 -0.484 258186.72 1189530.00
1487874972760 58 0 1 20.000 -0.484 266453.08 1625893.64
1487874972765 59 0 1 20.000 0.000 258186.72 1275244.29
1487874972773 60 0 1 20.000 0.000 262257.27 1275244.29
1487874972779 61 0 1 20.000 -0.484 250399.57 1374145.38
1487874972786 62 0 1 20.000 -0.484 266453.08 1275244.29
1487874972798 63 0 1 20.000 0.000 258186.72 1275244.29
1487874972809 64 0 1 20.000 0.000 266453.08 1489530.00
1487874972815 65 0 1 20.000 0.000 266453.08 1275244.29
1487874972822 66 0 1 20.000 -0.484 266453.08 1275244.29
1487874972830 67 0 1 20.000 -0.484 262257.27 1275244.29
1487874972837 68 0 1 20.000 -0.484 262257.27 1275244.29
1487874972851 69 0 1 20.000 0.000 254235.88 1275244.29
1487874972861 70 0 1 20.000 0.000 258186.72 1189530.00
1487874972865 71 0 1 20.000 0.000 258186.72 1489530.00
1487874972875 72 0 1 20.000 -0.484 262257.27 1374145.38
1487874972879 73 0 1 20.000 0.000 254235.88 1374145.38
1487874972887 74 0 1 20.000 -0.484 246672.86 1275244.29
1487874972898 75 0 1 20.000 0.000 266453.08 1374145.38
1487874972908 76 0 1 20.000 -0.484 258186.72 1275244.29
1487874972912 77 0 1 20.000 -0.484 270780.00 1489530.00
1487874972918 78 0 1 20.000 0.000 262257.27 1489530.00
1487874972926 79 0 1 20.000 -0.484 266453.08 1275244.29
1487874972935 80 0 1 20.000 0.000 254235.88 1189530.00
1487874972938 81 0 1 20.000 -0.484 258186.72 1114530.00
1487874972945 82 0 1 20.000 0.000 262257.27 1275244.29
1487874972956 83 0 1 20.000 -0.484 266453.08 1625893.64
1487874972960 84 0 1 20.000 -0.484 262257.27 1114530.00
1487874972967 85 0 1 20.000 -0.484 262257.27 1275244.29
1487874972973 86 0 1 20.000 -0.484 254235.88 1275244.29
1487874972982 87 0 1 20.000 0.000 266453.08 1275244.29
1487874972987 88 0 1 20.000 -0.484 254235.88 1374145.38
1487874972994 89 0 1 20.000 -0.484 258186.72 1189530.00
1487874973000 90 0 1 20.000 -0.484 258186.72 1275244.29
1487874973009 91 0 1 20.000 0.000 258186.72 1374145.38
1487874973015 92 0 1 20.000 0.000 270780.00 1275244.29
1487874973021 93 0 1 20.000 -0.484 258186.72 1275244.29
1487874973029 94 0 1 20.000 0.000 258186.72 1374145.38
1487874973035 95 0 1 20.000 0.000 266453.08 1275244.29
1487874973043 96 0 1 20.000 0.000 258186.72 1625893.64
1487874973053 97 0 1 20.000 0.000 239530.00 1489530.00
1487874973056 98 0 1 20.000 -0.484 270780.00 1189530.00
1487874973066 99 0 1 20.000 -0.484 250399.57 1275244.29
1487874973069 100 0 1 20.000 -0.484 254235.88 1275244.29
1487874973076 101 0 1 20.000 0.000 254235.88 1114530.00
1487874973082 102 0 1 20.000 -0.484 254235.88 1275244.29
1487874973090 103 0 1 20.000 -0.484 258186.72 1114530.00
1487874973096 104 0 1 20.000 -0.484 246672.86 1275244.29
1487874973105 105 0 1 20.000 0.000 266453.08 1275244.29
1487874973109 106 0 1 20.000 0.000 266453.08 1374145.38
1487874973115 107 0 1 20.000 0.000 258186.72 1189530.00
1487874973124 108 0 1 20.000 -0.484 254235.88 1114530.00
1487874973130 109 0 1 20.000 0.000 262257.27 1275244.29
1487874973139 110 0 1 20.000 -0.484 254235.88 1275244.29
1487874973142 111 0 1 20.000 -0.484 258186.72 1114530.00
1487874973148 112 0 1 20.000 -0.484 258186.72 1189530.00
1487874973158 113 0 1 20.000 -0.484 262257.27 1048353.53
1487874973162 114 0 1 20.000 0.000 258186.72 1189530.00
1487874973168 115 0 1 20.000 0.000 250399.57 1275244.29
1487874973176 116 0 1 20.000 0.000 258186.72 1275244.29
1487874973183 117 0 1 20.000 0.000 258186.72 1374145.38
1487874973197 118 0 1 20.000 -0.484 254235.88 1275244.29
1487874973209 119 0 1 20.000 0.000 250399.57 1625893.64
1487874973217 120 0 2 20.000 0.000 254235.88 1189530.00
1487874973224 121 0 2 20.000 0.000 250399.57 1189530.00
1487874973246 122 0 2 20.000 0.000 254235.88 1275244.29
1487874973250 123 0 2 20.000 0.000 258186.72 1275244.29
1487874973262 124 0 2 20.000 0.000 254235.88 1189530.00
1487874973269 125 0 2 20.000 0.000 254235.88 1275244.29
1487874973281 126 0 2 20.000 0.000 250399.57 1114530.00
1487874973287 127 0 2 20.000 0.000 254235.88 1275244.29
1487874973299 128 0 2 20.000 0.000 254235.88 1275244.29
1487874973312 129 0 2 20.000 0.000 254235.88 1275244.29
1487874973316 130 0 2 20.000 0.000 250399.57 1114530.00
1487874973321 131 0 2 20.000 0.000 254235.88 1189530.00
1487874973338 132 0 2 20.000 0.000 258186.72 1189530.00
1487874973347 133 0 2 20.000 0.000 254235.88 1189530.00
1487874973351 134 0 2 20.000 0.000 250399.57 1275244.29
1487874973365 135 0 2 20.000 0.000 254235.88 1189530.00
1487874973373 136 0 2 20.000 0.000 250399.57 1048353.53
1487874973403 137 0 2 20.000 0.000 250399.57 1275244.29
1487874973430 138 0 2 20.000 0.000 254235.88 1189530.00
1487874973447 139 0 2 20.000 0.000 254235.88 1275244.29
1487874973461 140 0 2 20.000 0.000 254235.88 1275244.29
1487874973471 141 0 2 20.000 0.000 258186.72 1189530.00
1487874973477 142 0 2 20.000 0.000 246672.86 1189530.00
1487874973494 143 0 2 20.000 0.000 254235.88 1189530.00
1487874973499 144 0 2 20.000 0.000 250399.57 1189530.00
1487874973510 145 0 2 20.000 0.000 243051.13 1275244.29
1487874973514 146 0 2 20.000 0.000 246672.86 1275244.29
1487874973521 147 0 2 20.000 0.000 246672.86 1189530.00
1487874973529 148 0 2 20.000 0.000 250399.57 1114530.00
1487874973537 149 0 2 20.000 0.000 254235.88 1114530.00
1487874973552 150 0 2 20.000 0.000 254235.88 1275244.29
1487874973562 151 0 2 20.000 0.000 250399.57 1189530.00
1487874973566 152 0 2 20.000 0.000 254235.88 1114530.00
1487874973576 153 0 2 20.000 0.000 254235.88 1275244.29
1487874973580 154 0 2 20.000 0.000 246672.86 1189530.00
1487874973585 155 0 2 20.000 0.000 250399.57 1114530.00
1487874973592 156 0 2 20.000 0.000 250399.57 1048353.53
1487874973603 157 0 2 20.000 0.000 254235.88 1114530.00
1487874973615 158 0 2 20.000 0.000 250399.57 1189530.00
1487874973622 159 0 2 20.000 0.000 254235.88 1189530.00
1487874973629 160 0 2 20.000 0.000 250399.57 1114530.00
1487874973637 161 0 2 20.000 0.000 254235.88 1275244.29
1487874973643 162 0 2 20.000 0.000 254235.88 989530.00
1487874973650 163 0 2 20.000 0.000 254235.88 1275244.29
1487874973657 164 0 2 20.000 0.000 254235.88 1114530.00
1487874973670 165 0 2 20.000 0.000 250399.57 1189530.00
1487874973678 166 0 2 20.000 0.000 262257.27 1114530.00
1487874973689 167 0 2 20.000 0.000 254235.88 1114530.00
1487874973693 168 0 2 20.000 0.000 250399.57 1275244.29
1487874973703 169 0 2 20.000 0.000 246672.86 1189530.00
1487874973707 170 0 2 20.000 0.000 254235.88 1114530.00
1487874973713 171 0 2 20.000 0.000 254235.88 1114530.00
1487874973724 172 0 2 20.000 0.000 250399.57 1114530.00
1487874973737 173 0 2 20.000 0.000 250399.57 1114530.00
1487874973742 174 0 2 20.000 0.000 254235.88 1189530.00
1487874973748 175 0 2 20.000 0.000 246672.86 1114530.00
1487874973756 176 0 2 20.000 0.000 254235.88 1275244.29
1487874973764 177 0 2 20.000 0.000 250399.57 1114530.00
1487874973775 178 0 2 20.000 0.000 254235.88 1189530.00
1487874973788 179 0 2 20.000 0.000 254235.88 1189530.00
1487874973792 180 0 2 20.000 0.000 262257.27 1275244.29
1487874973798 181 0 2 20.000 0.000 250399.57 1189530.00
1487874973807 182 0 2 20.000 0.000 250399.57 1114530.00
1487874973816 183 0 2 20.000 0.000 250399.57 1048353.53
1487874973820 184 0 2 20.000 0.000 250399.57 1189530.00
1487874973834 185 0 2 20.000 0.000 250399.57 1189530.00
1487874973840 186 0 2 20.000 0.000 246672.86 1114530.00
1487874973847 187 0 2 20.000 0.000 250399.57 1114530.00
1487874973858 188 0 2 20.000 0.000 250399.57 1189530.00
1487874973863 189 0 2 20.000 0.000 254235.88 1114530.00
1487874973868 190 0 2 20.000 0.000 254235.88 1275244.29
1487874973875 191 0 2 20.000 0.000 254235.88 1048353.53
1487874973889 192 0 2 20.000 0.000 254235.88 1189530.00
1487874973898 193 0 2 20.000 0.000 246672.86 1048353.53
1487874973905 194 0 2 20.000 0.000 250399.57 1189530.00
1487874973912 195 0 2 20.000 0.000 246672.86 1189530.00
1487874973920 196 0 2 20.000 0.000 254235.88 1189530.00
1487874973925 197 0 2 20.000 0.000 250399.57 1048353.53
1487874973932 198 0 2 20.000 0.000 254235.88 1374145.38
1487874973946 199 0 2 20.000 0.000 246672.86 1189530.00
1487874973953 200 0 2 20.000 0.000 250399.57 1275244.29
1487874973961 201 0 2 20.000 -0.484 250399.57 1189530.00
1487874973969 202 0 2 20.000 0.000 246672.86 1189530.00
1487874973975 203 0 2 20.000 0.000 254235.88 1189530.00
1487874973983 204 0 2 20.000 0.000 254235.88 1114530.00
1487874974000 205 0 2 20.000 0.000 250399.57 1114530.00
1487874974006 206 0 2 20.000 0.000 254235.88 1114530.00
1487874974014 207 0 2 20.000 0.000 243051.13 1189530.00
1487874974023 208 0 2 20.000 0.000 254235.88 1275244.29
1487874974027 209 0 2 20.000 0.000 258186.72 1189530.00
1487874974033 210 0 2 20.000 0.000 250399.57 1189530.00
1487874974044 211 0 2 20.000 0.000 254235.88 1275244.29
1487874974057 212 0 2 20.000 0.000 246672.86 1189530.00
1487874974062 213 0 2 20.000 0.000 266453.08 1048353.53
1487874974072 214 0 2 20.000 0.000 254235.88 1189530.00
1487874974076 215 0 2 20.000 0.000 246672.86 1189530.00
1487874974086 216 0 2 20.000 0.000 250399.57 1189530.00
1487874974090 217 0 2 20.000 0.000 254235.88 1114530.00
1487874974099 218 0 2 20.000 0.000 243051.13 1114530.00
1487874974103 219 0 2 20.000 0.000 250399.57 1114530.00
1487874974119 220 0 2 20.000 0.000 254235.88 1114530.00
1487874974125 221 0 2 20.000 0.000 250399.57 1114530.00
1487874974131 222 0 2 20.000 0.000 250399.57 1189530.00
1487874974139 223 0 2 20.000 0.000 258186.72 1189530.00
1487874974150 224 0 2 20.000 0.000 246672.86 1114530.00
1487874974161 225 0 2 20.000 0.000 250399.57 1114530.00
1487874974168 226 0 2 20.000 0.000 250399.57 1189530.00
1487874974177 227 0 2 20.000 0.000 254235.88 1275244.29
1487874974181 228 0 2 20.000 0.000 250399.57 1114530.00
1487874974189 229 0 2 20.000 0.000 258186.72 1114530.00
1487874974199 230 0 2 20.000 0.000 250399.57 989530.00
1487874974203 231 0 2 20.000 0.000 254235.88 1189530.00
1487874974215 232 0 2 20.000 0.000 254235.88 1048353.53
1487874974226 233 1 2 20.000 0.000 250399.57 1114530.00
1487874974234 234 1 1 20.000 -0.484 246672.86 1048353.53
1487874974239 235 1 1 20.000 0.000 254235.88 936898.42
1487874974246 236 1 1 20.000 0.000 250399.57 989530.00
1487874974254 237 1 1 20.000 0.000 262257.27 989530.00
1487874974259 238 1 1 20.000 0.000 250399.57 989530.00
1487874974274 239 1 1 20.000 0.000 254235.88 989530.00
1487874974284 240 1 1 20.000 0.000 266453.08 989530.00
1487874974288 241 1 1 20.000 0.000 270780.00 989530.00
1487874974294 242 1 1 20.000 -0.484 262257.27 989530.00
1487874974300 243 1 1 20.000 0.000 262257.27 989530.00
1487874974307 244 1 1 20.000 0.000 258186.72 989530.00
1487874974314 245 1 1 20.000 0.000 254235.88 989530.00
1487874974330 246 1 1 20.000 0.000 254235.88 936898.42
1487874974336 247 1 1 20.000 2.903 258186.72 936898.42
1487874974342 248 1 1 20.000 12.094 258186.72 889530.00
1487874974349 249 1 1 20.000 11.610 254235.88 889530.00
1487874974355 250 1 1 20.000 5.321 262257.27 889530.00
1487874974364 251 1 1 20.000 -0.484 254235.88 936898.42
1487874974369 252 1 1 20.000 -0.484 258186.72 989530.00
1487874974385 253 1 1 20.000 -0.484 246672.86 989530.00
1487874974391 254 1 1 20.000 -0.484 262257.27 846672.86
1487874974398 255 1 1 20.000 -0.484 246672.86 1374145.38
1487874974405 256 1 1 20.000 -0.484 124868.35 191777.19
1487874974412 257 1 1 20.000 3.386 44075.45 47971.56
1487874974420 258 1 1 20.000 29.026 29708.57 33219.32
1487874974425 259 1 1 20.000 42.088 21558.47 27424.74
1487874974435 260 1 1 20.000 63.858 12171.51 16236.23
1487874974449 261 1 1 20.000 87.079 9031.63 11508.02
1487874974457 262 1 1 20.000 103.043 8182.85 10172.20
1487874974463 263 1 1 20.000 113.686 7602.29 9137.84
1487874974472 264 1 1 20.000 128.199 7022.71 7916.11
1487874974476 265 1 1 20.000 133.520 6804.47 8905.67
1487874974482 266 1 1 20.000 141.261 6243.09 8202.20
1487874974488 267 1 1 20.000 150.452 5587.09 8417.72
1487874974502 268 1 1 20.000 167.384 5417.03 7387.14
1487874974510 269 1 1 20.000 176.092 5168.58 12998.06
1487874974518 270 1 1 20.000 183.832 4967.39 10054.52
1487874974525 271 1 1 20.000 190.605 4849.15 8221.59
1487874974532 272 1 1 20.000 195.443 4719.87 15207.60
1487874974539 273 1 1 20.000 200.281 4542.51 13788.76
1487874974554 274 1 1 20.000 210.440 4381.49 7440.45
1487874974560 275 1 1 20.000 212.859 4357.02 5923.44
1487874974567 276 1 1 20.000 216.729 4247.91 15392.07
1487874974574 277 1 1 20.000 220.115 4211.89 8843.30
1487874974584 278 1 1 20.000 225.437 4104.90 10339.25
1487874974588 279 1 1 20.000 226.888 4093.11 9137.84
1487874974603 280 1 1 20.000 232.693 3930.00 9116.51
1487874974609 281 1 1 20.000 234.628 3895.52 9419.50
1487874974618 282 1 1 20.000 237.531 3849.81 7494.07
1487874974623 283 1 1 20.000 238.982 3804.39 4836.12
1487874974631 284 1 1 20.000 241.885 3770.51 6463.21
1487874974642 285 1 1 20.000 245.755 3714.40 6559.33
1487874974650 286 1 1 20.000 248.174 3625.54 5775.49
1487874974660 287 1 1 20.000 251.076 3647.65 6321.04
1487874974668 288 1 1 20.000 253.495 3603.49 4542.51
1487874974674 289 1 1 20.000 254.947 3581.52 9823.12
1487874974687 290 1 1 20.000 259.784 3548.69 7638.65
1487874974692 291 1 1 20.000 261.236 3505.16 5673.50
1487874974705 292 1 1 20.000 265.106 3461.89 6305.40
1487874974709 293 1 1 20.000 265.589 3408.18 6150.50
1487874974712 294 1 1 20.000 267.041 3429.61 12815.90
1487874974721 295 1 1 20.000 268.976 3440.36 12401.66
1487874974726 296 1 1 20.000 269.943 3397.49 6738.41
1487874974734 297 1 1 20.000 271.395 3376.15 8905.67
1487874974740 298 1 1 20.000 272.362 3354.88 15429.28
1487874974752 299 1 1 20.000 274.781 3333.68 12286.01
1487874974760 300 1 1 20.000 275.265 3312.54 8086.70
1487874974765 301 1 1 20.000 275.749 3312.54 5630.18
1487874974771 302 1 1 20.000 276.716 3302.00 7512.02
1487874974779 303 1 1 20.000 277.200 3291.47 10219.66
1487874974785 304 1 1 20.000 277.684 3270.46 7229.12
1487874974793 305 1 1 20.000 278.651 3259.98 15807.37
1487874974799 306 1 1 20.000 279.135 3239.06 12343.69
1487874974807 307 1 1 20.000 280.103 3239.06 23556.47
1487874974815 308 1 1 20.000 281.070 3228.63 19630.33
1487874974819 309 1 1 20.000 281.070 3218.21 24893.46
1487874974826 310 1 1 20.000 281.554 3207.81 20246.72
1487874974834 311 1 1 20.000 282.038 3197.43 16000.59
1487874974842 312 1 1 20.000 282.521 3197.43 12876.30
1487874974847 313 1 1 20.000 283.005 3187.06 12725.88
1487874974856 314 1 1 20.000 283.973 3197.43 11190.65
1487874974861 315 1 1 20.000 284.456 3176.70 8618.02
1487874974868 316 1 1 20.000 285.424 3166.36 12518.51
1487874974875 317 1 1 20.000 285.908 3145.73 10195.90
1487874974883 318 1 1 20.000 285.908 3135.44 10756.42
1487874974892 319 1 1 20.000 286.392 3125.17 13498.04
1487874974896 320 1 1 20.000 286.392 3125.17 10558.04
1487874974902 321 1 1 20.000 286.875 3094.43 14775.44
1487874974910 322 1 1 20.000 287.359 3104.66 20998.53
1487874974916 323 1 1 20.000 287.359 3084.22 16927.26
1487874974924 324 1 1 20.000 287.359 3074.02 14810.90
1487874974932 325 1 1 20.000 287.843 3084.22 11269.13
1487874974939 326 1 1 20.000 287.843 3074.02 12401.66
1487874974945 327 1 1 20.000 287.843 3053.67 14740.08
1487874974953 328 1 1 20.000 287.843 3053.67 14740.08
1487874974961 329 1 1 20.000 287.843 3053.67 15466.60
1487874974966 330 1 1 20.000 287.359 3043.51 17480.31
1487874974972 331 1 1 20.000 287.359 3053.67 24012.76
1487874974981 332 1 1 20.000 287.359 3063.83 22801.72
1487874974990 333 1 1 20.000 287.359 3053.67 11035.38
1487874975002 334 1 1 20.000 287.359 3013.15 9223.65
1487874975010 335 1 1 20.000 286.875 3013.15 8048.52
1487874975021 336 1 1 20.000 286.875 3033.38 6904.52
1487874975031 337 1 1 20.000 286.875 3043.51 5601.43
1487874975043 338 1 1 20.000 286.392 3013.15 5417.03
1487874975051 339 1 1 20.000 286.392 3023.25 5182.17
1487874975058 340 1 1 20.000 286.875 3003.05 5775.49
1487874975069 341 1 1 20.000 286.392 2992.98 7005.73
1487874975081 342 1 1 20.000 286.392 2982.91 8760.77
1487874975087 343 1 1 20.000 286.392 2992.98 11138.64
1487874975105 344 1 1 20.000 286.392 3003.05 6321.04
1487874975109 345 1 1 20.000 286.392 2972.87 6150.50
1487874975114 346 1 1 20.000 286.392 2982.91 6368.17
1487874975124 347 1 1 20.000 286.392 2982.91 6738.41
1487874975137 348 1 1 20.000 285.908 2962.84 6904.52
1487874975145 349 1 1 20.000 285.908 2972.87 7859.94
1487874975152 350 1 1 20.000 286.392 2962.84 9288.51
1487874975167 351 1 1 20.000 286.392 2952.82 9961.33
1487874975174 352 1 1 20.000 286.392 2962.84 11890.25
1487874975181 353 1 1 20.000 285.908 2962.84 7767.08
1487874975194 354 1 1 20.000 286.392 2952.82 7351.78
1487874975205 355 1 1 20.000 286.392 2942.82 7194.38
1487874975211 356 1 1 20.000 286.392 2952.82 7229.12
1487874975226 357 1 1 20.000 286.875 2932.83 6368.17
1487874975232 358 1 1 20.000 286.875 2952.82 6104.59
1487874975239 359 1 1 20.000 286.875 2932.83 6274.19
1487874975254 360 1 2 20.000 286.875 2942.82 5998.44
1487874975263 361 1 2 20.000 287.359 2942.82 5849.13
1487874975272 362 1 2 20.000 287.359 2932.83 5790.16
1487874975282 363 1 2 20.000 286.392 2932.83 5717.05
1487874975292 364 1 2 20.000 271.878 2952.82 5702.51
1487874975299 365 1 2 20.000 243.820 3033.38 8010.49
1487874975305 366 1 2 20.000 219.631 3166.36 3895.52
1487874975312 367 1 2 20.000 192.540 3365.51 5702.51
1487874975324 368 1 2 20.000 150.936 3804.39 6336.72
1487874975336 369 1 2 20.000 113.686 4888.36 18562.26
1487874975342 370 1 2 20.000 96.270 4668.77 22020.97
1487874975347 371 1 2 20.000 81.273 5558.50 11374.66
1487874975356 372 1 2 20.000 57.085 6607.80 16196.67
1487874975361 373 1 2 20.000 44.023 7916.11 11945.94
1487874975373 374 1 2 20.000 18.867 11890.25 18893.78
1487874975387 375 1 2 20.000 -0.484 20090.27 40234.23
1487874975392 376 1 2 20.000 0.000 27909.53 85786.68
1487874975398 377 1 2 20.000 -0.484 42315.92 169530.00
1487874975404 378 1 2 20.000 0.000 67452.08 349530.00
1487874975410 379 1 2 20.000 0.000 94181.16 451068.46
1487874975418 380 1 2 20.000 0.000 123858.36 589530.00
1487874975431 381 1 2 20.000 0.000 151692.16 709530.00
1487874975443 382 1 2 20.000 0.000 167747.82 610219.66
1487874975447 383 1 2 20.000 -0.484 181019.36 681837.69
1487874975457 384 1 2 20.000 0.000 194075.45 739530.00
1487874975461 385 1 2 20.000 -0.484 201294.71 681837.69
1487874975469 386 1 2 20.000 -0.484 217378.10 772138.70
1487874975478 387 1 2 20.000 0.000 229530.00 807711.82
1487874975487 388 1 2 20.000 -0.484 243051.13 889530.00
1487874975494 389 1 2 20.000 -0.484 239530.00 807711.82
1487874975502 390 1 2 20.000 0.000 254235.88 889530.00
1487874975510 391 1 2 20.000 0.000 254235.88 846672.86
1487874975515 392 1 2 20.000 0.000 258186.72 889530.00
1487874975529 393 1 2 20.000 0.000 266453.08 889530.00
1487874975539 394 1 2 20.000 0.000 275244.29 989530.00
1487874975544 395 1 2 20.000 0.000 279852.58 807711.82
1487874975550 396 1 2 20.000 0.000 279852.58 889530.00
1487874975560 397 1 2 20.000 0.000 284611.97 936898.42
1487874975564 398 1 2 20.000 0.000 284611.97 989530.00
1487874975571 399 1 2 20.000 0.000 294614.75 989530.00
1487874975588 400 1 2 20.000 0.000 294614.75 989530.00
1487874975593 401 1 2 20.000 0.000 289530.00 989530.00
1487874975599 402 1 2 20.000 0.000 299874.83 889530.00
1487874975607 403 1 2 20.000 0.000 289530.00 1114530.00
1487874975613 404 1 2 20.000 0.000 289530.00 989530.00
1487874975625 405 1 2 20.000 0.000 299874.83 1114530.00
1487874975637 406 1 2 20.000 0.000 316802.73 1048353.53
1487874975645 407 1 2 20.000 0.000 310958.57 1048353.53
1487874975650 408 1 2 20.000 0.000 316802.73 1048353.53
1487874975657 409 1 2 20.000 0.000 322863.33 1114530.00
1487874975664 410 1 2 20.000 0.000 335683.85 989530.00
1487874975672 411 1 2 20.000 -0.484 329152.64 1189530.00
1487874975685 412 1 2 20.000 0.000 329152.64 1048353.53
1487874975693 413 1 2 20.000 0.000 335683.85 1048353.53
1487874975701 414 1 2 20.000 0.000 342471.18 1114530.00
1487874975711 415 1 2 20.000 0.000 335683.85 1114530.00
1487874975715 416 1 2 20.000 0.000 329152.64 1048353.53
1487874975720 417 1 2 20.000 0.000 342471.18 1189530.00
1487874975729 418 1 2 20.000 0.000 335683.85 1114530.00
1487874975739 419 1 2 20.000 0.000 342471.18 1275244.29
1487874975750 420 1 2 20.000 0.000 342471.18 1275244.29
1487874975759 421 1 2 20.000 0.000 335683.85 1114530.00
1487874975763 422 1 2 20.000 0.000 342471.18 1189530.00
1487874975770 423 1 2 20.000 0.000 335683.85 1189530.00
1487874975778 424 1 2 20.000 0.000 335683.85 1275244.29
1487874975793 425 1 2 20.000 0.000 342471.18 1275244.29
1487874975802 426 1 2 20.000 0.000 329152.64 1189530.00
1487874975806 427 1 2 20.000 0.000 349530.00 1374145.38
1487874975814 428 1 2 20.000 0.000 316802.73 1189530.00
1487874975822 429 1 2 20.000 0.000 335683.85 1275244.29
1487874975827 430 1 2 20.000 0.000 342471.18 1374145.38
1487874975842 431 1 2 20.000 0.000 342471.18 1275244.29
1487874975853 432 1 2 20.000 0.000 349530.00 1189530.00
1487874975863 433 1 2 20.000 0.000 342471.18 1275244.29
1487874975873 434 1 2 20.000 0.000 335683.85 1189530.00
1487874975885 435 1 2 20.000 0.000 342471.18 1275244.29
1487874975891 436 1 2 20.000 0.000 342471.18 1275244.29
1487874975898 437 1 2 20.000 0.000 322863.33 1374145.38
1487874975906 438 1 2 20.000 0.000 329152.64 1275244.29
1487874975922 439 1 2 20.000 0.000 322863.33 1489530.00
1487874975929 440 1 2 20.000 0.000 322863.33 1374145.38
1487874975935 441 1 2 20.000 0.000 335683.85 1374145.38
1487874975943 442 1 2 20.000 0.000 335683.85 1374145.38
1487874975948 443 1 2 20.000 0.000 329152.64 1374145.38
1487874975959 444 1 2 20.000 0.000 329152.64 1374145.38
1487874975963 445 1 2 20.000 -0.484 316802.73 1275244.29
1487874975974 446 1 2 20.000 0.000 316802.73 1275244.29
1487874975984 447 1 2 20.000 0.000 322863.33 1275244.29
1487874975992 448 1 2 20.000 0.000 342471.18 1489530.00
1487874975999 449 1 2 20.000 0.000 322863.33 1374145.38
1487874976006 450 1 2 20.000 0.000 316802.73 1489530.00
1487874976014 451 1 2 20.000 0.000 322863.33 1275244.29
1487874976021 452 1 2 20.000 0.000 329152.64 1489530.00
1487874976035 453 1 2 20.000 0.000 329152.64 1374145.38
1487874976046 454 1 2 20.000 0.000 322863.33 1275244.29
1487874976050 455 1 2 20.000 0.000 322863.33 1489530.00
1487874976058 456 1 2 20.000 0.000 316802.73 1374145.38
1487874976066 457 1 2 20.000 0.000 316802.73 1374145.38
1487874976073 458 1 2 20.000 0.000 316802.73 1374145.38
1487874976080 459 1 2 20.000 -0.484 310958.57 1489530.00
1487874976091 460 1 2 20.000 0.000 316802.73 1489530.00
1487874976095 461 1 2 20.000 0.000 310958.57 1374145.38
1487874976109 462 1 2 20.000 0.000 310958.57 1275244.29
1487874976121 463 1 2 20.000 0.000 305319.47 1489530.00
1487874976129 464 1 2 20.000 0.000 310958.57 1489530.00
1487874976132 465 1 2 20.000 0.000 316802.73 1275244.29
1487874976142 466 1 2 20.000 0.000 310958.57 1489530.00
1487874976151 467 1 2 20.000 0.000 294614.75 1374145.38
1487874976155 468 1 2 20.000 0.000 310958.57 1489530.00
1487874976172 469 1 2 20.000 0.000 299874.83 1275244.29
1487874976178 470 1 2 20.000 0.000 299874.83 1374145.38
1487874976187 471 1 2 20.000 0.000 305319.47 1374145.38
1487874976191 472 1 2 20.000 0.000 294614.75 1374145.38
1487874976196 473 1 2 20.000 0.000 299874.83 1275244.29
1487874976203 474 1 2 20.000 0.000 299874.83 1489530.00
1487874976211 475 1 2 20.000 0.000 299874.83 1275244.29
1487874976227 476 1 2 20.000 0.000 305319.47 1374145.38
1487874976233 477 1 2 20.000 0.000 294614.75 1374145.38
1487874976240 478 1 2 20.000 0.000 299874.83 1275244.29
1487874976249 479 1 2 20.000 0.000 299874.83 1489530.00
1487874976255 480 2 2 20.000 0.000 294614.75 1374145.38
1487874976262 481 2 1 20.000 0.000 294614.75 1275244.29
1487874976268 482 2 1 20.000 0.000 299874.83 1275244.29
1487874976285 483 2 1 20.000 0.000 316802.73 1489530.00
1487874976291 484 2 1 20.000 0.000 289530.00 1275244.29
1487874976299 485 2 1 20.000 0.000 294614.75 1374145.38
1487874976306 486 2 1 20.000 0.000 299874.83 1275244.29
1487874976312 487 2 1 20.000 0.000 310958.57 1489530.00
1487874976321 488 2 1 20.000 0.000 299874.83 1275244.29
1487874976329 489 2 1 20.000 -0.484 294614.75 1374145.38
1487874976341 490 2 1 20.000 -0.484 284611.97 1374145.38
1487874976348 491 2 1 20.000 -0.484 289530.00 1189530.00
1487874976355 492 2 1 20.000 0.000 289530.00 1374145.38
1487874976365 493 2 1 20.000 -0.484 299874.83 1489530.00
1487874976369 494 2 1 20.000 14.997 289530.00 1489530.00
1487874976375 495 2 1 20.000 11.610 284611.97 1374145.38
1487874976388 496 2 1 20.000 0.000 294614.75 1374145.38
1487874976400 497 2 1 20.000 -0.484 275244.29 1374145.38
1487874976405 498 2 1 20.000 0.000 270780.00 1275244.29
1487874976412 499 2 1 20.000 -0.484 258186.72 1489530.00
1487874976420 500 2 1 20.000 -0.484 284611.97 2989530.00
1487874976425 501 2 1 20.000 0.000 294614.75 1374145.38
1487874976434 502 2 1 20.000 0.000 105659.03 123858.36
1487874976447 503 2 1 20.000 33.864 26339.82 32285.34
1487874976453 504 2 1 20.000 46.926 19430.33 22436.76
1487874976462 505 2 1 20.000 63.858 14120.16 19184.04
1487874976467 506 2 1 20.000 71.114 10631.99 14564.77
1487874976474 507 2 1 20.000 84.176 8699.33 11454.48
1487874976481 508 2 1 20.000 97.721 7916.11 10054.52
1487874976488 509 2 1 20.000 112.235 7404.88 8202.20
1487874976499 510 2 1 20.000 128.683 6289.78 7675.16
1487874976508 511 2 1 20.000 141.744 6074.12 7039.73
1487874976514 512 2 1 20.000 149.001 5687.99 6013.52
1487874976521 513 2 1 20.000 159.160 5501.61 8822.60
1487874976527 514 2 1 20.000 165.933 5250.52 8319.14
1487874976535 515 2 1 20.000 174.157 5033.88 5983.38
1487874976543 516 2 1 20.000 182.381 4862.20 4643.35
1487874976549 517 2 1 20.000 187.703 4745.55 5250.52
1487874976554 518 2 1 20.000 192.540 4592.76 4605.38
1487874976562 519 2 1 20.000 198.346 4430.66 4443.01
1487874976569 520 2 1 20.000 203.667 4357.02 4888.36
1487874976576 521 2 1 20.000 207.053 4259.95 4605.38
1487874976584 522 2 1 20.000 211.407 4164.15 4797.18
1487874976592 523 2 1 20.000 215.277 4104.90 4849.15
1487874976601 524 2 1 20.000 219.631 3999.45 4980.64
1487874976605 525 2 1 20.000 222.050 4022.75 4914.62
1487874976611 526 2 1 20.000 224.469 3907.00 5746.22
1487874976621 527 2 1 20.000 228.339 3861.21 4332.63
1487874976625 528 2 1 20.000 229.791 3827.06 4357.02
1487874976635 529 2 1 20.000 233.661 3759.25 4320.47
1487874976639 530 2 1 20.000 234.628 3759.25 4369.24
1487874976644 531 2 1 20.000 237.047 3703.23 4719.87
1487874976651 532 2 1 20.000 239.466 3658.73 4836.12
1487874976660 533 2 1 20.000 242.852 3625.54 5278.03
1487874976669 534 2 1 20.000 246.239 3581.52 5347.22
1487874976673 535 2 1 20.000 247.690 3559.62 6447.29
1487874976680 536 2 1 20.000 250.109 3516.01 6771.38
1487874976687 537 2 1 20.000 252.528 3505.16 4057.85
1487874976697 538 2 1 20.000 255.914 3461.89 7748.62
1487874976701 539 2 1 20.000 257.365 3418.89 6988.78
1487874976710 540 2 1 20.000 259.784 3418.89 7177.06
1487874976714 541 2 1 20.000 261.719 3376.15 6721.98
1487874976720 542 2 1 20.000 264.138 3354.88 7108.12
1487874976728 543 2 1 20.000 266.073 3333.68 5673.50
1487874976734 544 2 1 20.000 267.525 3312.54 8437.56
1487874976742 545 2 1 20.000 268.976 3291.47 6954.98
1487874976750 546 2 1 20.000 270.427 3270.46 7693.47
1487874976755 547 2 1 20.000 270.911 3270.46 8947.48
1487874976765 548 2 1 20.000 272.362 3228.63 6527.17
1487874976769 549 2 1 20.000 272.846 3228.63 4849.15
1487874976779 550 2 1 20.000 274.297 3197.43 5100.93
1487874976791 551 2 1 20.000 276.232 3187.06 5746.22
1487874976801 552 2 1 20.000 277.200 3166.36 3964.64
1487874976808 553 2 1 20.000 278.167 3135.44 7476.16
1487874976823 554 2 1 20.000 279.135 3114.91 4810.14
1487874976836 555 2 1 20.000 280.103 3114.91 3941.53
1487874976843 556 2 1 20.000 281.070 3094.43 4308.33
1487874976849 557 2 1 20.000 281.554 3094.43 7022.71
1487874976861 558 2 1 20.000 282.521 3084.22 6399.73
1487874976873 559 2 1 20.000 283.489 3063.83 6871.04
1487874976877 560 2 1 20.000 283.489 3053.67 8067.59
1487874976892 561 2 1 20.000 284.456 3033.38 10558.04
1487874976901 562 2 1 20.000 284.456 3013.15 10363.33
1487874976907 563 2 1 20.000 284.456 3043.51 9800.27
1487874976921 564 2 1 20.000 285.908 3023.25 10007.82
1487874976932 565 2 1 20.000 286.875 3033.38 9754.72
1487874976937 566 2 1 20.000 286.875 2982.91 9709.37
1487874976948 567 2 1 20.000 287.843 2982.91 11321.77
1487874976959 568 2 1 20.000 288.810 2972.87 11779.69
1487874976968 569 2 1 20.000 288.810 2962.84 11534.89
1487874976980 570 2 1 20.000 288.810 2952.82 9116.51
1487874976991 571 2 1 20.000 288.810 2962.84 8280.00
1487874976996 572 2 1 20.000 289.294 2942.82 7108.12
1487874977008 573 2 1 20.000 289.778 2942.82 6119.86
1487874977017 574 2 1 20.000 289.294 2942.82 5630.18
1487874977026 575 2 1 20.000 289.294 2932.83 5459.20
1487874977033 576 2 1 20.000 289.294 2942.82 5501.61
1487874977044 577 2 1 20.000 288.810 2932.83 5572.78
1487874977057 578 2 1 20.000 288.810 2912.90 6043.76
1487874977060 579 2 1 20.000 288.810 2912.90 6243.09
1487874977064 580 2 1 20.000 288.810 2922.86 6640.27
1487874977079 581 2 1 20.000 288.327 2912.90 7125.31
1487874977090 582 2 1 20.000 288.327 2922.86 7566.07
1487874977094 583 2 1 20.000 288.327 2912.90 8241.02
1487874977103 584 2 1 20.000 288.327 2902.96 9823.12
1487874977106 585 2 1 20.000 288.327 2902.96 11321.77
1487874977113 586 2 1 20.000 288.327 2912.90 12114.69
1487874977121 587 2 1 20.000 288.327 2902.96 12401.66
1487874977133 588 2 1 20.000 288.327 2912.90 10411.67
1487874977142 589 2 1 20.000 287.843 2893.03 8202.20
1487874977150 590 2 1 20.000 287.843 2893.03 9507.80
1487874977158 591 2 1 20.000 287.843 2902.96 10831.78
1487874977166 592 2 1 20.000 288.327 2883.12 9915.05
1487874977172 593 2 1 20.000 287.843 2893.03 10031.14
1487874977180 594 2 1 20.000 287.843 2883.12 13498.04
1487874977193 595 2 1 20.000 287.843 2873.22 12200.03
1487874977198 596 2 1 20.000 287.843 2873.22 13854.32
1487874977211 597 2 1 20.000 287.843 2873.22 10267.33
1487874977219 598 2 1 20.000 287.843 2883.12 9310.22
1487874977226 599 2 1 20.000 287.843 2883.12 8843.30
1487874977231 600 2 1 20.000 287.359 2873.22 8358.45
1487874977248 601 2 1 20.000 287.843 2863.33 7767.08
1487874977252 602 2 1 20.000 287.843 2863.33 7440.45
1487874977264 603 2 1 20.000 287.359 2863.33 7022.71
1487874977267 604 2 2 20.000 287.359 2863.33 6971.86
1487874977277 605 2 2 20.000 287.359 2853.46 6640.27
1487874977281 606 2 2 20.000 287.843 2863.33 6689.20
1487874977289 607 2 2 20.000 286.875 2863.33 6527.17
1487874977295 608 2 2 20.000 286.875 2853.46 6591.61
1487874977301 609 2 2 20.000 280.103 2853.46 6837.69
1487874977307 610 2 2 20.000 265.106 3074.02 7822.68
1487874977323 611 2 2 20.000 205.602 3187.06 11862.51
1487874977331 612 2 2 20.000 177.060 4455.37 4128.54
1487874977339 613 2 2 20.000 148.033 3647.65 5804.86
1487874977349 614 2 2 20.000 114.653 4719.87 21053.64
1487874977353 615 2 2 20.000 103.527 4810.14 14323.39
1487874977361 616 2 2 20.000 78.854 5487.45 11009.71
1487874977366 617 2 2 20.000 65.793 6871.04 11561.82
1487874977379 618 2 2 20.000 35.315 9331.98 19038.20
1487874977392 619 2 2 20.000 8.708 13339.52 22618.24
1487874977396 620 2 2 20.000 1.935 16885.62 30719.93
1487874977402 621 2 2 20.000 0.000 25458.14 62404.49
1487874977410 622 2 2 20.000 -0.484 37023.40 134691.29
1487874977416 623 2 2 20.000 -0.484 60958.57 305319.47
1487874977424 624 2 2 20.000 0.000 93576.24 451068.46
1487874977437 625 2 2 20.000 -0.484 125893.64 632387.14
1487874977446 626 2 2 20.000 -0.484 156196.67 681837.69
1487874977456 627 2 2 20.000 -0.484 164287.28 709530.00
1487874977461 628 2 2 20.000 0.000 185182.17 681837.69
1487874977469 629 2 2 20.000 0.000 191777.19 656196.67
1487874977475 630 2 2 20.000 0.000 201294.71 681837.69
1487874977483 631 2 2 20.000 -0.484 229530.00 807711.82
1487874977497 632 2 2 20.000 0.000 236105.34 846672.86
1487874977505 633 2 2 20.000 -0.484 236105.34 889530.00
1487874977512 634 2 2 20.000 0.000 239530.00 772138.70
1487874977521 635 2 2 20.000 0.000 254235.88 772138.70
1487874977525 636 2 2 20.000 0.000 250399.57 846672.86
1487874977531 637 2 2 20.000 0.000 258186.72 936898.42
1487874977539 638 2 2 20.000 -0.484 258186.72 846672.86
1487874977553 639 2 2 20.000 0.000 275244.29 889530.00
1487874977564 640 2 2 20.000 0.000 284611.97 846672.86
1487874977568 641 2 2 20.000 0.000 279852.58 936898.42
1487874977575 642 2 2 20.000 0.000 284611.97 846672.86
1487874977582 643 2 2 20.000 0.000 299874.83 989530.00
1487874977588 644 2 2 20.000 0.000 289530.00 936898.42
1487874977596 645 2 2 20.000 0.000 289530.00 936898.42
1487874977602 646 2 2 20.000 0.000 299874.83 1048353.53
1487874977618 647 2 2 20.000 -0.484 294614.75 1048353.53
1487874977627 648 2 2 20.000 0.000 305319.47 989530.00
1487874977631 649 2 2 20.000 0.000 299874.83 989530.00
1487874977640 650 2 2 20.000 0.000 305319.47 1048353.53
1487874977651 651 2 2 20.000 0.000 310958.57 1048353.53
1487874977666 652 2 2 20.000 0.000 310958.57 989530.00
1487874977670 653 2 2 20.000 0.000 305319.47 1114530.00
1487874977682 654 2 2 20.000 0.000 322863.33 1048353.53
1487874977697 655 2 2 20.000 0.000 316802.73 1048353.53
1487874977701 656 2 2 20.000 0.000 329152.64 1114530.00
1487874977717 657 2 2 20.000 0.000 342471.18 1048353.53
1487874977730 658 2 2 20.000 0.000 349530.00 1189530.00
1487874977742 659 2 2 20.000 0.000 356876.94 1275244.29
1487874977752 660 2 2 20.000 0.000 349530.00 1275244.29
1487874977757 661 2 2 20.000 0.000 335683.85 1189530.00
1487874977766 662 2 2 20.000 0.000 342471.18 1189530.00
1487874977777 663 2 2 20.000 0.000 342471.18 1189530.00
1487874977785 664 2 2 20.000 0.000 335683.85 1189530.00
1487874977795 665 2 2 20.000 0.000 349530.00 1114530.00
1487874977801 666 2 2 20.000 0.000 342471.18 1275244.29
1487874977808 667 2 2 20.000 0.000 342471.18 1275244.29
1487874977815 668 2 2 20.000 0.000 335683.85 1275244.29
1487874977822 669 2 2 20.000 0.000 349530.00 1275244.29
1487874977829 670 2 2 20.000 0.000 349530.00 1275244.29
1487874977844 671 2 2 20.000 0.000 342471.18 1275244.29
1487874977853 672 2 2 20.000 0.000 349530.00 1275244.29
1487874977857 673 2 2 20.000 0.000 335683.85 1374145.38
1487874977865 674 2 2 20.000 0.000 335683.85 1275244.29
1487874977875 675 2 2 20.000 0.000 329152.64 1275244.29
1487874977879 676 2 2 20.000 0.000 342471.18 1275244.29
1487874977885 677 2 2 20.000 0.000 349530.00 1275244.29
1487874977892 678 2 2 20.000 0.000 342471.18 1489530.00
1487874977908 679 2 2 20.000 0.000 342471.18 1374145.38
1487874977916 680 2 2 20.000 0.000 342471.18 1275244.29
1487874977926 681 2 2 20.000 0.000 335683.85 1489530.00
1487874977930 682 2 2 20.000 0.000 335683.85 1374145.38
1487874977936 683 2 2 20.000 0.000 335683.85 1625893.64
1487874977943 684 2 2 20.000 0.000 329152.64 1489530.00
1487874977954 685 2 2 20.000 0.000 335683.85 1489530.00
1487874977967 686 2 2 20.000 0.000 342471.18 1374145.38
1487874977972 687 2 2 20.000 0.000 342471.18 1374145.38
1487874977982 688 2 2 20.000 0.000 329152.64 1489530.00
1487874977986 689 2 2 20.000 0.000 342471.18 1625893.64
1487874977998 690 2 2 20.000 0.000 322863.33 1374145.38
1487874978002 691 2 2 20.000 0.000 335683.85 1275244.29
1487874978015 692 2 2 20.000 0.000 322863.33 1625893.64
1487874978026 693 2 2 20.000 0.000 329152.64 1489530.00
1487874978033 694 2 2 20.000 0.000 322863.33 1489530.00
1487874978045 695 2 2 20.000 0.000 329152.64 1374145.38
1487874978049 696 2 2 20.000 0.000 329152.64 1489530.00
1487874978057 697 2 2 20.000 0.000 322863.33 1489530.00
1487874978066 698 2 2 20.000 0.000 322863.33 1374145.38
1487874978072 699 2 2 20.000 0.000 329152.64 1489530.00
1487874978079 700 2 2 20.000 0.000 322863.33 1374145.38
1487874978090 701 2 2 20.000 0.000 310958.57 1374145.38
1487874978102 702 2 2 20.000 0.000 322863.33 1489530.00
1487874978108 703 2 2 20.000 0.000 322863.33 1489530.00
1487874978115 704 2 2 20.000 0.000 316802.73 1489530.00
1487874978123 705 2 2 20.000 0.000 329152.64 1374145.38
1487874978129 706 2 2 20.000 0.000 316802.73 1625893.64
1487874978139 707 2 2 20.000 0.000 329152.64 1625893.64
1487874978152 708 2 2 20.000 0.000 329152.64 1374145.38
1487874978158 709 2 2 20.000 0.000 322863.33 1374145.38
1487874978163 710 2 2 20.000 0.000 316802.73 1625893.64
1487874978172 711 2 2 20.000 0.000 316802.73 1489530.00
1487874978177 712 2 2 20.000 0.000 322863.33 1489530.00
1487874978186 713 2 2 20.000 0.000 316802.73 1625893.64
1487874978191 714 2 2 20.000 0.000 316802.73 1489530.00
1487874978199 715 2 2 20.000 0.000 322863.33 1489530.00
1487874978213 716 2 2 20.000 0.000 310958.57 1489530.00
1487874978222 717 2 2 20.000 0.000 342471.18 1374145.38
1487874978228 718 2 2 20.000 0.000 305319.47 1374145.38
1487874978235 719 2 2 20.000 0.000 310958.57 1625893.64
1487874978242 720 2 2 20.000 0.000 316802.73 1374145.38
1487874978249 721 2 2 20.000 -0.484 316802.73 1489530.00
1487874978256 722 2 2 20.000 0.000 310958.57 1489530.00
1487874978270 723 3 2 20.000 0.000 310958.57 1374145.38
