Time	Data_Count	Cycle	State	Desired_force_(psi)	Measured_force_(psi)	Toe_sensor	Heel_Sensor																			
1479848724938.00	0	0	0	196	0	299874.83	889530																			
1479848724989.00	1	0	1	196	0	299874.83	889530																			
1479848725017.00	2	0	1	196	0	299874.83	889530																			
1479848725042.00	3	0	1	196	0	294614.75	889530																			
1479848725065.00	4	0	1	196	0	294614.75	889530																			
1479848725083.00	5	0	1	196	0	299874.83	846672.86																			
1479848725108.00	6	0	1	196	0	299874.83	889530																			
1479848725130.00	7	0	1	196	0	299874.83	889530																			
1479848725155.00	8	0	1	196	0	299874.83	846672.86																			
1479848725180.00	9	0	1	196	0	299874.83	889530																			
1479848725206.00	10	0	1	196	0	299874.83	889530																			
1479848725217.00	11	0	1	196	0	299874.83	936898.42																			
1479848725232.00	12	0	1	196	0	299874.83	936898.42																			
1479848725249.00	13	0	1	196	0	294614.75	889530																			
1479848725266.00	14	0	1	196	0	299874.83	889530																			
1479848725280.00	15	0	1	196	0	299874.83	846672.86																			
1479848725295.00	16	0	1	196	0	299874.83	936898.42																			
1479848725307.00	17	0	1	196	0	299874.83	936898.42																			
1479848725325.00	18	0	1	196	0	299874.83	846672.86																			
1479848725342.00	19	0	1	196	0	294614.75	989530																			
1479848725360.00	20	0	1	196	0	294614.75	889530																			
1479848725377.00	21	0	1	196	0	284611.97	889530																			
1479848725391.00	22	0	1	196	0	299874.83	846672.86																			
1479848725407.00	23	0	1	196	0	305319.47	936898.42																			
1479848725420.00	24	0	1	196	0	289530	846672.86																			
1479848725438.00	25	0	1	196	0	294614.75	846672.86																			
1479848725448.00	26	0	1	196	0	299874.83	846672.86																			
1479848725467.00	27	0	1	196	0.484	305319.47	846672.86																			
1479848725479.00	28	0	1	196	0	299874.83	889530																			
1479848725489.00	29	0	1	196	0	299874.83	889530																			
1479848725499.00	30	0	1	196	0	294614.75	889530																			
1479848725515.00	31	0	1	196	0	294614.75	846672.86																			
1479848725530.00	32	0	1	196	0	299874.83	889530																			
1479848725540.00	33	0	1	196	0	299874.83	936898.42																			
1479848725551.00	34	0	1	196	0	305319.47	936898.42																			
1479848725571.00	35	0	1	196	0	299874.83	936898.42																			
1479848725583.00	36	0	1	196	0	305319.47	936898.42																			
1479848725592.00	37	0	1	196	0	299874.83	889530																			
1479848725603.00	38	0	1	196	0	299874.83	889530																			
1479848725614.00	39	0	1	196	0	305319.47	936898.42																			
1479848725633.00	40	0	1	196	0	294614.75	846672.86																			
1479848725644.00	41	0	1	196	0	294614.75	889530																			
1479848725655.00	42	0	1	196	0	299874.83	889530																			
1479848725664.00	43	0	1	196	0	299874.83	889530																			
1479848725684.00	44	0	1	196	0.484	299874.83	846672.86																			
1479848725697.00	45	0	1	196	0	299874.83	889530																			
1479848725707.00	46	0	1	196	0	299874.83	846672.86																			
1479848725719.00	47	0	1	196	0	289530	889530																			
1479848725735.00	48	0	1	196	0	299874.83	889530																			
1479848725750.00	49	0	1	196	0	299874.83	846672.86																			
1479848725760.00	50	0	1	196	0	299874.83	846672.86																			oi8
1479848725772.00	51	0	1	196	0	294614.75	936898.42																			
1479848725789.00	52	0	1	196	0	289530	889530																			
1479848725797.00	53	0	1	196	0	299874.83	889530																			
1479848725812.00	54	0	1	196	0	294614.75	889530																			
1479848725822.00	55	0	1	196	0	289530	889530																			
1479848725833.00	56	0	1	196	0	294614.75	846672.86																			
1479848725852.00	57	0	1	196	0	299874.83	889530																			
1479848725868.00	58	0	1	196	0	294614.75	889530																			
1479848725877.00	59	0	1	196	0	299874.83	889530																			
1479848725889.00	60	0	1	196	0	294614.75	846672.86																			
1479848725910.00	61	0	1	196	0	294614.75	889530																			
1479848725922.00	62	0	1	196	0	294614.75	846672.86																			
1479848725932.00	63	0	1	196	0	294614.75	936898.42																			
1479848725950.00	64	0	1	196	0	299874.83	889530																			
1479848725965.00	65	0	1	196	0	299874.83	889530																			
1479848725975.00	66	0	2	196	0	294614.75	889530																			
1479848725985.00	67	0	2	196	0	284611.97	846672.86																			
1479848726000.00	68	0	2	196	0	305319.47	889530																			
1479848726017.00	69	0	2	196	0	299874.83	936898.42																			
1479848726028.00	70	0	2	196	0	289530	846672.86																			
1479848726038.00	71	0	2	196	0	299874.83	889530																			
1479848726058.00	72	0	2	196	0	294614.75	889530																			
1479848726073.00	73	0	2	196	0	299874.83	936898.42																			
1479848726083.00	74	0	2	196	0	289530	846672.86																			
1479848726094.00	75	0	2	196	0	299874.83	889530																			
1479848726110.00	76	0	2	196	0	299874.83	936898.42																			
1479848726123.00	77	0	2	196	0	305319.47	889530																			
1479848726135.00	78	0	2	196	0	289530	846672.86																			
1479848726147.00	79	0	2	196	0	289530	846672.86																			
1479848726162.00	80	0	2	196	0	294614.75	989530																			
1479848726177.00	81	0	2	196	0	294614.75	846672.86																			
1479848726188.00	82	0	2	196	0	289530	846672.86																			
1479848726198.00	83	0	2	196	0	289530	889530																			
1479848726213.00	84	0	2	196	0	305319.47	889530																			
1479848726229.00	85	0	2	196	0	299874.83	889530																			
1479848726241.00	86	0	2	196	0	299874.83	936898.42																			
1479848726251.00	87	0	2	196	0	299874.83	846672.86																			
1479848726262.00	88	0	2	196	0	294614.75	846672.86																			
1479848726278.00	89	0	2	196	0	294614.75	846672.86																			
1479848726293.00	90	0	2	196	0	289530	936898.42																			
1479848726303.00	91	0	2	196	0	299874.83	889530																			
1479848726313.00	92	0	2	196	0	289530	889530																			
1479848726330.00	93	0	2	196	0	299874.83	889530																			
1479848726344.00	94	0	2	196	0	289530	846672.86																			
1479848726355.00	95	0	2	196	0	289530	889530																			
1479848726366.00	96	0	2	196	0.484	289530	889530																			
1479848726376.00	97	0	2	196	0	299874.83	936898.42																			
1479848726393.00	98	0	2	196	0.484	289530	889530																			
1479848726406.00	99	0	2	196	0	294614.75	989530																			
1479848726417.00	100	0	2	196	0	299874.83	846672.86																			
1479848726428.00	101	0	2	196	0	299874.83	936898.42																			
1479848726446.00	102	0	2	196	0	294614.75	846672.86																			
1479848726460.00	103	0	2	196	0	299874.83	846672.86																			
1479848726471.00	104	0	2	196	0	294614.75	889530																			
1479848726482.00	105	1	2	196	0	294614.75	846672.86																			
1479848726495.00	106	1	1	196	0	305319.47	889530																			
1479848726513.00	107	1	1	196	0	299874.83	889530																			
1479848726524.00	108	1	1	196	0	294614.75	889530																			
1479848726533.00	109	1	1	196	0.484	299874.83	889530																			
1479848726545.00	110	1	1	196	0	299874.83	889530																			
1479848726555.00	111	1	1	196	0	299874.83	846672.86																			
1479848726565.00	112	1	1	196	-0.484	310958.57	889530																			
1479848726576.00	113	1	1	196	-0.484	316802.73	936898.42																			
1479848726585.00	114	1	1	196	0	316802.73	936898.42																			
1479848726596.00	115	1	1	196	0	310958.57	989530																			
1479848726607.00	116	1	1	196	16.932	322863.33	889530																			
1479848726619.00	117	1	1	196	15.481	322863.33	846672.86																			
1479848726629.00	118	1	1	196	0	316802.73	936898.42																			
1479848726641.00	119	1	1	196	-0.484	310958.57	989530																			
1479848726649.00	120	1	1	196	-0.484	305319.47	989530																			
1479848726661.00	121	1	1	196	-0.484	316802.73	989530																			
1479848726671.00	122	1	1	196	0	305319.47	936898.42																			
1479848726682.00	123	1	1	196	-0.484	305319.47	846672.86																			
1479848726692.00	124	1	1	196	-0.484	294614.75	889530																			
1479848726702.00	125	1	1	196	-0.484	294614.75	936898.42																			
1479848726713.00	126	1	1	196	0	305319.47	889530																			
1479848726725.00	127	1	1	196	0	305319.47	889530																			
1479848726735.00	128	1	1	196	-0.484	299874.83	846672.86																			
1479848726747.00	129	1	1	196	0	305319.47	936898.42																			
1479848726764.00	130	1	1	196	0	305319.47	936898.42																			
1479848726775.00	131	1	1	196	0	299874.83	846672.86																			
1479848726785.00	132	1	1	196	-0.484	299874.83	936898.42																			
1479848726794.00	133	1	1	196	0	310958.57	889530																			
1479848726804.00	134	1	1	196	0	250399.57	989530																			
1479848726824.00	135	1	1	196	1.451	81837.69	18330																			
1479848726840.00	136	1	1	196	77.887	21444.89	11724.82																			
1479848726854.00	137	1	1	196	127.231	11086.89	18989.9																			
1479848726872.00	138	1	1	196	191.573	8926.55	21615.56																			
1479848726889.00	139	1	1	196	238.015	7229.12	19282.07																			
1479848726905.00	140	1	1	196	280.103	6289.78	936898.42																			
1479848726919.00	141	1	1	196	312.515	5601.43	8989530																			
1479848726933.00	142	1	1	196	341.541	5060.63	17989530																			
1479848726952.00	143	1	1	196	373.954	4567.59	8989530																			
1479848726967.00	144	1	1	196	397.659	4284.1	17989530																			
1479848726983.00	145	1	1	196	417.009	3976.23	17989530																			
1479848727000.00	146	1	1	196	434.909	3781.78	8989530																			
1479848727018.00	147	1	1	196	449.422	3669.83	17989530																			
1479848727038.00	148	1	1	196	462	3548.69	8989530																			
1479848727053.00	149	1	1	196	469.256	3429.61	inf																			
1479848727071.00	150	1	1	196	476.513	3344.27	5989530																			
1479848727087.00	151	1	1	196	480.867	3259.98	5989530																			
1479848727103.00	152	1	1	196	484.737	3218.21	772138.7																			
1479848727120.00	153	1	1	196	486.672	3176.7	294614.75																			
1479848727134.00	154	1	1	196	488.607	3166.36	1275244.29																			
1479848727164.00	155	1	1	196	490.058	3145.73	2239530																			
1479848727184.00	156	1	1	196	490.058	3114.91	1048353.53																			
1479848727203.00	157	1	1	196	490.542	3074.02	38576.32																			
1479848727229.00	158	1	1	196	489.575	3043.51	84266.84																			
1479848727239.00	159	1	1	196	489.575	3023.25	24346.25																			
1479848727248.00	160	1	1	196	489.575	3013.15	21845.98																			
1479848727264.00	161	1	1	196	489.091	2992.98	20142.24																			
1479848727275.00	162	1	1	196	489.091	2972.87	19086.65																			
1479848727293.00	163	1	1	196	488.607	2972.87	12228.61																			
1479848727309.00	164	1	1	196	488.123	2972.87	28073.9																			
1479848727329.00	165	1	1	196	488.123	2952.82	22925.18																			
1479848727346.00	166	1	1	196	487.64	2952.82	30253.98																			
1479848727362.00	167	1	1	196	487.156	2942.82	38178.65																			
1479848727377.00	168	1	1	196	487.156	2952.82	24279.03																			
1479848727399.00	169	1	1	196	486.672	2942.82	15317.97																			
1479848727408.00	170	1	1	196	486.672	2942.82	11779.69																			
1479848727420.00	171	1	1	196	486.188	2922.86	10781.48																			
1479848727432.00	172	1	1	196	486.188	2932.83	10007.82																			
1479848727446.00	173	1	1	196	486.188	2932.83	11321.77																			
1479848727463.00	174	1	1	196	486.188	2942.82	16039.57																			
1479848727477.00	175	1	1	196	486.188	2932.83	12725.88																			
1479848727490.00	176	1	1	196	485.705	2912.9	12372.64																			
1479848727502.00	177	1	1	196	486.188	2922.86	15654.82																			
1479848727512.00	178	1	2	196	485.705	2912.9	10460.23																			
1479848727522.00	179	1	2	196	485.705	2902.96	12314.81																			
1479848727537.00	180	1	2	196	484.737	2902.96	10387.47																			
1479848727551.00	181	1	2	196	459.581	2982.91	26041.16																			
1479848727565.00	182	1	2	196	370.084	3408.18	17264.98																			
1479848727576.00	183	1	2	196	295.099	3964.64	60676.25																			
1479848727590.00	184	1	2	196	204.635	5473.31	17989530																			
1479848727609.00	185	1	2	196	100.624	7299	40812.05																			
1479848727620.00	186	1	2	196	54.182	9984.55	17480.31																			
1479848727629.00	187	1	2	196	20.318	19782.1	73642.15																			
1479848727649.00	188	1	2	196	-0.484	53586.94	175097.01																			
1479848727663.00	189	1	2	196	0	104179.68	310958.57																			
1479848727672.00	190	1	2	196	0	120916.86	463214.21																			
1479848727682.00	191	1	2	196	0	175097.01	2560958.57																			
1479848727705.00	192	1	2	196	0	223296.23	1275244.29																			
1479848727715.00	193	1	2	196	-0.484	262257.27	989530																			
1479848727727.00	194	1	2	196	0	284611.97	1048353.53																			
1479848727741.00	195	1	2	196	-0.484	322863.33	1114530																			
1479848727758.00	196	1	2	196	-0.484	342471.18	1374145.38																			
1479848727768.00	197	1	2	196	0	356876.94	1374145.38																			
1479848727778.00	198	1	2	196	-0.484	372508.72	1275244.29																			
1479848727799.00	199	1	2	196	-0.484	398620.91	1374145.38																			
1479848727811.00	200	1	2	196	-0.484	398620.91	1374145.38																			
1479848727822.00	201	1	2	196	0	398620.91	1489530																			
1479848727842.00	202	1	2	196	0	408134.65	1489530																			
1479848727858.00	203	1	2	196	0	428554.39	1489530																			
1479848727868.00	204	1	2	196	-0.484	463214.21	1275244.29																			
1479848727877.00	205	1	2	196	0	463214.21	1489530																			
1479848727897.00	206	1	2	196	-0.484	489530	1275244.29																			
1479848727909.00	207	1	2	196	0	463214.21	1374145.38																			
1479848727918.00	208	1	2	196	0	489530	1374145.38																			
1479848727936.00	209	1	2	196	0	489530	1189530																			
1479848727956.00	210	1	2	196	0	463214.21	1489530																			
1479848727963.00	211	1	2	196	0	463214.21	1489530																			
1479848727979.00	212	1	2	196	0	451068.46	1374145.38																			
1479848727996.00	213	1	2	196	0	428554.39	1489530																			
1479848728002.00	214	1	2	196	0	428554.39	1625893.64																			
1479848728014.00	215	2	2	196	0	418101.43	1625893.64																			
1479848728034.00	216	2	1	196	0	408134.65	1489530																			
1479848728045.00	217	2	1	196	0	398620.91	1625893.64																			
1479848728057.00	218	2	1	196	0	408134.65	1489530																			
1479848728073.00	219	2	1	196	0	408134.65	1489530																			
1479848728086.00	220	2	1	196	0	408134.65	1374145.38																			
1479848728098.00	221	2	1	196	-0.484	398620.91	1275244.29																			
1479848728108.00	222	2	1	196	0	408134.65	1625893.64																			
1479848728118.00	223	2	1	196	-0.484	398620.91	1625893.64																			
1479848728135.00	224	2	1	196	-0.484	389530	1374145.38																			
1479848728148.00	225	2	1	196	11.127	398620.91	1275244.29																			
1479848728161.00	226	2	1	196	-0.484	380834.35	1625893.64																			
1479848728177.00	227	2	1	196	-0.484	372508.72	1489530																			
1479848728190.00	228	2	1	196	0	380834.35	1489530																			
1479848728200.00	229	2	1	196	-0.484	372508.72	1625893.64																			
1479848728211.00	230	2	1	196	-0.484	372508.72	1489530																			
1479848728223.00	231	2	1	196	-0.484	372508.72	1489530																			
1479848728235.00	232	2	1	196	-0.484	364530	1489530																			
1479848728245.00	233	2	1	196	-0.484	372508.72	1489530																			
1479848728254.00	234	2	1	196	-0.484	380834.35	1489530																			
1479848728265.00	235	2	1	196	0	372508.72	1625893.64																			
1479848728274.00	236	2	1	196	0	372508.72	1625893.64																			
1479848728284.00	237	2	1	196	-0.484	372508.72	1625893.64																			
1479848728296.00	238	2	1	196	-0.484	372508.72	1989530																			
1479848728305.00	239	2	1	196	-0.484	372508.72	1989530																			
1479848728315.00	240	2	1	196	-0.484	380834.35	2989530																			
1479848728326.00	241	2	1	196	-0.484	372508.72	inf																			
1479848728336.00	242	2	1	196	-0.484	177030	72863.33																			
1479848728348.00	243	2	1	196	51.28	43101.43	18376.15																			
1479848728360.00	244	2	1	196	75.952	21558.47	9116.51																			
1479848728371.00	245	2	1	196	117.072	12459.94	5601.43																			
1479848728381.00	246	2	1	196	151.904	9619.29	15961.72																			
1479848728393.00	247	2	1	196	192.54	8086.7	6479.15																			
1479848728404.00	248	2	1	196	225.437	7108.12	2697.52																			
1479848728422.00	249	2	1	196	275.749	5953.36	8989530																			
1479848728432.00	250	2	1	196	297.035	5487.45	inf																			
1479848728442.00	251	2	1	196	319.288	5114.42	5989530																			
1479848728452.00	252	2	1	196	339.122	4849.15	8989530																			
1479848728465.00	253	2	1	196	363.311	4357.02	17989530																			
1479848728481.00	254	2	1	196	387.983	4081.33	8989530																			
1479848728496.00	255	2	1	196	407.818	3861.21	17989530																			
1479848728512.00	256	2	1	196	425.717	3658.73	8989530																			
1479848728527.00	257	2	1	196	439.746	3559.62	17989530																			
1479848728543.00	258	2	1	196	451.357	3376.15	17989530																			
1479848728557.00	259	2	1	196	459.581	3291.47	17989530																			
1479848728573.00	260	2	1	196	466.838	3228.63	17989530																			
1479848728591.00	261	2	1	196	473.127	3166.36	8989530																			
1479848728606.00	262	2	1	196	476.513	3084.22	inf																			
1479848728621.00	263	2	1	196	479.416	3063.83	8989530																			
1479848728635.00	264	2	1	196	480.867	3013.15	43422.22																			
1479848728654.00	265	2	1	196	482.802	2962.84	29798.46																			
1479848728668.00	266	2	1	196	483.77	2942.82	7897.35																			
1479848728686.00	267	2	1	196	484.737	2942.82	16157.22																			
1479848728698.00	268	2	1	196	484.253	2932.83	7056.78																			
1479848728717.00	269	2	1	196	484.253	2922.86	7730.2																			
1479848728730.00	270	2	1	196	484.253	2893.03	19986.85																			
1479848728747.00	271	2	1	196	484.253	2873.22	7177.06																			
1479848728759.00	272	2	1	196	483.77	2863.33	6656.55																			
1479848728774.00	273	2	1	196	483.286	2863.33	7005.73																			
1479848728791.00	274	2	1	196	483.286	2843.61	15730.87																			
1479848728810.00	275	2	1	196	482.802	2833.77	10124.97																			
1479848728820.00	276	2	1	196	482.802	2833.77	14810.9																			
1479848728830.00	277	2	1	196	482.318	2823.94	8067.59																			
1479848728844.00	278	2	1	196	482.318	2814.13	7022.71																			
1479848728856.00	279	2	1	196	482.318	2794.55	7125.31																			
1479848728866.00	280	2	1	196	482.318	2794.55	7748.62																			
1479848728877.00	281	2	1	196	481.351	2804.34	14989.69																			
1479848728890.00	282	2	1	196	481.351	2784.79	6028.63																			
1479848728904.00	283	2	1	196	481.351	2784.79	4199.93																			
1479848728924.00	284	2	1	196	481.351	2784.79	5250.52																			
1479848728940.00	285	2	1	196	480.867	2775.03	3270.46																			
1479848728957.00	286	2	1	196	480.867	2775.03	5389.03																			
1479848728976.00	287	2	1	196	481.351	2765.29	4284.1																			
1479848728993.00	288	2	1	196	480.867	2765.29	5601.43																			
1479848729012.00	289	2	1	196	480.867	2745.86	3408.18																			
1479848729026.00	290	2	1	196	480.867	2755.57	3669.83																			
1479848729043.00	291	2	1	196	480.867	2736.16	4128.54																			
1479848729057.00	292	2	2	196	480.867	2745.86	4176.05																			
1479848729077.00	293	2	2	196	480.867	2736.16	5141.45																			
1479848729092.00	294	2	2	196	477.964	2726.48	7142.52																			
1479848729102.00	295	2	2	196	428.62	2853.46	8760.77																			
1479848729112.00	296	2	2	196	362.827	3187.06	2833.77																			
1479848729120.00	297	2	2	196	306.71	3680.94	3669.83																			
1479848729131.00	298	2	2	196	233.661	4259.95	8358.45																			
1479848729149.00	299	2	2	196	131.585	6415.55	3589530																			
1479848729167.00	300	2	2	196	50.312	9441.5	15392.07																			
1479848729176.00	301	2	2	196	16.932	16355.63	18989.9																			
1479848729195.00	302	2	2	196	0	44241.25	124868.35																			
1479848729204.00	303	2	2	196	0	96672.86	289530																			
1479848729217.00	304	2	2	196	-0.484	112817.67	451068.46																			
1479848729225.00	305	2	2	196	-0.484	150244.29	570175.16																			
1479848729243.00	306	2	2	196	-0.484	196426.55	889530																			
1479848729255.00	307	2	2	196	-0.484	239530	989530																			
1479848729268.00	308	2	2	196	-0.484	270780	1489530																			
1479848729278.00	309	2	2	196	0	289530	1275244.29																			
1479848729293.00	310	2	2	196	-0.484	316802.73	1374145.38																			
1479848729309.00	311	2	2	196	-0.484	342471.18	1625893.64																			
1479848729321.00	312	2	2	196	0	349530	1374145.38																			
1479848729331.00	313	2	2	196	0	372508.72	1489530																			
1479848729348.00	314	2	2	196	0	380834.35	1789530																			
1479848729362.00	315	2	2	196	-0.484	408134.65	1625893.64																			
1479848729373.00	316	2	2	196	0	408134.65	1625893.64																			
1479848729383.00	317	2	2	196	-0.484	418101.43	1625893.64																			
1479848729401.00	318	2	2	196	-0.484	428554.39	1489530																			
1479848729415.00	319	2	2	196	-0.484	463214.21	1374145.38																			
1479848729424.00	320	2	2	196	0	451068.46	1489530																			
1479848729444.00	321	2	2	196	0	451068.46	1625893.64																			
1479848729454.00	322	2	2	196	0	489530	1625893.64																			
1479848729465.00	323	2	2	196	0	463214.21	1489530																			
1479848729475.00	324	2	2	196	0	476016.49	1625893.64																			
1479848729495.00	325	2	2	196	0	503815.71	1625893.64																			
1479848729508.00	326	2	2	196	0	463214.21	1489530																			
1479848729518.00	327	2	2	196	0	463214.21	1625893.64																			
1479848729528.00	328	2	2	196	0	451068.46	1625893.64																			
1479848729544.00	329	2	2	196	0	451068.46	1374145.38																			
1479848729559.00	330	3	2	196	0	428554.39	1625893.64																			
