Serial_number: 140 
Time Data_Count Cycle State Desired_force_(psi) Measured_force_(psi) Toe_sensor Heel_Sensor
1484939361550 0 0 0 196.000 -0.969 8989530.00 inf
1484939361609 1 0 1 196.000 -0.484 inf 3589530.00
1484939361635 2 0 1 196.000 -0.484 inf 17989530.00
1484939361662 3 0 1 196.000 -0.484 inf 8989530.00
1484939361688 4 0 1 196.000 -0.969 8989530.00 3589530.00
1484939361702 5 0 1 196.000 -0.969 17989530.00 8989530.00
1484939361717 6 0 1 196.000 -0.969 inf 8989530.00
1484939361730 7 0 1 196.000 -0.484 17989530.00 4489530.00
1484939361745 8 0 1 196.000 -0.484 8989530.00 5989530.00
1484939361758 9 0 1 196.000 -0.969 17989530.00 17989530.00
1484939361774 10 0 1 196.000 -0.484 17989530.00 4489530.00
1484939361791 11 0 1 196.000 -0.484 inf inf
1484939361805 12 0 1 196.000 -0.484 17989530.00 inf
1484939361821 13 0 1 196.000 -0.484 8989530.00 5989530.00
1484939361836 14 0 1 196.000 -0.484 17989530.00 17989530.00
1484939361851 15 0 1 196.000 -0.969 17989530.00 inf
1484939361863 16 0 1 196.000 -0.484 17989530.00 17989530.00
1484939361872 17 0 1 196.000 -0.484 17989530.00 3589530.00
1484939361880 18 0 1 196.000 -0.484 8989530.00 8989530.00
1484939361888 19 0 1 196.000 -0.484 17989530.00 5989530.00
1484939361896 20 0 1 196.000 -0.484 17989530.00 8989530.00
1484939361903 21 0 1 196.000 -0.969 17989530.00 5989530.00
1484939361911 22 0 1 196.000 -0.484 17989530.00 17989530.00
1484939361919 23 0 1 196.000 -0.484 17989530.00 5989530.00
1484939361927 24 0 1 196.000 -0.484 inf 3589530.00
1484939361935 25 0 1 196.000 -0.969 17989530.00 5989530.00
1484939361942 26 0 1 196.000 -0.484 17989530.00 5989530.00
1484939361950 27 0 1 196.000 -0.484 17989530.00 4489530.00
1484939361958 28 0 1 196.000 -0.969 17989530.00 5989530.00
1484939361967 29 0 1 196.000 -0.969 17989530.00 8989530.00
1484939361975 30 0 1 196.000 -0.969 17989530.00 8989530.00
1484939361983 31 0 1 196.000 -0.484 5989530.00 5989530.00
1484939361991 32 0 1 196.000 -0.969 8989530.00 5989530.00
1484939361999 33 0 1 196.000 -0.484 17989530.00 17989530.00
1484939362007 34 0 1 196.000 -0.969 17989530.00 5989530.00
1484939362015 35 0 1 196.000 -0.969 17989530.00 4489530.00
1484939362025 36 0 1 196.000 -0.484 inf 17989530.00
1484939362032 37 0 1 196.000 -0.484 17989530.00 8989530.00
1484939362038 38 0 1 196.000 -0.484 17989530.00 inf
1484939362045 39 0 1 196.000 -0.484 17989530.00 5989530.00
1484939362052 40 0 1 196.000 -0.484 17989530.00 inf
1484939362059 41 0 1 196.000 -0.484 17989530.00 4489530.00
1484939362066 42 0 1 196.000 -0.484 17989530.00 4489530.00
1484939362072 43 0 1 196.000 -0.969 17989530.00 3589530.00
1484939362079 44 0 1 196.000 -0.484 inf inf
1484939362086 45 0 2 196.000 -0.969 inf inf
1484939362093 46 0 2 196.000 -0.484 17989530.00 4489530.00
1484939362100 47 0 2 196.000 -0.484 17989530.00 8989530.00
1484939362107 48 0 2 196.000 -0.484 17989530.00 17989530.00
1484939362113 49 0 2 196.000 -0.969 17989530.00 5989530.00
1484939362120 50 0 2 196.000 -0.484 17989530.00 17989530.00
1484939362127 51 0 2 196.000 -0.484 8989530.00 5989530.00
1484939362134 52 0 2 196.000 -0.484 17989530.00 5989530.00
1484939362140 53 0 2 196.000 -0.484 17989530.00 5989530.00
1484939362147 54 0 2 196.000 -0.969 17989530.00 8989530.00
1484939362154 55 0 2 196.000 -0.484 17989530.00 8989530.00
1484939362161 56 0 2 196.000 -0.969 8989530.00 5989530.00
1484939362167 57 0 2 196.000 -0.969 17989530.00 5989530.00
1484939362174 58 0 2 196.000 -0.969 inf inf
1484939362181 59 0 2 196.000 -0.969 inf 5989530.00
1484939362188 60 0 2 196.000 -0.969 17989530.00 8989530.00
1484939362195 61 0 2 196.000 -0.484 17989530.00 5989530.00
1484939362201 62 0 2 196.000 -0.484 17989530.00 8989530.00
1484939362208 63 0 2 196.000 -0.969 inf 5989530.00
1484939362215 64 0 2 196.000 -0.969 17989530.00 5989530.00
1484939362222 65 0 2 196.000 -0.484 17989530.00 8989530.00
1484939362228 66 0 2 196.000 -0.484 17989530.00 8989530.00
1484939362235 67 0 2 196.000 -0.969 17989530.00 5989530.00
1484939362242 68 0 2 196.000 -0.969 inf 4489530.00
1484939362249 69 0 2 196.000 -0.969 17989530.00 17989530.00
1484939362255 70 0 2 196.000 -0.484 17989530.00 5989530.00
1484939362262 71 0 2 196.000 -0.484 inf inf
1484939362269 72 0 2 196.000 -0.484 17989530.00 5989530.00
1484939362276 73 0 2 196.000 -0.484 17989530.00 5989530.00
1484939362283 74 0 2 196.000 -0.969 17989530.00 5989530.00
1484939362290 75 0 2 196.000 -0.484 inf 4489530.00
1484939362296 76 0 2 196.000 -0.484 8989530.00 5989530.00
1484939362303 77 0 2 196.000 -0.969 inf 4489530.00
1484939362310 78 0 2 196.000 -0.484 inf 17989530.00
1484939362317 79 0 2 196.000 -0.969 inf 2989530.00
1484939362323 80 0 2 196.000 -0.969 inf 4489530.00
1484939362330 81 0 2 196.000 -0.484 17989530.00 5989530.00
1484939362337 82 0 2 196.000 -0.484 17989530.00 3589530.00
1484939362344 83 0 2 196.000 -0.969 17989530.00 4489530.00
1484939362350 84 0 2 196.000 -0.969 17989530.00 17989530.00
1484939362357 85 0 2 196.000 -0.484 17989530.00 5989530.00
1484939362364 86 0 2 196.000 -0.484 17989530.00 4489530.00
1484939362371 87 0 2 196.000 -0.969 5989530.00 17989530.00
1484939362377 88 0 2 196.000 -0.484 inf 5989530.00
1484939362384 89 0 2 196.000 -0.969 8989530.00 4489530.00
1484939362391 90 0 2 196.000 -0.484 inf 8989530.00
1484939362398 91 0 2 196.000 -0.969 17989530.00 3589530.00
1484939362404 92 0 2 196.000 -0.969 17989530.00 4489530.00
1484939362411 93 0 2 196.000 -0.969 17989530.00 17989530.00
1484939362418 94 0 2 196.000 -0.484 inf 4489530.00
1484939362425 95 0 2 196.000 -0.484 inf 5989530.00
1484939362431 96 0 2 196.000 -0.484 17989530.00 17989530.00
1484939362438 97 0 2 196.000 -0.969 17989530.00 inf
1484939362445 98 0 2 196.000 -0.969 17989530.00 5989530.00
1484939362452 99 0 2 196.000 -0.484 8989530.00 8989530.00
1484939362458 100 0 2 196.000 -0.484 17989530.00 8989530.00
1484939362465 101 0 2 196.000 -0.484 inf 5989530.00
1484939362472 102 0 2 196.000 -0.484 inf 5989530.00
1484939362479 103 0 2 196.000 -0.969 inf 4489530.00
1484939362485 104 0 2 196.000 -0.969 inf 17989530.00
1484939362492 105 0 2 196.000 -0.484 17989530.00 5989530.00
1484939362499 106 0 2 196.000 -0.484 17989530.00 8989530.00
1484939362506 107 0 2 196.000 -0.484 8989530.00 3589530.00
1484939362512 108 0 2 196.000 -0.969 8989530.00 8989530.00
1484939362519 109 0 2 196.000 -0.484 17989530.00 4489530.00
1484939362526 110 0 2 196.000 -0.484 17989530.00 inf
1484939362533 111 0 2 196.000 -0.484 17989530.00 inf
1484939362540 112 0 2 196.000 -0.969 17989530.00 17989530.00
1484939362546 113 0 2 196.000 -0.969 17989530.00 inf
1484939362553 114 0 2 196.000 -0.484 17989530.00 5989530.00
1484939362560 115 0 2 196.000 -0.969 17989530.00 8989530.00
1484939362567 116 0 2 196.000 -0.969 8989530.00 5989530.00
1484939362573 117 0 2 196.000 -0.969 17989530.00 5989530.00
1484939362580 118 0 2 196.000 -0.484 8989530.00 8989530.00
1484939362587 119 1 2 196.000 -0.484 17989530.00 5989530.00
1484939362595 120 1 1 196.000 -0.484 17989530.00 8989530.00
1484939362602 121 1 1 196.000 -0.484 inf 8989530.00
1484939362616 122 1 1 196.000 -0.969 inf 8989530.00
1484939362629 123 1 1 196.000 -0.484 17989530.00 5989530.00
1484939362642 124 1 1 196.000 -0.484 17989530.00 8989530.00
1484939362657 125 1 1 196.000 -0.969 17989530.00 8989530.00
1484939362664 126 1 1 196.000 -0.484 17989530.00 4489530.00
1484939362671 127 1 1 196.000 -0.969 17989530.00 5989530.00
1484939362678 128 1 1 196.000 -0.969 17989530.00 5989530.00
1484939362684 129 1 1 196.000 -0.484 17989530.00 5989530.00
1484939362691 130 1 1 196.000 -0.484 inf 4489530.00
1484939362698 131 1 1 196.000 -0.484 17989530.00 8989530.00
1484939362823 132 1 1 196.000 -0.484 17989530.00 4489530.00
1484939362958 133 1 1 196.000 -0.969 17989530.00 4489530.00
1484939363079 134 1 1 196.000 -0.484 17989530.00 5989530.00
1484939363086 135 1 1 196.000 -0.969 17989530.00 17989530.00
1484939363101 136 1 1 196.000 7.266 17989530.00 5989530.00
1484939363248 137 1 2 196.000 -0.969 17989530.00 5989530.00
1484939363496 138 1 2 196.000 -0.484 17989530.00 4489530.00
1484939363503 139 1 2 196.000 -0.484 17989530.00 3589530.00
1484939363510 140 1 2 196.000 -0.969 17989530.00 5989530.00
1484939363517 141 1 2 196.000 -0.969 17989530.00 8989530.00
1484939363524 142 1 2 196.000 -0.969 17989530.00 5989530.00
1484939363531 143 1 2 196.000 -0.484 17989530.00 8989530.00
1484939363538 144 1 2 196.000 -0.484 17989530.00 4489530.00
1484939363544 145 1 2 196.000 -0.484 17989530.00 inf
1484939363551 146 1 2 196.000 -0.484 17989530.00 8989530.00
1484939363558 147 1 2 196.000 -0.969 17989530.00 3589530.00
1484939363565 148 1 2 196.000 -0.969 17989530.00 5989530.00
1484939363572 149 1 2 196.000 -0.969 inf 5989530.00
1484939363578 150 1 2 196.000 -0.969 17989530.00 8989530.00
1484939363585 151 1 2 196.000 -0.484 inf 5989530.00
1484939363592 152 1 2 196.000 -0.969 17989530.00 inf
1484939363599 153 1 2 196.000 -0.969 17989530.00 5989530.00
1484939363605 154 1 2 196.000 -0.969 17989530.00 8989530.00
1484939363612 155 1 2 196.000 -0.484 17989530.00 4489530.00
1484939363619 156 2 2 196.000 -0.484 inf 3589530.00
1484939363627 157 2 1 196.000 -0.484 inf 8989530.00
1484939363633 158 2 1 196.000 -0.969 8989530.00 17989530.00
1484939363647 159 2 1 196.000 -0.969 17989530.00 5989530.00
1484939363660 160 2 1 196.000 -0.969 17989530.00 17989530.00
1484939363674 161 2 1 196.000 -0.484 17989530.00 inf
1484939363685 162 2 1 196.000 -0.969 17989530.00 8989530.00
1484939363692 163 2 1 196.000 -0.484 inf 5989530.00
1484939363699 164 2 1 196.000 -0.969 17989530.00 8989530.00
1484939363706 165 2 1 196.000 -0.969 17989530.00 5989530.00
1484939363712 166 2 1 196.000 -0.969 17989530.00 4489530.00
1484939363719 167 2 1 196.000 -0.484 inf 5989530.00
1484939363726 168 2 1 196.000 -0.484 8989530.00 5989530.00
1484939363859 169 2 1 196.000 -0.484 17989530.00 4489530.00
1484939363985 170 2 1 196.000 -0.484 8989530.00 5989530.00
1484939364110 171 2 1 196.000 -0.484 17989530.00 17989530.00
1484939364117 172 2 1 196.000 -0.969 inf 5989530.00
1484939364131 173 2 1 196.000 -0.484 17989530.00 5989530.00
1484939364144 174 2 2 196.000 -0.969 17989530.00 3589530.00
1484939364159 175 2 2 196.000 -0.969 17989530.00 5989530.00
1484939364168 176 2 2 196.000 -0.969 17989530.00 8989530.00
1484939364175 177 2 2 196.000 -0.969 inf 8989530.00
1484939364182 178 2 2 196.000 -0.484 17989530.00 4489530.00
1484939364189 179 2 2 196.000 -0.969 17989530.00 inf
1484939364196 180 2 2 196.000 -0.484 17989530.00 8989530.00
1484939364202 181 2 2 196.000 -0.484 17989530.00 5989530.00
1484939364210 182 2 2 196.000 -0.969 17989530.00 4489530.00
1484939364216 183 2 2 196.000 -0.484 17989530.00 17989530.00
1484939364223 184 2 2 196.000 -0.484 8989530.00 5989530.00
1484939364230 185 2 2 196.000 -0.484 8989530.00 5989530.00
1484939364237 186 2 2 196.000 -0.969 inf 4489530.00
1484939364244 187 2 2 196.000 -0.484 17989530.00 17989530.00
1484939364264 188 2 2 196.000 -0.484 17989530.00 8989530.00
1484939364414 189 2 2 196.000 -0.484 17989530.00 8989530.00
1484939364421 190 2 2 196.000 -0.969 17989530.00 8989530.00
1484939364428 191 2 2 196.000 -0.484 17989530.00 5989530.00
1484939364435 192 2 2 196.000 -0.969 17989530.00 8989530.00
1484939364442 193 2 2 196.000 -0.484 17989530.00 17989530.00
1484939364448 194 2 2 196.000 -0.969 17989530.00 5989530.00
1484939364455 195 2 2 196.000 -0.484 17989530.00 5989530.00
1484939364462 196 2 2 196.000 -0.484 inf 8989530.00
1484939364469 197 2 2 196.000 -0.484 17989530.00 5989530.00
1484939364476 198 2 2 196.000 -0.969 17989530.00 8989530.00
1484939364483 199 2 2 196.000 -0.969 8989530.00 5989530.00
1484939364489 200 2 2 196.000 -0.969 8989530.00 8989530.00
1484939364496 201 2 2 196.000 -0.969 17989530.00 5989530.00
1484939364503 202 2 2 196.000 -0.969 17989530.00 5989530.00
1484939364509 203 2 2 196.000 -0.969 8989530.00 4489530.00
1484939364516 204 2 2 196.000 -0.484 8989530.00 5989530.00
1484939364523 205 2 2 196.000 -0.969 17989530.00 4489530.00
1484939364530 206 2 2 196.000 -0.484 17989530.00 3589530.00
1484939364537 207 2 2 196.000 -0.969 17989530.00 4489530.00
1484939364543 208 2 2 196.000 -0.969 17989530.00 inf
1484939364550 209 2 2 196.000 -0.484 17989530.00 8989530.00
1484939364557 210 2 2 196.000 -0.484 17989530.00 8989530.00
1484939364564 211 2 2 196.000 -0.969 8989530.00 5989530.00
1484939364570 212 2 2 196.000 -0.484 17989530.00 inf
1484939364577 213 2 2 196.000 -0.969 17989530.00 17989530.00
1484939364584 214 2 2 196.000 -0.969 17989530.00 3589530.00
1484939364591 215 2 2 196.000 -0.969 17989530.00 8989530.00
1484939364598 216 2 2 196.000 -0.484 inf 4489530.00
1484939364604 217 2 2 196.000 -0.969 17989530.00 4489530.00
1484939364611 218 2 2 196.000 -0.484 8989530.00 5989530.00
1484939364618 219 2 2 196.000 -0.969 17989530.00 5989530.00
1484939364625 220 2 2 196.000 -0.969 inf 4489530.00
1484939364631 221 2 2 196.000 -0.969 17989530.00 4489530.00
1484939364638 222 2 2 196.000 -0.969 inf 5989530.00
1484939364645 223 3 2 196.000 -0.484 inf 5989530.00
