Serial_number: -1717986918 
Time Data_Count Cycle State Desired_force_(psi) Measured_force_(psi) Toe_sensor Heel_Sensor
1484790685269 0 0 0 300.000 0.000 inf inf
1484790685304 1 0 1 300.000 0.000 inf inf
1484790685310 2 0 1 300.000 0.000 inf inf
1484790685322 3 0 1 300.000 0.000 inf inf
1484790685323 4 0 1 300.000 0.000 inf inf
1484790685333 5 0 1 300.000 0.000 inf inf
1484790685337 6 0 1 300.000 0.000 inf inf
1484790685348 7 0 1 300.000 0.000 inf inf
1484790685351 8 0 1 300.000 0.000 inf inf
1484790685360 9 0 1 300.000 0.000 inf inf
1484790685364 10 0 1 300.000 0.000 inf inf
1484790685375 11 0 1 300.000 0.000 inf inf
1484790685387 12 0 1 300.000 0.000 inf inf
1484790685390 13 0 1 300.000 0.000 inf inf
1484790685394 14 0 1 300.000 0.000 inf inf
1484790685404 15 0 1 300.000 0.000 inf inf
1484790685408 16 0 1 300.000 0.000 inf inf
1484790685416 17 0 1 300.000 0.000 inf inf
1484790685421 18 0 1 300.000 0.000 inf inf
1484790685427 19 0 1 300.000 0.000 inf inf
1484790685429 20 0 1 300.000 0.000 inf inf
1484790685435 21 0 1 300.000 0.000 inf inf
1484790685437 22 0 1 300.000 0.000 inf inf
1484790685442 23 0 1 300.000 0.000 inf inf
1484790685444 24 0 1 300.000 0.000 inf inf
1484790685448 25 0 1 300.000 0.000 inf inf
1484790685454 26 0 1 300.000 0.000 inf inf
1484790685458 27 0 1 300.000 0.000 inf inf
1484790685464 28 0 1 300.000 0.000 inf inf
1484790685466 29 0 1 300.000 0.000 inf inf
1484790685482 30 0 1 300.000 0.000 inf inf
1484790685498 31 0 1 300.000 0.000 inf inf
1484790685511 32 0 1 300.000 0.000 inf inf
1484790685521 33 0 1 300.000 0.000 inf inf
1484790685532 34 0 1 300.000 0.000 inf inf
1484790685542 35 0 1 300.000 0.000 inf inf
1484790685554 36 0 1 300.000 0.000 inf inf
1484790685575 37 0 1 300.000 0.000 inf inf
1484790685587 38 0 1 300.000 0.000 inf inf
1484790685595 39 0 1 300.000 0.000 inf inf
1484790685609 40 0 1 300.000 0.000 inf inf
1484790685618 41 0 1 300.000 0.000 inf inf
1484790685636 42 0 1 300.000 0.000 inf inf
1484790685647 43 0 1 300.000 0.000 inf inf
1484790685657 44 0 1 300.000 0.000 inf inf
1484790685659 45 0 1 300.000 0.000 inf inf
1484790685666 46 0 1 300.000 0.000 inf inf
1484790685673 47 0 1 300.000 0.000 inf inf
1484790685677 48 0 1 300.000 0.000 inf inf
1484790685685 49 0 1 300.000 0.000 inf inf
1484790685689 50 0 1 300.000 0.000 inf inf
1484790685697 51 0 1 300.000 0.000 inf inf
1484790685703 52 0 1 300.000 0.000 inf inf
1484790685707 53 0 1 300.000 0.000 inf inf
1484790685710 54 0 1 300.000 0.000 inf inf
1484790685712 55 0 1 300.000 0.000 inf inf
1484790685712 56 0 1 300.000 0.000 inf inf
1484790685712 57 0 1 300.000 0.000 inf inf
1484790685712 58 0 1 300.000 0.000 inf inf
1484790685713 59 0 1 300.000 0.000 inf inf
1484790685714 60 0 1 300.000 0.000 inf inf
1484790685721 61 0 1 300.000 0.000 inf inf
1484790685723 62 0 1 300.000 0.000 inf inf
1484790685727 63 0 1 300.000 0.000 inf inf
1484790685728 64 0 1 300.000 0.000 inf inf
1484790685728 65 0 1 300.000 0.000 inf inf
1484790685728 66 0 1 300.000 0.000 inf inf
1484790685731 67 0 1 300.000 0.000 inf inf
1484790685733 68 0 1 300.000 0.000 inf inf
1484790685735 69 0 1 300.000 0.000 inf inf
1484790685735 70 0 1 300.000 0.000 inf inf
1484790685736 71 0 1 300.000 0.000 inf inf
1484790685736 72 0 1 300.000 0.000 inf inf
1484790685737 73 0 1 300.000 0.000 inf inf
1484790685741 74 0 1 300.000 0.000 inf inf
1484790685743 75 0 1 300.000 0.000 inf inf
1484790685743 76 0 1 300.000 0.000 inf inf
1484790685744 77 0 1 300.000 0.000 inf inf
1484790685745 78 0 1 300.000 0.000 inf inf
1484790685747 79 0 1 300.000 0.000 inf inf
1484790685747 80 0 1 300.000 0.000 inf inf
1484790685749 81 0 1 300.000 0.000 inf inf
1484790685749 82 0 1 300.000 0.000 inf inf
1484790685751 83 0 1 300.000 0.000 inf inf
1484790685753 84 0 1 300.000 0.000 inf inf
1484790685753 85 0 1 300.000 0.000 inf inf
1484790685753 86 0 1 300.000 0.000 inf inf
1484790685755 87 0 1 300.000 0.000 inf inf
1484790685755 88 0 1 300.000 0.000 inf inf
1484790685756 89 0 1 300.000 0.000 inf inf
1484790685758 90 0 1 300.000 0.000 inf inf
1484790685758 91 0 1 300.000 0.000 inf inf
1484790685762 92 0 1 300.000 0.000 inf inf
1484790685763 93 0 1 300.000 0.000 inf inf
1484790685763 94 0 1 300.000 0.000 inf inf
1484790685764 95 0 1 300.000 0.000 inf inf
1484790685764 96 0 1 300.000 0.000 inf inf
1484790685766 97 0 1 300.000 0.000 inf inf
1484790685768 98 0 1 300.000 0.000 inf inf
1484790685768 99 0 1 300.000 0.000 inf inf
1484790685769 100 0 1 300.000 0.000 inf inf
1484790685770 101 0 1 300.000 0.000 inf inf
1484790685772 102 0 1 300.000 0.000 inf inf
1484790685774 103 0 1 300.000 0.000 inf inf
1484790685774 104 0 1 300.000 0.000 inf inf
1484790685775 105 0 1 300.000 0.000 inf inf
1484790685776 106 0 1 300.000 0.000 inf inf
1484790685776 107 0 1 300.000 0.000 inf inf
1484790685778 108 0 1 300.000 0.000 inf inf
1484790685780 109 0 1 300.000 0.000 inf inf
1484790685780 110 0 1 300.000 0.000 inf inf
1484790685781 111 0 1 300.000 0.000 inf inf
1484790685782 112 0 1 300.000 0.000 inf inf
1484790685782 113 0 1 300.000 0.000 inf inf
1484790685784 114 0 1 300.000 0.000 inf inf
1484790685786 115 0 1 300.000 0.000 inf inf
1484790685786 116 0 1 300.000 0.000 inf inf
1484790685786 117 0 1 300.000 0.000 inf inf
1484790685788 118 0 1 300.000 0.000 inf inf
1484790685788 119 0 2 300.000 0.000 inf inf
1484790685790 120 0 2 300.000 0.000 inf inf
1484790685792 121 0 2 300.000 0.000 inf inf
1484790685796 122 0 2 300.000 0.000 inf inf
1484790685798 123 0 2 300.000 0.000 inf inf
1484790685801 124 0 2 300.000 0.000 inf inf
1484790685802 125 0 2 300.000 0.000 inf inf
1484790685803 126 0 2 300.000 0.000 inf inf
1484790685805 127 0 2 300.000 0.000 inf inf
1484790685806 128 0 2 300.000 0.000 inf inf
1484790685806 129 0 2 300.000 0.000 inf inf
1484790685807 130 0 2 300.000 0.000 inf inf
1484790685808 131 0 2 300.000 0.000 inf inf
1484790685808 132 0 2 300.000 0.000 inf inf
1484790685809 133 0 2 300.000 0.000 inf inf
1484790685815 134 0 2 300.000 0.000 inf inf
1484790685815 135 0 2 300.000 0.000 inf inf
1484790685816 136 0 2 300.000 0.000 inf inf
1484790685816 137 0 2 300.000 0.000 inf inf
1484790685816 138 0 2 300.000 0.000 inf inf
1484790685816 139 0 2 300.000 0.000 inf inf
1484790685817 140 0 2 300.000 0.000 inf inf
1484790685818 141 0 2 300.000 0.000 inf inf
1484790685818 142 0 2 300.000 0.000 inf inf
1484790685818 143 0 2 300.000 0.000 inf inf
1484790685819 144 0 2 300.000 0.000 inf inf
1484790685819 145 0 2 300.000 0.000 inf inf
1484790685819 146 0 2 300.000 0.000 inf inf
1484790685819 147 0 2 300.000 0.000 inf inf
1484790685820 148 0 2 300.000 0.000 inf inf
1484790685821 149 0 2 300.000 0.000 inf inf
1484790685821 150 0 2 300.000 0.000 inf inf
1484790685821 151 0 2 300.000 0.000 inf inf
1484790685823 152 0 2 300.000 0.000 inf inf
1484790685823 153 0 2 300.000 0.000 inf inf
1484790685824 154 0 2 300.000 0.000 inf inf
1484790685825 155 0 2 300.000 0.000 inf inf
1484790685826 156 0 2 300.000 0.000 inf inf
1484790685827 157 0 2 300.000 0.000 inf inf
1484790685828 158 0 2 300.000 0.000 inf inf
1484790685829 159 0 2 300.000 0.000 inf inf
1484790685830 160 0 2 300.000 0.000 inf inf
1484790685831 161 0 2 300.000 0.000 inf inf
1484790685832 162 0 2 300.000 0.000 inf inf
1484790685833 163 0 2 300.000 0.000 inf inf
1484790685834 164 0 2 300.000 0.000 inf inf
1484790685835 165 0 2 300.000 0.000 inf inf
1484790685839 166 0 2 300.000 0.000 inf inf
1484790685842 167 0 2 300.000 0.000 inf inf
1484790685843 168 0 2 300.000 0.000 inf inf
1484790685844 169 0 2 300.000 0.000 inf inf
1484790685846 170 0 2 300.000 0.000 inf inf
1484790685847 171 0 2 300.000 0.000 inf inf
1484790685847 172 0 2 300.000 0.000 inf inf
1484790685848 173 0 2 300.000 0.000 inf inf
1484790685849 174 0 2 300.000 0.000 inf inf
1484790685850 175 0 2 300.000 0.000 inf inf
1484790685852 176 0 2 300.000 0.000 inf inf
1484790685853 177 0 2 300.000 0.000 inf inf
1484790685853 178 0 2 300.000 0.000 inf inf
1484790685853 179 0 2 300.000 0.000 inf inf
1484790685853 180 0 2 300.000 0.000 inf inf
1484790685854 181 0 2 300.000 0.000 inf inf
1484790685854 182 0 2 300.000 0.000 inf inf
1484790685858 183 0 2 300.000 0.000 inf inf
1484790685859 184 0 2 300.000 0.000 inf inf
1484790685859 185 0 2 300.000 0.000 inf inf
1484790685860 186 0 2 300.000 0.000 inf inf
1484790685860 187 0 2 300.000 0.000 inf inf
1484790685862 188 0 2 300.000 0.000 inf inf
1484790685862 189 0 2 300.000 0.000 inf inf
1484790685862 190 0 2 300.000 0.000 inf inf
1484790685863 191 0 2 300.000 0.000 inf inf
1484790685864 192 0 2 300.000 0.000 inf inf
1484790685864 193 0 2 300.000 0.000 inf inf
1484790685864 194 0 2 300.000 0.000 inf inf
1484790685865 195 0 2 300.000 0.000 inf inf
1484790685866 196 0 2 300.000 0.000 inf inf
1484790685866 197 0 2 300.000 0.000 inf inf
1484790685866 198 0 2 300.000 0.000 inf inf
1484790685868 199 0 2 300.000 0.000 inf inf
1484790685868 200 0 2 300.000 0.000 inf inf
1484790685868 201 0 2 300.000 0.000 inf inf
1484790685868 202 0 2 300.000 0.000 inf inf
1484790685869 203 0 2 300.000 0.000 inf inf
1484790685869 204 0 2 300.000 0.000 inf inf
1484790685872 205 0 2 300.000 0.000 inf inf
1484790685872 206 0 2 300.000 0.000 inf inf
1484790685872 207 0 2 300.000 0.000 inf inf
1484790685872 208 0 2 300.000 0.000 inf inf
1484790685873 209 0 2 300.000 0.000 inf inf
1484790685873 210 0 2 300.000 0.000 inf inf
1484790685873 211 0 2 300.000 0.000 inf inf
1484790685873 212 0 2 300.000 0.000 inf inf
1484790685874 213 0 2 300.000 0.000 inf inf
1484790685876 214 0 2 300.000 0.000 inf inf
1484790685876 215 0 2 300.000 0.000 inf inf
1484790685876 216 0 2 300.000 0.000 inf inf
1484790685876 217 0 2 300.000 0.000 inf inf
1484790685877 218 0 2 300.000 0.000 inf inf
1484790685877 219 0 2 300.000 0.000 inf inf
1484790685877 220 0 2 300.000 0.000 inf inf
1484790685879 221 0 2 300.000 0.000 inf inf
1484790685880 222 0 2 300.000 0.000 inf inf
1484790685880 223 0 2 300.000 0.000 inf inf
1484790685880 224 0 2 300.000 0.000 inf inf
1484790685880 225 0 2 300.000 0.000 inf inf
1484790685881 226 0 2 300.000 0.000 inf inf
1484790685881 227 0 2 300.000 0.000 inf inf
1484790685883 228 0 2 300.000 0.000 inf inf
1484790685883 229 0 2 300.000 0.000 inf inf
1484790685884 230 0 2 300.000 0.000 inf inf
1484790685884 231 0 2 300.000 0.000 inf inf
1484790685884 232 0 2 300.000 0.000 inf inf
1484790685884 233 0 2 300.000 0.000 inf inf
1484790685885 234 0 2 300.000 0.000 inf inf
1484790685885 235 0 2 300.000 0.000 inf inf
1484790685885 236 0 2 300.000 0.000 inf inf
1484790685887 237 0 2 300.000 0.000 inf inf
1484790685887 238 0 2 300.000 0.000 inf inf
1484790685888 239 0 2 300.000 0.000 inf inf
1484790685888 240 0 2 300.000 0.000 inf inf
1484790685888 241 0 2 300.000 0.000 inf inf
1484790685888 242 0 2 300.000 0.000 inf inf
1484790685889 243 0 2 300.000 0.000 inf inf
1484790685889 244 0 2 300.000 0.000 inf inf
1484790685891 245 0 2 300.000 0.000 inf inf
1484790685891 246 0 2 300.000 0.000 inf inf
1484790685892 247 0 2 300.000 0.000 inf inf
1484790685892 248 0 2 300.000 0.000 inf inf
1484790685892 249 0 2 300.000 0.000 inf inf
1484790685892 250 0 2 300.000 0.000 inf inf
1484790685893 251 0 2 300.000 0.000 inf inf
1484790685895 252 0 2 300.000 0.000 inf inf
1484790685895 253 0 2 300.000 0.000 inf inf
1484790685896 254 0 2 300.000 0.000 inf inf
1484790685896 255 0 2 300.000 0.000 inf inf
1484790685896 256 0 2 300.000 0.000 inf inf
1484790685896 257 0 2 300.000 0.000 inf inf
1484790685897 258 0 2 300.000 0.000 inf inf
1484790685897 259 0 2 300.000 0.000 inf inf
1484790685899 260 0 2 300.000 0.000 inf inf
1484790685899 261 0 2 300.000 0.000 inf inf
1484790685900 262 0 2 300.000 0.000 inf inf
1484790685900 263 0 2 300.000 0.000 inf inf
1484790685900 264 0 2 300.000 0.000 inf inf
1484790685900 265 0 2 300.000 0.000 inf inf
1484790685901 266 0 2 300.000 0.000 inf inf
1484790685903 267 0 2 300.000 0.000 inf inf
1484790685903 268 0 2 300.000 0.000 inf inf
1484790685904 269 0 2 300.000 0.000 inf inf
1484790685904 270 0 2 300.000 0.000 inf inf
1484790685904 271 0 2 300.000 0.000 inf inf
1484790685904 272 0 2 300.000 0.000 inf inf
1484790685907 273 0 2 300.000 0.000 inf inf
1484790685907 274 0 2 300.000 0.000 inf inf
1484790685907 275 0 2 300.000 0.000 inf inf
1484790685908 276 0 2 300.000 0.000 inf inf
1484790685908 277 0 2 300.000 0.000 inf inf
1484790685908 278 0 2 300.000 0.000 inf inf
1484790685908 279 0 2 300.000 0.000 inf inf
1484790685909 280 0 2 300.000 0.000 inf inf
1484790685910 281 0 2 300.000 0.000 inf inf
1484790685911 282 0 2 300.000 0.000 inf inf
1484790685919 283 0 2 300.000 0.000 inf inf
1484790685919 284 0 2 300.000 0.000 inf inf
1484790685919 285 0 2 300.000 0.000 inf inf
1484790685920 286 0 2 300.000 0.000 inf inf
1484790685922 287 0 2 300.000 0.000 inf inf
1484790685923 288 0 2 300.000 0.000 inf inf
1484790685923 289 0 2 300.000 0.000 inf inf
1484790685923 290 0 2 300.000 0.000 inf inf
1484790685923 291 0 2 300.000 0.000 inf inf
1484790685924 292 0 2 300.000 0.000 inf inf
1484790685924 293 0 2 300.000 0.000 inf inf
1484790685926 294 0 2 300.000 0.000 inf inf
1484790685927 295 0 2 300.000 0.000 inf inf
1484790685927 296 0 2 300.000 0.000 inf inf
1484790685928 297 0 2 300.000 0.000 inf inf
1484790685929 298 0 2 300.000 0.000 inf inf
1484790685929 299 0 2 300.000 0.000 inf inf
1484790685929 300 0 2 300.000 0.000 inf inf
1484790685929 301 0 2 300.000 0.000 inf inf
1484790685932 302 0 2 300.000 0.000 inf inf
1484790685934 303 0 2 300.000 0.000 inf inf
1484790685935 304 0 2 300.000 0.000 inf inf
1484790685935 305 0 2 300.000 0.000 inf inf
1484790685935 306 0 2 300.000 0.000 inf inf
1484790685935 307 0 2 300.000 0.000 inf inf
1484790685936 308 0 2 300.000 0.000 inf inf
1484790685940 309 0 2 300.000 0.000 inf inf
1484790685941 310 0 2 300.000 0.000 inf inf
1484790685941 311 0 2 300.000 0.000 inf inf
1484790685941 312 0 2 300.000 0.000 inf inf
1484790685941 313 0 2 300.000 0.000 inf inf
1484790685942 314 0 2 300.000 0.000 inf inf
1484790685942 315 0 2 300.000 0.000 inf inf
1484790685942 316 0 2 300.000 0.000 inf inf
1484790685944 317 0 2 300.000 0.000 inf inf
1484790685946 318 0 2 300.000 0.000 inf inf
1484790685946 319 0 2 300.000 0.000 inf inf
1484790685947 320 0 2 300.000 0.000 inf inf
1484790685948 321 0 2 300.000 0.000 inf inf
1484790685950 322 0 2 300.000 0.000 inf inf
1484790685952 323 0 2 300.000 0.000 inf inf
1484790685952 324 0 2 300.000 0.000 inf inf
1484790685952 325 0 2 300.000 0.000 inf inf
1484790685953 326 0 2 300.000 0.000 inf inf
1484790685954 327 0 2 300.000 0.000 inf inf
1484790685956 328 0 2 300.000 0.000 inf inf
1484790685958 329 0 2 300.000 0.000 inf inf
1484790685958 330 0 2 300.000 0.000 inf inf
1484790685958 331 0 2 300.000 0.000 inf inf
1484790685961 332 0 2 300.000 0.000 inf inf
1484790685961 333 0 2 300.000 0.000 inf inf
1484790685961 334 0 2 300.000 0.000 inf inf
1484790685966 335 0 2 300.000 0.000 inf inf
1484790685966 336 0 2 300.000 0.000 inf inf
1484790685966 337 0 2 300.000 0.000 inf inf
1484790685966 338 0 2 300.000 0.000 inf inf
1484790685967 339 0 2 300.000 0.000 inf inf
1484790685967 340 0 2 300.000 0.000 inf inf
1484790685968 341 0 2 300.000 0.000 inf inf
1484790685971 342 0 2 300.000 0.000 inf inf
1484790685971 343 0 2 300.000 0.000 inf inf
1484790685971 344 0 2 300.000 0.000 inf inf
1484790685973 345 0 2 300.000 0.000 inf inf
1484790685975 346 0 2 300.000 0.000 inf inf
1484790685975 347 0 2 300.000 0.000 inf inf
1484790685976 348 0 2 300.000 0.000 inf inf
1484790685976 349 0 2 300.000 0.000 inf inf
1484790685977 350 0 2 300.000 0.000 inf inf
1484790685977 351 0 2 300.000 0.000 inf inf
1484790685979 352 0 2 300.000 0.000 inf inf
1484790685981 353 0 2 300.000 0.000 inf inf
1484790685981 354 0 2 300.000 0.000 inf inf
1484790685981 355 0 2 300.000 0.000 inf inf
1484790685982 356 0 2 300.000 0.000 inf inf
1484790685983 357 0 2 300.000 0.000 inf inf
1484790685985 358 0 2 300.000 0.000 inf inf
1484790685985 359 0 2 300.000 0.000 inf inf
1484790685987 360 0 2 300.000 0.000 inf inf
1484790685987 361 0 2 300.000 0.000 inf inf
1484790685988 362 0 2 300.000 0.000 inf inf
1484790685988 363 0 2 300.000 0.000 inf inf
1484790685989 364 0 2 300.000 0.000 inf inf
1484790685991 365 0 2 300.000 0.000 inf inf
1484790685993 366 0 2 300.000 0.000 inf inf
1484790685993 367 0 2 300.000 0.000 inf inf
1484790685993 368 0 2 300.000 0.000 inf inf
1484790685995 369 0 2 300.000 0.000 inf inf
1484790685997 370 0 2 300.000 0.000 inf inf
1484790685997 371 0 2 300.000 0.000 inf inf
1484790685999 372 0 2 300.000 0.000 inf inf
1484790685999 373 0 2 300.000 0.000 inf inf
1484790685999 374 0 2 300.000 0.000 inf inf
1484790686001 375 0 2 300.000 0.000 inf inf
1484790686003 376 0 2 300.000 0.000 inf inf
1484790686005 377 0 2 300.000 0.000 inf inf
1484790686005 378 0 2 300.000 0.000 inf inf
1484790686006 379 0 2 300.000 0.000 inf inf
1484790686007 380 0 2 300.000 0.000 inf inf
1484790686007 381 0 2 300.000 0.000 inf inf
1484790686008 382 0 2 300.000 0.000 inf inf
1484790686010 383 0 2 300.000 0.000 inf inf
1484790686010 384 0 2 300.000 0.000 inf inf
1484790686012 385 0 2 300.000 0.000 inf inf
1484790686012 386 0 2 300.000 0.000 inf inf
1484790686015 387 0 2 300.000 0.000 inf inf
1484790686015 388 0 2 300.000 0.000 inf inf
1484790686016 389 0 2 300.000 0.000 inf inf
1484790686016 390 0 2 300.000 0.000 inf inf
1484790686017 391 0 2 300.000 0.000 inf inf
1484790686018 392 0 2 300.000 0.000 inf inf
1484790686019 393 0 2 300.000 0.000 inf inf
1484790686020 394 0 2 300.000 0.000 inf inf
1484790686021 395 0 2 300.000 0.000 inf inf
1484790686024 396 0 2 300.000 0.000 inf inf
1484790686026 397 0 2 300.000 0.000 inf inf
1484790686027 398 0 2 300.000 0.000 inf inf
1484790686027 399 0 2 300.000 0.000 inf inf
1484790686027 400 0 2 300.000 0.000 inf inf
1484790686028 401 0 2 300.000 0.000 inf inf
1484790686028 402 0 2 300.000 0.000 inf inf
1484790686032 403 0 2 300.000 0.000 inf inf
1484790686032 404 0 2 300.000 0.000 inf inf
1484790686032 405 0 2 300.000 0.000 inf inf
1484790686034 406 0 2 300.000 0.000 inf inf
1484790686034 407 0 2 300.000 0.000 inf inf
1484790686036 408 0 2 300.000 0.000 inf inf
1484790686038 409 0 2 300.000 0.000 inf inf
1484790686038 410 0 2 300.000 0.000 inf inf
1484790686040 411 0 2 300.000 0.000 inf inf
1484790686040 412 0 2 300.000 0.000 inf inf
1484790686040 413 0 2 300.000 0.000 inf inf
1484790686044 414 0 2 300.000 0.000 inf inf
1484790686044 415 0 2 300.000 0.000 inf inf
1484790686044 416 0 2 300.000 0.000 inf inf
1484790686046 417 0 2 300.000 0.000 inf inf
1484790686046 418 0 2 300.000 0.000 inf inf
1484790686046 419 0 2 300.000 0.000 inf inf
1484790686049 420 0 2 300.000 0.000 inf inf
1484790686050 421 0 2 300.000 0.000 inf inf
1484790686050 422 0 2 300.000 0.000 inf inf
1484790686051 423 0 2 300.000 0.000 inf inf
1484790686052 424 0 2 300.000 0.000 inf inf
1484790686052 425 0 2 300.000 0.000 inf inf
1484790686053 426 0 2 300.000 0.000 inf inf
1484790686055 427 0 2 300.000 0.000 inf inf
1484790686055 428 0 2 300.000 0.000 inf inf
1484790686057 429 0 2 300.000 0.000 inf inf
1484790686057 430 0 2 300.000 0.000 inf inf
1484790686058 431 0 2 300.000 0.000 inf inf
1484790686058 432 0 2 300.000 0.000 inf inf
1484790686059 433 0 2 300.000 0.000 inf inf
1484790686061 434 0 2 300.000 0.000 inf inf
1484790686062 435 0 2 300.000 0.000 inf inf
1484790686063 436 0 2 300.000 0.000 inf inf
1484790686063 437 0 2 300.000 0.000 inf inf
1484790686065 438 0 2 300.000 0.000 inf inf
1484790686067 439 0 2 300.000 0.000 inf inf
1484790686067 440 0 2 300.000 0.000 inf inf
1484790686068 441 0 2 300.000 0.000 inf inf
1484790686068 442 0 2 300.000 0.000 inf inf
1484790686069 443 0 2 300.000 0.000 inf inf
1484790686072 444 0 2 300.000 0.000 inf inf
1484790686073 445 0 2 300.000 0.000 inf inf
1484790686073 446 0 2 300.000 0.000 inf inf
1484790686073 447 0 2 300.000 0.000 inf inf
1484790686074 448 0 2 300.000 0.000 inf inf
1484790686075 449 0 2 300.000 0.000 inf inf
1484790686077 450 0 2 300.000 0.000 inf inf
1484790686078 451 0 2 300.000 0.000 inf inf
1484790686078 452 0 2 300.000 0.000 inf inf
1484790686079 453 0 2 300.000 0.000 inf inf
1484790686081 454 0 2 300.000 0.000 inf inf
1484790686081 455 0 2 300.000 0.000 inf inf
1484790686082 456 0 2 300.000 0.000 inf inf
1484790686083 457 0 2 300.000 0.000 inf inf
1484790686085 458 0 2 300.000 0.000 inf inf
1484790686086 459 0 2 300.000 0.000 inf inf
1484790686086 460 0 2 300.000 0.000 inf inf
1484790686087 461 0 2 300.000 0.000 inf inf
1484790686087 462 0 2 300.000 0.000 inf inf
1484790686089 463 0 2 300.000 0.000 inf inf
1484790686089 464 0 2 300.000 0.000 inf inf
1484790686091 465 0 2 300.000 0.000 inf inf
1484790686091 466 0 2 300.000 0.000 inf inf
1484790686093 467 0 2 300.000 0.000 inf inf
1484790686095 468 0 2 300.000 0.000 inf inf
1484790686095 469 0 2 300.000 0.000 inf inf
1484790686096 470 0 2 300.000 0.000 inf inf
1484790686099 471 0 2 300.000 0.000 inf inf
1484790686099 472 0 2 300.000 0.000 inf inf
1484790686100 473 0 2 300.000 0.000 inf inf
1484790686101 474 0 2 300.000 0.000 inf inf
1484790686101 475 0 2 300.000 0.000 inf inf
1484790686102 476 0 2 300.000 0.000 inf inf
1484790686104 477 0 2 300.000 0.000 inf inf
1484790686106 478 0 2 300.000 0.000 inf inf
1484790686106 479 0 2 300.000 0.000 inf inf
1484790686107 480 0 2 300.000 0.000 inf inf
1484790686107 481 0 2 300.000 0.000 inf inf
1484790686110 482 0 2 300.000 0.000 inf inf
1484790686110 483 0 2 300.000 0.000 inf inf
1484790686111 484 0 2 300.000 0.000 inf inf
1484790686112 485 0 2 300.000 0.000 inf inf
1484790686112 486 0 2 300.000 0.000 inf inf
1484790686112 487 0 2 300.000 0.000 inf inf
1484790686114 488 0 2 300.000 0.000 inf inf
1484790686116 489 0 2 300.000 0.000 inf inf
1484790686116 490 0 2 300.000 0.000 inf inf
1484790686116 491 0 2 300.000 0.000 inf inf
1484790686118 492 0 2 300.000 0.000 inf inf
1484790686118 493 0 2 300.000 0.000 inf inf
1484790686118 494 0 2 300.000 0.000 inf inf
1484790686119 495 0 2 300.000 0.000 inf inf
1484790686120 496 0 2 300.000 0.000 inf inf
1484790686122 497 0 2 300.000 0.000 inf inf
1484790686123 498 0 2 300.000 0.000 inf inf
1484790686124 499 0 2 300.000 0.000 inf inf
1484790686126 500 0 2 300.000 0.000 inf inf
1484790686128 501 0 2 300.000 0.000 inf inf
1484790686128 502 0 2 300.000 0.000 inf inf
1484790686128 503 0 2 300.000 0.000 inf inf
1484790686128 504 0 2 300.000 0.000 inf inf
1484790686132 505 0 2 300.000 0.000 inf inf
1484790686132 506 0 2 300.000 0.000 inf inf
1484790686133 507 0 2 300.000 0.000 inf inf
1484790686134 508 0 2 300.000 0.000 inf inf
1484790686135 509 0 2 300.000 0.000 inf inf
1484790686136 510 0 2 300.000 0.000 inf inf
1484790686137 511 0 2 300.000 0.000 inf inf
1484790686138 512 0 2 300.000 0.000 inf inf
1484790686139 513 0 2 300.000 0.000 inf inf
1484790686140 514 0 2 300.000 0.000 inf inf
1484790686141 515 0 2 300.000 0.000 inf inf
1484790686142 516 0 2 300.000 0.000 inf inf
1484790686143 517 0 2 300.000 0.000 inf inf
1484790686144 518 0 2 300.000 0.000 inf inf
1484790686145 519 0 2 300.000 0.000 inf inf
1484790686145 520 0 2 300.000 0.000 inf inf
1484790686146 521 0 2 300.000 0.000 inf inf
1484790686149 522 0 2 300.000 0.000 inf inf
1484790686149 523 0 2 300.000 0.000 inf inf
1484790686151 524 0 2 300.000 0.000 inf inf
1484790686151 525 0 2 300.000 0.000 inf inf
1484790686151 526 0 2 300.000 0.000 inf inf
1484790686152 527 0 2 300.000 0.000 inf inf
1484790686152 528 0 2 300.000 0.000 inf inf
1484790686153 529 0 2 300.000 0.000 inf inf
1484790686155 530 0 2 300.000 0.000 inf inf
1484790686157 531 0 2 300.000 0.000 inf inf
1484790686157 532 0 2 300.000 0.000 inf inf
1484790686157 533 0 2 300.000 0.000 inf inf
1484790686158 534 0 2 300.000 0.000 inf inf
1484790686159 535 0 2 300.000 0.000 inf inf
1484790686161 536 0 2 300.000 0.000 inf inf
1484790686161 537 0 2 300.000 0.000 inf inf
1484790686163 538 0 2 300.000 0.000 inf inf
1484790686163 539 0 2 300.000 0.000 inf inf
1484790686163 540 0 2 300.000 0.000 inf inf
1484790686165 541 0 2 300.000 0.000 inf inf
1484790686167 542 0 2 300.000 0.000 inf inf
1484790686168 543 0 2 300.000 0.000 inf inf
1484790686169 544 0 2 300.000 0.000 inf inf
1484790686169 545 0 2 300.000 0.000 inf inf
1484790686169 546 0 2 300.000 0.000 inf inf
1484790686171 547 0 2 300.000 0.000 inf inf
1484790686173 548 0 2 300.000 0.000 inf inf
1484790686174 549 0 2 300.000 0.000 inf inf
1484790686174 550 0 2 300.000 0.000 inf inf
1484790686177 551 0 2 300.000 0.000 inf inf
1484790686178 552 0 2 300.000 0.000 inf inf
1484790686179 553 0 2 300.000 0.000 inf inf
1484790686179 554 0 2 300.000 0.000 inf inf
1484790686179 555 0 2 300.000 0.000 inf inf
1484790686182 556 0 2 300.000 0.000 inf inf
1484790686184 557 0 2 300.000 0.000 inf inf
1484790686184 558 0 2 300.000 0.000 inf inf
1484790686185 559 0 2 300.000 0.000 inf inf
1484790686188 560 0 2 300.000 0.000 inf inf
1484790686189 561 0 2 300.000 0.000 inf inf
1484790686190 562 0 2 300.000 0.000 inf inf
1484790686190 563 0 2 300.000 0.000 inf inf
1484790686191 564 0 2 300.000 0.000 inf inf
1484790686191 565 0 2 300.000 0.000 inf inf
1484790686192 566 0 2 300.000 0.000 inf inf
1484790686194 567 0 2 300.000 0.000 inf inf
1484790686194 568 0 2 300.000 0.000 inf inf
1484790686196 569 0 2 300.000 0.000 inf inf
1484790686196 570 0 2 300.000 0.000 inf inf
1484790686197 571 0 2 300.000 0.000 inf inf
1484790686200 572 0 2 300.000 0.000 inf inf
1484790686200 573 0 2 300.000 0.000 inf inf
1484790686200 574 0 2 300.000 0.000 inf inf
1484790686202 575 0 2 300.000 0.000 inf inf
1484790686202 576 0 2 300.000 0.000 inf inf
1484790686202 577 0 2 300.000 0.000 inf inf
1484790686204 578 0 2 300.000 0.000 inf inf
1484790686206 579 0 2 300.000 0.000 inf inf
1484790686206 580 0 2 300.000 0.000 inf inf
1484790686206 581 0 2 300.000 0.000 inf inf
1484790686208 582 0 2 300.000 0.000 inf inf
1484790686208 583 0 2 300.000 0.000 inf inf
1484790686208 584 0 2 300.000 0.000 inf inf
1484790686210 585 0 2 300.000 0.000 inf inf
1484790686212 586 0 2 300.000 0.000 inf inf
1484790686214 587 0 2 300.000 0.000 inf inf
1484790686214 588 0 2 300.000 0.000 inf inf
1484790686214 589 0 2 300.000 0.000 inf inf
1484790686214 590 0 2 300.000 0.000 inf inf
1484790686215 591 0 2 300.000 0.000 inf inf
1484790686217 592 0 2 300.000 0.000 inf inf
1484790686219 593 0 2 300.000 0.000 inf inf
1484790686220 594 0 2 300.000 0.000 inf inf
1484790686220 595 0 2 300.000 0.000 inf inf
1484790686220 596 0 2 300.000 0.000 inf inf
1484790686220 597 0 2 300.000 0.000 inf inf
1484790686222 598 0 2 300.000 0.000 inf inf
1484790686225 599 0 2 300.000 0.000 inf inf
1484790686225 600 0 2 300.000 0.000 inf inf
1484790686225 601 0 2 300.000 0.000 inf inf
1484790686227 602 0 2 300.000 0.000 inf inf
1484790686229 603 0 2 300.000 0.000 inf inf
1484790686229 604 0 2 300.000 0.000 inf inf
1484790686230 605 0 2 300.000 0.000 inf inf
1484790686230 606 0 2 300.000 0.000 inf inf
1484790686230 607 0 2 300.000 0.000 inf inf
1484790686233 608 0 2 300.000 0.000 inf inf
1484790686235 609 0 2 300.000 0.000 inf inf
1484790686235 610 0 2 300.000 0.000 inf inf
1484790686235 611 0 2 300.000 0.000 inf inf
1484790686236 612 0 2 300.000 0.000 inf inf
1484790686237 613 0 2 300.000 0.000 inf inf
1484790686239 614 0 2 300.000 0.000 inf inf
1484790686239 615 0 2 300.000 0.000 inf inf
1484790686241 616 0 2 300.000 0.000 inf inf
1484790686241 617 0 2 300.000 0.000 inf inf
1484790686241 618 0 2 300.000 0.000 inf inf
1484790686242 619 0 2 300.000 0.000 inf inf
1484790686245 620 0 2 300.000 0.000 inf inf
1484790686245 621 0 2 300.000 0.000 inf inf
1484790686247 622 0 2 300.000 0.000 inf inf
1484790686247 623 0 2 300.000 0.000 inf inf
1484790686247 624 0 2 300.000 0.000 inf inf
1484790686249 625 0 2 300.000 0.000 inf inf
1484790686251 626 0 2 300.000 0.000 inf inf
1484790686251 627 0 2 300.000 0.000 inf inf
1484790686253 628 0 2 300.000 0.000 inf inf
1484790686253 629 0 2 300.000 0.000 inf inf
1484790686253 630 0 2 300.000 0.000 inf inf
1484790686254 631 0 2 300.000 0.000 inf inf
1484790686257 632 0 2 300.000 0.000 inf inf
1484790686257 633 0 2 300.000 0.000 inf inf
1484790686259 634 0 2 300.000 0.000 inf inf
1484790686259 635 0 2 300.000 0.000 inf inf
1484790686260 636 0 2 300.000 0.000 inf inf
1484790686262 637 0 2 300.000 0.000 inf inf
1484790686263 638 0 2 300.000 0.000 inf inf
1484790686263 639 0 2 300.000 0.000 inf inf
1484790686263 640 0 2 300.000 0.000 inf inf
1484790686264 641 0 2 300.000 0.000 inf inf
1484790686264 642 0 2 300.000 0.000 inf inf
1484790686265 643 0 2 300.000 0.000 inf inf
1484790686266 644 0 2 300.000 0.000 inf inf
1484790686268 645 0 2 300.000 0.000 inf inf
1484790686268 646 0 2 300.000 0.000 inf inf
1484790686269 647 0 2 300.000 0.000 inf inf
1484790686269 648 0 2 300.000 0.000 inf inf
1484790686269 649 0 2 300.000 0.000 inf inf
1484790686269 650 0 2 300.000 0.000 inf inf
1484790686270 651 0 2 300.000 0.000 inf inf
1484790686270 652 0 2 300.000 0.000 inf inf
1484790686272 653 0 2 300.000 0.000 inf inf
1484790686272 654 0 2 300.000 0.000 inf inf
1484790686273 655 0 2 300.000 0.000 inf inf
1484790686273 656 0 2 300.000 0.000 inf inf
1484790686273 657 0 2 300.000 0.000 inf inf
1484790686274 658 0 2 300.000 0.000 inf inf
1484790686274 659 0 2 300.000 0.000 inf inf
1484790686275 660 0 2 300.000 0.000 inf inf
1484790686278 661 0 2 300.000 0.000 inf inf
1484790686278 662 0 2 300.000 0.000 inf inf
1484790686278 663 0 2 300.000 0.000 inf inf
1484790686279 664 0 2 300.000 0.000 inf inf
1484790686279 665 0 2 300.000 0.000 inf inf
1484790686279 666 0 2 300.000 0.000 inf inf
1484790686279 667 0 2 300.000 0.000 inf inf
1484790686280 668 0 2 300.000 0.000 inf inf
1484790686280 669 0 2 300.000 0.000 inf inf
1484790686282 670 0 2 300.000 0.000 inf inf
1484790686282 671 0 2 300.000 0.000 inf inf
1484790686282 672 0 2 300.000 0.000 inf inf
1484790686283 673 0 2 300.000 0.000 inf inf
1484790686283 674 0 2 300.000 0.000 inf inf
1484790686283 675 0 2 300.000 0.000 inf inf
1484790686284 676 0 2 300.000 0.000 inf inf
1484790686286 677 0 2 300.000 0.000 inf inf
1484790686286 678 0 2 300.000 0.000 inf inf
1484790686286 679 0 2 300.000 0.000 inf inf
1484790686286 680 0 2 300.000 0.000 inf inf
1484790686288 681 1 2 300.000 0.000 inf inf
1484790686288 682 1 1 300.000 0.000 inf inf
1484790686288 683 1 1 300.000 0.000 inf inf
1484790686290 684 1 1 300.000 0.000 inf inf
1484790686290 685 1 1 300.000 0.000 inf inf
1484790686290 686 1 1 300.000 0.000 inf inf
1484790686292 687 1 1 300.000 0.000 inf inf
1484790686292 688 1 1 300.000 0.000 inf inf
1484790686292 689 1 1 300.000 0.000 inf inf
1484790686292 690 1 1 300.000 0.000 inf inf
1484790686293 691 1 1 300.000 0.000 inf inf
1484790686294 692 1 1 300.000 0.000 inf inf
1484790686294 693 1 1 300.000 0.000 inf inf
1484790686294 694 1 1 300.000 0.000 inf inf
1484790686296 695 1 1 300.000 0.000 inf inf
1484790686296 696 1 1 300.000 0.000 inf inf
1484790686296 697 1 1 300.000 0.000 inf inf
1484790686297 698 1 1 300.000 0.000 inf inf
1484790686298 699 1 1 300.000 0.000 inf inf
1484790686298 700 1 1 300.000 0.000 inf inf
1484790686298 701 1 1 300.000 0.000 inf inf
1484790686300 702 1 1 300.000 0.000 inf inf
1484790686300 703 1 1 300.000 0.000 inf inf
1484790686302 704 1 1 300.000 0.000 inf inf
1484790686302 705 1 1 300.000 0.000 inf inf
1484790686302 706 1 1 300.000 0.000 inf inf
1484790686302 707 1 1 300.000 0.000 inf inf
1484790686303 708 1 1 300.000 0.000 inf inf
1484790686304 709 1 1 300.000 0.000 inf inf
1484790686305 710 1 1 300.000 0.000 inf inf
1484790686306 711 1 1 300.000 0.000 inf inf
1484790686306 712 1 1 300.000 0.000 inf inf
1484790686306 713 1 1 300.000 0.000 inf inf
1484790686306 714 1 1 300.000 0.000 inf inf
1484790686307 715 1 1 300.000 0.000 inf inf
1484790686309 716 1 1 300.000 0.000 inf inf
1484790686310 717 1 1 300.000 0.000 inf inf
1484790686310 718 1 1 300.000 0.000 inf inf
1484790686310 719 1 1 300.000 0.000 inf inf
1484790686310 720 1 1 300.000 0.000 inf inf
1484790686311 721 1 1 300.000 0.000 inf inf
1484790686313 722 1 1 300.000 0.000 inf inf
1484790686314 723 1 1 300.000 0.000 inf inf
1484790686314 724 1 1 300.000 0.000 inf inf
1484790686314 725 1 1 300.000 0.000 inf inf
1484790686314 726 1 1 300.000 0.000 inf inf
1484790686315 727 1 1 300.000 0.000 inf inf
1484790686315 728 1 1 300.000 0.000 inf inf
1484790686316 729 1 1 300.000 0.000 inf inf
1484790686317 730 1 1 300.000 0.000 inf inf
1484790686317 731 1 1 300.000 0.000 inf inf
1484790686317 732 1 1 300.000 0.000 inf inf
1484790686319 733 1 1 300.000 0.000 inf inf
1484790686319 734 1 1 300.000 0.000 inf inf
1484790686319 735 1 1 300.000 0.000 inf inf
1484790686320 736 1 1 300.000 0.000 inf inf
1484790686321 737 1 1 300.000 0.000 inf inf
1484790686321 738 1 1 300.000 0.000 inf inf
1484790686321 739 1 1 300.000 0.000 inf inf
1484790686322 740 1 1 300.000 0.000 inf inf
1484790686323 741 1 1 300.000 0.000 inf inf
1484790686323 742 1 1 300.000 0.000 inf inf
1484790686323 743 1 1 300.000 0.000 inf inf
1484790686325 744 1 1 300.000 0.000 inf inf
1484790686325 745 1 1 300.000 0.000 inf inf
1484790686326 746 1 1 300.000 0.000 inf inf
1484790686326 747 1 1 300.000 0.000 inf inf
1484790686327 748 1 1 300.000 0.000 inf inf
1484790686329 749 1 1 300.000 0.000 inf inf
1484790686329 750 1 1 300.000 0.000 inf inf
1484790686329 751 1 1 300.000 0.000 inf inf
1484790686329 752 1 1 300.000 0.000 inf inf
1484790686330 753 1 1 300.000 0.000 inf inf
1484790686330 754 1 1 300.000 0.000 inf inf
1484790686330 755 1 1 300.000 0.000 inf inf
1484790686333 756 1 1 300.000 0.000 inf inf
1484790686333 757 1 1 300.000 0.000 inf inf
1484790686333 758 1 1 300.000 0.000 inf inf
1484790686334 759 1 1 300.000 0.000 inf inf
1484790686334 760 1 1 300.000 0.000 inf inf
1484790686334 761 1 1 300.000 0.000 inf inf
1484790686334 762 1 1 300.000 0.000 inf inf
1484790686336 763 1 1 300.000 0.000 inf inf
1484790686337 764 1 1 300.000 0.000 inf inf
1484790686337 765 1 1 300.000 0.000 inf inf
1484790686337 766 1 1 300.000 0.000 inf inf
1484790686337 767 1 1 300.000 0.000 inf inf
1484790686338 768 1 1 300.000 0.000 inf inf
1484790686339 769 1 1 300.000 0.000 inf inf
1484790686340 770 1 1 300.000 0.000 inf inf
1484790686341 771 1 1 300.000 0.000 inf inf
1484790686341 772 1 1 300.000 0.000 inf inf
1484790686341 773 1 1 300.000 0.000 inf inf
1484790686341 774 1 1 300.000 0.000 inf inf
1484790686342 775 1 1 300.000 0.000 inf inf
1484790686342 776 1 1 300.000 0.000 inf inf
1484790686344 777 1 1 300.000 0.000 inf inf
1484790686345 778 1 1 300.000 0.000 inf inf
1484790686345 779 1 1 300.000 0.000 inf inf
1484790686345 780 1 1 300.000 0.000 inf inf
1484790686345 781 1 1 300.000 0.000 inf inf
1484790686346 782 1 1 300.000 0.000 inf inf
1484790686346 783 1 1 300.000 0.000 inf inf
1484790686348 784 1 1 300.000 0.000 inf inf
1484790686349 785 1 1 300.000 0.000 inf inf
1484790686349 786 1 1 300.000 0.000 inf inf
1484790686349 787 1 1 300.000 0.000 inf inf
1484790686349 788 1 1 300.000 0.000 inf inf
1484790686350 789 1 1 300.000 0.000 inf inf
1484790686352 790 1 1 300.000 0.000 inf inf
1484790686353 791 1 1 300.000 0.000 inf inf
1484790686353 792 1 1 300.000 0.000 inf inf
1484790686353 793 1 1 300.000 0.000 inf inf
1484790686354 794 1 1 300.000 0.000 inf inf
1484790686354 795 1 1 300.000 0.000 inf inf
1484790686354 796 1 1 300.000 0.000 inf inf
1484790686356 797 1 1 300.000 0.000 inf inf
1484790686356 798 1 1 300.000 0.000 inf inf
1484790686357 799 1 1 300.000 0.000 inf inf
1484790686357 800 1 1 300.000 0.000 inf inf
1484790686357 801 1 1 300.000 0.000 inf inf
1484790686358 802 1 1 300.000 0.000 inf inf
1484790686360 803 1 1 300.000 0.000 inf inf
1484790686360 804 1 1 300.000 0.000 inf inf
1484790686360 805 1 1 300.000 0.000 inf inf
1484790686361 806 1 1 300.000 0.000 inf inf
1484790686361 807 1 1 300.000 0.000 inf inf
1484790686361 808 1 1 300.000 0.000 inf inf
1484790686361 809 1 1 300.000 0.000 inf inf
1484790686362 810 1 1 300.000 0.000 inf inf
1484790686364 811 1 1 300.000 0.000 inf inf
1484790686364 812 1 1 300.000 0.000 inf inf
1484790686365 813 1 1 300.000 0.000 inf inf
1484790686365 814 1 1 300.000 0.000 inf inf
1484790686365 815 1 1 300.000 0.000 inf inf
1484790686365 816 1 1 300.000 0.000 inf inf
1484790686367 817 1 1 300.000 0.000 inf inf
1484790686367 818 1 1 300.000 0.000 inf inf
1484790686368 819 1 1 300.000 0.000 inf inf
1484790686370 820 1 1 300.000 0.000 inf inf
1484790686370 821 1 1 300.000 0.000 inf inf
1484790686371 822 1 1 300.000 0.000 inf inf
1484790686371 823 1 1 300.000 0.000 inf inf
1484790686371 824 1 1 300.000 0.000 inf inf
1484790686371 825 1 1 300.000 0.000 inf inf
1484790686374 826 1 1 300.000 0.000 inf inf
1484790686374 827 1 1 300.000 0.000 inf inf
1484790686374 828 1 1 300.000 0.000 inf inf
1484790686375 829 1 1 300.000 0.000 inf inf
1484790686375 830 1 1 300.000 0.000 inf inf
1484790686375 831 1 1 300.000 0.000 inf inf
1484790686375 832 1 1 300.000 0.000 inf inf
1484790686377 833 1 1 300.000 0.000 inf inf
1484790686377 834 1 1 300.000 0.000 inf inf
1484790686377 835 1 1 300.000 0.000 inf inf
1484790686378 836 1 1 300.000 0.000 inf inf
1484790686379 837 1 1 300.000 0.000 inf inf
1484790686380 838 1 1 300.000 0.000 inf inf
1484790686380 839 1 1 300.000 0.000 inf inf
1484790686380 840 1 1 300.000 0.000 inf inf
1484790686398 841 1 1 300.000 0.000 inf inf
1484790686398 842 1 1 300.000 0.000 inf inf
1484790686398 843 1 1 300.000 0.000 inf inf
1484790686399 844 1 1 300.000 0.000 inf inf
1484790686401 845 1 1 300.000 0.000 inf inf
1484790686401 846 1 1 300.000 0.000 inf inf
1484790686401 847 1 1 300.000 0.000 inf inf
1484790686402 848 1 1 300.000 0.000 inf inf
1484790686402 849 1 1 300.000 0.000 inf inf
1484790686402 850 1 1 300.000 0.000 inf inf
1484790686402 851 1 1 300.000 0.000 inf inf
1484790686405 852 1 1 300.000 0.000 inf inf
1484790686405 853 1 1 300.000 0.000 inf inf
1484790686405 854 1 1 300.000 0.000 inf inf
1484790686406 855 1 1 300.000 0.000 inf inf
1484790686406 856 1 1 300.000 0.000 inf inf
1484790686406 857 1 1 300.000 0.000 inf inf
1484790686407 858 1 1 300.000 0.000 inf inf
1484790686407 859 1 1 300.000 0.000 inf inf
1484790686409 860 1 1 300.000 0.000 inf inf
1484790686409 861 1 1 300.000 0.000 inf inf
1484790686409 862 1 1 300.000 0.000 inf inf
1484790686409 863 1 1 300.000 0.000 inf inf
1484790686410 864 1 1 300.000 0.000 inf inf
1484790686410 865 1 1 300.000 0.000 inf inf
1484790686411 866 1 1 300.000 0.000 inf inf
1484790686411 867 1 1 300.000 0.000 inf inf
1484790686413 868 1 1 300.000 0.000 inf inf
1484790686413 869 1 1 300.000 0.000 inf inf
1484790686413 870 1 1 300.000 0.000 inf inf
1484790686413 871 1 1 300.000 0.000 inf inf
1484790686414 872 1 1 300.000 0.000 inf inf
1484790686414 873 1 1 300.000 0.000 inf inf
1484790686415 874 1 1 300.000 0.000 inf inf
1484790686416 875 1 1 300.000 0.000 inf inf
1484790686417 876 1 1 300.000 0.000 inf inf
1484790686417 877 1 1 300.000 0.000 inf inf
1484790686417 878 1 1 300.000 0.000 inf inf
1484790686418 879 1 1 300.000 0.000 inf inf
1484790686418 880 1 1 300.000 0.000 inf inf
1484790686418 881 1 1 300.000 0.000 inf inf
1484790686420 882 1 1 300.000 0.000 inf inf
1484790686421 883 1 1 300.000 0.000 inf inf
1484790686421 884 1 1 300.000 0.000 inf inf
1484790686421 885 1 1 300.000 0.000 inf inf
1484790686421 886 1 1 300.000 0.000 inf inf
1484790686422 887 1 1 300.000 0.000 inf inf
1484790686422 888 1 1 300.000 0.000 inf inf
1484790686422 889 1 1 300.000 0.000 inf inf
1484790686422 890 1 1 300.000 0.000 inf inf
1484790686424 891 1 1 300.000 0.000 inf inf
1484790686425 892 1 1 300.000 0.000 inf inf
1484790686425 893 1 1 300.000 0.000 inf inf
1484790686425 894 1 1 300.000 0.000 inf inf
1484790686425 895 1 1 300.000 0.000 inf inf
1484790686426 896 1 1 300.000 0.000 inf inf
1484790686426 897 1 1 300.000 0.000 inf inf
1484790686426 898 1 1 300.000 0.000 inf inf
1484790686427 899 1 1 300.000 0.000 inf inf
1484790686428 900 1 1 300.000 0.000 inf inf
1484790686428 901 1 1 300.000 0.000 inf inf
1484790686430 902 1 1 300.000 0.000 inf inf
1484790686430 903 1 1 300.000 0.000 inf inf
1484790686431 904 1 1 300.000 0.000 inf inf
1484790686431 905 1 1 300.000 0.000 inf inf
1484790686431 906 1 1 300.000 0.000 inf inf
1484790686431 907 1 1 300.000 0.000 inf inf
1484790686432 908 1 1 300.000 0.000 inf inf
1484790686432 909 1 1 300.000 0.000 inf inf
1484790686432 910 1 1 300.000 0.000 inf inf
1484790686434 911 1 1 300.000 0.000 inf inf
1484790686434 912 1 1 300.000 0.000 inf inf
1484790686435 913 1 1 300.000 0.000 inf inf
1484790686435 914 1 1 300.000 0.000 inf inf
1484790686435 915 1 1 300.000 0.000 inf inf
1484790686435 916 1 1 300.000 0.000 inf inf
1484790686436 917 1 1 300.000 0.000 inf inf
1484790686436 918 1 1 300.000 0.000 inf inf
1484790686438 919 1 1 300.000 0.000 inf inf
1484790686438 920 1 1 300.000 0.000 inf inf
1484790686438 921 1 1 300.000 0.000 inf inf
1484790686440 922 1 1 300.000 0.000 inf inf
1484790686440 923 1 1 300.000 0.000 inf inf
1484790686441 924 1 1 300.000 0.000 inf inf
1484790686441 925 1 1 300.000 0.000 inf inf
1484790686441 926 1 1 300.000 0.000 inf inf
1484790686441 927 1 1 300.000 0.000 inf inf
1484790686442 928 1 1 300.000 0.000 inf inf
1484790686444 929 1 1 300.000 0.000 inf inf
1484790686444 930 1 1 300.000 0.000 inf inf
1484790686445 931 1 1 300.000 0.000 inf inf
1484790686445 932 1 1 300.000 0.000 inf inf
1484790686445 933 1 1 300.000 0.000 inf inf
1484790686446 934 1 1 300.000 0.000 inf inf
1484790686448 935 1 1 300.000 0.000 inf inf
1484790686448 936 1 1 300.000 0.000 inf inf
1484790686448 937 1 1 300.000 0.000 inf inf
1484790686449 938 1 1 300.000 0.000 inf inf
1484790686449 939 1 1 300.000 0.000 inf inf
1484790686449 940 1 1 300.000 0.000 inf inf
1484790686456 941 1 1 300.000 0.000 inf inf
1484790686456 942 1 1 300.000 0.000 inf inf
1484790686456 943 1 1 300.000 0.000 inf inf
1484790686457 944 1 1 300.000 0.000 inf inf
1484790686458 945 1 1 300.000 0.000 inf inf
1484790686458 946 1 1 300.000 0.000 inf inf
1484790686460 947 1 1 300.000 0.000 inf inf
1484790686460 948 1 1 300.000 0.000 inf inf
1484790686461 949 1 1 300.000 0.000 inf inf
1484790686462 950 1 1 300.000 0.000 inf inf
1484790686466 951 1 1 300.000 0.000 inf inf
1484790686466 952 1 1 300.000 0.000 inf inf
1484790686466 953 1 1 300.000 0.000 inf inf
1484790686466 954 1 1 300.000 0.000 inf inf
1484790686467 955 1 1 300.000 0.000 inf inf
1484790686467 956 1 1 300.000 0.000 inf inf
1484790686468 957 1 1 300.000 0.000 inf inf
1484790686471 958 1 1 300.000 0.000 inf inf
1484790686471 959 1 1 300.000 0.000 inf inf
1484790686472 960 1 1 300.000 0.000 inf inf
1484790686472 961 1 1 300.000 0.000 inf inf
1484790686473 962 1 1 300.000 0.000 inf inf
1484790686474 963 1 1 300.000 0.000 inf inf
1484790686474 964 1 1 300.000 0.000 inf inf
1484790686475 965 1 1 300.000 0.000 inf inf
1484790686477 966 1 1 300.000 0.000 inf inf
1484790686477 967 1 1 300.000 0.000 inf inf
1484790686478 968 1 1 300.000 0.000 inf inf
1484790686478 969 1 1 300.000 0.000 inf inf
1484790686479 970 1 1 300.000 0.000 inf inf
1484790686483 971 1 1 300.000 0.000 inf inf
1484790686483 972 1 1 300.000 0.000 inf inf
1484790686484 973 1 1 300.000 0.000 inf inf
1484790686484 974 1 1 300.000 0.000 inf inf
1484790686484 975 1 1 300.000 0.000 inf inf
1484790686484 976 1 1 300.000 0.000 inf inf
1484790686485 977 1 1 300.000 0.000 inf inf
1484790686487 978 1 1 300.000 0.000 inf inf
1484790686489 979 1 1 300.000 0.000 inf inf
1484790686491 980 1 1 300.000 0.000 inf inf
1484790686491 981 1 1 300.000 0.000 inf inf
1484790686493 982 1 1 300.000 0.000 inf inf
1484790686493 983 1 1 300.000 0.000 inf inf
1484790686494 984 1 1 300.000 0.000 inf inf
1484790686494 985 1 1 300.000 0.000 inf inf
1484790686495 986 1 1 300.000 0.000 inf inf
1484790686497 987 1 1 300.000 0.000 inf inf
1484790686499 988 1 1 300.000 0.000 inf inf
1484790686499 989 1 1 300.000 0.000 inf inf
1484790686499 990 1 1 300.000 0.000 inf inf
1484790686503 991 1 1 300.000 0.000 inf inf
1484790686503 992 1 1 300.000 0.000 inf inf
1484790686503 993 1 1 300.000 0.000 inf inf
1484790686505 994 1 1 300.000 0.000 inf inf
1484790686505 995 1 1 300.000 0.000 inf inf
1484790686505 996 1 1 300.000 0.000 inf inf
1484790686506 997 1 1 300.000 0.000 inf inf
1484790686509 998 1 1 300.000 0.000 inf inf
1484790686509 999 1 1 300.000 0.000 inf inf
1484790686510 1000 1 1 300.000 0.000 inf inf
1484790686511 1001 1 1 300.000 0.000 inf inf
1484790686512 1002 1 1 300.000 0.000 inf inf
1484790686514 1003 1 1 300.000 0.000 inf inf
1484790686516 1004 1 1 300.000 0.000 inf inf
1484790686518 1005 1 1 300.000 0.000 inf inf
1484790686519 1006 1 1 300.000 0.000 inf inf
1484790686519 1007 1 1 300.000 0.000 inf inf
1484790686519 1008 1 1 300.000 0.000 inf inf
1484790686519 1009 1 1 300.000 0.000 inf inf
1484790686520 1010 1 1 300.000 0.000 inf inf
1484790686522 1011 1 1 300.000 0.000 inf inf
1484790686524 1012 1 1 300.000 0.000 inf inf
1484790686524 1013 1 1 300.000 0.000 inf inf
1484790686524 1014 1 1 300.000 0.000 inf inf
1484790686525 1015 1 1 300.000 0.000 inf inf
1484790686525 1016 1 1 300.000 0.000 inf inf
1484790686525 1017 1 1 300.000 0.000 inf inf
1484790686526 1018 1 1 300.000 0.000 inf inf
1484790686529 1019 1 1 300.000 0.000 inf inf
1484790686530 1020 1 1 300.000 0.000 inf inf
1484790686530 1021 1 1 300.000 0.000 inf inf
1484790686530 1022 1 1 300.000 0.000 inf inf
1484790686532 1023 1 1 300.000 0.000 inf inf
1484790686532 1024 1 1 300.000 0.000 inf inf
1484790686534 1025 1 1 300.000 0.000 inf inf
1484790686536 1026 1 1 300.000 0.000 inf inf
1484790686538 1027 1 1 300.000 0.000 inf inf
1484790686538 1028 1 1 300.000 0.000 inf inf
1484790686538 1029 1 1 300.000 0.000 inf inf
1484790686539 1030 1 1 300.000 0.000 inf inf
1484790686539 1031 1 1 300.000 0.000 inf inf
1484790686540 1032 1 1 300.000 0.000 inf inf
1484790686544 1033 1 1 300.000 0.000 inf inf
1484790686544 1034 1 1 300.000 0.000 inf inf
1484790686544 1035 1 1 300.000 0.000 inf inf
1484790686545 1036 1 1 300.000 0.000 inf inf
1484790686545 1037 1 1 300.000 0.000 inf inf
1484790686545 1038 1 1 300.000 0.000 inf inf
1484790686548 1039 1 1 300.000 0.000 inf inf
1484790686550 1040 1 1 300.000 0.000 inf inf
1484790686550 1041 1 1 300.000 0.000 inf inf
1484790686550 1042 1 1 300.000 0.000 inf inf
1484790686550 1043 1 1 300.000 0.000 inf inf
1484790686551 1044 1 1 300.000 0.000 inf inf
1484790686551 1045 1 1 300.000 0.000 inf inf
1484790686553 1046 1 1 300.000 0.000 inf inf
1484790686554 1047 1 1 300.000 0.000 inf inf
1484790686554 1048 1 1 300.000 0.000 inf inf
1484790686555 1049 1 1 300.000 0.000 inf inf
1484790686556 1050 1 1 300.000 0.000 inf inf
1484790686557 1051 1 1 300.000 0.000 inf inf
1484790686560 1052 1 1 300.000 0.000 inf inf
1484790686560 1053 1 1 300.000 0.000 inf inf
1484790686561 1054 1 1 300.000 0.000 inf inf
1484790686562 1055 1 1 300.000 0.000 inf inf
1484790686562 1056 1 1 300.000 0.000 inf inf
1484790686563 1057 1 1 300.000 0.000 inf inf
1484790686563 1058 1 1 300.000 0.000 inf inf
1484790686565 1059 1 1 300.000 0.000 inf inf
1484790686567 1060 1 1 300.000 0.000 inf inf
1484790686567 1061 1 1 300.000 0.000 inf inf
1484790686569 1062 1 1 300.000 0.000 inf inf
1484790686571 1063 1 1 300.000 0.000 inf inf
1484790686571 1064 1 1 300.000 0.000 inf inf
1484790686571 1065 1 1 300.000 0.000 inf inf
1484790686572 1066 1 1 300.000 0.000 inf inf
1484790686573 1067 1 1 300.000 0.000 inf inf
1484790686575 1068 1 1 300.000 0.000 inf inf
1484790686577 1069 1 1 300.000 0.000 inf inf
1484790686577 1070 1 1 300.000 0.000 inf inf
1484790686577 1071 1 1 300.000 0.000 inf inf
1484790686578 1072 1 1 300.000 0.000 inf inf
1484790686579 1073 1 1 300.000 0.000 inf inf
1484790686579 1074 1 1 300.000 0.000 inf inf
1484790686580 1075 1 1 300.000 0.000 inf inf
1484790686581 1076 1 1 300.000 0.000 inf inf
1484790686585 1077 1 1 300.000 0.000 inf inf
1484790686585 1078 1 1 300.000 0.000 inf inf
1484790686585 1079 1 1 300.000 0.000 inf inf
1484790686586 1080 1 1 300.000 0.000 inf inf
1484790686586 1081 1 1 300.000 0.000 inf inf
1484790686586 1082 1 1 300.000 0.000 inf inf
1484790686589 1083 1 1 300.000 0.000 inf inf
1484790686590 1084 1 1 300.000 0.000 inf inf
1484790686591 1085 1 1 300.000 0.000 inf inf
1484790686591 1086 1 1 300.000 0.000 inf inf
1484790686592 1087 1 1 300.000 0.000 inf inf
1484790686594 1088 1 1 300.000 0.000 inf inf
1484790686596 1089 1 1 300.000 0.000 inf inf
1484790686597 1090 1 1 300.000 0.000 inf inf
1484790686597 1091 1 1 300.000 0.000 inf inf
1484790686597 1092 1 1 300.000 0.000 inf inf
1484790686598 1093 1 1 300.000 0.000 inf inf
1484790686600 1094 1 1 300.000 0.000 inf inf
1484790686602 1095 1 1 300.000 0.000 inf inf
1484790686602 1096 1 1 300.000 0.000 inf inf
1484790686603 1097 1 1 300.000 0.000 inf inf
1484790686603 1098 1 1 300.000 0.000 inf inf
1484790686603 1099 1 1 300.000 0.000 inf inf
1484790686606 1100 1 1 300.000 0.000 inf inf
1484790686608 1101 1 1 300.000 0.000 inf inf
1484790686608 1102 1 1 300.000 0.000 inf inf
1484790686609 1103 1 1 300.000 0.000 inf inf
1484790686609 1104 1 1 300.000 0.000 inf inf
1484790686609 1105 1 1 300.000 0.000 inf inf
1484790686609 1106 1 1 300.000 0.000 inf inf
1484790686612 1107 1 1 300.000 0.000 inf inf
1484790686614 1108 1 1 300.000 0.000 inf inf
1484790686614 1109 1 1 300.000 0.000 inf inf
1484790686614 1110 1 1 300.000 0.000 inf inf
1484790686615 1111 1 1 300.000 0.000 inf inf
1484790686616 1112 1 1 300.000 0.000 inf inf
1484790686616 1113 1 1 300.000 0.000 inf inf
1484790686618 1114 1 1 300.000 0.000 inf inf
1484790686620 1115 1 1 300.000 0.000 inf inf
1484790686621 1116 1 1 300.000 0.000 inf inf
1484790686622 1117 1 1 300.000 0.000 inf inf
1484790686624 1118 1 1 300.000 0.000 inf inf
1484790686625 1119 1 1 300.000 0.000 inf inf
1484790686625 1120 1 1 300.000 0.000 inf inf
1484790686626 1121 1 1 300.000 0.000 inf inf
1484790686626 1122 1 1 300.000 0.000 inf inf
1484790686628 1123 1 1 300.000 0.000 inf inf
1484790686628 1124 1 1 300.000 0.000 inf inf
1484790686630 1125 1 1 300.000 0.000 inf inf
1484790686630 1126 1 1 300.000 0.000 inf inf
1484790686632 1127 1 1 300.000 0.000 inf inf
1484790686632 1128 1 1 300.000 0.000 inf inf
1484790686634 1129 1 1 300.000 0.000 inf inf
1484790686634 1130 1 1 300.000 0.000 inf inf
1484790686636 1131 1 1 300.000 0.000 inf inf
1484790686638 1132 1 1 300.000 0.000 inf inf
1484790686639 1133 1 1 300.000 0.000 inf inf
1484790686639 1134 1 1 300.000 0.000 inf inf
1484790686641 1135 1 1 300.000 0.000 inf inf
1484790686642 1136 1 1 300.000 0.000 inf inf
1484790686643 1137 1 1 300.000 0.000 inf inf
1484790686646 1138 1 1 300.000 0.000 inf inf
1484790686646 1139 1 1 300.000 0.000 inf inf
1484790686649 1140 1 1 300.000 0.000 inf inf
1484790686649 1141 1 1 300.000 0.000 inf inf
1484790686649 1142 1 1 300.000 0.000 inf inf
1484790686650 1143 1 1 300.000 0.000 inf inf
1484790686650 1144 1 1 300.000 0.000 inf inf
1484790686651 1145 1 1 300.000 0.000 inf inf
1484790686653 1146 1 1 300.000 0.000 inf inf
1484790686655 1147 1 1 300.000 0.000 inf inf
1484790686655 1148 1 1 300.000 0.000 inf inf
1484790686656 1149 1 1 300.000 0.000 inf inf
1484790686656 1150 1 1 300.000 0.000 inf inf
1484790686657 1151 1 1 300.000 0.000 inf inf
1484790686659 1152 1 1 300.000 0.000 inf inf
1484790686661 1153 1 1 300.000 0.000 inf inf
1484790686661 1154 1 1 300.000 0.000 inf inf
1484790686661 1155 1 1 300.000 0.000 inf inf
1484790686662 1156 1 1 300.000 0.000 inf inf
1484790686662 1157 1 1 300.000 0.000 inf inf
1484790686663 1158 1 1 300.000 0.000 inf inf
1484790686667 1159 1 1 300.000 0.000 inf inf
1484790686667 1160 1 1 300.000 0.000 inf inf
1484790686667 1161 1 1 300.000 0.000 inf inf
1484790686667 1162 1 1 300.000 0.000 inf inf
1484790686668 1163 1 1 300.000 0.000 inf inf
1484790686668 1164 1 1 300.000 0.000 inf inf
1484790686670 1165 1 1 300.000 0.000 inf inf
1484790686671 1166 1 1 300.000 0.000 inf inf
1484790686672 1167 1 1 300.000 0.000 inf inf
1484790686673 1168 1 1 300.000 0.000 inf inf
1484790686673 1169 1 1 300.000 0.000 inf inf
1484790686674 1170 1 1 300.000 0.000 inf inf
1484790686675 1171 1 1 300.000 0.000 inf inf
1484790686676 1172 1 1 300.000 0.000 inf inf
1484790686678 1173 1 1 300.000 0.000 inf inf
1484790686679 1174 1 1 300.000 0.000 inf inf
1484790686680 1175 1 1 300.000 0.000 inf inf
1484790686681 1176 1 1 300.000 0.000 inf inf
1484790686681 1177 1 1 300.000 0.000 inf inf
1484790686682 1178 1 1 300.000 0.000 inf inf
1484790686684 1179 1 1 300.000 0.000 inf inf
1484790686686 1180 1 1 300.000 0.000 inf inf
1484790686687 1181 1 1 300.000 0.000 inf inf
1484790686687 1182 1 1 300.000 0.000 inf inf
1484790686688 1183 1 1 300.000 0.000 inf inf
1484790686688 1184 1 1 300.000 0.000 inf inf
1484790686690 1185 1 1 300.000 0.000 inf inf
1484790686692 1186 1 1 300.000 0.000 inf inf
1484790686692 1187 1 1 300.000 0.000 inf inf
1484790686692 1188 1 1 300.000 0.000 inf inf
1484790686694 1189 1 1 300.000 0.000 inf inf
1484790686696 1190 1 1 300.000 0.000 inf inf
1484790686696 1191 1 1 300.000 0.000 inf inf
1484790686696 1192 1 1 300.000 0.000 inf inf
1484790686697 1193 1 1 300.000 0.000 inf inf
1484790686698 1194 1 1 300.000 0.000 inf inf
1484790686700 1195 1 1 300.000 0.000 inf inf
1484790686700 1196 1 1 300.000 0.000 inf inf
1484790686702 1197 1 1 300.000 0.000 inf inf
1484790686702 1198 1 1 300.000 0.000 inf inf
1484790686702 1199 1 1 300.000 0.000 inf inf
1484790686704 1200 1 1 300.000 0.000 inf inf
1484790686706 1201 1 1 300.000 0.000 inf inf
1484790686706 1202 1 1 300.000 0.000 inf inf
1484790686708 1203 1 1 300.000 0.000 inf inf
1484790686708 1204 1 1 300.000 0.000 inf inf
1484790686708 1205 1 1 300.000 0.000 inf inf
1484790686710 1206 1 1 300.000 0.000 inf inf
1484790686712 1207 1 1 300.000 0.000 inf inf
1484790686714 1208 1 1 300.000 0.000 inf inf
1484790686716 1209 1 1 300.000 0.000 inf inf
1484790686716 1210 1 1 300.000 0.000 inf inf
1484790686716 1211 1 1 300.000 0.000 inf inf
1484790686716 1212 1 1 300.000 0.000 inf inf
1484790686717 1213 1 1 300.000 0.000 inf inf
1484790686719 1214 1 1 300.000 0.000 inf inf
1484790686722 1215 1 1 300.000 0.000 inf inf
1484790686722 1216 1 1 300.000 0.000 inf inf
1484790686722 1217 1 1 300.000 0.000 inf inf
1484790686723 1218 1 1 300.000 0.000 inf inf
1484790686725 1219 1 1 300.000 0.000 inf inf
1484790686727 1220 1 1 300.000 0.000 inf inf
1484790686729 1221 1 1 300.000 0.000 inf inf
1484790686731 1222 1 1 300.000 0.000 inf inf
1484790686732 1223 1 1 300.000 0.000 inf inf
1484790686732 1224 1 1 300.000 0.000 inf inf
1484790686732 1225 1 1 300.000 0.000 inf inf
1484790686732 1226 1 1 300.000 0.000 inf inf
1484790686733 1227 1 1 300.000 0.000 inf inf
1484790686737 1228 1 1 300.000 0.000 inf inf
1484790686737 1229 1 1 300.000 0.000 inf inf
1484790686737 1230 1 1 300.000 0.000 inf inf
1484790686738 1231 1 1 300.000 0.000 inf inf
1484790686738 1232 1 1 300.000 0.000 inf inf
1484790686738 1233 1 1 300.000 0.000 inf inf
1484790686739 1234 1 1 300.000 0.000 inf inf
1484790686741 1235 1 1 300.000 0.000 inf inf
1484790686743 1236 1 1 300.000 0.000 inf inf
1484790686743 1237 1 1 300.000 0.000 inf inf
1484790686743 1238 1 1 300.000 0.000 inf inf
1484790686745 1239 1 1 300.000 0.000 inf inf
1484790686747 1240 1 1 300.000 0.000 inf inf
1484790686747 1241 1 1 300.000 0.000 inf inf
1484790686747 1242 1 1 300.000 0.000 inf inf
1484790686749 1243 1 1 300.000 0.000 inf inf
1484790686749 1244 1 1 300.000 0.000 inf inf
1484790686749 1245 1 1 300.000 0.000 inf inf
1484790686751 1246 1 1 300.000 0.000 inf inf
1484790686753 1247 1 1 300.000 0.000 inf inf
1484790686755 1248 1 1 300.000 0.000 inf inf
1484790686755 1249 1 1 300.000 0.000 inf inf
1484790686755 1250 1 1 300.000 0.000 inf inf
1484790686756 1251 1 1 300.000 0.000 inf inf
1484790686757 1252 1 1 300.000 0.000 inf inf
1484790686758 1253 1 1 300.000 0.000 inf inf
1484790686760 1254 1 1 300.000 0.000 inf inf
1484790686761 1255 1 1 300.000 0.000 inf inf
1484790686761 1256 1 1 300.000 0.000 inf inf
1484790686762 1257 1 1 300.000 0.000 inf inf
1484790686763 1258 1 1 300.000 0.000 inf inf
1484790686764 1259 1 1 300.000 0.000 inf inf
1484790686765 1260 1 1 300.000 0.000 inf inf
1484790686766 1261 1 1 300.000 0.000 inf inf
1484790686768 1262 1 1 300.000 0.000 inf inf
1484790686770 1263 1 1 300.000 0.000 inf inf
1484790686770 1264 1 1 300.000 0.000 inf inf
1484790686771 1265 1 1 300.000 0.000 inf inf
1484790686771 1266 1 1 300.000 0.000 inf inf
1484790686771 1267 1 1 300.000 0.000 inf inf
1484790686773 1268 1 1 300.000 0.000 inf inf
1484790686773 1269 1 1 300.000 0.000 inf inf
1484790686774 1270 1 1 300.000 0.000 inf inf
1484790686778 1271 1 1 300.000 0.000 inf inf
1484790686778 1272 1 1 300.000 0.000 inf inf
1484790686779 1273 1 1 300.000 0.000 inf inf
1484790686779 1274 1 1 300.000 0.000 inf inf
1484790686779 1275 1 1 300.000 0.000 inf inf
1484790686779 1276 1 1 300.000 0.000 inf inf
1484790686780 1277 1 1 300.000 0.000 inf inf
1484790686782 1278 1 1 300.000 0.000 inf inf
1484790686783 1279 1 1 300.000 0.000 inf inf
1484790686784 1280 1 1 300.000 0.000 inf inf
1484790686786 1281 1 1 300.000 0.000 inf inf
1484790686788 1282 1 1 300.000 0.000 inf inf
1484790686788 1283 1 2 300.000 0.000 inf inf
1484790686788 1284 1 2 300.000 0.000 inf inf
1484790686789 1285 1 2 300.000 0.000 inf inf
1484790686790 1286 1 2 300.000 0.000 inf inf
1484790686792 1287 1 2 300.000 0.000 inf inf
1484790686793 1288 1 2 300.000 0.000 inf inf
1484790686794 1289 1 2 300.000 0.000 inf inf
1484790686794 1290 1 2 300.000 0.000 inf inf
1484790686797 1291 1 2 300.000 0.000 inf inf
1484790686798 1292 1 2 300.000 0.000 inf inf
1484790686798 1293 1 2 300.000 0.000 inf inf
1484790686798 1294 1 2 300.000 0.000 inf inf
1484790686799 1295 1 2 300.000 0.000 inf inf
1484790686800 1296 1 2 300.000 0.000 inf inf
1484790686800 1297 1 2 300.000 0.000 inf inf
1484790686802 1298 1 2 300.000 0.000 inf inf
1484790686802 1299 1 2 300.000 0.000 inf inf
1484790686805 1300 1 2 300.000 0.000 inf inf
1484790686807 1301 1 2 300.000 0.000 inf inf
1484790686807 1302 1 2 300.000 0.000 inf inf
1484790686808 1303 1 2 300.000 0.000 inf inf
1484790686808 1304 1 2 300.000 0.000 inf inf
1484790686808 1305 1 2 300.000 0.000 inf inf
1484790686813 1306 1 2 300.000 0.000 inf inf
1484790686813 1307 1 2 300.000 0.000 inf inf
1484790686814 1308 1 2 300.000 0.000 inf inf
1484790686815 1309 1 2 300.000 0.000 inf inf
1484790686815 1310 1 2 300.000 0.000 inf inf
1484790686816 1311 1 2 300.000 0.000 inf inf
1484790686817 1312 1 2 300.000 0.000 inf inf
1484790686819 1313 1 2 300.000 0.000 inf inf
1484790686819 1314 1 2 300.000 0.000 inf inf
1484790686821 1315 1 2 300.000 0.000 inf inf
1484790686821 1316 1 2 300.000 0.000 inf inf
1484790686821 1317 1 2 300.000 0.000 inf inf
1484790686823 1318 1 2 300.000 0.000 inf inf
1484790686823 1319 1 2 300.000 0.000 inf inf
1484790686825 1320 1 2 300.000 0.000 inf inf
1484790686827 1321 1 2 300.000 0.000 inf inf
1484790686827 1322 1 2 300.000 0.000 inf inf
1484790686827 1323 1 2 300.000 0.000 inf inf
1484790686829 1324 1 2 300.000 0.000 inf inf
1484790686829 1325 1 2 300.000 0.000 inf inf
1484790686829 1326 1 2 300.000 0.000 inf inf
1484790686833 1327 1 2 300.000 0.000 inf inf
1484790686833 1328 1 2 300.000 0.000 inf inf
1484790686833 1329 1 2 300.000 0.000 inf inf
1484790686835 1330 1 2 300.000 0.000 inf inf
1484790686835 1331 1 2 300.000 0.000 inf inf
1484790686835 1332 1 2 300.000 0.000 inf inf
1484790686837 1333 1 2 300.000 0.000 inf inf
1484790686839 1334 1 2 300.000 0.000 inf inf
1484790686839 1335 1 2 300.000 0.000 inf inf
1484790686840 1336 1 2 300.000 0.000 inf inf
1484790686841 1337 1 2 300.000 0.000 inf inf
1484790686842 1338 1 2 300.000 0.000 inf inf
1484790686843 1339 1 2 300.000 0.000 inf inf
1484790686843 1340 1 2 300.000 0.000 inf inf
1484790686844 1341 1 2 300.000 0.000 inf inf
1484790686848 1342 1 2 300.000 0.000 inf inf
1484790686849 1343 1 2 300.000 0.000 inf inf
1484790686849 1344 1 2 300.000 0.000 inf inf
1484790686849 1345 1 2 300.000 0.000 inf inf
1484790686849 1346 1 2 300.000 0.000 inf inf
1484790686850 1347 1 2 300.000 0.000 inf inf
1484790686852 1348 1 2 300.000 0.000 inf inf
1484790686854 1349 1 2 300.000 0.000 inf inf
1484790686855 1350 1 2 300.000 0.000 inf inf
1484790686855 1351 1 2 300.000 0.000 inf inf
1484790686855 1352 1 2 300.000 0.000 inf inf
1484790686855 1353 1 2 300.000 0.000 inf inf
1484790686856 1354 1 2 300.000 0.000 inf inf
1484790686860 1355 1 2 300.000 0.000 inf inf
1484790686860 1356 1 2 300.000 0.000 inf inf
1484790686861 1357 1 2 300.000 0.000 inf inf
1484790686861 1358 1 2 300.000 0.000 inf inf
1484790686861 1359 1 2 300.000 0.000 inf inf
1484790686862 1360 1 2 300.000 0.000 inf inf
1484790686864 1361 1 2 300.000 0.000 inf inf
1484790686866 1362 1 2 300.000 0.000 inf inf
1484790686866 1363 1 2 300.000 0.000 inf inf
1484790686866 1364 1 2 300.000 0.000 inf inf
1484790686867 1365 1 2 300.000 0.000 inf inf
1484790686867 1366 1 2 300.000 0.000 inf inf
1484790686868 1367 1 2 300.000 0.000 inf inf
1484790686872 1368 1 2 300.000 0.000 inf inf
1484790686872 1369 1 2 300.000 0.000 inf inf
1484790686872 1370 1 2 300.000 0.000 inf inf
1484790686873 1371 1 2 300.000 0.000 inf inf
1484790686873 1372 1 2 300.000 0.000 inf inf
1484790686874 1373 1 2 300.000 0.000 inf inf
1484790686874 1374 1 2 300.000 0.000 inf inf
1484790686876 1375 1 2 300.000 0.000 inf inf
1484790686878 1376 1 2 300.000 0.000 inf inf
1484790686878 1377 1 2 300.000 0.000 inf inf
1484790686880 1378 1 2 300.000 0.000 inf inf
1484790686881 1379 1 2 300.000 0.000 inf inf
1484790686881 1380 1 2 300.000 0.000 inf inf
1484790686885 1381 1 2 300.000 0.000 inf inf
1484790686885 1382 1 2 300.000 0.000 inf inf
1484790686885 1383 1 2 300.000 0.000 inf inf
1484790686886 1384 1 2 300.000 0.000 inf inf
1484790686887 1385 1 2 300.000 0.000 inf inf
1484790686889 1386 1 2 300.000 0.000 inf inf
1484790686889 1387 1 2 300.000 0.000 inf inf
1484790686890 1388 1 2 300.000 0.000 inf inf
1484790686891 1389 1 2 300.000 0.000 inf inf
1484790686893 1390 1 2 300.000 0.000 inf inf
1484790686895 1391 1 2 300.000 0.000 inf inf
1484790686895 1392 1 2 300.000 0.000 inf inf
1484790686895 1393 1 2 300.000 0.000 inf inf
1484790686896 1394 1 2 300.000 0.000 inf inf
1484790686899 1395 1 2 300.000 0.000 inf inf
1484790686899 1396 1 2 300.000 0.000 inf inf
1484790686900 1397 1 2 300.000 0.000 inf inf
1484790686901 1398 1 2 300.000 0.000 inf inf
1484790686901 1399 1 2 300.000 0.000 inf inf
1484790686902 1400 1 2 300.000 0.000 inf inf
1484790686903 1401 1 2 300.000 0.000 inf inf
1484790686905 1402 1 2 300.000 0.000 inf inf
1484790686905 1403 1 2 300.000 0.000 inf inf
1484790686907 1404 1 2 300.000 0.000 inf inf
1484790686907 1405 1 2 300.000 0.000 inf inf
1484790686907 1406 1 2 300.000 0.000 inf inf
1484790686909 1407 1 2 300.000 0.000 inf inf
1484790686911 1408 1 2 300.000 0.000 inf inf
1484790686911 1409 1 2 300.000 0.000 inf inf
1484790686913 1410 1 2 300.000 0.000 inf inf
1484790686913 1411 1 2 300.000 0.000 inf inf
1484790686915 1412 1 2 300.000 0.000 inf inf
1484790686917 1413 1 2 300.000 0.000 inf inf
1484790686917 1414 1 2 300.000 0.000 inf inf
1484790686917 1415 1 2 300.000 0.000 inf inf
1484790686919 1416 1 2 300.000 0.000 inf inf
1484790686919 1417 1 2 300.000 0.000 inf inf
1484790686919 1418 1 2 300.000 0.000 inf inf
1484790686922 1419 1 2 300.000 0.000 inf inf
1484790686924 1420 1 2 300.000 0.000 inf inf
1484790686925 1421 1 2 300.000 0.000 inf inf
1484790686925 1422 1 2 300.000 0.000 inf inf
1484790686925 1423 1 2 300.000 0.000 inf inf
1484790686926 1424 1 2 300.000 0.000 inf inf
1484790686926 1425 1 2 300.000 0.000 inf inf
1484790686932 1426 1 2 300.000 0.000 inf inf
1484790686933 1427 1 2 300.000 0.000 inf inf
1484790686933 1428 1 2 300.000 0.000 inf inf
1484790686933 1429 1 2 300.000 0.000 inf inf
1484790686934 1430 1 2 300.000 0.000 inf inf
1484790686934 1431 1 2 300.000 0.000 inf inf
1484790686934 1432 1 2 300.000 0.000 inf inf
1484790686935 1433 1 2 300.000 0.000 inf inf
1484790686936 1434 1 2 300.000 0.000 inf inf
1484790686938 1435 1 2 300.000 0.000 inf inf
1484790686938 1436 1 2 300.000 0.000 inf inf
1484790686939 1437 1 2 300.000 0.000 inf inf
1484790686939 1438 1 2 300.000 0.000 inf inf
1484790686939 1439 1 2 300.000 0.000 inf inf
1484790686940 1440 1 2 300.000 0.000 inf inf
1484790686940 1441 1 2 300.000 0.000 inf inf
1484790686944 1442 1 2 300.000 0.000 inf inf
1484790686944 1443 1 2 300.000 0.000 inf inf
1484790686945 1444 1 2 300.000 0.000 inf inf
1484790686945 1445 1 2 300.000 0.000 inf inf
1484790686948 1446 1 2 300.000 0.000 inf inf
1484790686948 1447 1 2 300.000 0.000 inf inf
1484790686950 1448 1 2 300.000 0.000 inf inf
1484790686950 1449 1 2 300.000 0.000 inf inf
1484790686950 1450 1 2 300.000 0.000 inf inf
1484790686951 1451 1 2 300.000 0.000 inf inf
1484790686951 1452 1 2 300.000 0.000 inf inf
1484790686954 1453 1 2 300.000 0.000 inf inf
1484790686956 1454 1 2 300.000 0.000 inf inf
1484790686956 1455 1 2 300.000 0.000 inf inf
1484790686956 1456 1 2 300.000 0.000 inf inf
1484790686956 1457 1 2 300.000 0.000 inf inf
1484790686958 1458 1 2 300.000 0.000 inf inf
1484790686960 1459 1 2 300.000 0.000 inf inf
1484790686961 1460 1 2 300.000 0.000 inf inf
1484790686962 1461 1 2 300.000 0.000 inf inf
1484790686962 1462 1 2 300.000 0.000 inf inf
1484790686962 1463 1 2 300.000 0.000 inf inf
1484790686962 1464 1 2 300.000 0.000 inf inf
1484790686963 1465 1 2 300.000 0.000 inf inf
1484790686963 1466 1 2 300.000 0.000 inf inf
1484790686966 1467 1 2 300.000 0.000 inf inf
1484790686967 1468 1 2 300.000 0.000 inf inf
1484790686968 1469 1 2 300.000 0.000 inf inf
1484790686968 1470 1 2 300.000 0.000 inf inf
1484790686969 1471 1 2 300.000 0.000 inf inf
1484790686971 1472 1 2 300.000 0.000 inf inf
1484790686972 1473 1 2 300.000 0.000 inf inf
1484790686973 1474 1 2 300.000 0.000 inf inf
1484790686974 1475 1 2 300.000 0.000 inf inf
1484790686974 1476 1 2 300.000 0.000 inf inf
1484790686975 1477 1 2 300.000 0.000 inf inf
1484790686976 1478 1 2 300.000 0.000 inf inf
1484790686977 1479 1 2 300.000 0.000 inf inf
1484790686979 1480 1 2 300.000 0.000 inf inf
1484790686981 1481 1 2 300.000 0.000 inf inf
1484790686981 1482 1 2 300.000 0.000 inf inf
1484790686983 1483 1 2 300.000 0.000 inf inf
1484790686983 1484 1 2 300.000 0.000 inf inf
1484790686984 1485 1 2 300.000 0.000 inf inf
1484790686985 1486 1 2 300.000 0.000 inf inf
1484790686986 1487 1 2 300.000 0.000 inf inf
1484790686987 1488 1 2 300.000 0.000 inf inf
1484790686991 1489 1 2 300.000 0.000 inf inf
1484790686991 1490 1 2 300.000 0.000 inf inf
1484790686992 1491 1 2 300.000 0.000 inf inf
1484790686992 1492 1 2 300.000 0.000 inf inf
1484790686992 1493 1 2 300.000 0.000 inf inf
1484790686992 1494 1 2 300.000 0.000 inf inf
1484790686993 1495 1 2 300.000 0.000 inf inf
1484790686995 1496 1 2 300.000 0.000 inf inf
1484790686995 1497 1 2 300.000 0.000 inf inf
1484790686996 1498 1 2 300.000 0.000 inf inf
1484790686996 1499 1 2 300.000 0.000 inf inf
1484790686996 1500 1 2 300.000 0.000 inf inf
1484790686999 1501 1 2 300.000 0.000 inf inf
1484790686999 1502 1 2 300.000 0.000 inf inf
1484790686999 1503 1 2 300.000 0.000 inf inf
1484790687000 1504 1 2 300.000 0.000 inf inf
1484790687000 1505 1 2 300.000 0.000 inf inf
1484790687000 1506 1 2 300.000 0.000 inf inf
1484790687000 1507 1 2 300.000 0.000 inf inf
1484790687003 1508 1 2 300.000 0.000 inf inf
1484790687003 1509 1 2 300.000 0.000 inf inf
1484790687003 1510 1 2 300.000 0.000 inf inf
1484790687004 1511 1 2 300.000 0.000 inf inf
1484790687004 1512 1 2 300.000 0.000 inf inf
1484790687004 1513 1 2 300.000 0.000 inf inf
1484790687012 1514 1 2 300.000 0.000 inf inf
1484790687013 1515 1 2 300.000 0.000 inf inf
1484790687013 1516 1 2 300.000 0.000 inf inf
1484790687013 1517 1 2 300.000 0.000 inf inf
1484790687014 1518 1 2 300.000 0.000 inf inf
1484790687015 1519 1 2 300.000 0.000 inf inf
1484790687017 1520 1 2 300.000 0.000 inf inf
1484790687017 1521 1 2 300.000 0.000 inf inf
1484790687017 1522 1 2 300.000 0.000 inf inf
1484790687017 1523 1 2 300.000 0.000 inf inf
1484790687020 1524 1 2 300.000 0.000 inf inf
1484790687022 1525 1 2 300.000 0.000 inf inf
1484790687023 1526 1 2 300.000 0.000 inf inf
1484790687023 1527 1 2 300.000 0.000 inf inf
1484790687023 1528 1 2 300.000 0.000 inf inf
1484790687023 1529 1 2 300.000 0.000 inf inf
1484790687024 1530 1 2 300.000 0.000 inf inf
1484790687027 1531 1 2 300.000 0.000 inf inf
1484790687027 1532 1 2 300.000 0.000 inf inf
1484790687028 1533 1 2 300.000 0.000 inf inf
1484790687030 1534 1 2 300.000 0.000 inf inf
1484790687032 1535 1 2 300.000 0.000 inf inf
1484790687032 1536 1 2 300.000 0.000 inf inf
1484790687032 1537 1 2 300.000 0.000 inf inf
1484790687033 1538 1 2 300.000 0.000 inf inf
1484790687034 1539 1 2 300.000 0.000 inf inf
1484790687037 1540 1 2 300.000 0.000 inf inf
1484790687037 1541 1 2 300.000 0.000 inf inf
1484790687038 1542 1 2 300.000 0.000 inf inf
1484790687038 1543 1 2 300.000 0.000 inf inf
1484790687038 1544 1 2 300.000 0.000 inf inf
1484790687040 1545 1 2 300.000 0.000 inf inf
1484790687040 1546 1 2 300.000 0.000 inf inf
1484790687040 1547 1 2 300.000 0.000 inf inf
1484790687040 1548 1 2 300.000 0.000 inf inf
1484790687042 1549 1 2 300.000 0.000 inf inf
1484790687042 1550 1 2 300.000 0.000 inf inf
1484790687042 1551 1 2 300.000 0.000 inf inf
1484790687044 1552 1 2 300.000 0.000 inf inf
1484790687044 1553 1 2 300.000 0.000 inf inf
1484790687044 1554 1 2 300.000 0.000 inf inf
1484790687044 1555 1 2 300.000 0.000 inf inf
1484790687045 1556 1 2 300.000 0.000 inf inf
1484790687045 1557 1 2 300.000 0.000 inf inf
1484790687046 1558 1 2 300.000 0.000 inf inf
1484790687047 1559 1 2 300.000 0.000 inf inf
1484790687048 1560 1 2 300.000 0.000 inf inf
1484790687048 1561 1 2 300.000 0.000 inf inf
1484790687049 1562 1 2 300.000 0.000 inf inf
1484790687050 1563 1 2 300.000 0.000 inf inf
1484790687050 1564 1 2 300.000 0.000 inf inf
1484790687050 1565 1 2 300.000 0.000 inf inf
1484790687050 1566 1 2 300.000 0.000 inf inf
1484790687051 1567 1 2 300.000 0.000 inf inf
1484790687052 1568 1 2 300.000 0.000 inf inf
1484790687053 1569 1 2 300.000 0.000 inf inf
1484790687054 1570 1 2 300.000 0.000 inf inf
1484790687054 1571 1 2 300.000 0.000 inf inf
1484790687054 1572 1 2 300.000 0.000 inf inf
1484790687055 1573 1 2 300.000 0.000 inf inf
1484790687057 1574 1 2 300.000 0.000 inf inf
1484790687058 1575 1 2 300.000 0.000 inf inf
1484790687058 1576 1 2 300.000 0.000 inf inf
1484790687058 1577 1 2 300.000 0.000 inf inf
1484790687058 1578 1 2 300.000 0.000 inf inf
1484790687059 1579 1 2 300.000 0.000 inf inf
1484790687059 1580 1 2 300.000 0.000 inf inf
1484790687061 1581 1 2 300.000 0.000 inf inf
1484790687062 1582 1 2 300.000 0.000 inf inf
1484790687062 1583 1 2 300.000 0.000 inf inf
1484790687062 1584 1 2 300.000 0.000 inf inf
1484790687062 1585 1 2 300.000 0.000 inf inf
1484790687063 1586 1 2 300.000 0.000 inf inf
1484790687065 1587 1 2 300.000 0.000 inf inf
1484790687066 1588 1 2 300.000 0.000 inf inf
1484790687066 1589 1 2 300.000 0.000 inf inf
1484790687066 1590 1 2 300.000 0.000 inf inf
1484790687066 1591 1 2 300.000 0.000 inf inf
1484790687067 1592 1 2 300.000 0.000 inf inf
1484790687067 1593 1 2 300.000 0.000 inf inf
1484790687075 1594 1 2 300.000 0.000 inf inf
1484790687075 1595 1 2 300.000 0.000 inf inf
1484790687077 1596 1 2 300.000 0.000 inf inf
1484790687077 1597 1 2 300.000 0.000 inf inf
1484790687078 1598 1 2 300.000 0.000 inf inf
1484790687078 1599 1 2 300.000 0.000 inf inf
1484790687079 1600 1 2 300.000 0.000 inf inf
1484790687081 1601 1 2 300.000 0.000 inf inf
1484790687081 1602 1 2 300.000 0.000 inf inf
1484790687081 1603 1 2 300.000 0.000 inf inf
1484790687082 1604 1 2 300.000 0.000 inf inf
1484790687082 1605 1 2 300.000 0.000 inf inf
1484790687083 1606 1 2 300.000 0.000 inf inf
1484790687087 1607 1 2 300.000 0.000 inf inf
1484790687087 1608 1 2 300.000 0.000 inf inf
1484790687087 1609 1 2 300.000 0.000 inf inf
1484790687088 1610 1 2 300.000 0.000 inf inf
1484790687088 1611 1 2 300.000 0.000 inf inf
1484790687088 1612 1 2 300.000 0.000 inf inf
1484790687092 1613 1 2 300.000 0.000 inf inf
1484790687093 1614 1 2 300.000 0.000 inf inf
1484790687093 1615 1 2 300.000 0.000 inf inf
1484790687093 1616 1 2 300.000 0.000 inf inf
1484790687094 1617 1 2 300.000 0.000 inf inf
1484790687094 1618 1 2 300.000 0.000 inf inf
1484790687096 1619 1 2 300.000 0.000 inf inf
1484790687098 1620 1 2 300.000 0.000 inf inf
1484790687098 1621 1 2 300.000 0.000 inf inf
1484790687099 1622 1 2 300.000 0.000 inf inf
1484790687100 1623 1 2 300.000 0.000 inf inf
1484790687101 1624 1 2 300.000 0.000 inf inf
1484790687102 1625 1 2 300.000 0.000 inf inf
1484790687104 1626 1 2 300.000 0.000 inf inf
1484790687104 1627 1 2 300.000 0.000 inf inf
1484790687105 1628 1 2 300.000 0.000 inf inf
1484790687106 1629 1 2 300.000 0.000 inf inf
1484790687106 1630 1 2 300.000 0.000 inf inf
1484790687107 1631 1 2 300.000 0.000 inf inf
1484790687108 1632 1 2 300.000 0.000 inf inf
1484790687108 1633 1 2 300.000 0.000 inf inf
1484790687110 1634 1 2 300.000 0.000 inf inf
1484790687110 1635 1 2 300.000 0.000 inf inf
1484790687111 1636 1 2 300.000 0.000 inf inf
1484790687111 1637 1 2 300.000 0.000 inf inf
1484790687112 1638 1 2 300.000 0.000 inf inf
1484790687112 1639 1 2 300.000 0.000 inf inf
1484790687112 1640 1 2 300.000 0.000 inf inf
1484790687114 1641 1 2 300.000 0.000 inf inf
1484790687114 1642 1 2 300.000 0.000 inf inf
1484790687114 1643 1 2 300.000 0.000 inf inf
1484790687115 1644 1 2 300.000 0.000 inf inf
1484790687115 1645 1 2 300.000 0.000 inf inf
1484790687116 1646 1 2 300.000 0.000 inf inf
1484790687118 1647 1 2 300.000 0.000 inf inf
1484790687118 1648 1 2 300.000 0.000 inf inf
1484790687118 1649 1 2 300.000 0.000 inf inf
1484790687119 1650 1 2 300.000 0.000 inf inf
1484790687119 1651 1 2 300.000 0.000 inf inf
1484790687119 1652 1 2 300.000 0.000 inf inf
1484790687121 1653 1 2 300.000 0.000 inf inf
1484790687122 1654 1 2 300.000 0.000 inf inf
1484790687122 1655 1 2 300.000 0.000 inf inf
1484790687122 1656 1 2 300.000 0.000 inf inf
1484790687123 1657 1 2 300.000 0.000 inf inf
1484790687123 1658 1 2 300.000 0.000 inf inf
1484790687123 1659 1 2 300.000 0.000 inf inf
1484790687124 1660 1 2 300.000 0.000 inf inf
1484790687126 1661 1 2 300.000 0.000 inf inf
1484790687126 1662 1 2 300.000 0.000 inf inf
1484790687127 1663 1 2 300.000 0.000 inf inf
1484790687127 1664 1 2 300.000 0.000 inf inf
1484790687127 1665 1 2 300.000 0.000 inf inf
1484790687128 1666 1 2 300.000 0.000 inf inf
1484790687129 1667 1 2 300.000 0.000 inf inf
1484790687129 1668 1 2 300.000 0.000 inf inf
1484790687132 1669 1 2 300.000 0.000 inf inf
1484790687132 1670 1 2 300.000 0.000 inf inf
1484790687132 1671 1 2 300.000 0.000 inf inf
1484790687133 1672 1 2 300.000 0.000 inf inf
1484790687133 1673 1 2 300.000 0.000 inf inf
1484790687133 1674 1 2 300.000 0.000 inf inf
1484790687136 1675 1 2 300.000 0.000 inf inf
1484790687136 1676 1 2 300.000 0.000 inf inf
1484790687136 1677 1 2 300.000 0.000 inf inf
1484790687136 1678 1 2 300.000 0.000 inf inf
1484790687137 1679 1 2 300.000 0.000 inf inf
1484790687137 1680 1 2 300.000 0.000 inf inf
1484790687137 1681 1 2 300.000 0.000 inf inf
1484790687139 1682 1 2 300.000 0.000 inf inf
1484790687139 1683 1 2 300.000 0.000 inf inf
1484790687139 1684 1 2 300.000 0.000 inf inf
1484790687147 1685 1 2 300.000 0.000 inf inf
1484790687147 1686 1 2 300.000 0.000 inf inf
1484790687148 1687 1 2 300.000 0.000 inf inf
1484790687149 1688 1 2 300.000 0.000 inf inf
1484790687149 1689 1 2 300.000 0.000 inf inf
1484790687151 1690 1 2 300.000 0.000 inf inf
1484790687151 1691 1 2 300.000 0.000 inf inf
1484790687151 1692 1 2 300.000 0.000 inf inf
1484790687152 1693 1 2 300.000 0.000 inf inf
1484790687152 1694 1 2 300.000 0.000 inf inf
1484790687152 1695 1 2 300.000 0.000 inf inf
1484790687153 1696 1 2 300.000 0.000 inf inf
1484790687153 1697 1 2 300.000 0.000 inf inf
1484790687157 1698 1 2 300.000 0.000 inf inf
1484790687157 1699 1 2 300.000 0.000 inf inf
1484790687158 1700 1 2 300.000 0.000 inf inf
1484790687158 1701 1 2 300.000 0.000 inf inf
1484790687158 1702 1 2 300.000 0.000 inf inf
1484790687159 1703 1 2 300.000 0.000 inf inf
1484790687161 1704 1 2 300.000 0.000 inf inf
1484790687163 1705 1 2 300.000 0.000 inf inf
1484790687163 1706 1 2 300.000 0.000 inf inf
1484790687163 1707 1 2 300.000 0.000 inf inf
1484790687164 1708 1 2 300.000 0.000 inf inf
1484790687165 1709 1 2 300.000 0.000 inf inf
1484790687167 1710 1 2 300.000 0.000 inf inf
1484790687169 1711 1 2 300.000 0.000 inf inf
1484790687169 1712 1 2 300.000 0.000 inf inf
1484790687169 1713 1 2 300.000 0.000 inf inf
1484790687171 1714 1 2 300.000 0.000 inf inf
1484790687171 1715 1 2 300.000 0.000 inf inf
1484790687172 1716 1 2 300.000 0.000 inf inf
1484790687174 1717 1 2 300.000 0.000 inf inf
1484790687175 1718 1 2 300.000 0.000 inf inf
1484790687176 1719 1 2 300.000 0.000 inf inf
1484790687177 1720 1 2 300.000 0.000 inf inf
1484790687177 1721 1 2 300.000 0.000 inf inf
1484790687178 1722 1 2 300.000 0.000 inf inf
1484790687179 1723 1 2 300.000 0.000 inf inf
1484790687180 1724 1 2 300.000 0.000 inf inf
1484790687181 1725 1 2 300.000 0.000 inf inf
1484790687182 1726 1 2 300.000 0.000 inf inf
1484790687184 1727 1 2 300.000 0.000 inf inf
1484790687185 1728 1 2 300.000 0.000 inf inf
1484790687185 1729 1 2 300.000 0.000 inf inf
1484790687185 1730 1 2 300.000 0.000 inf inf
1484790687185 1731 1 2 300.000 0.000 inf inf
1484790687186 1732 1 2 300.000 0.000 inf inf
1484790687186 1733 1 2 300.000 0.000 inf inf
1484790687188 1734 1 2 300.000 0.000 inf inf
1484790687188 1735 1 2 300.000 0.000 inf inf
1484790687189 1736 1 2 300.000 0.000 inf inf
1484790687189 1737 1 2 300.000 0.000 inf inf
1484790687189 1738 1 2 300.000 0.000 inf inf
1484790687190 1739 1 2 300.000 0.000 inf inf
1484790687193 1740 1 2 300.000 0.000 inf inf
1484790687193 1741 1 2 300.000 0.000 inf inf
1484790687193 1742 1 2 300.000 0.000 inf inf
1484790687194 1743 1 2 300.000 0.000 inf inf
1484790687194 1744 1 2 300.000 0.000 inf inf
1484790687194 1745 1 2 300.000 0.000 inf inf
1484790687194 1746 1 2 300.000 0.000 inf inf
1484790687195 1747 1 2 300.000 0.000 inf inf
1484790687196 1748 1 2 300.000 0.000 inf inf
1484790687196 1749 1 2 300.000 0.000 inf inf
1484790687198 1750 1 2 300.000 0.000 inf inf
1484790687199 1751 1 2 300.000 0.000 inf inf
1484790687200 1752 1 2 300.000 0.000 inf inf
1484790687202 1753 1 2 300.000 0.000 inf inf
1484790687203 1754 1 2 300.000 0.000 inf inf
1484790687203 1755 1 2 300.000 0.000 inf inf
1484790687206 1756 1 2 300.000 0.000 inf inf
1484790687207 1757 1 2 300.000 0.000 inf inf
1484790687208 1758 1 2 300.000 0.000 inf inf
1484790687211 1759 1 2 300.000 0.000 inf inf
1484790687213 1760 1 2 300.000 0.000 inf inf
1484790687214 1761 1 2 300.000 0.000 inf inf
1484790687216 1762 1 2 300.000 0.000 inf inf
1484790687216 1763 1 2 300.000 0.000 inf inf
1484790687216 1764 1 2 300.000 0.000 inf inf
1484790687217 1765 1 2 300.000 0.000 inf inf
1484790687218 1766 1 2 300.000 0.000 inf inf
1484790687219 1767 1 2 300.000 0.000 inf inf
1484790687221 1768 1 2 300.000 0.000 inf inf
1484790687222 1769 1 2 300.000 0.000 inf inf
1484790687222 1770 1 2 300.000 0.000 inf inf
1484790687223 1771 1 2 300.000 0.000 inf inf
1484790687223 1772 1 2 300.000 0.000 inf inf
1484790687225 1773 1 2 300.000 0.000 inf inf
1484790687227 1774 1 2 300.000 0.000 inf inf
1484790687227 1775 1 2 300.000 0.000 inf inf
1484790687228 1776 1 2 300.000 0.000 inf inf
1484790687228 1777 1 2 300.000 0.000 inf inf
1484790687229 1778 1 2 300.000 0.000 inf inf
1484790687229 1779 1 2 300.000 0.000 inf inf
1484790687233 1780 1 2 300.000 0.000 inf inf
1484790687233 1781 1 2 300.000 0.000 inf inf
1484790687234 1782 1 2 300.000 0.000 inf inf
1484790687235 1783 1 2 300.000 0.000 inf inf
1484790687235 1784 1 2 300.000 0.000 inf inf
1484790687236 1785 1 2 300.000 0.000 inf inf
1484790687236 1786 1 2 300.000 0.000 inf inf
1484790687237 1787 1 2 300.000 0.000 inf inf
1484790687237 1788 1 2 300.000 0.000 inf inf
1484790687239 1789 1 2 300.000 0.000 inf inf
1484790687239 1790 1 2 300.000 0.000 inf inf
1484790687239 1791 1 2 300.000 0.000 inf inf
1484790687240 1792 1 2 300.000 0.000 inf inf
1484790687240 1793 1 2 300.000 0.000 inf inf
1484790687241 1794 1 2 300.000 0.000 inf inf
1484790687243 1795 1 2 300.000 0.000 inf inf
1484790687243 1796 1 2 300.000 0.000 inf inf
1484790687243 1797 1 2 300.000 0.000 inf inf
1484790687244 1798 1 2 300.000 0.000 inf inf
1484790687244 1799 1 2 300.000 0.000 inf inf
1484790687244 1800 1 2 300.000 0.000 inf inf
1484790687244 1801 1 2 300.000 0.000 inf inf
1484790687247 1802 1 2 300.000 0.000 inf inf
1484790687247 1803 1 2 300.000 0.000 inf inf
1484790687247 1804 1 2 300.000 0.000 inf inf
1484790687248 1805 1 2 300.000 0.000 inf inf
1484790687248 1806 1 2 300.000 0.000 inf inf
1484790687248 1807 1 2 300.000 0.000 inf inf
1484790687248 1808 1 2 300.000 0.000 inf inf
1484790687250 1809 1 2 300.000 0.000 inf inf
1484790687251 1810 1 2 300.000 0.000 inf inf
1484790687251 1811 1 2 300.000 0.000 inf inf
1484790687251 1812 1 2 300.000 0.000 inf inf
1484790687251 1813 1 2 300.000 0.000 inf inf
1484790687252 1814 1 2 300.000 0.000 inf inf
1484790687253 1815 1 2 300.000 0.000 inf inf
1484790687253 1816 1 2 300.000 0.000 inf inf
1484790687255 1817 1 2 300.000 0.000 inf inf
1484790687255 1818 1 2 300.000 0.000 inf inf
1484790687255 1819 1 2 300.000 0.000 inf inf
1484790687255 1820 1 2 300.000 0.000 inf inf
1484790687257 1821 1 2 300.000 0.000 inf inf
1484790687257 1822 1 2 300.000 0.000 inf inf
1484790687259 1823 1 2 300.000 0.000 inf inf
1484790687259 1824 1 2 300.000 0.000 inf inf
1484790687259 1825 1 2 300.000 0.000 inf inf
1484790687259 1826 1 2 300.000 0.000 inf inf
1484790687260 1827 1 2 300.000 0.000 inf inf
1484790687263 1828 1 2 300.000 0.000 inf inf
1484790687263 1829 1 2 300.000 0.000 inf inf
1484790687263 1830 1 2 300.000 0.000 inf inf
1484790687263 1831 1 2 300.000 0.000 inf inf
1484790687264 1832 1 2 300.000 0.000 inf inf
1484790687264 1833 1 2 300.000 0.000 inf inf
1484790687267 1834 1 2 300.000 0.000 inf inf
1484790687267 1835 1 2 300.000 0.000 inf inf
1484790687267 1836 1 2 300.000 0.000 inf inf
1484790687267 1837 1 2 300.000 0.000 inf inf
1484790687268 1838 1 2 300.000 0.000 inf inf
1484790687268 1839 1 2 300.000 0.000 inf inf
1484790687268 1840 1 2 300.000 0.000 inf inf
1484790687273 1841 1 2 300.000 0.000 inf inf
1484790687273 1842 1 2 300.000 0.000 inf inf
1484790687276 1843 1 2 300.000 0.000 inf inf
1484790687276 1844 1 2 300.000 0.000 inf inf
1484790687277 1845 1 2 300.000 0.000 inf inf
1484790687277 1846 1 2 300.000 0.000 inf inf
1484790687277 1847 1 2 300.000 0.000 inf inf
1484790687277 1848 1 2 300.000 0.000 inf inf
1484790687278 1849 1 2 300.000 0.000 inf inf
1484790687278 1850 1 2 300.000 0.000 inf inf
1484790687280 1851 1 2 300.000 0.000 inf inf
1484790687280 1852 1 2 300.000 0.000 inf inf
1484790687280 1853 1 2 300.000 0.000 inf inf
1484790687281 1854 1 2 300.000 0.000 inf inf
1484790687281 1855 1 2 300.000 0.000 inf inf
1484790687281 1856 1 2 300.000 0.000 inf inf
1484790687282 1857 1 2 300.000 0.000 inf inf
1484790687284 1858 1 2 300.000 0.000 inf inf
1484790687284 1859 1 2 300.000 0.000 inf inf
1484790687284 1860 1 2 300.000 0.000 inf inf
1484790687285 1861 1 2 300.000 0.000 inf inf
1484790687285 1862 1 2 300.000 0.000 inf inf
1484790687285 1863 1 2 300.000 0.000 inf inf
1484790687287 1864 1 2 300.000 0.000 inf inf
1484790687288 1865 2 2 300.000 0.000 inf inf
