Serial_number: 0 
Time Data_Count Cycle State Desired_force_(psi) Measured_force_(psi) Toe_sensor Heel_Sensor
1479776004092 0 0 0 196.000 0.000 -789.87 -2746.54
1479776004140 1 0 1 196.000 0.000 -789.50 -2551.72
1479776004159 2 0 1 196.000 0.000 -789.04 19292.80
1479776004174 3 0 1 196.000 0.000 -788.01 -2671.24
1479776004196 4 0 1 196.000 0.000 -776.99 908.80
1479776004221 5 0 1 196.000 0.000 -765.80 8262.40
1479776004250 6 0 1 196.000 0.000 -754.76 4585.60
1479776004272 7 0 1 196.000 0.000 -746.54 4585.60
1479776004285 8 0 1 196.000 0.000 -741.32 8262.40
1479776004299 9 0 1 196.000 0.000 -735.80 4585.60
1479776004310 10 0 1 196.000 0.000 -733.68 2747.20
1479776004328 11 0 1 196.000 0.000 -728.91 1644.16
1479776004336 12 0 1 196.000 0.000 -726.23 4585.60
1479776004351 13 0 1 196.000 0.000 -724.80 1644.16
1479776004367 14 0 1 196.000 0.000 -720.11 -561.92
1479776004381 15 0 1 196.000 0.000 -720.11 -10.40
1479776004395 16 0 1 196.000 0.000 -718.40 2747.20
1479776004412 17 0 1 196.000 0.000 -714.72 4585.60
1479776004429 18 0 1 196.000 0.000 -716.60 19292.80
1479776004444 19 0 1 196.000 0.000 -712.74 1644.16
1479776004457 20 0 1 196.000 0.000 -712.74 4585.60
1479776004469 21 0 1 196.000 0.000 -712.74 2747.20
1479776004485 22 0 1 196.000 0.000 -714.72 1644.16
1479776004502 23 0 1 196.000 0.000 -712.74 2747.20
1479776004514 24 0 1 196.000 0.000 -708.45 -929.60
1479776004524 25 0 1 196.000 0.000 -708.45 -316.80
1479776004541 26 0 1 196.000 0.000 -708.45 383.54
1479776004551 27 0 1 196.000 0.000 -710.65 -10.40
1479776004561 28 0 1 196.000 0.000 -710.65 -762.47
1479776004571 29 0 1 196.000 0.000 -706.13 -762.47
1479776004584 30 0 1 196.000 0.000 -706.13 -762.47
1479776004604 31 0 1 196.000 0.000 -703.68 -561.92
1479776004609 32 0 1 196.000 0.000 -703.68 -316.80
1479776004619 33 0 1 196.000 0.000 -701.08 -316.80
1479776004631 34 0 2 196.000 0.000 -706.13 -561.92
1479776004647 35 0 2 196.000 0.000 -703.68 -561.92
1479776004658 36 0 2 196.000 0.000 -703.68 -316.80
1479776004670 37 0 2 196.000 0.000 -703.68 -10.40
1479776004680 38 0 2 196.000 0.000 -706.13 -316.80
1479776004694 39 0 2 196.000 0.000 -703.68 -762.47
1479776004709 40 0 2 196.000 0.000 -703.68 -561.92
1479776004719 41 0 2 196.000 0.000 -706.13 -316.80
1479776004731 42 0 2 196.000 0.000 -706.13 -10.40
1479776004748 43 0 2 196.000 0.000 -706.13 -316.80
1479776004762 44 0 2 196.000 0.000 -703.68 -316.80
1479776004782 45 0 2 196.000 0.000 -706.13 -561.92
1479776004797 46 0 2 196.000 0.000 -701.08 -561.92
1479776004807 47 0 2 196.000 0.000 -701.08 -561.92
1479776004815 48 0 2 196.000 0.000 -703.68 -316.80
1479776004827 49 0 2 196.000 0.000 -706.13 -762.47
1479776004836 50 0 2 196.000 0.000 -701.08 -762.47
1479776004846 51 0 2 196.000 0.000 -706.13 -762.47
1479776004858 52 0 2 196.000 0.000 -706.13 -561.92
1479776004867 53 0 2 196.000 0.000 -703.68 -561.92
1479776004877 54 0 2 196.000 0.000 -703.68 -561.92
1479776004887 55 0 2 196.000 0.000 -706.13 -762.47
1479776004898 56 0 2 196.000 0.000 -698.33 -561.92
1479776004908 57 0 2 196.000 0.000 -701.08 -561.92
1479776004918 58 0 2 196.000 0.000 -701.08 -561.92
1479776004930 59 0 2 196.000 0.000 -703.68 -762.47
1479776004938 60 0 2 196.000 0.000 -703.68 -762.47
1479776004949 61 0 2 196.000 0.000 -701.08 -561.92
1479776004959 62 0 2 196.000 0.000 -703.68 -762.47
1479776004970 63 0 2 196.000 0.000 -701.08 -929.60
1479776004977 64 0 2 196.000 0.000 -701.08 -762.47
1479776004987 65 0 2 196.000 0.000 -701.08 -762.47
1479776004998 66 0 2 196.000 0.000 -701.08 -929.60
1479776005008 67 0 2 196.000 0.000 -703.68 -762.47
1479776005016 68 0 2 196.000 0.000 -701.08 -762.47
1479776005026 69 0 2 196.000 0.000 -703.68 -929.60
1479776005037 70 0 2 196.000 0.000 -701.08 -1071.02
1479776005053 71 0 2 196.000 0.000 -701.08 -1071.02
1479776005069 72 0 2 196.000 0.000 -692.28 -929.60
1479776005090 73 0 2 196.000 0.000 -692.28 -1071.02
1479776005102 74 0 2 196.000 0.000 -692.28 -1071.02
1479776005115 75 0 2 196.000 0.000 -695.40 -762.47
1479776005135 76 1 2 196.000 0.000 -695.40 -1192.23
1479776005149 77 1 1 196.000 0.000 -698.33 -929.60
1479776005162 78 1 1 196.000 0.000 -698.33 -561.92
1479776005180 79 1 1 196.000 0.000 -698.33 -561.92
1479776005195 80 1 1 196.000 0.000 -701.08 -762.47
1479776005209 81 1 1 196.000 0.000 -703.68 -929.60
1479776005223 82 1 1 196.000 0.000 -701.08 -929.60
1479776005238 83 1 1 196.000 0.000 -701.08 -929.60
1479776005250 84 1 1 196.000 0.000 -703.68 -929.60
1479776005266 85 1 1 196.000 0.000 -701.08 -762.47
1479776005280 86 1 1 196.000 0.000 -706.13 -1071.02
1479776005293 87 1 1 196.000 0.000 -710.65 -561.92
1479776005309 88 1 1 196.000 0.000 -710.65 -1192.23
1479776005324 89 1 1 196.000 0.000 -710.65 -929.60
1479776005339 90 1 1 196.000 0.000 -712.74 -762.47
1479776005356 91 1 1 196.000 0.000 -716.60 -762.47
1479776005372 92 1 1 196.000 0.000 -712.74 -561.92
1479776005381 93 1 1 196.000 0.000 -712.74 -762.47
1479776005400 94 1 1 196.000 0.000 -716.60 -929.60
1479776005414 95 1 1 196.000 0.000 -712.74 -316.80
1479776005431 96 1 1 196.000 0.000 -712.74 -316.80
1479776005438 97 1 1 196.000 0.000 -714.72 908.80
1479776005450 98 1 1 196.000 0.000 -710.65 inf
1479776005465 99 1 1 196.000 0.000 -781.04 -2719.30
1479776005481 100 1 1 196.000 0.000 -786.08 -2736.44
1479776005489 101 1 1 196.000 0.000 -787.80 -2745.42
1479776005498 102 1 1 196.000 0.000 -788.49 -2746.22
1479776005508 103 1 1 196.000 0.000 -788.88 -2737.82
1479776005526 104 1 1 196.000 0.000 -789.12 8262.40
1479776005539 105 1 1 196.000 0.000 -789.24 8262.40
1479776005549 106 1 1 196.000 0.000 -789.32 -2747.13
1479776005559 107 1 1 196.000 0.000 -789.41 -2747.93
1479776005574 108 1 1 196.000 0.000 -789.50 -2746.48
1479776005589 109 1 1 196.000 0.000 -789.57 2747.20
1479776005600 110 1 1 196.000 0.000 -789.59 908.80
1479776005610 111 1 1 196.000 0.000 -789.62 -316.80
1479776005625 112 1 1 196.000 0.000 -789.65 8262.40
1479776005639 113 1 1 196.000 0.000 -789.68 4585.60
1479776005651 114 1 1 196.000 0.000 -789.69 8262.40
1479776005661 115 1 2 196.000 0.000 -789.71 8262.40
1479776005676 116 1 2 196.000 0.000 -789.72 19292.80
1479776005690 117 1 2 196.000 0.000 -789.74 8262.40
1479776005699 118 1 2 196.000 0.000 -789.74 19292.80
1479776005711 119 1 2 196.000 0.000 -789.69 -2732.48
1479776005721 120 1 2 196.000 0.000 -789.54 8262.40
1479776005739 121 1 2 196.000 0.000 -789.31 -2737.49
1479776005751 122 1 2 196.000 0.000 -789.01 -2719.08
1479776005760 123 1 2 196.000 0.000 -788.70 -2722.51
1479776005770 124 1 2 196.000 0.000 -787.89 -2718.31
1479776005779 125 1 2 196.000 0.000 -782.88 -2579.45
1479776005797 126 1 2 196.000 0.000 -776.62 -2528.21
1479776005810 127 1 2 196.000 0.000 -771.53 -2359.47
1479776005818 128 1 2 196.000 0.000 -765.58 -2171.76
1479776005830 129 1 2 196.000 0.000 -761.09 -1848.80
1479776005845 130 1 2 196.000 0.000 -750.78 -1192.23
1479776005860 131 1 2 196.000 0.000 -745.86 908.80
1479776005871 132 1 2 196.000 0.000 -741.32 908.80
1479776005881 133 1 2 196.000 0.000 -738.70 908.80
1479776005891 134 1 2 196.000 0.000 -732.55 383.54
1479776005908 135 1 2 196.000 0.000 -731.39 908.80
1479776005920 136 1 2 196.000 0.000 -724.80 1644.16
1479776005932 137 1 2 196.000 0.000 -721.75 908.80
1479776005940 138 1 2 196.000 0.000 -720.11 2747.20
1479776005959 139 1 2 196.000 0.000 -718.40 1644.16
1479776005969 140 1 2 196.000 0.000 -716.60 1644.16
1479776005978 141 1 2 196.000 0.000 -710.65 1644.16
1479776005990 142 1 2 196.000 0.000 -708.45 383.54
1479776006007 143 1 2 196.000 0.000 -706.13 -929.60
1479776006018 144 1 2 196.000 0.000 -708.45 -929.60
1479776006028 145 1 2 196.000 0.000 -706.13 -762.47
1479776006037 146 1 2 196.000 0.000 -710.65 -929.60
1479776006049 147 1 2 196.000 0.000 -712.74 -1192.23
1479776006068 148 1 2 196.000 0.000 -716.60 -1071.02
1479776006078 149 1 2 196.000 0.000 -716.60 -1071.02
1479776006088 150 1 2 196.000 0.000 -712.74 383.54
1479776006100 151 1 2 196.000 0.000 -710.65 -929.60
1479776006116 152 1 2 196.000 0.000 -716.60 -929.60
1479776006131 153 1 2 196.000 0.000 -718.40 -561.92
1479776006142 154 1 2 196.000 0.000 -720.11 -1071.02
1479776006153 155 1 2 196.000 0.000 -718.40 -762.47
1479776006166 156 2 2 196.000 0.000 -721.75 -929.60
