Serial_number: 0 
Time Data_Count Cycle State Desired_force_(psi) Measured_force_(psi) Toe_sensor Heel_Sensor
1484789790444 0 0 0 300.000 0.000 inf inf
1484789790462 1 0 1 300.000 0.000 inf inf
1484789790464 2 0 1 300.000 0.000 inf inf
1484789790468 3 0 1 300.000 0.000 inf inf
1484789790492 4 0 1 300.000 0.000 inf inf
1484789790495 5 0 1 300.000 0.000 inf inf
1484789790515 6 0 1 300.000 0.000 inf inf
1484789790526 7 0 1 300.000 0.000 inf inf
1484789790532 8 0 1 300.000 0.000 inf inf
1484789790544 9 0 1 300.000 0.000 inf inf
1484789790548 10 0 1 300.000 0.000 inf inf
1484789790560 11 0 2 300.000 0.000 inf inf
1484789790566 12 0 2 300.000 0.000 inf inf
1484789790573 13 0 2 300.000 0.000 inf inf
1484789790587 14 0 2 300.000 0.000 inf inf
1484789790591 15 0 2 300.000 0.000 inf inf
1484789790601 16 0 2 300.000 0.000 inf inf
1484789790604 17 0 2 300.000 0.000 inf inf
1484789790613 18 0 2 300.000 0.000 inf inf
1484789790622 19 0 2 300.000 0.000 inf inf
1484789790622 20 0 2 300.000 0.000 inf inf
1484789790624 21 0 2 300.000 0.000 inf inf
1484789790626 22 0 2 300.000 0.000 inf inf
1484789790626 23 0 2 300.000 0.000 inf inf
1484789790631 24 0 2 300.000 0.000 inf inf
1484789790634 25 0 2 300.000 0.000 inf inf
1484789790635 26 0 2 300.000 0.000 inf inf
1484789790636 27 0 2 300.000 0.000 inf inf
1484789790637 28 0 2 300.000 0.000 inf inf
1484789790638 29 0 2 300.000 0.000 inf inf
1484789790638 30 0 2 300.000 0.000 inf inf
1484789790639 31 0 2 300.000 0.000 inf inf
1484789790640 32 0 2 300.000 0.000 inf inf
1484789790641 33 0 2 300.000 0.000 inf inf
1484789790647 34 0 2 300.000 0.000 inf inf
1484789790649 35 0 2 300.000 0.000 inf inf
1484789790650 36 0 2 300.000 0.000 inf inf
1484789790651 37 0 2 300.000 0.000 inf inf
1484789790653 38 0 2 300.000 0.000 inf inf
1484789790655 39 0 2 300.000 0.000 inf inf
1484789790656 40 0 2 300.000 0.000 inf inf
1484789790657 41 0 2 300.000 0.000 inf inf
1484789790661 42 1 2 300.000 0.000 inf inf
1484789790662 43 1 1 300.000 0.000 inf inf
1484789790662 44 1 1 300.000 0.000 inf inf
1484789790663 45 1 1 300.000 0.000 inf inf
1484789790665 46 1 1 300.000 0.000 inf inf
1484789790667 47 1 1 300.000 0.000 inf inf
1484789790668 48 1 1 300.000 0.000 inf inf
1484789790669 49 1 1 300.000 0.000 inf inf
1484789790672 50 1 1 300.000 0.000 inf inf
1484789790673 51 1 1 300.000 0.000 inf inf
1484789790674 52 1 1 300.000 0.000 inf inf
1484789790674 53 1 1 300.000 0.000 inf inf
1484789790677 54 1 1 300.000 0.000 inf inf
1484789790680 55 1 1 300.000 0.000 inf inf
1484789790681 56 1 1 300.000 0.000 inf inf
1484789790682 57 1 1 300.000 0.000 inf inf
1484789790684 58 1 1 300.000 0.000 inf inf
1484789790685 59 1 1 300.000 0.000 inf inf
1484789790686 60 1 1 300.000 0.000 inf inf
1484789790688 61 1 1 300.000 0.000 inf inf
1484789790688 62 1 1 300.000 0.000 inf inf
1484789790690 63 1 1 300.000 0.000 inf inf
1484789790691 64 1 1 300.000 0.000 inf inf
1484789790692 65 1 1 300.000 0.000 inf inf
1484789790694 66 1 1 300.000 0.000 inf inf
1484789790698 67 1 1 300.000 0.000 inf inf
1484789790698 68 1 1 300.000 0.000 inf inf
1484789790699 69 1 1 300.000 0.000 inf inf
1484789790699 70 1 1 300.000 0.000 inf inf
1484789790701 71 1 1 300.000 0.000 inf inf
1484789790704 72 1 1 300.000 0.000 inf inf
1484789790706 73 1 1 300.000 0.000 inf inf
1484789790708 74 1 1 300.000 0.000 inf inf
1484789790708 75 1 1 300.000 0.000 inf inf
1484789790710 76 1 1 300.000 0.000 inf inf
1484789790710 77 1 1 300.000 0.000 inf inf
1484789790714 78 1 1 300.000 0.000 inf inf
1484789790716 79 1 1 300.000 0.000 inf inf
1484789790717 80 1 1 300.000 0.000 inf inf
1484789790718 81 1 1 300.000 0.000 inf inf
1484789790718 82 1 1 300.000 0.000 inf inf
1484789790718 83 1 1 300.000 0.000 inf inf
1484789790723 84 1 1 300.000 0.000 inf inf
1484789790725 85 1 1 300.000 0.000 inf inf
1484789790726 86 1 1 300.000 0.000 inf inf
1484789790726 87 1 1 300.000 0.000 inf inf
1484789790726 88 1 1 300.000 0.000 inf inf
1484789790726 89 1 1 300.000 0.000 inf inf
1484789790729 90 1 1 300.000 0.000 inf inf
1484789790732 91 1 1 300.000 0.000 inf inf
1484789790733 92 1 1 300.000 0.000 inf inf
1484789790733 93 1 1 300.000 0.000 inf inf
1484789790737 94 1 1 300.000 0.000 inf inf
1484789790739 95 1 1 300.000 0.000 inf inf
1484789790739 96 1 1 300.000 0.000 inf inf
1484789790741 97 1 1 300.000 0.000 inf inf
1484789790741 98 1 1 300.000 0.000 inf inf
1484789790742 99 1 1 300.000 0.000 inf inf
1484789790746 100 1 1 300.000 0.000 inf inf
1484789790747 101 1 1 300.000 0.000 inf inf
1484789790747 102 1 1 300.000 0.000 inf inf
1484789790749 103 1 1 300.000 0.000 inf inf
1484789790749 104 1 1 300.000 0.000 inf inf
1484789790749 105 1 1 300.000 0.000 inf inf
1484789790749 106 1 1 300.000 0.000 inf inf
1484789790751 107 1 1 300.000 0.000 inf inf
1484789790752 108 1 1 300.000 0.000 inf inf
1484789790752 109 1 1 300.000 0.000 inf inf
1484789790755 110 1 1 300.000 0.000 inf inf
1484789790756 111 1 1 300.000 0.000 inf inf
1484789790757 112 1 1 300.000 0.000 inf inf
1484789790757 113 1 1 300.000 0.000 inf inf
1484789790757 114 1 1 300.000 0.000 inf inf
1484789790758 115 1 1 300.000 0.000 inf inf
1484789790760 116 1 1 300.000 0.000 inf inf
1484789790762 117 1 1 300.000 0.000 inf inf
1484789790763 118 1 2 300.000 0.000 inf inf
1484789790763 119 1 2 300.000 0.000 inf inf
1484789790764 120 1 2 300.000 0.000 inf inf
1484789790765 121 1 2 300.000 0.000 inf inf
1484789790766 122 1 2 300.000 0.000 inf inf
1484789790768 123 1 2 300.000 0.000 inf inf
1484789790768 124 1 2 300.000 0.000 inf inf
1484789790770 125 1 2 300.000 0.000 inf inf
1484789790770 126 1 2 300.000 0.000 inf inf
1484789790771 127 1 2 300.000 0.000 inf inf
1484789790771 128 1 2 300.000 0.000 inf inf
1484789790771 129 1 2 300.000 0.000 inf inf
1484789790771 130 1 2 300.000 0.000 inf inf
1484789790774 131 1 2 300.000 0.000 inf inf
1484789790774 132 1 2 300.000 0.000 inf inf
1484789790774 133 1 2 300.000 0.000 inf inf
1484789790775 134 1 2 300.000 0.000 inf inf
1484789790775 135 1 2 300.000 0.000 inf inf
1484789790775 136 1 2 300.000 0.000 inf inf
1484789790775 137 1 2 300.000 0.000 inf inf
1484789790776 138 1 2 300.000 0.000 inf inf
1484789790778 139 1 2 300.000 0.000 inf inf
1484789790778 140 1 2 300.000 0.000 inf inf
1484789790779 141 1 2 300.000 0.000 inf inf
1484789790779 142 1 2 300.000 0.000 inf inf
1484789790779 143 1 2 300.000 0.000 inf inf
1484789790779 144 1 2 300.000 0.000 inf inf
1484789790780 145 1 2 300.000 0.000 inf inf
1484789790782 146 1 2 300.000 0.000 inf inf
1484789790782 147 1 2 300.000 0.000 inf inf
1484789790783 148 1 2 300.000 0.000 inf inf
1484789790783 149 1 2 300.000 0.000 inf inf
1484789790783 150 1 2 300.000 0.000 inf inf
1484789790784 151 1 2 300.000 0.000 inf inf
1484789790786 152 1 2 300.000 0.000 inf inf
1484789790786 153 1 2 300.000 0.000 inf inf
1484789790787 154 1 2 300.000 0.000 inf inf
1484789790787 155 1 2 300.000 0.000 inf inf
1484789790787 156 1 2 300.000 0.000 inf inf
1484789790787 157 1 2 300.000 0.000 inf inf
1484789790790 158 1 2 300.000 0.000 inf inf
1484789790790 159 1 2 300.000 0.000 inf inf
1484789790790 160 1 2 300.000 0.000 inf inf
1484789790791 161 1 2 300.000 0.000 inf inf
1484789790791 162 1 2 300.000 0.000 inf inf
1484789790791 163 1 2 300.000 0.000 inf inf
1484789790792 164 1 2 300.000 0.000 inf inf
1484789790792 165 1 2 300.000 0.000 inf inf
1484789790794 166 1 2 300.000 0.000 inf inf
1484789790794 167 1 2 300.000 0.000 inf inf
1484789790794 168 1 2 300.000 0.000 inf inf
1484789790795 169 1 2 300.000 0.000 inf inf
1484789790796 170 1 2 300.000 0.000 inf inf
1484789790796 171 1 2 300.000 0.000 inf inf
1484789790796 172 1 2 300.000 0.000 inf inf
1484789790797 173 1 2 300.000 0.000 inf inf
1484789790798 174 1 2 300.000 0.000 inf inf
1484789790798 175 1 2 300.000 0.000 inf inf
1484789790799 176 1 2 300.000 0.000 inf inf
1484789790800 177 1 2 300.000 0.000 inf inf
1484789790800 178 1 2 300.000 0.000 inf inf
1484789790800 179 1 2 300.000 0.000 inf inf
1484789790800 180 1 2 300.000 0.000 inf inf
1484789790801 181 1 2 300.000 0.000 inf inf
1484789790802 182 1 2 300.000 0.000 inf inf
1484789790802 183 1 2 300.000 0.000 inf inf
1484789790802 184 1 2 300.000 0.000 inf inf
1484789790803 185 1 2 300.000 0.000 inf inf
1484789790804 186 1 2 300.000 0.000 inf inf
1484789790805 187 1 2 300.000 0.000 inf inf
1484789790806 188 1 2 300.000 0.000 inf inf
1484789790806 189 1 2 300.000 0.000 inf inf
1484789790806 190 1 2 300.000 0.000 inf inf
1484789790807 191 1 2 300.000 0.000 inf inf
1484789790807 192 1 2 300.000 0.000 inf inf
1484789790809 193 1 2 300.000 0.000 inf inf
1484789790809 194 1 2 300.000 0.000 inf inf
1484789790810 195 1 2 300.000 0.000 inf inf
1484789790810 196 1 2 300.000 0.000 inf inf
1484789790810 197 1 2 300.000 0.000 inf inf
1484789790811 198 1 2 300.000 0.000 inf inf
1484789790811 199 1 2 300.000 0.000 inf inf
1484789790813 200 1 2 300.000 0.000 inf inf
1484789790813 201 1 2 300.000 0.000 inf inf
1484789790813 202 1 2 300.000 0.000 inf inf
1484789790815 203 1 2 300.000 0.000 inf inf
1484789790815 204 1 2 300.000 0.000 inf inf
1484789790816 205 1 2 300.000 0.000 inf inf
1484789790816 206 1 2 300.000 0.000 inf inf
1484789790817 207 1 2 300.000 0.000 inf inf
1484789790817 208 1 2 300.000 0.000 inf inf
1484789790817 209 1 2 300.000 0.000 inf inf
1484789790819 210 1 2 300.000 0.000 inf inf
1484789790819 211 1 2 300.000 0.000 inf inf
1484789790819 212 1 2 300.000 0.000 inf inf
1484789790820 213 1 2 300.000 0.000 inf inf
1484789790820 214 1 2 300.000 0.000 inf inf
1484789790821 215 1 2 300.000 0.000 inf inf
1484789790821 216 1 2 300.000 0.000 inf inf
1484789790823 217 1 2 300.000 0.000 inf inf
1484789790823 218 1 2 300.000 0.000 inf inf
1484789790823 219 1 2 300.000 0.000 inf inf
1484789790824 220 1 2 300.000 0.000 inf inf
1484789790824 221 1 2 300.000 0.000 inf inf
1484789790825 222 1 2 300.000 0.000 inf inf
1484789790825 223 1 2 300.000 0.000 inf inf
1484789790827 224 1 2 300.000 0.000 inf inf
1484789790827 225 1 2 300.000 0.000 inf inf
1484789790827 226 1 2 300.000 0.000 inf inf
1484789790828 227 1 2 300.000 0.000 inf inf
1484789790828 228 1 2 300.000 0.000 inf inf
1484789790829 229 1 2 300.000 0.000 inf inf
1484789790831 230 1 2 300.000 0.000 inf inf
1484789790831 231 1 2 300.000 0.000 inf inf
1484789790831 232 1 2 300.000 0.000 inf inf
1484789790832 233 1 2 300.000 0.000 inf inf
1484789790832 234 1 2 300.000 0.000 inf inf
1484789790833 235 1 2 300.000 0.000 inf inf
1484789790833 236 1 2 300.000 0.000 inf inf
1484789790835 237 1 2 300.000 0.000 inf inf
1484789790835 238 1 2 300.000 0.000 inf inf
1484789790835 239 1 2 300.000 0.000 inf inf
1484789790836 240 1 2 300.000 0.000 inf inf
1484789790837 241 1 2 300.000 0.000 inf inf
1484789790839 242 1 2 300.000 0.000 inf inf
1484789790839 243 1 2 300.000 0.000 inf inf
1484789790839 244 1 2 300.000 0.000 inf inf
1484789790839 245 1 2 300.000 0.000 inf inf
1484789790840 246 1 2 300.000 0.000 inf inf
1484789790840 247 1 2 300.000 0.000 inf inf
1484789790848 248 1 2 300.000 0.000 inf inf
1484789790849 249 1 2 300.000 0.000 inf inf
1484789790849 250 1 2 300.000 0.000 inf inf
1484789790849 251 1 2 300.000 0.000 inf inf
1484789790849 252 1 2 300.000 0.000 inf inf
1484789790850 253 1 2 300.000 0.000 inf inf
1484789790850 254 1 2 300.000 0.000 inf inf
1484789790852 255 1 2 300.000 0.000 inf inf
1484789790853 256 1 2 300.000 0.000 inf inf
1484789790853 257 1 2 300.000 0.000 inf inf
1484789790853 258 1 2 300.000 0.000 inf inf
1484789790856 259 1 2 300.000 0.000 inf inf
1484789790858 260 1 2 300.000 0.000 inf inf
1484789790858 261 1 2 300.000 0.000 inf inf
1484789790858 262 1 2 300.000 0.000 inf inf
1484789790859 263 1 2 300.000 0.000 inf inf
1484789790859 264 1 2 300.000 0.000 inf inf
1484789790859 265 1 2 300.000 0.000 inf inf
1484789790860 266 1 2 300.000 0.000 inf inf
1484789790864 267 2 2 300.000 0.000 inf inf
