Serial_number: -1717986918 
Time Data_Count Cycle State Desired_force_(psi) Measured_force_(psi) Toe_sensor Heel_Sensor
1484942479137 0 0 0 196.000 0.000 250399.57 989530.00
1484942479170 1 0 1 196.000 0.000 246672.86 936898.42
1484942479181 2 0 1 196.000 0.000 246672.86 989530.00
1484942479193 3 0 1 196.000 0.484 250399.57 989530.00
1484942479205 4 0 1 196.000 0.000 246672.86 989530.00
1484942479215 5 0 1 196.000 0.484 250399.57 989530.00
1484942479229 6 0 1 196.000 0.000 243051.13 1048353.53
1484942479234 7 0 1 196.000 0.484 246672.86 989530.00
1484942479248 8 0 1 196.000 0.484 254235.88 1114530.00
1484942479258 9 0 1 196.000 0.484 250399.57 1048353.53
1484942479262 10 0 1 196.000 0.484 250399.57 989530.00
1484942479269 11 0 1 196.000 0.000 250399.57 989530.00
1484942479280 12 0 1 196.000 0.484 246672.86 989530.00
1484942479285 13 0 1 196.000 0.484 250399.57 989530.00
1484942479295 14 0 1 196.000 0.000 250399.57 989530.00
1484942479299 15 0 1 196.000 0.484 246672.86 1114530.00
1484942479311 16 0 1 196.000 0.000 246672.86 1048353.53
1484942479315 17 0 1 196.000 0.484 250399.57 1048353.53
1484942479322 18 0 1 196.000 0.484 243051.13 989530.00
1484942479333 19 0 1 196.000 0.484 250399.57 1048353.53
1484942479343 20 0 1 196.000 0.484 250399.57 989530.00
1484942479348 21 0 1 196.000 0.484 250399.57 1048353.53
1484942479357 22 0 1 196.000 0.484 246672.86 989530.00
1484942479363 23 0 1 196.000 0.000 239530.00 1048353.53
1484942479373 24 0 1 196.000 0.484 246672.86 1048353.53
1484942479377 25 0 1 196.000 0.484 246672.86 989530.00
1484942479385 26 0 1 196.000 0.484 246672.86 989530.00
1484942479392 27 0 1 196.000 0.000 246672.86 989530.00
1484942479403 28 0 1 196.000 0.000 246672.86 989530.00
1484942479407 29 0 1 196.000 0.000 246672.86 989530.00
1484942479414 30 0 1 196.000 0.484 246672.86 989530.00
1484942479418 31 0 1 196.000 0.484 243051.13 1048353.53
1484942479425 32 0 1 196.000 0.484 250399.57 989530.00
1484942479431 33 0 1 196.000 0.484 246672.86 1048353.53
1484942479436 34 0 1 196.000 0.484 250399.57 989530.00
1484942479446 35 0 1 196.000 0.484 243051.13 989530.00
1484942479465 36 0 1 196.000 0.484 250399.57 989530.00
1484942479485 37 0 1 196.000 0.484 246672.86 989530.00
1484942479497 38 0 1 196.000 0.484 246672.86 989530.00
1484942479515 39 0 1 196.000 0.484 246672.86 989530.00
1484942479528 40 0 1 196.000 0.484 243051.13 989530.00
1484942479542 41 0 1 196.000 0.484 250399.57 989530.00
1484942479556 42 0 1 196.000 0.484 250399.57 989530.00
1484942479566 43 0 1 196.000 0.484 243051.13 989530.00
1484942479578 44 0 1 196.000 0.484 250399.57 989530.00
1484942479584 45 0 1 196.000 0.484 239530.00 989530.00
1484942479593 46 0 1 196.000 0.484 243051.13 989530.00
1484942479603 47 0 1 196.000 0.484 243051.13 989530.00
1484942479607 48 0 1 196.000 0.484 246672.86 989530.00
1484942479610 49 0 1 196.000 0.484 243051.13 936898.42
1484942479613 50 0 1 196.000 0.484 246672.86 989530.00
1484942479617 51 0 1 196.000 0.484 250399.57 989530.00
1484942479620 52 0 1 196.000 0.484 243051.13 1048353.53
1484942479624 53 0 1 196.000 0.484 243051.13 989530.00
1484942479627 54 0 1 196.000 0.484 250399.57 989530.00
1484942479630 55 0 1 196.000 0.484 250399.57 889530.00
1484942479634 56 0 1 196.000 0.484 246672.86 989530.00
1484942479637 57 0 1 196.000 0.484 246672.86 936898.42
1484942479641 58 0 1 196.000 0.484 246672.86 889530.00
1484942479644 59 0 1 196.000 0.484 246672.86 989530.00
1484942479647 60 0 1 196.000 0.484 250399.57 989530.00
1484942479651 61 0 1 196.000 0.000 246672.86 989530.00
1484942479654 62 0 1 196.000 0.484 243051.13 989530.00
1484942479657 63 0 1 196.000 0.484 250399.57 936898.42
1484942479661 64 0 1 196.000 0.000 246672.86 889530.00
1484942479664 65 0 1 196.000 0.000 246672.86 989530.00
1484942479668 66 0 1 196.000 0.484 250399.57 989530.00
1484942479671 67 0 1 196.000 0.484 246672.86 989530.00
1484942479674 68 0 1 196.000 0.000 246672.86 989530.00
1484942479678 69 0 1 196.000 0.484 246672.86 989530.00
1484942479681 70 0 1 196.000 0.484 246672.86 936898.42
1484942479685 71 0 1 196.000 0.000 243051.13 936898.42
1484942479688 72 0 1 196.000 0.484 246672.86 989530.00
1484942479692 73 0 1 196.000 0.000 239530.00 936898.42
1484942479695 74 0 1 196.000 0.484 243051.13 989530.00
1484942479698 75 0 1 196.000 0.000 254235.88 989530.00
1484942479702 76 0 1 196.000 0.484 243051.13 989530.00
1484942479705 77 0 1 196.000 0.484 243051.13 989530.00
1484942479709 78 0 1 196.000 0.484 246672.86 889530.00
1484942479712 79 0 1 196.000 0.484 246672.86 989530.00
1484942479715 80 0 1 196.000 0.000 250399.57 936898.42
1484942479719 81 0 1 196.000 0.484 246672.86 936898.42
1484942479722 82 0 1 196.000 0.484 246672.86 989530.00
1484942479725 83 0 1 196.000 0.484 243051.13 936898.42
1484942479729 84 0 1 196.000 0.484 243051.13 989530.00
1484942479732 85 0 1 196.000 0.484 246672.86 989530.00
1484942479736 86 0 1 196.000 0.484 246672.86 989530.00
1484942479739 87 0 1 196.000 0.484 243051.13 989530.00
1484942479742 88 0 1 196.000 0.484 246672.86 989530.00
1484942479746 89 0 1 196.000 0.484 243051.13 989530.00
1484942479749 90 0 1 196.000 0.484 243051.13 989530.00
1484942479753 91 0 1 196.000 0.484 250399.57 989530.00
1484942479756 92 0 1 196.000 0.000 243051.13 989530.00
1484942479759 93 0 1 196.000 0.000 246672.86 989530.00
1484942479763 94 0 1 196.000 0.484 246672.86 936898.42
1484942479766 95 0 1 196.000 0.484 250399.57 989530.00
1484942479770 96 0 1 196.000 0.484 243051.13 936898.42
1484942479773 97 0 1 196.000 0.484 243051.13 989530.00
1484942479776 98 0 1 196.000 0.484 243051.13 989530.00
1484942479780 99 0 1 196.000 0.000 250399.57 989530.00
1484942479783 100 0 1 196.000 0.484 243051.13 989530.00
1484942479787 101 0 1 196.000 0.484 246672.86 936898.42
1484942479790 102 0 1 196.000 0.484 239530.00 989530.00
1484942479793 103 0 1 196.000 0.484 246672.86 936898.42
1484942479797 104 0 1 196.000 0.484 243051.13 936898.42
1484942479800 105 0 1 196.000 0.484 243051.13 989530.00
1484942479803 106 0 1 196.000 0.484 246672.86 989530.00
1484942479807 107 0 1 196.000 0.000 246672.86 889530.00
1484942479810 108 0 1 196.000 0.484 250399.57 936898.42
1484942479814 109 0 1 196.000 0.000 243051.13 936898.42
1484942479817 110 0 1 196.000 0.484 246672.86 989530.00
1484942479821 111 0 1 196.000 0.484 243051.13 989530.00
1484942479824 112 0 1 196.000 0.484 243051.13 989530.00
1484942479827 113 0 1 196.000 0.484 246672.86 936898.42
1484942479831 114 0 1 196.000 0.484 250399.57 936898.42
1484942479834 115 0 1 196.000 0.484 246672.86 1048353.53
1484942479837 116 0 1 196.000 0.484 246672.86 936898.42
1484942479841 117 0 1 196.000 0.484 246672.86 989530.00
1484942479844 118 0 1 196.000 0.484 239530.00 989530.00
1484942479848 119 0 1 196.000 0.484 246672.86 936898.42
1484942479851 120 0 1 196.000 0.484 246672.86 1048353.53
1484942479854 121 0 1 196.000 0.484 243051.13 989530.00
1484942479858 122 0 1 196.000 0.484 246672.86 936898.42
1484942479861 123 0 1 196.000 0.484 246672.86 936898.42
1484942479865 124 0 1 196.000 0.484 246672.86 989530.00
1484942479868 125 0 1 196.000 0.000 246672.86 989530.00
1484942479871 126 0 1 196.000 0.484 246672.86 989530.00
1484942479875 127 0 1 196.000 0.484 243051.13 989530.00
1484942479878 128 0 1 196.000 0.484 246672.86 889530.00
1484942479882 129 0 1 196.000 0.484 243051.13 936898.42
1484942479885 130 0 1 196.000 0.484 246672.86 936898.42
1484942479888 131 0 1 196.000 0.484 243051.13 989530.00
1484942479892 132 0 1 196.000 0.484 250399.57 936898.42
1484942479895 133 0 1 196.000 0.484 246672.86 989530.00
1484942479899 134 0 1 196.000 0.484 243051.13 989530.00
1484942479902 135 0 1 196.000 0.484 243051.13 936898.42
1484942479905 136 0 1 196.000 0.000 246672.86 989530.00
1484942479909 137 0 1 196.000 0.000 246672.86 936898.42
1484942479912 138 0 1 196.000 0.484 246672.86 989530.00
1484942479915 139 0 1 196.000 0.484 243051.13 989530.00
1484942479919 140 0 1 196.000 0.484 246672.86 936898.42
1484942479922 141 0 1 196.000 0.484 246672.86 936898.42
1484942479926 142 0 1 196.000 0.484 243051.13 936898.42
1484942479929 143 0 1 196.000 0.484 250399.57 1048353.53
1484942479932 144 0 1 196.000 0.484 246672.86 989530.00
1484942479936 145 0 1 196.000 0.484 246672.86 1048353.53
1484942479939 146 0 1 196.000 0.484 243051.13 936898.42
1484942479943 147 0 1 196.000 0.000 246672.86 936898.42
1484942479946 148 0 1 196.000 0.484 243051.13 989530.00
1484942479949 149 0 1 196.000 0.484 239530.00 936898.42
1484942479953 150 0 1 196.000 0.484 246672.86 936898.42
1484942479956 151 0 1 196.000 0.484 243051.13 936898.42
1484942479960 152 0 1 196.000 0.484 246672.86 989530.00
1484942479963 153 0 1 196.000 0.484 246672.86 936898.42
1484942479966 154 0 1 196.000 0.484 246672.86 989530.00
1484942479970 155 0 1 196.000 0.484 243051.13 989530.00
1484942479973 156 0 1 196.000 0.484 243051.13 989530.00
1484942479977 157 0 1 196.000 0.000 246672.86 936898.42
1484942479980 158 0 1 196.000 0.484 243051.13 989530.00
1484942479983 159 0 1 196.000 0.484 250399.57 936898.42
1484942479987 160 0 1 196.000 0.484 239530.00 936898.42
1484942479990 161 0 1 196.000 0.484 246672.86 936898.42
1484942479994 162 0 1 196.000 0.484 246672.86 889530.00
1484942479997 163 0 1 196.000 0.484 243051.13 936898.42
1484942480000 164 0 1 196.000 0.000 246672.86 989530.00
1484942480004 165 0 1 196.000 0.484 243051.13 989530.00
1484942480007 166 0 1 196.000 0.484 239530.00 936898.42
1484942480010 167 0 1 196.000 0.484 243051.13 989530.00
1484942480014 168 0 1 196.000 0.000 246672.86 936898.42
1484942480017 169 0 1 196.000 0.484 243051.13 936898.42
1484942480021 170 0 1 196.000 0.484 246672.86 889530.00
1484942480024 171 0 1 196.000 0.484 239530.00 989530.00
1484942480027 172 0 1 196.000 0.484 250399.57 936898.42
1484942480031 173 0 1 196.000 0.484 246672.86 889530.00
1484942480034 174 0 1 196.000 0.484 243051.13 989530.00
1484942480038 175 0 1 196.000 0.484 246672.86 1048353.53
1484942480041 176 0 1 196.000 0.484 239530.00 889530.00
1484942480044 177 0 1 196.000 0.484 246672.86 936898.42
1484942480048 178 0 1 196.000 0.484 243051.13 936898.42
1484942480051 179 0 1 196.000 0.484 246672.86 936898.42
1484942480054 180 0 1 196.000 0.484 243051.13 936898.42
1484942480058 181 0 1 196.000 0.484 243051.13 936898.42
1484942480061 182 0 1 196.000 0.484 246672.86 989530.00
1484942480066 183 0 1 196.000 0.484 250399.57 989530.00
1484942480070 184 0 1 196.000 0.484 246672.86 936898.42
1484942480073 185 0 1 196.000 0.484 246672.86 989530.00
1484942480076 186 0 1 196.000 0.484 246672.86 989530.00
1484942480080 187 0 1 196.000 0.484 250399.57 989530.00
1484942480083 188 0 1 196.000 0.484 243051.13 989530.00
1484942480087 189 0 1 196.000 0.484 243051.13 889530.00
1484942480090 190 0 1 196.000 0.000 243051.13 989530.00
1484942480093 191 0 1 196.000 0.484 239530.00 936898.42
1484942480097 192 0 1 196.000 0.484 246672.86 936898.42
1484942480100 193 0 1 196.000 0.484 243051.13 989530.00
1484942480103 194 0 1 196.000 0.484 239530.00 936898.42
1484942480107 195 0 1 196.000 0.484 246672.86 936898.42
1484942480110 196 0 1 196.000 0.484 246672.86 936898.42
1484942480114 197 0 1 196.000 0.484 243051.13 936898.42
1484942480117 198 0 1 196.000 0.484 243051.13 889530.00
1484942480120 199 0 1 196.000 0.484 243051.13 889530.00
1484942480124 200 0 1 196.000 0.484 243051.13 936898.42
1484942480127 201 0 1 196.000 0.484 246672.86 936898.42
1484942480130 202 0 1 196.000 0.484 243051.13 989530.00
1484942480134 203 0 1 196.000 0.484 246672.86 936898.42
1484942480137 204 0 1 196.000 0.000 250399.57 936898.42
1484942480141 205 0 1 196.000 0.484 246672.86 889530.00
1484942480144 206 0 1 196.000 0.484 246672.86 889530.00
1484942480148 207 0 1 196.000 0.484 246672.86 936898.42
1484942480151 208 0 1 196.000 0.484 246672.86 936898.42
1484942480155 209 0 2 196.000 0.484 246672.86 889530.00
1484942480158 210 0 2 196.000 0.484 246672.86 889530.00
1484942480162 211 0 2 196.000 0.484 243051.13 989530.00
1484942480165 212 0 2 196.000 0.484 246672.86 846672.86
1484942480169 213 0 2 196.000 0.484 246672.86 989530.00
1484942480172 214 0 2 196.000 0.484 254235.88 846672.86
1484942480175 215 0 2 196.000 0.000 250399.57 936898.42
1484942480179 216 0 2 196.000 0.000 246672.86 936898.42
1484942480182 217 0 2 196.000 0.484 243051.13 989530.00
1484942480186 218 0 2 196.000 0.484 243051.13 936898.42
1484942480189 219 0 2 196.000 0.000 243051.13 936898.42
1484942480193 220 0 2 196.000 0.484 246672.86 889530.00
1484942480196 221 0 2 196.000 0.484 243051.13 989530.00
1484942480199 222 0 2 196.000 0.484 250399.57 989530.00
1484942480203 223 0 2 196.000 0.484 243051.13 936898.42
1484942480206 224 0 2 196.000 0.484 239530.00 989530.00
1484942480210 225 0 2 196.000 0.484 243051.13 936898.42
1484942480213 226 0 2 196.000 0.484 246672.86 936898.42
1484942480216 227 0 2 196.000 0.000 243051.13 936898.42
1484942480220 228 0 2 196.000 0.484 250399.57 989530.00
1484942480223 229 0 2 196.000 0.484 243051.13 936898.42
1484942480227 230 0 2 196.000 0.484 246672.86 889530.00
1484942480230 231 0 2 196.000 0.484 243051.13 989530.00
1484942480233 232 0 2 196.000 0.484 246672.86 989530.00
1484942480237 233 0 2 196.000 0.484 246672.86 889530.00
1484942480240 234 0 2 196.000 0.484 246672.86 936898.42
1484942480244 235 0 2 196.000 0.484 243051.13 936898.42
1484942480247 236 0 2 196.000 0.484 246672.86 889530.00
1484942480251 237 0 2 196.000 0.484 246672.86 889530.00
1484942480254 238 0 2 196.000 0.484 243051.13 936898.42
1484942480257 239 0 2 196.000 0.484 246672.86 889530.00
1484942480261 240 0 2 196.000 0.484 243051.13 936898.42
1484942480264 241 0 2 196.000 0.000 243051.13 989530.00
1484942480268 242 0 2 196.000 0.484 239530.00 889530.00
1484942480271 243 0 2 196.000 0.484 243051.13 936898.42
1484942480274 244 0 2 196.000 0.484 239530.00 936898.42
1484942480278 245 0 2 196.000 0.484 246672.86 936898.42
1484942480281 246 0 2 196.000 0.484 250399.57 936898.42
1484942480285 247 0 2 196.000 0.484 243051.13 889530.00
1484942480288 248 0 2 196.000 0.484 243051.13 936898.42
1484942480292 249 0 2 196.000 0.484 250399.57 889530.00
1484942480295 250 0 2 196.000 0.484 246672.86 989530.00
1484942480298 251 0 2 196.000 0.484 246672.86 936898.42
1484942480302 252 0 2 196.000 0.484 246672.86 936898.42
1484942480305 253 0 2 196.000 0.484 246672.86 889530.00
1484942480309 254 0 2 196.000 0.484 246672.86 889530.00
1484942480312 255 0 2 196.000 0.484 246672.86 936898.42
1484942480315 256 0 2 196.000 0.484 246672.86 936898.42
1484942480319 257 0 2 196.000 0.484 243051.13 936898.42
1484942480322 258 0 2 196.000 0.484 246672.86 936898.42
1484942480326 259 0 2 196.000 0.484 246672.86 936898.42
1484942480329 260 0 2 196.000 0.484 243051.13 889530.00
1484942480332 261 0 2 196.000 0.484 243051.13 936898.42
1484942480336 262 0 2 196.000 0.484 250399.57 889530.00
1484942480339 263 0 2 196.000 0.484 243051.13 936898.42
1484942480342 264 0 2 196.000 0.484 246672.86 936898.42
1484942480346 265 0 2 196.000 0.484 239530.00 936898.42
1484942480349 266 0 2 196.000 0.484 243051.13 889530.00
1484942480353 267 0 2 196.000 0.484 250399.57 989530.00
1484942480356 268 0 2 196.000 0.484 246672.86 889530.00
1484942480359 269 0 2 196.000 0.484 246672.86 889530.00
1484942480363 270 0 2 196.000 0.484 246672.86 889530.00
1484942480366 271 0 2 196.000 0.484 246672.86 989530.00
1484942480370 272 0 2 196.000 0.484 243051.13 936898.42
1484942480373 273 0 2 196.000 0.484 243051.13 936898.42
1484942480376 274 0 2 196.000 0.484 246672.86 889530.00
1484942480380 275 0 2 196.000 0.484 243051.13 889530.00
1484942480383 276 0 2 196.000 0.484 246672.86 889530.00
1484942480386 277 0 2 196.000 0.484 246672.86 889530.00
1484942480390 278 0 2 196.000 0.484 246672.86 936898.42
1484942480393 279 0 2 196.000 0.484 243051.13 889530.00
1484942480397 280 0 2 196.000 0.484 246672.86 936898.42
1484942480400 281 0 2 196.000 0.484 246672.86 889530.00
1484942480403 282 0 2 196.000 0.484 246672.86 936898.42
1484942480407 283 0 2 196.000 0.484 243051.13 989530.00
1484942480410 284 0 2 196.000 0.484 243051.13 889530.00
1484942480414 285 0 2 196.000 0.484 246672.86 889530.00
1484942480417 286 0 2 196.000 0.484 246672.86 936898.42
1484942480420 287 0 2 196.000 0.000 243051.13 889530.00
1484942480424 288 0 2 196.000 0.484 243051.13 989530.00
1484942480427 289 0 2 196.000 0.484 246672.86 936898.42
1484942480431 290 0 2 196.000 0.484 246672.86 936898.42
1484942480434 291 0 2 196.000 0.484 243051.13 936898.42
1484942480437 292 0 2 196.000 0.484 243051.13 936898.42
1484942480441 293 0 2 196.000 0.484 243051.13 936898.42
1484942480444 294 0 2 196.000 0.484 243051.13 989530.00
1484942480448 295 0 2 196.000 0.000 246672.86 936898.42
1484942480451 296 0 2 196.000 0.484 246672.86 936898.42
1484942480454 297 0 2 196.000 0.484 246672.86 936898.42
1484942480458 298 0 2 196.000 0.484 246672.86 889530.00
1484942480461 299 0 2 196.000 0.484 246672.86 936898.42
1484942480465 300 0 2 196.000 0.484 243051.13 936898.42
1484942480468 301 0 2 196.000 0.484 243051.13 889530.00
1484942480471 302 0 2 196.000 0.484 246672.86 989530.00
1484942480475 303 0 2 196.000 0.484 243051.13 936898.42
1484942480478 304 0 2 196.000 0.484 243051.13 989530.00
1484942480482 305 0 2 196.000 0.484 243051.13 936898.42
1484942480485 306 0 2 196.000 0.484 243051.13 936898.42
1484942480488 307 0 2 196.000 0.484 239530.00 936898.42
1484942480492 308 0 2 196.000 0.484 246672.86 936898.42
1484942480495 309 0 2 196.000 0.000 239530.00 989530.00
1484942480498 310 0 2 196.000 0.484 250399.57 989530.00
1484942480502 311 0 2 196.000 0.484 243051.13 936898.42
1484942480505 312 0 2 196.000 0.484 246672.86 936898.42
1484942480509 313 0 2 196.000 0.000 243051.13 889530.00
1484942480512 314 0 2 196.000 0.484 243051.13 989530.00
1484942480515 315 0 2 196.000 0.484 243051.13 936898.42
1484942480519 316 0 2 196.000 0.484 246672.86 936898.42
1484942480522 317 0 2 196.000 0.484 243051.13 936898.42
1484942480526 318 0 2 196.000 0.484 243051.13 889530.00
1484942480529 319 0 2 196.000 0.484 243051.13 936898.42
1484942480532 320 0 2 196.000 0.484 246672.86 936898.42
1484942480536 321 0 2 196.000 0.484 243051.13 936898.42
1484942480539 322 0 2 196.000 0.484 243051.13 989530.00
1484942480543 323 0 2 196.000 0.484 243051.13 936898.42
1484942480546 324 0 2 196.000 0.484 246672.86 989530.00
1484942480549 325 0 2 196.000 0.484 246672.86 889530.00
1484942480553 326 0 2 196.000 0.484 246672.86 936898.42
1484942480556 327 0 2 196.000 0.484 243051.13 936898.42
1484942480559 328 0 2 196.000 0.484 243051.13 889530.00
1484942480563 329 0 2 196.000 0.484 243051.13 889530.00
1484942480566 330 0 2 196.000 0.484 246672.86 936898.42
1484942480570 331 0 2 196.000 0.484 236105.34 936898.42
1484942480573 332 0 2 196.000 0.484 243051.13 989530.00
1484942480576 333 0 2 196.000 0.484 239530.00 936898.42
1484942480580 334 0 2 196.000 0.484 243051.13 889530.00
1484942480583 335 0 2 196.000 0.484 239530.00 936898.42
1484942480587 336 0 2 196.000 0.484 243051.13 1048353.53
1484942480590 337 0 2 196.000 0.484 243051.13 936898.42
1484942480593 338 0 2 196.000 0.484 246672.86 989530.00
1484942480597 339 0 2 196.000 0.484 243051.13 989530.00
1484942480600 340 0 2 196.000 0.484 243051.13 936898.42
1484942480603 341 0 2 196.000 0.484 243051.13 889530.00
1484942480607 342 0 2 196.000 0.484 243051.13 936898.42
1484942480610 343 0 2 196.000 0.484 239530.00 889530.00
1484942480614 344 0 2 196.000 0.484 243051.13 936898.42
1484942480617 345 0 2 196.000 0.484 243051.13 846672.86
1484942480620 346 0 2 196.000 0.000 243051.13 889530.00
1484942480624 347 0 2 196.000 0.484 246672.86 936898.42
1484942480627 348 0 2 196.000 0.484 243051.13 936898.42
1484942480631 349 0 2 196.000 0.484 243051.13 889530.00
1484942480634 350 0 2 196.000 0.484 239530.00 936898.42
1484942480637 351 0 2 196.000 0.484 243051.13 889530.00
1484942480641 352 0 2 196.000 0.484 243051.13 989530.00
1484942480644 353 0 2 196.000 0.484 239530.00 889530.00
1484942480647 354 0 2 196.000 0.484 243051.13 889530.00
1484942480651 355 0 2 196.000 0.484 243051.13 889530.00
1484942480654 356 0 2 196.000 0.484 246672.86 889530.00
1484942480658 357 1 2 196.000 0.484 246672.86 936898.42
1484942480662 358 1 1 196.000 0.484 243051.13 889530.00
1484942480665 359 1 1 196.000 0.484 246672.86 889530.00
1484942480668 360 1 1 196.000 0.484 246672.86 889530.00
1484942480673 361 1 1 196.000 0.484 239530.00 936898.42
1484942480676 362 1 1 196.000 0.484 246672.86 936898.42
1484942480680 363 1 1 196.000 0.484 243051.13 889530.00
1484942480691 364 1 1 196.000 0.484 239530.00 936898.42
1484942480695 365 1 1 196.000 0.484 239530.00 889530.00
1484942480707 366 1 1 196.000 0.484 250399.57 889530.00
1484942480711 367 1 1 196.000 0.484 254235.88 936898.42
1484942480716 368 1 1 196.000 0.484 254235.88 889530.00
1484942480725 369 1 1 196.000 0.484 258186.72 889530.00
1484942480730 370 1 1 196.000 0.484 250399.57 889530.00
1484942480736 371 1 1 196.000 0.484 254235.88 846672.86
1484942480739 372 1 1 196.000 0.000 250399.57 846672.86
1484942480743 373 1 1 196.000 0.000 250399.57 889530.00
1484942480746 374 1 1 196.000 0.000 250399.57 846672.86
1484942480749 375 1 1 196.000 0.484 246672.86 889530.00
1484942480753 376 1 1 196.000 0.484 243051.13 889530.00
1484942480756 377 1 1 196.000 0.484 250399.57 889530.00
1484942480760 378 1 1 196.000 9.192 258186.72 936898.42
1484942480778 379 1 1 196.000 17.416 246672.86 846672.86
1484942480785 380 1 1 196.000 8.224 258186.72 846672.86
1484942480789 381 1 1 196.000 2.419 258186.72 989530.00
1484942480817 382 1 1 196.000 0.000 254235.88 989530.00
1484942480823 383 1 1 196.000 0.000 250399.57 1114530.00
1484942480830 384 1 1 196.000 0.484 254235.88 889530.00
1484942480835 385 1 1 196.000 0.000 254235.88 936898.42
1484942480838 386 1 1 196.000 0.484 250399.57 889530.00
1484942480855 387 1 1 196.000 0.484 254235.88 846672.86
1484942480859 388 1 1 196.000 0.000 250399.57 807711.82
1484942480866 389 1 1 196.000 0.484 254235.88 846672.86
1484942480873 390 1 1 196.000 0.484 250399.57 846672.86
1484942480879 391 1 1 196.000 0.000 250399.57 846672.86
1484942480886 392 1 1 196.000 0.484 250399.57 807711.82
1484942480889 393 1 1 196.000 0.000 243051.13 889530.00
1484942480892 394 1 1 196.000 0.000 246672.86 889530.00
1484942480896 395 1 1 196.000 0.484 250399.57 846672.86
1484942480899 396 1 1 196.000 0.000 246672.86 846672.86
1484942480903 397 1 1 196.000 0.000 246672.86 846672.86
1484942480906 398 1 1 196.000 0.000 246672.86 846672.86
1484942480909 399 1 1 196.000 0.000 250399.57 846672.86
1484942480913 400 1 1 196.000 0.000 250399.57 846672.86
1484942480916 401 1 1 196.000 0.000 250399.57 846672.86
1484942480920 402 1 1 196.000 0.484 250399.57 846672.86
1484942480923 403 1 1 196.000 0.000 246672.86 846672.86
1484942480926 404 1 1 196.000 0.000 246672.86 807711.82
1484942480930 405 1 1 196.000 0.000 243051.13 772138.70
1484942480933 406 1 1 196.000 0.000 246672.86 772138.70
1484942480936 407 1 1 196.000 0.000 243051.13 739530.00
1484942480940 408 1 1 196.000 0.484 246672.86 846672.86
1484942480943 409 1 1 196.000 0.000 243051.13 846672.86
1484942480947 410 1 1 196.000 0.000 243051.13 772138.70
1484942480950 411 1 1 196.000 0.484 246672.86 846672.86
1484942480953 412 1 1 196.000 0.484 243051.13 807711.82
1484942480957 413 1 1 196.000 0.000 243051.13 846672.86
1484942480960 414 1 1 196.000 0.000 243051.13 807711.82
1484942480964 415 1 1 196.000 0.484 246672.86 807711.82
1484942480967 416 1 1 196.000 0.000 246672.86 807711.82
1484942480970 417 1 1 196.000 0.484 239530.00 772138.70
1484942480974 418 1 1 196.000 0.000 243051.13 772138.70
1484942480977 419 1 1 196.000 0.484 243051.13 846672.86
1484942480981 420 1 1 196.000 0.000 243051.13 807711.82
1484942480984 421 1 1 196.000 0.000 243051.13 807711.82
1484942480987 422 1 1 196.000 0.000 239530.00 807711.82
1484942480991 423 1 1 196.000 0.000 239530.00 772138.70
1484942480994 424 1 1 196.000 0.000 239530.00 772138.70
1484942480998 425 1 1 196.000 0.000 239530.00 739530.00
1484942481001 426 1 1 196.000 0.484 243051.13 739530.00
1484942481004 427 1 1 196.000 0.484 239530.00 709530.00
1484942481008 428 1 1 196.000 0.000 239530.00 772138.70
1484942481011 429 1 1 196.000 0.484 229530.00 772138.70
1484942481014 430 1 1 196.000 0.000 229530.00 772138.70
1484942481018 431 1 1 196.000 0.484 223296.23 656196.67
1484942481021 432 1 1 196.000 0.000 217378.10 610219.66
1484942481025 433 1 1 196.000 0.484 203815.71 518941.76
1484942481028 434 1 1 196.000 0.484 167747.82 534984.55
1484942481032 435 1 1 196.000 0.484 232773.24 889530.00
1484942481035 436 1 1 196.000 0.000 187332.20 115404.13
1484942481038 437 1 1 196.000 0.000 151692.16 31004.65
1484942481042 438 1 1 196.000 0.484 77334.88 23881.15
1484942481045 439 1 1 196.000 47.409 57199.17 23946.83
1484942481052 440 1 1 196.000 43.539 38845.07 19331.32
1484942481056 441 1 1 196.000 54.182 31783.52 16196.67
1484942481059 442 1 1 196.000 74.501 23112.09 24145.38
1484942481071 443 1 1 196.000 91.916 15654.82 28917.31
1484942481074 444 1 1 196.000 100.140 13821.50 14882.11
1484942481086 445 1 1 196.000 127.715 11724.82 15317.97
1484942481091 446 1 1 196.000 136.907 11061.10 16236.23
1484942481096 447 1 1 196.000 114.653 10681.59 58760.77
1484942481103 448 1 1 196.000 123.361 10315.22 144702.41
1484942481109 449 1 1 196.000 142.712 10054.52 34306.12
1484942481113 450 1 1 196.000 140.293 9961.33 39116.78
1484942481116 451 1 1 196.000 125.780 10031.14 23750.53
1484942481120 452 1 1 196.000 113.686 10077.95 14846.46
1484942481123 453 1 1 196.000 111.267 9984.55 15807.37
1484942481126 454 1 1 196.000 122.394 9868.98 15207.60
1484942481130 455 1 1 196.000 133.520 9754.72 12547.90
1484942481133 456 1 1 196.000 135.455 9709.37 10607.28
1484942481137 457 1 1 196.000 127.231 9709.37 10656.76
1484942481140 458 1 1 196.000 116.588 9777.47 10882.31
1484942481143 459 1 1 196.000 114.170 9754.72 10435.92
1484942481152 460 1 1 196.000 128.683 9530.00 8221.59
1484942481164 461 1 1 196.000 118.040 9530.00 7638.65
1484942481168 462 1 1 196.000 117.556 9507.80 7566.07
1484942481174 463 1 1 196.000 122.394 9463.55 7841.29
1484942481179 464 1 1 196.000 124.813 9441.50 8086.70
1484942481186 465 1 1 196.000 118.524 9419.50 8864.05
1484942481194 466 1 1 196.000 117.556 9375.64 7530.00
1484942481199 467 1 1 196.000 122.877 9331.98 8125.04
1484942481206 468 1 1 196.000 122.394 9331.98 6954.98
1484942481213 469 1 1 196.000 114.170 9375.64 7281.48
1484942481218 470 1 1 196.000 119.007 9310.22 6463.21
1484942481227 471 1 1 196.000 124.329 9245.22 6689.20
1484942481231 472 1 1 196.000 116.105 9310.22 7584.16
1484942481234 473 1 1 196.000 112.235 9310.22 8989.46
1484942481238 474 1 1 196.000 113.686 9266.84 8760.77
1484942481241 475 1 1 196.000 120.459 9223.65 8319.14
1484942481245 476 1 1 196.000 124.813 9223.65 8241.02
1484942481248 477 1 1 196.000 124.329 9180.66 8517.34
1484942481251 478 1 1 196.000 118.040 9245.22 10857.01
1484942481255 479 1 1 196.000 113.202 9266.84 9709.37
1484942481258 480 1 1 196.000 113.202 9245.22 9419.50
1484942481262 481 1 1 196.000 116.588 9202.13 9777.47
1484942481265 482 1 1 196.000 121.426 9202.13 9915.05
1484942481268 483 1 1 196.000 122.877 9159.23 10339.25
1484942481272 484 1 1 196.000 120.942 9180.66 10756.42
1484942481275 485 1 1 196.000 116.588 9180.66 11401.20
1484942481278 486 1 1 196.000 114.170 9202.13 13059.41
1484942481282 487 1 1 196.000 114.653 9137.84 13402.68
1484942481285 488 1 1 196.000 118.040 9137.84 13339.52
1484942481289 489 1 1 196.000 121.426 9116.51 11086.89
1484942481292 490 1 1 196.000 120.942 9137.84 10806.60
1484942481296 491 1 1 196.000 118.040 9137.84 11138.64
1484942481299 492 1 1 196.000 115.137 9159.23 10831.78
1484942481302 493 1 1 196.000 114.653 9116.51 12401.66
1484942481306 494 1 1 196.000 115.621 9137.84 19480.08
1484942481309 495 1 1 196.000 117.556 9095.22 11401.20
1484942481313 496 1 1 196.000 119.491 9116.51 11035.38
1484942481316 497 1 1 196.000 119.007 9095.22 11807.23
1484942481320 498 1 1 196.000 117.072 9095.22 18376.15
1484942481323 499 1 1 196.000 115.621 9116.51 13214.21
1484942481326 500 1 1 196.000 115.137 9095.22 11508.02
1484942481330 501 1 1 196.000 116.105 9095.22 11401.20
1484942481333 502 1 1 196.000 117.556 9073.97 11588.82
1484942481337 503 1 1 196.000 117.556 9073.97 16802.73
1484942481340 504 1 1 196.000 117.072 9073.97 11190.65
1484942481344 505 1 1 196.000 116.588 9073.97 9073.97
1484942481347 506 1 1 196.000 115.621 9073.97 8280.00
1484942481350 507 1 1 196.000 116.105 9073.97 7281.48
1484942481354 508 1 1 196.000 116.588 9052.78 6988.78
1484942481357 509 1 1 196.000 117.072 9073.97 7090.98
1484942481361 510 1 1 196.000 117.072 9052.78 6954.98
1484942481364 511 1 1 196.000 116.105 9031.63 7211.73
1484942481367 512 1 1 196.000 116.105 9073.97 7602.29
1484942481371 513 1 1 196.000 115.137 9073.97 8010.49
1484942481374 514 1 1 196.000 116.105 9073.97 8299.55
1484942481378 515 1 1 196.000 117.072 9031.63 8537.39
1484942481381 516 1 1 196.000 116.588 9031.63 9137.84
1484942481385 517 1 1 196.000 116.588 9031.63 10007.82
1484942481388 518 1 1 196.000 115.137 9052.78 12696.02
1484942481391 519 1 1 196.000 114.653 9031.63 9961.33
1484942481395 520 1 1 196.000 115.137 9031.63 9223.65
1484942481398 521 1 1 196.000 116.588 9010.52 8822.60
1484942481402 522 1 1 196.000 117.072 8989.46 8537.39
1484942481405 523 1 1 196.000 116.588 8989.46 8299.55
1484942481408 524 1 1 196.000 115.137 8989.46 8067.59
1484942481412 525 1 1 196.000 114.170 9010.52 8319.14
1484942481415 526 1 1 196.000 114.653 9010.52 8299.55
1484942481419 527 1 1 196.000 116.105 8989.46 8497.33
1484942481422 528 1 1 196.000 116.588 8989.46 8417.72
1484942481425 529 1 1 196.000 116.105 8989.46 8699.33
1484942481429 530 1 1 196.000 115.621 8989.46 9095.22
1484942481432 531 1 1 196.000 114.653 8989.46 10101.43
1484942481436 532 1 1 196.000 114.653 8989.46 10731.41
1484942481439 533 1 1 196.000 115.137 8968.44 12314.81
1484942481442 534 1 1 196.000 115.621 8968.44 12086.39
1484942481446 535 1 1 196.000 115.137 8947.48 11643.02
1484942481449 536 1 1 196.000 115.137 8989.46 10656.76
1484942481452 537 1 1 196.000 114.653 8989.46 11401.20
1484942481456 538 1 1 196.000 114.653 8947.48 11401.20
1484942481459 539 1 1 196.000 115.137 8968.44 11427.81
1484942481463 540 1 1 196.000 115.137 8968.44 12086.39
1484942481466 541 1 1 196.000 115.137 8989.46 11973.89
1484942481469 542 1 1 196.000 114.653 8926.55 11752.22
1484942481473 543 1 1 196.000 115.137 8968.44 10195.90
1484942481476 544 1 1 196.000 114.653 8926.55 9732.02
1484942481480 545 1 1 196.000 114.653 8968.44 9732.02
1484942481483 546 1 1 196.000 115.137 8926.55 10054.52
1484942481486 547 1 1 196.000 115.137 8926.55 10509.02
1484942481490 548 1 1 196.000 115.137 8926.55 10631.99
1484942481493 549 1 1 196.000 115.137 8905.67 10831.78
1484942481497 550 1 1 196.000 114.653 8926.55 10291.25
1484942481500 551 1 1 196.000 114.653 8926.55 11834.83
1484942481503 552 1 1 196.000 114.653 8947.48 10933.09
1484942481507 553 1 1 196.000 114.653 8926.55 11643.02
1484942481510 554 1 1 196.000 115.621 8926.55 8884.84
1484942481513 555 1 1 196.000 115.137 8905.67 8319.14
1484942481517 556 1 1 196.000 115.137 8905.67 7897.35
1484942481520 557 1 1 196.000 114.653 8926.55 7369.44
1484942481524 558 1 1 196.000 114.653 8905.67 6656.55
1484942481527 559 1 1 196.000 114.653 8926.55 6607.80
1484942481530 560 1 1 196.000 115.137 8905.67 6640.27
1484942481534 561 1 1 196.000 114.653 8905.67 6431.41
1484942481537 562 1 1 196.000 114.653 8905.67 6640.27
1484942481541 563 1 1 196.000 114.653 8905.67 6495.13
1484942481544 564 1 1 196.000 114.170 8864.05 6274.19
1484942481547 565 1 1 196.000 114.653 8884.84 6165.86
1484942481551 566 1 1 196.000 115.137 8884.84 6212.11
1484942481554 567 1 1 196.000 114.653 8905.67 6289.78
1484942481558 568 1 1 196.000 114.653 8884.84 6212.11
1484942481561 569 1 1 196.000 114.170 8905.67 6243.09
1484942481564 570 1 1 196.000 114.170 8905.67 6089.34
1484942481568 571 1 1 196.000 114.170 8884.84 5998.44
1484942481571 572 1 1 196.000 114.653 8905.67 6135.17
1484942481574 573 1 1 196.000 114.653 8884.84 6104.59
1484942481578 574 1 1 196.000 114.170 8905.67 5923.44
1484942481581 575 1 1 196.000 114.170 8884.84 6043.76
1484942481585 576 1 1 196.000 114.170 8884.84 6243.09
1484942481588 577 1 1 196.000 114.653 8884.84 6624.02
1484942481591 578 1 1 196.000 114.653 8884.84 7108.12
1484942481595 579 1 1 196.000 114.653 8864.05 7878.62
1484942481598 580 1 1 196.000 114.653 8884.84 9530.00
1484942481602 581 1 1 196.000 114.170 8884.84 12937.02
1484942481605 582 1 1 196.000 114.170 8864.05 7566.07
1484942481608 583 1 1 196.000 114.653 8884.84 7073.86
1484942481612 584 1 1 196.000 114.170 8864.05 6527.17
1484942481615 585 1 1 196.000 114.170 8843.30 6321.04
1484942481618 586 1 1 196.000 114.170 8843.30 6258.62
1484942481622 587 1 1 196.000 114.653 8843.30 6383.93
1484942481625 588 1 1 196.000 114.170 8864.05 6150.50
1484942481629 589 1 1 196.000 114.170 8843.30 6013.52
1484942481632 590 1 1 196.000 114.170 8864.05 5938.39
1484942481635 591 1 1 196.000 114.653 8864.05 5893.64
1484942481639 592 1 1 196.000 114.653 8864.05 5863.94
1484942481642 593 1 1 196.000 114.653 8864.05 5878.77
1484942481646 594 1 1 196.000 114.170 8843.30 5834.35
1484942481649 595 1 1 196.000 114.170 8843.30 5819.59
1484942481652 596 1 1 196.000 114.170 8864.05 5819.59
1484942481656 597 1 1 196.000 114.170 8822.60 5804.86
1484942481659 598 1 1 196.000 114.170 8864.05 5775.49
1484942481663 599 1 1 196.000 114.170 8843.30 5746.22
1484942481666 600 1 2 196.000 114.170 8843.30 5687.99
1484942481669 601 1 2 196.000 114.170 8864.05 5644.59
1484942481673 602 1 2 196.000 114.170 8822.60 5615.79
1484942481676 603 1 2 196.000 114.170 8843.30 5601.43
1484942481680 604 1 2 196.000 114.170 8801.95 5587.09
1484942481683 605 1 2 196.000 114.170 8843.30 5587.09
1484942481686 606 1 2 196.000 114.170 8843.30 5558.50
1484942481690 607 1 2 196.000 114.170 8843.30 5558.50
1484942481693 608 1 2 196.000 113.686 8843.30 5587.09
1484942481697 609 1 2 196.000 114.170 8822.60 5601.43
1484942481700 610 1 2 196.000 113.202 8864.05 5587.09
1484942481703 611 1 2 196.000 112.718 8864.05 5587.09
1484942481707 612 1 2 196.000 111.751 8822.60 5687.99
1484942481710 613 1 2 196.000 110.783 8822.60 5717.05
1484942481714 614 1 2 196.000 110.299 8822.60 5717.05
1484942481717 615 1 2 196.000 110.299 8843.30 5923.44
1484942481720 616 1 2 196.000 105.946 8884.84 8577.62
1484942481724 617 1 2 196.000 89.981 9202.13 13183.09
1484942481727 618 1 2 196.000 72.565 10077.95 24686.25
1484942481730 619 1 2 196.000 58.536 11138.64 9375.64
1484942481734 620 1 2 196.000 44.991 12606.92 12967.50
1484942481737 621 1 2 196.000 32.896 14564.77 17436.98
1484942481741 622 1 2 196.000 22.253 17480.31 52247.77
1484942481744 623 1 2 196.000 11.610 21501.58 21615.56
1484942481747 624 1 2 196.000 2.903 26264.69 26567.04
1484942481768 625 1 2 196.000 0.484 81837.69 217378.10
1484942481772 626 1 2 196.000 0.484 97963.73 275244.29
1484942481775 627 1 2 196.000 0.000 116290.56 372508.72
1484942481785 628 1 2 196.000 0.484 138290.33 408134.65
1484942481795 629 1 2 196.000 0.484 162606.92 489530.00
1484942481799 630 1 2 196.000 0.484 171348.18 518941.76
1484942481804 631 1 2 196.000 0.000 185182.17 589530.00
1484942481809 632 1 2 196.000 0.000 191777.19 570175.16
1484942481813 633 1 2 196.000 0.484 201294.71 610219.66
1484942481817 634 1 2 196.000 0.000 206397.47 656196.67
1484942481820 635 1 2 196.000 0.000 209042.20 681837.69
1484942481824 636 1 2 196.000 0.000 211752.22 656196.67
1484942481827 637 1 2 196.000 0.484 217378.10 709530.00
1484942481830 638 1 2 196.000 0.484 226372.11 709530.00
1484942481834 639 1 2 196.000 0.000 229530.00 709530.00
1484942481837 640 1 2 196.000 0.000 236105.34 709530.00
1484942481841 641 1 2 196.000 0.484 232773.24 709530.00
1484942481844 642 1 2 196.000 0.484 239530.00 709530.00
1484942481847 643 1 2 196.000 0.484 243051.13 772138.70
1484942481851 644 1 2 196.000 0.000 239530.00 772138.70
1484942481854 645 1 2 196.000 0.000 246672.86 807711.82
1484942481858 646 1 2 196.000 0.000 246672.86 846672.86
1484942481861 647 1 2 196.000 0.484 250399.57 807711.82
1484942481864 648 1 2 196.000 0.000 243051.13 846672.86
1484942481868 649 1 2 196.000 0.000 254235.88 846672.86
1484942481871 650 1 2 196.000 0.000 258186.72 846672.86
1484942481875 651 1 2 196.000 0.484 254235.88 846672.86
1484942481878 652 1 2 196.000 0.000 254235.88 889530.00
1484942481881 653 1 2 196.000 0.000 258186.72 889530.00
1484942481885 654 1 2 196.000 0.484 262257.27 846672.86
1484942481888 655 1 2 196.000 0.484 258186.72 989530.00
1484942481892 656 1 2 196.000 0.484 262257.27 889530.00
1484942481895 657 1 2 196.000 0.000 266453.08 989530.00
1484942481898 658 1 2 196.000 0.484 270780.00 889530.00
1484942481902 659 1 2 196.000 0.000 266453.08 936898.42
1484942481905 660 1 2 196.000 0.000 270780.00 989530.00
1484942481908 661 1 2 196.000 0.000 275244.29 936898.42
1484942481912 662 1 2 196.000 0.484 275244.29 936898.42
1484942481915 663 1 2 196.000 0.484 279852.58 1048353.53
1484942481919 664 1 2 196.000 0.000 284611.97 989530.00
1484942481922 665 1 2 196.000 0.000 279852.58 989530.00
1484942481926 666 1 2 196.000 0.000 284611.97 989530.00
1484942481929 667 1 2 196.000 0.000 284611.97 989530.00
1484942481932 668 1 2 196.000 0.484 284611.97 989530.00
1484942481936 669 1 2 196.000 0.000 289530.00 989530.00
1484942481939 670 1 2 196.000 0.484 284611.97 989530.00
1484942481943 671 1 2 196.000 0.000 294614.75 989530.00
1484942481946 672 1 2 196.000 0.000 294614.75 989530.00
1484942481949 673 1 2 196.000 0.000 299874.83 936898.42
1484942481953 674 1 2 196.000 0.000 299874.83 936898.42
1484942481956 675 1 2 196.000 0.000 289530.00 989530.00
1484942481960 676 1 2 196.000 0.000 299874.83 936898.42
1484942481963 677 1 2 196.000 0.000 299874.83 889530.00
1484942481966 678 1 2 196.000 0.484 299874.83 936898.42
1484942481970 679 1 2 196.000 0.000 299874.83 936898.42
1484942481973 680 1 2 196.000 0.484 299874.83 936898.42
1484942481977 681 1 2 196.000 0.000 299874.83 889530.00
1484942481980 682 1 2 196.000 0.000 299874.83 989530.00
1484942481983 683 1 2 196.000 0.484 294614.75 989530.00
1484942481987 684 1 2 196.000 0.484 299874.83 936898.42
1484942481990 685 1 2 196.000 0.000 294614.75 936898.42
1484942481993 686 1 2 196.000 0.000 299874.83 936898.42
1484942481997 687 1 2 196.000 0.484 299874.83 989530.00
1484942482000 688 1 2 196.000 0.484 299874.83 936898.42
1484942482004 689 1 2 196.000 0.484 299874.83 936898.42
1484942482007 690 1 2 196.000 0.000 299874.83 936898.42
1484942482010 691 1 2 196.000 0.000 294614.75 936898.42
1484942482014 692 1 2 196.000 0.484 299874.83 989530.00
1484942482017 693 1 2 196.000 0.000 299874.83 936898.42
1484942482021 694 1 2 196.000 0.000 294614.75 936898.42
1484942482024 695 1 2 196.000 0.000 294614.75 989530.00
1484942482027 696 1 2 196.000 0.000 299874.83 989530.00
1484942482031 697 1 2 196.000 0.000 299874.83 889530.00
1484942482034 698 1 2 196.000 0.484 299874.83 989530.00
1484942482038 699 1 2 196.000 0.000 299874.83 989530.00
1484942482041 700 1 2 196.000 0.000 294614.75 989530.00
1484942482044 701 1 2 196.000 0.000 299874.83 989530.00
1484942482048 702 1 2 196.000 0.484 299874.83 989530.00
1484942482051 703 1 2 196.000 0.000 299874.83 989530.00
1484942482055 704 1 2 196.000 0.000 294614.75 1048353.53
1484942482058 705 1 2 196.000 0.000 289530.00 989530.00
1484942482061 706 1 2 196.000 0.484 294614.75 1048353.53
1484942482065 707 1 2 196.000 0.484 299874.83 989530.00
1484942482068 708 1 2 196.000 0.484 284611.97 936898.42
1484942482071 709 1 2 196.000 0.484 294614.75 1048353.53
1484942482075 710 1 2 196.000 0.000 289530.00 989530.00
1484942482078 711 1 2 196.000 0.000 294614.75 989530.00
1484942482082 712 1 2 196.000 0.000 289530.00 1048353.53
1484942482085 713 1 2 196.000 0.000 294614.75 989530.00
1484942482088 714 1 2 196.000 0.484 289530.00 1114530.00
1484942482092 715 1 2 196.000 0.484 284611.97 1048353.53
1484942482095 716 1 2 196.000 0.000 284611.97 989530.00
1484942482099 717 1 2 196.000 0.484 294614.75 989530.00
1484942482102 718 1 2 196.000 0.484 289530.00 989530.00
1484942482105 719 1 2 196.000 0.484 294614.75 936898.42
1484942482109 720 1 2 196.000 0.484 294614.75 989530.00
1484942482112 721 1 2 196.000 0.000 294614.75 989530.00
1484942482115 722 1 2 196.000 0.000 289530.00 989530.00
1484942482119 723 1 2 196.000 0.000 294614.75 989530.00
1484942482122 724 1 2 196.000 0.000 284611.97 1048353.53
1484942482126 725 1 2 196.000 0.000 289530.00 1048353.53
1484942482129 726 1 2 196.000 0.000 289530.00 1048353.53
1484942482132 727 1 2 196.000 0.484 284611.97 1048353.53
1484942482136 728 1 2 196.000 0.484 284611.97 989530.00
1484942482139 729 1 2 196.000 0.000 279852.58 1048353.53
1484942482143 730 1 2 196.000 0.484 275244.29 989530.00
1484942482146 731 1 2 196.000 0.000 284611.97 1048353.53
1484942482150 732 1 2 196.000 0.484 279852.58 989530.00
1484942482153 733 1 2 196.000 0.484 279852.58 989530.00
1484942482157 734 1 2 196.000 0.484 275244.29 989530.00
1484942482160 735 1 2 196.000 0.000 279852.58 1048353.53
1484942482163 736 1 2 196.000 0.484 284611.97 989530.00
1484942482167 737 2 2 196.000 0.000 284611.97 1048353.53
1484942482171 738 2 1 196.000 0.484 279852.58 1114530.00
1484942482174 739 2 1 196.000 0.484 275244.29 1048353.53
1484942482178 740 2 1 196.000 0.484 270780.00 1048353.53
1484942482188 741 2 1 196.000 0.484 279852.58 1048353.53
1484942482192 742 2 1 196.000 0.484 270780.00 1114530.00
1484942482196 743 2 1 196.000 0.484 279852.58 1048353.53
1484942482205 744 2 1 196.000 0.484 279852.58 1048353.53
1484942482214 745 2 1 196.000 0.484 279852.58 1048353.53
1484942482219 746 2 1 196.000 0.484 279852.58 1048353.53
1484942482226 747 2 1 196.000 0.484 279852.58 1048353.53
1484942482230 748 2 1 196.000 0.000 275244.29 989530.00
1484942482234 749 2 1 196.000 0.000 275244.29 989530.00
1484942482237 750 2 1 196.000 0.484 275244.29 989530.00
1484942482241 751 2 1 196.000 0.000 270780.00 989530.00
1484942482244 752 2 1 196.000 0.000 270780.00 936898.42
1484942482248 753 2 1 196.000 0.000 270780.00 1048353.53
1484942482251 754 2 1 196.000 0.484 266453.08 1048353.53
1484942482254 755 2 1 196.000 0.000 270780.00 989530.00
1484942482258 756 2 1 196.000 0.968 275244.29 1048353.53
1484942482261 757 2 1 196.000 0.968 279852.58 1048353.53
1484942482264 758 2 1 196.000 3.870 279852.58 989530.00
1484942482268 759 2 1 196.000 2.419 275244.29 989530.00
1484942482271 760 2 1 196.000 3.386 275244.29 989530.00
1484942482275 761 2 1 196.000 5.321 279852.58 989530.00
1484942482288 762 2 1 196.000 0.000 275244.29 1048353.53
1484942482319 763 2 1 196.000 0.484 266453.08 1114530.00
1484942482324 764 2 1 196.000 0.484 266453.08 1114530.00
1484942482328 765 2 1 196.000 0.000 266453.08 1114530.00
1484942482334 766 2 1 196.000 0.484 266453.08 1114530.00
1484942482343 767 2 1 196.000 0.000 266453.08 1048353.53
1484942482347 768 2 1 196.000 0.000 262257.27 1048353.53
1484942482351 769 2 1 196.000 0.000 262257.27 1048353.53
1484942482359 770 2 1 196.000 0.000 266453.08 1114530.00
1484942482373 771 2 1 196.000 0.484 266453.08 1048353.53
1484942482376 772 2 1 196.000 0.000 262257.27 1114530.00
1484942482387 773 2 1 196.000 0.000 266453.08 1048353.53
1484942482391 774 2 1 196.000 0.000 266453.08 1114530.00
1484942482396 775 2 1 196.000 0.000 266453.08 1189530.00
1484942482401 776 2 1 196.000 0.000 262257.27 1114530.00
1484942482404 777 2 1 196.000 0.000 266453.08 1114530.00
1484942482408 778 2 1 196.000 0.000 266453.08 1114530.00
1484942482411 779 2 1 196.000 0.484 266453.08 1048353.53
1484942482414 780 2 1 196.000 0.484 266453.08 1048353.53
1484942482418 781 2 1 196.000 0.000 262257.27 1048353.53
1484942482422 782 2 1 196.000 0.484 258186.72 1048353.53
1484942482425 783 2 1 196.000 0.000 262257.27 1048353.53
1484942482429 784 2 1 196.000 0.484 258186.72 1048353.53
1484942482432 785 2 1 196.000 0.484 266453.08 1048353.53
1484942482435 786 2 1 196.000 0.000 262257.27 1048353.53
1484942482439 787 2 1 196.000 0.000 266453.08 989530.00
1484942482442 788 2 1 196.000 0.000 258186.72 1114530.00
1484942482446 789 2 1 196.000 0.484 262257.27 1048353.53
1484942482449 790 2 1 196.000 0.000 262257.27 1048353.53
1484942482452 791 2 1 196.000 0.000 262257.27 1048353.53
1484942482456 792 2 1 196.000 0.000 262257.27 1048353.53
1484942482459 793 2 1 196.000 0.000 262257.27 1114530.00
1484942482463 794 2 1 196.000 0.484 258186.72 1048353.53
1484942482466 795 2 1 196.000 0.000 262257.27 1114530.00
1484942482469 796 2 1 196.000 0.484 262257.27 1114530.00
1484942482473 797 2 1 196.000 0.484 254235.88 1048353.53
1484942482476 798 2 1 196.000 0.484 258186.72 1114530.00
1484942482479 799 2 1 196.000 0.000 254235.88 989530.00
1484942482483 800 2 1 196.000 0.000 258186.72 1048353.53
1484942482486 801 2 1 196.000 0.000 254235.88 1114530.00
1484942482490 802 2 1 196.000 0.000 258186.72 1114530.00
1484942482493 803 2 1 196.000 0.000 250399.57 989530.00
1484942482496 804 2 1 196.000 0.000 250399.57 989530.00
1484942482500 805 2 1 196.000 0.000 246672.86 1048353.53
1484942482503 806 2 1 196.000 0.484 246672.86 1114530.00
1484942482507 807 2 1 196.000 0.000 229530.00 989530.00
1484942482510 808 2 1 196.000 0.484 226372.11 989530.00
1484942482513 809 2 1 196.000 0.000 201294.71 1048353.53
1484942482517 810 2 1 196.000 0.484 211752.22 846672.86
1484942482520 811 2 1 196.000 0.000 262257.27 610219.66
1484942482524 812 2 1 196.000 0.484 196426.55 60118.24
1484942482527 813 2 1 196.000 0.000 104179.68 25315.29
1484942482530 814 2 1 196.000 0.968 57454.53 21388.41
1484942482534 815 2 1 196.000 2.903 46492.03 17787.46
1484942482537 816 2 1 196.000 47.409 39253.76 15541.56
1484942482544 817 2 1 196.000 65.793 27345.13 11779.69
1484942482548 818 2 1 196.000 72.565 23685.60 12286.01
1484942482551 819 2 1 196.000 77.887 14917.87 38443.04
1484942482562 820 2 1 196.000 101.592 13121.09 9116.51
1484942482565 821 2 1 196.000 110.783 12343.69 9223.65
1484942482578 822 2 1 196.000 138.358 10656.76 18798.29
1484942482582 823 2 1 196.000 125.780 10387.47 21558.47
1484942482587 824 2 1 196.000 116.588 10315.22 24617.72
1484942482594 825 2 1 196.000 132.069 9891.99 33113.54
1484942482598 826 2 1 196.000 144.163 9777.47 25032.96
1484942482601 827 2 1 196.000 130.618 9754.72 27424.74
1484942482605 828 2 1 196.000 118.040 9868.98 13276.70
1484942482609 829 2 1 196.000 109.332 9823.12 12086.39
1484942482612 830 2 1 196.000 114.170 9754.72 11190.65
1484942482616 831 2 1 196.000 125.780 9619.29 13371.06
1484942482619 832 2 1 196.000 132.553 9530.00 15207.60
1484942482622 833 2 1 196.000 132.069 9507.80 13152.05
1484942482626 834 2 1 196.000 119.491 9552.25 10007.82
1484942482629 835 2 1 196.000 113.202 9574.54 9052.78
1484942482632 836 2 1 196.000 112.718 9530.00 8221.59
1484942482636 837 2 1 196.000 119.491 9441.50 7711.82
1484942482639 838 2 1 196.000 125.780 9397.55 7638.65
1484942482643 839 2 1 196.000 127.231 9375.64 8678.94
1484942482646 840 2 1 196.000 124.329 9353.79 8618.02
1484942482649 841 2 1 196.000 118.040 9375.64 9397.55
1484942482653 842 2 1 196.000 115.621 9331.98 10339.25
1484942482656 843 2 1 196.000 115.621 9310.22 9095.22
1484942482660 844 2 1 196.000 118.040 9331.98 9031.63
1484942482663 845 2 1 196.000 123.361 9288.51 9116.51
1484942482666 846 2 1 196.000 124.329 9223.65 9530.00
1484942482670 847 2 1 196.000 121.910 9245.22 9530.00
1484942482673 848 2 1 196.000 118.040 9245.22 9202.13
1484942482677 849 2 1 196.000 115.137 9288.51 8905.67
1484942482680 850 2 1 196.000 115.621 9245.22 10933.09
1484942482683 851 2 1 196.000 119.007 9223.65 9961.33
1484942482687 852 2 1 196.000 123.361 9202.13 10656.76
1484942482690 853 2 1 196.000 124.813 9180.66 10857.01
1484942482693 854 2 1 196.000 120.942 9159.23 10656.76
1484942482697 855 2 1 196.000 116.105 9223.65 10148.56
1484942482700 856 2 1 196.000 112.718 9245.22 9891.99
1484942482704 857 2 1 196.000 113.686 9180.66 8437.56
1484942482707 858 2 1 196.000 119.975 9116.51 8618.02
1484942482710 859 2 1 196.000 124.329 9095.22 9664.23
1484942482714 860 2 1 196.000 123.845 9116.51 9619.29
1484942482717 861 2 1 196.000 117.072 9095.22 8048.52
1484942482720 862 2 1 196.000 111.751 9116.51 9419.50
1484942482724 863 2 1 196.000 111.267 9116.51 9159.23
1484942482727 864 2 1 196.000 117.072 9116.51 9202.13
1484942482731 865 2 1 196.000 123.361 9095.22 9180.66
1484942482734 866 2 1 196.000 124.329 9052.78 9159.23
1484942482737 867 2 1 196.000 119.491 9073.97 8597.80
1484942482741 868 2 1 196.000 114.170 9095.22 8497.33
1484942482744 869 2 1 196.000 112.235 9073.97 8048.52
1484942482748 870 2 1 196.000 113.686 9031.63 7841.29
1484942482751 871 2 1 196.000 118.040 9031.63 7804.11
1484942482754 872 2 1 196.000 121.910 9031.63 7859.94
1484942482758 873 2 1 196.000 121.426 9010.52 7953.75
1484942482761 874 2 1 196.000 117.556 9010.52 7620.45
1484942482765 875 2 1 196.000 113.202 9010.52 7991.54
1484942482768 876 2 1 196.000 112.718 9010.52 7748.62
1484942482771 877 2 1 196.000 114.653 8989.46 7656.89
1484942482775 878 2 1 196.000 118.524 8968.44 7656.89
1484942482778 879 2 1 196.000 119.975 8989.46 7620.45
1484942482781 880 2 1 196.000 119.007 8989.46 7638.65
1484942482785 881 2 1 196.000 115.621 8989.46 7620.45
1484942482788 882 2 1 196.000 113.686 8989.46 7229.12
1484942482792 883 2 1 196.000 114.170 8968.44 7263.99
1484942482795 884 2 1 196.000 115.137 8968.44 7351.78
1484942482799 885 2 1 196.000 118.040 8947.48 7387.14
1484942482802 886 2 1 196.000 118.524 8947.48 7440.45
1484942482805 887 2 1 196.000 117.072 8947.48 7125.31
1484942482809 888 2 1 196.000 115.137 8947.48 7229.12
1484942482812 889 2 1 196.000 114.170 8947.48 7211.73
1484942482816 890 2 1 196.000 114.653 8947.48 6988.78
1484942482819 891 2 1 196.000 116.105 8989.46 6971.86
1484942482823 892 2 1 196.000 117.072 8926.55 6921.30
1484942482826 893 2 1 196.000 117.072 8947.48 6871.04
1484942482829 894 2 1 196.000 116.105 8926.55 6771.38
1484942482833 895 2 1 196.000 115.137 8905.67 6672.86
1484942482836 896 2 1 196.000 114.653 8926.55 6721.98
1484942482839 897 2 1 196.000 115.621 8905.67 6431.41
1484942482843 898 2 1 196.000 116.105 8884.84 6150.50
1484942482846 899 2 1 196.000 116.105 8905.67 5760.84
1484942482850 900 2 1 196.000 115.621 8905.67 5530.00
1484942482853 901 2 1 196.000 115.137 8905.67 5445.12
1484942482856 902 2 1 196.000 114.653 8884.84 5347.22
1484942482860 903 2 1 196.000 115.137 8905.67 5278.03
1484942482864 904 2 1 196.000 116.105 8884.84 5278.03
1484942482867 905 2 1 196.000 116.105 8884.84 5291.82
1484942482870 906 2 1 196.000 116.105 8864.05 5291.82
1484942482874 907 2 1 196.000 115.137 8884.84 5291.82
1484942482877 908 2 1 196.000 113.686 8864.05 5250.52
1484942482881 909 2 1 196.000 114.170 8843.30 5264.27
1484942482884 910 2 1 196.000 115.137 8864.05 5278.03
1484942482887 911 2 1 196.000 116.588 8843.30 5305.64
1484942482891 912 2 1 196.000 116.588 8864.05 5305.64
1484942482894 913 2 1 196.000 115.137 8864.05 5291.82
1484942482897 914 2 1 196.000 113.686 8864.05 5291.82
1484942482901 915 2 1 196.000 113.686 8843.30 5291.82
1484942482904 916 2 1 196.000 114.170 8843.30 5278.03
1484942482908 917 2 1 196.000 115.621 8843.30 5278.03
1484942482911 918 2 1 196.000 115.621 8843.30 5278.03
1484942482914 919 2 1 196.000 115.137 8843.30 5236.81
1484942482918 920 2 1 196.000 114.653 8843.30 5236.81
1484942482921 921 2 1 196.000 114.170 8801.95 5223.11
1484942482925 922 2 1 196.000 114.653 8843.30 5223.11
1484942482928 923 2 1 196.000 114.653 8822.60 5223.11
1484942482932 924 2 1 196.000 114.653 8843.30 5209.44
1484942482935 925 2 1 196.000 114.653 8843.30 5182.17
1484942482938 926 2 1 196.000 114.170 8822.60 5209.44
1484942482942 927 2 1 196.000 113.686 8822.60 5182.17
1484942482945 928 2 1 196.000 114.653 8822.60 5168.58
1484942482949 929 2 1 196.000 114.653 8843.30 5182.17
1484942482952 930 2 1 196.000 114.653 8801.95 5182.17
1484942482955 931 2 1 196.000 114.653 8822.60 5168.58
1484942482959 932 2 1 196.000 114.653 8781.34 5182.17
1484942482962 933 2 1 196.000 114.170 8801.95 5182.17
1484942482966 934 2 1 196.000 114.170 8822.60 5168.58
1484942482969 935 2 1 196.000 114.170 8843.30 5168.58
1484942482972 936 2 1 196.000 114.170 8801.95 5195.80
1484942482976 937 2 1 196.000 114.170 8781.34 5182.17
1484942482979 938 2 1 196.000 114.170 8801.95 5195.80
1484942482983 939 2 1 196.000 114.170 8801.95 5223.11
1484942482986 940 2 1 196.000 114.170 8801.95 5223.11
1484942482989 941 2 1 196.000 114.170 8801.95 5209.44
1484942482993 942 2 1 196.000 114.653 8801.95 5195.80
1484942482996 943 2 1 196.000 114.653 8760.77 5195.80
1484942482999 944 2 1 196.000 114.653 8781.34 5236.81
1484942483003 945 2 1 196.000 114.170 8781.34 5236.81
1484942483006 946 2 1 196.000 114.170 8781.34 5264.27
1484942483010 947 2 1 196.000 114.170 8822.60 5223.11
1484942483013 948 2 1 196.000 114.170 8801.95 5209.44
1484942483016 949 2 1 196.000 114.653 8781.34 5250.52
1484942483020 950 2 1 196.000 114.653 8760.77 5305.64
1484942483023 951 2 1 196.000 114.653 8781.34 5291.82
1484942483027 952 2 1 196.000 114.170 8781.34 5291.82
1484942483030 953 2 1 196.000 113.686 8760.77 5319.47
1484942483033 954 2 1 196.000 114.170 8781.34 5333.34
1484942483037 955 2 1 196.000 114.653 8760.77 5375.07
1484942483040 956 2 1 196.000 114.653 8781.34 5431.06
1484942483043 957 2 1 196.000 114.653 8760.77 5445.12
1484942483047 958 2 1 196.000 114.170 8760.77 5459.20
1484942483050 959 2 1 196.000 113.686 8760.77 5459.20
1484942483054 960 2 1 196.000 114.170 8760.77 5473.31
1484942483057 961 2 1 196.000 114.170 8760.77 5515.79
1484942483061 962 2 1 196.000 114.170 8760.77 5530.00
1484942483064 963 2 1 196.000 114.170 8760.77 5530.00
1484942483067 964 2 1 196.000 114.170 8760.77 5572.78
1484942483071 965 2 1 196.000 114.170 8740.25 5601.43
1484942483074 966 2 1 196.000 114.170 8740.25 5673.50
1484942483078 967 2 1 196.000 114.653 8740.25 5673.50
1484942483081 968 2 1 196.000 114.170 8740.25 5731.62
1484942483084 969 2 1 196.000 114.170 8760.77 5731.62
1484942483088 970 2 1 196.000 114.170 8760.77 5790.16
1484942483091 971 2 1 196.000 114.170 8740.25 5834.35
1484942483094 972 2 1 196.000 114.170 8740.25 5849.13
1484942483098 973 2 1 196.000 114.170 8699.33 5863.94
1484942483101 974 2 1 196.000 114.170 8740.25 5878.77
1484942483105 975 2 1 196.000 114.170 8719.77 5953.36
1484942483108 976 2 1 196.000 114.170 8740.25 5923.44
1484942483111 977 2 1 196.000 113.686 8740.25 6013.52
1484942483115 978 2 1 196.000 113.686 8719.77 6028.63
1484942483118 979 2 1 196.000 114.170 8740.25 6150.50
1484942483122 980 2 1 196.000 114.170 8740.25 6321.04
1484942483125 981 2 1 196.000 114.170 8719.77 6368.17
1484942483128 982 2 1 196.000 114.170 8719.77 6415.55
1484942483132 983 2 1 196.000 114.170 8740.25 6336.72
1484942483135 984 2 1 196.000 114.170 8699.33 6321.04
1484942483139 985 2 1 196.000 113.686 8699.33 6289.78
1484942483142 986 2 1 196.000 113.686 8719.77 6227.59
1484942483145 987 2 1 196.000 114.170 8719.77 6289.78
1484942483149 988 2 1 196.000 113.686 8699.33 6289.78
1484942483152 989 2 1 196.000 114.170 8719.77 6305.40
1484942483156 990 2 1 196.000 113.686 8719.77 6336.72
1484942483159 991 2 1 196.000 113.686 8719.77 6305.40
1484942483163 992 2 1 196.000 113.686 8719.77 6289.78
1484942483166 993 2 1 196.000 114.170 8719.77 6289.78
1484942483170 994 2 1 196.000 113.686 8699.33 6305.40
1484942483173 995 2 2 196.000 113.686 8719.77 6274.19
1484942483176 996 2 2 196.000 113.686 8740.25 6321.04
1484942483180 997 2 2 196.000 113.686 8699.33 6368.17
1484942483183 998 2 2 196.000 113.686 8699.33 6352.43
1484942483187 999 2 2 196.000 113.686 8699.33 6399.73
1484942483190 1000 2 2 196.000 113.686 8699.33 6431.41
1484942483193 1001 2 2 196.000 113.686 8719.77 6415.55
1484942483197 1002 2 2 196.000 113.686 8699.33 6447.29
1484942483200 1003 2 2 196.000 113.686 8719.77 6447.29
1484942483204 1004 2 2 196.000 113.686 8719.77 6463.21
1484942483207 1005 2 2 196.000 112.718 8719.77 6447.29
1484942483210 1006 2 2 196.000 112.235 8678.94 6479.15
1484942483214 1007 2 2 196.000 111.751 8699.33 6511.13
1484942483217 1008 2 2 196.000 110.783 8699.33 6447.29
1484942483221 1009 2 2 196.000 109.332 8699.33 6352.43
1484942483224 1010 2 2 196.000 109.816 8699.33 6479.15
1484942483227 1011 2 2 196.000 104.978 8760.77 12343.69
1484942483231 1012 2 2 196.000 90.465 9095.22 25893.64
1484942483235 1013 2 2 196.000 72.565 9891.99 24963.07
1484942483238 1014 2 2 196.000 58.052 11035.38 10558.04
1484942483241 1015 2 2 196.000 44.991 12401.66 21501.58
1484942483245 1016 2 2 196.000 33.864 14357.59 12577.38
1484942483248 1017 2 2 196.000 22.737 17095.08 17137.36
1484942483251 1018 2 2 196.000 12.578 20834.35 19184.04
1484942483255 1019 2 2 196.000 3.386 25244.29 26115.37
1484942483264 1020 2 2 196.000 0.000 42627.35 44575.87
1484942483267 1021 2 2 196.000 0.000 51813.74 160958.57
1484942483278 1022 2 2 196.000 0.000 91224.92 217378.10
1484942483282 1023 2 2 196.000 0.000 110335.37 279852.58
1484942483285 1024 2 2 196.000 0.000 138290.33 408134.65
1484942483297 1025 2 2 196.000 0.000 147424.74 439530.00
1484942483303 1026 2 2 196.000 0.000 162606.92 503815.71
1484942483308 1027 2 2 196.000 0.484 175097.01 534984.55
1484942483314 1028 2 2 196.000 0.484 185182.17 589530.00
1484942483317 1029 2 2 196.000 0.484 191777.19 589530.00
1484942483321 1030 2 2 196.000 0.484 198832.33 610219.66
1484942483324 1031 2 2 196.000 0.000 206397.47 709530.00
1484942483328 1032 2 2 196.000 0.000 209042.20 681837.69
1484942483331 1033 2 2 196.000 0.000 211752.22 681837.69
1484942483335 1034 2 2 196.000 0.484 223296.23 709530.00
1484942483338 1035 2 2 196.000 0.484 223296.23 709530.00
1484942483342 1036 2 2 196.000 0.484 226372.11 681837.69
1484942483345 1037 2 2 196.000 0.000 226372.11 739530.00
1484942483349 1038 2 2 196.000 0.000 236105.34 772138.70
1484942483352 1039 2 2 196.000 0.484 236105.34 739530.00
1484942483355 1040 2 2 196.000 0.000 239530.00 772138.70
1484942483359 1041 2 2 196.000 0.000 243051.13 807711.82
1484942483362 1042 2 2 196.000 0.484 246672.86 846672.86
1484942483366 1043 2 2 196.000 0.000 243051.13 846672.86
1484942483369 1044 2 2 196.000 0.000 250399.57 846672.86
1484942483372 1045 2 2 196.000 0.000 246672.86 889530.00
1484942483376 1046 2 2 196.000 0.484 246672.86 807711.82
1484942483379 1047 2 2 196.000 0.000 250399.57 889530.00
1484942483383 1048 2 2 196.000 0.484 254235.88 889530.00
1484942483386 1049 2 2 196.000 0.484 254235.88 846672.86
1484942483389 1050 2 2 196.000 0.484 254235.88 889530.00
1484942483393 1051 2 2 196.000 0.000 266453.08 936898.42
1484942483397 1052 2 2 196.000 0.000 262257.27 989530.00
1484942483400 1053 2 2 196.000 0.000 266453.08 989530.00
1484942483403 1054 2 2 196.000 0.000 266453.08 989530.00
1484942483407 1055 2 2 196.000 0.000 270780.00 989530.00
1484942483410 1056 2 2 196.000 0.000 266453.08 989530.00
1484942483414 1057 2 2 196.000 0.484 266453.08 989530.00
1484942483417 1058 2 2 196.000 0.000 266453.08 989530.00
1484942483420 1059 2 2 196.000 0.484 270780.00 936898.42
1484942483424 1060 2 2 196.000 0.000 279852.58 989530.00
1484942483427 1061 2 2 196.000 0.484 270780.00 989530.00
1484942483431 1062 2 2 196.000 0.000 284611.97 989530.00
1484942483434 1063 2 2 196.000 0.000 284611.97 989530.00
1484942483437 1064 2 2 196.000 0.484 279852.58 989530.00
1484942483441 1065 2 2 196.000 0.484 284611.97 989530.00
1484942483444 1066 2 2 196.000 0.484 284611.97 1048353.53
1484942483448 1067 2 2 196.000 0.000 284611.97 989530.00
1484942483451 1068 2 2 196.000 0.000 284611.97 989530.00
1484942483454 1069 2 2 196.000 0.484 289530.00 989530.00
1484942483458 1070 2 2 196.000 0.000 294614.75 1048353.53
1484942483461 1071 2 2 196.000 0.000 294614.75 989530.00
1484942483464 1072 2 2 196.000 0.000 299874.83 989530.00
1484942483468 1073 2 2 196.000 0.000 299874.83 989530.00
1484942483471 1074 2 2 196.000 0.000 299874.83 989530.00
1484942483475 1075 2 2 196.000 0.000 299874.83 989530.00
1484942483478 1076 2 2 196.000 0.000 305319.47 1048353.53
1484942483481 1077 2 2 196.000 0.000 299874.83 989530.00
1484942483485 1078 2 2 196.000 0.484 305319.47 936898.42
1484942483488 1079 2 2 196.000 0.484 299874.83 989530.00
1484942483491 1080 2 2 196.000 0.000 305319.47 889530.00
1484942483495 1081 2 2 196.000 0.000 310958.57 936898.42
1484942483498 1082 2 2 196.000 0.484 299874.83 989530.00
1484942483502 1083 2 2 196.000 0.484 299874.83 989530.00
1484942483505 1084 2 2 196.000 0.000 289530.00 989530.00
1484942483508 1085 2 2 196.000 0.000 289530.00 989530.00
1484942483512 1086 2 2 196.000 0.484 299874.83 989530.00
1484942483515 1087 2 2 196.000 0.000 305319.47 989530.00
1484942483519 1088 2 2 196.000 0.484 299874.83 936898.42
1484942483522 1089 2 2 196.000 0.000 294614.75 1048353.53
1484942483525 1090 2 2 196.000 0.000 299874.83 1048353.53
1484942483529 1091 2 2 196.000 0.000 299874.83 1048353.53
1484942483532 1092 2 2 196.000 0.484 299874.83 1048353.53
1484942483536 1093 2 2 196.000 0.484 294614.75 989530.00
1484942483539 1094 2 2 196.000 0.000 299874.83 989530.00
1484942483542 1095 2 2 196.000 0.484 284611.97 936898.42
1484942483546 1096 2 2 196.000 0.000 294614.75 989530.00
1484942483549 1097 2 2 196.000 0.484 294614.75 989530.00
1484942483553 1098 2 2 196.000 0.000 294614.75 989530.00
1484942483556 1099 2 2 196.000 0.484 294614.75 1048353.53
1484942483559 1100 2 2 196.000 0.000 299874.83 989530.00
1484942483563 1101 2 2 196.000 0.000 289530.00 1048353.53
1484942483566 1102 2 2 196.000 0.484 299874.83 989530.00
1484942483570 1103 2 2 196.000 0.000 294614.75 1114530.00
1484942483573 1104 2 2 196.000 0.484 294614.75 1048353.53
1484942483576 1105 2 2 196.000 0.484 294614.75 1048353.53
1484942483580 1106 2 2 196.000 0.000 294614.75 1114530.00
1484942483583 1107 2 2 196.000 0.484 289530.00 1114530.00
1484942483587 1108 2 2 196.000 0.000 289530.00 1048353.53
1484942483590 1109 2 2 196.000 0.000 289530.00 1048353.53
1484942483593 1110 2 2 196.000 0.000 294614.75 1048353.53
1484942483597 1111 2 2 196.000 0.484 299874.83 1048353.53
1484942483600 1112 2 2 196.000 0.484 294614.75 989530.00
1484942483604 1113 2 2 196.000 0.000 294614.75 989530.00
1484942483607 1114 2 2 196.000 0.484 294614.75 989530.00
1484942483610 1115 2 2 196.000 0.484 294614.75 989530.00
1484942483614 1116 2 2 196.000 0.000 294614.75 936898.42
1484942483617 1117 2 2 196.000 0.484 294614.75 936898.42
1484942483621 1118 2 2 196.000 0.484 294614.75 1048353.53
1484942483624 1119 2 2 196.000 0.000 299874.83 936898.42
1484942483627 1120 2 2 196.000 0.484 294614.75 989530.00
1484942483631 1121 2 2 196.000 0.000 299874.83 989530.00
1484942483634 1122 2 2 196.000 0.000 289530.00 989530.00
1484942483637 1123 2 2 196.000 0.484 289530.00 1048353.53
1484942483641 1124 2 2 196.000 0.000 279852.58 989530.00
1484942483644 1125 2 2 196.000 0.484 284611.97 1048353.53
1484942483648 1126 2 2 196.000 0.000 289530.00 989530.00
1484942483651 1127 2 2 196.000 0.484 289530.00 989530.00
1484942483654 1128 2 2 196.000 0.000 284611.97 989530.00
1484942483658 1129 2 2 196.000 0.484 284611.97 989530.00
1484942483661 1130 2 2 196.000 0.484 284611.97 1048353.53
1484942483665 1131 2 2 196.000 0.484 289530.00 989530.00
1484942483668 1132 2 2 196.000 0.484 284611.97 1048353.53
1484942483671 1133 2 2 196.000 0.484 284611.97 1048353.53
1484942483675 1134 3 2 196.000 0.484 284611.97 1048353.53
