Serial_number: 0 
Time Data_Count Cycle State Desired_force_(psi) Measured_force_(psi) Toe_sensor Heel_Sensor
1487816201354 0 0 0 60.000 0.484 31390.47 69887.14
1487816201383 1 0 1 60.000 0.484 31390.47 70247.49
1487816201395 2 0 1 60.000 0.484 31488.04 70247.49
1487816201414 3 0 1 60.000 0.484 31100.44 69887.14
1487816201422 4 0 1 60.000 0.484 31586.07 69887.14
1487816201442 5 0 1 60.000 0.484 31293.34 69530.00
1487816201461 6 0 1 60.000 0.484 31293.34 69530.00
1487816201467 7 0 1 60.000 0.484 31293.34 69530.00
1487816201479 8 0 1 60.000 0.000 31390.47 70247.49
1487816201488 9 0 1 60.000 0.484 31196.67 69530.00
1487816201501 10 0 1 60.000 0.000 31390.47 70247.49
1487816201515 11 0 1 60.000 0.484 31586.07 69530.00
1487816201530 12 0 1 60.000 0.484 31390.47 69530.00
1487816201543 13 0 1 60.000 0.484 31293.34 69530.00
1487816201553 14 0 1 60.000 0.484 31293.34 69887.14
1487816201568 15 0 1 60.000 0.000 31390.47 69530.00
1487816201580 16 0 1 60.000 0.000 31488.04 69530.00
1487816201593 17 0 1 60.000 0.484 31293.34 69530.00
1487816201606 18 0 1 60.000 0.000 31293.34 69530.00
1487816201613 19 0 1 60.000 0.000 31293.34 70247.49
1487816201629 20 0 1 60.000 0.484 31293.34 70611.08
1487816201643 21 0 1 60.000 0.484 31293.34 69887.14
1487816201654 22 0 1 60.000 0.000 31390.47 70247.49
1487816201663 23 0 1 60.000 0.000 31488.04 69530.00
1487816201674 24 0 1 60.000 0.484 31293.34 69530.00
1487816201685 25 0 1 60.000 0.484 31390.47 69887.14
1487816201695 26 0 1 60.000 0.000 31390.47 70247.49
1487816201702 27 0 1 60.000 0.484 31293.34 69887.14
1487816201715 28 0 1 60.000 0.000 31488.04 70247.49
1487816201722 29 0 1 60.000 0.484 31293.34 69530.00
1487816201731 30 0 1 60.000 0.000 31293.34 69887.14
1487816201736 31 0 1 60.000 0.000 31293.34 69887.14
1487816201744 32 0 1 60.000 0.484 31390.47 69887.14
1487816201753 33 0 1 60.000 0.000 31293.34 70247.49
1487816201757 34 0 1 60.000 0.000 31293.34 71348.18
1487816201768 35 0 1 60.000 0.000 31390.47 69530.00
1487816201772 36 0 1 60.000 -0.484 31390.47 69887.14
1487816201781 37 0 1 60.000 -0.484 31196.67 69530.00
1487816201785 38 0 1 60.000 -0.484 31100.44 69887.14
1487816201794 39 0 1 60.000 -0.968 31293.34 70247.49
1487816201798 40 0 1 60.000 -0.968 31293.34 70247.49
1487816201805 41 0 1 60.000 -0.484 31390.47 69887.14
1487816201813 42 0 1 60.000 -0.968 31390.47 69887.14
1487816201821 43 0 1 60.000 -0.968 31390.47 69887.14
1487816201826 44 0 1 60.000 -0.484 31390.47 69887.14
1487816201832 45 0 1 60.000 -0.968 31293.34 69887.14
1487816201838 46 0 1 60.000 -0.484 31488.04 70247.49
1487816201846 47 0 1 60.000 -0.484 31586.07 70611.08
1487816201859 48 0 1 60.000 -0.968 31488.04 70611.08
1487816201869 49 0 1 60.000 -0.484 31586.07 71348.18
1487816201877 50 0 1 60.000 -0.484 32184.03 72863.33
1487816201891 51 0 1 60.000 -0.484 36041.63 95412.35
1487816201896 52 0 1 60.000 -0.484 41855.58 127991.54
1487816201906 53 0 1 60.000 -0.968 44914.62 156196.67
1487816201911 54 0 1 60.000 -0.484 55464.07 232773.24
1487816201928 55 0 1 60.000 -0.484 66783.22 356876.94
1487816201934 56 0 1 60.000 -0.968 78199.95 408134.65
1487816201942 57 0 1 60.000 -0.484 111151.62 534984.55
1487816201955 58 0 1 60.000 -0.484 139530.00 632387.14
1487816201967 59 0 1 60.000 -0.484 173203.47 772138.70
1487816201971 60 0 1 60.000 -0.968 194075.45 936898.42
1487816201987 61 0 1 60.000 -0.484 206397.47 846672.86
1487816201996 62 0 1 60.000 -0.484 229530.00 889530.00
1487816202000 63 0 1 60.000 -0.968 232773.24 936898.42
1487816202016 64 0 1 60.000 -0.968 246672.86 1048353.53
1487816202023 65 0 1 60.000 -0.968 254235.88 989530.00
1487816202031 66 0 1 60.000 -0.968 258186.72 889530.00
1487816202044 67 0 1 60.000 -0.484 258186.72 989530.00
1487816202054 68 0 1 60.000 -0.484 258186.72 989530.00
1487816202060 69 0 1 60.000 -0.484 254235.88 989530.00
1487816202075 70 0 1 60.000 -0.968 254235.88 989530.00
1487816202080 71 0 1 60.000 -0.484 258186.72 1048353.53
1487816202089 72 0 1 60.000 -0.968 258186.72 989530.00
1487816202095 73 0 1 60.000 -0.484 258186.72 989530.00
1487816202108 74 0 1 60.000 -0.484 254235.88 989530.00
1487816202116 75 0 1 60.000 -0.968 258186.72 1114530.00
1487816202123 76 0 1 60.000 -0.484 258186.72 1114530.00
1487816202138 77 0 1 60.000 -0.484 262257.27 1048353.53
1487816202147 78 0 1 60.000 -0.484 262257.27 1189530.00
1487816202154 79 0 1 60.000 -0.484 266453.08 1048353.53
1487816202167 80 0 1 60.000 -0.968 262257.27 1114530.00
1487816202176 81 0 1 60.000 -0.484 262257.27 1114530.00
1487816202181 82 0 1 60.000 -0.484 266453.08 989530.00
1487816202197 83 0 1 60.000 -0.968 262257.27 1114530.00
1487816202205 84 0 1 60.000 -0.484 254235.88 1114530.00
1487816202211 85 0 1 60.000 -0.968 266453.08 1114530.00
1487816202219 86 0 1 60.000 -0.484 266453.08 1189530.00
1487816202225 87 0 1 60.000 -0.968 262257.27 1114530.00
1487816202241 88 0 1 60.000 -0.484 266453.08 1048353.53
1487816202245 89 0 1 60.000 -0.968 262257.27 1114530.00
1487816202254 90 0 1 60.000 -0.484 266453.08 1275244.29
1487816202260 91 0 1 60.000 -0.968 262257.27 1114530.00
1487816202268 92 0 1 60.000 -0.484 254235.88 1114530.00
1487816202274 93 0 1 60.000 -0.484 266453.08 1275244.29
1487816202290 94 0 1 60.000 -0.484 266453.08 1114530.00
1487816202295 95 0 1 60.000 -0.484 262257.27 1048353.53
1487816202303 96 0 1 60.000 -0.968 270780.00 1114530.00
1487816202313 97 0 1 60.000 -0.484 266453.08 1048353.53
1487816202317 98 0 1 60.000 -0.968 279852.58 1189530.00
1487816202332 99 0 1 60.000 -0.484 254235.88 1114530.00
1487816202338 100 0 1 60.000 -0.968 266453.08 1189530.00
1487816202343 101 0 1 60.000 -0.968 266453.08 1114530.00
1487816202354 102 0 1 60.000 -0.484 262257.27 1114530.00
1487816202358 103 0 1 60.000 -0.484 262257.27 936898.42
1487816202364 104 0 1 60.000 -0.484 266453.08 1048353.53
1487816202378 105 0 1 60.000 -0.968 262257.27 1114530.00
1487816202385 106 0 1 60.000 -0.968 262257.27 1189530.00
1487816202393 107 0 1 60.000 -0.968 266453.08 989530.00
1487816202400 108 0 1 60.000 -0.968 266453.08 1048353.53
1487816202407 109 0 1 60.000 -0.968 262257.27 1114530.00
1487816202425 110 0 1 60.000 -0.484 266453.08 1048353.53
1487816202429 111 0 1 60.000 -0.968 262257.27 1048353.53
1487816202438 112 0 1 60.000 -0.484 262257.27 1114530.00
1487816202441 113 0 1 60.000 -0.484 262257.27 989530.00
1487816202448 114 0 1 60.000 -0.484 266453.08 1114530.00
1487816202458 115 0 1 60.000 -0.968 266453.08 1189530.00
1487816202473 116 0 1 60.000 -0.484 262257.27 1189530.00
1487816202477 117 0 1 60.000 -0.484 266453.08 989530.00
1487816202485 118 0 1 60.000 -0.484 262257.27 1114530.00
1487816202494 119 0 1 60.000 -0.484 262257.27 1275244.29
1487816202498 120 0 1 60.000 -0.484 262257.27 1048353.53
1487816202507 121 0 1 60.000 -0.484 270780.00 1114530.00
1487816202519 122 0 1 60.000 -0.484 266453.08 1189530.00
1487816202523 123 0 1 60.000 -0.484 258186.72 1114530.00
1487816202532 124 0 1 60.000 -0.484 258186.72 1189530.00
1487816202537 125 0 1 60.000 -0.484 258186.72 1189530.00
1487816202545 126 0 1 60.000 -0.484 262257.27 1275244.29
1487816202559 127 0 1 60.000 -0.484 262257.27 1048353.53
1487816202570 128 0 1 60.000 -0.484 262257.27 1189530.00
1487816202573 129 0 1 60.000 -0.968 262257.27 1189530.00
1487816202580 130 0 1 60.000 -0.968 262257.27 1114530.00
1487816202585 131 0 1 60.000 -0.484 262257.27 1189530.00
1487816202602 132 0 1 60.000 -0.484 266453.08 1114530.00
1487816202610 133 0 1 60.000 -0.484 262257.27 989530.00
1487816202616 134 0 1 60.000 -0.484 266453.08 1189530.00
1487816202623 135 0 1 60.000 -0.968 258186.72 989530.00
1487816202628 136 0 1 60.000 -0.968 266453.08 1114530.00
1487816202635 137 0 1 60.000 -0.484 266453.08 1048353.53
1487816202648 138 0 1 60.000 -0.968 266453.08 1275244.29
1487816202660 139 0 1 60.000 -0.968 254235.88 1114530.00
1487816202666 140 0 1 60.000 -0.484 254235.88 1114530.00
1487816202674 141 0 1 60.000 -0.968 262257.27 1048353.53
1487816202684 142 0 1 60.000 -0.484 258186.72 1048353.53
1487816202693 143 0 1 60.000 -0.484 266453.08 1189530.00
1487816202704 144 0 1 60.000 -0.968 266453.08 1114530.00
1487816202711 145 0 1 60.000 -0.484 266453.08 1114530.00
1487816202718 146 0 1 60.000 -0.484 266453.08 989530.00
1487816202725 147 0 1 60.000 -0.968 266453.08 1189530.00
1487816202741 148 0 1 60.000 -0.968 262257.27 1114530.00
1487816202748 149 0 1 60.000 -0.484 262257.27 1114530.00
1487816202756 150 0 1 60.000 -0.484 262257.27 1114530.00
1487816202762 151 0 1 60.000 -0.968 262257.27 1114530.00
1487816202770 152 0 1 60.000 -0.484 262257.27 989530.00
1487816202783 153 0 1 60.000 -0.968 262257.27 1114530.00
1487816202795 154 0 1 60.000 -0.484 262257.27 1048353.53
1487816202799 155 0 1 60.000 -0.968 254235.88 1114530.00
1487816202804 156 0 1 60.000 -0.484 262257.27 1189530.00
1487816202811 157 0 1 60.000 -0.484 262257.27 1114530.00
1487816202819 158 0 1 60.000 -0.484 266453.08 1048353.53
1487816202834 159 0 1 60.000 -0.484 262257.27 936898.42
1487816202840 160 0 1 60.000 -0.484 254235.88 1114530.00
1487816202848 161 0 1 60.000 -0.484 266453.08 1048353.53
1487816202857 162 0 1 60.000 -0.484 262257.27 1114530.00
1487816202862 163 0 1 60.000 -0.968 262257.27 1189530.00
1487816202873 164 0 1 60.000 -0.484 258186.72 1275244.29
1487816202883 165 0 1 60.000 -0.484 266453.08 1114530.00
1487816202891 166 0 1 60.000 -0.968 262257.27 1189530.00
1487816202897 167 0 1 60.000 -0.484 266453.08 1114530.00
1487816202905 168 0 1 60.000 -0.968 266453.08 1114530.00
1487816202917 169 0 1 60.000 -0.484 266453.08 1189530.00
1487816202928 170 0 1 60.000 -0.484 270780.00 936898.42
1487816202934 171 0 1 60.000 -0.968 266453.08 1114530.00
1487816202940 172 0 1 60.000 -0.484 262257.27 1189530.00
1487816202948 173 0 1 60.000 -0.484 262257.27 1114530.00
1487816202957 174 0 1 60.000 -0.484 266453.08 1114530.00
1487816202969 175 0 1 60.000 -0.484 262257.27 1114530.00
1487816202977 176 0 1 60.000 -0.484 262257.27 1114530.00
1487816202985 177 0 1 60.000 -0.484 262257.27 1189530.00
1487816203000 178 0 1 60.000 -0.484 262257.27 1114530.00
1487816203006 179 0 1 60.000 -0.968 262257.27 1114530.00
1487816203015 180 0 1 60.000 -0.484 254235.88 989530.00
1487816203021 181 0 1 60.000 -0.968 266453.08 1048353.53
1487816203028 182 0 1 60.000 -0.968 262257.27 1114530.00
1487816203034 183 0 1 60.000 -0.968 266453.08 989530.00
1487816203044 184 0 1 60.000 -0.484 262257.27 846672.86
1487816203057 185 0 1 60.000 -0.484 262257.27 989530.00
1487816203060 186 0 1 60.000 -0.968 262257.27 936898.42
1487816203067 187 0 1 60.000 -0.484 262257.27 989530.00
1487816203074 188 0 1 60.000 -0.484 266453.08 989530.00
1487816203081 189 0 1 60.000 -0.968 266453.08 1048353.53
1487816203096 190 0 1 60.000 -0.484 258186.72 989530.00
1487816203103 191 0 1 60.000 -0.484 258186.72 989530.00
1487816203110 192 0 1 60.000 -0.484 258186.72 936898.42
1487816203117 193 0 1 60.000 -0.484 262257.27 989530.00
1487816203122 194 0 1 60.000 -0.968 262257.27 846672.86
1487816203130 195 0 1 60.000 -0.484 262257.27 936898.42
1487816203136 196 0 1 60.000 -0.968 258186.72 936898.42
1487816203143 197 0 1 60.000 -0.484 258186.72 936898.42
1487816203150 198 0 1 60.000 -0.484 266453.08 989530.00
1487816203156 199 0 1 60.000 -0.484 258186.72 936898.42
1487816203162 200 0 1 60.000 -0.484 258186.72 936898.42
1487816203170 201 0 1 60.000 -0.484 262257.27 989530.00
1487816203176 202 0 1 60.000 -0.484 258186.72 936898.42
1487816203184 203 0 1 60.000 -0.484 266453.08 989530.00
1487816203192 204 0 1 60.000 -0.484 258186.72 889530.00
1487816203197 205 0 1 60.000 -0.484 262257.27 889530.00
1487816203207 206 0 1 60.000 -0.968 258186.72 846672.86
1487816203211 207 0 1 60.000 -0.484 258186.72 889530.00
1487816203221 208 0 1 60.000 -0.968 254235.88 989530.00
1487816203225 209 0 1 60.000 -0.484 262257.27 989530.00
1487816203234 210 0 1 60.000 -0.484 275244.29 989530.00
1487816203238 211 0 1 60.000 -0.968 258186.72 936898.42
1487816203244 212 0 1 60.000 -0.968 258186.72 989530.00
1487816203252 213 0 1 60.000 -0.484 266453.08 989530.00
1487816203262 214 0 1 60.000 -0.968 254235.88 936898.42
1487816203266 215 0 1 60.000 -0.484 262257.27 889530.00
1487816203275 216 0 1 60.000 -0.484 258186.72 846672.86
1487816203279 217 0 1 60.000 -0.484 254235.88 889530.00
1487816203285 218 0 1 60.000 -0.484 262257.27 989530.00
1487816203293 219 0 1 60.000 -0.968 254235.88 989530.00
1487816203301 220 0 1 60.000 -0.968 266453.08 989530.00
1487816203306 221 0 1 60.000 -0.968 254235.88 936898.42
1487816203317 222 0 1 60.000 -0.968 258186.72 936898.42
1487816203324 223 0 1 60.000 -0.484 254235.88 889530.00
1487816203334 224 0 1 60.000 -0.484 250399.57 936898.42
1487816203346 225 0 1 60.000 -0.484 258186.72 989530.00
1487816203358 226 0 1 60.000 -0.484 254235.88 936898.42
1487816203368 227 0 1 60.000 -0.968 254235.88 936898.42
1487816203373 228 0 1 60.000 -0.968 254235.88 889530.00
1487816203380 229 0 1 60.000 -0.484 262257.27 936898.42
1487816203393 230 0 1 60.000 -0.484 254235.88 889530.00
1487816203401 231 0 1 60.000 -0.484 254235.88 889530.00
1487816203413 232 0 1 60.000 -0.484 258186.72 936898.42
1487816203422 233 0 1 60.000 -0.484 254235.88 936898.42
1487816203430 234 0 1 60.000 -0.968 258186.72 936898.42
1487816203443 235 0 1 60.000 -0.968 258186.72 936898.42
1487816203453 236 0 1 60.000 -0.968 270780.00 936898.42
1487816203459 237 0 1 60.000 -0.484 258186.72 889530.00
1487816203474 238 0 1 60.000 -0.968 258186.72 889530.00
1487816203480 239 0 1 60.000 -0.484 258186.72 889530.00
1487816203487 240 0 1 60.000 -0.968 258186.72 936898.42
1487816203494 241 0 1 60.000 -0.484 254235.88 936898.42
1487816203510 242 0 1 60.000 -0.484 250399.57 936898.42
1487816203518 243 0 1 60.000 -0.484 258186.72 936898.42
1487816203526 244 0 1 60.000 -0.484 258186.72 936898.42
1487816203543 245 0 1 60.000 -0.484 258186.72 889530.00
1487816203549 246 0 1 60.000 -0.968 254235.88 989530.00
1487816203555 247 0 1 60.000 -0.968 258186.72 936898.42
1487816203568 248 0 1 60.000 -0.484 258186.72 936898.42
1487816203579 249 0 1 60.000 -0.968 258186.72 936898.42
1487816203585 250 0 1 60.000 -0.484 262257.27 889530.00
1487816203602 251 0 1 60.000 -0.968 270780.00 807711.82
1487816203608 252 0 1 60.000 -0.484 250399.57 846672.86
1487816203616 253 0 1 60.000 -0.484 254235.88 889530.00
1487816203629 254 0 1 60.000 -0.484 258186.72 889530.00
1487816203637 255 0 1 60.000 -0.484 258186.72 936898.42
1487816203647 256 0 1 60.000 -0.968 258186.72 936898.42
1487816203657 257 0 1 60.000 -0.484 254235.88 889530.00
1487816203667 258 0 1 60.000 -0.968 254235.88 889530.00
1487816203672 259 0 1 60.000 -0.484 254235.88 936898.42
1487816203678 260 0 1 60.000 -0.968 262257.27 846672.86
1487816203691 261 0 1 60.000 -0.484 246672.86 846672.86
1487816203699 262 0 1 60.000 -0.968 262257.27 889530.00
1487816203705 263 0 1 60.000 -0.968 258186.72 889530.00
1487816203713 264 0 1 60.000 -0.484 262257.27 846672.86
1487816203719 265 0 1 60.000 -0.484 254235.88 989530.00
1487816203738 266 0 1 60.000 -0.484 266453.08 936898.42
1487816203742 267 0 1 60.000 -0.484 258186.72 889530.00
1487816203746 268 0 1 60.000 -0.484 258186.72 889530.00
1487816203754 269 0 1 60.000 -0.484 262257.27 989530.00
1487816203760 270 0 1 60.000 -0.968 266453.08 889530.00
1487816203767 271 0 1 60.000 -0.484 266453.08 889530.00
1487816203782 272 0 1 60.000 -0.484 258186.72 889530.00
1487816203791 273 0 1 60.000 -0.484 258186.72 936898.42
1487816203795 274 0 1 60.000 -0.484 266453.08 889530.00
1487816203804 275 0 1 60.000 -0.968 262257.27 989530.00
1487816203815 276 0 1 60.000 -0.484 258186.72 889530.00
1487816203824 277 0 1 60.000 -0.484 258186.72 846672.86
1487816203834 278 0 1 60.000 -0.968 262257.27 936898.42
1487816203839 279 0 1 60.000 -0.968 262257.27 889530.00
1487816203846 280 0 1 60.000 -0.484 254235.88 989530.00
1487816203854 281 0 1 60.000 -0.968 258186.72 846672.86
1487816203865 282 0 1 60.000 -0.968 258186.72 936898.42
1487816203876 283 0 1 60.000 -0.484 254235.88 936898.42
1487816203883 284 0 1 60.000 -0.484 262257.27 936898.42
1487816203891 285 0 1 60.000 -0.484 266453.08 889530.00
1487816203896 286 0 1 60.000 -0.484 258186.72 936898.42
1487816203904 287 0 1 60.000 -0.484 270780.00 989530.00
1487816203920 288 0 1 60.000 -0.484 258186.72 889530.00
1487816203926 289 0 1 60.000 -0.968 254235.88 889530.00
1487816203934 290 0 1 60.000 -0.484 254235.88 889530.00
1487816203940 291 0 1 60.000 -0.968 258186.72 846672.86
1487816203948 292 0 1 60.000 -0.484 246672.86 846672.86
1487816203960 293 0 1 60.000 -0.484 254235.88 807711.82
1487816203973 294 0 1 60.000 -0.968 275244.29 989530.00
1487816203977 295 0 1 60.000 -0.968 266453.08 889530.00
1487816203983 296 0 1 60.000 -0.484 254235.88 936898.42
1487816203991 297 0 1 60.000 -0.484 262257.27 889530.00
1487816204004 298 0 1 60.000 -0.484 258186.72 889530.00
1487816204012 299 0 1 60.000 -0.484 254235.88 846672.86
1487816204020 300 0 1 60.000 -0.484 258186.72 889530.00
1487816204028 301 0 1 60.000 -0.484 258186.72 889530.00
1487816204037 302 0 1 60.000 -0.484 254235.88 936898.42
1487816204041 303 0 1 60.000 -0.968 258186.72 936898.42
1487816204056 304 0 1 60.000 -0.484 262257.27 889530.00
1487816204062 305 0 1 60.000 -0.484 258186.72 889530.00
1487816204069 306 0 1 60.000 -0.484 254235.88 936898.42
1487816204078 307 0 1 60.000 -0.484 254235.88 889530.00
1487816204082 308 0 1 60.000 -0.484 258186.72 936898.42
1487816204096 309 0 1 60.000 -0.968 258186.72 889530.00
1487816204102 310 0 1 60.000 -0.484 258186.72 889530.00
1487816204109 311 0 1 60.000 -0.484 262257.27 846672.86
1487816204120 312 0 1 60.000 -0.484 258186.72 846672.86
1487816204125 313 0 1 60.000 -0.484 262257.27 772138.70
1487816204139 314 0 1 60.000 -0.484 250399.57 846672.86
1487816204147 315 0 1 60.000 -0.484 254235.88 889530.00
1487816204156 316 0 1 60.000 -0.484 254235.88 846672.86
1487816204164 317 0 1 60.000 -0.484 254235.88 846672.86
1487816204168 318 0 1 60.000 -0.484 262257.27 936898.42
1487816204174 319 0 1 60.000 -0.484 254235.88 936898.42
1487816204188 320 0 1 60.000 -0.484 254235.88 889530.00
1487816204196 321 0 1 60.000 -0.968 258186.72 846672.86
1487816204203 322 0 1 60.000 -0.484 250399.57 889530.00
1487816204209 323 0 1 60.000 -0.968 254235.88 889530.00
1487816204217 324 0 1 60.000 -0.968 266453.08 936898.42
1487816204222 325 0 1 60.000 -0.484 250399.57 889530.00
1487816204237 326 0 1 60.000 -0.484 254235.88 889530.00
1487816204244 327 0 1 60.000 -0.484 254235.88 989530.00
1487816204251 328 0 1 60.000 -0.484 266453.08 807711.82
1487816204258 329 0 1 60.000 -0.968 254235.88 846672.86
1487816204266 330 0 1 60.000 -0.484 262257.27 846672.86
1487816204271 331 0 1 60.000 -0.484 266453.08 936898.42
1487816204285 332 0 1 60.000 -0.968 258186.72 936898.42
1487816204292 333 0 1 60.000 -0.968 258186.72 846672.86
1487816204300 334 0 1 60.000 -0.484 258186.72 936898.42
1487816204306 335 0 1 60.000 -0.968 258186.72 846672.86
1487816204313 336 0 1 60.000 -0.968 254235.88 889530.00
1487816204328 337 0 1 60.000 -0.968 258186.72 889530.00
1487816204334 338 0 1 60.000 -0.484 258186.72 807711.82
1487816204341 339 0 1 60.000 -0.484 258186.72 889530.00
1487816204348 340 0 1 60.000 -0.484 254235.88 989530.00
1487816204354 341 0 1 60.000 -0.484 262257.27 846672.86
1487816204362 342 0 1 60.000 -0.484 262257.27 846672.86
1487816204376 343 0 1 60.000 -0.484 254235.88 889530.00
1487816204383 344 0 2 60.000 -0.484 258186.72 936898.42
1487816204393 345 0 2 60.000 -0.484 254235.88 846672.86
1487816204397 346 0 2 60.000 -0.484 254235.88 846672.86
1487816204408 347 0 2 60.000 -0.484 258186.72 936898.42
1487816204422 348 0 2 60.000 -0.484 258186.72 846672.86
1487816204426 349 0 2 60.000 -0.484 258186.72 889530.00
1487816204436 350 0 2 60.000 -0.484 258186.72 889530.00
1487816204440 351 0 2 60.000 -0.484 262257.27 846672.86
1487816204446 352 0 2 60.000 -0.484 262257.27 889530.00
1487816204459 353 0 2 60.000 -0.484 254235.88 739530.00
1487816204467 354 0 2 60.000 -0.484 262257.27 846672.86
1487816204475 355 0 2 60.000 -0.484 258186.72 807711.82
1487816204481 356 0 2 60.000 -0.484 254235.88 846672.86
1487816204489 357 1 2 60.000 -0.484 254235.88 889530.00
1487816204494 358 1 1 60.000 -0.968 262257.27 889530.00
1487816204511 359 1 1 60.000 -0.484 258186.72 846672.86
1487816204517 360 1 1 60.000 -0.484 262257.27 936898.42
1487816204523 361 1 1 60.000 -0.484 262257.27 807711.82
1487816204532 362 1 1 60.000 -0.484 258186.72 889530.00
1487816204541 363 1 1 60.000 -0.484 254235.88 846672.86
1487816204551 364 1 1 60.000 -0.484 266453.08 889530.00
1487816204559 365 1 1 60.000 -0.484 254235.88 846672.86
1487816204565 366 1 1 60.000 -0.484 258186.72 846672.86
1487816204573 367 1 1 60.000 -0.484 254235.88 936898.42
1487816204581 368 1 1 60.000 -0.484 254235.88 936898.42
1487816204586 369 1 1 60.000 -0.484 258186.72 846672.86
1487816204594 370 1 1 60.000 -0.968 254235.88 989530.00
1487816204599 371 1 1 60.000 -0.484 254235.88 936898.42
1487816204605 372 1 1 60.000 2.419 266453.08 889530.00
1487816204613 373 1 1 60.000 2.419 266453.08 846672.86
1487816204619 374 1 1 60.000 0.968 262257.27 846672.86
1487816204627 375 1 1 60.000 -0.484 258186.72 772138.70
1487816204633 376 1 1 60.000 -0.968 270780.00 846672.86
1487816204641 377 1 1 60.000 -0.484 254235.88 846672.86
1487816204649 378 1 1 60.000 -0.968 275244.29 681837.69
1487816204656 379 1 1 60.000 -0.484 171348.18 610219.66
1487816204662 380 1 1 60.000 -0.968 79530.00 74838.06
1487816204670 381 1 1 60.000 -0.484 51385.67 55464.07
1487816204676 382 1 1 60.000 31.929 47037.99 55706.47
1487816204684 383 1 1 60.000 12.094 42008.13 52467.06
1487816204693 384 1 1 60.000 16.448 36041.63 49132.65
1487816204698 385 1 1 60.000 20.318 28917.31 42008.13
1487816204705 386 1 1 60.000 24.188 24012.76 35099.62
1487816204713 387 1 1 60.000 28.059 21053.64 30909.31
1487816204719 388 1 1 60.000 31.445 18376.15 27108.29
1487816204727 389 1 1 60.000 35.315 17264.98 25674.58
1487816204733 390 1 1 60.000 38.218 16117.89 23815.71
1487816204740 391 1 1 60.000 41.120 15244.29 22618.24
1487816204749 392 1 1 60.000 44.023 14255.27 21388.41
1487816204753 393 1 1 60.000 45.474 13658.69 20194.40
1487816204760 394 1 1 60.000 47.893 12636.55 18609.16
1487816204771 395 1 1 60.000 50.796 12401.66 18192.42
1487816204778 396 1 1 60.000 52.731 11779.69 17264.98
1487816204789 397 1 1 60.000 54.666 11508.02 16844.11
1487816204801 398 1 1 60.000 56.601 11009.71 15961.72
1487816204811 399 1 1 60.000 57.569 10731.41 15616.96
1487816204819 400 1 1 60.000 58.536 10533.50 15098.18
1487816204833 401 1 1 60.000 59.504 10339.25 14917.87
1487816204841 402 1 1 60.000 59.987 10195.90 14882.11
1487816204847 403 1 1 60.000 60.471 10124.97 14599.64
1487816204860 404 1 1 60.000 60.955 9961.33 14357.59
1487816204869 405 1 1 60.000 61.439 9868.98 14357.59
1487816204883 406 1 1 60.000 61.923 9664.23 13986.52
1487816204893 407 1 1 60.000 61.923 9686.77 13920.24
1487816204903 408 1 1 60.000 61.923 9641.73 13821.50
1487816204908 409 1 1 60.000 61.923 9596.89 13756.11
1487816204915 410 1 1 60.000 61.923 9530.00 13723.55
1487816204928 411 1 1 60.000 62.406 9507.80 13658.69
1487816204938 412 1 1 60.000 61.923 9463.55 13658.69
1487816204946 413 1 1 60.000 61.923 9441.50 13594.17
1487816204958 414 1 1 60.000 61.439 9397.55 13562.04
1487816204967 415 1 1 60.000 61.923 9419.50 13594.17
1487816204973 416 1 1 60.000 61.923 9331.98 13466.17
1487816205007 417 1 1 60.000 61.439 9310.22 13371.06
1487816205024 418 1 1 60.000 61.439 9223.65 13245.42
1487816205048 419 1 1 60.000 61.439 9266.84 13183.09
1487816205061 420 1 1 60.000 61.439 9202.13 13152.05
1487816205067 421 1 1 60.000 61.439 9202.13 13152.05
1487816205078 422 1 1 60.000 60.955 9223.65 13121.09
1487816205090 423 1 1 60.000 60.955 9223.65 13152.05
1487816205097 424 1 1 60.000 60.955 9159.23 13121.09
1487816205108 425 1 1 60.000 60.955 9137.84 13090.21
1487816205121 426 1 1 60.000 60.955 9180.66 13059.41
1487816205124 427 1 1 60.000 60.955 9137.84 13059.41
1487816205131 428 1 1 60.000 60.955 9159.23 13059.41
1487816205139 429 1 1 60.000 60.955 9137.84 13152.05
1487816205151 430 1 1 60.000 60.955 9137.84 12998.06
1487816205160 431 1 1 60.000 60.955 9137.84 12998.06
1487816205165 432 1 1 60.000 60.955 9137.84 13059.41
1487816205172 433 1 1 60.000 60.955 9116.51 12967.50
1487816205180 434 1 1 60.000 60.955 9073.97 12967.50
1487816205192 435 1 1 60.000 60.955 9095.22 12906.62
1487816205202 436 1 1 60.000 60.955 9095.22 12937.02
1487816205212 437 1 1 60.000 60.955 9073.97 12906.62
1487816205216 438 1 1 60.000 60.955 9073.97 12967.50
1487816205221 439 1 1 60.000 60.955 9073.97 12937.02
1487816205229 440 1 1 60.000 60.955 9052.78 12937.02
1487816205235 441 1 1 60.000 60.955 9031.63 12876.30
1487816205250 442 1 1 60.000 60.471 9116.51 12846.06
1487816205261 443 1 1 60.000 60.955 9052.78 12846.06
1487816205265 444 1 1 60.000 60.955 9052.78 12876.30
1487816205270 445 1 1 60.000 60.955 9052.78 12876.30
1487816205276 446 1 1 60.000 60.955 9010.52 12815.90
1487816205283 447 1 1 60.000 60.471 9031.63 12846.06
1487816205298 448 1 1 60.000 60.471 9010.52 12846.06
1487816205305 449 1 1 60.000 60.471 9031.63 12785.81
1487816205313 450 1 1 60.000 60.955 9010.52 12785.81
1487816205322 451 1 1 60.000 60.471 9010.52 12785.81
1487816205325 452 1 1 60.000 60.955 8989.46 12815.90
1487816205338 453 1 1 60.000 60.955 8989.46 12755.81
1487816205349 454 1 1 60.000 60.471 8989.46 12815.90
1487816205355 455 1 1 60.000 60.471 9010.52 12755.81
1487816205361 456 1 1 60.000 60.955 8968.44 12725.88
1487816205369 457 1 1 60.000 60.471 8989.46 12755.81
1487816205385 458 1 1 60.000 60.471 9031.63 12755.81
1487816205391 459 1 1 60.000 60.471 8968.44 12725.88
1487816205397 460 1 1 60.000 60.471 8947.48 12725.88
1487816205402 461 1 1 60.000 60.471 8968.44 12696.02
1487816205410 462 1 1 60.000 60.471 8989.46 12666.25
1487816205422 463 1 1 60.000 60.471 8968.44 12696.02
1487816205430 464 1 1 60.000 60.471 8947.48 12636.55
1487816205440 465 1 1 60.000 60.471 8926.55 12666.25
1487816205447 466 1 1 60.000 60.471 8926.55 12696.02
1487816205453 467 1 1 60.000 60.471 8968.44 12696.02
1487816205461 468 1 1 60.000 60.471 8905.67 12666.25
1487816205473 469 1 1 60.000 60.955 8905.67 12606.92
1487816205483 470 1 1 60.000 60.471 8905.67 12636.55
1487816205488 471 1 1 60.000 60.955 8926.55 12606.92
1487816205496 472 1 1 60.000 60.955 8947.48 12636.55
1487816205502 473 1 1 60.000 60.955 8926.55 12606.92
1487816205514 474 1 1 60.000 60.955 8947.48 12636.55
1487816205523 475 1 1 60.000 60.955 8884.84 12606.92
1487816205532 476 1 1 60.000 60.955 8926.55 12606.92
1487816205537 477 1 1 60.000 60.955 8905.67 12577.38
1487816205545 478 1 1 60.000 60.955 8905.67 12606.92
1487816205550 479 1 1 60.000 60.955 8884.84 12606.92
1487816205557 480 1 1 60.000 60.955 8905.67 12606.92
1487816205570 481 1 1 60.000 60.955 8864.05 12518.51
1487816205580 482 1 1 60.000 60.955 8843.30 12577.38
1487816205587 483 1 1 60.000 60.955 8884.84 12606.92
1487816205594 484 1 1 60.000 61.439 8843.30 12518.51
1487816205604 485 1 1 60.000 60.955 8843.30 12489.18
1487816205619 486 1 1 60.000 61.439 8822.60 12459.94
1487816205624 487 1 1 60.000 60.955 8843.30 12518.51
1487816205631 488 1 1 60.000 61.439 8822.60 12489.18
1487816205637 489 1 1 60.000 60.955 8801.95 12489.18
1487816205645 490 1 1 60.000 61.439 8864.05 12518.51
1487816205660 491 1 1 60.000 61.439 8801.95 12401.66
1487816205670 492 1 1 60.000 61.439 8822.60 12518.51
1487816205676 493 1 1 60.000 61.439 8822.60 12430.76
1487816205686 494 1 1 60.000 61.439 8822.60 12401.66
1487816205690 495 1 1 60.000 61.439 8801.95 12430.76
1487816205701 496 1 1 60.000 60.955 8801.95 12430.76
1487816205713 497 1 1 60.000 61.439 8801.95 12430.76
1487816205716 498 1 1 60.000 61.439 8822.60 12459.94
1487816205723 499 1 1 60.000 61.439 8781.34 12401.66
1487816205731 500 1 1 60.000 61.439 8781.34 12430.76
1487816205739 501 1 1 60.000 61.439 8822.60 12401.66
1487816205745 502 1 1 60.000 61.439 8822.60 12430.76
1487816205768 503 1 1 60.000 60.955 8801.95 12430.76
1487816205780 504 1 1 60.000 61.439 8760.77 12401.66
1487816205791 505 1 1 60.000 61.439 8760.77 12401.66
1487816205797 506 1 1 60.000 61.439 8760.77 12286.01
1487816205803 507 1 1 60.000 61.439 8781.34 12372.64
1487816205811 508 1 1 60.000 61.439 8760.77 12343.69
1487816205818 509 1 1 60.000 61.439 8760.77 12343.69
1487816205826 510 1 1 60.000 61.439 8719.77 12343.69
1487816205836 511 1 1 60.000 60.955 8719.77 12343.69
1487816205848 512 1 1 60.000 61.439 8719.77 12401.66
1487816205856 513 1 1 60.000 61.439 8760.77 12401.66
1487816205862 514 1 1 60.000 60.955 8699.33 12314.81
1487816205869 515 1 1 60.000 61.439 8760.77 12314.81
1487816205877 516 1 1 60.000 60.955 8719.77 12314.81
1487816205891 517 1 1 60.000 60.955 8740.25 12343.69
1487816205900 518 1 1 60.000 61.439 8760.77 12343.69
1487816205906 519 1 1 60.000 61.439 8740.25 12518.51
1487816205914 520 1 1 60.000 60.955 8740.25 12314.81
1487816205924 521 1 1 60.000 60.955 8719.77 12314.81
1487816205928 522 1 1 60.000 61.439 8699.33 12314.81
1487816205934 523 1 1 60.000 61.439 8760.77 12286.01
1487816205949 524 1 1 60.000 60.955 8719.77 12314.81
1487816205957 525 1 1 60.000 60.955 8740.25 12286.01
1487816205965 526 1 1 60.000 61.439 8719.77 12314.81
1487816205971 527 1 1 60.000 60.955 8740.25 12343.69
1487816205979 528 1 1 60.000 61.439 8678.94 12286.01
1487816205984 529 1 1 60.000 60.955 8699.33 12343.69
1487816205994 530 1 1 60.000 60.955 8699.33 12286.01
1487816206008 531 1 1 60.000 60.955 8699.33 12286.01
1487816206014 532 1 1 60.000 61.439 8699.33 12286.01
1487816206021 533 1 1 60.000 60.955 8638.28 12286.01
1487816206028 534 1 1 60.000 61.439 8678.94 12286.01
1487816206035 535 1 1 60.000 60.955 8699.33 12343.69
1487816206040 536 1 1 60.000 60.955 8699.33 12257.27
1487816206052 537 1 1 60.000 60.955 8719.77 12257.27
1487816206062 538 1 1 60.000 60.955 8658.59 12257.27
1487816206069 539 1 1 60.000 60.955 8699.33 12286.01
1487816206076 540 1 1 60.000 60.955 8678.94 12257.27
1487816206084 541 1 1 60.000 61.439 8699.33 12286.01
1487816206090 542 1 1 60.000 60.955 8699.33 12228.61
1487816206098 543 1 1 60.000 61.439 8678.94 12286.01
1487816206115 544 1 1 60.000 60.955 8678.94 12257.27
1487816206120 545 1 1 60.000 61.439 8658.59 12257.27
1487816206127 546 1 1 60.000 60.955 8658.59 12228.61
1487816206135 547 1 1 60.000 60.955 8678.94 12228.61
1487816206147 548 1 1 60.000 60.955 8678.94 12200.03
1487816206160 549 1 1 60.000 60.955 8658.59 12200.03
1487816206164 550 1 1 60.000 60.955 8638.28 12257.27
1487816206172 551 1 1 60.000 60.955 8678.94 12286.01
1487816206178 552 1 1 60.000 60.955 8658.59 12257.27
1487816206185 553 1 1 60.000 60.955 8658.59 12257.27
1487816206191 554 1 1 60.000 60.955 8658.59 12200.03
1487816206198 555 1 1 60.000 60.955 8658.59 12228.61
1487816206205 556 1 1 60.000 61.439 8678.94 12200.03
1487816206211 557 1 1 60.000 61.439 8638.28 12228.61
1487816206219 558 1 1 60.000 60.955 8638.28 12200.03
1487816206225 559 1 1 60.000 60.955 8638.28 12200.03
1487816206233 560 1 1 60.000 60.955 8638.28 12200.03
1487816206240 561 1 1 60.000 61.439 8658.59 12200.03
1487816206248 562 1 1 60.000 61.439 8638.28 12200.03
1487816206253 563 1 1 60.000 60.955 8658.59 12200.03
1487816206264 564 1 1 60.000 60.955 8618.02 12171.51
1487816206268 565 1 1 60.000 60.955 8638.28 12200.03
1487816206274 566 1 1 60.000 60.955 8618.02 12171.51
1487816206282 567 1 1 60.000 60.955 8638.28 12200.03
1487816206290 568 1 1 60.000 60.955 8638.28 12200.03
1487816206294 569 1 1 60.000 60.955 8618.02 12200.03
1487816206300 570 1 1 60.000 60.955 8618.02 12200.03
1487816206309 571 1 1 60.000 60.955 8618.02 12171.51
1487816206317 572 1 1 60.000 60.955 8618.02 12200.03
1487816206326 573 1 1 60.000 60.955 8618.02 12171.51
1487816206331 574 1 1 60.000 60.955 8618.02 12200.03
1487816206341 575 1 1 60.000 60.955 8638.28 12257.27
1487816206345 576 1 1 60.000 60.955 8638.28 12200.03
1487816206354 577 1 1 60.000 60.955 8618.02 12200.03
1487816206360 578 1 1 60.000 60.955 8618.02 12143.07
1487816206367 579 1 1 60.000 60.955 8597.80 12200.03
1487816206375 580 1 1 60.000 60.955 8597.80 12171.51
1487816206383 581 1 1 60.000 60.955 8658.59 12257.27
1487816206389 582 1 1 60.000 60.955 8618.02 12143.07
1487816206401 583 1 1 60.000 60.955 8597.80 12228.61
1487816206404 584 1 1 60.000 60.955 8618.02 12171.51
1487816206411 585 1 1 60.000 60.955 8597.80 12143.07
1487816206418 586 1 1 60.000 60.955 8618.02 12200.03
1487816206426 587 1 1 60.000 60.955 8618.02 12200.03
1487816206435 588 1 1 60.000 60.955 8638.28 12114.69
1487816206448 589 1 1 60.000 61.439 8638.28 12143.07
1487816206455 590 1 1 60.000 60.955 8618.02 12200.03
1487816206463 591 1 1 60.000 60.955 8618.02 12143.07
1487816206473 592 1 1 60.000 60.955 8618.02 12114.69
1487816206479 593 1 1 60.000 60.955 8597.80 12143.07
1487816206486 594 1 1 60.000 60.955 8597.80 12114.69
1487816206492 595 1 1 60.000 61.439 8597.80 12114.69
1487816206504 596 1 1 60.000 60.955 8597.80 12086.39
1487816206518 597 1 1 60.000 60.955 8577.62 12086.39
1487816206529 598 1 1 60.000 60.955 8577.62 12200.03
1487816206551 599 1 1 60.000 60.955 8597.80 12143.07
1487816206565 600 1 1 60.000 60.955 8577.62 12143.07
1487816206574 601 1 1 60.000 60.955 8577.62 12114.69
1487816206593 602 1 1 60.000 60.955 8577.62 12114.69
1487816206611 603 1 1 60.000 60.955 8557.48 12086.39
1487816206626 604 1 1 60.000 60.955 8597.80 12086.39
1487816206637 605 1 1 60.000 60.955 8597.80 12086.39
1487816206649 606 1 1 60.000 60.955 8557.48 12114.69
1487816206658 607 1 1 60.000 60.955 8557.48 12086.39
1487816206672 608 1 1 60.000 60.955 8537.39 12086.39
1487816206685 609 1 1 60.000 60.955 8537.39 12086.39
1487816206703 610 1 1 60.000 60.955 8557.48 12086.39
1487816206708 611 1 1 60.000 60.955 8577.62 12086.39
1487816206715 612 1 1 60.000 60.955 8557.48 12086.39
1487816206727 613 1 1 60.000 60.955 8557.48 12058.16
1487816206731 614 1 1 60.000 60.955 8557.48 12058.16
1487816206740 615 1 1 60.000 60.955 8557.48 12058.16
1487816206746 616 1 1 60.000 60.955 8557.48 12030.00
1487816206757 617 1 1 60.000 60.955 8477.37 12001.91
1487816206761 618 1 1 60.000 60.955 8537.39 12086.39
1487816206769 619 1 1 60.000 60.955 8577.62 12086.39
1487816206778 620 1 1 60.000 60.955 8537.39 12058.16
1487816206791 621 1 1 60.000 60.955 8557.48 12171.51
1487816206800 622 1 1 60.000 60.955 8557.48 12030.00
1487816206811 623 1 1 60.000 60.955 8537.39 12058.16
1487816206821 624 1 1 60.000 60.955 8537.39 12058.16
1487816206828 625 1 1 60.000 60.955 8537.39 12058.16
1487816206836 626 1 1 60.000 60.955 8537.39 12086.39
1487816206847 627 1 1 60.000 60.955 8537.39 12086.39
1487816206869 628 1 1 60.000 60.955 8517.34 12030.00
1487816206883 629 1 1 60.000 60.955 8577.62 12058.16
1487816206895 630 1 1 60.000 60.955 8537.39 12030.00
1487816206901 631 1 1 60.000 60.955 8497.33 12058.16
1487816206912 632 1 1 60.000 60.955 8537.39 12001.91
1487816206924 633 1 1 60.000 60.955 8537.39 12058.16
1487816206934 634 1 1 60.000 60.955 8537.39 12058.16
1487816206945 635 1 1 60.000 60.955 8537.39 12058.16
1487816206957 636 1 1 60.000 60.955 8517.34 12086.39
1487816206965 637 1 1 60.000 60.955 8517.34 12030.00
1487816206983 638 1 1 60.000 60.955 8517.34 12030.00
1487816207000 639 1 1 60.000 60.955 8537.39 12030.00
1487816207004 640 1 1 60.000 60.955 8497.33 11973.89
1487816207016 641 1 1 60.000 60.955 8497.33 12030.00
1487816207024 642 1 1 60.000 60.955 8517.34 11973.89
1487816207035 643 1 1 60.000 60.955 8517.34 12001.91
1487816207043 644 1 1 60.000 60.955 8497.33 12001.91
1487816207051 645 1 1 60.000 60.955 8517.34 12058.16
1487816207063 646 1 1 60.000 60.955 8537.39 11973.89
1487816207075 647 1 1 60.000 60.955 8537.39 12030.00
1487816207086 648 1 1 60.000 60.955 8517.34 11973.89
1487816207098 649 1 1 60.000 60.955 8497.33 11973.89
1487816207110 650 1 1 60.000 60.955 8497.33 11973.89
1487816207117 651 1 1 60.000 60.955 8497.33 11945.94
1487816207128 652 1 1 60.000 60.955 8497.33 11973.89
1487816207139 653 1 1 60.000 60.955 8497.33 11973.89
1487816207151 654 1 1 60.000 60.955 8497.33 12030.00
1487816207163 655 1 1 60.000 60.955 8477.37 12030.00
1487816207170 656 1 1 60.000 60.955 8497.33 11945.94
1487816207180 657 1 1 60.000 60.955 8497.33 11973.89
1487816207192 658 1 1 60.000 60.955 8497.33 11973.89
1487816207205 659 1 1 60.000 60.955 8497.33 12030.00
1487816207208 660 1 1 60.000 60.955 8497.33 11973.89
1487816207223 661 1 1 60.000 60.955 8457.44 11973.89
1487816207234 662 1 1 60.000 60.955 8477.37 11973.89
1487816207247 663 1 1 60.000 60.955 8497.33 11918.06
1487816207252 664 1 1 60.000 60.955 8477.37 11973.89
1487816207257 665 1 1 60.000 60.955 8477.37 11973.89
1487816207264 666 1 1 60.000 60.955 8477.37 11973.89
1487816207272 667 1 1 60.000 60.955 8477.37 11973.89
1487816207277 668 1 1 60.000 60.955 8497.33 11945.94
1487816207285 669 1 1 60.000 60.955 8457.44 11973.89
1487816207299 670 1 1 60.000 60.955 8477.37 11973.89
1487816207308 671 1 1 60.000 60.955 8477.37 11918.06
1487816207314 672 1 1 60.000 60.955 8477.37 11973.89
1487816207323 673 1 1 60.000 60.955 8497.33 11973.89
1487816207328 674 1 1 60.000 60.955 8397.92 11890.25
1487816207336 675 1 1 60.000 60.955 8477.37 11973.89
1487816207350 676 1 1 60.000 60.955 8497.33 11973.89
1487816207362 677 1 1 60.000 60.955 8477.37 11918.06
1487816207366 678 1 1 60.000 60.955 8477.37 11945.94
1487816207373 679 1 1 60.000 60.955 8477.37 11973.89
1487816207378 680 1 1 60.000 60.955 8477.37 11890.25
1487816207389 681 1 1 60.000 60.955 8497.33 11973.89
1487816207393 682 1 1 60.000 60.955 8477.37 11945.94
1487816207399 683 1 1 60.000 60.955 8477.37 11918.06
1487816207414 684 1 1 60.000 60.955 8477.37 11973.89
1487816207421 685 1 1 60.000 60.955 8477.37 11973.89
1487816207428 686 1 1 60.000 60.955 8457.44 11973.89
1487816207436 687 1 1 60.000 60.955 8477.37 11862.51
1487816207441 688 1 1 60.000 60.955 8457.44 11918.06
1487816207449 689 1 1 60.000 60.955 8477.37 11918.06
1487816207455 690 1 1 60.000 60.955 8477.37 11918.06
1487816207473 691 1 1 60.000 60.955 8457.44 11945.94
1487816207477 692 1 1 60.000 60.955 8457.44 11945.94
1487816207485 693 1 1 60.000 60.955 8477.37 11918.06
1487816207496 694 1 1 60.000 60.955 8477.37 11890.25
1487816207500 695 1 2 60.000 60.955 8477.37 11945.94
1487816207508 696 1 2 60.000 60.955 8477.37 11918.06
1487816207513 697 1 2 60.000 60.955 8437.56 11918.06
1487816207524 698 1 2 60.000 59.504 8457.44 11918.06
1487816207527 699 1 2 60.000 57.085 8457.44 11918.06
1487816207537 700 1 2 60.000 52.247 8477.37 11945.94
1487816207541 701 1 2 60.000 50.312 8437.56 11945.94
1487816207557 702 1 2 60.000 33.864 9463.55 13498.04
1487816207562 703 1 2 60.000 29.510 10387.47 14846.46
1487816207569 704 1 2 60.000 23.705 11724.82 16597.67
1487816207576 705 1 2 60.000 16.932 12459.94 18011.01
1487816207586 706 1 2 60.000 9.675 13854.32 20511.07
1487816207590 707 1 2 60.000 6.773 14846.46 22436.76
1487816207596 708 1 2 60.000 2.903 17567.38 27746.56
1487816207610 709 2 2 60.000 -0.968 24346.25 42627.35
1487816207617 710 2 1 60.000 -0.484 30253.98 60396.14
1487816207625 711 2 1 60.000 -0.484 34306.12 76486.52
1487816207634 712 2 1 60.000 -0.484 43261.34 122863.33
1487816207639 713 2 1 60.000 -0.484 51173.84 185182.17
1487816207645 714 2 1 60.000 -0.968 60676.25 299874.83
1487816207654 715 2 1 60.000 -0.968 66783.22 322863.33
1487816207658 716 2 1 60.000 -0.484 68825.15 316802.73
1487816207673 717 2 1 60.000 -0.484 59297.44 175097.01
1487816207682 718 2 1 60.000 9.675 50754.49 68132.62
1487816207691 719 2 1 60.000 12.094 31196.67 52247.77
1487816207694 720 2 1 60.000 15.964 26189.88 41105.93
1487816207700 721 2 1 60.000 19.835 20299.23 31293.34
1487816207709 722 2 1 60.000 27.091 18283.99 27665.59
1487816207714 723 2 1 60.000 30.961 17307.78 26567.04
1487816207726 724 2 1 60.000 37.734 15616.96 21615.56
1487816207735 725 2 1 60.000 41.604 13562.04 19833.03
1487816207742 726 2 1 60.000 44.991 12459.94 18192.42
1487816207749 727 2 1 60.000 48.377 12030.00 17436.98
1487816207755 728 2 1 60.000 50.796 11697.49 16969.02
1487816207762 729 2 1 60.000 52.731 11269.13 16236.23
1487816207770 730 2 1 60.000 55.633 10857.01 15541.56
1487816207778 731 2 1 60.000 57.085 10582.63 14989.69
1487816207783 732 2 1 60.000 58.536 10315.22 14704.83
1487816207797 733 2 1 60.000 60.955 9891.99 13986.52
1487816207805 734 2 1 60.000 61.923 9664.23 13691.07
1487816207812 735 2 1 60.000 62.406 9552.25 13594.17
1487816207821 736 2 1 60.000 62.890 9507.80 13402.68
1487816207826 737 2 1 60.000 62.890 9397.55 13214.21
1487816207834 738 2 1 60.000 63.374 9397.55 13152.05
1487816207842 739 2 1 60.000 63.374 9310.22 13028.69
1487816207850 740 2 1 60.000 62.890 9266.84 12906.62
1487816207863 741 2 1 60.000 63.374 9180.66 12846.06
1487816207869 742 2 1 60.000 62.890 9159.23 12785.81
1487816207877 743 2 1 60.000 62.890 9116.51 12696.02
1487816207883 744 2 1 60.000 62.890 9073.97 12755.81
1487816207891 745 2 1 60.000 62.890 9073.97 12666.25
1487816207899 746 2 1 60.000 62.890 9073.97 12666.25
1487816207912 747 2 1 60.000 62.890 9052.78 12577.38
1487816207919 748 2 1 60.000 62.890 9031.63 12547.90
1487816207932 749 2 1 60.000 62.890 9031.63 12577.38
1487816207936 750 2 1 60.000 62.406 8989.46 12606.92
1487816207942 751 2 1 60.000 62.406 9010.52 12489.18
1487816207951 752 2 1 60.000 62.890 8989.46 12518.51
1487816207956 753 2 1 60.000 62.406 8989.46 12489.18
1487816207963 754 2 1 60.000 62.890 8989.46 12459.94
1487816207974 755 2 1 60.000 62.406 8968.44 12401.66
1487816207981 756 2 1 60.000 62.406 8947.48 12430.76
1487816207986 757 2 1 60.000 62.406 8926.55 12401.66
1487816207992 758 2 1 60.000 62.406 8905.67 12401.66
1487816207999 759 2 1 60.000 62.890 8905.67 12372.64
1487816208006 760 2 1 60.000 62.406 8905.67 12401.66
1487816208016 761 2 1 60.000 62.406 8905.67 12343.69
1487816208025 762 2 1 60.000 61.923 8884.84 12343.69
1487816208037 763 2 1 60.000 62.406 8905.67 12343.69
1487816208044 764 2 1 60.000 62.406 8864.05 12372.64
1487816208054 765 2 1 60.000 62.406 8884.84 12286.01
1487816208067 766 2 1 60.000 62.406 8884.84 12286.01
1487816208079 767 2 1 60.000 61.923 8843.30 12314.81
1487816208083 768 2 1 60.000 62.406 8843.30 12286.01
1487816208091 769 2 1 60.000 61.923 8843.30 12286.01
1487816208098 770 2 1 60.000 62.406 8864.05 12286.01
1487816208112 771 2 1 60.000 62.406 8843.30 12228.61
1487816208121 772 2 1 60.000 61.923 8843.30 12228.61
1487816208129 773 2 1 60.000 61.923 8822.60 12228.61
1487816208137 774 2 1 60.000 61.923 8843.30 12200.03
1487816208143 775 2 1 60.000 61.923 8822.60 12200.03
1487816208151 776 2 1 60.000 61.439 8801.95 12228.61
1487816208158 777 2 1 60.000 61.923 8801.95 12257.27
1487816208168 778 2 1 60.000 61.923 8822.60 12228.61
1487816208172 779 2 1 60.000 61.923 8801.95 12200.03
1487816208177 780 2 1 60.000 61.923 8822.60 12200.03
1487816208192 781 2 1 60.000 61.439 8801.95 12200.03
1487816208199 782 2 1 60.000 61.923 8781.34 12200.03
1487816208207 783 2 1 60.000 61.439 8843.30 12200.03
1487816208216 784 2 1 60.000 61.923 8801.95 12200.03
1487816208223 785 2 1 60.000 61.923 8781.34 12171.51
1487816208231 786 2 1 60.000 61.923 8781.34 12171.51
1487816208237 787 2 1 60.000 61.923 8760.77 12171.51
1487816208247 788 2 1 60.000 61.923 8822.60 12143.07
1487816208254 789 2 1 60.000 61.923 8781.34 12171.51
1487816208260 790 2 1 60.000 61.923 8760.77 12143.07
1487816208267 791 2 1 60.000 61.439 8760.77 12114.69
1487816208273 792 2 1 60.000 61.923 8760.77 12114.69
1487816208279 793 2 1 60.000 61.439 8760.77 12171.51
1487816208287 794 2 1 60.000 61.923 8781.34 12143.07
1487816208292 795 2 1 60.000 61.439 8740.25 12143.07
1487816208299 796 2 1 60.000 61.439 8760.77 12143.07
1487816208307 797 2 1 60.000 61.923 8740.25 12143.07
1487816208319 798 2 1 60.000 61.923 8760.77 12114.69
1487816208322 799 2 1 60.000 61.923 8781.34 12114.69
1487816208328 800 2 1 60.000 61.923 8740.25 12143.07
1487816208336 801 2 1 60.000 61.923 8760.77 12114.69
1487816208343 802 2 1 60.000 61.439 8760.77 12086.39
1487816208350 803 2 1 60.000 61.923 8740.25 12143.07
1487816208356 804 2 1 60.000 61.923 8740.25 12086.39
1487816208363 805 2 1 60.000 61.923 8760.77 12200.03
1487816208372 806 2 1 60.000 61.923 8719.77 12114.69
1487816208376 807 2 1 60.000 61.439 8740.25 12114.69
1487816208382 808 2 1 60.000 61.923 8719.77 12086.39
1487816208389 809 2 1 60.000 61.923 8719.77 12086.39
1487816208397 810 2 1 60.000 61.439 8719.77 12058.16
1487816208403 811 2 1 60.000 61.439 8740.25 12058.16
1487816208410 812 2 1 60.000 61.439 8740.25 12058.16
1487816208419 813 2 1 60.000 61.923 8699.33 12114.69
1487816208428 814 2 1 60.000 61.439 8699.33 12058.16
1487816208432 815 2 1 60.000 61.439 8719.77 12086.39
1487816208438 816 2 1 60.000 61.439 8699.33 12086.39
1487816208446 817 2 1 60.000 61.439 8699.33 12058.16
1487816208453 818 2 1 60.000 61.439 8699.33 12086.39
1487816208463 819 2 1 60.000 60.955 8699.33 12086.39
1487816208467 820 2 1 60.000 61.439 8699.33 12086.39
1487816208473 821 2 1 60.000 60.955 8699.33 12058.16
1487816208482 822 2 1 60.000 61.439 8678.94 12114.69
1487816208487 823 2 1 60.000 61.439 8699.33 12058.16
1487816208498 824 2 1 60.000 60.955 8699.33 12228.61
1487816208510 825 2 1 60.000 60.955 8699.33 12030.00
1487816208518 826 2 1 60.000 61.439 8699.33 12086.39
1487816208526 827 2 1 60.000 60.955 8678.94 12030.00
1487816208537 828 2 1 60.000 61.439 8719.77 12086.39
1487816208547 829 2 1 60.000 60.955 8699.33 12030.00
1487816208559 830 2 1 60.000 60.955 8678.94 12058.16
1487816208571 831 2 1 60.000 60.955 8658.59 12030.00
1487816208580 832 2 1 60.000 60.955 8678.94 12001.91
1487816208592 833 2 1 60.000 60.955 8699.33 12001.91
1487816208599 834 2 1 60.000 60.955 8678.94 12001.91
1487816208609 835 2 1 60.000 60.955 8678.94 12001.91
1487816208619 836 2 1 60.000 60.955 8699.33 12001.91
1487816208630 837 2 1 60.000 60.955 8658.59 12001.91
1487816208639 838 2 1 60.000 60.955 8678.94 11973.89
1487816208649 839 2 1 60.000 60.955 8678.94 11973.89
1487816208659 840 2 1 60.000 60.955 8699.33 11973.89
1487816208666 841 2 1 60.000 60.955 8638.28 11973.89
1487816208680 842 2 1 60.000 60.955 8678.94 11973.89
1487816208690 843 2 1 60.000 60.955 8658.59 12001.91
1487816208695 844 2 1 60.000 60.955 8638.28 11973.89
1487816208712 845 2 1 60.000 60.955 8638.28 11973.89
1487816208717 846 2 1 60.000 60.955 8618.02 11973.89
1487816208724 847 2 1 60.000 60.955 8618.02 11973.89
1487816208740 848 2 1 60.000 60.955 8638.28 11973.89
1487816208752 849 2 1 60.000 60.955 8658.59 12001.91
1487816208757 850 2 1 60.000 60.955 8638.28 11973.89
1487816208764 851 2 1 60.000 60.955 8658.59 11973.89
1487816208773 852 2 1 60.000 60.955 8658.59 11973.89
1487816208776 853 2 1 60.000 60.955 8618.02 11945.94
1487816208783 854 2 1 60.000 60.955 8638.28 11973.89
1487816208791 855 2 1 60.000 60.955 8638.28 11973.89
1487816208799 856 2 1 60.000 60.955 8638.28 11973.89
1487816208807 857 2 1 60.000 60.955 8618.02 11973.89
1487816208813 858 2 1 60.000 60.955 8618.02 11945.94
1487816208819 859 2 1 60.000 60.955 8658.59 11973.89
1487816208826 860 2 1 60.000 60.955 8618.02 11918.06
1487816208835 861 2 1 60.000 60.955 8577.62 11918.06
1487816208839 862 2 1 60.000 60.955 8638.28 11945.94
1487816208846 863 2 1 60.000 60.955 8618.02 11918.06
1487816208854 864 2 1 60.000 60.955 8618.02 11945.94
1487816208862 865 2 1 60.000 60.955 8618.02 11945.94
1487816208867 866 2 1 60.000 60.955 8618.02 11890.25
1487816208876 867 2 1 60.000 60.955 8618.02 11918.06
1487816208881 868 2 1 60.000 61.439 8638.28 11918.06
1487816208888 869 2 1 60.000 60.955 8618.02 11918.06
1487816208895 870 2 1 60.000 60.955 8597.80 11918.06
1487816208901 871 2 1 60.000 61.439 8618.02 11973.89
1487816208908 872 2 1 60.000 61.439 8618.02 11890.25
1487816208916 873 2 1 60.000 61.439 8618.02 11918.06
1487816208921 874 2 1 60.000 61.439 8658.59 11945.94
1487816208928 875 2 1 60.000 61.439 8618.02 11890.25
1487816208936 876 2 1 60.000 61.439 8638.28 11945.94
1487816208944 877 2 1 60.000 61.439 8597.80 11918.06
1487816208949 878 2 1 60.000 61.439 8618.02 11945.94
1487816208957 879 2 1 60.000 61.439 8618.02 11918.06
1487816208967 880 2 1 60.000 61.439 8618.02 11945.94
1487816208971 881 2 1 60.000 61.439 8618.02 11918.06
1487816208977 882 2 1 60.000 61.439 8618.02 11918.06
1487816208986 883 2 1 60.000 61.439 8618.02 11890.25
1487816208991 884 2 1 60.000 61.439 8618.02 11918.06
1487816209000 885 2 1 60.000 61.439 8597.80 11918.06
1487816209010 886 2 1 60.000 61.439 8557.48 11945.94
1487816209018 887 2 1 60.000 61.439 8618.02 11918.06
1487816209024 888 2 1 60.000 60.955 8597.80 11890.25
1487816209035 889 2 1 60.000 60.955 8597.80 11918.06
1487816209047 890 2 1 60.000 61.439 8597.80 11918.06
1487816209057 891 2 1 60.000 60.955 8597.80 11862.51
1487816209067 892 2 1 60.000 61.439 8577.62 11890.25
1487816209082 893 2 1 60.000 61.439 8597.80 11890.25
1487816209090 894 2 1 60.000 60.955 8597.80 11890.25
1487816209098 895 2 1 60.000 60.955 8577.62 11890.25
1487816209112 896 2 1 60.000 61.439 8577.62 11945.94
1487816209122 897 2 1 60.000 60.955 8597.80 11918.06
1487816209126 898 2 1 60.000 61.439 8577.62 11890.25
1487816209139 899 2 1 60.000 60.955 8577.62 11890.25
1487816209148 900 2 1 60.000 60.955 8597.80 11890.25
1487816209158 901 2 1 60.000 61.439 8557.48 12001.91
1487816209172 902 2 1 60.000 60.955 8577.62 11890.25
1487816209180 903 2 1 60.000 60.955 8597.80 11862.51
1487816209188 904 2 1 60.000 60.955 8577.62 11890.25
1487816209203 905 2 1 60.000 61.439 8618.02 11862.51
1487816209211 906 2 1 60.000 60.955 8597.80 11862.51
1487816209225 907 2 1 60.000 61.439 8557.48 11834.83
1487816209232 908 2 1 60.000 60.955 8577.62 11918.06
1487816209242 909 2 1 60.000 61.439 8537.39 11862.51
1487816209248 910 2 1 60.000 60.955 8577.62 11862.51
1487816209261 911 2 1 60.000 60.955 8537.39 11834.83
1487816209269 912 2 1 60.000 60.955 8537.39 11890.25
1487816209276 913 2 1 60.000 60.955 8537.39 11834.83
1487816209283 914 2 1 60.000 61.439 8577.62 11862.51
1487816209289 915 2 1 60.000 60.955 8537.39 11862.51
1487816209297 916 2 1 60.000 60.955 8557.48 11807.23
1487816209311 917 2 1 60.000 60.955 8557.48 11807.23
1487816209322 918 2 1 60.000 60.955 8597.80 11862.51
1487816209328 919 2 1 60.000 60.955 8537.39 11834.83
1487816209337 920 2 1 60.000 60.955 8557.48 11862.51
1487816209343 921 2 1 60.000 60.955 8557.48 11862.51
1487816209350 922 2 1 60.000 60.955 8537.39 11834.83
1487816209362 923 2 1 60.000 60.955 8537.39 11807.23
1487816209369 924 2 1 60.000 61.439 8557.48 11890.25
1487816209380 925 2 1 60.000 61.439 8537.39 11862.51
1487816209384 926 2 1 60.000 60.955 8537.39 11779.69
1487816209391 927 2 1 60.000 60.955 8557.48 11862.51
1487816209397 928 2 1 60.000 60.955 8537.39 11834.83
1487816209405 929 2 1 60.000 60.955 8557.48 11834.83
1487816209411 930 2 1 60.000 60.955 8537.39 11807.23
1487816209424 931 2 1 60.000 60.955 8537.39 11834.83
1487816209432 932 2 1 60.000 60.955 8557.48 11862.51
1487816209442 933 2 1 60.000 60.955 8557.48 11834.83
1487816209448 934 2 1 60.000 61.439 8537.39 11862.51
1487816209455 935 2 1 60.000 61.439 8537.39 11862.51
1487816209463 936 2 1 60.000 60.955 8537.39 11834.83
1487816209468 937 2 1 60.000 60.955 8557.48 11890.25
1487816209483 938 2 1 60.000 60.955 8557.48 11807.23
1487816209489 939 2 1 60.000 60.955 8517.34 11807.23
1487816209499 940 2 1 60.000 60.955 8537.39 11779.69
1487816209505 941 2 1 60.000 60.955 8557.48 11779.69
1487816209510 942 2 1 60.000 61.439 8537.39 11834.83
1487816209518 943 2 1 60.000 61.439 8537.39 11834.83
1487816209526 944 2 1 60.000 60.955 8517.34 11862.51
1487816209534 945 2 1 60.000 60.955 8537.39 11807.23
1487816209539 946 2 1 60.000 61.439 8557.48 11834.83
1487816209549 947 2 1 60.000 60.955 8537.39 11834.83
1487816209553 948 2 1 60.000 60.955 8557.48 11807.23
1487816209562 949 2 1 60.000 60.955 8537.39 11862.51
1487816209566 950 2 1 60.000 60.955 8537.39 11834.83
1487816209576 951 2 1 60.000 60.955 8537.39 11862.51
1487816209580 952 2 1 60.000 60.955 8537.39 11807.23
1487816209587 953 2 1 60.000 60.955 8537.39 11807.23
1487816209594 954 2 1 60.000 60.955 8517.34 11834.83
1487816209602 955 2 1 60.000 60.955 8537.39 11807.23
1487816209608 956 2 1 60.000 60.955 8537.39 11779.69
1487816209615 957 2 1 60.000 60.955 8517.34 11834.83
1487816209624 958 2 1 60.000 60.955 8537.39 11807.23
1487816209628 959 2 1 60.000 60.955 8537.39 11807.23
1487816209635 960 2 1 60.000 60.955 8517.34 11807.23
1487816209643 961 2 1 60.000 61.439 8517.34 11779.69
1487816209653 962 2 1 60.000 60.955 8537.39 11834.83
1487816209656 963 2 1 60.000 60.955 8517.34 11807.23
1487816209665 964 2 1 60.000 61.439 8537.39 11779.69
1487816209669 965 2 1 60.000 60.955 8537.39 11807.23
1487816209676 966 2 1 60.000 60.955 8537.39 11807.23
1487816209684 967 2 1 60.000 61.439 8517.34 11779.69
1487816209692 968 2 1 60.000 60.955 8497.33 11779.69
1487816209701 969 2 1 60.000 60.955 8517.34 11779.69
1487816209705 970 2 1 60.000 61.439 8457.44 11807.23
1487816209711 971 2 1 60.000 60.955 8497.33 11779.69
1487816209719 972 2 1 60.000 61.439 8517.34 11807.23
1487816209725 973 2 1 60.000 60.955 8537.39 11834.83
1487816209734 974 2 1 60.000 60.955 8517.34 11807.23
1487816209739 975 2 1 60.000 60.955 8497.33 11779.69
1487816209746 976 2 1 60.000 60.955 8537.39 11779.69
1487816209754 977 2 1 60.000 60.955 8517.34 11807.23
1487816209764 978 2 1 60.000 60.955 8497.33 11779.69
1487816209768 979 2 1 60.000 60.955 8517.34 11890.25
1487816209774 980 2 1 60.000 61.439 8537.39 11779.69
1487816209781 981 2 1 60.000 60.955 8497.33 11779.69
1487816209796 982 2 1 60.000 60.955 8497.33 11779.69
1487816209802 983 2 1 60.000 60.955 8537.39 11807.23
1487816209809 984 2 1 60.000 60.955 8497.33 11807.23
1487816209821 985 2 1 60.000 60.955 8517.34 11779.69
1487816209832 986 2 1 60.000 60.955 8497.33 11862.51
1487816209843 987 2 1 60.000 60.955 8497.33 11807.23
1487816209854 988 2 1 60.000 60.955 8517.34 11752.22
1487816209864 989 2 1 60.000 60.955 8517.34 11807.23
1487816209875 990 2 1 60.000 60.955 8517.34 11779.69
1487816209889 991 2 1 60.000 60.955 8517.34 11807.23
1487816209895 992 2 1 60.000 60.955 8437.56 11779.69
1487816209906 993 2 1 60.000 60.955 8497.33 11779.69
1487816209916 994 2 1 60.000 60.955 8517.34 11724.82
1487816209927 995 2 1 60.000 60.955 8497.33 11779.69
1487816209938 996 2 1 60.000 60.955 8537.39 11779.69
1487816209947 997 2 1 60.000 60.955 8477.37 11752.22
1487816209958 998 2 1 60.000 60.955 8497.33 11724.82
1487816209965 999 2 1 60.000 60.955 8497.33 11779.69
1487816209985 1000 2 1 60.000 60.955 8477.37 11752.22
1487816210010 1001 2 1 60.000 60.955 8497.33 11807.23
1487816210029 1002 2 1 60.000 60.955 8477.37 11752.22
1487816210053 1003 2 1 60.000 60.955 8517.34 11779.69
1487816210058 1004 2 1 60.000 60.955 8477.37 11779.69
1487816210071 1005 2 1 60.000 60.955 8497.33 11752.22
1487816210084 1006 2 1 60.000 60.955 8537.39 11779.69
1487816210094 1007 2 1 60.000 60.955 8477.37 11752.22
1487816210099 1008 2 1 60.000 60.955 8477.37 11724.82
1487816210111 1009 2 1 60.000 60.955 8497.33 11752.22
1487816210119 1010 2 1 60.000 60.955 8477.37 11779.69
1487816210126 1011 2 1 60.000 60.955 8477.37 11779.69
1487816210135 1012 2 1 60.000 60.955 8477.37 11752.22
1487816210143 1013 2 1 60.000 60.955 8477.37 11752.22
1487816210158 1014 2 1 60.000 60.955 8477.37 11724.82
1487816210164 1015 2 1 60.000 60.955 8437.56 11724.82
1487816210173 1016 2 1 60.000 60.955 8517.34 11697.49
1487816210178 1017 2 1 60.000 60.955 8477.37 11724.82
1487816210188 1018 2 1 60.000 60.955 8497.33 11752.22
1487816210191 1019 2 1 60.000 60.471 8477.37 11862.51
1487816210197 1020 2 1 60.000 60.955 8457.44 11752.22
1487816210208 1021 2 1 60.000 60.955 8477.37 11752.22
1487816210221 1022 2 1 60.000 60.955 8477.37 11862.51
1487816210231 1023 2 1 60.000 60.955 8477.37 11724.82
1487816210234 1024 2 1 60.000 60.955 8477.37 11697.49
1487816210240 1025 2 1 60.000 60.955 8477.37 11752.22
1487816210256 1026 2 1 60.000 60.955 8497.33 11697.49
1487816210260 1027 2 1 60.000 60.955 8457.44 11724.82
1487816210270 1028 2 1 60.000 60.955 8477.37 11724.82
1487816210279 1029 2 1 60.000 60.955 8477.37 11697.49
1487816210283 1030 2 1 60.000 60.955 8477.37 11724.82
1487816210289 1031 2 1 60.000 60.955 8477.37 11670.22
1487816210297 1032 2 1 60.000 60.955 8437.56 11724.82
1487816210305 1033 2 1 60.000 60.955 8497.33 11724.82
1487816210319 1034 2 1 60.000 60.955 8477.37 11752.22
1487816210326 1035 2 1 60.000 60.955 8497.33 11807.23
1487816210336 1036 2 1 60.000 60.955 8497.33 11724.82
1487816210344 1037 2 1 60.000 60.955 8477.37 11724.82
1487816210350 1038 2 1 60.000 60.955 8477.37 11752.22
1487816210355 1039 2 1 60.000 60.955 8477.37 11724.82
1487816210367 1040 2 1 60.000 60.955 8477.37 11697.49
1487816210377 1041 2 1 60.000 60.955 8457.44 11724.82
1487816210382 1042 2 1 60.000 60.955 8477.37 11724.82
1487816210391 1043 2 1 60.000 60.955 8477.37 11724.82
1487816210399 1044 2 1 60.000 60.955 8437.56 11670.22
1487816210405 1045 2 1 60.000 60.955 8477.37 11724.82
1487816210418 1046 2 1 60.000 60.955 8477.37 11724.82
1487816210427 1047 2 1 60.000 60.471 8477.37 11724.82
1487816210434 1048 2 1 60.000 60.955 8477.37 11724.82
1487816210442 1049 2 1 60.000 60.955 8477.37 11724.82
1487816210447 1050 2 1 60.000 60.955 8477.37 11697.49
1487816210455 1051 2 1 60.000 60.955 8457.44 11697.49
1487816210462 1052 2 1 60.000 60.955 8437.56 11697.49
1487816210469 1053 2 1 60.000 60.955 8497.33 11643.02
1487816210478 1054 2 1 60.000 60.955 8457.44 11670.22
1487816210483 1055 2 1 60.000 60.955 8477.37 11724.82
1487816210490 1056 2 1 60.000 60.955 8417.72 11724.82
1487816210496 1057 2 1 60.000 60.955 8457.44 11697.49
1487816210504 1058 2 1 60.000 60.955 8517.34 11724.82
1487816210513 1059 2 1 60.000 60.955 8437.56 11697.49
1487816210517 1060 2 1 60.000 60.955 8457.44 11670.22
1487816210524 1061 2 1 60.000 60.955 8477.37 11697.49
1487816210531 1062 2 1 60.000 60.955 8477.37 11724.82
1487816210539 1063 2 1 60.000 60.955 8477.37 11697.49
1487816210545 1064 2 1 60.000 60.955 8417.72 11724.82
1487816210553 1065 2 1 60.000 60.955 8457.44 11697.49
1487816210558 1066 2 1 60.000 60.471 8457.44 11697.49
1487816210569 1067 2 1 60.000 60.955 8477.37 11724.82
1487816210572 1068 2 1 60.000 60.955 8457.44 11697.49
1487816210582 1069 2 1 60.000 60.955 8477.37 11697.49
1487816210586 1070 2 1 60.000 60.955 8457.44 11724.82
1487816210595 1071 2 1 60.000 60.955 8437.56 11724.82
1487816210599 1072 2 1 60.000 60.955 8477.37 11697.49
1487816210605 1073 2 1 60.000 60.955 8457.44 11697.49
1487816210613 1074 2 1 60.000 60.955 8457.44 11670.22
1487816210619 1075 2 1 60.000 60.955 8477.37 11697.49
1487816210627 1076 2 2 60.000 60.955 8457.44 11670.22
1487816210635 1077 2 2 60.000 60.955 8457.44 11697.49
1487816210641 1078 2 2 60.000 60.955 8457.44 11697.49
1487816210651 1079 2 2 60.000 60.471 8457.44 11697.49
1487816210654 1080 2 2 60.000 58.052 8457.44 11697.49
1487816210660 1081 2 2 60.000 54.182 8417.72 11670.22
1487816210667 1082 2 2 60.000 51.280 8477.37 11697.49
1487816210674 1083 2 2 60.000 45.474 8537.39 11890.25
1487816210682 1084 2 2 60.000 37.734 8989.46 12401.66
1487816210688 1085 2 2 60.000 31.929 10607.28 14775.44
1487816210698 1086 2 2 60.000 24.672 11508.02 16157.22
1487816210705 1087 2 2 60.000 18.867 12489.18 17831.89
1487816210716 1088 2 2 60.000 11.610 13371.06 19530.00
1487816210722 1089 2 2 60.000 6.773 14846.46 22079.73
1487816210729 1090 3 2 60.000 2.419 19580.08 31390.47
