Serial_number: -1717986918 
Time Data_Count Cycle State Desired_force_(psi) Measured_force_(psi) Toe_sensor Heel_Sensor
1484942473215 0 0 0 196.000 0.000 46312.33 39116.78
1484942473266 1 0 1 196.000 0.000 46133.77 39253.76
1484942473281 2 0 1 196.000 -0.484 54984.55 122863.33
1484942473304 3 0 1 196.000 -0.968 171348.18 552030.00
1484942473329 4 0 1 196.000 -0.968 191777.19 846672.86
1484942473344 5 0 1 196.000 -0.484 198832.33 1048353.53
1484942473362 6 0 1 196.000 -0.968 223296.23 1048353.53
1484942473372 7 0 1 196.000 -0.968 229530.00 989530.00
1484942473383 8 0 1 196.000 -0.968 232773.24 1114530.00
1484942473395 9 0 1 196.000 -0.484 229530.00 1114530.00
1484942473412 10 0 1 196.000 -0.968 236105.34 1275244.29
1484942473423 11 0 1 196.000 -0.968 239530.00 1189530.00
1484942473443 12 0 1 196.000 -0.968 239530.00 1374145.38
1484942473453 13 0 1 196.000 -0.968 239530.00 1189530.00
1484942473469 14 0 1 196.000 -0.484 243051.13 1275244.29
1484942473474 15 0 1 196.000 -0.484 243051.13 1275244.29
1484942473486 16 0 1 196.000 -0.484 243051.13 1189530.00
1484942473496 17 0 1 196.000 -0.968 246672.86 1275244.29
1484942473503 18 0 1 196.000 -0.968 243051.13 1275244.29
1484942473518 19 0 1 196.000 -0.484 246672.86 1275244.29
1484942473524 20 0 1 196.000 -0.968 243051.13 1189530.00
1484942473529 21 0 1 196.000 -0.968 243051.13 1275244.29
1484942473537 22 0 1 196.000 -0.968 246672.86 1275244.29
1484942473542 23 0 1 196.000 -0.968 246672.86 1275244.29
1484942473549 24 0 1 196.000 -0.968 239530.00 1275244.29
1484942473557 25 0 1 196.000 -0.968 243051.13 1275244.29
1484942473564 26 0 1 196.000 -0.968 243051.13 1275244.29
1484942473577 27 0 1 196.000 -0.968 239530.00 1374145.38
1484942473586 28 0 1 196.000 -0.484 239530.00 1189530.00
1484942473596 29 0 1 196.000 -0.968 246672.86 1048353.53
1484942473606 30 0 1 196.000 -0.968 243051.13 1114530.00
1484942473615 31 0 1 196.000 -0.968 250399.57 1189530.00
1484942473618 32 0 1 196.000 -0.484 250399.57 1275244.29
1484942473624 33 0 1 196.000 -0.968 243051.13 1189530.00
1484942473627 34 0 1 196.000 -0.968 250399.57 1374145.38
1484942473630 35 0 1 196.000 -0.484 239530.00 1275244.29
1484942473634 36 0 1 196.000 -0.484 246672.86 1275244.29
1484942473637 37 0 1 196.000 -0.484 243051.13 1189530.00
1484942473641 38 0 1 196.000 -0.484 243051.13 1275244.29
1484942473644 39 0 1 196.000 -0.484 243051.13 1189530.00
1484942473648 40 0 1 196.000 -0.484 243051.13 1189530.00
1484942473651 41 0 1 196.000 -0.484 239530.00 1189530.00
1484942473654 42 0 1 196.000 -0.484 243051.13 1189530.00
1484942473658 43 0 1 196.000 -0.968 246672.86 1189530.00
1484942473661 44 0 1 196.000 -0.484 239530.00 1275244.29
1484942473665 45 0 1 196.000 -0.968 239530.00 1275244.29
1484942473668 46 0 1 196.000 -0.484 243051.13 1275244.29
1484942473671 47 0 1 196.000 -0.968 243051.13 1275244.29
1484942473675 48 0 1 196.000 -0.484 243051.13 1275244.29
1484942473678 49 0 1 196.000 -0.484 246672.86 1275244.29
1484942473682 50 0 1 196.000 -0.484 239530.00 1374145.38
1484942473685 51 0 1 196.000 -0.484 239530.00 1189530.00
1484942473688 52 0 1 196.000 -0.484 246672.86 1275244.29
1484942473692 53 0 1 196.000 -0.484 243051.13 1275244.29
1484942473695 54 0 1 196.000 -0.968 243051.13 1275244.29
1484942473699 55 0 1 196.000 -0.484 239530.00 1189530.00
1484942473702 56 0 1 196.000 -0.484 239530.00 1189530.00
1484942473705 57 0 1 196.000 -0.484 243051.13 1374145.38
1484942473709 58 0 1 196.000 -0.968 236105.34 1275244.29
1484942473712 59 0 1 196.000 -0.484 243051.13 1275244.29
1484942473715 60 0 1 196.000 -0.968 243051.13 1189530.00
1484942473719 61 0 1 196.000 -0.484 246672.86 1275244.29
1484942473722 62 0 1 196.000 -0.484 239530.00 1275244.29
1484942473726 63 0 1 196.000 -0.484 243051.13 1189530.00
1484942473729 64 0 1 196.000 -0.484 243051.13 1189530.00
1484942473732 65 0 1 196.000 -0.484 239530.00 1189530.00
1484942473736 66 0 1 196.000 -0.484 243051.13 1189530.00
1484942473739 67 0 1 196.000 -0.484 243051.13 1275244.29
1484942473743 68 0 1 196.000 -0.484 239530.00 1189530.00
1484942473746 69 0 1 196.000 -0.484 246672.86 1114530.00
1484942473749 70 0 1 196.000 -0.484 239530.00 1275244.29
1484942473753 71 0 1 196.000 -0.484 243051.13 1275244.29
1484942473756 72 0 1 196.000 -0.968 243051.13 1275244.29
1484942473760 73 0 1 196.000 -0.968 243051.13 1189530.00
1484942473763 74 0 1 196.000 -0.484 243051.13 1189530.00
1484942473767 75 0 1 196.000 -0.484 243051.13 1275244.29
1484942473770 76 0 1 196.000 -0.968 246672.86 1189530.00
1484942473773 77 0 1 196.000 -0.484 243051.13 1275244.29
1484942473777 78 0 1 196.000 -0.484 243051.13 1275244.29
1484942473780 79 0 1 196.000 -0.484 243051.13 1275244.29
1484942473783 80 0 1 196.000 -0.968 243051.13 1189530.00
1484942473787 81 0 1 196.000 -0.968 239530.00 1275244.29
1484942473790 82 0 1 196.000 -0.484 243051.13 1189530.00
1484942473794 83 0 1 196.000 -0.484 243051.13 1275244.29
1484942473797 84 0 1 196.000 -0.968 239530.00 1275244.29
1484942473800 85 0 1 196.000 -0.484 243051.13 1275244.29
1484942473804 86 0 1 196.000 -0.484 243051.13 1275244.29
1484942473807 87 0 1 196.000 -0.968 243051.13 1275244.29
1484942473811 88 0 1 196.000 -0.484 243051.13 1275244.29
1484942473814 89 0 1 196.000 -0.484 239530.00 1189530.00
1484942473817 90 0 1 196.000 -0.484 243051.13 1275244.29
1484942473821 91 0 1 196.000 -0.484 243051.13 1189530.00
1484942473824 92 0 1 196.000 -0.484 243051.13 1114530.00
1484942473828 93 0 1 196.000 -0.484 243051.13 1275244.29
1484942473831 94 0 1 196.000 -0.968 239530.00 1275244.29
1484942473835 95 0 1 196.000 -0.968 243051.13 1275244.29
1484942473838 96 0 1 196.000 -0.484 239530.00 1275244.29
1484942473841 97 0 1 196.000 -0.484 239530.00 1275244.29
1484942473845 98 0 1 196.000 -0.484 243051.13 1189530.00
1484942473848 99 0 1 196.000 -0.484 243051.13 1189530.00
1484942473851 100 0 1 196.000 -0.484 243051.13 1189530.00
1484942473855 101 0 1 196.000 -0.484 243051.13 1189530.00
1484942473858 102 0 1 196.000 -0.484 243051.13 1114530.00
1484942473862 103 0 1 196.000 -0.484 243051.13 1189530.00
1484942473865 104 0 1 196.000 -0.484 239530.00 1275244.29
1484942473868 105 0 1 196.000 -0.484 236105.34 1189530.00
1484942473872 106 0 1 196.000 -0.484 239530.00 1189530.00
1484942473875 107 0 1 196.000 -0.484 246672.86 1114530.00
1484942473878 108 0 1 196.000 -0.484 239530.00 1189530.00
1484942473882 109 0 1 196.000 -0.484 243051.13 1275244.29
1484942473885 110 0 1 196.000 -0.968 243051.13 1189530.00
1484942473889 111 0 1 196.000 -0.484 243051.13 1275244.29
1484942473892 112 0 1 196.000 -0.484 239530.00 1114530.00
1484942473895 113 0 1 196.000 -0.484 239530.00 1275244.29
1484942473899 114 0 1 196.000 -0.484 246672.86 1275244.29
1484942473902 115 0 1 196.000 -0.484 243051.13 1275244.29
1484942473906 116 0 1 196.000 -0.484 243051.13 1189530.00
1484942473909 117 0 1 196.000 -0.484 246672.86 1275244.29
1484942473912 118 0 1 196.000 -0.484 243051.13 1275244.29
1484942473916 119 0 1 196.000 -0.484 239530.00 1189530.00
1484942473919 120 0 1 196.000 -0.484 243051.13 1275244.29
1484942473923 121 0 1 196.000 -0.484 239530.00 1275244.29
1484942473926 122 0 1 196.000 -0.484 243051.13 1189530.00
1484942473929 123 0 1 196.000 -0.484 243051.13 1275244.29
1484942473933 124 0 1 196.000 -0.484 239530.00 1189530.00
1484942473936 125 0 1 196.000 -0.968 246672.86 1275244.29
1484942473939 126 0 1 196.000 -0.484 239530.00 1189530.00
1484942473943 127 0 1 196.000 -0.484 239530.00 1275244.29
1484942473946 128 0 1 196.000 -0.484 243051.13 1275244.29
1484942473950 129 0 1 196.000 -0.484 243051.13 1189530.00
1484942473953 130 0 1 196.000 -0.484 243051.13 1189530.00
1484942473956 131 0 1 196.000 -0.484 246672.86 1275244.29
1484942473960 132 0 1 196.000 -0.484 243051.13 1189530.00
1484942473963 133 0 1 196.000 -0.484 243051.13 1189530.00
1484942473967 134 0 1 196.000 -0.484 246672.86 1189530.00
1484942473970 135 0 1 196.000 -0.968 243051.13 1189530.00
1484942473973 136 0 1 196.000 -0.484 246672.86 1189530.00
1484942473977 137 0 1 196.000 -0.968 239530.00 1275244.29
1484942473980 138 0 1 196.000 -0.484 243051.13 1275244.29
1484942473984 139 0 1 196.000 -0.484 243051.13 1189530.00
1484942473987 140 0 1 196.000 -0.484 239530.00 1189530.00
1484942473990 141 0 1 196.000 -0.484 243051.13 1275244.29
1484942473994 142 0 1 196.000 -0.484 243051.13 1275244.29
1484942473997 143 0 1 196.000 -0.484 246672.86 1275244.29
1484942474001 144 0 1 196.000 -0.484 246672.86 1189530.00
1484942474004 145 0 1 196.000 -0.484 243051.13 1189530.00
1484942474007 146 0 1 196.000 -0.484 239530.00 1275244.29
1484942474011 147 0 1 196.000 -0.484 239530.00 1189530.00
1484942474014 148 0 1 196.000 -0.968 243051.13 1114530.00
1484942474018 149 0 1 196.000 -0.484 246672.86 1114530.00
1484942474021 150 0 1 196.000 -0.484 246672.86 1189530.00
1484942474024 151 0 1 196.000 -0.484 243051.13 1114530.00
1484942474028 152 0 1 196.000 -0.484 243051.13 1048353.53
1484942474031 153 0 1 196.000 -0.484 243051.13 1189530.00
1484942474035 154 0 1 196.000 -0.484 243051.13 1189530.00
1484942474038 155 0 1 196.000 -0.484 239530.00 1114530.00
1484942474041 156 0 1 196.000 -0.968 243051.13 1189530.00
1484942474045 157 0 1 196.000 -0.484 243051.13 1189530.00
1484942474048 158 0 1 196.000 -0.484 243051.13 1189530.00
1484942474051 159 0 1 196.000 -0.484 246672.86 1189530.00
1484942474055 160 0 1 196.000 -0.484 243051.13 1189530.00
1484942474058 161 0 1 196.000 -0.484 243051.13 1275244.29
1484942474062 162 0 1 196.000 -0.484 243051.13 1114530.00
1484942474065 163 0 1 196.000 -0.484 239530.00 1114530.00
1484942474068 164 0 1 196.000 -0.484 239530.00 1114530.00
1484942474072 165 0 1 196.000 -0.484 239530.00 1189530.00
1484942474075 166 0 1 196.000 -0.484 243051.13 1189530.00
1484942474079 167 0 1 196.000 -0.484 243051.13 1048353.53
1484942474082 168 0 1 196.000 -0.484 243051.13 1114530.00
1484942474085 169 0 1 196.000 -0.484 243051.13 1189530.00
1484942474089 170 0 1 196.000 -0.484 239530.00 1114530.00
1484942474092 171 0 1 196.000 -0.484 243051.13 1189530.00
1484942474097 172 0 1 196.000 -0.484 239530.00 1114530.00
1484942474100 173 0 1 196.000 -0.484 239530.00 1114530.00
1484942474104 174 0 1 196.000 -0.484 243051.13 1189530.00
1484942474107 175 0 1 196.000 -0.484 239530.00 1114530.00
1484942474111 176 0 1 196.000 -0.484 243051.13 1189530.00
1484942474114 177 0 1 196.000 -0.484 243051.13 1114530.00
1484942474117 178 0 1 196.000 -0.484 239530.00 1189530.00
1484942474121 179 0 1 196.000 -0.484 239530.00 1114530.00
1484942474124 180 0 1 196.000 -0.484 246672.86 1114530.00
1484942474128 181 0 1 196.000 -0.484 239530.00 1114530.00
1484942474131 182 0 1 196.000 -0.484 239530.00 1189530.00
1484942474134 183 0 1 196.000 -0.484 239530.00 1189530.00
1484942474138 184 0 1 196.000 -0.484 236105.34 1114530.00
1484942474141 185 0 1 196.000 -0.484 243051.13 1189530.00
1484942474145 186 0 1 196.000 -0.484 239530.00 1048353.53
1484942474148 187 0 1 196.000 -0.484 239530.00 1114530.00
1484942474152 188 0 1 196.000 -0.484 246672.86 1275244.29
1484942474155 189 0 1 196.000 -0.484 239530.00 1275244.29
1484942474159 190 0 1 196.000 -0.484 239530.00 1189530.00
1484942474162 191 0 1 196.000 -0.484 239530.00 1114530.00
1484942474165 192 0 1 196.000 -0.484 239530.00 1189530.00
1484942474169 193 0 1 196.000 -0.484 239530.00 1114530.00
1484942474172 194 0 1 196.000 -0.484 239530.00 1114530.00
1484942474176 195 0 1 196.000 -0.484 243051.13 1114530.00
1484942474179 196 0 1 196.000 -0.484 239530.00 1189530.00
1484942474182 197 0 1 196.000 -0.484 239530.00 1114530.00
1484942474186 198 0 1 196.000 -0.484 239530.00 1114530.00
1484942474189 199 0 1 196.000 -0.484 239530.00 1189530.00
1484942474193 200 0 1 196.000 -0.484 239530.00 1048353.53
1484942474196 201 0 1 196.000 -0.484 239530.00 1189530.00
1484942474199 202 0 1 196.000 -0.484 243051.13 1048353.53
1484942474203 203 0 1 196.000 -0.484 239530.00 1048353.53
1484942474206 204 0 1 196.000 -0.484 239530.00 1114530.00
1484942474209 205 0 1 196.000 -0.484 239530.00 1048353.53
1484942474213 206 0 1 196.000 -0.484 243051.13 1114530.00
1484942474216 207 0 1 196.000 -0.484 236105.34 1114530.00
1484942474220 208 0 1 196.000 -0.484 243051.13 1114530.00
1484942474223 209 0 1 196.000 -0.484 239530.00 1114530.00
1484942474226 210 0 1 196.000 -0.484 239530.00 1048353.53
1484942474230 211 0 1 196.000 -0.484 243051.13 1114530.00
1484942474233 212 0 1 196.000 -0.484 239530.00 1114530.00
1484942474237 213 0 1 196.000 -0.484 243051.13 1114530.00
1484942474243 214 0 1 196.000 -0.484 239530.00 1189530.00
1484942474246 215 0 2 196.000 -0.968 236105.34 1114530.00
1484942474250 216 0 2 196.000 -0.484 239530.00 1114530.00
1484942474253 217 0 2 196.000 -0.484 239530.00 1048353.53
1484942474256 218 0 2 196.000 -0.484 239530.00 1275244.29
1484942474260 219 0 2 196.000 -0.484 239530.00 1048353.53
1484942474263 220 0 2 196.000 -0.484 243051.13 1114530.00
1484942474266 221 0 2 196.000 -0.484 239530.00 1114530.00
1484942474272 222 0 2 196.000 -0.484 243051.13 1048353.53
1484942474276 223 0 2 196.000 -0.484 239530.00 1048353.53
1484942474279 224 0 2 196.000 -0.968 239530.00 1114530.00
1484942474283 225 0 2 196.000 -0.484 239530.00 1114530.00
1484942474286 226 0 2 196.000 -0.968 239530.00 1189530.00
1484942474289 227 0 2 196.000 -0.484 239530.00 1048353.53
1484942474293 228 0 2 196.000 -0.484 243051.13 1048353.53
1484942474296 229 0 2 196.000 -0.484 239530.00 1114530.00
1484942474302 230 0 2 196.000 -0.484 239530.00 1114530.00
1484942474305 231 0 2 196.000 -0.484 243051.13 1048353.53
1484942474309 232 0 2 196.000 -0.484 239530.00 1114530.00
1484942474312 233 0 2 196.000 -0.484 239530.00 1048353.53
1484942474316 234 0 2 196.000 -0.484 243051.13 1114530.00
1484942474319 235 0 2 196.000 -0.484 239530.00 1048353.53
1484942474322 236 0 2 196.000 -0.484 239530.00 1048353.53
1484942474326 237 0 2 196.000 -0.484 239530.00 1114530.00
1484942474329 238 0 2 196.000 -0.484 236105.34 1048353.53
1484942474332 239 0 2 196.000 -0.484 243051.13 1114530.00
1484942474336 240 0 2 196.000 -0.484 239530.00 1048353.53
1484942474339 241 0 2 196.000 -0.484 239530.00 1189530.00
1484942474343 242 0 2 196.000 -0.484 239530.00 1048353.53
1484942474346 243 0 2 196.000 -0.484 239530.00 1048353.53
1484942474349 244 0 2 196.000 -0.484 239530.00 1114530.00
1484942474353 245 0 2 196.000 -0.484 243051.13 1048353.53
1484942474356 246 0 2 196.000 -0.484 239530.00 1048353.53
1484942474360 247 0 2 196.000 -0.484 239530.00 1114530.00
1484942474363 248 0 2 196.000 -0.484 239530.00 1048353.53
1484942474366 249 0 2 196.000 -0.484 243051.13 1114530.00
1484942474370 250 0 2 196.000 -0.484 243051.13 1048353.53
1484942474373 251 0 2 196.000 -0.484 239530.00 989530.00
1484942474377 252 0 2 196.000 -0.484 239530.00 1048353.53
1484942474380 253 0 2 196.000 -0.484 239530.00 1048353.53
1484942474383 254 0 2 196.000 -0.968 239530.00 1048353.53
1484942474387 255 0 2 196.000 -0.968 236105.34 989530.00
1484942474390 256 0 2 196.000 -0.484 239530.00 989530.00
1484942474394 257 0 2 196.000 -0.484 246672.86 989530.00
1484942474397 258 0 2 196.000 -0.484 243051.13 1189530.00
1484942474400 259 0 2 196.000 -0.484 239530.00 1114530.00
1484942474404 260 0 2 196.000 -0.484 243051.13 1048353.53
1484942474407 261 0 2 196.000 -0.484 239530.00 1048353.53
1484942474411 262 0 2 196.000 -0.484 239530.00 1048353.53
1484942474414 263 0 2 196.000 -0.484 243051.13 1048353.53
1484942474417 264 0 2 196.000 -0.484 243051.13 1048353.53
1484942474421 265 0 2 196.000 -0.484 243051.13 1048353.53
1484942474424 266 0 2 196.000 -0.484 236105.34 989530.00
1484942474428 267 0 2 196.000 -0.484 236105.34 1048353.53
1484942474431 268 0 2 196.000 -0.484 243051.13 1114530.00
1484942474434 269 0 2 196.000 -0.968 239530.00 1048353.53
1484942474438 270 0 2 196.000 -0.484 239530.00 989530.00
1484942474441 271 0 2 196.000 -0.484 236105.34 1114530.00
1484942474445 272 0 2 196.000 -0.484 239530.00 1048353.53
1484942474448 273 0 2 196.000 -0.484 239530.00 989530.00
1484942474451 274 0 2 196.000 -0.484 239530.00 1048353.53
1484942474455 275 0 2 196.000 -0.484 239530.00 989530.00
1484942474458 276 0 2 196.000 -0.484 243051.13 989530.00
1484942474461 277 0 2 196.000 -0.484 239530.00 1048353.53
1484942474465 278 0 2 196.000 -0.484 239530.00 989530.00
1484942474468 279 0 2 196.000 -0.484 232773.24 1048353.53
1484942474472 280 0 2 196.000 -0.484 239530.00 1048353.53
1484942474475 281 0 2 196.000 -0.968 239530.00 1048353.53
1484942474478 282 0 2 196.000 -0.484 239530.00 989530.00
1484942474482 283 0 2 196.000 -0.484 239530.00 1048353.53
1484942474485 284 0 2 196.000 -0.968 243051.13 1048353.53
1484942474489 285 0 2 196.000 -0.484 239530.00 989530.00
1484942474492 286 0 2 196.000 -0.484 239530.00 989530.00
1484942474496 287 0 2 196.000 -0.484 243051.13 989530.00
1484942474499 288 0 2 196.000 -0.484 239530.00 1048353.53
1484942474502 289 0 2 196.000 -0.484 239530.00 1048353.53
1484942474506 290 0 2 196.000 -0.484 239530.00 1114530.00
1484942474509 291 0 2 196.000 -0.484 239530.00 1048353.53
1484942474513 292 0 2 196.000 -0.484 239530.00 1048353.53
1484942474516 293 0 2 196.000 -0.484 239530.00 989530.00
1484942474520 294 0 2 196.000 -0.484 239530.00 1048353.53
1484942474524 295 0 2 196.000 -0.484 236105.34 1048353.53
1484942474527 296 0 2 196.000 -0.484 232773.24 1048353.53
1484942474530 297 0 2 196.000 -0.484 239530.00 1048353.53
1484942474534 298 0 2 196.000 -0.484 243051.13 989530.00
1484942474537 299 0 2 196.000 -0.484 243051.13 989530.00
1484942474541 300 0 2 196.000 -0.484 239530.00 1048353.53
1484942474544 301 0 2 196.000 -0.484 243051.13 989530.00
1484942474547 302 0 2 196.000 -0.484 239530.00 1048353.53
1484942474551 303 0 2 196.000 -0.484 239530.00 989530.00
1484942474554 304 0 2 196.000 -0.484 239530.00 989530.00
1484942474558 305 0 2 196.000 -0.484 239530.00 1048353.53
1484942474561 306 0 2 196.000 -0.484 239530.00 989530.00
1484942474564 307 0 2 196.000 -0.484 243051.13 1048353.53
1484942474568 308 0 2 196.000 -0.484 243051.13 1048353.53
1484942474571 309 0 2 196.000 -0.484 239530.00 1048353.53
1484942474574 310 0 2 196.000 -0.484 239530.00 1048353.53
1484942474578 311 0 2 196.000 -0.484 239530.00 1048353.53
1484942474581 312 0 2 196.000 -0.484 239530.00 989530.00
1484942474585 313 0 2 196.000 -0.484 239530.00 989530.00
1484942474588 314 0 2 196.000 -0.484 239530.00 1048353.53
1484942474591 315 0 2 196.000 -0.484 239530.00 989530.00
1484942474595 316 0 2 196.000 -0.484 239530.00 989530.00
1484942474598 317 0 2 196.000 -0.484 239530.00 1114530.00
1484942474602 318 0 2 196.000 -0.484 239530.00 1048353.53
1484942474605 319 0 2 196.000 -0.484 239530.00 1048353.53
1484942474608 320 0 2 196.000 -0.484 239530.00 1048353.53
1484942474612 321 0 2 196.000 -0.484 236105.34 1114530.00
1484942474615 322 0 2 196.000 -0.484 236105.34 989530.00
1484942474618 323 0 2 196.000 -0.484 243051.13 989530.00
1484942474622 324 0 2 196.000 -0.484 239530.00 1048353.53
1484942474625 325 0 2 196.000 -0.484 239530.00 936898.42
1484942474629 326 0 2 196.000 -0.484 236105.34 1048353.53
1484942474632 327 0 2 196.000 -0.484 236105.34 989530.00
1484942474635 328 0 2 196.000 -0.484 239530.00 989530.00
1484942474639 329 0 2 196.000 -0.484 239530.00 989530.00
1484942474642 330 0 2 196.000 -0.484 239530.00 989530.00
1484942474646 331 0 2 196.000 -0.484 239530.00 1048353.53
1484942474649 332 0 2 196.000 -0.484 236105.34 989530.00
1484942474652 333 0 2 196.000 -0.968 239530.00 1114530.00
1484942474656 334 0 2 196.000 -0.484 239530.00 1048353.53
1484942474659 335 0 2 196.000 -0.968 239530.00 989530.00
1484942474663 336 0 2 196.000 -0.484 243051.13 1048353.53
1484942474666 337 0 2 196.000 -0.484 239530.00 989530.00
1484942474670 338 0 2 196.000 -0.484 243051.13 1048353.53
1484942474673 339 0 2 196.000 -0.484 239530.00 1048353.53
1484942474676 340 0 2 196.000 -0.968 239530.00 1048353.53
1484942474680 341 0 2 196.000 -0.484 239530.00 1048353.53
1484942474683 342 0 2 196.000 -0.484 239530.00 989530.00
1484942474686 343 0 2 196.000 -0.484 239530.00 1114530.00
1484942474690 344 0 2 196.000 -0.484 239530.00 989530.00
1484942474693 345 0 2 196.000 -0.484 236105.34 1048353.53
1484942474697 346 0 2 196.000 -0.484 239530.00 989530.00
1484942474700 347 0 2 196.000 -0.484 239530.00 936898.42
1484942474703 348 0 2 196.000 -0.484 239530.00 989530.00
1484942474707 349 0 2 196.000 -0.484 239530.00 1048353.53
1484942474710 350 0 2 196.000 -0.968 236105.34 1048353.53
1484942474714 351 0 2 196.000 -0.484 239530.00 936898.42
1484942474717 352 0 2 196.000 -0.484 232773.24 989530.00
1484942474720 353 0 2 196.000 -0.484 236105.34 989530.00
1484942474724 354 0 2 196.000 -0.968 239530.00 989530.00
1484942474727 355 0 2 196.000 -0.484 239530.00 989530.00
1484942474731 356 0 2 196.000 -0.484 239530.00 1048353.53
1484942474734 357 0 2 196.000 -0.484 239530.00 989530.00
1484942474738 358 0 2 196.000 -0.484 229530.00 989530.00
1484942474741 359 0 2 196.000 -0.484 239530.00 989530.00
1484942474744 360 0 2 196.000 -0.484 236105.34 989530.00
1484942474748 361 1 2 196.000 -0.484 239530.00 936898.42
1484942474752 362 1 1 196.000 -0.484 232773.24 989530.00
1484942474755 363 1 1 196.000 -0.484 236105.34 1048353.53
1484942474758 364 1 1 196.000 -0.484 236105.34 989530.00
1484942474769 365 1 1 196.000 -0.484 232773.24 989530.00
1484942474773 366 1 1 196.000 -0.484 236105.34 989530.00
1484942474776 367 1 1 196.000 -0.484 239530.00 989530.00
1484942474786 368 1 1 196.000 -0.484 239530.00 989530.00
1484942474793 369 1 1 196.000 -0.484 236105.34 889530.00
1484942474802 370 1 1 196.000 -0.484 243051.13 889530.00
1484942474807 371 1 1 196.000 -0.484 246672.86 936898.42
1484942474812 372 1 1 196.000 -0.968 239530.00 846672.86
1484942474819 373 1 1 196.000 -0.968 243051.13 889530.00
1484942474823 374 1 1 196.000 -0.484 243051.13 889530.00
1484942474826 375 1 1 196.000 -0.484 243051.13 889530.00
1484942474830 376 1 1 196.000 -0.968 243051.13 889530.00
1484942474834 377 1 1 196.000 -0.968 243051.13 846672.86
1484942474837 378 1 1 196.000 -0.968 239530.00 807711.82
1484942474840 379 1 1 196.000 -0.484 239530.00 889530.00
1484942474844 380 1 1 196.000 -0.484 239530.00 846672.86
1484942474847 381 1 1 196.000 0.000 239530.00 889530.00
1484942474851 382 1 1 196.000 -0.484 236105.34 889530.00
1484942474854 383 1 1 196.000 17.416 246672.86 936898.42
1484942474867 384 1 1 196.000 11.610 239530.00 846672.86
1484942474878 385 1 1 196.000 0.968 239530.00 846672.86
1484942474899 386 1 1 196.000 -0.484 243051.13 889530.00
1484942474904 387 1 1 196.000 -0.968 243051.13 889530.00
1484942474908 388 1 1 196.000 -0.968 239530.00 846672.86
1484942474916 389 1 1 196.000 -0.484 239530.00 846672.86
1484942474921 390 1 1 196.000 -0.484 239530.00 889530.00
1484942474928 391 1 1 196.000 -0.968 243051.13 846672.86
1484942474937 392 1 1 196.000 -0.484 239530.00 846672.86
1484942474947 393 1 1 196.000 -0.484 239530.00 846672.86
1484942474953 394 1 1 196.000 -0.968 236105.34 846672.86
1484942474959 395 1 1 196.000 -0.968 232773.24 807711.82
1484942474965 396 1 1 196.000 -0.968 236105.34 846672.86
1484942474972 397 1 1 196.000 -0.484 236105.34 846672.86
1484942474980 398 1 1 196.000 -0.968 239530.00 846672.86
1484942474983 399 1 1 196.000 -0.484 232773.24 846672.86
1484942474987 400 1 1 196.000 -0.968 239530.00 846672.86
1484942474990 401 1 1 196.000 -0.484 232773.24 846672.86
1484942474993 402 1 1 196.000 -0.484 232773.24 846672.86
1484942474997 403 1 1 196.000 -0.968 232773.24 846672.86
1484942475000 404 1 1 196.000 -0.968 239530.00 846672.86
1484942475003 405 1 1 196.000 -0.484 232773.24 807711.82
1484942475007 406 1 1 196.000 -0.968 232773.24 807711.82
1484942475010 407 1 1 196.000 -0.968 232773.24 846672.86
1484942475014 408 1 1 196.000 -0.968 232773.24 846672.86
1484942475017 409 1 1 196.000 -0.484 236105.34 846672.86
1484942475020 410 1 1 196.000 -0.968 236105.34 846672.86
1484942475024 411 1 1 196.000 -0.484 232773.24 772138.70
1484942475027 412 1 1 196.000 -0.484 239530.00 846672.86
1484942475031 413 1 1 196.000 -0.968 232773.24 846672.86
1484942475034 414 1 1 196.000 -0.968 232773.24 807711.82
1484942475037 415 1 1 196.000 -0.484 232773.24 807711.82
1484942475041 416 1 1 196.000 -0.968 232773.24 807711.82
1484942475044 417 1 1 196.000 -0.968 232773.24 846672.86
1484942475048 418 1 1 196.000 -0.968 232773.24 846672.86
1484942475051 419 1 1 196.000 -0.484 232773.24 846672.86
1484942475054 420 1 1 196.000 -0.968 232773.24 807711.82
1484942475058 421 1 1 196.000 -0.484 236105.34 846672.86
1484942475061 422 1 1 196.000 -0.484 232773.24 772138.70
1484942475065 423 1 1 196.000 -0.968 232773.24 846672.86
1484942475068 424 1 1 196.000 -0.484 232773.24 807711.82
1484942475071 425 1 1 196.000 -0.484 232773.24 846672.86
1484942475075 426 1 1 196.000 -0.968 232773.24 846672.86
1484942475078 427 1 1 196.000 -0.968 232773.24 807711.82
1484942475082 428 1 1 196.000 -0.968 232773.24 846672.86
1484942475085 429 1 1 196.000 -0.968 236105.34 807711.82
1484942475088 430 1 1 196.000 -0.968 229530.00 807711.82
1484942475092 431 1 1 196.000 -0.968 229530.00 772138.70
1484942475095 432 1 1 196.000 -0.968 229530.00 807711.82
1484942475099 433 1 1 196.000 -0.968 226372.11 807711.82
1484942475102 434 1 1 196.000 -0.968 223296.23 807711.82
1484942475105 435 1 1 196.000 -0.968 220299.23 739530.00
1484942475109 436 1 1 196.000 -0.484 220299.23 709530.00
1484942475112 437 1 1 196.000 -0.484 211752.22 632387.14
1484942475116 438 1 1 196.000 -0.968 209042.20 610219.66
1484942475119 439 1 1 196.000 -0.484 206397.47 739530.00
1484942475122 440 1 1 196.000 -0.484 177030.00 534984.55
1484942475126 441 1 1 196.000 -0.968 144702.41 46312.33
1484942475129 442 1 1 196.000 -0.484 91224.92 24212.08
1484942475133 443 1 1 196.000 50.796 59297.44 19630.33
1484942475143 444 1 1 196.000 49.828 33647.65 12577.38
1484942475147 445 1 1 196.000 59.020 25244.29 33864.98
1484942475158 446 1 1 196.000 87.079 16885.62 37402.34
1484942475162 447 1 1 196.000 96.754 14564.77 10460.23
1484942475171 448 1 1 196.000 119.007 12086.39 13756.11
1484942475182 449 1 1 196.000 138.358 10984.11 13276.70
1484942475186 450 1 1 196.000 120.942 10681.59 25244.29
1484942475191 451 1 1 196.000 122.877 10411.67 21388.41
1484942475197 452 1 1 196.000 133.037 10124.97 28831.31
1484942475200 453 1 1 196.000 147.066 9984.55 41403.20
1484942475204 454 1 1 196.000 133.037 9961.33 23174.86
1484942475207 455 1 1 196.000 121.426 10054.52 24893.46
1484942475210 456 1 1 196.000 111.267 10031.14 17523.78
1484942475214 457 1 1 196.000 115.137 9984.55 16597.67
1484942475217 458 1 1 196.000 127.715 9800.27 13691.07
1484942475221 459 1 1 196.000 136.423 9709.37 11454.48
1484942475224 460 1 1 196.000 134.488 9732.02 13626.39
1484942475227 461 1 1 196.000 123.361 9732.02 16927.26
1484942475231 462 1 1 196.000 115.621 9754.72 16638.43
1484942475234 463 1 1 196.000 115.621 9709.37 22316.89
1484942475238 464 1 1 196.000 121.910 9641.73 26952.04
1484942475241 465 1 1 196.000 127.715 9552.25 20299.23
1484942475244 466 1 1 196.000 129.650 9530.00 19782.10
1484942475248 467 1 1 196.000 126.264 9552.25 15769.07
1484942475251 468 1 1 196.000 120.942 9552.25 14917.87
1484942475255 469 1 1 196.000 119.007 9530.00 13245.42
1484942475258 470 1 1 196.000 119.007 9507.80 14634.60
1484942475261 471 1 1 196.000 120.459 9463.55 11697.49
1484942475265 472 1 1 196.000 124.329 9463.55 10857.01
1484942475268 473 1 1 196.000 124.329 9419.50 10460.23
1484942475272 474 1 1 196.000 124.329 9397.55 10387.47
1484942475275 475 1 1 196.000 120.459 9397.55 10124.97
1484942475278 476 1 1 196.000 118.524 9419.50 9984.55
1484942475282 477 1 1 196.000 117.556 9397.55 10484.60
1484942475285 478 1 1 196.000 119.975 9375.64 10731.41
1484942475289 479 1 1 196.000 122.877 9353.79 10509.02
1484942475292 480 1 1 196.000 124.813 9310.22 10582.63
1484942475295 481 1 1 196.000 123.361 9310.22 10363.33
1484942475299 482 1 1 196.000 118.524 9353.79 10806.60
1484942475302 483 1 1 196.000 115.137 9375.64 11086.89
1484942475306 484 1 1 196.000 115.621 9375.64 10363.33
1484942475309 485 1 1 196.000 121.910 9288.51 10219.66
1484942475313 486 1 1 196.000 125.780 9288.51 11164.62
1484942475316 487 1 1 196.000 124.813 9223.65 9915.05
1484942475319 488 1 1 196.000 118.524 9266.84 9552.25
1484942475323 489 1 1 196.000 113.686 9288.51 9485.65
1484942475326 490 1 1 196.000 113.686 9288.51 9223.65
1484942475330 491 1 1 196.000 119.007 9245.22 8905.67
1484942475333 492 1 1 196.000 124.329 9223.65 8968.44
1484942475336 493 1 1 196.000 125.296 9180.66 8947.48
1484942475340 494 1 1 196.000 120.459 9202.13 9073.97
1484942475343 495 1 1 196.000 115.621 9245.22 9664.23
1484942475347 496 1 1 196.000 113.686 9223.65 8884.84
1484942475350 497 1 1 196.000 115.621 9202.13 9010.52
1484942475353 498 1 1 196.000 119.975 9159.23 8989.46
1484942475357 499 1 1 196.000 123.361 9159.23 8989.46
1484942475360 500 1 1 196.000 122.394 9137.84 8597.80
1484942475364 501 1 1 196.000 118.040 9180.66 8358.45
1484942475367 502 1 1 196.000 114.653 9180.66 7916.11
1484942475370 503 1 1 196.000 114.653 9159.23 7785.58
1484942475374 504 1 1 196.000 117.072 9137.84 7730.20
1484942475377 505 1 1 196.000 120.459 9116.51 7748.62
1484942475381 506 1 1 196.000 121.426 9116.51 7748.62
1484942475384 507 1 1 196.000 119.975 9137.84 7711.82
1484942475387 508 1 1 196.000 116.588 9137.84 7584.16
1484942475391 509 1 1 196.000 115.621 9095.22 7530.00
1484942475394 510 1 1 196.000 115.621 9095.22 7404.88
1484942475398 511 1 1 196.000 117.072 9095.22 7334.15
1484942475401 512 1 1 196.000 119.491 9116.51 7440.45
1484942475404 513 1 1 196.000 119.491 9073.97 7494.07
1484942475408 514 1 1 196.000 118.524 9073.97 7512.02
1484942475411 515 1 1 196.000 116.588 9095.22 7748.62
1484942475415 516 1 1 196.000 115.621 9073.97 7748.62
1484942475418 517 1 1 196.000 116.588 9073.97 7730.20
1484942475421 518 1 1 196.000 117.072 9073.97 7638.65
1484942475425 519 1 1 196.000 118.040 9073.97 7656.89
1484942475428 520 1 1 196.000 117.556 9073.97 7693.47
1484942475432 521 1 1 196.000 117.072 9073.97 7711.82
1484942475435 522 1 1 196.000 116.588 9073.97 7711.82
1484942475439 523 1 1 196.000 116.588 9073.97 7638.65
1484942475443 524 1 1 196.000 117.072 9052.78 7748.62
1484942475446 525 1 1 196.000 118.040 9031.63 7785.58
1484942475449 526 1 1 196.000 117.556 9052.78 7878.62
1484942475453 527 1 1 196.000 117.072 9031.63 7991.54
1484942475456 528 1 1 196.000 116.105 9052.78 7916.11
1484942475460 529 1 1 196.000 115.621 9031.63 8378.17
1484942475463 530 1 1 196.000 116.105 9031.63 8182.85
1484942475466 531 1 1 196.000 117.072 9052.78 8067.59
1484942475470 532 1 1 196.000 117.556 9031.63 7953.75
1484942475473 533 1 1 196.000 117.072 9031.63 7897.35
1484942475476 534 1 1 196.000 116.105 9031.63 7972.62
1484942475480 535 1 1 196.000 115.137 9010.52 7934.91
1484942475483 536 1 1 196.000 115.137 9010.52 7972.62
1484942475487 537 1 1 196.000 116.105 9010.52 7972.62
1484942475490 538 1 1 196.000 117.556 9010.52 8067.59
1484942475493 539 1 1 196.000 117.072 9010.52 8048.52
1484942475497 540 1 1 196.000 116.105 9010.52 8067.59
1484942475500 541 1 1 196.000 114.653 9010.52 8163.54
1484942475504 542 1 1 196.000 115.137 9010.52 7878.62
1484942475507 543 1 1 196.000 115.621 8989.46 8029.49
1484942475510 544 1 1 196.000 116.588 8968.44 8048.52
1484942475514 545 1 1 196.000 116.588 8968.44 8086.70
1484942475517 546 1 1 196.000 116.105 8989.46 8125.04
1484942475520 547 1 1 196.000 115.621 8989.46 8010.49
1484942475524 548 1 1 196.000 115.137 8968.44 7991.54
1484942475527 549 1 1 196.000 115.621 8989.46 7916.11
1484942475531 550 1 1 196.000 116.105 8968.44 7934.91
1484942475534 551 1 1 196.000 115.621 8968.44 7822.68
1484942475537 552 1 1 196.000 115.621 8989.46 7711.82
1484942475541 553 1 1 196.000 115.137 8968.44 7822.68
1484942475544 554 1 1 196.000 115.621 8968.44 7916.11
1484942475548 555 1 1 196.000 115.621 8968.44 7841.29
1484942475551 556 1 1 196.000 115.621 8926.55 7841.29
1484942475555 557 1 1 196.000 115.621 8947.48 7972.62
1484942475558 558 1 1 196.000 115.621 8947.48 8125.04
1484942475561 559 1 1 196.000 115.621 8947.48 7878.62
1484942475565 560 1 1 196.000 115.621 8905.67 8048.52
1484942475568 561 1 1 196.000 115.137 8968.44 7897.35
1484942475572 562 1 1 196.000 115.137 8947.48 7897.35
1484942475575 563 1 1 196.000 115.137 8926.55 7953.75
1484942475578 564 1 1 196.000 115.621 8905.67 8417.72
1484942475582 565 1 1 196.000 115.621 8926.55 8319.14
1484942475585 566 1 1 196.000 115.621 8926.55 8437.56
1484942475588 567 1 1 196.000 115.137 8947.48 8638.28
1484942475592 568 1 1 196.000 115.137 8947.48 7878.62
1484942475595 569 1 1 196.000 115.137 8905.67 7404.88
1484942475599 570 1 1 196.000 115.621 8905.67 7584.16
1484942475602 571 1 1 196.000 115.621 8926.55 7548.02
1484942475605 572 1 1 196.000 115.621 8926.55 7512.02
1484942475609 573 1 1 196.000 115.621 8926.55 7512.02
1484942475612 574 1 1 196.000 115.137 8926.55 7804.11
1484942475616 575 1 1 196.000 115.137 8926.55 7972.62
1484942475631 576 1 1 196.000 114.653 8905.67 7972.62
1484942475635 577 1 1 196.000 114.653 8905.67 8241.02
1484942475638 578 1 1 196.000 115.137 8884.84 8241.02
1484942475642 579 1 1 196.000 115.621 8905.67 8517.34
1484942475645 580 1 1 196.000 115.137 8905.67 8658.59
1484942475649 581 1 1 196.000 115.137 8905.67 9530.00
1484942475652 582 1 1 196.000 114.653 8884.84 9823.12
1484942475655 583 1 1 196.000 114.653 8884.84 9031.63
1484942475659 584 1 1 196.000 114.653 8905.67 8905.67
1484942475662 585 1 1 196.000 115.137 8884.84 9180.66
1484942475666 586 1 1 196.000 114.653 8884.84 8048.52
1484942475669 587 1 1 196.000 114.653 8884.84 7584.16
1484942475672 588 1 1 196.000 114.653 8864.05 7656.89
1484942475676 589 1 1 196.000 114.653 8884.84 7675.16
1484942475679 590 1 1 196.000 114.653 8884.84 7476.16
1484942475683 591 1 1 196.000 114.653 8864.05 7512.02
1484942475686 592 1 1 196.000 114.653 8884.84 7656.89
1484942475689 593 1 1 196.000 114.653 8864.05 7548.02
1484942475693 594 1 1 196.000 114.653 8843.30 7602.29
1484942475696 595 1 1 196.000 114.653 8864.05 7711.82
1484942475699 596 1 1 196.000 114.653 8884.84 7566.07
1484942475703 597 1 1 196.000 114.653 8843.30 7638.65
1484942475706 598 1 1 196.000 114.653 8864.05 7584.16
1484942475710 599 1 1 196.000 114.653 8864.05 7767.08
1484942475713 600 1 1 196.000 114.653 8864.05 7953.75
1484942475716 601 1 1 196.000 114.653 8843.30 7878.62
1484942475720 602 1 1 196.000 114.653 8843.30 7972.62
1484942475723 603 1 1 196.000 114.170 8864.05 8067.59
1484942475727 604 1 1 196.000 114.653 8843.30 8557.48
1484942475730 605 1 1 196.000 114.653 8843.30 8477.37
1484942475733 606 1 1 196.000 114.653 8843.30 8719.77
1484942475737 607 1 1 196.000 114.170 8864.05 8968.44
1484942475740 608 1 1 196.000 114.170 8864.05 9095.22
1484942475744 609 1 1 196.000 114.170 8843.30 9709.37
1484942475747 610 1 1 196.000 114.653 8843.30 8781.34
1484942475750 611 1 1 196.000 114.653 8822.60 8678.94
1484942475754 612 1 1 196.000 114.653 8843.30 8884.84
1484942475757 613 1 2 196.000 114.170 8843.30 8260.49
1484942475761 614 1 2 196.000 114.653 8843.30 8029.49
1484942475764 615 1 2 196.000 114.170 8822.60 8260.49
1484942475767 616 1 2 196.000 114.653 8843.30 8658.59
1484942475771 617 1 2 196.000 114.170 8822.60 8905.67
1484942475774 618 1 2 196.000 114.170 8843.30 9223.65
1484942475778 619 1 2 196.000 114.653 8843.30 8801.95
1484942475781 620 1 2 196.000 114.170 8843.30 8417.72
1484942475784 621 1 2 196.000 114.170 8843.30 9052.78
1484942475788 622 1 2 196.000 114.170 8822.60 8597.80
1484942475791 623 1 2 196.000 113.686 8822.60 8719.77
1484942475795 624 1 2 196.000 112.718 8822.60 8989.46
1484942475798 625 1 2 196.000 112.235 8843.30 8260.49
1484942475801 626 1 2 196.000 111.267 8843.30 8477.37
1484942475805 627 1 2 196.000 110.783 8843.30 9245.22
1484942475808 628 1 2 196.000 110.299 8843.30 8144.27
1484942475812 629 1 2 196.000 104.978 8884.84 10267.33
1484942475815 630 1 2 196.000 89.014 9245.22 20351.92
1484942475818 631 1 2 196.000 73.049 10077.95 21501.58
1484942475822 632 1 2 196.000 58.536 11164.62 26189.88
1484942475825 633 1 2 196.000 44.991 12606.92 9331.98
1484942475829 634 1 2 196.000 33.380 14391.88 12696.02
1484942475832 635 1 2 196.000 22.737 17137.36 82313.51
1484942475835 636 1 2 196.000 12.578 20725.84 28745.69
1484942475839 637 1 2 196.000 3.386 24963.07 27746.56
1484942475846 638 1 2 196.000 -0.968 37787.37 64218.80
1484942475850 639 1 2 196.000 -0.968 46672.86 71721.78
1484942475853 640 1 2 196.000 -0.484 67790.87 137070.98
1484942475864 641 1 2 196.000 -0.484 101331.24 243051.13
1484942475868 642 1 2 196.000 -0.968 118101.43 398620.91
1484942475876 643 1 2 196.000 -0.968 147424.74 489530.00
1484942475885 644 1 2 196.000 -0.968 154667.61 489530.00
1484942475891 645 1 2 196.000 -0.968 173203.47 552030.00
1484942475896 646 1 2 196.000 -0.484 185182.17 632387.14
1484942475902 647 1 2 196.000 -0.968 194075.45 589530.00
1484942475905 648 1 2 196.000 -0.968 203815.71 739530.00
1484942475909 649 1 2 196.000 -0.968 206397.47 739530.00
1484942475912 650 1 2 196.000 -0.968 214530.00 739530.00
1484942475916 651 1 2 196.000 -0.968 214530.00 772138.70
1484942475919 652 1 2 196.000 -0.968 226372.11 807711.82
1484942475923 653 1 2 196.000 -0.968 226372.11 807711.82
1484942475926 654 1 2 196.000 -0.968 232773.24 772138.70
1484942475930 655 1 2 196.000 -0.968 236105.34 846672.86
1484942475933 656 1 2 196.000 -0.484 239530.00 846672.86
1484942475936 657 1 2 196.000 -0.968 239530.00 846672.86
1484942475940 658 1 2 196.000 -0.484 239530.00 889530.00
1484942475943 659 1 2 196.000 -0.968 243051.13 807711.82
1484942475947 660 1 2 196.000 -0.968 246672.86 846672.86
1484942475950 661 1 2 196.000 -0.968 250399.57 889530.00
1484942475953 662 1 2 196.000 -0.968 254235.88 936898.42
1484942475957 663 1 2 196.000 -0.968 250399.57 936898.42
1484942475960 664 1 2 196.000 -0.968 254235.88 936898.42
1484942475963 665 1 2 196.000 -0.968 258186.72 936898.42
1484942475967 666 1 2 196.000 -0.484 254235.88 936898.42
1484942475970 667 1 2 196.000 -0.968 262257.27 936898.42
1484942475974 668 1 2 196.000 -0.484 262257.27 989530.00
1484942475977 669 1 2 196.000 -0.968 262257.27 989530.00
1484942475980 670 1 2 196.000 -0.968 266453.08 989530.00
1484942475984 671 1 2 196.000 -0.484 262257.27 989530.00
1484942475987 672 1 2 196.000 -0.968 270780.00 989530.00
1484942475991 673 1 2 196.000 -0.484 262257.27 1048353.53
1484942475994 674 1 2 196.000 -0.484 270780.00 936898.42
1484942475997 675 1 2 196.000 -0.968 275244.29 989530.00
1484942476001 676 1 2 196.000 -0.484 270780.00 1048353.53
1484942476004 677 1 2 196.000 -0.484 275244.29 1048353.53
1484942476008 678 1 2 196.000 -0.968 284611.97 1048353.53
1484942476011 679 1 2 196.000 -0.484 279852.58 1048353.53
1484942476014 680 1 2 196.000 -0.484 279852.58 1048353.53
1484942476018 681 1 2 196.000 -0.484 279852.58 1048353.53
1484942476021 682 1 2 196.000 -0.968 275244.29 989530.00
1484942476025 683 1 2 196.000 -0.484 289530.00 936898.42
1484942476028 684 1 2 196.000 -0.968 289530.00 989530.00
1484942476031 685 1 2 196.000 -0.484 289530.00 989530.00
1484942476035 686 1 2 196.000 -0.484 294614.75 989530.00
1484942476038 687 1 2 196.000 -0.968 289530.00 989530.00
1484942476041 688 1 2 196.000 -0.968 289530.00 1114530.00
1484942476045 689 1 2 196.000 -0.968 294614.75 989530.00
1484942476048 690 1 2 196.000 -0.968 299874.83 1048353.53
1484942476052 691 1 2 196.000 -0.968 299874.83 1048353.53
1484942476055 692 1 2 196.000 -0.484 294614.75 1048353.53
1484942476058 693 1 2 196.000 -0.484 299874.83 1048353.53
1484942476062 694 1 2 196.000 -0.968 294614.75 1114530.00
1484942476065 695 1 2 196.000 -0.968 299874.83 1048353.53
1484942476069 696 1 2 196.000 -0.968 294614.75 1048353.53
1484942476072 697 1 2 196.000 -0.968 294614.75 1048353.53
1484942476075 698 1 2 196.000 -0.968 294614.75 1048353.53
1484942476079 699 1 2 196.000 -0.968 299874.83 989530.00
1484942476082 700 1 2 196.000 -0.484 294614.75 1114530.00
1484942476086 701 1 2 196.000 -0.968 294614.75 989530.00
1484942476089 702 1 2 196.000 -0.968 294614.75 1189530.00
1484942476092 703 1 2 196.000 -0.968 294614.75 1189530.00
1484942476096 704 1 2 196.000 -0.968 294614.75 1189530.00
1484942476099 705 1 2 196.000 -0.968 299874.83 1114530.00
1484942476102 706 1 2 196.000 -0.484 299874.83 1048353.53
1484942476106 707 1 2 196.000 -0.968 294614.75 1114530.00
1484942476109 708 1 2 196.000 -0.968 289530.00 1114530.00
1484942476113 709 1 2 196.000 -0.968 299874.83 1048353.53
1484942476116 710 1 2 196.000 -0.484 299874.83 1114530.00
1484942476119 711 1 2 196.000 -0.968 299874.83 1189530.00
1484942476123 712 1 2 196.000 -0.968 294614.75 1048353.53
1484942476126 713 1 2 196.000 -0.968 294614.75 1114530.00
1484942476130 714 1 2 196.000 -0.968 289530.00 1114530.00
1484942476133 715 1 2 196.000 -0.968 294614.75 1114530.00
1484942476136 716 1 2 196.000 -0.484 294614.75 1048353.53
1484942476140 717 1 2 196.000 -0.968 289530.00 1114530.00
1484942476143 718 1 2 196.000 -0.484 294614.75 1114530.00
1484942476153 719 1 2 196.000 -0.968 289530.00 1189530.00
1484942476158 720 1 2 196.000 -0.968 289530.00 1275244.29
1484942476170 721 1 2 196.000 -0.968 284611.97 1114530.00
1484942476175 722 1 2 196.000 -0.968 294614.75 1114530.00
1484942476179 723 1 2 196.000 -0.968 284611.97 1189530.00
1484942476186 724 1 2 196.000 -0.968 294614.75 1189530.00
1484942476193 725 1 2 196.000 -0.968 289530.00 989530.00
1484942476198 726 1 2 196.000 -0.484 289530.00 989530.00
1484942476202 727 1 2 196.000 -0.484 289530.00 846672.86
1484942476210 728 1 2 196.000 -0.968 284611.97 1189530.00
1484942476216 729 1 2 196.000 -0.484 294614.75 1189530.00
1484942476225 730 1 2 196.000 -0.484 275244.29 1048353.53
1484942476231 731 1 2 196.000 -0.484 279852.58 1114530.00
1484942476234 732 1 2 196.000 -0.484 279852.58 1048353.53
1484942476238 733 1 2 196.000 -0.484 279852.58 1048353.53
1484942476241 734 1 2 196.000 -0.484 279852.58 1114530.00
1484942476244 735 1 2 196.000 -0.484 279852.58 1114530.00
1484942476248 736 1 2 196.000 -0.968 279852.58 1114530.00
1484942476251 737 1 2 196.000 -0.484 279852.58 1114530.00
1484942476255 738 1 2 196.000 -0.484 284611.97 1048353.53
1484942476258 739 2 2 196.000 -0.484 279852.58 1114530.00
1484942476262 740 2 1 196.000 -0.484 279852.58 1048353.53
1484942476265 741 2 1 196.000 -0.484 275244.29 1189530.00
1484942476269 742 2 1 196.000 -0.968 270780.00 1189530.00
1484942476279 743 2 1 196.000 -0.484 275244.29 1114530.00
1484942476283 744 2 1 196.000 -0.484 275244.29 1114530.00
1484942476287 745 2 1 196.000 -0.484 270780.00 1114530.00
1484942476296 746 2 1 196.000 -0.484 275244.29 1048353.53
1484942476307 747 2 1 196.000 -0.968 279852.58 1048353.53
1484942476310 748 2 1 196.000 -0.484 270780.00 1114530.00
1484942476317 749 2 1 196.000 -0.968 279852.58 989530.00
1484942476321 750 2 1 196.000 -0.968 266453.08 989530.00
1484942476324 751 2 1 196.000 -0.484 266453.08 989530.00
1484942476328 752 2 1 196.000 -0.968 262257.27 1048353.53
1484942476331 753 2 1 196.000 -0.968 266453.08 989530.00
1484942476335 754 2 1 196.000 -0.484 270780.00 989530.00
1484942476338 755 2 1 196.000 -0.968 275244.29 1048353.53
1484942476341 756 2 1 196.000 -0.968 270780.00 1048353.53
1484942476345 757 2 1 196.000 -0.968 266453.08 1048353.53
1484942476348 758 2 1 196.000 -0.484 270780.00 1048353.53
1484942476352 759 2 1 196.000 -0.484 270780.00 989530.00
1484942476355 760 2 1 196.000 -0.968 279852.58 989530.00
1484942476359 761 2 1 196.000 7.257 275244.29 989530.00
1484942476370 762 2 1 196.000 0.968 270780.00 1048353.53
1484942476393 763 2 1 196.000 -0.968 266453.08 1189530.00
1484942476402 764 2 1 196.000 -0.968 266453.08 1114530.00
1484942476408 765 2 1 196.000 -0.968 266453.08 1275244.29
1484942476417 766 2 1 196.000 -0.484 266453.08 1275244.29
1484942476422 767 2 1 196.000 -0.968 266453.08 989530.00
1484942476429 768 2 1 196.000 -0.968 266453.08 1114530.00
1484942476433 769 2 1 196.000 -0.968 258186.72 1114530.00
1484942476443 770 2 1 196.000 -0.968 262257.27 989530.00
1484942476452 771 2 1 196.000 -0.968 262257.27 1275244.29
1484942476457 772 2 1 196.000 -0.968 254235.88 1048353.53
1484942476467 773 2 1 196.000 -0.968 258186.72 1114530.00
1484942476470 774 2 1 196.000 -0.484 262257.27 1189530.00
1484942476477 775 2 1 196.000 -0.484 254235.88 1275244.29
1484942476481 776 2 1 196.000 -0.484 258186.72 1114530.00
1484942476484 777 2 1 196.000 -0.484 254235.88 1114530.00
1484942476487 778 2 1 196.000 -0.484 266453.08 1114530.00
1484942476491 779 2 1 196.000 -0.484 262257.27 1114530.00
1484942476494 780 2 1 196.000 -0.484 258186.72 1114530.00
1484942476498 781 2 1 196.000 -0.968 262257.27 1189530.00
1484942476501 782 2 1 196.000 -0.484 266453.08 1114530.00
1484942476504 783 2 1 196.000 -0.968 262257.27 1275244.29
1484942476508 784 2 1 196.000 -0.968 266453.08 1114530.00
1484942476511 785 2 1 196.000 -0.484 258186.72 1114530.00
1484942476515 786 2 1 196.000 -0.484 262257.27 1275244.29
1484942476518 787 2 1 196.000 -0.968 258186.72 1189530.00
1484942476521 788 2 1 196.000 -0.968 258186.72 1114530.00
1484942476525 789 2 1 196.000 -0.968 258186.72 1114530.00
1484942476528 790 2 1 196.000 -0.968 254235.88 1189530.00
1484942476531 791 2 1 196.000 -0.484 258186.72 1114530.00
1484942476535 792 2 1 196.000 -0.968 254235.88 1114530.00
1484942476538 793 2 1 196.000 -0.968 258186.72 1275244.29
1484942476542 794 2 1 196.000 -0.968 258186.72 1189530.00
1484942476545 795 2 1 196.000 -0.968 258186.72 1189530.00
1484942476549 796 2 1 196.000 -0.484 254235.88 1189530.00
1484942476552 797 2 1 196.000 -0.484 258186.72 1114530.00
1484942476555 798 2 1 196.000 -0.484 254235.88 1189530.00
1484942476559 799 2 1 196.000 -0.968 258186.72 1189530.00
1484942476562 800 2 1 196.000 -0.968 258186.72 1189530.00
1484942476566 801 2 1 196.000 -0.968 254235.88 1114530.00
1484942476569 802 2 1 196.000 -0.968 250399.57 1114530.00
1484942476572 803 2 1 196.000 -0.968 254235.88 1114530.00
1484942476576 804 2 1 196.000 -0.484 250399.57 1189530.00
1484942476579 805 2 1 196.000 -0.484 254235.88 1189530.00
1484942476582 806 2 1 196.000 -0.968 254235.88 1114530.00
1484942476586 807 2 1 196.000 -0.968 254235.88 1189530.00
1484942476589 808 2 1 196.000 -0.968 246672.86 1114530.00
1484942476593 809 2 1 196.000 -0.968 250399.57 1189530.00
1484942476596 810 2 1 196.000 -0.968 243051.13 1114530.00
1484942476599 811 2 1 196.000 -0.484 232773.24 1189530.00
1484942476603 812 2 1 196.000 -0.484 220299.23 989530.00
1484942476606 813 2 1 196.000 -0.968 175097.01 1048353.53
1484942476610 814 2 1 196.000 -0.484 217378.10 1189530.00
1484942476613 815 2 1 196.000 -0.968 191777.19 220299.23
1484942476616 816 2 1 196.000 -0.484 156196.67 43261.34
1484942476620 817 2 1 196.000 -0.484 70977.96 26567.04
1484942476623 818 2 1 196.000 7.257 50546.95 27186.90
1484942476635 819 2 1 196.000 62.890 27665.59 10831.78
1484942476646 820 2 1 196.000 84.176 17743.17 17699.01
1484942476649 821 2 1 196.000 92.400 14810.90 19680.75
1484942476653 822 2 1 196.000 101.108 11890.25 5953.36
1484942476663 823 2 1 196.000 124.813 11190.65 14953.73
1484942476670 824 2 1 196.000 138.358 10631.99 19580.08
1484942476675 825 2 1 196.000 121.910 10484.60 26490.99
1484942476682 826 2 1 196.000 120.942 10124.97 18101.43
1484942476686 827 2 1 196.000 133.037 9938.16 15466.60
1484942476689 828 2 1 196.000 144.647 9800.27 27827.87
1484942476693 829 2 1 196.000 131.102 9777.47 19680.75
1484942476696 830 2 1 196.000 119.007 9868.98 13626.39
1484942476700 831 2 1 196.000 108.848 9823.12 7785.58
1484942476703 832 2 1 196.000 113.686 9777.47 7584.16
1484942476707 833 2 1 196.000 125.780 9619.29 7108.12
1484942476710 834 2 1 196.000 133.037 9530.00 7281.48
1484942476713 835 2 1 196.000 133.520 9507.80 9223.65
1484942476717 836 2 1 196.000 120.459 9552.25 9938.16
1484942476720 837 2 1 196.000 113.686 9596.89 11862.51
1484942476723 838 2 1 196.000 113.202 9507.80 11061.10
1484942476727 839 2 1 196.000 119.975 9419.50 10267.33
1484942476730 840 2 1 196.000 125.780 9397.55 10148.56
1484942476734 841 2 1 196.000 127.715 9375.64 11164.62
1484942476737 842 2 1 196.000 124.813 9331.98 11534.89
1484942476741 843 2 1 196.000 118.524 9375.64 10731.41
1484942476744 844 2 1 196.000 116.105 9375.64 9596.89
1484942476747 845 2 1 196.000 115.621 9375.64 8699.33
1484942476751 846 2 1 196.000 118.524 9310.22 8397.92
1484942476754 847 2 1 196.000 123.361 9288.51 8477.37
1484942476757 848 2 1 196.000 124.329 9245.22 8926.55
1484942476761 849 2 1 196.000 122.394 9245.22 10958.57
1484942476764 850 2 1 196.000 118.040 9223.65 11779.69
1484942476768 851 2 1 196.000 115.621 9245.22 13059.41
1484942476771 852 2 1 196.000 115.621 9245.22 9530.00
1484942476774 853 2 1 196.000 119.007 9245.22 10781.48
1484942476778 854 2 1 196.000 122.877 9180.66 11295.42
1484942476781 855 2 1 196.000 124.329 9137.84 11697.49
1484942476785 856 2 1 196.000 121.426 9180.66 12001.91
1484942476788 857 2 1 196.000 116.105 9159.23 6954.98
1484942476791 858 2 1 196.000 112.718 9202.13 8378.17
1484942476795 859 2 1 196.000 113.686 9180.66 8926.55
1484942476798 860 2 1 196.000 119.975 9137.84 8457.44
1484942476801 861 2 1 196.000 124.329 9116.51 9010.52
1484942476805 862 2 1 196.000 123.845 9095.22 10101.43
1484942476808 863 2 1 196.000 117.556 9116.51 7566.07
1484942476812 864 2 1 196.000 111.751 9137.84 7073.86
1484942476815 865 2 1 196.000 111.267 9116.51 7458.29
1484942476819 866 2 1 196.000 117.556 9073.97 8822.60
1484942476822 867 2 1 196.000 123.361 9073.97 9485.65
1484942476826 868 2 1 196.000 124.329 9052.78 9732.02
1484942476829 869 2 1 196.000 119.007 9073.97 10731.41
1484942476832 870 2 1 196.000 113.686 9116.51 12666.25
1484942476836 871 2 1 196.000 111.751 9073.97 11615.89
1484942476840 872 2 1 196.000 115.137 9052.78 12430.76
1484942476843 873 2 1 196.000 119.491 9052.78 11890.25
1484942476847 874 2 1 196.000 121.910 9010.52 11697.49
1484942476850 875 2 1 196.000 120.459 9010.52 10706.47
1484942476853 876 2 1 196.000 116.105 9031.63 10484.60
1484942476857 877 2 1 196.000 112.718 9031.63 10958.57
1484942476860 878 2 1 196.000 113.202 9010.52 10631.99
1484942476863 879 2 1 196.000 116.105 8989.46 10907.67
1484942476867 880 2 1 196.000 119.491 8989.46 10656.76
1484942476870 881 2 1 196.000 120.459 8989.46 10857.01
1484942476874 882 2 1 196.000 118.040 8989.46 10267.33
1484942476877 883 2 1 196.000 115.137 8989.46 9375.64
1484942476880 884 2 1 196.000 113.686 9031.63 8740.25
1484942476884 885 2 1 196.000 114.170 8989.46 8477.37
1484942476887 886 2 1 196.000 116.105 8989.46 8378.17
1484942476891 887 2 1 196.000 119.007 8968.44 8338.78
1484942476894 888 2 1 196.000 118.524 8926.55 7991.54
1484942476897 889 2 1 196.000 116.588 8947.48 5790.16
1484942476901 890 2 1 196.000 115.137 8968.44 5587.09
1484942476904 891 2 1 196.000 114.170 8968.44 5530.00
1484942476907 892 2 1 196.000 115.137 8947.48 5389.03
1484942476911 893 2 1 196.000 116.105 8968.44 5236.81
1484942476914 894 2 1 196.000 117.072 8926.55 5236.81
1484942476918 895 2 1 196.000 116.588 8926.55 5236.81
1484942476921 896 2 1 196.000 116.105 8926.55 5319.47
1484942476924 897 2 1 196.000 115.137 8926.55 5236.81
1484942476928 898 2 1 196.000 115.137 8926.55 5182.17
1484942476931 899 2 1 196.000 115.621 8905.67 5195.80
1484942476935 900 2 1 196.000 116.105 8905.67 5087.48
1484942476938 901 2 1 196.000 116.105 8905.67 5047.24
1484942476941 902 2 1 196.000 115.621 8905.67 5060.63
1484942476945 903 2 1 196.000 115.137 8905.67 5291.82
1484942476948 904 2 1 196.000 114.653 8905.67 5236.81
1484942476952 905 2 1 196.000 115.137 8864.05 5278.03
1484942476955 906 2 1 196.000 115.621 8905.67 5114.42
1484942476958 907 2 1 196.000 116.105 8864.05 5047.24
1484942476962 908 2 1 196.000 115.621 8884.84 4993.92
1484942476965 909 2 1 196.000 115.137 8905.67 4875.27
1484942476968 910 2 1 196.000 113.686 8905.67 4888.36
1484942476972 911 2 1 196.000 114.170 8884.84 4849.15
1484942476975 912 2 1 196.000 115.137 8884.84 4823.12
1484942476979 913 2 1 196.000 116.105 8884.84 4836.12
1484942476982 914 2 1 196.000 115.621 8843.30 4862.20
1484942476985 915 2 1 196.000 115.137 8905.67 4862.20
1484942476989 916 2 1 196.000 113.686 8884.84 4849.15
1484942476992 917 2 1 196.000 113.686 8864.05 4836.12
1484942476996 918 2 1 196.000 114.653 8843.30 4823.12
1484942476999 919 2 1 196.000 115.621 8864.05 4810.14
1484942477002 920 2 1 196.000 115.621 8843.30 4784.24
1484942477006 921 2 1 196.000 115.137 8884.84 4810.14
1484942477009 922 2 1 196.000 114.653 8843.30 4823.12
1484942477013 923 2 1 196.000 114.170 8843.30 4862.20
1484942477016 924 2 1 196.000 114.170 8843.30 4849.15
1484942477019 925 2 1 196.000 114.653 8843.30 4849.15
1484942477023 926 2 1 196.000 115.137 8864.05 4862.20
1484942477026 927 2 1 196.000 114.653 8843.30 4888.36
1484942477030 928 2 1 196.000 114.170 8843.30 4914.62
1484942477033 929 2 1 196.000 113.686 8843.30 4914.62
1484942477036 930 2 1 196.000 114.170 8843.30 4901.48
1484942477040 931 2 1 196.000 114.170 8843.30 4901.48
1484942477043 932 2 1 196.000 114.653 8801.95 4888.36
1484942477046 933 2 1 196.000 114.170 8822.60 4888.36
1484942477050 934 2 1 196.000 114.170 8843.30 4888.36
1484942477053 935 2 1 196.000 114.170 8822.60 4875.27
1484942477057 936 2 1 196.000 114.170 8801.95 4914.62
1484942477060 937 2 1 196.000 114.170 8822.60 4927.78
1484942477063 938 2 1 196.000 114.170 8801.95 4967.39
1484942477067 939 2 1 196.000 114.653 8822.60 5007.21
1484942477070 940 2 1 196.000 114.170 8843.30 5100.93
1484942477074 941 2 1 196.000 114.170 8801.95 5114.42
1484942477077 942 2 1 196.000 113.686 8822.60 5195.80
1484942477081 943 2 1 196.000 113.686 8843.30 5264.27
1484942477084 944 2 1 196.000 114.170 8822.60 5403.02
1484942477087 945 2 1 196.000 114.653 8801.95 5487.45
1484942477091 946 2 1 196.000 114.653 8781.34 5644.59
1484942477094 947 2 1 196.000 114.170 8822.60 5760.84
1484942477097 948 2 1 196.000 114.170 8801.95 5983.38
1484942477101 949 2 1 196.000 113.686 8781.34 6321.04
1484942477104 950 2 1 196.000 114.170 8781.34 6754.88
1484942477108 951 2 1 196.000 114.653 8801.95 6887.76
1484942477111 952 2 1 196.000 114.653 8781.34 6938.12
1484942477114 953 2 1 196.000 114.170 8781.34 6721.98
1484942477118 954 2 1 196.000 114.170 8801.95 6607.80
1484942477121 955 2 1 196.000 113.686 8801.95 6336.72
1484942477125 956 2 1 196.000 113.686 8801.95 6181.25
1484942477128 957 2 1 196.000 114.170 8760.77 6043.76
1484942477131 958 2 1 196.000 114.170 8781.34 5968.36
1484942477135 959 2 1 196.000 114.170 8801.95 5878.77
1484942477138 960 2 1 196.000 113.686 8801.95 5863.94
1484942477142 961 2 1 196.000 113.686 8760.77 5804.86
1484942477145 962 2 1 196.000 114.170 8760.77 5804.86
1484942477148 963 2 1 196.000 114.170 8781.34 5834.35
1484942477152 964 2 1 196.000 114.170 8781.34 5804.86
1484942477155 965 2 1 196.000 113.686 8760.77 5819.59
1484942477159 966 2 1 196.000 113.686 8760.77 5849.13
1484942477162 967 2 1 196.000 113.686 8760.77 5923.44
1484942477165 968 2 1 196.000 113.686 8781.34 5938.39
1484942477169 969 2 1 196.000 113.686 8760.77 6043.76
1484942477172 970 2 1 196.000 114.170 8740.25 6089.34
1484942477176 971 2 1 196.000 113.686 8760.77 6058.93
1484942477179 972 2 1 196.000 114.170 8719.77 6119.86
1484942477182 973 2 1 196.000 113.686 8760.77 6181.25
1484942477186 974 2 1 196.000 113.686 8760.77 6181.25
1484942477189 975 2 1 196.000 113.686 8740.25 6196.67
1484942477192 976 2 1 196.000 113.686 8740.25 6336.72
1484942477196 977 2 1 196.000 113.686 8760.77 6495.13
1484942477199 978 2 1 196.000 113.686 8740.25 6527.17
1484942477203 979 2 1 196.000 113.686 8760.77 6447.29
1484942477206 980 2 1 196.000 113.686 8740.25 6837.69
1484942477209 981 2 1 196.000 114.170 8740.25 7125.31
1484942477213 982 2 1 196.000 113.686 8740.25 7369.44
1484942477216 983 2 1 196.000 114.170 8740.25 7785.58
1484942477220 984 2 1 196.000 114.170 8760.77 8597.80
1484942477223 985 2 1 196.000 114.170 8760.77 8202.20
1484942477226 986 2 1 196.000 113.686 8740.25 8618.02
1484942477230 987 2 1 196.000 113.686 8719.77 8105.85
1484942477233 988 2 1 196.000 114.170 8740.25 7934.91
1484942477236 989 2 1 196.000 113.686 8740.25 7638.65
1484942477240 990 2 1 196.000 113.686 8740.25 8163.54
1484942477243 991 2 1 196.000 113.686 8740.25 8202.20
1484942477247 992 2 1 196.000 113.686 8760.77 8557.48
1484942477250 993 2 1 196.000 113.686 8740.25 8477.37
1484942477253 994 2 1 196.000 113.686 8740.25 8822.60
1484942477257 995 2 1 196.000 113.686 8719.77 8801.95
1484942477260 996 2 1 196.000 113.686 8740.25 8801.95
1484942477264 997 2 1 196.000 113.686 8719.77 8843.30
1484942477267 998 2 2 196.000 113.686 8719.77 8968.44
1484942477270 999 2 2 196.000 113.686 8740.25 8905.67
1484942477274 1000 2 2 196.000 113.686 8719.77 8905.67
1484942477277 1001 2 2 196.000 113.686 8699.33 8905.67
1484942477281 1002 2 2 196.000 113.686 8719.77 8947.48
1484942477284 1003 2 2 196.000 113.686 8719.77 8947.48
1484942477287 1004 2 2 196.000 113.686 8740.25 9010.52
1484942477291 1005 2 2 196.000 113.202 8719.77 8864.05
1484942477294 1006 2 2 196.000 113.686 8699.33 8905.67
1484942477298 1007 2 2 196.000 113.686 8719.77 8760.77
1484942477301 1008 2 2 196.000 112.718 8699.33 8740.25
1484942477304 1009 2 2 196.000 111.751 8719.77 8926.55
1484942477308 1010 2 2 196.000 111.267 8699.33 8822.60
1484942477311 1011 2 2 196.000 110.299 8699.33 8801.95
1484942477315 1012 2 2 196.000 109.816 8719.77 8801.95
1484942477318 1013 2 2 196.000 109.332 8740.25 6971.86
1484942477321 1014 2 2 196.000 104.494 8760.77 18330.00
1484942477325 1015 2 2 196.000 89.014 9073.97 33113.54
1484942477328 1016 2 2 196.000 73.049 9846.03 28156.61
1484942477332 1017 2 2 196.000 59.020 10907.67 12171.51
1484942477335 1018 2 2 196.000 45.958 12343.69 43746.87
1484942477338 1019 2 2 196.000 33.864 14120.16 26264.69
1484942477342 1020 2 2 196.000 22.737 16802.73 47782.43
1484942477345 1021 2 2 196.000 13.546 20351.92 19530.00
1484942477349 1022 2 2 196.000 4.354 24617.72 27584.97
1484942477360 1023 2 2 196.000 -0.968 47594.52 103454.05
1484942477368 1024 2 2 196.000 -0.968 85274.68 209042.20
1484942477375 1025 2 2 196.000 -0.484 102030.00 289530.00
1484942477379 1026 2 2 196.000 -0.968 130155.00 398620.91
1484942477393 1027 2 2 196.000 -0.968 150244.29 451068.46
1484942477396 1028 2 2 196.000 -0.484 156196.67 489530.00
1484942477402 1029 2 2 196.000 -0.484 171348.18 534984.55
1484942477408 1030 2 2 196.000 -0.968 183078.39 589530.00
1484942477411 1031 2 2 196.000 -0.968 191777.19 589530.00
1484942477415 1032 2 2 196.000 -0.484 198832.33 610219.66
1484942477418 1033 2 2 196.000 -0.968 206397.47 656196.67
1484942477422 1034 2 2 196.000 -0.968 209042.20 656196.67
1484942477425 1035 2 2 196.000 -0.968 214530.00 656196.67
1484942477429 1036 2 2 196.000 -0.968 217378.10 656196.67
1484942477432 1037 2 2 196.000 -0.968 223296.23 709530.00
1484942477435 1038 2 2 196.000 -0.968 226372.11 709530.00
1484942477439 1039 2 2 196.000 -0.968 226372.11 739530.00
1484942477442 1040 2 2 196.000 -0.484 232773.24 772138.70
1484942477445 1041 2 2 196.000 -0.968 236105.34 772138.70
1484942477449 1042 2 2 196.000 -0.484 239530.00 772138.70
1484942477452 1043 2 2 196.000 -0.484 246672.86 807711.82
1484942477456 1044 2 2 196.000 -0.968 250399.57 772138.70
1484942477459 1045 2 2 196.000 -0.968 246672.86 846672.86
1484942477462 1046 2 2 196.000 -0.968 250399.57 807711.82
1484942477466 1047 2 2 196.000 -0.968 254235.88 846672.86
1484942477469 1048 2 2 196.000 -0.968 254235.88 807711.82
1484942477473 1049 2 2 196.000 -0.968 258186.72 936898.42
1484942477476 1050 2 2 196.000 -0.968 254235.88 889530.00
1484942477479 1051 2 2 196.000 -0.484 258186.72 846672.86
1484942477483 1052 2 2 196.000 -0.968 262257.27 889530.00
1484942477486 1053 2 2 196.000 -0.484 266453.08 889530.00
1484942477490 1054 2 2 196.000 -0.968 262257.27 846672.86
1484942477493 1055 2 2 196.000 -0.484 266453.08 889530.00
1484942477496 1056 2 2 196.000 -0.968 266453.08 936898.42
1484942477500 1057 2 2 196.000 -0.484 266453.08 936898.42
1484942477503 1058 2 2 196.000 -0.484 270780.00 889530.00
1484942477506 1059 2 2 196.000 -0.484 270780.00 989530.00
1484942477510 1060 2 2 196.000 -0.484 275244.29 989530.00
1484942477513 1061 2 2 196.000 -0.484 275244.29 936898.42
1484942477517 1062 2 2 196.000 -0.968 275244.29 936898.42
1484942477520 1063 2 2 196.000 -0.968 279852.58 936898.42
1484942477523 1064 2 2 196.000 -0.968 275244.29 989530.00
1484942477527 1065 2 2 196.000 -0.968 279852.58 989530.00
1484942477530 1066 2 2 196.000 -0.484 279852.58 989530.00
1484942477534 1067 2 2 196.000 -0.968 284611.97 936898.42
1484942477537 1068 2 2 196.000 -0.968 279852.58 989530.00
1484942477540 1069 2 2 196.000 -0.968 284611.97 989530.00
1484942477544 1070 2 2 196.000 -0.484 289530.00 936898.42
1484942477547 1071 2 2 196.000 -0.968 294614.75 989530.00
1484942477550 1072 2 2 196.000 -0.968 299874.83 989530.00
1484942477554 1073 2 2 196.000 -0.968 299874.83 989530.00
1484942477557 1074 2 2 196.000 -0.484 294614.75 989530.00
1484942477561 1075 2 2 196.000 -0.968 294614.75 989530.00
1484942477564 1076 2 2 196.000 -0.484 294614.75 989530.00
1484942477568 1077 2 2 196.000 -0.968 299874.83 989530.00
1484942477571 1078 2 2 196.000 -0.484 299874.83 989530.00
1484942477574 1079 2 2 196.000 -0.484 299874.83 989530.00
1484942477578 1080 2 2 196.000 -0.968 299874.83 989530.00
1484942477581 1081 2 2 196.000 -0.968 299874.83 936898.42
1484942477584 1082 2 2 196.000 -0.968 305319.47 989530.00
1484942477588 1083 2 2 196.000 -0.968 299874.83 1048353.53
1484942477591 1084 2 2 196.000 -0.968 299874.83 989530.00
1484942477595 1085 2 2 196.000 -0.484 299874.83 989530.00
1484942477598 1086 2 2 196.000 -0.968 299874.83 989530.00
1484942477601 1087 2 2 196.000 -0.484 294614.75 989530.00
1484942477605 1088 2 2 196.000 -0.968 294614.75 989530.00
1484942477608 1089 2 2 196.000 -0.484 294614.75 1048353.53
1484942477612 1090 2 2 196.000 -0.968 294614.75 989530.00
1484942477615 1091 2 2 196.000 -0.968 294614.75 989530.00
1484942477619 1092 2 2 196.000 -0.968 294614.75 989530.00
1484942477622 1093 2 2 196.000 -0.484 294614.75 1048353.53
1484942477625 1094 2 2 196.000 -0.968 299874.83 989530.00
1484942477629 1095 2 2 196.000 -0.968 294614.75 989530.00
1484942477632 1096 2 2 196.000 -0.968 299874.83 989530.00
1484942477636 1097 2 2 196.000 -0.968 299874.83 989530.00
1484942477639 1098 2 2 196.000 -0.484 289530.00 989530.00
1484942477642 1099 2 2 196.000 -0.968 294614.75 989530.00
1484942477646 1100 2 2 196.000 -0.968 289530.00 989530.00
1484942477649 1101 2 2 196.000 -0.968 289530.00 989530.00
1484942477652 1102 2 2 196.000 -0.968 289530.00 936898.42
1484942477656 1103 2 2 196.000 -0.968 289530.00 989530.00
1484942477659 1104 2 2 196.000 -0.968 294614.75 1048353.53
1484942477663 1105 2 2 196.000 -0.484 284611.97 989530.00
1484942477666 1106 2 2 196.000 -0.968 289530.00 1048353.53
1484942477669 1107 2 2 196.000 -0.484 279852.58 1048353.53
1484942477673 1108 2 2 196.000 -0.968 289530.00 1114530.00
1484942477676 1109 2 2 196.000 -0.968 289530.00 936898.42
1484942477680 1110 2 2 196.000 -0.968 284611.97 989530.00
1484942477683 1111 2 2 196.000 -0.484 284611.97 1114530.00
1484942477686 1112 2 2 196.000 -0.484 289530.00 1048353.53
1484942477690 1113 2 2 196.000 -0.968 284611.97 989530.00
1484942477693 1114 2 2 196.000 -0.484 289530.00 989530.00
1484942477696 1115 2 2 196.000 -0.968 284611.97 989530.00
1484942477700 1116 2 2 196.000 -0.484 289530.00 989530.00
1484942477703 1117 2 2 196.000 -0.968 294614.75 989530.00
1484942477707 1118 2 2 196.000 -0.968 294614.75 989530.00
1484942477710 1119 2 2 196.000 -0.484 284611.97 989530.00
1484942477714 1120 2 2 196.000 -0.968 294614.75 989530.00
1484942477717 1121 2 2 196.000 -0.968 294614.75 936898.42
1484942477721 1122 2 2 196.000 -0.968 289530.00 989530.00
1484942477724 1123 2 2 196.000 -0.968 289530.00 989530.00
1484942477727 1124 2 2 196.000 -0.968 289530.00 1048353.53
1484942477731 1125 2 2 196.000 -0.968 289530.00 989530.00
1484942477734 1126 2 2 196.000 -0.484 284611.97 989530.00
1484942477738 1127 2 2 196.000 -0.484 284611.97 989530.00
1484942477741 1128 2 2 196.000 -0.484 284611.97 989530.00
1484942477744 1129 2 2 196.000 -0.484 284611.97 989530.00
1484942477748 1130 2 2 196.000 -0.968 279852.58 989530.00
1484942477751 1131 2 2 196.000 -0.484 284611.97 989530.00
1484942477754 1132 2 2 196.000 -0.484 284611.97 1048353.53
1484942477758 1133 2 2 196.000 -0.968 279852.58 989530.00
1484942477761 1134 2 2 196.000 -0.968 279852.58 989530.00
1484942477765 1135 2 2 196.000 -0.484 279852.58 989530.00
1484942477768 1136 3 2 196.000 -0.484 279852.58 989530.00
