Determining if the pthread_create exist failed with the following output:
Change Dir: /root/foot_test_stand/build/CMakeFiles/CMakeTmp

Run Build Command:/usr/bin/make "cmTryCompileExec220828326/fast"
/usr/bin/make -f CMakeFiles/cmTryCompileExec220828326.dir/build.make CMakeFiles/cmTryCompileExec220828326.dir/build
make[1]: Entering directory `/root/foot_test_stand/build/CMakeFiles/CMakeTmp'
/usr/bin/cmake -E cmake_progress_report /root/foot_test_stand/build/CMakeFiles/CMakeTmp/CMakeFiles 1
Building C object CMakeFiles/cmTryCompileExec220828326.dir/CheckSymbolExists.c.o
/usr/bin/cc    -o CMakeFiles/cmTryCompileExec220828326.dir/CheckSymbolExists.c.o   -c /root/foot_test_stand/build/CMakeFiles/CMakeTmp/CheckSymbolExists.c
Linking C executable cmTryCompileExec220828326
/usr/bin/cmake -E cmake_link_script CMakeFiles/cmTryCompileExec220828326.dir/link.txt --verbose=1
/usr/bin/cc         CMakeFiles/cmTryCompileExec220828326.dir/CheckSymbolExists.c.o  -o cmTryCompileExec220828326 -rdynamic 
CMakeFiles/cmTryCompileExec220828326.dir/CheckSymbolExists.c.o: In function `main':
CheckSymbolExists.c:(.text+0x10): undefined reference to `pthread_create'
CheckSymbolExists.c:(.text+0x14): undefined reference to `pthread_create'
collect2: ld returned 1 exit status
make[1]: *** [cmTryCompileExec220828326] Error 1
make[1]: Leaving directory `/root/foot_test_stand/build/CMakeFiles/CMakeTmp'
make: *** [cmTryCompileExec220828326/fast] Error 2

File /root/foot_test_stand/build/CMakeFiles/CMakeTmp/CheckSymbolExists.c:
/* */
#include <pthread.h>

int main(int argc, char** argv)
{
  (void)argv;
#ifndef pthread_create
  return ((int*)(&pthread_create))[argc];
#else
  (void)argc;
  return 0;
#endif
}

Determining if the function pthread_create exists in the pthreads failed with the following output:
Change Dir: /root/foot_test_stand/build/CMakeFiles/CMakeTmp

Run Build Command:/usr/bin/make "cmTryCompileExec1563999846/fast"
/usr/bin/make -f CMakeFiles/cmTryCompileExec1563999846.dir/build.make CMakeFiles/cmTryCompileExec1563999846.dir/build
make[1]: Entering directory `/root/foot_test_stand/build/CMakeFiles/CMakeTmp'
/usr/bin/cmake -E cmake_progress_report /root/foot_test_stand/build/CMakeFiles/CMakeTmp/CMakeFiles 1
Building C object CMakeFiles/cmTryCompileExec1563999846.dir/CheckFunctionExists.c.o
/usr/bin/cc   -DCHECK_FUNCTION_EXISTS=pthread_create   -o CMakeFiles/cmTryCompileExec1563999846.dir/CheckFunctionExists.c.o   -c /usr/share/cmake-2.8/Modules/CheckFunctionExists.c
Linking C executable cmTryCompileExec1563999846
/usr/bin/cmake -E cmake_link_script CMakeFiles/cmTryCompileExec1563999846.dir/link.txt --verbose=1
/usr/bin/cc     -DCHECK_FUNCTION_EXISTS=pthread_create    CMakeFiles/cmTryCompileExec1563999846.dir/CheckFunctionExists.c.o  -o cmTryCompileExec1563999846 -rdynamic -lpthreads 
/usr/bin/ld: cannot find -lpthreads
collect2: ld returned 1 exit status
make[1]: Leaving directory `/root/foot_test_stand/build/CMakeFiles/CMakeTmp'
make[1]: *** [cmTryCompileExec1563999846] Error 1
make: *** [cmTryCompileExec1563999846/fast] Error 2


